[2024-10-18T23:31:54.651+0000] {processor.py:157} INFO - Started process (PID=105) to work on /home/airflow/.local/lib/python3.8/site-packages/airflow/example_dags/example_sensors.py
[2024-10-18T23:31:54.655+0000] {processor.py:829} INFO - Processing file /home/airflow/.local/lib/python3.8/site-packages/airflow/example_dags/example_sensors.py for tasks to queue
[2024-10-18T23:31:54.662+0000] {logging_mixin.py:151} INFO - [2024-10-18T23:31:54.658+0000] {dagbag.py:536} INFO - Filling up the DagBag from /home/airflow/.local/lib/python3.8/site-packages/airflow/example_dags/example_sensors.py
[2024-10-18T23:31:54.695+0000] {processor.py:839} INFO - DAG(s) dict_keys(['example_sensors']) retrieved from /home/airflow/.local/lib/python3.8/site-packages/airflow/example_dags/example_sensors.py
[2024-10-18T23:31:54.723+0000] {logging_mixin.py:151} INFO - [2024-10-18T23:31:54.723+0000] {dag.py:2941} INFO - Sync 1 DAGs
[2024-10-18T23:31:54.759+0000] {logging_mixin.py:151} INFO - [2024-10-18T23:31:54.758+0000] {dag.py:3722} INFO - Setting next_dagrun for example_sensors to None, run_after=None
[2024-10-18T23:31:54.848+0000] {processor.py:179} INFO - Processing /home/airflow/.local/lib/python3.8/site-packages/airflow/example_dags/example_sensors.py took 0.209 seconds
[2024-10-18T23:32:25.215+0000] {processor.py:157} INFO - Started process (PID=159) to work on /home/airflow/.local/lib/python3.8/site-packages/airflow/example_dags/example_sensors.py
[2024-10-18T23:32:25.220+0000] {processor.py:829} INFO - Processing file /home/airflow/.local/lib/python3.8/site-packages/airflow/example_dags/example_sensors.py for tasks to queue
[2024-10-18T23:32:25.228+0000] {logging_mixin.py:151} INFO - [2024-10-18T23:32:25.227+0000] {dagbag.py:536} INFO - Filling up the DagBag from /home/airflow/.local/lib/python3.8/site-packages/airflow/example_dags/example_sensors.py
[2024-10-18T23:32:25.251+0000] {processor.py:839} INFO - DAG(s) dict_keys(['example_sensors']) retrieved from /home/airflow/.local/lib/python3.8/site-packages/airflow/example_dags/example_sensors.py
[2024-10-18T23:32:25.400+0000] {logging_mixin.py:151} INFO - [2024-10-18T23:32:25.399+0000] {dag.py:2941} INFO - Sync 1 DAGs
[2024-10-18T23:32:25.466+0000] {logging_mixin.py:151} INFO - [2024-10-18T23:32:25.466+0000] {dag.py:3722} INFO - Setting next_dagrun for example_sensors to None, run_after=None
[2024-10-18T23:32:25.505+0000] {processor.py:179} INFO - Processing /home/airflow/.local/lib/python3.8/site-packages/airflow/example_dags/example_sensors.py took 0.307 seconds
[2024-10-18T23:32:55.625+0000] {processor.py:157} INFO - Started process (PID=212) to work on /home/airflow/.local/lib/python3.8/site-packages/airflow/example_dags/example_sensors.py
[2024-10-18T23:32:55.629+0000] {processor.py:829} INFO - Processing file /home/airflow/.local/lib/python3.8/site-packages/airflow/example_dags/example_sensors.py for tasks to queue
[2024-10-18T23:32:55.643+0000] {logging_mixin.py:151} INFO - [2024-10-18T23:32:55.642+0000] {dagbag.py:536} INFO - Filling up the DagBag from /home/airflow/.local/lib/python3.8/site-packages/airflow/example_dags/example_sensors.py
[2024-10-18T23:32:55.726+0000] {processor.py:839} INFO - DAG(s) dict_keys(['example_sensors']) retrieved from /home/airflow/.local/lib/python3.8/site-packages/airflow/example_dags/example_sensors.py
[2024-10-18T23:32:55.847+0000] {logging_mixin.py:151} INFO - [2024-10-18T23:32:55.846+0000] {dag.py:2941} INFO - Sync 1 DAGs
[2024-10-18T23:32:55.873+0000] {logging_mixin.py:151} INFO - [2024-10-18T23:32:55.873+0000] {dag.py:3722} INFO - Setting next_dagrun for example_sensors to None, run_after=None
[2024-10-18T23:32:55.943+0000] {processor.py:179} INFO - Processing /home/airflow/.local/lib/python3.8/site-packages/airflow/example_dags/example_sensors.py took 0.330 seconds
[2024-10-18T23:33:26.010+0000] {processor.py:157} INFO - Started process (PID=266) to work on /home/airflow/.local/lib/python3.8/site-packages/airflow/example_dags/example_sensors.py
[2024-10-18T23:33:26.012+0000] {processor.py:829} INFO - Processing file /home/airflow/.local/lib/python3.8/site-packages/airflow/example_dags/example_sensors.py for tasks to queue
[2024-10-18T23:33:26.032+0000] {logging_mixin.py:151} INFO - [2024-10-18T23:33:26.031+0000] {dagbag.py:536} INFO - Filling up the DagBag from /home/airflow/.local/lib/python3.8/site-packages/airflow/example_dags/example_sensors.py
[2024-10-18T23:33:26.051+0000] {processor.py:839} INFO - DAG(s) dict_keys(['example_sensors']) retrieved from /home/airflow/.local/lib/python3.8/site-packages/airflow/example_dags/example_sensors.py
[2024-10-18T23:33:26.121+0000] {logging_mixin.py:151} INFO - [2024-10-18T23:33:26.120+0000] {dag.py:2941} INFO - Sync 1 DAGs
[2024-10-18T23:33:26.152+0000] {logging_mixin.py:151} INFO - [2024-10-18T23:33:26.152+0000] {dag.py:3722} INFO - Setting next_dagrun for example_sensors to None, run_after=None
[2024-10-18T23:33:26.196+0000] {processor.py:179} INFO - Processing /home/airflow/.local/lib/python3.8/site-packages/airflow/example_dags/example_sensors.py took 0.193 seconds
[2024-10-18T23:33:56.954+0000] {processor.py:157} INFO - Started process (PID=320) to work on /home/airflow/.local/lib/python3.8/site-packages/airflow/example_dags/example_sensors.py
[2024-10-18T23:33:56.959+0000] {processor.py:829} INFO - Processing file /home/airflow/.local/lib/python3.8/site-packages/airflow/example_dags/example_sensors.py for tasks to queue
[2024-10-18T23:33:56.965+0000] {logging_mixin.py:151} INFO - [2024-10-18T23:33:56.964+0000] {dagbag.py:536} INFO - Filling up the DagBag from /home/airflow/.local/lib/python3.8/site-packages/airflow/example_dags/example_sensors.py
[2024-10-18T23:33:56.989+0000] {processor.py:839} INFO - DAG(s) dict_keys(['example_sensors']) retrieved from /home/airflow/.local/lib/python3.8/site-packages/airflow/example_dags/example_sensors.py
[2024-10-18T23:33:57.054+0000] {logging_mixin.py:151} INFO - [2024-10-18T23:33:57.054+0000] {dag.py:2941} INFO - Sync 1 DAGs
[2024-10-18T23:33:57.104+0000] {logging_mixin.py:151} INFO - [2024-10-18T23:33:57.104+0000] {dag.py:3722} INFO - Setting next_dagrun for example_sensors to None, run_after=None
[2024-10-18T23:33:57.178+0000] {processor.py:179} INFO - Processing /home/airflow/.local/lib/python3.8/site-packages/airflow/example_dags/example_sensors.py took 0.231 seconds
[2024-10-18T23:34:28.286+0000] {processor.py:157} INFO - Started process (PID=374) to work on /home/airflow/.local/lib/python3.8/site-packages/airflow/example_dags/example_sensors.py
[2024-10-18T23:34:28.290+0000] {processor.py:829} INFO - Processing file /home/airflow/.local/lib/python3.8/site-packages/airflow/example_dags/example_sensors.py for tasks to queue
[2024-10-18T23:34:28.295+0000] {logging_mixin.py:151} INFO - [2024-10-18T23:34:28.295+0000] {dagbag.py:536} INFO - Filling up the DagBag from /home/airflow/.local/lib/python3.8/site-packages/airflow/example_dags/example_sensors.py
[2024-10-18T23:34:28.344+0000] {processor.py:839} INFO - DAG(s) dict_keys(['example_sensors']) retrieved from /home/airflow/.local/lib/python3.8/site-packages/airflow/example_dags/example_sensors.py
[2024-10-18T23:34:28.472+0000] {logging_mixin.py:151} INFO - [2024-10-18T23:34:28.472+0000] {dag.py:2941} INFO - Sync 1 DAGs
[2024-10-18T23:34:28.506+0000] {logging_mixin.py:151} INFO - [2024-10-18T23:34:28.505+0000] {dag.py:3722} INFO - Setting next_dagrun for example_sensors to None, run_after=None
[2024-10-18T23:34:28.579+0000] {processor.py:179} INFO - Processing /home/airflow/.local/lib/python3.8/site-packages/airflow/example_dags/example_sensors.py took 0.301 seconds
[2024-10-18T23:34:58.904+0000] {processor.py:157} INFO - Started process (PID=427) to work on /home/airflow/.local/lib/python3.8/site-packages/airflow/example_dags/example_sensors.py
[2024-10-18T23:34:58.907+0000] {processor.py:829} INFO - Processing file /home/airflow/.local/lib/python3.8/site-packages/airflow/example_dags/example_sensors.py for tasks to queue
[2024-10-18T23:34:58.911+0000] {logging_mixin.py:151} INFO - [2024-10-18T23:34:58.911+0000] {dagbag.py:536} INFO - Filling up the DagBag from /home/airflow/.local/lib/python3.8/site-packages/airflow/example_dags/example_sensors.py
[2024-10-18T23:34:58.932+0000] {processor.py:839} INFO - DAG(s) dict_keys(['example_sensors']) retrieved from /home/airflow/.local/lib/python3.8/site-packages/airflow/example_dags/example_sensors.py
[2024-10-18T23:34:58.991+0000] {logging_mixin.py:151} INFO - [2024-10-18T23:34:58.990+0000] {dag.py:2941} INFO - Sync 1 DAGs
[2024-10-18T23:34:59.021+0000] {logging_mixin.py:151} INFO - [2024-10-18T23:34:59.021+0000] {dag.py:3722} INFO - Setting next_dagrun for example_sensors to None, run_after=None
[2024-10-18T23:34:59.063+0000] {processor.py:179} INFO - Processing /home/airflow/.local/lib/python3.8/site-packages/airflow/example_dags/example_sensors.py took 0.172 seconds
[2024-10-18T23:35:30.254+0000] {processor.py:157} INFO - Started process (PID=479) to work on /home/airflow/.local/lib/python3.8/site-packages/airflow/example_dags/example_sensors.py
[2024-10-18T23:35:30.257+0000] {processor.py:829} INFO - Processing file /home/airflow/.local/lib/python3.8/site-packages/airflow/example_dags/example_sensors.py for tasks to queue
[2024-10-18T23:35:30.273+0000] {logging_mixin.py:151} INFO - [2024-10-18T23:35:30.272+0000] {dagbag.py:536} INFO - Filling up the DagBag from /home/airflow/.local/lib/python3.8/site-packages/airflow/example_dags/example_sensors.py
[2024-10-18T23:35:30.317+0000] {processor.py:839} INFO - DAG(s) dict_keys(['example_sensors']) retrieved from /home/airflow/.local/lib/python3.8/site-packages/airflow/example_dags/example_sensors.py
[2024-10-18T23:35:30.485+0000] {logging_mixin.py:151} INFO - [2024-10-18T23:35:30.484+0000] {dag.py:2941} INFO - Sync 1 DAGs
[2024-10-18T23:35:30.542+0000] {logging_mixin.py:151} INFO - [2024-10-18T23:35:30.541+0000] {dag.py:3722} INFO - Setting next_dagrun for example_sensors to None, run_after=None
[2024-10-18T23:35:30.622+0000] {processor.py:179} INFO - Processing /home/airflow/.local/lib/python3.8/site-packages/airflow/example_dags/example_sensors.py took 0.395 seconds
[2024-10-18T23:36:01.280+0000] {processor.py:157} INFO - Started process (PID=533) to work on /home/airflow/.local/lib/python3.8/site-packages/airflow/example_dags/example_sensors.py
[2024-10-18T23:36:01.283+0000] {processor.py:829} INFO - Processing file /home/airflow/.local/lib/python3.8/site-packages/airflow/example_dags/example_sensors.py for tasks to queue
[2024-10-18T23:36:01.290+0000] {logging_mixin.py:151} INFO - [2024-10-18T23:36:01.289+0000] {dagbag.py:536} INFO - Filling up the DagBag from /home/airflow/.local/lib/python3.8/site-packages/airflow/example_dags/example_sensors.py
[2024-10-18T23:36:01.318+0000] {processor.py:839} INFO - DAG(s) dict_keys(['example_sensors']) retrieved from /home/airflow/.local/lib/python3.8/site-packages/airflow/example_dags/example_sensors.py
[2024-10-18T23:36:01.398+0000] {logging_mixin.py:151} INFO - [2024-10-18T23:36:01.397+0000] {dag.py:2941} INFO - Sync 1 DAGs
[2024-10-18T23:36:01.439+0000] {logging_mixin.py:151} INFO - [2024-10-18T23:36:01.438+0000] {dag.py:3722} INFO - Setting next_dagrun for example_sensors to None, run_after=None
[2024-10-18T23:36:01.502+0000] {processor.py:179} INFO - Processing /home/airflow/.local/lib/python3.8/site-packages/airflow/example_dags/example_sensors.py took 0.230 seconds
[2024-10-18T23:38:58.315+0000] {processor.py:157} INFO - Started process (PID=105) to work on /home/airflow/.local/lib/python3.8/site-packages/airflow/example_dags/example_sensors.py
[2024-10-18T23:38:58.321+0000] {processor.py:829} INFO - Processing file /home/airflow/.local/lib/python3.8/site-packages/airflow/example_dags/example_sensors.py for tasks to queue
[2024-10-18T23:38:58.334+0000] {logging_mixin.py:151} INFO - [2024-10-18T23:38:58.333+0000] {dagbag.py:536} INFO - Filling up the DagBag from /home/airflow/.local/lib/python3.8/site-packages/airflow/example_dags/example_sensors.py
[2024-10-18T23:38:58.417+0000] {processor.py:839} INFO - DAG(s) dict_keys(['example_sensors']) retrieved from /home/airflow/.local/lib/python3.8/site-packages/airflow/example_dags/example_sensors.py
[2024-10-18T23:38:58.515+0000] {logging_mixin.py:151} INFO - [2024-10-18T23:38:58.514+0000] {dag.py:2941} INFO - Sync 1 DAGs
[2024-10-18T23:38:58.610+0000] {logging_mixin.py:151} INFO - [2024-10-18T23:38:58.607+0000] {dag.py:3722} INFO - Setting next_dagrun for example_sensors to None, run_after=None
[2024-10-18T23:38:58.840+0000] {processor.py:179} INFO - Processing /home/airflow/.local/lib/python3.8/site-packages/airflow/example_dags/example_sensors.py took 0.545 seconds
[2024-10-18T23:39:29.359+0000] {processor.py:157} INFO - Started process (PID=159) to work on /home/airflow/.local/lib/python3.8/site-packages/airflow/example_dags/example_sensors.py
[2024-10-18T23:39:29.361+0000] {processor.py:829} INFO - Processing file /home/airflow/.local/lib/python3.8/site-packages/airflow/example_dags/example_sensors.py for tasks to queue
[2024-10-18T23:39:29.365+0000] {logging_mixin.py:151} INFO - [2024-10-18T23:39:29.365+0000] {dagbag.py:536} INFO - Filling up the DagBag from /home/airflow/.local/lib/python3.8/site-packages/airflow/example_dags/example_sensors.py
[2024-10-18T23:39:29.388+0000] {processor.py:839} INFO - DAG(s) dict_keys(['example_sensors']) retrieved from /home/airflow/.local/lib/python3.8/site-packages/airflow/example_dags/example_sensors.py
[2024-10-18T23:39:29.532+0000] {logging_mixin.py:151} INFO - [2024-10-18T23:39:29.532+0000] {dag.py:2941} INFO - Sync 1 DAGs
[2024-10-18T23:39:29.563+0000] {logging_mixin.py:151} INFO - [2024-10-18T23:39:29.563+0000] {dag.py:3722} INFO - Setting next_dagrun for example_sensors to None, run_after=None
[2024-10-18T23:39:29.619+0000] {processor.py:179} INFO - Processing /home/airflow/.local/lib/python3.8/site-packages/airflow/example_dags/example_sensors.py took 0.266 seconds
[2024-10-18T23:39:59.932+0000] {processor.py:157} INFO - Started process (PID=213) to work on /home/airflow/.local/lib/python3.8/site-packages/airflow/example_dags/example_sensors.py
[2024-10-18T23:39:59.934+0000] {processor.py:829} INFO - Processing file /home/airflow/.local/lib/python3.8/site-packages/airflow/example_dags/example_sensors.py for tasks to queue
[2024-10-18T23:39:59.941+0000] {logging_mixin.py:151} INFO - [2024-10-18T23:39:59.940+0000] {dagbag.py:536} INFO - Filling up the DagBag from /home/airflow/.local/lib/python3.8/site-packages/airflow/example_dags/example_sensors.py
[2024-10-18T23:39:59.969+0000] {processor.py:839} INFO - DAG(s) dict_keys(['example_sensors']) retrieved from /home/airflow/.local/lib/python3.8/site-packages/airflow/example_dags/example_sensors.py
[2024-10-18T23:40:00.035+0000] {logging_mixin.py:151} INFO - [2024-10-18T23:40:00.035+0000] {dag.py:2941} INFO - Sync 1 DAGs
[2024-10-18T23:40:00.064+0000] {logging_mixin.py:151} INFO - [2024-10-18T23:40:00.064+0000] {dag.py:3722} INFO - Setting next_dagrun for example_sensors to None, run_after=None
[2024-10-18T23:40:00.118+0000] {processor.py:179} INFO - Processing /home/airflow/.local/lib/python3.8/site-packages/airflow/example_dags/example_sensors.py took 0.193 seconds
[2024-10-18T23:41:01.730+0000] {processor.py:157} INFO - Started process (PID=273) to work on /home/airflow/.local/lib/python3.8/site-packages/airflow/example_dags/example_sensors.py
[2024-10-18T23:41:01.734+0000] {processor.py:829} INFO - Processing file /home/airflow/.local/lib/python3.8/site-packages/airflow/example_dags/example_sensors.py for tasks to queue
[2024-10-18T23:41:01.768+0000] {logging_mixin.py:151} INFO - [2024-10-18T23:41:01.739+0000] {dagbag.py:536} INFO - Filling up the DagBag from /home/airflow/.local/lib/python3.8/site-packages/airflow/example_dags/example_sensors.py
[2024-10-18T23:41:01.876+0000] {processor.py:839} INFO - DAG(s) dict_keys(['example_sensors']) retrieved from /home/airflow/.local/lib/python3.8/site-packages/airflow/example_dags/example_sensors.py
[2024-10-18T23:41:02.445+0000] {logging_mixin.py:151} INFO - [2024-10-18T23:41:02.444+0000] {dag.py:2941} INFO - Sync 1 DAGs
[2024-10-18T23:41:02.478+0000] {logging_mixin.py:151} INFO - [2024-10-18T23:41:02.477+0000] {dag.py:3722} INFO - Setting next_dagrun for example_sensors to None, run_after=None
[2024-10-18T23:41:02.600+0000] {processor.py:179} INFO - Processing /home/airflow/.local/lib/python3.8/site-packages/airflow/example_dags/example_sensors.py took 0.904 seconds
[2024-10-18T23:41:35.103+0000] {processor.py:157} INFO - Started process (PID=327) to work on /home/airflow/.local/lib/python3.8/site-packages/airflow/example_dags/example_sensors.py
[2024-10-18T23:41:35.106+0000] {processor.py:829} INFO - Processing file /home/airflow/.local/lib/python3.8/site-packages/airflow/example_dags/example_sensors.py for tasks to queue
[2024-10-18T23:41:35.111+0000] {logging_mixin.py:151} INFO - [2024-10-18T23:41:35.110+0000] {dagbag.py:536} INFO - Filling up the DagBag from /home/airflow/.local/lib/python3.8/site-packages/airflow/example_dags/example_sensors.py
[2024-10-18T23:41:35.155+0000] {processor.py:839} INFO - DAG(s) dict_keys(['example_sensors']) retrieved from /home/airflow/.local/lib/python3.8/site-packages/airflow/example_dags/example_sensors.py
[2024-10-18T23:41:35.398+0000] {logging_mixin.py:151} INFO - [2024-10-18T23:41:35.397+0000] {dag.py:2941} INFO - Sync 1 DAGs
[2024-10-18T23:41:35.431+0000] {logging_mixin.py:151} INFO - [2024-10-18T23:41:35.430+0000] {dag.py:3722} INFO - Setting next_dagrun for example_sensors to None, run_after=None
[2024-10-18T23:41:35.492+0000] {processor.py:179} INFO - Processing /home/airflow/.local/lib/python3.8/site-packages/airflow/example_dags/example_sensors.py took 0.405 seconds
[2024-10-18T23:43:19.735+0000] {processor.py:157} INFO - Started process (PID=413) to work on /home/airflow/.local/lib/python3.8/site-packages/airflow/example_dags/example_sensors.py
[2024-10-18T23:43:19.761+0000] {processor.py:829} INFO - Processing file /home/airflow/.local/lib/python3.8/site-packages/airflow/example_dags/example_sensors.py for tasks to queue
[2024-10-18T23:43:19.778+0000] {logging_mixin.py:151} INFO - [2024-10-18T23:43:19.777+0000] {dagbag.py:536} INFO - Filling up the DagBag from /home/airflow/.local/lib/python3.8/site-packages/airflow/example_dags/example_sensors.py
[2024-10-18T23:43:20.066+0000] {processor.py:839} INFO - DAG(s) dict_keys(['example_sensors']) retrieved from /home/airflow/.local/lib/python3.8/site-packages/airflow/example_dags/example_sensors.py
[2024-10-18T23:43:20.501+0000] {logging_mixin.py:151} INFO - [2024-10-18T23:43:20.500+0000] {dag.py:2941} INFO - Sync 1 DAGs
[2024-10-18T23:43:20.535+0000] {logging_mixin.py:151} INFO - [2024-10-18T23:43:20.535+0000] {dag.py:3722} INFO - Setting next_dagrun for example_sensors to None, run_after=None
[2024-10-18T23:43:20.600+0000] {processor.py:179} INFO - Processing /home/airflow/.local/lib/python3.8/site-packages/airflow/example_dags/example_sensors.py took 0.900 seconds
[2024-10-18T23:43:55.971+0000] {processor.py:157} INFO - Started process (PID=467) to work on /home/airflow/.local/lib/python3.8/site-packages/airflow/example_dags/example_sensors.py
[2024-10-18T23:43:55.972+0000] {processor.py:829} INFO - Processing file /home/airflow/.local/lib/python3.8/site-packages/airflow/example_dags/example_sensors.py for tasks to queue
[2024-10-18T23:43:55.976+0000] {logging_mixin.py:151} INFO - [2024-10-18T23:43:55.975+0000] {dagbag.py:536} INFO - Filling up the DagBag from /home/airflow/.local/lib/python3.8/site-packages/airflow/example_dags/example_sensors.py
[2024-10-18T23:43:55.999+0000] {processor.py:839} INFO - DAG(s) dict_keys(['example_sensors']) retrieved from /home/airflow/.local/lib/python3.8/site-packages/airflow/example_dags/example_sensors.py
[2024-10-18T23:43:56.052+0000] {logging_mixin.py:151} INFO - [2024-10-18T23:43:56.052+0000] {dag.py:2941} INFO - Sync 1 DAGs
[2024-10-18T23:43:56.082+0000] {logging_mixin.py:151} INFO - [2024-10-18T23:43:56.081+0000] {dag.py:3722} INFO - Setting next_dagrun for example_sensors to None, run_after=None
[2024-10-18T23:43:56.128+0000] {processor.py:179} INFO - Processing /home/airflow/.local/lib/python3.8/site-packages/airflow/example_dags/example_sensors.py took 0.163 seconds
[2024-10-18T23:44:26.666+0000] {processor.py:157} INFO - Started process (PID=518) to work on /home/airflow/.local/lib/python3.8/site-packages/airflow/example_dags/example_sensors.py
[2024-10-18T23:44:26.673+0000] {processor.py:829} INFO - Processing file /home/airflow/.local/lib/python3.8/site-packages/airflow/example_dags/example_sensors.py for tasks to queue
[2024-10-18T23:44:26.690+0000] {logging_mixin.py:151} INFO - [2024-10-18T23:44:26.684+0000] {dagbag.py:536} INFO - Filling up the DagBag from /home/airflow/.local/lib/python3.8/site-packages/airflow/example_dags/example_sensors.py
[2024-10-18T23:44:26.785+0000] {processor.py:839} INFO - DAG(s) dict_keys(['example_sensors']) retrieved from /home/airflow/.local/lib/python3.8/site-packages/airflow/example_dags/example_sensors.py
[2024-10-18T23:44:26.954+0000] {logging_mixin.py:151} INFO - [2024-10-18T23:44:26.953+0000] {dag.py:2941} INFO - Sync 1 DAGs
[2024-10-18T23:44:26.995+0000] {logging_mixin.py:151} INFO - [2024-10-18T23:44:26.994+0000] {dag.py:3722} INFO - Setting next_dagrun for example_sensors to None, run_after=None
[2024-10-18T23:44:27.051+0000] {processor.py:179} INFO - Processing /home/airflow/.local/lib/python3.8/site-packages/airflow/example_dags/example_sensors.py took 0.400 seconds
[2024-10-18T23:44:57.556+0000] {processor.py:157} INFO - Started process (PID=572) to work on /home/airflow/.local/lib/python3.8/site-packages/airflow/example_dags/example_sensors.py
[2024-10-18T23:44:57.561+0000] {processor.py:829} INFO - Processing file /home/airflow/.local/lib/python3.8/site-packages/airflow/example_dags/example_sensors.py for tasks to queue
[2024-10-18T23:44:57.595+0000] {logging_mixin.py:151} INFO - [2024-10-18T23:44:57.594+0000] {dagbag.py:536} INFO - Filling up the DagBag from /home/airflow/.local/lib/python3.8/site-packages/airflow/example_dags/example_sensors.py
[2024-10-18T23:44:57.636+0000] {processor.py:839} INFO - DAG(s) dict_keys(['example_sensors']) retrieved from /home/airflow/.local/lib/python3.8/site-packages/airflow/example_dags/example_sensors.py
[2024-10-18T23:44:58.375+0000] {logging_mixin.py:151} INFO - [2024-10-18T23:44:58.375+0000] {dag.py:2941} INFO - Sync 1 DAGs
[2024-10-18T23:44:58.511+0000] {logging_mixin.py:151} INFO - [2024-10-18T23:44:58.510+0000] {dag.py:3722} INFO - Setting next_dagrun for example_sensors to None, run_after=None
[2024-10-18T23:44:58.712+0000] {processor.py:179} INFO - Processing /home/airflow/.local/lib/python3.8/site-packages/airflow/example_dags/example_sensors.py took 1.171 seconds
[2024-10-18T23:45:29.159+0000] {processor.py:157} INFO - Started process (PID=626) to work on /home/airflow/.local/lib/python3.8/site-packages/airflow/example_dags/example_sensors.py
[2024-10-18T23:45:29.165+0000] {processor.py:829} INFO - Processing file /home/airflow/.local/lib/python3.8/site-packages/airflow/example_dags/example_sensors.py for tasks to queue
[2024-10-18T23:45:29.177+0000] {logging_mixin.py:151} INFO - [2024-10-18T23:45:29.172+0000] {dagbag.py:536} INFO - Filling up the DagBag from /home/airflow/.local/lib/python3.8/site-packages/airflow/example_dags/example_sensors.py
[2024-10-18T23:45:29.223+0000] {processor.py:839} INFO - DAG(s) dict_keys(['example_sensors']) retrieved from /home/airflow/.local/lib/python3.8/site-packages/airflow/example_dags/example_sensors.py
[2024-10-18T23:45:29.406+0000] {logging_mixin.py:151} INFO - [2024-10-18T23:45:29.406+0000] {dag.py:2941} INFO - Sync 1 DAGs
[2024-10-18T23:45:29.465+0000] {logging_mixin.py:151} INFO - [2024-10-18T23:45:29.465+0000] {dag.py:3722} INFO - Setting next_dagrun for example_sensors to None, run_after=None
[2024-10-18T23:45:29.563+0000] {processor.py:179} INFO - Processing /home/airflow/.local/lib/python3.8/site-packages/airflow/example_dags/example_sensors.py took 0.427 seconds
[2024-10-18T23:45:59.891+0000] {processor.py:157} INFO - Started process (PID=680) to work on /home/airflow/.local/lib/python3.8/site-packages/airflow/example_dags/example_sensors.py
[2024-10-18T23:45:59.893+0000] {processor.py:829} INFO - Processing file /home/airflow/.local/lib/python3.8/site-packages/airflow/example_dags/example_sensors.py for tasks to queue
[2024-10-18T23:45:59.899+0000] {logging_mixin.py:151} INFO - [2024-10-18T23:45:59.899+0000] {dagbag.py:536} INFO - Filling up the DagBag from /home/airflow/.local/lib/python3.8/site-packages/airflow/example_dags/example_sensors.py
[2024-10-18T23:45:59.923+0000] {processor.py:839} INFO - DAG(s) dict_keys(['example_sensors']) retrieved from /home/airflow/.local/lib/python3.8/site-packages/airflow/example_dags/example_sensors.py
[2024-10-18T23:45:59.971+0000] {logging_mixin.py:151} INFO - [2024-10-18T23:45:59.971+0000] {dag.py:2941} INFO - Sync 1 DAGs
[2024-10-18T23:45:59.989+0000] {logging_mixin.py:151} INFO - [2024-10-18T23:45:59.989+0000] {dag.py:3722} INFO - Setting next_dagrun for example_sensors to None, run_after=None
[2024-10-18T23:46:00.019+0000] {processor.py:179} INFO - Processing /home/airflow/.local/lib/python3.8/site-packages/airflow/example_dags/example_sensors.py took 0.139 seconds
[2024-10-18T23:46:30.833+0000] {processor.py:157} INFO - Started process (PID=733) to work on /home/airflow/.local/lib/python3.8/site-packages/airflow/example_dags/example_sensors.py
[2024-10-18T23:46:30.849+0000] {processor.py:829} INFO - Processing file /home/airflow/.local/lib/python3.8/site-packages/airflow/example_dags/example_sensors.py for tasks to queue
[2024-10-18T23:46:30.854+0000] {logging_mixin.py:151} INFO - [2024-10-18T23:46:30.854+0000] {dagbag.py:536} INFO - Filling up the DagBag from /home/airflow/.local/lib/python3.8/site-packages/airflow/example_dags/example_sensors.py
[2024-10-18T23:46:30.898+0000] {processor.py:839} INFO - DAG(s) dict_keys(['example_sensors']) retrieved from /home/airflow/.local/lib/python3.8/site-packages/airflow/example_dags/example_sensors.py
[2024-10-18T23:46:30.969+0000] {logging_mixin.py:151} INFO - [2024-10-18T23:46:30.969+0000] {dag.py:2941} INFO - Sync 1 DAGs
[2024-10-18T23:46:31.009+0000] {logging_mixin.py:151} INFO - [2024-10-18T23:46:31.008+0000] {dag.py:3722} INFO - Setting next_dagrun for example_sensors to None, run_after=None
[2024-10-18T23:46:31.080+0000] {processor.py:179} INFO - Processing /home/airflow/.local/lib/python3.8/site-packages/airflow/example_dags/example_sensors.py took 0.276 seconds
[2024-10-18T23:47:01.610+0000] {processor.py:157} INFO - Started process (PID=787) to work on /home/airflow/.local/lib/python3.8/site-packages/airflow/example_dags/example_sensors.py
[2024-10-18T23:47:01.613+0000] {processor.py:829} INFO - Processing file /home/airflow/.local/lib/python3.8/site-packages/airflow/example_dags/example_sensors.py for tasks to queue
[2024-10-18T23:47:01.619+0000] {logging_mixin.py:151} INFO - [2024-10-18T23:47:01.618+0000] {dagbag.py:536} INFO - Filling up the DagBag from /home/airflow/.local/lib/python3.8/site-packages/airflow/example_dags/example_sensors.py
[2024-10-18T23:47:01.648+0000] {processor.py:839} INFO - DAG(s) dict_keys(['example_sensors']) retrieved from /home/airflow/.local/lib/python3.8/site-packages/airflow/example_dags/example_sensors.py
[2024-10-18T23:47:01.740+0000] {logging_mixin.py:151} INFO - [2024-10-18T23:47:01.739+0000] {dag.py:2941} INFO - Sync 1 DAGs
[2024-10-18T23:47:01.779+0000] {logging_mixin.py:151} INFO - [2024-10-18T23:47:01.779+0000] {dag.py:3722} INFO - Setting next_dagrun for example_sensors to None, run_after=None
[2024-10-18T23:47:01.885+0000] {processor.py:179} INFO - Processing /home/airflow/.local/lib/python3.8/site-packages/airflow/example_dags/example_sensors.py took 0.283 seconds
[2024-10-18T23:47:32.293+0000] {processor.py:157} INFO - Started process (PID=841) to work on /home/airflow/.local/lib/python3.8/site-packages/airflow/example_dags/example_sensors.py
[2024-10-18T23:47:32.296+0000] {processor.py:829} INFO - Processing file /home/airflow/.local/lib/python3.8/site-packages/airflow/example_dags/example_sensors.py for tasks to queue
[2024-10-18T23:47:32.300+0000] {logging_mixin.py:151} INFO - [2024-10-18T23:47:32.300+0000] {dagbag.py:536} INFO - Filling up the DagBag from /home/airflow/.local/lib/python3.8/site-packages/airflow/example_dags/example_sensors.py
[2024-10-18T23:47:32.319+0000] {processor.py:839} INFO - DAG(s) dict_keys(['example_sensors']) retrieved from /home/airflow/.local/lib/python3.8/site-packages/airflow/example_dags/example_sensors.py
[2024-10-18T23:47:32.375+0000] {logging_mixin.py:151} INFO - [2024-10-18T23:47:32.374+0000] {dag.py:2941} INFO - Sync 1 DAGs
[2024-10-18T23:47:32.411+0000] {logging_mixin.py:151} INFO - [2024-10-18T23:47:32.411+0000] {dag.py:3722} INFO - Setting next_dagrun for example_sensors to None, run_after=None
[2024-10-18T23:47:32.452+0000] {processor.py:179} INFO - Processing /home/airflow/.local/lib/python3.8/site-packages/airflow/example_dags/example_sensors.py took 0.165 seconds
[2024-10-18T23:48:07.623+0000] {processor.py:157} INFO - Started process (PID=895) to work on /home/airflow/.local/lib/python3.8/site-packages/airflow/example_dags/example_sensors.py
[2024-10-18T23:48:07.629+0000] {processor.py:829} INFO - Processing file /home/airflow/.local/lib/python3.8/site-packages/airflow/example_dags/example_sensors.py for tasks to queue
[2024-10-18T23:48:07.651+0000] {logging_mixin.py:151} INFO - [2024-10-18T23:48:07.642+0000] {dagbag.py:536} INFO - Filling up the DagBag from /home/airflow/.local/lib/python3.8/site-packages/airflow/example_dags/example_sensors.py
[2024-10-18T23:48:07.735+0000] {processor.py:839} INFO - DAG(s) dict_keys(['example_sensors']) retrieved from /home/airflow/.local/lib/python3.8/site-packages/airflow/example_dags/example_sensors.py
[2024-10-18T23:48:07.929+0000] {logging_mixin.py:151} INFO - [2024-10-18T23:48:07.929+0000] {dag.py:2941} INFO - Sync 1 DAGs
[2024-10-18T23:48:08.025+0000] {logging_mixin.py:151} INFO - [2024-10-18T23:48:08.025+0000] {dag.py:3722} INFO - Setting next_dagrun for example_sensors to None, run_after=None
[2024-10-18T23:48:08.160+0000] {processor.py:179} INFO - Processing /home/airflow/.local/lib/python3.8/site-packages/airflow/example_dags/example_sensors.py took 0.555 seconds
[2024-10-18T23:48:44.403+0000] {processor.py:157} INFO - Started process (PID=947) to work on /home/airflow/.local/lib/python3.8/site-packages/airflow/example_dags/example_sensors.py
[2024-10-18T23:48:44.412+0000] {processor.py:829} INFO - Processing file /home/airflow/.local/lib/python3.8/site-packages/airflow/example_dags/example_sensors.py for tasks to queue
[2024-10-18T23:48:44.422+0000] {logging_mixin.py:151} INFO - [2024-10-18T23:48:44.418+0000] {dagbag.py:536} INFO - Filling up the DagBag from /home/airflow/.local/lib/python3.8/site-packages/airflow/example_dags/example_sensors.py
[2024-10-18T23:48:44.460+0000] {processor.py:839} INFO - DAG(s) dict_keys(['example_sensors']) retrieved from /home/airflow/.local/lib/python3.8/site-packages/airflow/example_dags/example_sensors.py
[2024-10-18T23:48:44.747+0000] {logging_mixin.py:151} INFO - [2024-10-18T23:48:44.747+0000] {dag.py:2941} INFO - Sync 1 DAGs
[2024-10-18T23:48:44.805+0000] {logging_mixin.py:151} INFO - [2024-10-18T23:48:44.804+0000] {dag.py:3722} INFO - Setting next_dagrun for example_sensors to None, run_after=None
[2024-10-18T23:48:44.886+0000] {processor.py:179} INFO - Processing /home/airflow/.local/lib/python3.8/site-packages/airflow/example_dags/example_sensors.py took 0.497 seconds
[2024-10-18T23:49:16.160+0000] {processor.py:157} INFO - Started process (PID=999) to work on /home/airflow/.local/lib/python3.8/site-packages/airflow/example_dags/example_sensors.py
[2024-10-18T23:49:16.164+0000] {processor.py:829} INFO - Processing file /home/airflow/.local/lib/python3.8/site-packages/airflow/example_dags/example_sensors.py for tasks to queue
[2024-10-18T23:49:16.174+0000] {logging_mixin.py:151} INFO - [2024-10-18T23:49:16.169+0000] {dagbag.py:536} INFO - Filling up the DagBag from /home/airflow/.local/lib/python3.8/site-packages/airflow/example_dags/example_sensors.py
[2024-10-18T23:49:16.300+0000] {processor.py:839} INFO - DAG(s) dict_keys(['example_sensors']) retrieved from /home/airflow/.local/lib/python3.8/site-packages/airflow/example_dags/example_sensors.py
[2024-10-18T23:49:16.552+0000] {logging_mixin.py:151} INFO - [2024-10-18T23:49:16.552+0000] {dag.py:2941} INFO - Sync 1 DAGs
[2024-10-18T23:49:16.588+0000] {logging_mixin.py:151} INFO - [2024-10-18T23:49:16.587+0000] {dag.py:3722} INFO - Setting next_dagrun for example_sensors to None, run_after=None
[2024-10-18T23:49:16.637+0000] {processor.py:179} INFO - Processing /home/airflow/.local/lib/python3.8/site-packages/airflow/example_dags/example_sensors.py took 0.491 seconds
[2024-10-18T23:50:23.616+0000] {processor.py:157} INFO - Started process (PID=1072) to work on /home/airflow/.local/lib/python3.8/site-packages/airflow/example_dags/example_sensors.py
[2024-10-18T23:50:23.617+0000] {processor.py:829} INFO - Processing file /home/airflow/.local/lib/python3.8/site-packages/airflow/example_dags/example_sensors.py for tasks to queue
[2024-10-18T23:50:23.621+0000] {logging_mixin.py:151} INFO - [2024-10-18T23:50:23.620+0000] {dagbag.py:536} INFO - Filling up the DagBag from /home/airflow/.local/lib/python3.8/site-packages/airflow/example_dags/example_sensors.py
[2024-10-18T23:50:23.649+0000] {processor.py:839} INFO - DAG(s) dict_keys(['example_sensors']) retrieved from /home/airflow/.local/lib/python3.8/site-packages/airflow/example_dags/example_sensors.py
[2024-10-18T23:50:23.752+0000] {logging_mixin.py:151} INFO - [2024-10-18T23:50:23.723+0000] {dag.py:2941} INFO - Sync 1 DAGs
[2024-10-18T23:50:23.786+0000] {logging_mixin.py:151} INFO - [2024-10-18T23:50:23.785+0000] {dag.py:3722} INFO - Setting next_dagrun for example_sensors to None, run_after=None
[2024-10-18T23:50:23.856+0000] {processor.py:179} INFO - Processing /home/airflow/.local/lib/python3.8/site-packages/airflow/example_dags/example_sensors.py took 0.247 seconds
[2024-10-18T23:50:54.759+0000] {processor.py:157} INFO - Started process (PID=1125) to work on /home/airflow/.local/lib/python3.8/site-packages/airflow/example_dags/example_sensors.py
[2024-10-18T23:50:54.761+0000] {processor.py:829} INFO - Processing file /home/airflow/.local/lib/python3.8/site-packages/airflow/example_dags/example_sensors.py for tasks to queue
[2024-10-18T23:50:54.766+0000] {logging_mixin.py:151} INFO - [2024-10-18T23:50:54.766+0000] {dagbag.py:536} INFO - Filling up the DagBag from /home/airflow/.local/lib/python3.8/site-packages/airflow/example_dags/example_sensors.py
[2024-10-18T23:50:54.782+0000] {processor.py:839} INFO - DAG(s) dict_keys(['example_sensors']) retrieved from /home/airflow/.local/lib/python3.8/site-packages/airflow/example_dags/example_sensors.py
[2024-10-18T23:50:54.825+0000] {logging_mixin.py:151} INFO - [2024-10-18T23:50:54.825+0000] {dag.py:2941} INFO - Sync 1 DAGs
[2024-10-18T23:50:54.862+0000] {logging_mixin.py:151} INFO - [2024-10-18T23:50:54.862+0000] {dag.py:3722} INFO - Setting next_dagrun for example_sensors to None, run_after=None
[2024-10-18T23:50:54.949+0000] {processor.py:179} INFO - Processing /home/airflow/.local/lib/python3.8/site-packages/airflow/example_dags/example_sensors.py took 0.197 seconds
[2024-10-18T23:51:25.222+0000] {processor.py:157} INFO - Started process (PID=1178) to work on /home/airflow/.local/lib/python3.8/site-packages/airflow/example_dags/example_sensors.py
[2024-10-18T23:51:25.224+0000] {processor.py:829} INFO - Processing file /home/airflow/.local/lib/python3.8/site-packages/airflow/example_dags/example_sensors.py for tasks to queue
[2024-10-18T23:51:25.230+0000] {logging_mixin.py:151} INFO - [2024-10-18T23:51:25.230+0000] {dagbag.py:536} INFO - Filling up the DagBag from /home/airflow/.local/lib/python3.8/site-packages/airflow/example_dags/example_sensors.py
[2024-10-18T23:51:25.259+0000] {processor.py:839} INFO - DAG(s) dict_keys(['example_sensors']) retrieved from /home/airflow/.local/lib/python3.8/site-packages/airflow/example_dags/example_sensors.py
[2024-10-18T23:51:25.325+0000] {logging_mixin.py:151} INFO - [2024-10-18T23:51:25.324+0000] {dag.py:2941} INFO - Sync 1 DAGs
[2024-10-18T23:51:25.351+0000] {logging_mixin.py:151} INFO - [2024-10-18T23:51:25.351+0000] {dag.py:3722} INFO - Setting next_dagrun for example_sensors to None, run_after=None
[2024-10-18T23:51:25.395+0000] {processor.py:179} INFO - Processing /home/airflow/.local/lib/python3.8/site-packages/airflow/example_dags/example_sensors.py took 0.182 seconds
[2024-10-18T23:51:55.799+0000] {processor.py:157} INFO - Started process (PID=1231) to work on /home/airflow/.local/lib/python3.8/site-packages/airflow/example_dags/example_sensors.py
[2024-10-18T23:51:55.802+0000] {processor.py:829} INFO - Processing file /home/airflow/.local/lib/python3.8/site-packages/airflow/example_dags/example_sensors.py for tasks to queue
[2024-10-18T23:51:55.808+0000] {logging_mixin.py:151} INFO - [2024-10-18T23:51:55.807+0000] {dagbag.py:536} INFO - Filling up the DagBag from /home/airflow/.local/lib/python3.8/site-packages/airflow/example_dags/example_sensors.py
[2024-10-18T23:51:55.829+0000] {processor.py:839} INFO - DAG(s) dict_keys(['example_sensors']) retrieved from /home/airflow/.local/lib/python3.8/site-packages/airflow/example_dags/example_sensors.py
[2024-10-18T23:51:55.891+0000] {logging_mixin.py:151} INFO - [2024-10-18T23:51:55.890+0000] {dag.py:2941} INFO - Sync 1 DAGs
[2024-10-18T23:51:55.917+0000] {logging_mixin.py:151} INFO - [2024-10-18T23:51:55.916+0000] {dag.py:3722} INFO - Setting next_dagrun for example_sensors to None, run_after=None
[2024-10-18T23:51:56.019+0000] {processor.py:179} INFO - Processing /home/airflow/.local/lib/python3.8/site-packages/airflow/example_dags/example_sensors.py took 0.227 seconds
[2024-10-18T23:52:28.096+0000] {processor.py:157} INFO - Started process (PID=1285) to work on /home/airflow/.local/lib/python3.8/site-packages/airflow/example_dags/example_sensors.py
[2024-10-18T23:52:28.101+0000] {processor.py:829} INFO - Processing file /home/airflow/.local/lib/python3.8/site-packages/airflow/example_dags/example_sensors.py for tasks to queue
[2024-10-18T23:52:28.107+0000] {logging_mixin.py:151} INFO - [2024-10-18T23:52:28.106+0000] {dagbag.py:536} INFO - Filling up the DagBag from /home/airflow/.local/lib/python3.8/site-packages/airflow/example_dags/example_sensors.py
[2024-10-18T23:52:28.129+0000] {processor.py:839} INFO - DAG(s) dict_keys(['example_sensors']) retrieved from /home/airflow/.local/lib/python3.8/site-packages/airflow/example_dags/example_sensors.py
[2024-10-18T23:52:28.212+0000] {logging_mixin.py:151} INFO - [2024-10-18T23:52:28.212+0000] {dag.py:2941} INFO - Sync 1 DAGs
[2024-10-18T23:52:28.538+0000] {logging_mixin.py:151} INFO - [2024-10-18T23:52:28.538+0000] {dag.py:3722} INFO - Setting next_dagrun for example_sensors to None, run_after=None
[2024-10-18T23:52:28.616+0000] {processor.py:179} INFO - Processing /home/airflow/.local/lib/python3.8/site-packages/airflow/example_dags/example_sensors.py took 0.531 seconds
[2024-10-18T23:52:58.902+0000] {processor.py:157} INFO - Started process (PID=1338) to work on /home/airflow/.local/lib/python3.8/site-packages/airflow/example_dags/example_sensors.py
[2024-10-18T23:52:58.904+0000] {processor.py:829} INFO - Processing file /home/airflow/.local/lib/python3.8/site-packages/airflow/example_dags/example_sensors.py for tasks to queue
[2024-10-18T23:52:58.908+0000] {logging_mixin.py:151} INFO - [2024-10-18T23:52:58.907+0000] {dagbag.py:536} INFO - Filling up the DagBag from /home/airflow/.local/lib/python3.8/site-packages/airflow/example_dags/example_sensors.py
[2024-10-18T23:52:58.924+0000] {processor.py:839} INFO - DAG(s) dict_keys(['example_sensors']) retrieved from /home/airflow/.local/lib/python3.8/site-packages/airflow/example_dags/example_sensors.py
[2024-10-18T23:52:58.977+0000] {logging_mixin.py:151} INFO - [2024-10-18T23:52:58.977+0000] {dag.py:2941} INFO - Sync 1 DAGs
[2024-10-18T23:52:58.999+0000] {logging_mixin.py:151} INFO - [2024-10-18T23:52:58.999+0000] {dag.py:3722} INFO - Setting next_dagrun for example_sensors to None, run_after=None
[2024-10-18T23:52:59.038+0000] {processor.py:179} INFO - Processing /home/airflow/.local/lib/python3.8/site-packages/airflow/example_dags/example_sensors.py took 0.140 seconds
[2024-10-18T23:53:55.065+0000] {processor.py:157} INFO - Started process (PID=1409) to work on /home/airflow/.local/lib/python3.8/site-packages/airflow/example_dags/example_sensors.py
[2024-10-18T23:53:55.067+0000] {processor.py:829} INFO - Processing file /home/airflow/.local/lib/python3.8/site-packages/airflow/example_dags/example_sensors.py for tasks to queue
[2024-10-18T23:53:55.073+0000] {logging_mixin.py:151} INFO - [2024-10-18T23:53:55.073+0000] {dagbag.py:536} INFO - Filling up the DagBag from /home/airflow/.local/lib/python3.8/site-packages/airflow/example_dags/example_sensors.py
[2024-10-18T23:53:55.112+0000] {processor.py:839} INFO - DAG(s) dict_keys(['example_sensors']) retrieved from /home/airflow/.local/lib/python3.8/site-packages/airflow/example_dags/example_sensors.py
[2024-10-18T23:53:55.190+0000] {logging_mixin.py:151} INFO - [2024-10-18T23:53:55.189+0000] {dag.py:2941} INFO - Sync 1 DAGs
[2024-10-18T23:53:55.286+0000] {logging_mixin.py:151} INFO - [2024-10-18T23:53:55.286+0000] {dag.py:3722} INFO - Setting next_dagrun for example_sensors to None, run_after=None
[2024-10-18T23:53:55.371+0000] {processor.py:179} INFO - Processing /home/airflow/.local/lib/python3.8/site-packages/airflow/example_dags/example_sensors.py took 0.313 seconds
[2024-10-18T23:54:26.573+0000] {processor.py:157} INFO - Started process (PID=1463) to work on /home/airflow/.local/lib/python3.8/site-packages/airflow/example_dags/example_sensors.py
[2024-10-18T23:54:26.575+0000] {processor.py:829} INFO - Processing file /home/airflow/.local/lib/python3.8/site-packages/airflow/example_dags/example_sensors.py for tasks to queue
[2024-10-18T23:54:26.580+0000] {logging_mixin.py:151} INFO - [2024-10-18T23:54:26.579+0000] {dagbag.py:536} INFO - Filling up the DagBag from /home/airflow/.local/lib/python3.8/site-packages/airflow/example_dags/example_sensors.py
[2024-10-18T23:54:26.870+0000] {processor.py:839} INFO - DAG(s) dict_keys(['example_sensors']) retrieved from /home/airflow/.local/lib/python3.8/site-packages/airflow/example_dags/example_sensors.py
[2024-10-18T23:54:26.939+0000] {logging_mixin.py:151} INFO - [2024-10-18T23:54:26.938+0000] {dag.py:2941} INFO - Sync 1 DAGs
[2024-10-18T23:54:26.959+0000] {logging_mixin.py:151} INFO - [2024-10-18T23:54:26.958+0000] {dag.py:3722} INFO - Setting next_dagrun for example_sensors to None, run_after=None
[2024-10-18T23:54:26.999+0000] {processor.py:179} INFO - Processing /home/airflow/.local/lib/python3.8/site-packages/airflow/example_dags/example_sensors.py took 0.434 seconds
[2024-10-18T23:55:01.656+0000] {processor.py:157} INFO - Started process (PID=1517) to work on /home/airflow/.local/lib/python3.8/site-packages/airflow/example_dags/example_sensors.py
[2024-10-18T23:55:01.662+0000] {processor.py:829} INFO - Processing file /home/airflow/.local/lib/python3.8/site-packages/airflow/example_dags/example_sensors.py for tasks to queue
[2024-10-18T23:55:01.669+0000] {logging_mixin.py:151} INFO - [2024-10-18T23:55:01.669+0000] {dagbag.py:536} INFO - Filling up the DagBag from /home/airflow/.local/lib/python3.8/site-packages/airflow/example_dags/example_sensors.py
[2024-10-18T23:55:01.694+0000] {processor.py:839} INFO - DAG(s) dict_keys(['example_sensors']) retrieved from /home/airflow/.local/lib/python3.8/site-packages/airflow/example_dags/example_sensors.py
[2024-10-18T23:55:01.781+0000] {logging_mixin.py:151} INFO - [2024-10-18T23:55:01.780+0000] {dag.py:2941} INFO - Sync 1 DAGs
[2024-10-18T23:55:01.839+0000] {logging_mixin.py:151} INFO - [2024-10-18T23:55:01.839+0000] {dag.py:3722} INFO - Setting next_dagrun for example_sensors to None, run_after=None
[2024-10-18T23:55:01.896+0000] {processor.py:179} INFO - Processing /home/airflow/.local/lib/python3.8/site-packages/airflow/example_dags/example_sensors.py took 0.252 seconds
[2024-10-18T23:55:33.792+0000] {processor.py:157} INFO - Started process (PID=1577) to work on /home/airflow/.local/lib/python3.8/site-packages/airflow/example_dags/example_sensors.py
[2024-10-18T23:55:33.794+0000] {processor.py:829} INFO - Processing file /home/airflow/.local/lib/python3.8/site-packages/airflow/example_dags/example_sensors.py for tasks to queue
[2024-10-18T23:55:33.805+0000] {logging_mixin.py:151} INFO - [2024-10-18T23:55:33.802+0000] {dagbag.py:536} INFO - Filling up the DagBag from /home/airflow/.local/lib/python3.8/site-packages/airflow/example_dags/example_sensors.py
[2024-10-18T23:55:33.849+0000] {processor.py:839} INFO - DAG(s) dict_keys(['example_sensors']) retrieved from /home/airflow/.local/lib/python3.8/site-packages/airflow/example_dags/example_sensors.py
[2024-10-18T23:55:33.902+0000] {logging_mixin.py:151} INFO - [2024-10-18T23:55:33.901+0000] {dag.py:2941} INFO - Sync 1 DAGs
[2024-10-18T23:55:33.921+0000] {logging_mixin.py:151} INFO - [2024-10-18T23:55:33.921+0000] {dag.py:3722} INFO - Setting next_dagrun for example_sensors to None, run_after=None
[2024-10-18T23:55:33.954+0000] {processor.py:179} INFO - Processing /home/airflow/.local/lib/python3.8/site-packages/airflow/example_dags/example_sensors.py took 0.195 seconds
[2024-10-18T23:56:11.003+0000] {processor.py:157} INFO - Started process (PID=1634) to work on /home/airflow/.local/lib/python3.8/site-packages/airflow/example_dags/example_sensors.py
[2024-10-18T23:56:11.005+0000] {processor.py:829} INFO - Processing file /home/airflow/.local/lib/python3.8/site-packages/airflow/example_dags/example_sensors.py for tasks to queue
[2024-10-18T23:56:11.010+0000] {logging_mixin.py:151} INFO - [2024-10-18T23:56:11.009+0000] {dagbag.py:536} INFO - Filling up the DagBag from /home/airflow/.local/lib/python3.8/site-packages/airflow/example_dags/example_sensors.py
[2024-10-18T23:56:11.031+0000] {processor.py:839} INFO - DAG(s) dict_keys(['example_sensors']) retrieved from /home/airflow/.local/lib/python3.8/site-packages/airflow/example_dags/example_sensors.py
[2024-10-18T23:56:11.100+0000] {logging_mixin.py:151} INFO - [2024-10-18T23:56:11.099+0000] {dag.py:2941} INFO - Sync 1 DAGs
[2024-10-18T23:56:11.155+0000] {logging_mixin.py:151} INFO - [2024-10-18T23:56:11.154+0000] {dag.py:3722} INFO - Setting next_dagrun for example_sensors to None, run_after=None
[2024-10-18T23:56:11.206+0000] {processor.py:179} INFO - Processing /home/airflow/.local/lib/python3.8/site-packages/airflow/example_dags/example_sensors.py took 0.211 seconds
[2024-10-18T23:56:41.500+0000] {processor.py:157} INFO - Started process (PID=1687) to work on /home/airflow/.local/lib/python3.8/site-packages/airflow/example_dags/example_sensors.py
[2024-10-18T23:56:41.505+0000] {processor.py:829} INFO - Processing file /home/airflow/.local/lib/python3.8/site-packages/airflow/example_dags/example_sensors.py for tasks to queue
[2024-10-18T23:56:41.512+0000] {logging_mixin.py:151} INFO - [2024-10-18T23:56:41.511+0000] {dagbag.py:536} INFO - Filling up the DagBag from /home/airflow/.local/lib/python3.8/site-packages/airflow/example_dags/example_sensors.py
[2024-10-18T23:56:41.533+0000] {processor.py:839} INFO - DAG(s) dict_keys(['example_sensors']) retrieved from /home/airflow/.local/lib/python3.8/site-packages/airflow/example_dags/example_sensors.py
[2024-10-18T23:56:41.596+0000] {logging_mixin.py:151} INFO - [2024-10-18T23:56:41.596+0000] {dag.py:2941} INFO - Sync 1 DAGs
[2024-10-18T23:56:41.621+0000] {logging_mixin.py:151} INFO - [2024-10-18T23:56:41.620+0000] {dag.py:3722} INFO - Setting next_dagrun for example_sensors to None, run_after=None
[2024-10-18T23:56:41.660+0000] {processor.py:179} INFO - Processing /home/airflow/.local/lib/python3.8/site-packages/airflow/example_dags/example_sensors.py took 0.174 seconds
[2024-10-18T23:57:23.491+0000] {processor.py:157} INFO - Started process (PID=1740) to work on /home/airflow/.local/lib/python3.8/site-packages/airflow/example_dags/example_sensors.py
[2024-10-18T23:57:23.510+0000] {processor.py:829} INFO - Processing file /home/airflow/.local/lib/python3.8/site-packages/airflow/example_dags/example_sensors.py for tasks to queue
[2024-10-18T23:57:23.556+0000] {logging_mixin.py:151} INFO - [2024-10-18T23:57:23.538+0000] {dagbag.py:536} INFO - Filling up the DagBag from /home/airflow/.local/lib/python3.8/site-packages/airflow/example_dags/example_sensors.py
[2024-10-18T23:57:23.672+0000] {processor.py:839} INFO - DAG(s) dict_keys(['example_sensors']) retrieved from /home/airflow/.local/lib/python3.8/site-packages/airflow/example_dags/example_sensors.py
[2024-10-18T23:57:24.060+0000] {logging_mixin.py:151} INFO - [2024-10-18T23:57:24.059+0000] {dag.py:2941} INFO - Sync 1 DAGs
[2024-10-18T23:57:24.099+0000] {logging_mixin.py:151} INFO - [2024-10-18T23:57:24.099+0000] {dag.py:3722} INFO - Setting next_dagrun for example_sensors to None, run_after=None
[2024-10-18T23:57:24.224+0000] {processor.py:179} INFO - Processing /home/airflow/.local/lib/python3.8/site-packages/airflow/example_dags/example_sensors.py took 0.791 seconds
[2024-10-18T23:57:54.681+0000] {processor.py:157} INFO - Started process (PID=1794) to work on /home/airflow/.local/lib/python3.8/site-packages/airflow/example_dags/example_sensors.py
[2024-10-18T23:57:54.691+0000] {processor.py:829} INFO - Processing file /home/airflow/.local/lib/python3.8/site-packages/airflow/example_dags/example_sensors.py for tasks to queue
[2024-10-18T23:57:54.716+0000] {logging_mixin.py:151} INFO - [2024-10-18T23:57:54.715+0000] {dagbag.py:536} INFO - Filling up the DagBag from /home/airflow/.local/lib/python3.8/site-packages/airflow/example_dags/example_sensors.py
[2024-10-18T23:57:54.799+0000] {processor.py:839} INFO - DAG(s) dict_keys(['example_sensors']) retrieved from /home/airflow/.local/lib/python3.8/site-packages/airflow/example_dags/example_sensors.py
[2024-10-18T23:57:55.034+0000] {logging_mixin.py:151} INFO - [2024-10-18T23:57:55.033+0000] {dag.py:2941} INFO - Sync 1 DAGs
[2024-10-18T23:57:55.150+0000] {logging_mixin.py:151} INFO - [2024-10-18T23:57:55.149+0000] {dag.py:3722} INFO - Setting next_dagrun for example_sensors to None, run_after=None
[2024-10-18T23:57:55.262+0000] {processor.py:179} INFO - Processing /home/airflow/.local/lib/python3.8/site-packages/airflow/example_dags/example_sensors.py took 0.599 seconds
[2024-10-18T23:58:26.117+0000] {processor.py:157} INFO - Started process (PID=1848) to work on /home/airflow/.local/lib/python3.8/site-packages/airflow/example_dags/example_sensors.py
[2024-10-18T23:58:26.120+0000] {processor.py:829} INFO - Processing file /home/airflow/.local/lib/python3.8/site-packages/airflow/example_dags/example_sensors.py for tasks to queue
[2024-10-18T23:58:26.124+0000] {logging_mixin.py:151} INFO - [2024-10-18T23:58:26.124+0000] {dagbag.py:536} INFO - Filling up the DagBag from /home/airflow/.local/lib/python3.8/site-packages/airflow/example_dags/example_sensors.py
[2024-10-18T23:58:26.150+0000] {processor.py:839} INFO - DAG(s) dict_keys(['example_sensors']) retrieved from /home/airflow/.local/lib/python3.8/site-packages/airflow/example_dags/example_sensors.py
[2024-10-18T23:58:26.213+0000] {logging_mixin.py:151} INFO - [2024-10-18T23:58:26.213+0000] {dag.py:2941} INFO - Sync 1 DAGs
[2024-10-18T23:58:26.238+0000] {logging_mixin.py:151} INFO - [2024-10-18T23:58:26.238+0000] {dag.py:3722} INFO - Setting next_dagrun for example_sensors to None, run_after=None
[2024-10-18T23:58:26.291+0000] {processor.py:179} INFO - Processing /home/airflow/.local/lib/python3.8/site-packages/airflow/example_dags/example_sensors.py took 0.181 seconds
[2024-10-18T23:58:57.268+0000] {processor.py:157} INFO - Started process (PID=1902) to work on /home/airflow/.local/lib/python3.8/site-packages/airflow/example_dags/example_sensors.py
[2024-10-18T23:58:57.272+0000] {processor.py:829} INFO - Processing file /home/airflow/.local/lib/python3.8/site-packages/airflow/example_dags/example_sensors.py for tasks to queue
[2024-10-18T23:58:57.290+0000] {logging_mixin.py:151} INFO - [2024-10-18T23:58:57.289+0000] {dagbag.py:536} INFO - Filling up the DagBag from /home/airflow/.local/lib/python3.8/site-packages/airflow/example_dags/example_sensors.py
[2024-10-18T23:58:57.334+0000] {processor.py:839} INFO - DAG(s) dict_keys(['example_sensors']) retrieved from /home/airflow/.local/lib/python3.8/site-packages/airflow/example_dags/example_sensors.py
[2024-10-18T23:58:57.461+0000] {logging_mixin.py:151} INFO - [2024-10-18T23:58:57.460+0000] {dag.py:2941} INFO - Sync 1 DAGs
[2024-10-18T23:58:57.544+0000] {logging_mixin.py:151} INFO - [2024-10-18T23:58:57.543+0000] {dag.py:3722} INFO - Setting next_dagrun for example_sensors to None, run_after=None
[2024-10-18T23:58:57.637+0000] {processor.py:179} INFO - Processing /home/airflow/.local/lib/python3.8/site-packages/airflow/example_dags/example_sensors.py took 0.379 seconds
[2024-10-18T23:59:28.011+0000] {processor.py:157} INFO - Started process (PID=1955) to work on /home/airflow/.local/lib/python3.8/site-packages/airflow/example_dags/example_sensors.py
[2024-10-18T23:59:28.013+0000] {processor.py:829} INFO - Processing file /home/airflow/.local/lib/python3.8/site-packages/airflow/example_dags/example_sensors.py for tasks to queue
[2024-10-18T23:59:28.018+0000] {logging_mixin.py:151} INFO - [2024-10-18T23:59:28.017+0000] {dagbag.py:536} INFO - Filling up the DagBag from /home/airflow/.local/lib/python3.8/site-packages/airflow/example_dags/example_sensors.py
[2024-10-18T23:59:28.040+0000] {processor.py:839} INFO - DAG(s) dict_keys(['example_sensors']) retrieved from /home/airflow/.local/lib/python3.8/site-packages/airflow/example_dags/example_sensors.py
[2024-10-18T23:59:28.093+0000] {logging_mixin.py:151} INFO - [2024-10-18T23:59:28.093+0000] {dag.py:2941} INFO - Sync 1 DAGs
[2024-10-18T23:59:28.123+0000] {logging_mixin.py:151} INFO - [2024-10-18T23:59:28.122+0000] {dag.py:3722} INFO - Setting next_dagrun for example_sensors to None, run_after=None
[2024-10-18T23:59:28.177+0000] {processor.py:179} INFO - Processing /home/airflow/.local/lib/python3.8/site-packages/airflow/example_dags/example_sensors.py took 0.174 seconds
[2024-10-18T23:59:58.566+0000] {processor.py:157} INFO - Started process (PID=2009) to work on /home/airflow/.local/lib/python3.8/site-packages/airflow/example_dags/example_sensors.py
[2024-10-18T23:59:58.569+0000] {processor.py:829} INFO - Processing file /home/airflow/.local/lib/python3.8/site-packages/airflow/example_dags/example_sensors.py for tasks to queue
[2024-10-18T23:59:58.580+0000] {logging_mixin.py:151} INFO - [2024-10-18T23:59:58.579+0000] {dagbag.py:536} INFO - Filling up the DagBag from /home/airflow/.local/lib/python3.8/site-packages/airflow/example_dags/example_sensors.py
[2024-10-18T23:59:58.617+0000] {processor.py:839} INFO - DAG(s) dict_keys(['example_sensors']) retrieved from /home/airflow/.local/lib/python3.8/site-packages/airflow/example_dags/example_sensors.py
[2024-10-18T23:59:58.714+0000] {logging_mixin.py:151} INFO - [2024-10-18T23:59:58.714+0000] {dag.py:2941} INFO - Sync 1 DAGs
[2024-10-18T23:59:58.811+0000] {logging_mixin.py:151} INFO - [2024-10-18T23:59:58.810+0000] {dag.py:3722} INFO - Setting next_dagrun for example_sensors to None, run_after=None
[2024-10-18T23:59:58.867+0000] {processor.py:179} INFO - Processing /home/airflow/.local/lib/python3.8/site-packages/airflow/example_dags/example_sensors.py took 0.310 seconds
