[2024-10-18T23:31:49.452+0000] {processor.py:157} INFO - Started process (PID=95) to work on /home/airflow/.local/lib/python3.8/site-packages/airflow/example_dags/example_setup_teardown_taskflow.py
[2024-10-18T23:31:49.455+0000] {processor.py:829} INFO - Processing file /home/airflow/.local/lib/python3.8/site-packages/airflow/example_dags/example_setup_teardown_taskflow.py for tasks to queue
[2024-10-18T23:31:49.523+0000] {logging_mixin.py:151} INFO - [2024-10-18T23:31:49.521+0000] {dagbag.py:536} INFO - Filling up the DagBag from /home/airflow/.local/lib/python3.8/site-packages/airflow/example_dags/example_setup_teardown_taskflow.py
[2024-10-18T23:31:49.562+0000] {processor.py:839} INFO - DAG(s) dict_keys(['example_setup_teardown_taskflow']) retrieved from /home/airflow/.local/lib/python3.8/site-packages/airflow/example_dags/example_setup_teardown_taskflow.py
[2024-10-18T23:31:49.790+0000] {logging_mixin.py:151} INFO - [2024-10-18T23:31:49.789+0000] {dag.py:2941} INFO - Sync 1 DAGs
[2024-10-18T23:31:49.961+0000] {logging_mixin.py:151} INFO - [2024-10-18T23:31:49.960+0000] {dag.py:3722} INFO - Setting next_dagrun for example_setup_teardown_taskflow to 2024-10-17T23:31:49.957057+00:00, run_after=2024-10-18T23:31:49.957057+00:00
[2024-10-18T23:31:50.211+0000] {processor.py:179} INFO - Processing /home/airflow/.local/lib/python3.8/site-packages/airflow/example_dags/example_setup_teardown_taskflow.py took 0.842 seconds
[2024-10-18T23:32:20.628+0000] {processor.py:157} INFO - Started process (PID=149) to work on /home/airflow/.local/lib/python3.8/site-packages/airflow/example_dags/example_setup_teardown_taskflow.py
[2024-10-18T23:32:20.630+0000] {processor.py:829} INFO - Processing file /home/airflow/.local/lib/python3.8/site-packages/airflow/example_dags/example_setup_teardown_taskflow.py for tasks to queue
[2024-10-18T23:32:20.633+0000] {logging_mixin.py:151} INFO - [2024-10-18T23:32:20.633+0000] {dagbag.py:536} INFO - Filling up the DagBag from /home/airflow/.local/lib/python3.8/site-packages/airflow/example_dags/example_setup_teardown_taskflow.py
[2024-10-18T23:32:20.662+0000] {processor.py:839} INFO - DAG(s) dict_keys(['example_setup_teardown_taskflow']) retrieved from /home/airflow/.local/lib/python3.8/site-packages/airflow/example_dags/example_setup_teardown_taskflow.py
[2024-10-18T23:32:20.713+0000] {logging_mixin.py:151} INFO - [2024-10-18T23:32:20.712+0000] {dag.py:2941} INFO - Sync 1 DAGs
[2024-10-18T23:32:20.777+0000] {logging_mixin.py:151} INFO - [2024-10-18T23:32:20.777+0000] {dag.py:3722} INFO - Setting next_dagrun for example_setup_teardown_taskflow to 2024-10-17T23:32:20.776524+00:00, run_after=2024-10-18T23:32:20.776524+00:00
[2024-10-18T23:32:20.843+0000] {processor.py:179} INFO - Processing /home/airflow/.local/lib/python3.8/site-packages/airflow/example_dags/example_setup_teardown_taskflow.py took 0.224 seconds
[2024-10-18T23:32:52.113+0000] {processor.py:157} INFO - Started process (PID=203) to work on /home/airflow/.local/lib/python3.8/site-packages/airflow/example_dags/example_setup_teardown_taskflow.py
[2024-10-18T23:32:52.115+0000] {processor.py:829} INFO - Processing file /home/airflow/.local/lib/python3.8/site-packages/airflow/example_dags/example_setup_teardown_taskflow.py for tasks to queue
[2024-10-18T23:32:52.118+0000] {logging_mixin.py:151} INFO - [2024-10-18T23:32:52.118+0000] {dagbag.py:536} INFO - Filling up the DagBag from /home/airflow/.local/lib/python3.8/site-packages/airflow/example_dags/example_setup_teardown_taskflow.py
[2024-10-18T23:32:52.141+0000] {processor.py:839} INFO - DAG(s) dict_keys(['example_setup_teardown_taskflow']) retrieved from /home/airflow/.local/lib/python3.8/site-packages/airflow/example_dags/example_setup_teardown_taskflow.py
[2024-10-18T23:32:52.183+0000] {logging_mixin.py:151} INFO - [2024-10-18T23:32:52.183+0000] {dag.py:2941} INFO - Sync 1 DAGs
[2024-10-18T23:32:52.228+0000] {logging_mixin.py:151} INFO - [2024-10-18T23:32:52.228+0000] {dag.py:3722} INFO - Setting next_dagrun for example_setup_teardown_taskflow to 2024-10-17T23:32:52.227096+00:00, run_after=2024-10-18T23:32:52.227096+00:00
[2024-10-18T23:32:52.261+0000] {processor.py:179} INFO - Processing /home/airflow/.local/lib/python3.8/site-packages/airflow/example_dags/example_setup_teardown_taskflow.py took 0.155 seconds
[2024-10-18T23:33:22.942+0000] {processor.py:157} INFO - Started process (PID=255) to work on /home/airflow/.local/lib/python3.8/site-packages/airflow/example_dags/example_setup_teardown_taskflow.py
[2024-10-18T23:33:22.943+0000] {processor.py:829} INFO - Processing file /home/airflow/.local/lib/python3.8/site-packages/airflow/example_dags/example_setup_teardown_taskflow.py for tasks to queue
[2024-10-18T23:33:22.947+0000] {logging_mixin.py:151} INFO - [2024-10-18T23:33:22.946+0000] {dagbag.py:536} INFO - Filling up the DagBag from /home/airflow/.local/lib/python3.8/site-packages/airflow/example_dags/example_setup_teardown_taskflow.py
[2024-10-18T23:33:22.970+0000] {processor.py:839} INFO - DAG(s) dict_keys(['example_setup_teardown_taskflow']) retrieved from /home/airflow/.local/lib/python3.8/site-packages/airflow/example_dags/example_setup_teardown_taskflow.py
[2024-10-18T23:33:23.084+0000] {logging_mixin.py:151} INFO - [2024-10-18T23:33:23.083+0000] {dag.py:2941} INFO - Sync 1 DAGs
[2024-10-18T23:33:23.148+0000] {logging_mixin.py:151} INFO - [2024-10-18T23:33:23.148+0000] {dag.py:3722} INFO - Setting next_dagrun for example_setup_teardown_taskflow to 2024-10-17T23:33:23.147950+00:00, run_after=2024-10-18T23:33:23.147950+00:00
[2024-10-18T23:33:23.205+0000] {processor.py:179} INFO - Processing /home/airflow/.local/lib/python3.8/site-packages/airflow/example_dags/example_setup_teardown_taskflow.py took 0.269 seconds
[2024-10-18T23:33:54.082+0000] {processor.py:157} INFO - Started process (PID=309) to work on /home/airflow/.local/lib/python3.8/site-packages/airflow/example_dags/example_setup_teardown_taskflow.py
[2024-10-18T23:33:54.084+0000] {processor.py:829} INFO - Processing file /home/airflow/.local/lib/python3.8/site-packages/airflow/example_dags/example_setup_teardown_taskflow.py for tasks to queue
[2024-10-18T23:33:54.090+0000] {logging_mixin.py:151} INFO - [2024-10-18T23:33:54.090+0000] {dagbag.py:536} INFO - Filling up the DagBag from /home/airflow/.local/lib/python3.8/site-packages/airflow/example_dags/example_setup_teardown_taskflow.py
[2024-10-18T23:33:54.113+0000] {processor.py:839} INFO - DAG(s) dict_keys(['example_setup_teardown_taskflow']) retrieved from /home/airflow/.local/lib/python3.8/site-packages/airflow/example_dags/example_setup_teardown_taskflow.py
[2024-10-18T23:33:54.186+0000] {logging_mixin.py:151} INFO - [2024-10-18T23:33:54.186+0000] {dag.py:2941} INFO - Sync 1 DAGs
[2024-10-18T23:33:54.281+0000] {logging_mixin.py:151} INFO - [2024-10-18T23:33:54.280+0000] {dag.py:3722} INFO - Setting next_dagrun for example_setup_teardown_taskflow to 2024-10-17T23:33:54.279684+00:00, run_after=2024-10-18T23:33:54.279684+00:00
[2024-10-18T23:33:54.419+0000] {processor.py:179} INFO - Processing /home/airflow/.local/lib/python3.8/site-packages/airflow/example_dags/example_setup_teardown_taskflow.py took 0.344 seconds
[2024-10-18T23:34:24.872+0000] {processor.py:157} INFO - Started process (PID=363) to work on /home/airflow/.local/lib/python3.8/site-packages/airflow/example_dags/example_setup_teardown_taskflow.py
[2024-10-18T23:34:24.874+0000] {processor.py:829} INFO - Processing file /home/airflow/.local/lib/python3.8/site-packages/airflow/example_dags/example_setup_teardown_taskflow.py for tasks to queue
[2024-10-18T23:34:24.879+0000] {logging_mixin.py:151} INFO - [2024-10-18T23:34:24.879+0000] {dagbag.py:536} INFO - Filling up the DagBag from /home/airflow/.local/lib/python3.8/site-packages/airflow/example_dags/example_setup_teardown_taskflow.py
[2024-10-18T23:34:24.904+0000] {processor.py:839} INFO - DAG(s) dict_keys(['example_setup_teardown_taskflow']) retrieved from /home/airflow/.local/lib/python3.8/site-packages/airflow/example_dags/example_setup_teardown_taskflow.py
[2024-10-18T23:34:24.964+0000] {logging_mixin.py:151} INFO - [2024-10-18T23:34:24.963+0000] {dag.py:2941} INFO - Sync 1 DAGs
[2024-10-18T23:34:25.017+0000] {logging_mixin.py:151} INFO - [2024-10-18T23:34:25.017+0000] {dag.py:3722} INFO - Setting next_dagrun for example_setup_teardown_taskflow to 2024-10-17T23:34:25.016919+00:00, run_after=2024-10-18T23:34:25.016919+00:00
[2024-10-18T23:34:25.069+0000] {processor.py:179} INFO - Processing /home/airflow/.local/lib/python3.8/site-packages/airflow/example_dags/example_setup_teardown_taskflow.py took 0.204 seconds
[2024-10-18T23:34:55.574+0000] {processor.py:157} INFO - Started process (PID=417) to work on /home/airflow/.local/lib/python3.8/site-packages/airflow/example_dags/example_setup_teardown_taskflow.py
[2024-10-18T23:34:55.583+0000] {processor.py:829} INFO - Processing file /home/airflow/.local/lib/python3.8/site-packages/airflow/example_dags/example_setup_teardown_taskflow.py for tasks to queue
[2024-10-18T23:34:55.593+0000] {logging_mixin.py:151} INFO - [2024-10-18T23:34:55.592+0000] {dagbag.py:536} INFO - Filling up the DagBag from /home/airflow/.local/lib/python3.8/site-packages/airflow/example_dags/example_setup_teardown_taskflow.py
[2024-10-18T23:34:55.650+0000] {processor.py:839} INFO - DAG(s) dict_keys(['example_setup_teardown_taskflow']) retrieved from /home/airflow/.local/lib/python3.8/site-packages/airflow/example_dags/example_setup_teardown_taskflow.py
[2024-10-18T23:34:55.709+0000] {logging_mixin.py:151} INFO - [2024-10-18T23:34:55.708+0000] {dag.py:2941} INFO - Sync 1 DAGs
[2024-10-18T23:34:55.769+0000] {logging_mixin.py:151} INFO - [2024-10-18T23:34:55.769+0000] {dag.py:3722} INFO - Setting next_dagrun for example_setup_teardown_taskflow to 2024-10-17T23:34:55.769072+00:00, run_after=2024-10-18T23:34:55.769072+00:00
[2024-10-18T23:34:55.817+0000] {processor.py:179} INFO - Processing /home/airflow/.local/lib/python3.8/site-packages/airflow/example_dags/example_setup_teardown_taskflow.py took 0.251 seconds
[2024-10-18T23:35:26.027+0000] {processor.py:157} INFO - Started process (PID=470) to work on /home/airflow/.local/lib/python3.8/site-packages/airflow/example_dags/example_setup_teardown_taskflow.py
[2024-10-18T23:35:26.030+0000] {processor.py:829} INFO - Processing file /home/airflow/.local/lib/python3.8/site-packages/airflow/example_dags/example_setup_teardown_taskflow.py for tasks to queue
[2024-10-18T23:35:26.034+0000] {logging_mixin.py:151} INFO - [2024-10-18T23:35:26.033+0000] {dagbag.py:536} INFO - Filling up the DagBag from /home/airflow/.local/lib/python3.8/site-packages/airflow/example_dags/example_setup_teardown_taskflow.py
[2024-10-18T23:35:26.054+0000] {processor.py:839} INFO - DAG(s) dict_keys(['example_setup_teardown_taskflow']) retrieved from /home/airflow/.local/lib/python3.8/site-packages/airflow/example_dags/example_setup_teardown_taskflow.py
[2024-10-18T23:35:26.114+0000] {logging_mixin.py:151} INFO - [2024-10-18T23:35:26.114+0000] {dag.py:2941} INFO - Sync 1 DAGs
[2024-10-18T23:35:26.190+0000] {logging_mixin.py:151} INFO - [2024-10-18T23:35:26.190+0000] {dag.py:3722} INFO - Setting next_dagrun for example_setup_teardown_taskflow to 2024-10-17T23:35:26.189395+00:00, run_after=2024-10-18T23:35:26.189395+00:00
[2024-10-18T23:35:26.332+0000] {processor.py:179} INFO - Processing /home/airflow/.local/lib/python3.8/site-packages/airflow/example_dags/example_setup_teardown_taskflow.py took 0.312 seconds
[2024-10-18T23:35:57.046+0000] {processor.py:157} INFO - Started process (PID=524) to work on /home/airflow/.local/lib/python3.8/site-packages/airflow/example_dags/example_setup_teardown_taskflow.py
[2024-10-18T23:35:57.049+0000] {processor.py:829} INFO - Processing file /home/airflow/.local/lib/python3.8/site-packages/airflow/example_dags/example_setup_teardown_taskflow.py for tasks to queue
[2024-10-18T23:35:57.055+0000] {logging_mixin.py:151} INFO - [2024-10-18T23:35:57.054+0000] {dagbag.py:536} INFO - Filling up the DagBag from /home/airflow/.local/lib/python3.8/site-packages/airflow/example_dags/example_setup_teardown_taskflow.py
[2024-10-18T23:35:57.080+0000] {processor.py:839} INFO - DAG(s) dict_keys(['example_setup_teardown_taskflow']) retrieved from /home/airflow/.local/lib/python3.8/site-packages/airflow/example_dags/example_setup_teardown_taskflow.py
[2024-10-18T23:35:57.148+0000] {logging_mixin.py:151} INFO - [2024-10-18T23:35:57.147+0000] {dag.py:2941} INFO - Sync 1 DAGs
[2024-10-18T23:35:57.200+0000] {logging_mixin.py:151} INFO - [2024-10-18T23:35:57.200+0000] {dag.py:3722} INFO - Setting next_dagrun for example_setup_teardown_taskflow to 2024-10-17T23:35:57.199375+00:00, run_after=2024-10-18T23:35:57.199375+00:00
[2024-10-18T23:35:57.244+0000] {processor.py:179} INFO - Processing /home/airflow/.local/lib/python3.8/site-packages/airflow/example_dags/example_setup_teardown_taskflow.py took 0.208 seconds
[2024-10-18T23:38:55.511+0000] {processor.py:157} INFO - Started process (PID=95) to work on /home/airflow/.local/lib/python3.8/site-packages/airflow/example_dags/example_setup_teardown_taskflow.py
[2024-10-18T23:38:55.514+0000] {processor.py:829} INFO - Processing file /home/airflow/.local/lib/python3.8/site-packages/airflow/example_dags/example_setup_teardown_taskflow.py for tasks to queue
[2024-10-18T23:38:55.522+0000] {logging_mixin.py:151} INFO - [2024-10-18T23:38:55.521+0000] {dagbag.py:536} INFO - Filling up the DagBag from /home/airflow/.local/lib/python3.8/site-packages/airflow/example_dags/example_setup_teardown_taskflow.py
[2024-10-18T23:38:55.558+0000] {processor.py:839} INFO - DAG(s) dict_keys(['example_setup_teardown_taskflow']) retrieved from /home/airflow/.local/lib/python3.8/site-packages/airflow/example_dags/example_setup_teardown_taskflow.py
[2024-10-18T23:38:55.709+0000] {logging_mixin.py:151} INFO - [2024-10-18T23:38:55.708+0000] {dag.py:2941} INFO - Sync 1 DAGs
[2024-10-18T23:38:55.796+0000] {logging_mixin.py:151} INFO - [2024-10-18T23:38:55.795+0000] {dag.py:3722} INFO - Setting next_dagrun for example_setup_teardown_taskflow to 2024-10-17T23:38:55.794918+00:00, run_after=2024-10-18T23:38:55.794918+00:00
[2024-10-18T23:38:55.845+0000] {processor.py:179} INFO - Processing /home/airflow/.local/lib/python3.8/site-packages/airflow/example_dags/example_setup_teardown_taskflow.py took 0.342 seconds
[2024-10-18T23:39:26.435+0000] {processor.py:157} INFO - Started process (PID=149) to work on /home/airflow/.local/lib/python3.8/site-packages/airflow/example_dags/example_setup_teardown_taskflow.py
[2024-10-18T23:39:26.439+0000] {processor.py:829} INFO - Processing file /home/airflow/.local/lib/python3.8/site-packages/airflow/example_dags/example_setup_teardown_taskflow.py for tasks to queue
[2024-10-18T23:39:26.445+0000] {logging_mixin.py:151} INFO - [2024-10-18T23:39:26.444+0000] {dagbag.py:536} INFO - Filling up the DagBag from /home/airflow/.local/lib/python3.8/site-packages/airflow/example_dags/example_setup_teardown_taskflow.py
[2024-10-18T23:39:26.479+0000] {processor.py:839} INFO - DAG(s) dict_keys(['example_setup_teardown_taskflow']) retrieved from /home/airflow/.local/lib/python3.8/site-packages/airflow/example_dags/example_setup_teardown_taskflow.py
[2024-10-18T23:39:26.551+0000] {logging_mixin.py:151} INFO - [2024-10-18T23:39:26.550+0000] {dag.py:2941} INFO - Sync 1 DAGs
[2024-10-18T23:39:26.597+0000] {logging_mixin.py:151} INFO - [2024-10-18T23:39:26.597+0000] {dag.py:3722} INFO - Setting next_dagrun for example_setup_teardown_taskflow to 2024-10-17T23:39:26.596624+00:00, run_after=2024-10-18T23:39:26.596624+00:00
[2024-10-18T23:39:26.644+0000] {processor.py:179} INFO - Processing /home/airflow/.local/lib/python3.8/site-packages/airflow/example_dags/example_setup_teardown_taskflow.py took 0.216 seconds
[2024-10-18T23:39:57.610+0000] {processor.py:157} INFO - Started process (PID=203) to work on /home/airflow/.local/lib/python3.8/site-packages/airflow/example_dags/example_setup_teardown_taskflow.py
[2024-10-18T23:39:57.611+0000] {processor.py:829} INFO - Processing file /home/airflow/.local/lib/python3.8/site-packages/airflow/example_dags/example_setup_teardown_taskflow.py for tasks to queue
[2024-10-18T23:39:57.615+0000] {logging_mixin.py:151} INFO - [2024-10-18T23:39:57.614+0000] {dagbag.py:536} INFO - Filling up the DagBag from /home/airflow/.local/lib/python3.8/site-packages/airflow/example_dags/example_setup_teardown_taskflow.py
[2024-10-18T23:39:57.639+0000] {processor.py:839} INFO - DAG(s) dict_keys(['example_setup_teardown_taskflow']) retrieved from /home/airflow/.local/lib/python3.8/site-packages/airflow/example_dags/example_setup_teardown_taskflow.py
[2024-10-18T23:39:57.682+0000] {logging_mixin.py:151} INFO - [2024-10-18T23:39:57.682+0000] {dag.py:2941} INFO - Sync 1 DAGs
[2024-10-18T23:39:57.724+0000] {logging_mixin.py:151} INFO - [2024-10-18T23:39:57.724+0000] {dag.py:3722} INFO - Setting next_dagrun for example_setup_teardown_taskflow to 2024-10-17T23:39:57.724205+00:00, run_after=2024-10-18T23:39:57.724205+00:00
[2024-10-18T23:39:57.765+0000] {processor.py:179} INFO - Processing /home/airflow/.local/lib/python3.8/site-packages/airflow/example_dags/example_setup_teardown_taskflow.py took 0.161 seconds
[2024-10-18T23:40:27.844+0000] {processor.py:157} INFO - Started process (PID=256) to work on /home/airflow/.local/lib/python3.8/site-packages/airflow/example_dags/example_setup_teardown_taskflow.py
[2024-10-18T23:40:27.846+0000] {processor.py:829} INFO - Processing file /home/airflow/.local/lib/python3.8/site-packages/airflow/example_dags/example_setup_teardown_taskflow.py for tasks to queue
[2024-10-18T23:40:27.850+0000] {logging_mixin.py:151} INFO - [2024-10-18T23:40:27.850+0000] {dagbag.py:536} INFO - Filling up the DagBag from /home/airflow/.local/lib/python3.8/site-packages/airflow/example_dags/example_setup_teardown_taskflow.py
[2024-10-18T23:40:27.878+0000] {processor.py:839} INFO - DAG(s) dict_keys(['example_setup_teardown_taskflow']) retrieved from /home/airflow/.local/lib/python3.8/site-packages/airflow/example_dags/example_setup_teardown_taskflow.py
[2024-10-18T23:40:28.031+0000] {logging_mixin.py:151} INFO - [2024-10-18T23:40:28.030+0000] {dag.py:2941} INFO - Sync 1 DAGs
[2024-10-18T23:40:28.073+0000] {logging_mixin.py:151} INFO - [2024-10-18T23:40:28.072+0000] {dag.py:3722} INFO - Setting next_dagrun for example_setup_teardown_taskflow to 2024-10-17T23:40:28.072323+00:00, run_after=2024-10-18T23:40:28.072323+00:00
[2024-10-18T23:40:28.124+0000] {processor.py:179} INFO - Processing /home/airflow/.local/lib/python3.8/site-packages/airflow/example_dags/example_setup_teardown_taskflow.py took 0.288 seconds
[2024-10-18T23:41:16.985+0000] {processor.py:157} INFO - Started process (PID=299) to work on /home/airflow/.local/lib/python3.8/site-packages/airflow/example_dags/example_setup_teardown_taskflow.py
[2024-10-18T23:41:16.987+0000] {processor.py:829} INFO - Processing file /home/airflow/.local/lib/python3.8/site-packages/airflow/example_dags/example_setup_teardown_taskflow.py for tasks to queue
[2024-10-18T23:41:16.996+0000] {logging_mixin.py:151} INFO - [2024-10-18T23:41:16.995+0000] {dagbag.py:536} INFO - Filling up the DagBag from /home/airflow/.local/lib/python3.8/site-packages/airflow/example_dags/example_setup_teardown_taskflow.py
[2024-10-18T23:41:17.020+0000] {processor.py:839} INFO - DAG(s) dict_keys(['example_setup_teardown_taskflow']) retrieved from /home/airflow/.local/lib/python3.8/site-packages/airflow/example_dags/example_setup_teardown_taskflow.py
[2024-10-18T23:41:17.076+0000] {logging_mixin.py:151} INFO - [2024-10-18T23:41:17.076+0000] {dag.py:2941} INFO - Sync 1 DAGs
[2024-10-18T23:41:17.136+0000] {logging_mixin.py:151} INFO - [2024-10-18T23:41:17.136+0000] {dag.py:3722} INFO - Setting next_dagrun for example_setup_teardown_taskflow to 2024-10-17T23:41:17.135878+00:00, run_after=2024-10-18T23:41:17.135878+00:00
[2024-10-18T23:41:17.183+0000] {processor.py:179} INFO - Processing /home/airflow/.local/lib/python3.8/site-packages/airflow/example_dags/example_setup_teardown_taskflow.py took 0.205 seconds
[2024-10-18T23:42:17.633+0000] {processor.py:157} INFO - Started process (PID=360) to work on /home/airflow/.local/lib/python3.8/site-packages/airflow/example_dags/example_setup_teardown_taskflow.py
[2024-10-18T23:42:17.651+0000] {processor.py:829} INFO - Processing file /home/airflow/.local/lib/python3.8/site-packages/airflow/example_dags/example_setup_teardown_taskflow.py for tasks to queue
[2024-10-18T23:42:17.703+0000] {logging_mixin.py:151} INFO - [2024-10-18T23:42:17.690+0000] {dagbag.py:536} INFO - Filling up the DagBag from /home/airflow/.local/lib/python3.8/site-packages/airflow/example_dags/example_setup_teardown_taskflow.py
[2024-10-18T23:42:17.941+0000] {processor.py:839} INFO - DAG(s) dict_keys(['example_setup_teardown_taskflow']) retrieved from /home/airflow/.local/lib/python3.8/site-packages/airflow/example_dags/example_setup_teardown_taskflow.py
[2024-10-18T23:42:20.105+0000] {logging_mixin.py:151} INFO - [2024-10-18T23:42:19.332+0000] {dag.py:2941} INFO - Sync 1 DAGs
[2024-10-18T23:42:20.720+0000] {logging_mixin.py:151} INFO - [2024-10-18T23:42:20.719+0000] {dag.py:3722} INFO - Setting next_dagrun for example_setup_teardown_taskflow to 2024-10-17T23:42:20.628805+00:00, run_after=2024-10-18T23:42:20.628805+00:00
[2024-10-18T23:42:22.229+0000] {processor.py:179} INFO - Processing /home/airflow/.local/lib/python3.8/site-packages/airflow/example_dags/example_setup_teardown_taskflow.py took 4.725 seconds
[2024-10-18T23:43:26.548+0000] {processor.py:157} INFO - Started process (PID=422) to work on /home/airflow/.local/lib/python3.8/site-packages/airflow/example_dags/example_setup_teardown_taskflow.py
[2024-10-18T23:43:26.550+0000] {processor.py:829} INFO - Processing file /home/airflow/.local/lib/python3.8/site-packages/airflow/example_dags/example_setup_teardown_taskflow.py for tasks to queue
[2024-10-18T23:43:26.557+0000] {logging_mixin.py:151} INFO - [2024-10-18T23:43:26.556+0000] {dagbag.py:536} INFO - Filling up the DagBag from /home/airflow/.local/lib/python3.8/site-packages/airflow/example_dags/example_setup_teardown_taskflow.py
[2024-10-18T23:43:26.617+0000] {processor.py:839} INFO - DAG(s) dict_keys(['example_setup_teardown_taskflow']) retrieved from /home/airflow/.local/lib/python3.8/site-packages/airflow/example_dags/example_setup_teardown_taskflow.py
[2024-10-18T23:43:26.719+0000] {logging_mixin.py:151} INFO - [2024-10-18T23:43:26.719+0000] {dag.py:2941} INFO - Sync 1 DAGs
[2024-10-18T23:43:26.844+0000] {logging_mixin.py:151} INFO - [2024-10-18T23:43:26.844+0000] {dag.py:3722} INFO - Setting next_dagrun for example_setup_teardown_taskflow to 2024-10-17T23:43:26.844020+00:00, run_after=2024-10-18T23:43:26.844020+00:00
[2024-10-18T23:43:26.947+0000] {processor.py:179} INFO - Processing /home/airflow/.local/lib/python3.8/site-packages/airflow/example_dags/example_setup_teardown_taskflow.py took 0.448 seconds
[2024-10-18T23:43:57.552+0000] {processor.py:157} INFO - Started process (PID=473) to work on /home/airflow/.local/lib/python3.8/site-packages/airflow/example_dags/example_setup_teardown_taskflow.py
[2024-10-18T23:43:57.554+0000] {processor.py:829} INFO - Processing file /home/airflow/.local/lib/python3.8/site-packages/airflow/example_dags/example_setup_teardown_taskflow.py for tasks to queue
[2024-10-18T23:43:57.559+0000] {logging_mixin.py:151} INFO - [2024-10-18T23:43:57.559+0000] {dagbag.py:536} INFO - Filling up the DagBag from /home/airflow/.local/lib/python3.8/site-packages/airflow/example_dags/example_setup_teardown_taskflow.py
[2024-10-18T23:43:57.606+0000] {processor.py:839} INFO - DAG(s) dict_keys(['example_setup_teardown_taskflow']) retrieved from /home/airflow/.local/lib/python3.8/site-packages/airflow/example_dags/example_setup_teardown_taskflow.py
[2024-10-18T23:43:57.668+0000] {logging_mixin.py:151} INFO - [2024-10-18T23:43:57.668+0000] {dag.py:2941} INFO - Sync 1 DAGs
[2024-10-18T23:43:57.910+0000] {logging_mixin.py:151} INFO - [2024-10-18T23:43:57.909+0000] {dag.py:3722} INFO - Setting next_dagrun for example_setup_teardown_taskflow to 2024-10-17T23:43:57.905751+00:00, run_after=2024-10-18T23:43:57.905751+00:00
[2024-10-18T23:43:57.958+0000] {processor.py:179} INFO - Processing /home/airflow/.local/lib/python3.8/site-packages/airflow/example_dags/example_setup_teardown_taskflow.py took 0.415 seconds
[2024-10-18T23:44:33.529+0000] {processor.py:157} INFO - Started process (PID=527) to work on /home/airflow/.local/lib/python3.8/site-packages/airflow/example_dags/example_setup_teardown_taskflow.py
[2024-10-18T23:44:33.536+0000] {processor.py:829} INFO - Processing file /home/airflow/.local/lib/python3.8/site-packages/airflow/example_dags/example_setup_teardown_taskflow.py for tasks to queue
[2024-10-18T23:44:33.542+0000] {logging_mixin.py:151} INFO - [2024-10-18T23:44:33.541+0000] {dagbag.py:536} INFO - Filling up the DagBag from /home/airflow/.local/lib/python3.8/site-packages/airflow/example_dags/example_setup_teardown_taskflow.py
[2024-10-18T23:44:33.577+0000] {processor.py:839} INFO - DAG(s) dict_keys(['example_setup_teardown_taskflow']) retrieved from /home/airflow/.local/lib/python3.8/site-packages/airflow/example_dags/example_setup_teardown_taskflow.py
[2024-10-18T23:44:33.670+0000] {logging_mixin.py:151} INFO - [2024-10-18T23:44:33.670+0000] {dag.py:2941} INFO - Sync 1 DAGs
[2024-10-18T23:44:33.836+0000] {logging_mixin.py:151} INFO - [2024-10-18T23:44:33.836+0000] {dag.py:3722} INFO - Setting next_dagrun for example_setup_teardown_taskflow to 2024-10-17T23:44:33.835606+00:00, run_after=2024-10-18T23:44:33.835606+00:00
[2024-10-18T23:44:33.882+0000] {processor.py:179} INFO - Processing /home/airflow/.local/lib/python3.8/site-packages/airflow/example_dags/example_setup_teardown_taskflow.py took 0.361 seconds
[2024-10-18T23:45:04.631+0000] {processor.py:157} INFO - Started process (PID=578) to work on /home/airflow/.local/lib/python3.8/site-packages/airflow/example_dags/example_setup_teardown_taskflow.py
[2024-10-18T23:45:04.643+0000] {processor.py:829} INFO - Processing file /home/airflow/.local/lib/python3.8/site-packages/airflow/example_dags/example_setup_teardown_taskflow.py for tasks to queue
[2024-10-18T23:45:04.664+0000] {logging_mixin.py:151} INFO - [2024-10-18T23:45:04.663+0000] {dagbag.py:536} INFO - Filling up the DagBag from /home/airflow/.local/lib/python3.8/site-packages/airflow/example_dags/example_setup_teardown_taskflow.py
[2024-10-18T23:45:04.757+0000] {processor.py:839} INFO - DAG(s) dict_keys(['example_setup_teardown_taskflow']) retrieved from /home/airflow/.local/lib/python3.8/site-packages/airflow/example_dags/example_setup_teardown_taskflow.py
[2024-10-18T23:45:05.030+0000] {logging_mixin.py:151} INFO - [2024-10-18T23:45:05.029+0000] {dag.py:2941} INFO - Sync 1 DAGs
[2024-10-18T23:45:05.268+0000] {logging_mixin.py:151} INFO - [2024-10-18T23:45:05.265+0000] {dag.py:3722} INFO - Setting next_dagrun for example_setup_teardown_taskflow to 2024-10-17T23:45:05.264577+00:00, run_after=2024-10-18T23:45:05.264577+00:00
[2024-10-18T23:45:05.451+0000] {processor.py:179} INFO - Processing /home/airflow/.local/lib/python3.8/site-packages/airflow/example_dags/example_setup_teardown_taskflow.py took 0.833 seconds
[2024-10-18T23:45:35.911+0000] {processor.py:157} INFO - Started process (PID=631) to work on /home/airflow/.local/lib/python3.8/site-packages/airflow/example_dags/example_setup_teardown_taskflow.py
[2024-10-18T23:45:35.913+0000] {processor.py:829} INFO - Processing file /home/airflow/.local/lib/python3.8/site-packages/airflow/example_dags/example_setup_teardown_taskflow.py for tasks to queue
[2024-10-18T23:45:35.919+0000] {logging_mixin.py:151} INFO - [2024-10-18T23:45:35.918+0000] {dagbag.py:536} INFO - Filling up the DagBag from /home/airflow/.local/lib/python3.8/site-packages/airflow/example_dags/example_setup_teardown_taskflow.py
[2024-10-18T23:45:35.943+0000] {processor.py:839} INFO - DAG(s) dict_keys(['example_setup_teardown_taskflow']) retrieved from /home/airflow/.local/lib/python3.8/site-packages/airflow/example_dags/example_setup_teardown_taskflow.py
[2024-10-18T23:45:35.992+0000] {logging_mixin.py:151} INFO - [2024-10-18T23:45:35.992+0000] {dag.py:2941} INFO - Sync 1 DAGs
[2024-10-18T23:45:36.042+0000] {logging_mixin.py:151} INFO - [2024-10-18T23:45:36.042+0000] {dag.py:3722} INFO - Setting next_dagrun for example_setup_teardown_taskflow to 2024-10-17T23:45:36.042061+00:00, run_after=2024-10-18T23:45:36.042061+00:00
[2024-10-18T23:45:36.079+0000] {processor.py:179} INFO - Processing /home/airflow/.local/lib/python3.8/site-packages/airflow/example_dags/example_setup_teardown_taskflow.py took 0.177 seconds
[2024-10-18T23:46:06.435+0000] {processor.py:157} INFO - Started process (PID=684) to work on /home/airflow/.local/lib/python3.8/site-packages/airflow/example_dags/example_setup_teardown_taskflow.py
[2024-10-18T23:46:06.440+0000] {processor.py:829} INFO - Processing file /home/airflow/.local/lib/python3.8/site-packages/airflow/example_dags/example_setup_teardown_taskflow.py for tasks to queue
[2024-10-18T23:46:06.447+0000] {logging_mixin.py:151} INFO - [2024-10-18T23:46:06.446+0000] {dagbag.py:536} INFO - Filling up the DagBag from /home/airflow/.local/lib/python3.8/site-packages/airflow/example_dags/example_setup_teardown_taskflow.py
[2024-10-18T23:46:06.478+0000] {processor.py:839} INFO - DAG(s) dict_keys(['example_setup_teardown_taskflow']) retrieved from /home/airflow/.local/lib/python3.8/site-packages/airflow/example_dags/example_setup_teardown_taskflow.py
[2024-10-18T23:46:06.562+0000] {logging_mixin.py:151} INFO - [2024-10-18T23:46:06.561+0000] {dag.py:2941} INFO - Sync 1 DAGs
[2024-10-18T23:46:06.597+0000] {logging_mixin.py:151} INFO - [2024-10-18T23:46:06.596+0000] {dag.py:3722} INFO - Setting next_dagrun for example_setup_teardown_taskflow to 2024-10-17T23:46:06.595530+00:00, run_after=2024-10-18T23:46:06.595530+00:00
[2024-10-18T23:46:06.655+0000] {processor.py:179} INFO - Processing /home/airflow/.local/lib/python3.8/site-packages/airflow/example_dags/example_setup_teardown_taskflow.py took 0.229 seconds
[2024-10-18T23:46:37.406+0000] {processor.py:157} INFO - Started process (PID=738) to work on /home/airflow/.local/lib/python3.8/site-packages/airflow/example_dags/example_setup_teardown_taskflow.py
[2024-10-18T23:46:37.408+0000] {processor.py:829} INFO - Processing file /home/airflow/.local/lib/python3.8/site-packages/airflow/example_dags/example_setup_teardown_taskflow.py for tasks to queue
[2024-10-18T23:46:37.414+0000] {logging_mixin.py:151} INFO - [2024-10-18T23:46:37.413+0000] {dagbag.py:536} INFO - Filling up the DagBag from /home/airflow/.local/lib/python3.8/site-packages/airflow/example_dags/example_setup_teardown_taskflow.py
[2024-10-18T23:46:37.434+0000] {processor.py:839} INFO - DAG(s) dict_keys(['example_setup_teardown_taskflow']) retrieved from /home/airflow/.local/lib/python3.8/site-packages/airflow/example_dags/example_setup_teardown_taskflow.py
[2024-10-18T23:46:37.475+0000] {logging_mixin.py:151} INFO - [2024-10-18T23:46:37.475+0000] {dag.py:2941} INFO - Sync 1 DAGs
[2024-10-18T23:46:37.522+0000] {logging_mixin.py:151} INFO - [2024-10-18T23:46:37.522+0000] {dag.py:3722} INFO - Setting next_dagrun for example_setup_teardown_taskflow to 2024-10-17T23:46:37.521232+00:00, run_after=2024-10-18T23:46:37.521232+00:00
[2024-10-18T23:46:37.558+0000] {processor.py:179} INFO - Processing /home/airflow/.local/lib/python3.8/site-packages/airflow/example_dags/example_setup_teardown_taskflow.py took 0.160 seconds
[2024-10-18T23:47:08.279+0000] {processor.py:157} INFO - Started process (PID=791) to work on /home/airflow/.local/lib/python3.8/site-packages/airflow/example_dags/example_setup_teardown_taskflow.py
[2024-10-18T23:47:08.281+0000] {processor.py:829} INFO - Processing file /home/airflow/.local/lib/python3.8/site-packages/airflow/example_dags/example_setup_teardown_taskflow.py for tasks to queue
[2024-10-18T23:47:08.286+0000] {logging_mixin.py:151} INFO - [2024-10-18T23:47:08.285+0000] {dagbag.py:536} INFO - Filling up the DagBag from /home/airflow/.local/lib/python3.8/site-packages/airflow/example_dags/example_setup_teardown_taskflow.py
[2024-10-18T23:47:08.305+0000] {processor.py:839} INFO - DAG(s) dict_keys(['example_setup_teardown_taskflow']) retrieved from /home/airflow/.local/lib/python3.8/site-packages/airflow/example_dags/example_setup_teardown_taskflow.py
[2024-10-18T23:47:08.356+0000] {logging_mixin.py:151} INFO - [2024-10-18T23:47:08.356+0000] {dag.py:2941} INFO - Sync 1 DAGs
[2024-10-18T23:47:08.400+0000] {logging_mixin.py:151} INFO - [2024-10-18T23:47:08.399+0000] {dag.py:3722} INFO - Setting next_dagrun for example_setup_teardown_taskflow to 2024-10-17T23:47:08.399356+00:00, run_after=2024-10-18T23:47:08.399356+00:00
[2024-10-18T23:47:08.444+0000] {processor.py:179} INFO - Processing /home/airflow/.local/lib/python3.8/site-packages/airflow/example_dags/example_setup_teardown_taskflow.py took 0.171 seconds
[2024-10-18T23:47:38.752+0000] {processor.py:157} INFO - Started process (PID=845) to work on /home/airflow/.local/lib/python3.8/site-packages/airflow/example_dags/example_setup_teardown_taskflow.py
[2024-10-18T23:47:38.768+0000] {processor.py:829} INFO - Processing file /home/airflow/.local/lib/python3.8/site-packages/airflow/example_dags/example_setup_teardown_taskflow.py for tasks to queue
[2024-10-18T23:47:38.778+0000] {logging_mixin.py:151} INFO - [2024-10-18T23:47:38.777+0000] {dagbag.py:536} INFO - Filling up the DagBag from /home/airflow/.local/lib/python3.8/site-packages/airflow/example_dags/example_setup_teardown_taskflow.py
[2024-10-18T23:47:38.830+0000] {processor.py:839} INFO - DAG(s) dict_keys(['example_setup_teardown_taskflow']) retrieved from /home/airflow/.local/lib/python3.8/site-packages/airflow/example_dags/example_setup_teardown_taskflow.py
[2024-10-18T23:47:38.913+0000] {logging_mixin.py:151} INFO - [2024-10-18T23:47:38.913+0000] {dag.py:2941} INFO - Sync 1 DAGs
[2024-10-18T23:47:39.117+0000] {logging_mixin.py:151} INFO - [2024-10-18T23:47:39.116+0000] {dag.py:3722} INFO - Setting next_dagrun for example_setup_teardown_taskflow to 2024-10-17T23:47:39.099738+00:00, run_after=2024-10-18T23:47:39.099738+00:00
[2024-10-18T23:47:39.218+0000] {processor.py:179} INFO - Processing /home/airflow/.local/lib/python3.8/site-packages/airflow/example_dags/example_setup_teardown_taskflow.py took 0.480 seconds
[2024-10-18T23:48:09.776+0000] {processor.py:157} INFO - Started process (PID=899) to work on /home/airflow/.local/lib/python3.8/site-packages/airflow/example_dags/example_setup_teardown_taskflow.py
[2024-10-18T23:48:09.782+0000] {processor.py:829} INFO - Processing file /home/airflow/.local/lib/python3.8/site-packages/airflow/example_dags/example_setup_teardown_taskflow.py for tasks to queue
[2024-10-18T23:48:09.792+0000] {logging_mixin.py:151} INFO - [2024-10-18T23:48:09.791+0000] {dagbag.py:536} INFO - Filling up the DagBag from /home/airflow/.local/lib/python3.8/site-packages/airflow/example_dags/example_setup_teardown_taskflow.py
[2024-10-18T23:48:09.842+0000] {processor.py:839} INFO - DAG(s) dict_keys(['example_setup_teardown_taskflow']) retrieved from /home/airflow/.local/lib/python3.8/site-packages/airflow/example_dags/example_setup_teardown_taskflow.py
[2024-10-18T23:48:09.924+0000] {logging_mixin.py:151} INFO - [2024-10-18T23:48:09.924+0000] {dag.py:2941} INFO - Sync 1 DAGs
[2024-10-18T23:48:10.058+0000] {logging_mixin.py:151} INFO - [2024-10-18T23:48:10.057+0000] {dag.py:3722} INFO - Setting next_dagrun for example_setup_teardown_taskflow to 2024-10-17T23:48:10.056951+00:00, run_after=2024-10-18T23:48:10.056951+00:00
[2024-10-18T23:48:10.108+0000] {processor.py:179} INFO - Processing /home/airflow/.local/lib/python3.8/site-packages/airflow/example_dags/example_setup_teardown_taskflow.py took 0.352 seconds
[2024-10-18T23:48:55.366+0000] {processor.py:157} INFO - Started process (PID=962) to work on /home/airflow/.local/lib/python3.8/site-packages/airflow/example_dags/example_setup_teardown_taskflow.py
[2024-10-18T23:48:55.368+0000] {processor.py:829} INFO - Processing file /home/airflow/.local/lib/python3.8/site-packages/airflow/example_dags/example_setup_teardown_taskflow.py for tasks to queue
[2024-10-18T23:48:55.372+0000] {logging_mixin.py:151} INFO - [2024-10-18T23:48:55.372+0000] {dagbag.py:536} INFO - Filling up the DagBag from /home/airflow/.local/lib/python3.8/site-packages/airflow/example_dags/example_setup_teardown_taskflow.py
[2024-10-18T23:48:55.409+0000] {processor.py:839} INFO - DAG(s) dict_keys(['example_setup_teardown_taskflow']) retrieved from /home/airflow/.local/lib/python3.8/site-packages/airflow/example_dags/example_setup_teardown_taskflow.py
[2024-10-18T23:48:55.869+0000] {logging_mixin.py:151} INFO - [2024-10-18T23:48:55.869+0000] {dag.py:2941} INFO - Sync 1 DAGs
[2024-10-18T23:48:55.947+0000] {logging_mixin.py:151} INFO - [2024-10-18T23:48:55.944+0000] {dag.py:3722} INFO - Setting next_dagrun for example_setup_teardown_taskflow to 2024-10-17T23:48:55.940799+00:00, run_after=2024-10-18T23:48:55.940799+00:00
[2024-10-18T23:48:56.013+0000] {processor.py:179} INFO - Processing /home/airflow/.local/lib/python3.8/site-packages/airflow/example_dags/example_setup_teardown_taskflow.py took 0.655 seconds
[2024-10-18T23:49:28.054+0000] {processor.py:157} INFO - Started process (PID=1014) to work on /home/airflow/.local/lib/python3.8/site-packages/airflow/example_dags/example_setup_teardown_taskflow.py
[2024-10-18T23:49:28.067+0000] {processor.py:829} INFO - Processing file /home/airflow/.local/lib/python3.8/site-packages/airflow/example_dags/example_setup_teardown_taskflow.py for tasks to queue
[2024-10-18T23:49:28.166+0000] {logging_mixin.py:151} INFO - [2024-10-18T23:49:28.144+0000] {dagbag.py:536} INFO - Filling up the DagBag from /home/airflow/.local/lib/python3.8/site-packages/airflow/example_dags/example_setup_teardown_taskflow.py
[2024-10-18T23:49:28.254+0000] {processor.py:839} INFO - DAG(s) dict_keys(['example_setup_teardown_taskflow']) retrieved from /home/airflow/.local/lib/python3.8/site-packages/airflow/example_dags/example_setup_teardown_taskflow.py
[2024-10-18T23:49:28.886+0000] {logging_mixin.py:151} INFO - [2024-10-18T23:49:28.869+0000] {dag.py:2941} INFO - Sync 1 DAGs
[2024-10-18T23:49:29.247+0000] {logging_mixin.py:151} INFO - [2024-10-18T23:49:29.181+0000] {dag.py:3722} INFO - Setting next_dagrun for example_setup_teardown_taskflow to 2024-10-17T23:49:29.173070+00:00, run_after=2024-10-18T23:49:29.173070+00:00
[2024-10-18T23:49:29.478+0000] {processor.py:179} INFO - Processing /home/airflow/.local/lib/python3.8/site-packages/airflow/example_dags/example_setup_teardown_taskflow.py took 1.453 seconds
[2024-10-18T23:50:15.941+0000] {processor.py:157} INFO - Started process (PID=1062) to work on /home/airflow/.local/lib/python3.8/site-packages/airflow/example_dags/example_setup_teardown_taskflow.py
[2024-10-18T23:50:15.970+0000] {processor.py:829} INFO - Processing file /home/airflow/.local/lib/python3.8/site-packages/airflow/example_dags/example_setup_teardown_taskflow.py for tasks to queue
[2024-10-18T23:50:16.012+0000] {logging_mixin.py:151} INFO - [2024-10-18T23:50:15.993+0000] {dagbag.py:536} INFO - Filling up the DagBag from /home/airflow/.local/lib/python3.8/site-packages/airflow/example_dags/example_setup_teardown_taskflow.py
[2024-10-18T23:50:16.238+0000] {processor.py:839} INFO - DAG(s) dict_keys(['example_setup_teardown_taskflow']) retrieved from /home/airflow/.local/lib/python3.8/site-packages/airflow/example_dags/example_setup_teardown_taskflow.py
[2024-10-18T23:50:17.524+0000] {logging_mixin.py:151} INFO - [2024-10-18T23:50:17.520+0000] {dag.py:2941} INFO - Sync 1 DAGs
[2024-10-18T23:50:17.831+0000] {logging_mixin.py:151} INFO - [2024-10-18T23:50:17.821+0000] {dag.py:3722} INFO - Setting next_dagrun for example_setup_teardown_taskflow to 2024-10-17T23:50:17.804097+00:00, run_after=2024-10-18T23:50:17.804097+00:00
[2024-10-18T23:50:18.066+0000] {processor.py:179} INFO - Processing /home/airflow/.local/lib/python3.8/site-packages/airflow/example_dags/example_setup_teardown_taskflow.py took 2.180 seconds
[2024-10-18T23:50:48.350+0000] {processor.py:157} INFO - Started process (PID=1115) to work on /home/airflow/.local/lib/python3.8/site-packages/airflow/example_dags/example_setup_teardown_taskflow.py
[2024-10-18T23:50:48.355+0000] {processor.py:829} INFO - Processing file /home/airflow/.local/lib/python3.8/site-packages/airflow/example_dags/example_setup_teardown_taskflow.py for tasks to queue
[2024-10-18T23:50:48.362+0000] {logging_mixin.py:151} INFO - [2024-10-18T23:50:48.361+0000] {dagbag.py:536} INFO - Filling up the DagBag from /home/airflow/.local/lib/python3.8/site-packages/airflow/example_dags/example_setup_teardown_taskflow.py
[2024-10-18T23:50:48.395+0000] {processor.py:839} INFO - DAG(s) dict_keys(['example_setup_teardown_taskflow']) retrieved from /home/airflow/.local/lib/python3.8/site-packages/airflow/example_dags/example_setup_teardown_taskflow.py
[2024-10-18T23:50:48.465+0000] {logging_mixin.py:151} INFO - [2024-10-18T23:50:48.465+0000] {dag.py:2941} INFO - Sync 1 DAGs
[2024-10-18T23:50:48.552+0000] {logging_mixin.py:151} INFO - [2024-10-18T23:50:48.551+0000] {dag.py:3722} INFO - Setting next_dagrun for example_setup_teardown_taskflow to 2024-10-17T23:50:48.551177+00:00, run_after=2024-10-18T23:50:48.551177+00:00
[2024-10-18T23:50:48.621+0000] {processor.py:179} INFO - Processing /home/airflow/.local/lib/python3.8/site-packages/airflow/example_dags/example_setup_teardown_taskflow.py took 0.280 seconds
[2024-10-18T23:51:18.911+0000] {processor.py:157} INFO - Started process (PID=1168) to work on /home/airflow/.local/lib/python3.8/site-packages/airflow/example_dags/example_setup_teardown_taskflow.py
[2024-10-18T23:51:18.912+0000] {processor.py:829} INFO - Processing file /home/airflow/.local/lib/python3.8/site-packages/airflow/example_dags/example_setup_teardown_taskflow.py for tasks to queue
[2024-10-18T23:51:18.918+0000] {logging_mixin.py:151} INFO - [2024-10-18T23:51:18.917+0000] {dagbag.py:536} INFO - Filling up the DagBag from /home/airflow/.local/lib/python3.8/site-packages/airflow/example_dags/example_setup_teardown_taskflow.py
[2024-10-18T23:51:18.940+0000] {processor.py:839} INFO - DAG(s) dict_keys(['example_setup_teardown_taskflow']) retrieved from /home/airflow/.local/lib/python3.8/site-packages/airflow/example_dags/example_setup_teardown_taskflow.py
[2024-10-18T23:51:18.986+0000] {logging_mixin.py:151} INFO - [2024-10-18T23:51:18.986+0000] {dag.py:2941} INFO - Sync 1 DAGs
[2024-10-18T23:51:19.041+0000] {logging_mixin.py:151} INFO - [2024-10-18T23:51:19.041+0000] {dag.py:3722} INFO - Setting next_dagrun for example_setup_teardown_taskflow to 2024-10-17T23:51:19.040252+00:00, run_after=2024-10-18T23:51:19.040252+00:00
[2024-10-18T23:51:19.113+0000] {processor.py:179} INFO - Processing /home/airflow/.local/lib/python3.8/site-packages/airflow/example_dags/example_setup_teardown_taskflow.py took 0.209 seconds
[2024-10-18T23:51:49.704+0000] {processor.py:157} INFO - Started process (PID=1222) to work on /home/airflow/.local/lib/python3.8/site-packages/airflow/example_dags/example_setup_teardown_taskflow.py
[2024-10-18T23:51:49.706+0000] {processor.py:829} INFO - Processing file /home/airflow/.local/lib/python3.8/site-packages/airflow/example_dags/example_setup_teardown_taskflow.py for tasks to queue
[2024-10-18T23:51:49.712+0000] {logging_mixin.py:151} INFO - [2024-10-18T23:51:49.711+0000] {dagbag.py:536} INFO - Filling up the DagBag from /home/airflow/.local/lib/python3.8/site-packages/airflow/example_dags/example_setup_teardown_taskflow.py
[2024-10-18T23:51:49.736+0000] {processor.py:839} INFO - DAG(s) dict_keys(['example_setup_teardown_taskflow']) retrieved from /home/airflow/.local/lib/python3.8/site-packages/airflow/example_dags/example_setup_teardown_taskflow.py
[2024-10-18T23:51:49.788+0000] {logging_mixin.py:151} INFO - [2024-10-18T23:51:49.788+0000] {dag.py:2941} INFO - Sync 1 DAGs
[2024-10-18T23:51:50.108+0000] {logging_mixin.py:151} INFO - [2024-10-18T23:51:50.108+0000] {dag.py:3722} INFO - Setting next_dagrun for example_setup_teardown_taskflow to 2024-10-17T23:51:50.107341+00:00, run_after=2024-10-18T23:51:50.107341+00:00
[2024-10-18T23:51:50.150+0000] {processor.py:179} INFO - Processing /home/airflow/.local/lib/python3.8/site-packages/airflow/example_dags/example_setup_teardown_taskflow.py took 0.454 seconds
[2024-10-18T23:52:21.459+0000] {processor.py:157} INFO - Started process (PID=1276) to work on /home/airflow/.local/lib/python3.8/site-packages/airflow/example_dags/example_setup_teardown_taskflow.py
[2024-10-18T23:52:21.467+0000] {processor.py:829} INFO - Processing file /home/airflow/.local/lib/python3.8/site-packages/airflow/example_dags/example_setup_teardown_taskflow.py for tasks to queue
[2024-10-18T23:52:21.484+0000] {logging_mixin.py:151} INFO - [2024-10-18T23:52:21.475+0000] {dagbag.py:536} INFO - Filling up the DagBag from /home/airflow/.local/lib/python3.8/site-packages/airflow/example_dags/example_setup_teardown_taskflow.py
[2024-10-18T23:52:21.536+0000] {processor.py:839} INFO - DAG(s) dict_keys(['example_setup_teardown_taskflow']) retrieved from /home/airflow/.local/lib/python3.8/site-packages/airflow/example_dags/example_setup_teardown_taskflow.py
[2024-10-18T23:52:21.747+0000] {logging_mixin.py:151} INFO - [2024-10-18T23:52:21.745+0000] {dag.py:2941} INFO - Sync 1 DAGs
[2024-10-18T23:52:21.851+0000] {logging_mixin.py:151} INFO - [2024-10-18T23:52:21.850+0000] {dag.py:3722} INFO - Setting next_dagrun for example_setup_teardown_taskflow to 2024-10-17T23:52:21.848950+00:00, run_after=2024-10-18T23:52:21.848950+00:00
[2024-10-18T23:52:22.190+0000] {processor.py:179} INFO - Processing /home/airflow/.local/lib/python3.8/site-packages/airflow/example_dags/example_setup_teardown_taskflow.py took 0.755 seconds
[2024-10-18T23:52:52.690+0000] {processor.py:157} INFO - Started process (PID=1329) to work on /home/airflow/.local/lib/python3.8/site-packages/airflow/example_dags/example_setup_teardown_taskflow.py
[2024-10-18T23:52:52.693+0000] {processor.py:829} INFO - Processing file /home/airflow/.local/lib/python3.8/site-packages/airflow/example_dags/example_setup_teardown_taskflow.py for tasks to queue
[2024-10-18T23:52:52.697+0000] {logging_mixin.py:151} INFO - [2024-10-18T23:52:52.696+0000] {dagbag.py:536} INFO - Filling up the DagBag from /home/airflow/.local/lib/python3.8/site-packages/airflow/example_dags/example_setup_teardown_taskflow.py
[2024-10-18T23:52:52.718+0000] {processor.py:839} INFO - DAG(s) dict_keys(['example_setup_teardown_taskflow']) retrieved from /home/airflow/.local/lib/python3.8/site-packages/airflow/example_dags/example_setup_teardown_taskflow.py
[2024-10-18T23:52:52.761+0000] {logging_mixin.py:151} INFO - [2024-10-18T23:52:52.761+0000] {dag.py:2941} INFO - Sync 1 DAGs
[2024-10-18T23:52:52.809+0000] {logging_mixin.py:151} INFO - [2024-10-18T23:52:52.809+0000] {dag.py:3722} INFO - Setting next_dagrun for example_setup_teardown_taskflow to 2024-10-17T23:52:52.808753+00:00, run_after=2024-10-18T23:52:52.808753+00:00
[2024-10-18T23:52:52.847+0000] {processor.py:179} INFO - Processing /home/airflow/.local/lib/python3.8/site-packages/airflow/example_dags/example_setup_teardown_taskflow.py took 0.163 seconds
[2024-10-18T23:53:44.779+0000] {processor.py:157} INFO - Started process (PID=1381) to work on /home/airflow/.local/lib/python3.8/site-packages/airflow/example_dags/example_setup_teardown_taskflow.py
[2024-10-18T23:53:44.784+0000] {processor.py:829} INFO - Processing file /home/airflow/.local/lib/python3.8/site-packages/airflow/example_dags/example_setup_teardown_taskflow.py for tasks to queue
[2024-10-18T23:53:44.792+0000] {logging_mixin.py:151} INFO - [2024-10-18T23:53:44.791+0000] {dagbag.py:536} INFO - Filling up the DagBag from /home/airflow/.local/lib/python3.8/site-packages/airflow/example_dags/example_setup_teardown_taskflow.py
[2024-10-18T23:53:44.851+0000] {processor.py:839} INFO - DAG(s) dict_keys(['example_setup_teardown_taskflow']) retrieved from /home/airflow/.local/lib/python3.8/site-packages/airflow/example_dags/example_setup_teardown_taskflow.py
[2024-10-18T23:53:45.744+0000] {logging_mixin.py:151} INFO - [2024-10-18T23:53:45.716+0000] {dag.py:2941} INFO - Sync 1 DAGs
[2024-10-18T23:53:46.044+0000] {logging_mixin.py:151} INFO - [2024-10-18T23:53:46.030+0000] {dag.py:3722} INFO - Setting next_dagrun for example_setup_teardown_taskflow to 2024-10-17T23:53:46.030306+00:00, run_after=2024-10-18T23:53:46.030306+00:00
[2024-10-18T23:53:46.237+0000] {processor.py:179} INFO - Processing /home/airflow/.local/lib/python3.8/site-packages/airflow/example_dags/example_setup_teardown_taskflow.py took 1.497 seconds
[2024-10-18T23:54:16.590+0000] {processor.py:157} INFO - Started process (PID=1435) to work on /home/airflow/.local/lib/python3.8/site-packages/airflow/example_dags/example_setup_teardown_taskflow.py
[2024-10-18T23:54:16.592+0000] {processor.py:829} INFO - Processing file /home/airflow/.local/lib/python3.8/site-packages/airflow/example_dags/example_setup_teardown_taskflow.py for tasks to queue
[2024-10-18T23:54:16.597+0000] {logging_mixin.py:151} INFO - [2024-10-18T23:54:16.596+0000] {dagbag.py:536} INFO - Filling up the DagBag from /home/airflow/.local/lib/python3.8/site-packages/airflow/example_dags/example_setup_teardown_taskflow.py
[2024-10-18T23:54:16.620+0000] {processor.py:839} INFO - DAG(s) dict_keys(['example_setup_teardown_taskflow']) retrieved from /home/airflow/.local/lib/python3.8/site-packages/airflow/example_dags/example_setup_teardown_taskflow.py
[2024-10-18T23:54:16.668+0000] {logging_mixin.py:151} INFO - [2024-10-18T23:54:16.667+0000] {dag.py:2941} INFO - Sync 1 DAGs
[2024-10-18T23:54:17.198+0000] {logging_mixin.py:151} INFO - [2024-10-18T23:54:17.198+0000] {dag.py:3722} INFO - Setting next_dagrun for example_setup_teardown_taskflow to 2024-10-17T23:54:17.197821+00:00, run_after=2024-10-18T23:54:17.197821+00:00
[2024-10-18T23:54:17.280+0000] {processor.py:179} INFO - Processing /home/airflow/.local/lib/python3.8/site-packages/airflow/example_dags/example_setup_teardown_taskflow.py took 0.698 seconds
[2024-10-18T23:54:47.547+0000] {processor.py:157} INFO - Started process (PID=1489) to work on /home/airflow/.local/lib/python3.8/site-packages/airflow/example_dags/example_setup_teardown_taskflow.py
[2024-10-18T23:54:47.549+0000] {processor.py:829} INFO - Processing file /home/airflow/.local/lib/python3.8/site-packages/airflow/example_dags/example_setup_teardown_taskflow.py for tasks to queue
[2024-10-18T23:54:47.554+0000] {logging_mixin.py:151} INFO - [2024-10-18T23:54:47.553+0000] {dagbag.py:536} INFO - Filling up the DagBag from /home/airflow/.local/lib/python3.8/site-packages/airflow/example_dags/example_setup_teardown_taskflow.py
[2024-10-18T23:54:47.573+0000] {processor.py:839} INFO - DAG(s) dict_keys(['example_setup_teardown_taskflow']) retrieved from /home/airflow/.local/lib/python3.8/site-packages/airflow/example_dags/example_setup_teardown_taskflow.py
[2024-10-18T23:54:47.611+0000] {logging_mixin.py:151} INFO - [2024-10-18T23:54:47.611+0000] {dag.py:2941} INFO - Sync 1 DAGs
[2024-10-18T23:54:47.661+0000] {logging_mixin.py:151} INFO - [2024-10-18T23:54:47.660+0000] {dag.py:3722} INFO - Setting next_dagrun for example_setup_teardown_taskflow to 2024-10-17T23:54:47.660365+00:00, run_after=2024-10-18T23:54:47.660365+00:00
[2024-10-18T23:54:47.701+0000] {processor.py:179} INFO - Processing /home/airflow/.local/lib/python3.8/site-packages/airflow/example_dags/example_setup_teardown_taskflow.py took 0.159 seconds
[2024-10-18T23:55:20.128+0000] {processor.py:157} INFO - Started process (PID=1540) to work on /home/airflow/.local/lib/python3.8/site-packages/airflow/example_dags/example_setup_teardown_taskflow.py
[2024-10-18T23:55:20.135+0000] {processor.py:829} INFO - Processing file /home/airflow/.local/lib/python3.8/site-packages/airflow/example_dags/example_setup_teardown_taskflow.py for tasks to queue
[2024-10-18T23:55:20.144+0000] {logging_mixin.py:151} INFO - [2024-10-18T23:55:20.143+0000] {dagbag.py:536} INFO - Filling up the DagBag from /home/airflow/.local/lib/python3.8/site-packages/airflow/example_dags/example_setup_teardown_taskflow.py
[2024-10-18T23:55:20.195+0000] {processor.py:839} INFO - DAG(s) dict_keys(['example_setup_teardown_taskflow']) retrieved from /home/airflow/.local/lib/python3.8/site-packages/airflow/example_dags/example_setup_teardown_taskflow.py
[2024-10-18T23:55:20.388+0000] {logging_mixin.py:151} INFO - [2024-10-18T23:55:20.387+0000] {dag.py:2941} INFO - Sync 1 DAGs
[2024-10-18T23:55:20.593+0000] {logging_mixin.py:151} INFO - [2024-10-18T23:55:20.593+0000] {dag.py:3722} INFO - Setting next_dagrun for example_setup_teardown_taskflow to 2024-10-17T23:55:20.585436+00:00, run_after=2024-10-18T23:55:20.585436+00:00
[2024-10-18T23:55:20.757+0000] {processor.py:179} INFO - Processing /home/airflow/.local/lib/python3.8/site-packages/airflow/example_dags/example_setup_teardown_taskflow.py took 0.666 seconds
[2024-10-18T23:55:53.093+0000] {processor.py:157} INFO - Started process (PID=1594) to work on /home/airflow/.local/lib/python3.8/site-packages/airflow/example_dags/example_setup_teardown_taskflow.py
[2024-10-18T23:55:53.109+0000] {processor.py:829} INFO - Processing file /home/airflow/.local/lib/python3.8/site-packages/airflow/example_dags/example_setup_teardown_taskflow.py for tasks to queue
[2024-10-18T23:55:53.140+0000] {logging_mixin.py:151} INFO - [2024-10-18T23:55:53.117+0000] {dagbag.py:536} INFO - Filling up the DagBag from /home/airflow/.local/lib/python3.8/site-packages/airflow/example_dags/example_setup_teardown_taskflow.py
[2024-10-18T23:55:53.350+0000] {processor.py:839} INFO - DAG(s) dict_keys(['example_setup_teardown_taskflow']) retrieved from /home/airflow/.local/lib/python3.8/site-packages/airflow/example_dags/example_setup_teardown_taskflow.py
[2024-10-18T23:55:55.275+0000] {logging_mixin.py:151} INFO - [2024-10-18T23:55:55.181+0000] {dag.py:2941} INFO - Sync 1 DAGs
[2024-10-18T23:55:55.817+0000] {logging_mixin.py:151} INFO - [2024-10-18T23:55:55.801+0000] {dag.py:3722} INFO - Setting next_dagrun for example_setup_teardown_taskflow to 2024-10-17T23:55:55.785801+00:00, run_after=2024-10-18T23:55:55.785801+00:00
[2024-10-18T23:55:56.052+0000] {processor.py:179} INFO - Processing /home/airflow/.local/lib/python3.8/site-packages/airflow/example_dags/example_setup_teardown_taskflow.py took 3.090 seconds
[2024-10-18T23:56:26.371+0000] {processor.py:157} INFO - Started process (PID=1648) to work on /home/airflow/.local/lib/python3.8/site-packages/airflow/example_dags/example_setup_teardown_taskflow.py
[2024-10-18T23:56:26.373+0000] {processor.py:829} INFO - Processing file /home/airflow/.local/lib/python3.8/site-packages/airflow/example_dags/example_setup_teardown_taskflow.py for tasks to queue
[2024-10-18T23:56:26.377+0000] {logging_mixin.py:151} INFO - [2024-10-18T23:56:26.377+0000] {dagbag.py:536} INFO - Filling up the DagBag from /home/airflow/.local/lib/python3.8/site-packages/airflow/example_dags/example_setup_teardown_taskflow.py
[2024-10-18T23:56:26.399+0000] {processor.py:839} INFO - DAG(s) dict_keys(['example_setup_teardown_taskflow']) retrieved from /home/airflow/.local/lib/python3.8/site-packages/airflow/example_dags/example_setup_teardown_taskflow.py
[2024-10-18T23:56:26.487+0000] {logging_mixin.py:151} INFO - [2024-10-18T23:56:26.486+0000] {dag.py:2941} INFO - Sync 1 DAGs
[2024-10-18T23:56:26.548+0000] {logging_mixin.py:151} INFO - [2024-10-18T23:56:26.548+0000] {dag.py:3722} INFO - Setting next_dagrun for example_setup_teardown_taskflow to 2024-10-17T23:56:26.547695+00:00, run_after=2024-10-18T23:56:26.547695+00:00
[2024-10-18T23:56:26.589+0000] {processor.py:179} INFO - Processing /home/airflow/.local/lib/python3.8/site-packages/airflow/example_dags/example_setup_teardown_taskflow.py took 0.225 seconds
[2024-10-18T23:57:08.154+0000] {processor.py:157} INFO - Started process (PID=1707) to work on /home/airflow/.local/lib/python3.8/site-packages/airflow/example_dags/example_setup_teardown_taskflow.py
[2024-10-18T23:57:08.158+0000] {processor.py:829} INFO - Processing file /home/airflow/.local/lib/python3.8/site-packages/airflow/example_dags/example_setup_teardown_taskflow.py for tasks to queue
[2024-10-18T23:57:08.193+0000] {logging_mixin.py:151} INFO - [2024-10-18T23:57:08.177+0000] {dagbag.py:536} INFO - Filling up the DagBag from /home/airflow/.local/lib/python3.8/site-packages/airflow/example_dags/example_setup_teardown_taskflow.py
[2024-10-18T23:57:09.074+0000] {processor.py:839} INFO - DAG(s) dict_keys(['example_setup_teardown_taskflow']) retrieved from /home/airflow/.local/lib/python3.8/site-packages/airflow/example_dags/example_setup_teardown_taskflow.py
[2024-10-18T23:57:12.256+0000] {logging_mixin.py:151} INFO - [2024-10-18T23:57:12.255+0000] {dag.py:2941} INFO - Sync 1 DAGs
[2024-10-18T23:57:12.454+0000] {logging_mixin.py:151} INFO - [2024-10-18T23:57:12.453+0000] {dag.py:3722} INFO - Setting next_dagrun for example_setup_teardown_taskflow to 2024-10-17T23:57:12.443869+00:00, run_after=2024-10-18T23:57:12.443869+00:00
[2024-10-18T23:57:12.616+0000] {processor.py:179} INFO - Processing /home/airflow/.local/lib/python3.8/site-packages/airflow/example_dags/example_setup_teardown_taskflow.py took 4.803 seconds
[2024-10-18T23:57:42.705+0000] {processor.py:157} INFO - Started process (PID=1761) to work on /home/airflow/.local/lib/python3.8/site-packages/airflow/example_dags/example_setup_teardown_taskflow.py
[2024-10-18T23:57:42.707+0000] {processor.py:829} INFO - Processing file /home/airflow/.local/lib/python3.8/site-packages/airflow/example_dags/example_setup_teardown_taskflow.py for tasks to queue
[2024-10-18T23:57:42.713+0000] {logging_mixin.py:151} INFO - [2024-10-18T23:57:42.711+0000] {dagbag.py:536} INFO - Filling up the DagBag from /home/airflow/.local/lib/python3.8/site-packages/airflow/example_dags/example_setup_teardown_taskflow.py
[2024-10-18T23:57:42.735+0000] {processor.py:839} INFO - DAG(s) dict_keys(['example_setup_teardown_taskflow']) retrieved from /home/airflow/.local/lib/python3.8/site-packages/airflow/example_dags/example_setup_teardown_taskflow.py
[2024-10-18T23:57:42.801+0000] {logging_mixin.py:151} INFO - [2024-10-18T23:57:42.801+0000] {dag.py:2941} INFO - Sync 1 DAGs
[2024-10-18T23:57:42.842+0000] {logging_mixin.py:151} INFO - [2024-10-18T23:57:42.842+0000] {dag.py:3722} INFO - Setting next_dagrun for example_setup_teardown_taskflow to 2024-10-17T23:57:42.841263+00:00, run_after=2024-10-18T23:57:42.841263+00:00
[2024-10-18T23:57:42.881+0000] {processor.py:179} INFO - Processing /home/airflow/.local/lib/python3.8/site-packages/airflow/example_dags/example_setup_teardown_taskflow.py took 0.184 seconds
[2024-10-18T23:58:13.345+0000] {processor.py:157} INFO - Started process (PID=1815) to work on /home/airflow/.local/lib/python3.8/site-packages/airflow/example_dags/example_setup_teardown_taskflow.py
[2024-10-18T23:58:13.349+0000] {processor.py:829} INFO - Processing file /home/airflow/.local/lib/python3.8/site-packages/airflow/example_dags/example_setup_teardown_taskflow.py for tasks to queue
[2024-10-18T23:58:13.359+0000] {logging_mixin.py:151} INFO - [2024-10-18T23:58:13.358+0000] {dagbag.py:536} INFO - Filling up the DagBag from /home/airflow/.local/lib/python3.8/site-packages/airflow/example_dags/example_setup_teardown_taskflow.py
[2024-10-18T23:58:13.522+0000] {processor.py:839} INFO - DAG(s) dict_keys(['example_setup_teardown_taskflow']) retrieved from /home/airflow/.local/lib/python3.8/site-packages/airflow/example_dags/example_setup_teardown_taskflow.py
[2024-10-18T23:58:13.643+0000] {logging_mixin.py:151} INFO - [2024-10-18T23:58:13.643+0000] {dag.py:2941} INFO - Sync 1 DAGs
[2024-10-18T23:58:13.711+0000] {logging_mixin.py:151} INFO - [2024-10-18T23:58:13.709+0000] {dag.py:3722} INFO - Setting next_dagrun for example_setup_teardown_taskflow to 2024-10-17T23:58:13.708088+00:00, run_after=2024-10-18T23:58:13.708088+00:00
[2024-10-18T23:58:13.763+0000] {processor.py:179} INFO - Processing /home/airflow/.local/lib/python3.8/site-packages/airflow/example_dags/example_setup_teardown_taskflow.py took 0.436 seconds
[2024-10-18T23:58:44.083+0000] {processor.py:157} INFO - Started process (PID=1870) to work on /home/airflow/.local/lib/python3.8/site-packages/airflow/example_dags/example_setup_teardown_taskflow.py
[2024-10-18T23:58:44.085+0000] {processor.py:829} INFO - Processing file /home/airflow/.local/lib/python3.8/site-packages/airflow/example_dags/example_setup_teardown_taskflow.py for tasks to queue
[2024-10-18T23:58:44.091+0000] {logging_mixin.py:151} INFO - [2024-10-18T23:58:44.090+0000] {dagbag.py:536} INFO - Filling up the DagBag from /home/airflow/.local/lib/python3.8/site-packages/airflow/example_dags/example_setup_teardown_taskflow.py
[2024-10-18T23:58:44.110+0000] {processor.py:839} INFO - DAG(s) dict_keys(['example_setup_teardown_taskflow']) retrieved from /home/airflow/.local/lib/python3.8/site-packages/airflow/example_dags/example_setup_teardown_taskflow.py
[2024-10-18T23:58:44.246+0000] {logging_mixin.py:151} INFO - [2024-10-18T23:58:44.246+0000] {dag.py:2941} INFO - Sync 1 DAGs
[2024-10-18T23:58:44.301+0000] {logging_mixin.py:151} INFO - [2024-10-18T23:58:44.300+0000] {dag.py:3722} INFO - Setting next_dagrun for example_setup_teardown_taskflow to 2024-10-17T23:58:44.298659+00:00, run_after=2024-10-18T23:58:44.298659+00:00
[2024-10-18T23:58:44.490+0000] {processor.py:179} INFO - Processing /home/airflow/.local/lib/python3.8/site-packages/airflow/example_dags/example_setup_teardown_taskflow.py took 0.415 seconds
[2024-10-18T23:59:14.609+0000] {processor.py:157} INFO - Started process (PID=1922) to work on /home/airflow/.local/lib/python3.8/site-packages/airflow/example_dags/example_setup_teardown_taskflow.py
[2024-10-18T23:59:14.613+0000] {processor.py:829} INFO - Processing file /home/airflow/.local/lib/python3.8/site-packages/airflow/example_dags/example_setup_teardown_taskflow.py for tasks to queue
[2024-10-18T23:59:14.648+0000] {logging_mixin.py:151} INFO - [2024-10-18T23:59:14.644+0000] {dagbag.py:536} INFO - Filling up the DagBag from /home/airflow/.local/lib/python3.8/site-packages/airflow/example_dags/example_setup_teardown_taskflow.py
[2024-10-18T23:59:14.745+0000] {processor.py:839} INFO - DAG(s) dict_keys(['example_setup_teardown_taskflow']) retrieved from /home/airflow/.local/lib/python3.8/site-packages/airflow/example_dags/example_setup_teardown_taskflow.py
[2024-10-18T23:59:14.892+0000] {logging_mixin.py:151} INFO - [2024-10-18T23:59:14.891+0000] {dag.py:2941} INFO - Sync 1 DAGs
[2024-10-18T23:59:14.993+0000] {logging_mixin.py:151} INFO - [2024-10-18T23:59:14.992+0000] {dag.py:3722} INFO - Setting next_dagrun for example_setup_teardown_taskflow to 2024-10-17T23:59:14.991627+00:00, run_after=2024-10-18T23:59:14.991627+00:00
[2024-10-18T23:59:15.056+0000] {processor.py:179} INFO - Processing /home/airflow/.local/lib/python3.8/site-packages/airflow/example_dags/example_setup_teardown_taskflow.py took 0.462 seconds
[2024-10-18T23:59:45.355+0000] {processor.py:157} INFO - Started process (PID=1975) to work on /home/airflow/.local/lib/python3.8/site-packages/airflow/example_dags/example_setup_teardown_taskflow.py
[2024-10-18T23:59:45.358+0000] {processor.py:829} INFO - Processing file /home/airflow/.local/lib/python3.8/site-packages/airflow/example_dags/example_setup_teardown_taskflow.py for tasks to queue
[2024-10-18T23:59:45.370+0000] {logging_mixin.py:151} INFO - [2024-10-18T23:59:45.366+0000] {dagbag.py:536} INFO - Filling up the DagBag from /home/airflow/.local/lib/python3.8/site-packages/airflow/example_dags/example_setup_teardown_taskflow.py
[2024-10-18T23:59:45.497+0000] {processor.py:839} INFO - DAG(s) dict_keys(['example_setup_teardown_taskflow']) retrieved from /home/airflow/.local/lib/python3.8/site-packages/airflow/example_dags/example_setup_teardown_taskflow.py
[2024-10-18T23:59:45.809+0000] {logging_mixin.py:151} INFO - [2024-10-18T23:59:45.804+0000] {dag.py:2941} INFO - Sync 1 DAGs
[2024-10-18T23:59:45.887+0000] {logging_mixin.py:151} INFO - [2024-10-18T23:59:45.886+0000] {dag.py:3722} INFO - Setting next_dagrun for example_setup_teardown_taskflow to 2024-10-17T23:59:45.881411+00:00, run_after=2024-10-18T23:59:45.881411+00:00
[2024-10-18T23:59:45.950+0000] {processor.py:179} INFO - Processing /home/airflow/.local/lib/python3.8/site-packages/airflow/example_dags/example_setup_teardown_taskflow.py took 0.652 seconds
