[2024-10-18T23:31:59.016+0000] {processor.py:157} INFO - Started process (PID=113) to work on /home/airflow/.local/lib/python3.8/site-packages/airflow/example_dags/example_task_group_decorator.py
[2024-10-18T23:31:59.021+0000] {processor.py:829} INFO - Processing file /home/airflow/.local/lib/python3.8/site-packages/airflow/example_dags/example_task_group_decorator.py for tasks to queue
[2024-10-18T23:31:59.065+0000] {logging_mixin.py:151} INFO - [2024-10-18T23:31:59.026+0000] {dagbag.py:536} INFO - Filling up the DagBag from /home/airflow/.local/lib/python3.8/site-packages/airflow/example_dags/example_task_group_decorator.py
[2024-10-18T23:31:59.356+0000] {processor.py:839} INFO - DAG(s) dict_keys(['example_task_group_decorator']) retrieved from /home/airflow/.local/lib/python3.8/site-packages/airflow/example_dags/example_task_group_decorator.py
[2024-10-18T23:32:00.885+0000] {logging_mixin.py:151} INFO - [2024-10-18T23:32:00.664+0000] {dag.py:2941} INFO - Sync 1 DAGs
[2024-10-18T23:32:01.606+0000] {logging_mixin.py:151} INFO - [2024-10-18T23:32:01.605+0000] {dag.py:3722} INFO - Setting next_dagrun for example_task_group_decorator to 2024-10-17T23:32:01.215271+00:00, run_after=2024-10-18T23:32:01.215271+00:00
[2024-10-18T23:32:01.796+0000] {processor.py:179} INFO - Processing /home/airflow/.local/lib/python3.8/site-packages/airflow/example_dags/example_task_group_decorator.py took 2.788 seconds
[2024-10-18T23:32:32.599+0000] {processor.py:157} INFO - Started process (PID=167) to work on /home/airflow/.local/lib/python3.8/site-packages/airflow/example_dags/example_task_group_decorator.py
[2024-10-18T23:32:32.608+0000] {processor.py:829} INFO - Processing file /home/airflow/.local/lib/python3.8/site-packages/airflow/example_dags/example_task_group_decorator.py for tasks to queue
[2024-10-18T23:32:32.625+0000] {logging_mixin.py:151} INFO - [2024-10-18T23:32:32.624+0000] {dagbag.py:536} INFO - Filling up the DagBag from /home/airflow/.local/lib/python3.8/site-packages/airflow/example_dags/example_task_group_decorator.py
[2024-10-18T23:32:32.728+0000] {processor.py:839} INFO - DAG(s) dict_keys(['example_task_group_decorator']) retrieved from /home/airflow/.local/lib/python3.8/site-packages/airflow/example_dags/example_task_group_decorator.py
[2024-10-18T23:32:32.852+0000] {logging_mixin.py:151} INFO - [2024-10-18T23:32:32.852+0000] {dag.py:2941} INFO - Sync 1 DAGs
[2024-10-18T23:32:32.937+0000] {logging_mixin.py:151} INFO - [2024-10-18T23:32:32.936+0000] {dag.py:3722} INFO - Setting next_dagrun for example_task_group_decorator to 2024-10-17T23:32:32.935978+00:00, run_after=2024-10-18T23:32:32.935978+00:00
[2024-10-18T23:32:33.016+0000] {processor.py:179} INFO - Processing /home/airflow/.local/lib/python3.8/site-packages/airflow/example_dags/example_task_group_decorator.py took 0.443 seconds
[2024-10-18T23:33:03.447+0000] {processor.py:157} INFO - Started process (PID=221) to work on /home/airflow/.local/lib/python3.8/site-packages/airflow/example_dags/example_task_group_decorator.py
[2024-10-18T23:33:03.448+0000] {processor.py:829} INFO - Processing file /home/airflow/.local/lib/python3.8/site-packages/airflow/example_dags/example_task_group_decorator.py for tasks to queue
[2024-10-18T23:33:03.453+0000] {logging_mixin.py:151} INFO - [2024-10-18T23:33:03.453+0000] {dagbag.py:536} INFO - Filling up the DagBag from /home/airflow/.local/lib/python3.8/site-packages/airflow/example_dags/example_task_group_decorator.py
[2024-10-18T23:33:03.496+0000] {processor.py:839} INFO - DAG(s) dict_keys(['example_task_group_decorator']) retrieved from /home/airflow/.local/lib/python3.8/site-packages/airflow/example_dags/example_task_group_decorator.py
[2024-10-18T23:33:03.568+0000] {logging_mixin.py:151} INFO - [2024-10-18T23:33:03.567+0000] {dag.py:2941} INFO - Sync 1 DAGs
[2024-10-18T23:33:03.628+0000] {logging_mixin.py:151} INFO - [2024-10-18T23:33:03.627+0000] {dag.py:3722} INFO - Setting next_dagrun for example_task_group_decorator to 2024-10-17T23:33:03.626016+00:00, run_after=2024-10-18T23:33:03.626016+00:00
[2024-10-18T23:33:03.684+0000] {processor.py:179} INFO - Processing /home/airflow/.local/lib/python3.8/site-packages/airflow/example_dags/example_task_group_decorator.py took 0.245 seconds
[2024-10-18T23:33:33.755+0000] {processor.py:157} INFO - Started process (PID=275) to work on /home/airflow/.local/lib/python3.8/site-packages/airflow/example_dags/example_task_group_decorator.py
[2024-10-18T23:33:33.757+0000] {processor.py:829} INFO - Processing file /home/airflow/.local/lib/python3.8/site-packages/airflow/example_dags/example_task_group_decorator.py for tasks to queue
[2024-10-18T23:33:33.762+0000] {logging_mixin.py:151} INFO - [2024-10-18T23:33:33.761+0000] {dagbag.py:536} INFO - Filling up the DagBag from /home/airflow/.local/lib/python3.8/site-packages/airflow/example_dags/example_task_group_decorator.py
[2024-10-18T23:33:33.800+0000] {processor.py:839} INFO - DAG(s) dict_keys(['example_task_group_decorator']) retrieved from /home/airflow/.local/lib/python3.8/site-packages/airflow/example_dags/example_task_group_decorator.py
[2024-10-18T23:33:33.871+0000] {logging_mixin.py:151} INFO - [2024-10-18T23:33:33.870+0000] {dag.py:2941} INFO - Sync 1 DAGs
[2024-10-18T23:33:33.924+0000] {logging_mixin.py:151} INFO - [2024-10-18T23:33:33.924+0000] {dag.py:3722} INFO - Setting next_dagrun for example_task_group_decorator to 2024-10-17T23:33:33.923500+00:00, run_after=2024-10-18T23:33:33.923500+00:00
[2024-10-18T23:33:34.010+0000] {processor.py:179} INFO - Processing /home/airflow/.local/lib/python3.8/site-packages/airflow/example_dags/example_task_group_decorator.py took 0.264 seconds
[2024-10-18T23:34:04.191+0000] {processor.py:157} INFO - Started process (PID=329) to work on /home/airflow/.local/lib/python3.8/site-packages/airflow/example_dags/example_task_group_decorator.py
[2024-10-18T23:34:04.195+0000] {processor.py:829} INFO - Processing file /home/airflow/.local/lib/python3.8/site-packages/airflow/example_dags/example_task_group_decorator.py for tasks to queue
[2024-10-18T23:34:04.207+0000] {logging_mixin.py:151} INFO - [2024-10-18T23:34:04.205+0000] {dagbag.py:536} INFO - Filling up the DagBag from /home/airflow/.local/lib/python3.8/site-packages/airflow/example_dags/example_task_group_decorator.py
[2024-10-18T23:34:04.316+0000] {processor.py:839} INFO - DAG(s) dict_keys(['example_task_group_decorator']) retrieved from /home/airflow/.local/lib/python3.8/site-packages/airflow/example_dags/example_task_group_decorator.py
[2024-10-18T23:34:04.500+0000] {logging_mixin.py:151} INFO - [2024-10-18T23:34:04.499+0000] {dag.py:2941} INFO - Sync 1 DAGs
[2024-10-18T23:34:04.651+0000] {logging_mixin.py:151} INFO - [2024-10-18T23:34:04.650+0000] {dag.py:3722} INFO - Setting next_dagrun for example_task_group_decorator to 2024-10-17T23:34:04.646827+00:00, run_after=2024-10-18T23:34:04.646827+00:00
[2024-10-18T23:34:04.723+0000] {processor.py:179} INFO - Processing /home/airflow/.local/lib/python3.8/site-packages/airflow/example_dags/example_task_group_decorator.py took 0.547 seconds
[2024-10-18T23:34:34.806+0000] {processor.py:157} INFO - Started process (PID=383) to work on /home/airflow/.local/lib/python3.8/site-packages/airflow/example_dags/example_task_group_decorator.py
[2024-10-18T23:34:34.812+0000] {processor.py:829} INFO - Processing file /home/airflow/.local/lib/python3.8/site-packages/airflow/example_dags/example_task_group_decorator.py for tasks to queue
[2024-10-18T23:34:34.821+0000] {logging_mixin.py:151} INFO - [2024-10-18T23:34:34.821+0000] {dagbag.py:536} INFO - Filling up the DagBag from /home/airflow/.local/lib/python3.8/site-packages/airflow/example_dags/example_task_group_decorator.py
[2024-10-18T23:34:34.858+0000] {processor.py:839} INFO - DAG(s) dict_keys(['example_task_group_decorator']) retrieved from /home/airflow/.local/lib/python3.8/site-packages/airflow/example_dags/example_task_group_decorator.py
[2024-10-18T23:34:34.924+0000] {logging_mixin.py:151} INFO - [2024-10-18T23:34:34.923+0000] {dag.py:2941} INFO - Sync 1 DAGs
[2024-10-18T23:34:34.980+0000] {logging_mixin.py:151} INFO - [2024-10-18T23:34:34.980+0000] {dag.py:3722} INFO - Setting next_dagrun for example_task_group_decorator to 2024-10-17T23:34:34.979964+00:00, run_after=2024-10-18T23:34:34.979964+00:00
[2024-10-18T23:34:35.026+0000] {processor.py:179} INFO - Processing /home/airflow/.local/lib/python3.8/site-packages/airflow/example_dags/example_task_group_decorator.py took 0.230 seconds
[2024-10-18T23:35:05.589+0000] {processor.py:157} INFO - Started process (PID=437) to work on /home/airflow/.local/lib/python3.8/site-packages/airflow/example_dags/example_task_group_decorator.py
[2024-10-18T23:35:05.594+0000] {processor.py:829} INFO - Processing file /home/airflow/.local/lib/python3.8/site-packages/airflow/example_dags/example_task_group_decorator.py for tasks to queue
[2024-10-18T23:35:05.611+0000] {logging_mixin.py:151} INFO - [2024-10-18T23:35:05.610+0000] {dagbag.py:536} INFO - Filling up the DagBag from /home/airflow/.local/lib/python3.8/site-packages/airflow/example_dags/example_task_group_decorator.py
[2024-10-18T23:35:05.650+0000] {processor.py:839} INFO - DAG(s) dict_keys(['example_task_group_decorator']) retrieved from /home/airflow/.local/lib/python3.8/site-packages/airflow/example_dags/example_task_group_decorator.py
[2024-10-18T23:35:05.721+0000] {logging_mixin.py:151} INFO - [2024-10-18T23:35:05.720+0000] {dag.py:2941} INFO - Sync 1 DAGs
[2024-10-18T23:35:05.779+0000] {logging_mixin.py:151} INFO - [2024-10-18T23:35:05.778+0000] {dag.py:3722} INFO - Setting next_dagrun for example_task_group_decorator to 2024-10-17T23:35:05.777942+00:00, run_after=2024-10-18T23:35:05.777942+00:00
[2024-10-18T23:35:05.827+0000] {processor.py:179} INFO - Processing /home/airflow/.local/lib/python3.8/site-packages/airflow/example_dags/example_task_group_decorator.py took 0.290 seconds
[2024-10-18T23:35:36.778+0000] {processor.py:157} INFO - Started process (PID=490) to work on /home/airflow/.local/lib/python3.8/site-packages/airflow/example_dags/example_task_group_decorator.py
[2024-10-18T23:35:36.780+0000] {processor.py:829} INFO - Processing file /home/airflow/.local/lib/python3.8/site-packages/airflow/example_dags/example_task_group_decorator.py for tasks to queue
[2024-10-18T23:35:36.785+0000] {logging_mixin.py:151} INFO - [2024-10-18T23:35:36.784+0000] {dagbag.py:536} INFO - Filling up the DagBag from /home/airflow/.local/lib/python3.8/site-packages/airflow/example_dags/example_task_group_decorator.py
[2024-10-18T23:35:36.826+0000] {processor.py:839} INFO - DAG(s) dict_keys(['example_task_group_decorator']) retrieved from /home/airflow/.local/lib/python3.8/site-packages/airflow/example_dags/example_task_group_decorator.py
[2024-10-18T23:35:36.881+0000] {logging_mixin.py:151} INFO - [2024-10-18T23:35:36.880+0000] {dag.py:2941} INFO - Sync 1 DAGs
[2024-10-18T23:35:36.940+0000] {logging_mixin.py:151} INFO - [2024-10-18T23:35:36.940+0000] {dag.py:3722} INFO - Setting next_dagrun for example_task_group_decorator to 2024-10-17T23:35:36.939722+00:00, run_after=2024-10-18T23:35:36.939722+00:00
[2024-10-18T23:35:36.981+0000] {processor.py:179} INFO - Processing /home/airflow/.local/lib/python3.8/site-packages/airflow/example_dags/example_task_group_decorator.py took 0.214 seconds
[2024-10-18T23:36:07.767+0000] {processor.py:157} INFO - Started process (PID=544) to work on /home/airflow/.local/lib/python3.8/site-packages/airflow/example_dags/example_task_group_decorator.py
[2024-10-18T23:36:07.772+0000] {processor.py:829} INFO - Processing file /home/airflow/.local/lib/python3.8/site-packages/airflow/example_dags/example_task_group_decorator.py for tasks to queue
[2024-10-18T23:36:07.798+0000] {logging_mixin.py:151} INFO - [2024-10-18T23:36:07.798+0000] {dagbag.py:536} INFO - Filling up the DagBag from /home/airflow/.local/lib/python3.8/site-packages/airflow/example_dags/example_task_group_decorator.py
[2024-10-18T23:36:08.069+0000] {processor.py:839} INFO - DAG(s) dict_keys(['example_task_group_decorator']) retrieved from /home/airflow/.local/lib/python3.8/site-packages/airflow/example_dags/example_task_group_decorator.py
[2024-10-18T23:36:08.249+0000] {logging_mixin.py:151} INFO - [2024-10-18T23:36:08.248+0000] {dag.py:2941} INFO - Sync 1 DAGs
[2024-10-18T23:36:08.325+0000] {logging_mixin.py:151} INFO - [2024-10-18T23:36:08.325+0000] {dag.py:3722} INFO - Setting next_dagrun for example_task_group_decorator to 2024-10-17T23:36:08.324456+00:00, run_after=2024-10-18T23:36:08.324456+00:00
[2024-10-18T23:36:08.383+0000] {processor.py:179} INFO - Processing /home/airflow/.local/lib/python3.8/site-packages/airflow/example_dags/example_task_group_decorator.py took 0.641 seconds
[2024-10-18T23:39:00.716+0000] {processor.py:157} INFO - Started process (PID=113) to work on /home/airflow/.local/lib/python3.8/site-packages/airflow/example_dags/example_task_group_decorator.py
[2024-10-18T23:39:00.719+0000] {processor.py:829} INFO - Processing file /home/airflow/.local/lib/python3.8/site-packages/airflow/example_dags/example_task_group_decorator.py for tasks to queue
[2024-10-18T23:39:00.725+0000] {logging_mixin.py:151} INFO - [2024-10-18T23:39:00.724+0000] {dagbag.py:536} INFO - Filling up the DagBag from /home/airflow/.local/lib/python3.8/site-packages/airflow/example_dags/example_task_group_decorator.py
[2024-10-18T23:39:00.780+0000] {processor.py:839} INFO - DAG(s) dict_keys(['example_task_group_decorator']) retrieved from /home/airflow/.local/lib/python3.8/site-packages/airflow/example_dags/example_task_group_decorator.py
[2024-10-18T23:39:00.887+0000] {logging_mixin.py:151} INFO - [2024-10-18T23:39:00.886+0000] {dag.py:2941} INFO - Sync 1 DAGs
[2024-10-18T23:39:00.988+0000] {logging_mixin.py:151} INFO - [2024-10-18T23:39:00.988+0000] {dag.py:3722} INFO - Setting next_dagrun for example_task_group_decorator to 2024-10-17T23:39:00.987638+00:00, run_after=2024-10-18T23:39:00.987638+00:00
[2024-10-18T23:39:01.070+0000] {processor.py:179} INFO - Processing /home/airflow/.local/lib/python3.8/site-packages/airflow/example_dags/example_task_group_decorator.py took 0.362 seconds
[2024-10-18T23:39:31.161+0000] {processor.py:157} INFO - Started process (PID=167) to work on /home/airflow/.local/lib/python3.8/site-packages/airflow/example_dags/example_task_group_decorator.py
[2024-10-18T23:39:31.164+0000] {processor.py:829} INFO - Processing file /home/airflow/.local/lib/python3.8/site-packages/airflow/example_dags/example_task_group_decorator.py for tasks to queue
[2024-10-18T23:39:31.173+0000] {logging_mixin.py:151} INFO - [2024-10-18T23:39:31.172+0000] {dagbag.py:536} INFO - Filling up the DagBag from /home/airflow/.local/lib/python3.8/site-packages/airflow/example_dags/example_task_group_decorator.py
[2024-10-18T23:39:31.231+0000] {processor.py:839} INFO - DAG(s) dict_keys(['example_task_group_decorator']) retrieved from /home/airflow/.local/lib/python3.8/site-packages/airflow/example_dags/example_task_group_decorator.py
[2024-10-18T23:39:31.290+0000] {logging_mixin.py:151} INFO - [2024-10-18T23:39:31.289+0000] {dag.py:2941} INFO - Sync 1 DAGs
[2024-10-18T23:39:31.447+0000] {logging_mixin.py:151} INFO - [2024-10-18T23:39:31.446+0000] {dag.py:3722} INFO - Setting next_dagrun for example_task_group_decorator to 2024-10-17T23:39:31.445704+00:00, run_after=2024-10-18T23:39:31.445704+00:00
[2024-10-18T23:39:31.627+0000] {processor.py:179} INFO - Processing /home/airflow/.local/lib/python3.8/site-packages/airflow/example_dags/example_task_group_decorator.py took 0.472 seconds
[2024-10-18T23:40:02.121+0000] {processor.py:157} INFO - Started process (PID=221) to work on /home/airflow/.local/lib/python3.8/site-packages/airflow/example_dags/example_task_group_decorator.py
[2024-10-18T23:40:02.122+0000] {processor.py:829} INFO - Processing file /home/airflow/.local/lib/python3.8/site-packages/airflow/example_dags/example_task_group_decorator.py for tasks to queue
[2024-10-18T23:40:02.126+0000] {logging_mixin.py:151} INFO - [2024-10-18T23:40:02.125+0000] {dagbag.py:536} INFO - Filling up the DagBag from /home/airflow/.local/lib/python3.8/site-packages/airflow/example_dags/example_task_group_decorator.py
[2024-10-18T23:40:02.167+0000] {processor.py:839} INFO - DAG(s) dict_keys(['example_task_group_decorator']) retrieved from /home/airflow/.local/lib/python3.8/site-packages/airflow/example_dags/example_task_group_decorator.py
[2024-10-18T23:40:02.278+0000] {logging_mixin.py:151} INFO - [2024-10-18T23:40:02.277+0000] {dag.py:2941} INFO - Sync 1 DAGs
[2024-10-18T23:40:02.373+0000] {logging_mixin.py:151} INFO - [2024-10-18T23:40:02.372+0000] {dag.py:3722} INFO - Setting next_dagrun for example_task_group_decorator to 2024-10-17T23:40:02.372100+00:00, run_after=2024-10-18T23:40:02.372100+00:00
[2024-10-18T23:40:02.427+0000] {processor.py:179} INFO - Processing /home/airflow/.local/lib/python3.8/site-packages/airflow/example_dags/example_task_group_decorator.py took 0.313 seconds
[2024-10-18T23:41:18.927+0000] {processor.py:157} INFO - Started process (PID=305) to work on /home/airflow/.local/lib/python3.8/site-packages/airflow/example_dags/example_task_group_decorator.py
[2024-10-18T23:41:18.932+0000] {processor.py:829} INFO - Processing file /home/airflow/.local/lib/python3.8/site-packages/airflow/example_dags/example_task_group_decorator.py for tasks to queue
[2024-10-18T23:41:18.956+0000] {logging_mixin.py:151} INFO - [2024-10-18T23:41:18.950+0000] {dagbag.py:536} INFO - Filling up the DagBag from /home/airflow/.local/lib/python3.8/site-packages/airflow/example_dags/example_task_group_decorator.py
[2024-10-18T23:41:19.046+0000] {processor.py:839} INFO - DAG(s) dict_keys(['example_task_group_decorator']) retrieved from /home/airflow/.local/lib/python3.8/site-packages/airflow/example_dags/example_task_group_decorator.py
[2024-10-18T23:41:19.159+0000] {logging_mixin.py:151} INFO - [2024-10-18T23:41:19.158+0000] {dag.py:2941} INFO - Sync 1 DAGs
[2024-10-18T23:41:19.233+0000] {logging_mixin.py:151} INFO - [2024-10-18T23:41:19.232+0000] {dag.py:3722} INFO - Setting next_dagrun for example_task_group_decorator to 2024-10-17T23:41:19.232169+00:00, run_after=2024-10-18T23:41:19.232169+00:00
[2024-10-18T23:41:19.384+0000] {processor.py:179} INFO - Processing /home/airflow/.local/lib/python3.8/site-packages/airflow/example_dags/example_task_group_decorator.py took 0.468 seconds
[2024-10-18T23:42:35.397+0000] {processor.py:157} INFO - Started process (PID=368) to work on /home/airflow/.local/lib/python3.8/site-packages/airflow/example_dags/example_task_group_decorator.py
[2024-10-18T23:42:35.620+0000] {processor.py:829} INFO - Processing file /home/airflow/.local/lib/python3.8/site-packages/airflow/example_dags/example_task_group_decorator.py for tasks to queue
[2024-10-18T23:42:35.644+0000] {logging_mixin.py:151} INFO - [2024-10-18T23:42:35.644+0000] {dagbag.py:536} INFO - Filling up the DagBag from /home/airflow/.local/lib/python3.8/site-packages/airflow/example_dags/example_task_group_decorator.py
[2024-10-18T23:42:36.000+0000] {processor.py:839} INFO - DAG(s) dict_keys(['example_task_group_decorator']) retrieved from /home/airflow/.local/lib/python3.8/site-packages/airflow/example_dags/example_task_group_decorator.py
[2024-10-18T23:42:36.723+0000] {logging_mixin.py:151} INFO - [2024-10-18T23:42:36.717+0000] {dag.py:2941} INFO - Sync 1 DAGs
[2024-10-18T23:42:37.160+0000] {logging_mixin.py:151} INFO - [2024-10-18T23:42:37.159+0000] {dag.py:3722} INFO - Setting next_dagrun for example_task_group_decorator to 2024-10-17T23:42:37.131739+00:00, run_after=2024-10-18T23:42:37.131739+00:00
[2024-10-18T23:42:37.334+0000] {processor.py:179} INFO - Processing /home/airflow/.local/lib/python3.8/site-packages/airflow/example_dags/example_task_group_decorator.py took 1.946 seconds
[2024-10-18T23:43:33.061+0000] {processor.py:157} INFO - Started process (PID=430) to work on /home/airflow/.local/lib/python3.8/site-packages/airflow/example_dags/example_task_group_decorator.py
[2024-10-18T23:43:33.067+0000] {processor.py:829} INFO - Processing file /home/airflow/.local/lib/python3.8/site-packages/airflow/example_dags/example_task_group_decorator.py for tasks to queue
[2024-10-18T23:43:33.077+0000] {logging_mixin.py:151} INFO - [2024-10-18T23:43:33.072+0000] {dagbag.py:536} INFO - Filling up the DagBag from /home/airflow/.local/lib/python3.8/site-packages/airflow/example_dags/example_task_group_decorator.py
[2024-10-18T23:43:33.507+0000] {processor.py:839} INFO - DAG(s) dict_keys(['example_task_group_decorator']) retrieved from /home/airflow/.local/lib/python3.8/site-packages/airflow/example_dags/example_task_group_decorator.py
[2024-10-18T23:43:33.748+0000] {logging_mixin.py:151} INFO - [2024-10-18T23:43:33.748+0000] {dag.py:2941} INFO - Sync 1 DAGs
[2024-10-18T23:43:33.917+0000] {logging_mixin.py:151} INFO - [2024-10-18T23:43:33.917+0000] {dag.py:3722} INFO - Setting next_dagrun for example_task_group_decorator to 2024-10-17T23:43:33.909709+00:00, run_after=2024-10-18T23:43:33.909709+00:00
[2024-10-18T23:43:34.089+0000] {processor.py:179} INFO - Processing /home/airflow/.local/lib/python3.8/site-packages/airflow/example_dags/example_task_group_decorator.py took 1.041 seconds
[2024-10-18T23:44:04.336+0000] {processor.py:157} INFO - Started process (PID=484) to work on /home/airflow/.local/lib/python3.8/site-packages/airflow/example_dags/example_task_group_decorator.py
[2024-10-18T23:44:04.343+0000] {processor.py:829} INFO - Processing file /home/airflow/.local/lib/python3.8/site-packages/airflow/example_dags/example_task_group_decorator.py for tasks to queue
[2024-10-18T23:44:04.351+0000] {logging_mixin.py:151} INFO - [2024-10-18T23:44:04.350+0000] {dagbag.py:536} INFO - Filling up the DagBag from /home/airflow/.local/lib/python3.8/site-packages/airflow/example_dags/example_task_group_decorator.py
[2024-10-18T23:44:04.411+0000] {processor.py:839} INFO - DAG(s) dict_keys(['example_task_group_decorator']) retrieved from /home/airflow/.local/lib/python3.8/site-packages/airflow/example_dags/example_task_group_decorator.py
[2024-10-18T23:44:04.493+0000] {logging_mixin.py:151} INFO - [2024-10-18T23:44:04.493+0000] {dag.py:2941} INFO - Sync 1 DAGs
[2024-10-18T23:44:04.553+0000] {logging_mixin.py:151} INFO - [2024-10-18T23:44:04.552+0000] {dag.py:3722} INFO - Setting next_dagrun for example_task_group_decorator to 2024-10-17T23:44:04.550916+00:00, run_after=2024-10-18T23:44:04.550916+00:00
[2024-10-18T23:44:04.595+0000] {processor.py:179} INFO - Processing /home/airflow/.local/lib/python3.8/site-packages/airflow/example_dags/example_task_group_decorator.py took 0.275 seconds
[2024-10-18T23:44:35.911+0000] {processor.py:157} INFO - Started process (PID=538) to work on /home/airflow/.local/lib/python3.8/site-packages/airflow/example_dags/example_task_group_decorator.py
[2024-10-18T23:44:35.914+0000] {processor.py:829} INFO - Processing file /home/airflow/.local/lib/python3.8/site-packages/airflow/example_dags/example_task_group_decorator.py for tasks to queue
[2024-10-18T23:44:35.918+0000] {logging_mixin.py:151} INFO - [2024-10-18T23:44:35.918+0000] {dagbag.py:536} INFO - Filling up the DagBag from /home/airflow/.local/lib/python3.8/site-packages/airflow/example_dags/example_task_group_decorator.py
[2024-10-18T23:44:35.975+0000] {processor.py:839} INFO - DAG(s) dict_keys(['example_task_group_decorator']) retrieved from /home/airflow/.local/lib/python3.8/site-packages/airflow/example_dags/example_task_group_decorator.py
[2024-10-18T23:44:36.085+0000] {logging_mixin.py:151} INFO - [2024-10-18T23:44:36.084+0000] {dag.py:2941} INFO - Sync 1 DAGs
[2024-10-18T23:44:36.168+0000] {logging_mixin.py:151} INFO - [2024-10-18T23:44:36.167+0000] {dag.py:3722} INFO - Setting next_dagrun for example_task_group_decorator to 2024-10-17T23:44:36.167180+00:00, run_after=2024-10-18T23:44:36.167180+00:00
[2024-10-18T23:44:36.221+0000] {processor.py:179} INFO - Processing /home/airflow/.local/lib/python3.8/site-packages/airflow/example_dags/example_task_group_decorator.py took 0.319 seconds
[2024-10-18T23:45:10.012+0000] {processor.py:157} INFO - Started process (PID=592) to work on /home/airflow/.local/lib/python3.8/site-packages/airflow/example_dags/example_task_group_decorator.py
[2024-10-18T23:45:10.013+0000] {processor.py:829} INFO - Processing file /home/airflow/.local/lib/python3.8/site-packages/airflow/example_dags/example_task_group_decorator.py for tasks to queue
[2024-10-18T23:45:10.017+0000] {logging_mixin.py:151} INFO - [2024-10-18T23:45:10.016+0000] {dagbag.py:536} INFO - Filling up the DagBag from /home/airflow/.local/lib/python3.8/site-packages/airflow/example_dags/example_task_group_decorator.py
[2024-10-18T23:45:10.044+0000] {processor.py:839} INFO - DAG(s) dict_keys(['example_task_group_decorator']) retrieved from /home/airflow/.local/lib/python3.8/site-packages/airflow/example_dags/example_task_group_decorator.py
[2024-10-18T23:45:10.084+0000] {logging_mixin.py:151} INFO - [2024-10-18T23:45:10.083+0000] {dag.py:2941} INFO - Sync 1 DAGs
[2024-10-18T23:45:10.156+0000] {logging_mixin.py:151} INFO - [2024-10-18T23:45:10.156+0000] {dag.py:3722} INFO - Setting next_dagrun for example_task_group_decorator to 2024-10-17T23:45:10.155595+00:00, run_after=2024-10-18T23:45:10.155595+00:00
[2024-10-18T23:45:10.301+0000] {processor.py:179} INFO - Processing /home/airflow/.local/lib/python3.8/site-packages/airflow/example_dags/example_task_group_decorator.py took 0.295 seconds
[2024-10-18T23:45:41.154+0000] {processor.py:157} INFO - Started process (PID=644) to work on /home/airflow/.local/lib/python3.8/site-packages/airflow/example_dags/example_task_group_decorator.py
[2024-10-18T23:45:41.157+0000] {processor.py:829} INFO - Processing file /home/airflow/.local/lib/python3.8/site-packages/airflow/example_dags/example_task_group_decorator.py for tasks to queue
[2024-10-18T23:45:41.162+0000] {logging_mixin.py:151} INFO - [2024-10-18T23:45:41.162+0000] {dagbag.py:536} INFO - Filling up the DagBag from /home/airflow/.local/lib/python3.8/site-packages/airflow/example_dags/example_task_group_decorator.py
[2024-10-18T23:45:41.214+0000] {processor.py:839} INFO - DAG(s) dict_keys(['example_task_group_decorator']) retrieved from /home/airflow/.local/lib/python3.8/site-packages/airflow/example_dags/example_task_group_decorator.py
[2024-10-18T23:45:41.278+0000] {logging_mixin.py:151} INFO - [2024-10-18T23:45:41.278+0000] {dag.py:2941} INFO - Sync 1 DAGs
[2024-10-18T23:45:41.334+0000] {logging_mixin.py:151} INFO - [2024-10-18T23:45:41.334+0000] {dag.py:3722} INFO - Setting next_dagrun for example_task_group_decorator to 2024-10-17T23:45:41.333922+00:00, run_after=2024-10-18T23:45:41.333922+00:00
[2024-10-18T23:45:41.396+0000] {processor.py:179} INFO - Processing /home/airflow/.local/lib/python3.8/site-packages/airflow/example_dags/example_task_group_decorator.py took 0.250 seconds
[2024-10-18T23:46:11.540+0000] {processor.py:157} INFO - Started process (PID=697) to work on /home/airflow/.local/lib/python3.8/site-packages/airflow/example_dags/example_task_group_decorator.py
[2024-10-18T23:46:11.543+0000] {processor.py:829} INFO - Processing file /home/airflow/.local/lib/python3.8/site-packages/airflow/example_dags/example_task_group_decorator.py for tasks to queue
[2024-10-18T23:46:11.555+0000] {logging_mixin.py:151} INFO - [2024-10-18T23:46:11.554+0000] {dagbag.py:536} INFO - Filling up the DagBag from /home/airflow/.local/lib/python3.8/site-packages/airflow/example_dags/example_task_group_decorator.py
[2024-10-18T23:46:11.610+0000] {processor.py:839} INFO - DAG(s) dict_keys(['example_task_group_decorator']) retrieved from /home/airflow/.local/lib/python3.8/site-packages/airflow/example_dags/example_task_group_decorator.py
[2024-10-18T23:46:11.689+0000] {logging_mixin.py:151} INFO - [2024-10-18T23:46:11.689+0000] {dag.py:2941} INFO - Sync 1 DAGs
[2024-10-18T23:46:11.955+0000] {logging_mixin.py:151} INFO - [2024-10-18T23:46:11.954+0000] {dag.py:3722} INFO - Setting next_dagrun for example_task_group_decorator to 2024-10-17T23:46:11.952855+00:00, run_after=2024-10-18T23:46:11.952855+00:00
[2024-10-18T23:46:12.080+0000] {processor.py:179} INFO - Processing /home/airflow/.local/lib/python3.8/site-packages/airflow/example_dags/example_task_group_decorator.py took 0.548 seconds
[2024-10-18T23:46:42.622+0000] {processor.py:157} INFO - Started process (PID=751) to work on /home/airflow/.local/lib/python3.8/site-packages/airflow/example_dags/example_task_group_decorator.py
[2024-10-18T23:46:42.624+0000] {processor.py:829} INFO - Processing file /home/airflow/.local/lib/python3.8/site-packages/airflow/example_dags/example_task_group_decorator.py for tasks to queue
[2024-10-18T23:46:42.631+0000] {logging_mixin.py:151} INFO - [2024-10-18T23:46:42.630+0000] {dagbag.py:536} INFO - Filling up the DagBag from /home/airflow/.local/lib/python3.8/site-packages/airflow/example_dags/example_task_group_decorator.py
[2024-10-18T23:46:42.669+0000] {processor.py:839} INFO - DAG(s) dict_keys(['example_task_group_decorator']) retrieved from /home/airflow/.local/lib/python3.8/site-packages/airflow/example_dags/example_task_group_decorator.py
[2024-10-18T23:46:42.727+0000] {logging_mixin.py:151} INFO - [2024-10-18T23:46:42.727+0000] {dag.py:2941} INFO - Sync 1 DAGs
[2024-10-18T23:46:42.765+0000] {logging_mixin.py:151} INFO - [2024-10-18T23:46:42.764+0000] {dag.py:3722} INFO - Setting next_dagrun for example_task_group_decorator to 2024-10-17T23:46:42.764106+00:00, run_after=2024-10-18T23:46:42.764106+00:00
[2024-10-18T23:46:42.802+0000] {processor.py:179} INFO - Processing /home/airflow/.local/lib/python3.8/site-packages/airflow/example_dags/example_task_group_decorator.py took 0.191 seconds
[2024-10-18T23:47:13.215+0000] {processor.py:157} INFO - Started process (PID=804) to work on /home/airflow/.local/lib/python3.8/site-packages/airflow/example_dags/example_task_group_decorator.py
[2024-10-18T23:47:13.217+0000] {processor.py:829} INFO - Processing file /home/airflow/.local/lib/python3.8/site-packages/airflow/example_dags/example_task_group_decorator.py for tasks to queue
[2024-10-18T23:47:13.222+0000] {logging_mixin.py:151} INFO - [2024-10-18T23:47:13.222+0000] {dagbag.py:536} INFO - Filling up the DagBag from /home/airflow/.local/lib/python3.8/site-packages/airflow/example_dags/example_task_group_decorator.py
[2024-10-18T23:47:13.257+0000] {processor.py:839} INFO - DAG(s) dict_keys(['example_task_group_decorator']) retrieved from /home/airflow/.local/lib/python3.8/site-packages/airflow/example_dags/example_task_group_decorator.py
[2024-10-18T23:47:13.312+0000] {logging_mixin.py:151} INFO - [2024-10-18T23:47:13.311+0000] {dag.py:2941} INFO - Sync 1 DAGs
[2024-10-18T23:47:13.367+0000] {logging_mixin.py:151} INFO - [2024-10-18T23:47:13.367+0000] {dag.py:3722} INFO - Setting next_dagrun for example_task_group_decorator to 2024-10-17T23:47:13.366715+00:00, run_after=2024-10-18T23:47:13.366715+00:00
[2024-10-18T23:47:13.405+0000] {processor.py:179} INFO - Processing /home/airflow/.local/lib/python3.8/site-packages/airflow/example_dags/example_task_group_decorator.py took 0.200 seconds
[2024-10-18T23:47:49.435+0000] {processor.py:157} INFO - Started process (PID=868) to work on /home/airflow/.local/lib/python3.8/site-packages/airflow/example_dags/example_task_group_decorator.py
[2024-10-18T23:47:49.453+0000] {processor.py:829} INFO - Processing file /home/airflow/.local/lib/python3.8/site-packages/airflow/example_dags/example_task_group_decorator.py for tasks to queue
[2024-10-18T23:47:49.467+0000] {logging_mixin.py:151} INFO - [2024-10-18T23:47:49.457+0000] {dagbag.py:536} INFO - Filling up the DagBag from /home/airflow/.local/lib/python3.8/site-packages/airflow/example_dags/example_task_group_decorator.py
[2024-10-18T23:47:49.570+0000] {processor.py:839} INFO - DAG(s) dict_keys(['example_task_group_decorator']) retrieved from /home/airflow/.local/lib/python3.8/site-packages/airflow/example_dags/example_task_group_decorator.py
[2024-10-18T23:47:50.333+0000] {logging_mixin.py:151} INFO - [2024-10-18T23:47:50.297+0000] {dag.py:2941} INFO - Sync 1 DAGs
[2024-10-18T23:47:52.095+0000] {logging_mixin.py:151} INFO - [2024-10-18T23:47:52.087+0000] {dag.py:3722} INFO - Setting next_dagrun for example_task_group_decorator to 2024-10-17T23:47:52.027767+00:00, run_after=2024-10-18T23:47:52.027767+00:00
[2024-10-18T23:47:52.987+0000] {processor.py:179} INFO - Processing /home/airflow/.local/lib/python3.8/site-packages/airflow/example_dags/example_task_group_decorator.py took 3.533 seconds
[2024-10-18T23:48:23.178+0000] {processor.py:157} INFO - Started process (PID=921) to work on /home/airflow/.local/lib/python3.8/site-packages/airflow/example_dags/example_task_group_decorator.py
[2024-10-18T23:48:23.181+0000] {processor.py:829} INFO - Processing file /home/airflow/.local/lib/python3.8/site-packages/airflow/example_dags/example_task_group_decorator.py for tasks to queue
[2024-10-18T23:48:23.186+0000] {logging_mixin.py:151} INFO - [2024-10-18T23:48:23.186+0000] {dagbag.py:536} INFO - Filling up the DagBag from /home/airflow/.local/lib/python3.8/site-packages/airflow/example_dags/example_task_group_decorator.py
[2024-10-18T23:48:23.233+0000] {processor.py:839} INFO - DAG(s) dict_keys(['example_task_group_decorator']) retrieved from /home/airflow/.local/lib/python3.8/site-packages/airflow/example_dags/example_task_group_decorator.py
[2024-10-18T23:48:23.421+0000] {logging_mixin.py:151} INFO - [2024-10-18T23:48:23.421+0000] {dag.py:2941} INFO - Sync 1 DAGs
[2024-10-18T23:48:23.521+0000] {logging_mixin.py:151} INFO - [2024-10-18T23:48:23.520+0000] {dag.py:3722} INFO - Setting next_dagrun for example_task_group_decorator to 2024-10-17T23:48:23.520456+00:00, run_after=2024-10-18T23:48:23.520456+00:00
[2024-10-18T23:48:23.564+0000] {processor.py:179} INFO - Processing /home/airflow/.local/lib/python3.8/site-packages/airflow/example_dags/example_task_group_decorator.py took 0.408 seconds
[2024-10-18T23:49:04.459+0000] {processor.py:157} INFO - Started process (PID=982) to work on /home/airflow/.local/lib/python3.8/site-packages/airflow/example_dags/example_task_group_decorator.py
[2024-10-18T23:49:04.462+0000] {processor.py:829} INFO - Processing file /home/airflow/.local/lib/python3.8/site-packages/airflow/example_dags/example_task_group_decorator.py for tasks to queue
[2024-10-18T23:49:04.471+0000] {logging_mixin.py:151} INFO - [2024-10-18T23:49:04.470+0000] {dagbag.py:536} INFO - Filling up the DagBag from /home/airflow/.local/lib/python3.8/site-packages/airflow/example_dags/example_task_group_decorator.py
[2024-10-18T23:49:04.530+0000] {processor.py:839} INFO - DAG(s) dict_keys(['example_task_group_decorator']) retrieved from /home/airflow/.local/lib/python3.8/site-packages/airflow/example_dags/example_task_group_decorator.py
[2024-10-18T23:49:04.632+0000] {logging_mixin.py:151} INFO - [2024-10-18T23:49:04.632+0000] {dag.py:2941} INFO - Sync 1 DAGs
[2024-10-18T23:49:04.748+0000] {logging_mixin.py:151} INFO - [2024-10-18T23:49:04.746+0000] {dag.py:3722} INFO - Setting next_dagrun for example_task_group_decorator to 2024-10-17T23:49:04.745258+00:00, run_after=2024-10-18T23:49:04.745258+00:00
[2024-10-18T23:49:05.145+0000] {processor.py:179} INFO - Processing /home/airflow/.local/lib/python3.8/site-packages/airflow/example_dags/example_task_group_decorator.py took 0.695 seconds
[2024-10-18T23:50:08.325+0000] {processor.py:157} INFO - Started process (PID=1046) to work on /home/airflow/.local/lib/python3.8/site-packages/airflow/example_dags/example_task_group_decorator.py
[2024-10-18T23:50:08.332+0000] {processor.py:829} INFO - Processing file /home/airflow/.local/lib/python3.8/site-packages/airflow/example_dags/example_task_group_decorator.py for tasks to queue
[2024-10-18T23:50:08.349+0000] {logging_mixin.py:151} INFO - [2024-10-18T23:50:08.348+0000] {dagbag.py:536} INFO - Filling up the DagBag from /home/airflow/.local/lib/python3.8/site-packages/airflow/example_dags/example_task_group_decorator.py
[2024-10-18T23:50:08.495+0000] {processor.py:839} INFO - DAG(s) dict_keys(['example_task_group_decorator']) retrieved from /home/airflow/.local/lib/python3.8/site-packages/airflow/example_dags/example_task_group_decorator.py
[2024-10-18T23:50:08.803+0000] {logging_mixin.py:151} INFO - [2024-10-18T23:50:08.803+0000] {dag.py:2941} INFO - Sync 1 DAGs
[2024-10-18T23:50:09.052+0000] {logging_mixin.py:151} INFO - [2024-10-18T23:50:09.050+0000] {dag.py:3722} INFO - Setting next_dagrun for example_task_group_decorator to 2024-10-17T23:50:09.048974+00:00, run_after=2024-10-18T23:50:09.048974+00:00
[2024-10-18T23:50:09.343+0000] {processor.py:179} INFO - Processing /home/airflow/.local/lib/python3.8/site-packages/airflow/example_dags/example_task_group_decorator.py took 1.043 seconds
[2024-10-18T23:50:40.217+0000] {processor.py:157} INFO - Started process (PID=1099) to work on /home/airflow/.local/lib/python3.8/site-packages/airflow/example_dags/example_task_group_decorator.py
[2024-10-18T23:50:40.220+0000] {processor.py:829} INFO - Processing file /home/airflow/.local/lib/python3.8/site-packages/airflow/example_dags/example_task_group_decorator.py for tasks to queue
[2024-10-18T23:50:40.241+0000] {logging_mixin.py:151} INFO - [2024-10-18T23:50:40.238+0000] {dagbag.py:536} INFO - Filling up the DagBag from /home/airflow/.local/lib/python3.8/site-packages/airflow/example_dags/example_task_group_decorator.py
[2024-10-18T23:50:40.327+0000] {processor.py:839} INFO - DAG(s) dict_keys(['example_task_group_decorator']) retrieved from /home/airflow/.local/lib/python3.8/site-packages/airflow/example_dags/example_task_group_decorator.py
[2024-10-18T23:50:40.559+0000] {logging_mixin.py:151} INFO - [2024-10-18T23:50:40.554+0000] {dag.py:2941} INFO - Sync 1 DAGs
[2024-10-18T23:50:40.795+0000] {logging_mixin.py:151} INFO - [2024-10-18T23:50:40.792+0000] {dag.py:3722} INFO - Setting next_dagrun for example_task_group_decorator to 2024-10-17T23:50:40.787367+00:00, run_after=2024-10-18T23:50:40.787367+00:00
[2024-10-18T23:50:40.900+0000] {processor.py:179} INFO - Processing /home/airflow/.local/lib/python3.8/site-packages/airflow/example_dags/example_task_group_decorator.py took 0.714 seconds
[2024-10-18T23:51:11.685+0000] {processor.py:157} INFO - Started process (PID=1152) to work on /home/airflow/.local/lib/python3.8/site-packages/airflow/example_dags/example_task_group_decorator.py
[2024-10-18T23:51:11.688+0000] {processor.py:829} INFO - Processing file /home/airflow/.local/lib/python3.8/site-packages/airflow/example_dags/example_task_group_decorator.py for tasks to queue
[2024-10-18T23:51:11.695+0000] {logging_mixin.py:151} INFO - [2024-10-18T23:51:11.694+0000] {dagbag.py:536} INFO - Filling up the DagBag from /home/airflow/.local/lib/python3.8/site-packages/airflow/example_dags/example_task_group_decorator.py
[2024-10-18T23:51:12.059+0000] {processor.py:839} INFO - DAG(s) dict_keys(['example_task_group_decorator']) retrieved from /home/airflow/.local/lib/python3.8/site-packages/airflow/example_dags/example_task_group_decorator.py
[2024-10-18T23:51:12.150+0000] {logging_mixin.py:151} INFO - [2024-10-18T23:51:12.150+0000] {dag.py:2941} INFO - Sync 1 DAGs
[2024-10-18T23:51:12.211+0000] {logging_mixin.py:151} INFO - [2024-10-18T23:51:12.211+0000] {dag.py:3722} INFO - Setting next_dagrun for example_task_group_decorator to 2024-10-17T23:51:12.210801+00:00, run_after=2024-10-18T23:51:12.210801+00:00
[2024-10-18T23:51:12.397+0000] {processor.py:179} INFO - Processing /home/airflow/.local/lib/python3.8/site-packages/airflow/example_dags/example_task_group_decorator.py took 0.723 seconds
[2024-10-18T23:51:42.514+0000] {processor.py:157} INFO - Started process (PID=1207) to work on /home/airflow/.local/lib/python3.8/site-packages/airflow/example_dags/example_task_group_decorator.py
[2024-10-18T23:51:42.515+0000] {processor.py:829} INFO - Processing file /home/airflow/.local/lib/python3.8/site-packages/airflow/example_dags/example_task_group_decorator.py for tasks to queue
[2024-10-18T23:51:42.519+0000] {logging_mixin.py:151} INFO - [2024-10-18T23:51:42.519+0000] {dagbag.py:536} INFO - Filling up the DagBag from /home/airflow/.local/lib/python3.8/site-packages/airflow/example_dags/example_task_group_decorator.py
[2024-10-18T23:51:42.567+0000] {processor.py:839} INFO - DAG(s) dict_keys(['example_task_group_decorator']) retrieved from /home/airflow/.local/lib/python3.8/site-packages/airflow/example_dags/example_task_group_decorator.py
[2024-10-18T23:51:42.612+0000] {logging_mixin.py:151} INFO - [2024-10-18T23:51:42.612+0000] {dag.py:2941} INFO - Sync 1 DAGs
[2024-10-18T23:51:42.964+0000] {logging_mixin.py:151} INFO - [2024-10-18T23:51:42.963+0000] {dag.py:3722} INFO - Setting next_dagrun for example_task_group_decorator to 2024-10-17T23:51:42.963282+00:00, run_after=2024-10-18T23:51:42.963282+00:00
[2024-10-18T23:51:43.033+0000] {processor.py:179} INFO - Processing /home/airflow/.local/lib/python3.8/site-packages/airflow/example_dags/example_task_group_decorator.py took 0.525 seconds
[2024-10-18T23:52:13.212+0000] {processor.py:157} INFO - Started process (PID=1260) to work on /home/airflow/.local/lib/python3.8/site-packages/airflow/example_dags/example_task_group_decorator.py
[2024-10-18T23:52:13.214+0000] {processor.py:829} INFO - Processing file /home/airflow/.local/lib/python3.8/site-packages/airflow/example_dags/example_task_group_decorator.py for tasks to queue
[2024-10-18T23:52:13.220+0000] {logging_mixin.py:151} INFO - [2024-10-18T23:52:13.219+0000] {dagbag.py:536} INFO - Filling up the DagBag from /home/airflow/.local/lib/python3.8/site-packages/airflow/example_dags/example_task_group_decorator.py
[2024-10-18T23:52:13.248+0000] {processor.py:839} INFO - DAG(s) dict_keys(['example_task_group_decorator']) retrieved from /home/airflow/.local/lib/python3.8/site-packages/airflow/example_dags/example_task_group_decorator.py
[2024-10-18T23:52:13.302+0000] {logging_mixin.py:151} INFO - [2024-10-18T23:52:13.302+0000] {dag.py:2941} INFO - Sync 1 DAGs
[2024-10-18T23:52:13.357+0000] {logging_mixin.py:151} INFO - [2024-10-18T23:52:13.357+0000] {dag.py:3722} INFO - Setting next_dagrun for example_task_group_decorator to 2024-10-17T23:52:13.357010+00:00, run_after=2024-10-18T23:52:13.357010+00:00
[2024-10-18T23:52:13.786+0000] {processor.py:179} INFO - Processing /home/airflow/.local/lib/python3.8/site-packages/airflow/example_dags/example_task_group_decorator.py took 0.581 seconds
[2024-10-18T23:52:44.594+0000] {processor.py:157} INFO - Started process (PID=1314) to work on /home/airflow/.local/lib/python3.8/site-packages/airflow/example_dags/example_task_group_decorator.py
[2024-10-18T23:52:44.597+0000] {processor.py:829} INFO - Processing file /home/airflow/.local/lib/python3.8/site-packages/airflow/example_dags/example_task_group_decorator.py for tasks to queue
[2024-10-18T23:52:44.603+0000] {logging_mixin.py:151} INFO - [2024-10-18T23:52:44.603+0000] {dagbag.py:536} INFO - Filling up the DagBag from /home/airflow/.local/lib/python3.8/site-packages/airflow/example_dags/example_task_group_decorator.py
[2024-10-18T23:52:44.652+0000] {processor.py:839} INFO - DAG(s) dict_keys(['example_task_group_decorator']) retrieved from /home/airflow/.local/lib/python3.8/site-packages/airflow/example_dags/example_task_group_decorator.py
[2024-10-18T23:52:44.745+0000] {logging_mixin.py:151} INFO - [2024-10-18T23:52:44.744+0000] {dag.py:2941} INFO - Sync 1 DAGs
[2024-10-18T23:52:44.794+0000] {logging_mixin.py:151} INFO - [2024-10-18T23:52:44.793+0000] {dag.py:3722} INFO - Setting next_dagrun for example_task_group_decorator to 2024-10-17T23:52:44.793203+00:00, run_after=2024-10-18T23:52:44.793203+00:00
[2024-10-18T23:52:44.834+0000] {processor.py:179} INFO - Processing /home/airflow/.local/lib/python3.8/site-packages/airflow/example_dags/example_task_group_decorator.py took 0.247 seconds
[2024-10-18T23:53:47.490+0000] {processor.py:157} INFO - Started process (PID=1385) to work on /home/airflow/.local/lib/python3.8/site-packages/airflow/example_dags/example_task_group_decorator.py
[2024-10-18T23:53:47.492+0000] {processor.py:829} INFO - Processing file /home/airflow/.local/lib/python3.8/site-packages/airflow/example_dags/example_task_group_decorator.py for tasks to queue
[2024-10-18T23:53:47.497+0000] {logging_mixin.py:151} INFO - [2024-10-18T23:53:47.496+0000] {dagbag.py:536} INFO - Filling up the DagBag from /home/airflow/.local/lib/python3.8/site-packages/airflow/example_dags/example_task_group_decorator.py
[2024-10-18T23:53:47.560+0000] {processor.py:839} INFO - DAG(s) dict_keys(['example_task_group_decorator']) retrieved from /home/airflow/.local/lib/python3.8/site-packages/airflow/example_dags/example_task_group_decorator.py
[2024-10-18T23:53:47.687+0000] {logging_mixin.py:151} INFO - [2024-10-18T23:53:47.687+0000] {dag.py:2941} INFO - Sync 1 DAGs
[2024-10-18T23:53:47.781+0000] {logging_mixin.py:151} INFO - [2024-10-18T23:53:47.780+0000] {dag.py:3722} INFO - Setting next_dagrun for example_task_group_decorator to 2024-10-17T23:53:47.778775+00:00, run_after=2024-10-18T23:53:47.778775+00:00
[2024-10-18T23:53:47.935+0000] {processor.py:179} INFO - Processing /home/airflow/.local/lib/python3.8/site-packages/airflow/example_dags/example_task_group_decorator.py took 0.452 seconds
[2024-10-18T23:54:18.211+0000] {processor.py:157} INFO - Started process (PID=1439) to work on /home/airflow/.local/lib/python3.8/site-packages/airflow/example_dags/example_task_group_decorator.py
[2024-10-18T23:54:18.213+0000] {processor.py:829} INFO - Processing file /home/airflow/.local/lib/python3.8/site-packages/airflow/example_dags/example_task_group_decorator.py for tasks to queue
[2024-10-18T23:54:18.218+0000] {logging_mixin.py:151} INFO - [2024-10-18T23:54:18.218+0000] {dagbag.py:536} INFO - Filling up the DagBag from /home/airflow/.local/lib/python3.8/site-packages/airflow/example_dags/example_task_group_decorator.py
[2024-10-18T23:54:18.247+0000] {processor.py:839} INFO - DAG(s) dict_keys(['example_task_group_decorator']) retrieved from /home/airflow/.local/lib/python3.8/site-packages/airflow/example_dags/example_task_group_decorator.py
[2024-10-18T23:54:18.308+0000] {logging_mixin.py:151} INFO - [2024-10-18T23:54:18.308+0000] {dag.py:2941} INFO - Sync 1 DAGs
[2024-10-18T23:54:18.587+0000] {logging_mixin.py:151} INFO - [2024-10-18T23:54:18.586+0000] {dag.py:3722} INFO - Setting next_dagrun for example_task_group_decorator to 2024-10-17T23:54:18.586634+00:00, run_after=2024-10-18T23:54:18.586634+00:00
[2024-10-18T23:54:18.622+0000] {processor.py:179} INFO - Processing /home/airflow/.local/lib/python3.8/site-packages/airflow/example_dags/example_task_group_decorator.py took 0.417 seconds
[2024-10-18T23:54:49.055+0000] {processor.py:157} INFO - Started process (PID=1493) to work on /home/airflow/.local/lib/python3.8/site-packages/airflow/example_dags/example_task_group_decorator.py
[2024-10-18T23:54:49.059+0000] {processor.py:829} INFO - Processing file /home/airflow/.local/lib/python3.8/site-packages/airflow/example_dags/example_task_group_decorator.py for tasks to queue
[2024-10-18T23:54:49.064+0000] {logging_mixin.py:151} INFO - [2024-10-18T23:54:49.063+0000] {dagbag.py:536} INFO - Filling up the DagBag from /home/airflow/.local/lib/python3.8/site-packages/airflow/example_dags/example_task_group_decorator.py
[2024-10-18T23:54:49.106+0000] {processor.py:839} INFO - DAG(s) dict_keys(['example_task_group_decorator']) retrieved from /home/airflow/.local/lib/python3.8/site-packages/airflow/example_dags/example_task_group_decorator.py
[2024-10-18T23:54:49.239+0000] {logging_mixin.py:151} INFO - [2024-10-18T23:54:49.238+0000] {dag.py:2941} INFO - Sync 1 DAGs
[2024-10-18T23:54:49.291+0000] {logging_mixin.py:151} INFO - [2024-10-18T23:54:49.291+0000] {dag.py:3722} INFO - Setting next_dagrun for example_task_group_decorator to 2024-10-17T23:54:49.289626+00:00, run_after=2024-10-18T23:54:49.289626+00:00
[2024-10-18T23:54:49.343+0000] {processor.py:179} INFO - Processing /home/airflow/.local/lib/python3.8/site-packages/airflow/example_dags/example_task_group_decorator.py took 0.303 seconds
[2024-10-18T23:55:21.706+0000] {processor.py:157} INFO - Started process (PID=1544) to work on /home/airflow/.local/lib/python3.8/site-packages/airflow/example_dags/example_task_group_decorator.py
[2024-10-18T23:55:21.709+0000] {processor.py:829} INFO - Processing file /home/airflow/.local/lib/python3.8/site-packages/airflow/example_dags/example_task_group_decorator.py for tasks to queue
[2024-10-18T23:55:21.722+0000] {logging_mixin.py:151} INFO - [2024-10-18T23:55:21.721+0000] {dagbag.py:536} INFO - Filling up the DagBag from /home/airflow/.local/lib/python3.8/site-packages/airflow/example_dags/example_task_group_decorator.py
[2024-10-18T23:55:21.775+0000] {processor.py:839} INFO - DAG(s) dict_keys(['example_task_group_decorator']) retrieved from /home/airflow/.local/lib/python3.8/site-packages/airflow/example_dags/example_task_group_decorator.py
[2024-10-18T23:55:21.874+0000] {logging_mixin.py:151} INFO - [2024-10-18T23:55:21.873+0000] {dag.py:2941} INFO - Sync 1 DAGs
[2024-10-18T23:55:21.968+0000] {logging_mixin.py:151} INFO - [2024-10-18T23:55:21.967+0000] {dag.py:3722} INFO - Setting next_dagrun for example_task_group_decorator to 2024-10-17T23:55:21.961740+00:00, run_after=2024-10-18T23:55:21.961740+00:00
[2024-10-18T23:55:22.021+0000] {processor.py:179} INFO - Processing /home/airflow/.local/lib/python3.8/site-packages/airflow/example_dags/example_task_group_decorator.py took 0.323 seconds
[2024-10-18T23:55:57.742+0000] {processor.py:157} INFO - Started process (PID=1598) to work on /home/airflow/.local/lib/python3.8/site-packages/airflow/example_dags/example_task_group_decorator.py
[2024-10-18T23:55:57.747+0000] {processor.py:829} INFO - Processing file /home/airflow/.local/lib/python3.8/site-packages/airflow/example_dags/example_task_group_decorator.py for tasks to queue
[2024-10-18T23:55:57.756+0000] {logging_mixin.py:151} INFO - [2024-10-18T23:55:57.756+0000] {dagbag.py:536} INFO - Filling up the DagBag from /home/airflow/.local/lib/python3.8/site-packages/airflow/example_dags/example_task_group_decorator.py
[2024-10-18T23:55:57.813+0000] {processor.py:839} INFO - DAG(s) dict_keys(['example_task_group_decorator']) retrieved from /home/airflow/.local/lib/python3.8/site-packages/airflow/example_dags/example_task_group_decorator.py
[2024-10-18T23:55:58.012+0000] {logging_mixin.py:151} INFO - [2024-10-18T23:55:58.011+0000] {dag.py:2941} INFO - Sync 1 DAGs
[2024-10-18T23:55:58.198+0000] {logging_mixin.py:151} INFO - [2024-10-18T23:55:58.197+0000] {dag.py:3722} INFO - Setting next_dagrun for example_task_group_decorator to 2024-10-17T23:55:58.192181+00:00, run_after=2024-10-18T23:55:58.192181+00:00
[2024-10-18T23:55:58.510+0000] {processor.py:179} INFO - Processing /home/airflow/.local/lib/python3.8/site-packages/airflow/example_dags/example_task_group_decorator.py took 0.779 seconds
[2024-10-18T23:56:31.533+0000] {processor.py:157} INFO - Started process (PID=1657) to work on /home/airflow/.local/lib/python3.8/site-packages/airflow/example_dags/example_task_group_decorator.py
[2024-10-18T23:56:31.535+0000] {processor.py:829} INFO - Processing file /home/airflow/.local/lib/python3.8/site-packages/airflow/example_dags/example_task_group_decorator.py for tasks to queue
[2024-10-18T23:56:31.541+0000] {logging_mixin.py:151} INFO - [2024-10-18T23:56:31.541+0000] {dagbag.py:536} INFO - Filling up the DagBag from /home/airflow/.local/lib/python3.8/site-packages/airflow/example_dags/example_task_group_decorator.py
[2024-10-18T23:56:31.603+0000] {processor.py:839} INFO - DAG(s) dict_keys(['example_task_group_decorator']) retrieved from /home/airflow/.local/lib/python3.8/site-packages/airflow/example_dags/example_task_group_decorator.py
[2024-10-18T23:56:31.692+0000] {logging_mixin.py:151} INFO - [2024-10-18T23:56:31.692+0000] {dag.py:2941} INFO - Sync 1 DAGs
[2024-10-18T23:56:31.765+0000] {logging_mixin.py:151} INFO - [2024-10-18T23:56:31.764+0000] {dag.py:3722} INFO - Setting next_dagrun for example_task_group_decorator to 2024-10-17T23:56:31.764293+00:00, run_after=2024-10-18T23:56:31.764293+00:00
[2024-10-18T23:56:31.849+0000] {processor.py:179} INFO - Processing /home/airflow/.local/lib/python3.8/site-packages/airflow/example_dags/example_task_group_decorator.py took 0.325 seconds
[2024-10-18T23:57:17.609+0000] {processor.py:157} INFO - Started process (PID=1721) to work on /home/airflow/.local/lib/python3.8/site-packages/airflow/example_dags/example_task_group_decorator.py
[2024-10-18T23:57:17.624+0000] {processor.py:829} INFO - Processing file /home/airflow/.local/lib/python3.8/site-packages/airflow/example_dags/example_task_group_decorator.py for tasks to queue
[2024-10-18T23:57:17.641+0000] {logging_mixin.py:151} INFO - [2024-10-18T23:57:17.636+0000] {dagbag.py:536} INFO - Filling up the DagBag from /home/airflow/.local/lib/python3.8/site-packages/airflow/example_dags/example_task_group_decorator.py
[2024-10-18T23:57:17.727+0000] {processor.py:839} INFO - DAG(s) dict_keys(['example_task_group_decorator']) retrieved from /home/airflow/.local/lib/python3.8/site-packages/airflow/example_dags/example_task_group_decorator.py
[2024-10-18T23:57:17.857+0000] {logging_mixin.py:151} INFO - [2024-10-18T23:57:17.857+0000] {dag.py:2941} INFO - Sync 1 DAGs
[2024-10-18T23:57:17.961+0000] {logging_mixin.py:151} INFO - [2024-10-18T23:57:17.960+0000] {dag.py:3722} INFO - Setting next_dagrun for example_task_group_decorator to 2024-10-17T23:57:17.957391+00:00, run_after=2024-10-18T23:57:17.957391+00:00
[2024-10-18T23:57:18.034+0000] {processor.py:179} INFO - Processing /home/airflow/.local/lib/python3.8/site-packages/airflow/example_dags/example_task_group_decorator.py took 0.437 seconds
[2024-10-18T23:57:48.851+0000] {processor.py:157} INFO - Started process (PID=1775) to work on /home/airflow/.local/lib/python3.8/site-packages/airflow/example_dags/example_task_group_decorator.py
[2024-10-18T23:57:48.856+0000] {processor.py:829} INFO - Processing file /home/airflow/.local/lib/python3.8/site-packages/airflow/example_dags/example_task_group_decorator.py for tasks to queue
[2024-10-18T23:57:48.861+0000] {logging_mixin.py:151} INFO - [2024-10-18T23:57:48.860+0000] {dagbag.py:536} INFO - Filling up the DagBag from /home/airflow/.local/lib/python3.8/site-packages/airflow/example_dags/example_task_group_decorator.py
[2024-10-18T23:57:48.896+0000] {processor.py:839} INFO - DAG(s) dict_keys(['example_task_group_decorator']) retrieved from /home/airflow/.local/lib/python3.8/site-packages/airflow/example_dags/example_task_group_decorator.py
[2024-10-18T23:57:48.982+0000] {logging_mixin.py:151} INFO - [2024-10-18T23:57:48.981+0000] {dag.py:2941} INFO - Sync 1 DAGs
[2024-10-18T23:57:49.029+0000] {logging_mixin.py:151} INFO - [2024-10-18T23:57:49.029+0000] {dag.py:3722} INFO - Setting next_dagrun for example_task_group_decorator to 2024-10-17T23:57:49.028345+00:00, run_after=2024-10-18T23:57:49.028345+00:00
[2024-10-18T23:57:49.066+0000] {processor.py:179} INFO - Processing /home/airflow/.local/lib/python3.8/site-packages/airflow/example_dags/example_task_group_decorator.py took 0.226 seconds
[2024-10-18T23:58:19.476+0000] {processor.py:157} INFO - Started process (PID=1829) to work on /home/airflow/.local/lib/python3.8/site-packages/airflow/example_dags/example_task_group_decorator.py
[2024-10-18T23:58:19.478+0000] {processor.py:829} INFO - Processing file /home/airflow/.local/lib/python3.8/site-packages/airflow/example_dags/example_task_group_decorator.py for tasks to queue
[2024-10-18T23:58:19.482+0000] {logging_mixin.py:151} INFO - [2024-10-18T23:58:19.481+0000] {dagbag.py:536} INFO - Filling up the DagBag from /home/airflow/.local/lib/python3.8/site-packages/airflow/example_dags/example_task_group_decorator.py
[2024-10-18T23:58:19.507+0000] {processor.py:839} INFO - DAG(s) dict_keys(['example_task_group_decorator']) retrieved from /home/airflow/.local/lib/python3.8/site-packages/airflow/example_dags/example_task_group_decorator.py
[2024-10-18T23:58:19.548+0000] {logging_mixin.py:151} INFO - [2024-10-18T23:58:19.548+0000] {dag.py:2941} INFO - Sync 1 DAGs
[2024-10-18T23:58:19.582+0000] {logging_mixin.py:151} INFO - [2024-10-18T23:58:19.582+0000] {dag.py:3722} INFO - Setting next_dagrun for example_task_group_decorator to 2024-10-17T23:58:19.581635+00:00, run_after=2024-10-18T23:58:19.581635+00:00
[2024-10-18T23:58:19.611+0000] {processor.py:179} INFO - Processing /home/airflow/.local/lib/python3.8/site-packages/airflow/example_dags/example_task_group_decorator.py took 0.141 seconds
[2024-10-18T23:58:50.591+0000] {processor.py:157} INFO - Started process (PID=1883) to work on /home/airflow/.local/lib/python3.8/site-packages/airflow/example_dags/example_task_group_decorator.py
[2024-10-18T23:58:50.595+0000] {processor.py:829} INFO - Processing file /home/airflow/.local/lib/python3.8/site-packages/airflow/example_dags/example_task_group_decorator.py for tasks to queue
[2024-10-18T23:58:50.605+0000] {logging_mixin.py:151} INFO - [2024-10-18T23:58:50.604+0000] {dagbag.py:536} INFO - Filling up the DagBag from /home/airflow/.local/lib/python3.8/site-packages/airflow/example_dags/example_task_group_decorator.py
[2024-10-18T23:58:50.659+0000] {processor.py:839} INFO - DAG(s) dict_keys(['example_task_group_decorator']) retrieved from /home/airflow/.local/lib/python3.8/site-packages/airflow/example_dags/example_task_group_decorator.py
[2024-10-18T23:58:52.342+0000] {logging_mixin.py:151} INFO - [2024-10-18T23:58:52.279+0000] {dag.py:2941} INFO - Sync 1 DAGs
[2024-10-18T23:58:53.010+0000] {logging_mixin.py:151} INFO - [2024-10-18T23:58:53.009+0000] {dag.py:3722} INFO - Setting next_dagrun for example_task_group_decorator to 2024-10-17T23:58:53.005291+00:00, run_after=2024-10-18T23:58:53.005291+00:00
[2024-10-18T23:58:53.347+0000] {processor.py:179} INFO - Processing /home/airflow/.local/lib/python3.8/site-packages/airflow/example_dags/example_task_group_decorator.py took 2.768 seconds
[2024-10-18T23:59:24.175+0000] {processor.py:157} INFO - Started process (PID=1936) to work on /home/airflow/.local/lib/python3.8/site-packages/airflow/example_dags/example_task_group_decorator.py
[2024-10-18T23:59:24.177+0000] {processor.py:829} INFO - Processing file /home/airflow/.local/lib/python3.8/site-packages/airflow/example_dags/example_task_group_decorator.py for tasks to queue
[2024-10-18T23:59:24.182+0000] {logging_mixin.py:151} INFO - [2024-10-18T23:59:24.181+0000] {dagbag.py:536} INFO - Filling up the DagBag from /home/airflow/.local/lib/python3.8/site-packages/airflow/example_dags/example_task_group_decorator.py
[2024-10-18T23:59:24.237+0000] {processor.py:839} INFO - DAG(s) dict_keys(['example_task_group_decorator']) retrieved from /home/airflow/.local/lib/python3.8/site-packages/airflow/example_dags/example_task_group_decorator.py
[2024-10-18T23:59:24.314+0000] {logging_mixin.py:151} INFO - [2024-10-18T23:59:24.314+0000] {dag.py:2941} INFO - Sync 1 DAGs
[2024-10-18T23:59:24.396+0000] {logging_mixin.py:151} INFO - [2024-10-18T23:59:24.396+0000] {dag.py:3722} INFO - Setting next_dagrun for example_task_group_decorator to 2024-10-17T23:59:24.395340+00:00, run_after=2024-10-18T23:59:24.395340+00:00
[2024-10-18T23:59:24.454+0000] {processor.py:179} INFO - Processing /home/airflow/.local/lib/python3.8/site-packages/airflow/example_dags/example_task_group_decorator.py took 0.287 seconds
[2024-10-18T23:59:54.906+0000] {processor.py:157} INFO - Started process (PID=1991) to work on /home/airflow/.local/lib/python3.8/site-packages/airflow/example_dags/example_task_group_decorator.py
[2024-10-18T23:59:54.908+0000] {processor.py:829} INFO - Processing file /home/airflow/.local/lib/python3.8/site-packages/airflow/example_dags/example_task_group_decorator.py for tasks to queue
[2024-10-18T23:59:54.915+0000] {logging_mixin.py:151} INFO - [2024-10-18T23:59:54.914+0000] {dagbag.py:536} INFO - Filling up the DagBag from /home/airflow/.local/lib/python3.8/site-packages/airflow/example_dags/example_task_group_decorator.py
[2024-10-18T23:59:54.959+0000] {processor.py:839} INFO - DAG(s) dict_keys(['example_task_group_decorator']) retrieved from /home/airflow/.local/lib/python3.8/site-packages/airflow/example_dags/example_task_group_decorator.py
[2024-10-18T23:59:55.117+0000] {logging_mixin.py:151} INFO - [2024-10-18T23:59:55.117+0000] {dag.py:2941} INFO - Sync 1 DAGs
[2024-10-18T23:59:55.238+0000] {logging_mixin.py:151} INFO - [2024-10-18T23:59:55.238+0000] {dag.py:3722} INFO - Setting next_dagrun for example_task_group_decorator to 2024-10-17T23:59:55.235623+00:00, run_after=2024-10-18T23:59:55.235623+00:00
[2024-10-18T23:59:55.304+0000] {processor.py:179} INFO - Processing /home/airflow/.local/lib/python3.8/site-packages/airflow/example_dags/example_task_group_decorator.py took 0.407 seconds
