[2024-10-18T23:32:02.553+0000] {processor.py:157} INFO - Started process (PID=118) to work on /home/airflow/.local/lib/python3.8/site-packages/airflow/example_dags/example_bash_operator.py
[2024-10-18T23:32:02.555+0000] {processor.py:829} INFO - Processing file /home/airflow/.local/lib/python3.8/site-packages/airflow/example_dags/example_bash_operator.py for tasks to queue
[2024-10-18T23:32:02.562+0000] {logging_mixin.py:151} INFO - [2024-10-18T23:32:02.561+0000] {dagbag.py:536} INFO - Filling up the DagBag from /home/airflow/.local/lib/python3.8/site-packages/airflow/example_dags/example_bash_operator.py
[2024-10-18T23:32:02.611+0000] {processor.py:839} INFO - DAG(s) dict_keys(['example_bash_operator']) retrieved from /home/airflow/.local/lib/python3.8/site-packages/airflow/example_dags/example_bash_operator.py
[2024-10-18T23:32:02.680+0000] {logging_mixin.py:151} INFO - [2024-10-18T23:32:02.679+0000] {dag.py:2941} INFO - Sync 1 DAGs
[2024-10-18T23:32:02.799+0000] {logging_mixin.py:151} INFO - [2024-10-18T23:32:02.799+0000] {dag.py:3722} INFO - Setting next_dagrun for example_bash_operator to 2024-10-17T00:00:00+00:00, run_after=2024-10-18T00:00:00+00:00
[2024-10-18T23:32:02.854+0000] {processor.py:179} INFO - Processing /home/airflow/.local/lib/python3.8/site-packages/airflow/example_dags/example_bash_operator.py took 0.307 seconds
[2024-10-18T23:32:34.487+0000] {processor.py:157} INFO - Started process (PID=172) to work on /home/airflow/.local/lib/python3.8/site-packages/airflow/example_dags/example_bash_operator.py
[2024-10-18T23:32:34.504+0000] {processor.py:829} INFO - Processing file /home/airflow/.local/lib/python3.8/site-packages/airflow/example_dags/example_bash_operator.py for tasks to queue
[2024-10-18T23:32:34.510+0000] {logging_mixin.py:151} INFO - [2024-10-18T23:32:34.509+0000] {dagbag.py:536} INFO - Filling up the DagBag from /home/airflow/.local/lib/python3.8/site-packages/airflow/example_dags/example_bash_operator.py
[2024-10-18T23:32:34.573+0000] {processor.py:839} INFO - DAG(s) dict_keys(['example_bash_operator']) retrieved from /home/airflow/.local/lib/python3.8/site-packages/airflow/example_dags/example_bash_operator.py
[2024-10-18T23:32:34.699+0000] {logging_mixin.py:151} INFO - [2024-10-18T23:32:34.698+0000] {dag.py:2941} INFO - Sync 1 DAGs
[2024-10-18T23:32:34.951+0000] {logging_mixin.py:151} INFO - [2024-10-18T23:32:34.950+0000] {dag.py:3722} INFO - Setting next_dagrun for example_bash_operator to 2024-10-17T00:00:00+00:00, run_after=2024-10-18T00:00:00+00:00
[2024-10-18T23:32:35.023+0000] {processor.py:179} INFO - Processing /home/airflow/.local/lib/python3.8/site-packages/airflow/example_dags/example_bash_operator.py took 0.549 seconds
[2024-10-18T23:33:05.985+0000] {processor.py:157} INFO - Started process (PID=227) to work on /home/airflow/.local/lib/python3.8/site-packages/airflow/example_dags/example_bash_operator.py
[2024-10-18T23:33:05.987+0000] {processor.py:829} INFO - Processing file /home/airflow/.local/lib/python3.8/site-packages/airflow/example_dags/example_bash_operator.py for tasks to queue
[2024-10-18T23:33:05.992+0000] {logging_mixin.py:151} INFO - [2024-10-18T23:33:05.991+0000] {dagbag.py:536} INFO - Filling up the DagBag from /home/airflow/.local/lib/python3.8/site-packages/airflow/example_dags/example_bash_operator.py
[2024-10-18T23:33:06.023+0000] {processor.py:839} INFO - DAG(s) dict_keys(['example_bash_operator']) retrieved from /home/airflow/.local/lib/python3.8/site-packages/airflow/example_dags/example_bash_operator.py
[2024-10-18T23:33:06.266+0000] {logging_mixin.py:151} INFO - [2024-10-18T23:33:06.265+0000] {dag.py:2941} INFO - Sync 1 DAGs
[2024-10-18T23:33:06.435+0000] {logging_mixin.py:151} INFO - [2024-10-18T23:33:06.435+0000] {dag.py:3722} INFO - Setting next_dagrun for example_bash_operator to 2024-10-17T00:00:00+00:00, run_after=2024-10-18T00:00:00+00:00
[2024-10-18T23:33:06.511+0000] {processor.py:179} INFO - Processing /home/airflow/.local/lib/python3.8/site-packages/airflow/example_dags/example_bash_operator.py took 0.533 seconds
[2024-10-18T23:33:36.599+0000] {processor.py:157} INFO - Started process (PID=281) to work on /home/airflow/.local/lib/python3.8/site-packages/airflow/example_dags/example_bash_operator.py
[2024-10-18T23:33:36.611+0000] {processor.py:829} INFO - Processing file /home/airflow/.local/lib/python3.8/site-packages/airflow/example_dags/example_bash_operator.py for tasks to queue
[2024-10-18T23:33:36.624+0000] {logging_mixin.py:151} INFO - [2024-10-18T23:33:36.623+0000] {dagbag.py:536} INFO - Filling up the DagBag from /home/airflow/.local/lib/python3.8/site-packages/airflow/example_dags/example_bash_operator.py
[2024-10-18T23:33:36.658+0000] {processor.py:839} INFO - DAG(s) dict_keys(['example_bash_operator']) retrieved from /home/airflow/.local/lib/python3.8/site-packages/airflow/example_dags/example_bash_operator.py
[2024-10-18T23:33:36.736+0000] {logging_mixin.py:151} INFO - [2024-10-18T23:33:36.736+0000] {dag.py:2941} INFO - Sync 1 DAGs
[2024-10-18T23:33:36.817+0000] {logging_mixin.py:151} INFO - [2024-10-18T23:33:36.816+0000] {dag.py:3722} INFO - Setting next_dagrun for example_bash_operator to 2024-10-17T00:00:00+00:00, run_after=2024-10-18T00:00:00+00:00
[2024-10-18T23:33:36.866+0000] {processor.py:179} INFO - Processing /home/airflow/.local/lib/python3.8/site-packages/airflow/example_dags/example_bash_operator.py took 0.282 seconds
[2024-10-18T23:34:07.048+0000] {processor.py:157} INFO - Started process (PID=335) to work on /home/airflow/.local/lib/python3.8/site-packages/airflow/example_dags/example_bash_operator.py
[2024-10-18T23:34:07.050+0000] {processor.py:829} INFO - Processing file /home/airflow/.local/lib/python3.8/site-packages/airflow/example_dags/example_bash_operator.py for tasks to queue
[2024-10-18T23:34:07.058+0000] {logging_mixin.py:151} INFO - [2024-10-18T23:34:07.057+0000] {dagbag.py:536} INFO - Filling up the DagBag from /home/airflow/.local/lib/python3.8/site-packages/airflow/example_dags/example_bash_operator.py
[2024-10-18T23:34:07.091+0000] {processor.py:839} INFO - DAG(s) dict_keys(['example_bash_operator']) retrieved from /home/airflow/.local/lib/python3.8/site-packages/airflow/example_dags/example_bash_operator.py
[2024-10-18T23:34:07.192+0000] {logging_mixin.py:151} INFO - [2024-10-18T23:34:07.191+0000] {dag.py:2941} INFO - Sync 1 DAGs
[2024-10-18T23:34:07.258+0000] {logging_mixin.py:151} INFO - [2024-10-18T23:34:07.258+0000] {dag.py:3722} INFO - Setting next_dagrun for example_bash_operator to 2024-10-17T00:00:00+00:00, run_after=2024-10-18T00:00:00+00:00
[2024-10-18T23:34:07.317+0000] {processor.py:179} INFO - Processing /home/airflow/.local/lib/python3.8/site-packages/airflow/example_dags/example_bash_operator.py took 0.277 seconds
[2024-10-18T23:34:37.730+0000] {processor.py:157} INFO - Started process (PID=389) to work on /home/airflow/.local/lib/python3.8/site-packages/airflow/example_dags/example_bash_operator.py
[2024-10-18T23:34:37.733+0000] {processor.py:829} INFO - Processing file /home/airflow/.local/lib/python3.8/site-packages/airflow/example_dags/example_bash_operator.py for tasks to queue
[2024-10-18T23:34:37.739+0000] {logging_mixin.py:151} INFO - [2024-10-18T23:34:37.738+0000] {dagbag.py:536} INFO - Filling up the DagBag from /home/airflow/.local/lib/python3.8/site-packages/airflow/example_dags/example_bash_operator.py
[2024-10-18T23:34:37.768+0000] {processor.py:839} INFO - DAG(s) dict_keys(['example_bash_operator']) retrieved from /home/airflow/.local/lib/python3.8/site-packages/airflow/example_dags/example_bash_operator.py
[2024-10-18T23:34:37.841+0000] {logging_mixin.py:151} INFO - [2024-10-18T23:34:37.841+0000] {dag.py:2941} INFO - Sync 1 DAGs
[2024-10-18T23:34:38.096+0000] {logging_mixin.py:151} INFO - [2024-10-18T23:34:38.095+0000] {dag.py:3722} INFO - Setting next_dagrun for example_bash_operator to 2024-10-17T00:00:00+00:00, run_after=2024-10-18T00:00:00+00:00
[2024-10-18T23:34:38.195+0000] {processor.py:179} INFO - Processing /home/airflow/.local/lib/python3.8/site-packages/airflow/example_dags/example_bash_operator.py took 0.473 seconds
[2024-10-18T23:35:08.276+0000] {processor.py:157} INFO - Started process (PID=445) to work on /home/airflow/.local/lib/python3.8/site-packages/airflow/example_dags/example_bash_operator.py
[2024-10-18T23:35:08.278+0000] {processor.py:829} INFO - Processing file /home/airflow/.local/lib/python3.8/site-packages/airflow/example_dags/example_bash_operator.py for tasks to queue
[2024-10-18T23:35:08.282+0000] {logging_mixin.py:151} INFO - [2024-10-18T23:35:08.282+0000] {dagbag.py:536} INFO - Filling up the DagBag from /home/airflow/.local/lib/python3.8/site-packages/airflow/example_dags/example_bash_operator.py
[2024-10-18T23:35:08.307+0000] {processor.py:839} INFO - DAG(s) dict_keys(['example_bash_operator']) retrieved from /home/airflow/.local/lib/python3.8/site-packages/airflow/example_dags/example_bash_operator.py
[2024-10-18T23:35:08.369+0000] {logging_mixin.py:151} INFO - [2024-10-18T23:35:08.369+0000] {dag.py:2941} INFO - Sync 1 DAGs
[2024-10-18T23:35:08.413+0000] {logging_mixin.py:151} INFO - [2024-10-18T23:35:08.412+0000] {dag.py:3722} INFO - Setting next_dagrun for example_bash_operator to 2024-10-17T00:00:00+00:00, run_after=2024-10-18T00:00:00+00:00
[2024-10-18T23:35:08.453+0000] {processor.py:179} INFO - Processing /home/airflow/.local/lib/python3.8/site-packages/airflow/example_dags/example_bash_operator.py took 0.184 seconds
[2024-10-18T23:35:38.582+0000] {processor.py:157} INFO - Started process (PID=498) to work on /home/airflow/.local/lib/python3.8/site-packages/airflow/example_dags/example_bash_operator.py
[2024-10-18T23:35:38.584+0000] {processor.py:829} INFO - Processing file /home/airflow/.local/lib/python3.8/site-packages/airflow/example_dags/example_bash_operator.py for tasks to queue
[2024-10-18T23:35:38.588+0000] {logging_mixin.py:151} INFO - [2024-10-18T23:35:38.588+0000] {dagbag.py:536} INFO - Filling up the DagBag from /home/airflow/.local/lib/python3.8/site-packages/airflow/example_dags/example_bash_operator.py
[2024-10-18T23:35:38.616+0000] {processor.py:839} INFO - DAG(s) dict_keys(['example_bash_operator']) retrieved from /home/airflow/.local/lib/python3.8/site-packages/airflow/example_dags/example_bash_operator.py
[2024-10-18T23:35:38.682+0000] {logging_mixin.py:151} INFO - [2024-10-18T23:35:38.682+0000] {dag.py:2941} INFO - Sync 1 DAGs
[2024-10-18T23:35:38.732+0000] {logging_mixin.py:151} INFO - [2024-10-18T23:35:38.731+0000] {dag.py:3722} INFO - Setting next_dagrun for example_bash_operator to 2024-10-17T00:00:00+00:00, run_after=2024-10-18T00:00:00+00:00
[2024-10-18T23:35:38.774+0000] {processor.py:179} INFO - Processing /home/airflow/.local/lib/python3.8/site-packages/airflow/example_dags/example_bash_operator.py took 0.198 seconds
[2024-10-18T23:36:09.554+0000] {processor.py:157} INFO - Started process (PID=552) to work on /home/airflow/.local/lib/python3.8/site-packages/airflow/example_dags/example_bash_operator.py
[2024-10-18T23:36:09.557+0000] {processor.py:829} INFO - Processing file /home/airflow/.local/lib/python3.8/site-packages/airflow/example_dags/example_bash_operator.py for tasks to queue
[2024-10-18T23:36:09.565+0000] {logging_mixin.py:151} INFO - [2024-10-18T23:36:09.564+0000] {dagbag.py:536} INFO - Filling up the DagBag from /home/airflow/.local/lib/python3.8/site-packages/airflow/example_dags/example_bash_operator.py
[2024-10-18T23:36:09.585+0000] {processor.py:839} INFO - DAG(s) dict_keys(['example_bash_operator']) retrieved from /home/airflow/.local/lib/python3.8/site-packages/airflow/example_dags/example_bash_operator.py
[2024-10-18T23:36:09.661+0000] {logging_mixin.py:151} INFO - [2024-10-18T23:36:09.661+0000] {dag.py:2941} INFO - Sync 1 DAGs
[2024-10-18T23:36:09.726+0000] {logging_mixin.py:151} INFO - [2024-10-18T23:36:09.725+0000] {dag.py:3722} INFO - Setting next_dagrun for example_bash_operator to 2024-10-17T00:00:00+00:00, run_after=2024-10-18T00:00:00+00:00
[2024-10-18T23:36:09.772+0000] {processor.py:179} INFO - Processing /home/airflow/.local/lib/python3.8/site-packages/airflow/example_dags/example_bash_operator.py took 0.225 seconds
[2024-10-18T23:39:02.256+0000] {processor.py:157} INFO - Started process (PID=118) to work on /home/airflow/.local/lib/python3.8/site-packages/airflow/example_dags/example_bash_operator.py
[2024-10-18T23:39:02.261+0000] {processor.py:829} INFO - Processing file /home/airflow/.local/lib/python3.8/site-packages/airflow/example_dags/example_bash_operator.py for tasks to queue
[2024-10-18T23:39:02.273+0000] {logging_mixin.py:151} INFO - [2024-10-18T23:39:02.269+0000] {dagbag.py:536} INFO - Filling up the DagBag from /home/airflow/.local/lib/python3.8/site-packages/airflow/example_dags/example_bash_operator.py
[2024-10-18T23:39:02.408+0000] {processor.py:839} INFO - DAG(s) dict_keys(['example_bash_operator']) retrieved from /home/airflow/.local/lib/python3.8/site-packages/airflow/example_dags/example_bash_operator.py
[2024-10-18T23:39:02.573+0000] {logging_mixin.py:151} INFO - [2024-10-18T23:39:02.572+0000] {dag.py:2941} INFO - Sync 1 DAGs
[2024-10-18T23:39:02.734+0000] {logging_mixin.py:151} INFO - [2024-10-18T23:39:02.733+0000] {dag.py:3722} INFO - Setting next_dagrun for example_bash_operator to 2024-10-17T00:00:00+00:00, run_after=2024-10-18T00:00:00+00:00
[2024-10-18T23:39:02.870+0000] {processor.py:179} INFO - Processing /home/airflow/.local/lib/python3.8/site-packages/airflow/example_dags/example_bash_operator.py took 0.636 seconds
[2024-10-18T23:39:33.281+0000] {processor.py:157} INFO - Started process (PID=173) to work on /home/airflow/.local/lib/python3.8/site-packages/airflow/example_dags/example_bash_operator.py
[2024-10-18T23:39:33.282+0000] {processor.py:829} INFO - Processing file /home/airflow/.local/lib/python3.8/site-packages/airflow/example_dags/example_bash_operator.py for tasks to queue
[2024-10-18T23:39:33.287+0000] {logging_mixin.py:151} INFO - [2024-10-18T23:39:33.286+0000] {dagbag.py:536} INFO - Filling up the DagBag from /home/airflow/.local/lib/python3.8/site-packages/airflow/example_dags/example_bash_operator.py
[2024-10-18T23:39:33.316+0000] {processor.py:839} INFO - DAG(s) dict_keys(['example_bash_operator']) retrieved from /home/airflow/.local/lib/python3.8/site-packages/airflow/example_dags/example_bash_operator.py
[2024-10-18T23:39:33.397+0000] {logging_mixin.py:151} INFO - [2024-10-18T23:39:33.397+0000] {dag.py:2941} INFO - Sync 1 DAGs
[2024-10-18T23:39:33.474+0000] {logging_mixin.py:151} INFO - [2024-10-18T23:39:33.473+0000] {dag.py:3722} INFO - Setting next_dagrun for example_bash_operator to 2024-10-17T00:00:00+00:00, run_after=2024-10-18T00:00:00+00:00
[2024-10-18T23:39:33.530+0000] {processor.py:179} INFO - Processing /home/airflow/.local/lib/python3.8/site-packages/airflow/example_dags/example_bash_operator.py took 0.257 seconds
[2024-10-18T23:40:04.542+0000] {processor.py:157} INFO - Started process (PID=228) to work on /home/airflow/.local/lib/python3.8/site-packages/airflow/example_dags/example_bash_operator.py
[2024-10-18T23:40:04.546+0000] {processor.py:829} INFO - Processing file /home/airflow/.local/lib/python3.8/site-packages/airflow/example_dags/example_bash_operator.py for tasks to queue
[2024-10-18T23:40:04.572+0000] {logging_mixin.py:151} INFO - [2024-10-18T23:40:04.571+0000] {dagbag.py:536} INFO - Filling up the DagBag from /home/airflow/.local/lib/python3.8/site-packages/airflow/example_dags/example_bash_operator.py
[2024-10-18T23:40:04.614+0000] {processor.py:839} INFO - DAG(s) dict_keys(['example_bash_operator']) retrieved from /home/airflow/.local/lib/python3.8/site-packages/airflow/example_dags/example_bash_operator.py
[2024-10-18T23:40:04.701+0000] {logging_mixin.py:151} INFO - [2024-10-18T23:40:04.700+0000] {dag.py:2941} INFO - Sync 1 DAGs
[2024-10-18T23:40:04.748+0000] {logging_mixin.py:151} INFO - [2024-10-18T23:40:04.748+0000] {dag.py:3722} INFO - Setting next_dagrun for example_bash_operator to 2024-10-17T00:00:00+00:00, run_after=2024-10-18T00:00:00+00:00
[2024-10-18T23:40:04.788+0000] {processor.py:179} INFO - Processing /home/airflow/.local/lib/python3.8/site-packages/airflow/example_dags/example_bash_operator.py took 0.253 seconds
[2024-10-18T23:41:20.347+0000] {processor.py:157} INFO - Started process (PID=310) to work on /home/airflow/.local/lib/python3.8/site-packages/airflow/example_dags/example_bash_operator.py
[2024-10-18T23:41:20.349+0000] {processor.py:829} INFO - Processing file /home/airflow/.local/lib/python3.8/site-packages/airflow/example_dags/example_bash_operator.py for tasks to queue
[2024-10-18T23:41:20.354+0000] {logging_mixin.py:151} INFO - [2024-10-18T23:41:20.353+0000] {dagbag.py:536} INFO - Filling up the DagBag from /home/airflow/.local/lib/python3.8/site-packages/airflow/example_dags/example_bash_operator.py
[2024-10-18T23:41:20.417+0000] {processor.py:839} INFO - DAG(s) dict_keys(['example_bash_operator']) retrieved from /home/airflow/.local/lib/python3.8/site-packages/airflow/example_dags/example_bash_operator.py
[2024-10-18T23:41:20.773+0000] {logging_mixin.py:151} INFO - [2024-10-18T23:41:20.773+0000] {dag.py:2941} INFO - Sync 1 DAGs
[2024-10-18T23:41:20.900+0000] {logging_mixin.py:151} INFO - [2024-10-18T23:41:20.900+0000] {dag.py:3722} INFO - Setting next_dagrun for example_bash_operator to 2024-10-17T00:00:00+00:00, run_after=2024-10-18T00:00:00+00:00
[2024-10-18T23:41:20.987+0000] {processor.py:179} INFO - Processing /home/airflow/.local/lib/python3.8/site-packages/airflow/example_dags/example_bash_operator.py took 0.493 seconds
[2024-10-18T23:42:41.759+0000] {processor.py:157} INFO - Started process (PID=380) to work on /home/airflow/.local/lib/python3.8/site-packages/airflow/example_dags/example_bash_operator.py
[2024-10-18T23:42:41.762+0000] {processor.py:829} INFO - Processing file /home/airflow/.local/lib/python3.8/site-packages/airflow/example_dags/example_bash_operator.py for tasks to queue
[2024-10-18T23:42:41.777+0000] {logging_mixin.py:151} INFO - [2024-10-18T23:42:41.772+0000] {dagbag.py:536} INFO - Filling up the DagBag from /home/airflow/.local/lib/python3.8/site-packages/airflow/example_dags/example_bash_operator.py
[2024-10-18T23:42:41.940+0000] {processor.py:839} INFO - DAG(s) dict_keys(['example_bash_operator']) retrieved from /home/airflow/.local/lib/python3.8/site-packages/airflow/example_dags/example_bash_operator.py
[2024-10-18T23:42:42.549+0000] {logging_mixin.py:151} INFO - [2024-10-18T23:42:42.517+0000] {dag.py:2941} INFO - Sync 1 DAGs
[2024-10-18T23:42:42.766+0000] {logging_mixin.py:151} INFO - [2024-10-18T23:42:42.766+0000] {dag.py:3722} INFO - Setting next_dagrun for example_bash_operator to 2024-10-17T00:00:00+00:00, run_after=2024-10-18T00:00:00+00:00
[2024-10-18T23:42:43.081+0000] {processor.py:179} INFO - Processing /home/airflow/.local/lib/python3.8/site-packages/airflow/example_dags/example_bash_operator.py took 1.378 seconds
[2024-10-18T23:43:36.195+0000] {processor.py:157} INFO - Started process (PID=435) to work on /home/airflow/.local/lib/python3.8/site-packages/airflow/example_dags/example_bash_operator.py
[2024-10-18T23:43:36.201+0000] {processor.py:829} INFO - Processing file /home/airflow/.local/lib/python3.8/site-packages/airflow/example_dags/example_bash_operator.py for tasks to queue
[2024-10-18T23:43:36.216+0000] {logging_mixin.py:151} INFO - [2024-10-18T23:43:36.216+0000] {dagbag.py:536} INFO - Filling up the DagBag from /home/airflow/.local/lib/python3.8/site-packages/airflow/example_dags/example_bash_operator.py
[2024-10-18T23:43:36.351+0000] {processor.py:839} INFO - DAG(s) dict_keys(['example_bash_operator']) retrieved from /home/airflow/.local/lib/python3.8/site-packages/airflow/example_dags/example_bash_operator.py
[2024-10-18T23:43:36.477+0000] {logging_mixin.py:151} INFO - [2024-10-18T23:43:36.477+0000] {dag.py:2941} INFO - Sync 1 DAGs
[2024-10-18T23:43:36.559+0000] {logging_mixin.py:151} INFO - [2024-10-18T23:43:36.558+0000] {dag.py:3722} INFO - Setting next_dagrun for example_bash_operator to 2024-10-17T00:00:00+00:00, run_after=2024-10-18T00:00:00+00:00
[2024-10-18T23:43:36.657+0000] {processor.py:179} INFO - Processing /home/airflow/.local/lib/python3.8/site-packages/airflow/example_dags/example_bash_operator.py took 0.489 seconds
[2024-10-18T23:44:07.397+0000] {processor.py:157} INFO - Started process (PID=489) to work on /home/airflow/.local/lib/python3.8/site-packages/airflow/example_dags/example_bash_operator.py
[2024-10-18T23:44:07.413+0000] {processor.py:829} INFO - Processing file /home/airflow/.local/lib/python3.8/site-packages/airflow/example_dags/example_bash_operator.py for tasks to queue
[2024-10-18T23:44:07.420+0000] {logging_mixin.py:151} INFO - [2024-10-18T23:44:07.420+0000] {dagbag.py:536} INFO - Filling up the DagBag from /home/airflow/.local/lib/python3.8/site-packages/airflow/example_dags/example_bash_operator.py
[2024-10-18T23:44:07.507+0000] {processor.py:839} INFO - DAG(s) dict_keys(['example_bash_operator']) retrieved from /home/airflow/.local/lib/python3.8/site-packages/airflow/example_dags/example_bash_operator.py
[2024-10-18T23:44:07.768+0000] {logging_mixin.py:151} INFO - [2024-10-18T23:44:07.768+0000] {dag.py:2941} INFO - Sync 1 DAGs
[2024-10-18T23:44:07.837+0000] {logging_mixin.py:151} INFO - [2024-10-18T23:44:07.836+0000] {dag.py:3722} INFO - Setting next_dagrun for example_bash_operator to 2024-10-17T00:00:00+00:00, run_after=2024-10-18T00:00:00+00:00
[2024-10-18T23:44:07.895+0000] {processor.py:179} INFO - Processing /home/airflow/.local/lib/python3.8/site-packages/airflow/example_dags/example_bash_operator.py took 0.505 seconds
[2024-10-18T23:44:37.997+0000] {processor.py:157} INFO - Started process (PID=544) to work on /home/airflow/.local/lib/python3.8/site-packages/airflow/example_dags/example_bash_operator.py
[2024-10-18T23:44:37.999+0000] {processor.py:829} INFO - Processing file /home/airflow/.local/lib/python3.8/site-packages/airflow/example_dags/example_bash_operator.py for tasks to queue
[2024-10-18T23:44:38.006+0000] {logging_mixin.py:151} INFO - [2024-10-18T23:44:38.005+0000] {dagbag.py:536} INFO - Filling up the DagBag from /home/airflow/.local/lib/python3.8/site-packages/airflow/example_dags/example_bash_operator.py
[2024-10-18T23:44:38.044+0000] {processor.py:839} INFO - DAG(s) dict_keys(['example_bash_operator']) retrieved from /home/airflow/.local/lib/python3.8/site-packages/airflow/example_dags/example_bash_operator.py
[2024-10-18T23:44:38.171+0000] {logging_mixin.py:151} INFO - [2024-10-18T23:44:38.171+0000] {dag.py:2941} INFO - Sync 1 DAGs
[2024-10-18T23:44:38.228+0000] {logging_mixin.py:151} INFO - [2024-10-18T23:44:38.228+0000] {dag.py:3722} INFO - Setting next_dagrun for example_bash_operator to 2024-10-17T00:00:00+00:00, run_after=2024-10-18T00:00:00+00:00
[2024-10-18T23:44:38.304+0000] {processor.py:179} INFO - Processing /home/airflow/.local/lib/python3.8/site-packages/airflow/example_dags/example_bash_operator.py took 0.328 seconds
[2024-10-18T23:45:12.568+0000] {processor.py:157} INFO - Started process (PID=600) to work on /home/airflow/.local/lib/python3.8/site-packages/airflow/example_dags/example_bash_operator.py
[2024-10-18T23:45:12.570+0000] {processor.py:829} INFO - Processing file /home/airflow/.local/lib/python3.8/site-packages/airflow/example_dags/example_bash_operator.py for tasks to queue
[2024-10-18T23:45:12.575+0000] {logging_mixin.py:151} INFO - [2024-10-18T23:45:12.575+0000] {dagbag.py:536} INFO - Filling up the DagBag from /home/airflow/.local/lib/python3.8/site-packages/airflow/example_dags/example_bash_operator.py
[2024-10-18T23:45:12.604+0000] {processor.py:839} INFO - DAG(s) dict_keys(['example_bash_operator']) retrieved from /home/airflow/.local/lib/python3.8/site-packages/airflow/example_dags/example_bash_operator.py
[2024-10-18T23:45:12.699+0000] {logging_mixin.py:151} INFO - [2024-10-18T23:45:12.698+0000] {dag.py:2941} INFO - Sync 1 DAGs
[2024-10-18T23:45:12.756+0000] {logging_mixin.py:151} INFO - [2024-10-18T23:45:12.755+0000] {dag.py:3722} INFO - Setting next_dagrun for example_bash_operator to 2024-10-17T00:00:00+00:00, run_after=2024-10-18T00:00:00+00:00
[2024-10-18T23:45:12.804+0000] {processor.py:179} INFO - Processing /home/airflow/.local/lib/python3.8/site-packages/airflow/example_dags/example_bash_operator.py took 0.244 seconds
[2024-10-18T23:45:44.507+0000] {processor.py:157} INFO - Started process (PID=662) to work on /home/airflow/.local/lib/python3.8/site-packages/airflow/example_dags/example_bash_operator.py
[2024-10-18T23:45:44.509+0000] {processor.py:829} INFO - Processing file /home/airflow/.local/lib/python3.8/site-packages/airflow/example_dags/example_bash_operator.py for tasks to queue
[2024-10-18T23:45:44.515+0000] {logging_mixin.py:151} INFO - [2024-10-18T23:45:44.515+0000] {dagbag.py:536} INFO - Filling up the DagBag from /home/airflow/.local/lib/python3.8/site-packages/airflow/example_dags/example_bash_operator.py
[2024-10-18T23:45:44.539+0000] {processor.py:839} INFO - DAG(s) dict_keys(['example_bash_operator']) retrieved from /home/airflow/.local/lib/python3.8/site-packages/airflow/example_dags/example_bash_operator.py
[2024-10-18T23:45:44.599+0000] {logging_mixin.py:151} INFO - [2024-10-18T23:45:44.599+0000] {dag.py:2941} INFO - Sync 1 DAGs
[2024-10-18T23:45:44.639+0000] {logging_mixin.py:151} INFO - [2024-10-18T23:45:44.638+0000] {dag.py:3722} INFO - Setting next_dagrun for example_bash_operator to 2024-10-17T00:00:00+00:00, run_after=2024-10-18T00:00:00+00:00
[2024-10-18T23:45:44.677+0000] {processor.py:179} INFO - Processing /home/airflow/.local/lib/python3.8/site-packages/airflow/example_dags/example_bash_operator.py took 0.181 seconds
[2024-10-18T23:46:14.942+0000] {processor.py:157} INFO - Started process (PID=714) to work on /home/airflow/.local/lib/python3.8/site-packages/airflow/example_dags/example_bash_operator.py
[2024-10-18T23:46:14.944+0000] {processor.py:829} INFO - Processing file /home/airflow/.local/lib/python3.8/site-packages/airflow/example_dags/example_bash_operator.py for tasks to queue
[2024-10-18T23:46:14.951+0000] {logging_mixin.py:151} INFO - [2024-10-18T23:46:14.950+0000] {dagbag.py:536} INFO - Filling up the DagBag from /home/airflow/.local/lib/python3.8/site-packages/airflow/example_dags/example_bash_operator.py
[2024-10-18T23:46:14.985+0000] {processor.py:839} INFO - DAG(s) dict_keys(['example_bash_operator']) retrieved from /home/airflow/.local/lib/python3.8/site-packages/airflow/example_dags/example_bash_operator.py
[2024-10-18T23:46:15.069+0000] {logging_mixin.py:151} INFO - [2024-10-18T23:46:15.069+0000] {dag.py:2941} INFO - Sync 1 DAGs
[2024-10-18T23:46:15.123+0000] {logging_mixin.py:151} INFO - [2024-10-18T23:46:15.123+0000] {dag.py:3722} INFO - Setting next_dagrun for example_bash_operator to 2024-10-17T00:00:00+00:00, run_after=2024-10-18T00:00:00+00:00
[2024-10-18T23:46:15.172+0000] {processor.py:179} INFO - Processing /home/airflow/.local/lib/python3.8/site-packages/airflow/example_dags/example_bash_operator.py took 0.235 seconds
[2024-10-18T23:46:45.741+0000] {processor.py:157} INFO - Started process (PID=767) to work on /home/airflow/.local/lib/python3.8/site-packages/airflow/example_dags/example_bash_operator.py
[2024-10-18T23:46:45.743+0000] {processor.py:829} INFO - Processing file /home/airflow/.local/lib/python3.8/site-packages/airflow/example_dags/example_bash_operator.py for tasks to queue
[2024-10-18T23:46:45.748+0000] {logging_mixin.py:151} INFO - [2024-10-18T23:46:45.748+0000] {dagbag.py:536} INFO - Filling up the DagBag from /home/airflow/.local/lib/python3.8/site-packages/airflow/example_dags/example_bash_operator.py
[2024-10-18T23:46:45.774+0000] {processor.py:839} INFO - DAG(s) dict_keys(['example_bash_operator']) retrieved from /home/airflow/.local/lib/python3.8/site-packages/airflow/example_dags/example_bash_operator.py
[2024-10-18T23:46:45.829+0000] {logging_mixin.py:151} INFO - [2024-10-18T23:46:45.828+0000] {dag.py:2941} INFO - Sync 1 DAGs
[2024-10-18T23:46:45.870+0000] {logging_mixin.py:151} INFO - [2024-10-18T23:46:45.870+0000] {dag.py:3722} INFO - Setting next_dagrun for example_bash_operator to 2024-10-17T00:00:00+00:00, run_after=2024-10-18T00:00:00+00:00
[2024-10-18T23:46:45.907+0000] {processor.py:179} INFO - Processing /home/airflow/.local/lib/python3.8/site-packages/airflow/example_dags/example_bash_operator.py took 0.174 seconds
[2024-10-18T23:47:16.352+0000] {processor.py:157} INFO - Started process (PID=821) to work on /home/airflow/.local/lib/python3.8/site-packages/airflow/example_dags/example_bash_operator.py
[2024-10-18T23:47:16.355+0000] {processor.py:829} INFO - Processing file /home/airflow/.local/lib/python3.8/site-packages/airflow/example_dags/example_bash_operator.py for tasks to queue
[2024-10-18T23:47:16.360+0000] {logging_mixin.py:151} INFO - [2024-10-18T23:47:16.360+0000] {dagbag.py:536} INFO - Filling up the DagBag from /home/airflow/.local/lib/python3.8/site-packages/airflow/example_dags/example_bash_operator.py
[2024-10-18T23:47:16.386+0000] {processor.py:839} INFO - DAG(s) dict_keys(['example_bash_operator']) retrieved from /home/airflow/.local/lib/python3.8/site-packages/airflow/example_dags/example_bash_operator.py
[2024-10-18T23:47:16.464+0000] {logging_mixin.py:151} INFO - [2024-10-18T23:47:16.464+0000] {dag.py:2941} INFO - Sync 1 DAGs
[2024-10-18T23:47:16.860+0000] {logging_mixin.py:151} INFO - [2024-10-18T23:47:16.848+0000] {dag.py:3722} INFO - Setting next_dagrun for example_bash_operator to 2024-10-17T00:00:00+00:00, run_after=2024-10-18T00:00:00+00:00
[2024-10-18T23:47:17.168+0000] {processor.py:179} INFO - Processing /home/airflow/.local/lib/python3.8/site-packages/airflow/example_dags/example_bash_operator.py took 0.824 seconds
[2024-10-18T23:47:59.042+0000] {processor.py:157} INFO - Started process (PID=881) to work on /home/airflow/.local/lib/python3.8/site-packages/airflow/example_dags/example_bash_operator.py
[2024-10-18T23:47:59.047+0000] {processor.py:829} INFO - Processing file /home/airflow/.local/lib/python3.8/site-packages/airflow/example_dags/example_bash_operator.py for tasks to queue
[2024-10-18T23:47:59.056+0000] {logging_mixin.py:151} INFO - [2024-10-18T23:47:59.054+0000] {dagbag.py:536} INFO - Filling up the DagBag from /home/airflow/.local/lib/python3.8/site-packages/airflow/example_dags/example_bash_operator.py
[2024-10-18T23:47:59.119+0000] {processor.py:839} INFO - DAG(s) dict_keys(['example_bash_operator']) retrieved from /home/airflow/.local/lib/python3.8/site-packages/airflow/example_dags/example_bash_operator.py
[2024-10-18T23:47:59.334+0000] {logging_mixin.py:151} INFO - [2024-10-18T23:47:59.334+0000] {dag.py:2941} INFO - Sync 1 DAGs
[2024-10-18T23:47:59.399+0000] {logging_mixin.py:151} INFO - [2024-10-18T23:47:59.398+0000] {dag.py:3722} INFO - Setting next_dagrun for example_bash_operator to 2024-10-17T00:00:00+00:00, run_after=2024-10-18T00:00:00+00:00
[2024-10-18T23:47:59.456+0000] {processor.py:179} INFO - Processing /home/airflow/.local/lib/python3.8/site-packages/airflow/example_dags/example_bash_operator.py took 0.429 seconds
[2024-10-18T23:48:30.189+0000] {processor.py:157} INFO - Started process (PID=935) to work on /home/airflow/.local/lib/python3.8/site-packages/airflow/example_dags/example_bash_operator.py
[2024-10-18T23:48:30.190+0000] {processor.py:829} INFO - Processing file /home/airflow/.local/lib/python3.8/site-packages/airflow/example_dags/example_bash_operator.py for tasks to queue
[2024-10-18T23:48:30.243+0000] {logging_mixin.py:151} INFO - [2024-10-18T23:48:30.224+0000] {dagbag.py:536} INFO - Filling up the DagBag from /home/airflow/.local/lib/python3.8/site-packages/airflow/example_dags/example_bash_operator.py
[2024-10-18T23:48:30.317+0000] {processor.py:839} INFO - DAG(s) dict_keys(['example_bash_operator']) retrieved from /home/airflow/.local/lib/python3.8/site-packages/airflow/example_dags/example_bash_operator.py
[2024-10-18T23:48:30.479+0000] {logging_mixin.py:151} INFO - [2024-10-18T23:48:30.478+0000] {dag.py:2941} INFO - Sync 1 DAGs
[2024-10-18T23:48:30.592+0000] {logging_mixin.py:151} INFO - [2024-10-18T23:48:30.592+0000] {dag.py:3722} INFO - Setting next_dagrun for example_bash_operator to 2024-10-17T00:00:00+00:00, run_after=2024-10-18T00:00:00+00:00
[2024-10-18T23:48:30.717+0000] {processor.py:179} INFO - Processing /home/airflow/.local/lib/python3.8/site-packages/airflow/example_dags/example_bash_operator.py took 0.543 seconds
[2024-10-18T23:49:07.840+0000] {processor.py:157} INFO - Started process (PID=988) to work on /home/airflow/.local/lib/python3.8/site-packages/airflow/example_dags/example_bash_operator.py
[2024-10-18T23:49:07.846+0000] {processor.py:829} INFO - Processing file /home/airflow/.local/lib/python3.8/site-packages/airflow/example_dags/example_bash_operator.py for tasks to queue
[2024-10-18T23:49:07.850+0000] {logging_mixin.py:151} INFO - [2024-10-18T23:49:07.849+0000] {dagbag.py:536} INFO - Filling up the DagBag from /home/airflow/.local/lib/python3.8/site-packages/airflow/example_dags/example_bash_operator.py
[2024-10-18T23:49:07.939+0000] {processor.py:839} INFO - DAG(s) dict_keys(['example_bash_operator']) retrieved from /home/airflow/.local/lib/python3.8/site-packages/airflow/example_dags/example_bash_operator.py
[2024-10-18T23:49:08.123+0000] {logging_mixin.py:151} INFO - [2024-10-18T23:49:08.123+0000] {dag.py:2941} INFO - Sync 1 DAGs
[2024-10-18T23:49:08.390+0000] {logging_mixin.py:151} INFO - [2024-10-18T23:49:08.389+0000] {dag.py:3722} INFO - Setting next_dagrun for example_bash_operator to 2024-10-17T00:00:00+00:00, run_after=2024-10-18T00:00:00+00:00
[2024-10-18T23:49:09.169+0000] {processor.py:179} INFO - Processing /home/airflow/.local/lib/python3.8/site-packages/airflow/example_dags/example_bash_operator.py took 1.338 seconds
[2024-10-18T23:50:10.531+0000] {processor.py:157} INFO - Started process (PID=1051) to work on /home/airflow/.local/lib/python3.8/site-packages/airflow/example_dags/example_bash_operator.py
[2024-10-18T23:50:10.535+0000] {processor.py:829} INFO - Processing file /home/airflow/.local/lib/python3.8/site-packages/airflow/example_dags/example_bash_operator.py for tasks to queue
[2024-10-18T23:50:10.544+0000] {logging_mixin.py:151} INFO - [2024-10-18T23:50:10.543+0000] {dagbag.py:536} INFO - Filling up the DagBag from /home/airflow/.local/lib/python3.8/site-packages/airflow/example_dags/example_bash_operator.py
[2024-10-18T23:50:10.909+0000] {processor.py:839} INFO - DAG(s) dict_keys(['example_bash_operator']) retrieved from /home/airflow/.local/lib/python3.8/site-packages/airflow/example_dags/example_bash_operator.py
[2024-10-18T23:50:11.653+0000] {logging_mixin.py:151} INFO - [2024-10-18T23:50:11.653+0000] {dag.py:2941} INFO - Sync 1 DAGs
[2024-10-18T23:50:11.982+0000] {logging_mixin.py:151} INFO - [2024-10-18T23:50:11.982+0000] {dag.py:3722} INFO - Setting next_dagrun for example_bash_operator to 2024-10-17T00:00:00+00:00, run_after=2024-10-18T00:00:00+00:00
[2024-10-18T23:50:12.570+0000] {processor.py:179} INFO - Processing /home/airflow/.local/lib/python3.8/site-packages/airflow/example_dags/example_bash_operator.py took 2.054 seconds
[2024-10-18T23:50:42.885+0000] {processor.py:157} INFO - Started process (PID=1104) to work on /home/airflow/.local/lib/python3.8/site-packages/airflow/example_dags/example_bash_operator.py
[2024-10-18T23:50:42.887+0000] {processor.py:829} INFO - Processing file /home/airflow/.local/lib/python3.8/site-packages/airflow/example_dags/example_bash_operator.py for tasks to queue
[2024-10-18T23:50:42.903+0000] {logging_mixin.py:151} INFO - [2024-10-18T23:50:42.898+0000] {dagbag.py:536} INFO - Filling up the DagBag from /home/airflow/.local/lib/python3.8/site-packages/airflow/example_dags/example_bash_operator.py
[2024-10-18T23:50:42.974+0000] {processor.py:839} INFO - DAG(s) dict_keys(['example_bash_operator']) retrieved from /home/airflow/.local/lib/python3.8/site-packages/airflow/example_dags/example_bash_operator.py
[2024-10-18T23:50:43.104+0000] {logging_mixin.py:151} INFO - [2024-10-18T23:50:43.104+0000] {dag.py:2941} INFO - Sync 1 DAGs
[2024-10-18T23:50:43.216+0000] {logging_mixin.py:151} INFO - [2024-10-18T23:50:43.215+0000] {dag.py:3722} INFO - Setting next_dagrun for example_bash_operator to 2024-10-17T00:00:00+00:00, run_after=2024-10-18T00:00:00+00:00
[2024-10-18T23:50:43.286+0000] {processor.py:179} INFO - Processing /home/airflow/.local/lib/python3.8/site-packages/airflow/example_dags/example_bash_operator.py took 0.453 seconds
[2024-10-18T23:51:13.887+0000] {processor.py:157} INFO - Started process (PID=1157) to work on /home/airflow/.local/lib/python3.8/site-packages/airflow/example_dags/example_bash_operator.py
[2024-10-18T23:51:13.889+0000] {processor.py:829} INFO - Processing file /home/airflow/.local/lib/python3.8/site-packages/airflow/example_dags/example_bash_operator.py for tasks to queue
[2024-10-18T23:51:13.895+0000] {logging_mixin.py:151} INFO - [2024-10-18T23:51:13.894+0000] {dagbag.py:536} INFO - Filling up the DagBag from /home/airflow/.local/lib/python3.8/site-packages/airflow/example_dags/example_bash_operator.py
[2024-10-18T23:51:13.935+0000] {processor.py:839} INFO - DAG(s) dict_keys(['example_bash_operator']) retrieved from /home/airflow/.local/lib/python3.8/site-packages/airflow/example_dags/example_bash_operator.py
[2024-10-18T23:51:14.033+0000] {logging_mixin.py:151} INFO - [2024-10-18T23:51:14.032+0000] {dag.py:2941} INFO - Sync 1 DAGs
[2024-10-18T23:51:14.091+0000] {logging_mixin.py:151} INFO - [2024-10-18T23:51:14.091+0000] {dag.py:3722} INFO - Setting next_dagrun for example_bash_operator to 2024-10-17T00:00:00+00:00, run_after=2024-10-18T00:00:00+00:00
[2024-10-18T23:51:14.133+0000] {processor.py:179} INFO - Processing /home/airflow/.local/lib/python3.8/site-packages/airflow/example_dags/example_bash_operator.py took 0.259 seconds
[2024-10-18T23:51:44.225+0000] {processor.py:157} INFO - Started process (PID=1212) to work on /home/airflow/.local/lib/python3.8/site-packages/airflow/example_dags/example_bash_operator.py
[2024-10-18T23:51:44.227+0000] {processor.py:829} INFO - Processing file /home/airflow/.local/lib/python3.8/site-packages/airflow/example_dags/example_bash_operator.py for tasks to queue
[2024-10-18T23:51:44.235+0000] {logging_mixin.py:151} INFO - [2024-10-18T23:51:44.234+0000] {dagbag.py:536} INFO - Filling up the DagBag from /home/airflow/.local/lib/python3.8/site-packages/airflow/example_dags/example_bash_operator.py
[2024-10-18T23:51:44.291+0000] {processor.py:839} INFO - DAG(s) dict_keys(['example_bash_operator']) retrieved from /home/airflow/.local/lib/python3.8/site-packages/airflow/example_dags/example_bash_operator.py
[2024-10-18T23:51:44.452+0000] {logging_mixin.py:151} INFO - [2024-10-18T23:51:44.452+0000] {dag.py:2941} INFO - Sync 1 DAGs
[2024-10-18T23:51:44.870+0000] {logging_mixin.py:151} INFO - [2024-10-18T23:51:44.870+0000] {dag.py:3722} INFO - Setting next_dagrun for example_bash_operator to 2024-10-17T00:00:00+00:00, run_after=2024-10-18T00:00:00+00:00
[2024-10-18T23:51:44.912+0000] {processor.py:179} INFO - Processing /home/airflow/.local/lib/python3.8/site-packages/airflow/example_dags/example_bash_operator.py took 0.696 seconds
[2024-10-18T23:52:15.029+0000] {processor.py:157} INFO - Started process (PID=1268) to work on /home/airflow/.local/lib/python3.8/site-packages/airflow/example_dags/example_bash_operator.py
[2024-10-18T23:52:15.031+0000] {processor.py:829} INFO - Processing file /home/airflow/.local/lib/python3.8/site-packages/airflow/example_dags/example_bash_operator.py for tasks to queue
[2024-10-18T23:52:15.036+0000] {logging_mixin.py:151} INFO - [2024-10-18T23:52:15.036+0000] {dagbag.py:536} INFO - Filling up the DagBag from /home/airflow/.local/lib/python3.8/site-packages/airflow/example_dags/example_bash_operator.py
[2024-10-18T23:52:15.055+0000] {processor.py:839} INFO - DAG(s) dict_keys(['example_bash_operator']) retrieved from /home/airflow/.local/lib/python3.8/site-packages/airflow/example_dags/example_bash_operator.py
[2024-10-18T23:52:15.105+0000] {logging_mixin.py:151} INFO - [2024-10-18T23:52:15.104+0000] {dag.py:2941} INFO - Sync 1 DAGs
[2024-10-18T23:52:15.144+0000] {logging_mixin.py:151} INFO - [2024-10-18T23:52:15.144+0000] {dag.py:3722} INFO - Setting next_dagrun for example_bash_operator to 2024-10-17T00:00:00+00:00, run_after=2024-10-18T00:00:00+00:00
[2024-10-18T23:52:15.422+0000] {processor.py:179} INFO - Processing /home/airflow/.local/lib/python3.8/site-packages/airflow/example_dags/example_bash_operator.py took 0.400 seconds
[2024-10-18T23:52:45.683+0000] {processor.py:157} INFO - Started process (PID=1321) to work on /home/airflow/.local/lib/python3.8/site-packages/airflow/example_dags/example_bash_operator.py
[2024-10-18T23:52:45.685+0000] {processor.py:829} INFO - Processing file /home/airflow/.local/lib/python3.8/site-packages/airflow/example_dags/example_bash_operator.py for tasks to queue
[2024-10-18T23:52:45.691+0000] {logging_mixin.py:151} INFO - [2024-10-18T23:52:45.690+0000] {dagbag.py:536} INFO - Filling up the DagBag from /home/airflow/.local/lib/python3.8/site-packages/airflow/example_dags/example_bash_operator.py
[2024-10-18T23:52:45.773+0000] {processor.py:839} INFO - DAG(s) dict_keys(['example_bash_operator']) retrieved from /home/airflow/.local/lib/python3.8/site-packages/airflow/example_dags/example_bash_operator.py
[2024-10-18T23:52:45.840+0000] {logging_mixin.py:151} INFO - [2024-10-18T23:52:45.840+0000] {dag.py:2941} INFO - Sync 1 DAGs
[2024-10-18T23:52:45.896+0000] {logging_mixin.py:151} INFO - [2024-10-18T23:52:45.895+0000] {dag.py:3722} INFO - Setting next_dagrun for example_bash_operator to 2024-10-17T00:00:00+00:00, run_after=2024-10-18T00:00:00+00:00
[2024-10-18T23:52:45.934+0000] {processor.py:179} INFO - Processing /home/airflow/.local/lib/python3.8/site-packages/airflow/example_dags/example_bash_operator.py took 0.259 seconds
[2024-10-18T23:53:48.524+0000] {processor.py:157} INFO - Started process (PID=1389) to work on /home/airflow/.local/lib/python3.8/site-packages/airflow/example_dags/example_bash_operator.py
[2024-10-18T23:53:48.530+0000] {processor.py:829} INFO - Processing file /home/airflow/.local/lib/python3.8/site-packages/airflow/example_dags/example_bash_operator.py for tasks to queue
[2024-10-18T23:53:48.536+0000] {logging_mixin.py:151} INFO - [2024-10-18T23:53:48.535+0000] {dagbag.py:536} INFO - Filling up the DagBag from /home/airflow/.local/lib/python3.8/site-packages/airflow/example_dags/example_bash_operator.py
[2024-10-18T23:53:48.573+0000] {processor.py:839} INFO - DAG(s) dict_keys(['example_bash_operator']) retrieved from /home/airflow/.local/lib/python3.8/site-packages/airflow/example_dags/example_bash_operator.py
[2024-10-18T23:53:48.668+0000] {logging_mixin.py:151} INFO - [2024-10-18T23:53:48.668+0000] {dag.py:2941} INFO - Sync 1 DAGs
[2024-10-18T23:53:48.793+0000] {logging_mixin.py:151} INFO - [2024-10-18T23:53:48.792+0000] {dag.py:3722} INFO - Setting next_dagrun for example_bash_operator to 2024-10-17T00:00:00+00:00, run_after=2024-10-18T00:00:00+00:00
[2024-10-18T23:53:48.842+0000] {processor.py:179} INFO - Processing /home/airflow/.local/lib/python3.8/site-packages/airflow/example_dags/example_bash_operator.py took 0.333 seconds
[2024-10-18T23:54:19.682+0000] {processor.py:157} INFO - Started process (PID=1443) to work on /home/airflow/.local/lib/python3.8/site-packages/airflow/example_dags/example_bash_operator.py
[2024-10-18T23:54:19.685+0000] {processor.py:829} INFO - Processing file /home/airflow/.local/lib/python3.8/site-packages/airflow/example_dags/example_bash_operator.py for tasks to queue
[2024-10-18T23:54:19.702+0000] {logging_mixin.py:151} INFO - [2024-10-18T23:54:19.701+0000] {dagbag.py:536} INFO - Filling up the DagBag from /home/airflow/.local/lib/python3.8/site-packages/airflow/example_dags/example_bash_operator.py
[2024-10-18T23:54:19.740+0000] {processor.py:839} INFO - DAG(s) dict_keys(['example_bash_operator']) retrieved from /home/airflow/.local/lib/python3.8/site-packages/airflow/example_dags/example_bash_operator.py
[2024-10-18T23:54:19.872+0000] {logging_mixin.py:151} INFO - [2024-10-18T23:54:19.872+0000] {dag.py:2941} INFO - Sync 1 DAGs
[2024-10-18T23:54:20.416+0000] {logging_mixin.py:151} INFO - [2024-10-18T23:54:20.415+0000] {dag.py:3722} INFO - Setting next_dagrun for example_bash_operator to 2024-10-17T00:00:00+00:00, run_after=2024-10-18T00:00:00+00:00
[2024-10-18T23:54:20.478+0000] {processor.py:179} INFO - Processing /home/airflow/.local/lib/python3.8/site-packages/airflow/example_dags/example_bash_operator.py took 0.806 seconds
[2024-10-18T23:54:50.668+0000] {processor.py:157} INFO - Started process (PID=1497) to work on /home/airflow/.local/lib/python3.8/site-packages/airflow/example_dags/example_bash_operator.py
[2024-10-18T23:54:50.686+0000] {processor.py:829} INFO - Processing file /home/airflow/.local/lib/python3.8/site-packages/airflow/example_dags/example_bash_operator.py for tasks to queue
[2024-10-18T23:54:50.697+0000] {logging_mixin.py:151} INFO - [2024-10-18T23:54:50.695+0000] {dagbag.py:536} INFO - Filling up the DagBag from /home/airflow/.local/lib/python3.8/site-packages/airflow/example_dags/example_bash_operator.py
[2024-10-18T23:54:51.752+0000] {processor.py:839} INFO - DAG(s) dict_keys(['example_bash_operator']) retrieved from /home/airflow/.local/lib/python3.8/site-packages/airflow/example_dags/example_bash_operator.py
[2024-10-18T23:54:53.071+0000] {logging_mixin.py:151} INFO - [2024-10-18T23:54:53.070+0000] {dag.py:2941} INFO - Sync 1 DAGs
[2024-10-18T23:54:53.572+0000] {logging_mixin.py:151} INFO - [2024-10-18T23:54:53.571+0000] {dag.py:3722} INFO - Setting next_dagrun for example_bash_operator to 2024-10-17T00:00:00+00:00, run_after=2024-10-18T00:00:00+00:00
[2024-10-18T23:54:53.973+0000] {processor.py:179} INFO - Processing /home/airflow/.local/lib/python3.8/site-packages/airflow/example_dags/example_bash_operator.py took 3.316 seconds
[2024-10-18T23:55:24.201+0000] {processor.py:157} INFO - Started process (PID=1551) to work on /home/airflow/.local/lib/python3.8/site-packages/airflow/example_dags/example_bash_operator.py
[2024-10-18T23:55:24.203+0000] {processor.py:829} INFO - Processing file /home/airflow/.local/lib/python3.8/site-packages/airflow/example_dags/example_bash_operator.py for tasks to queue
[2024-10-18T23:55:24.206+0000] {logging_mixin.py:151} INFO - [2024-10-18T23:55:24.206+0000] {dagbag.py:536} INFO - Filling up the DagBag from /home/airflow/.local/lib/python3.8/site-packages/airflow/example_dags/example_bash_operator.py
[2024-10-18T23:55:24.235+0000] {processor.py:839} INFO - DAG(s) dict_keys(['example_bash_operator']) retrieved from /home/airflow/.local/lib/python3.8/site-packages/airflow/example_dags/example_bash_operator.py
[2024-10-18T23:55:24.301+0000] {logging_mixin.py:151} INFO - [2024-10-18T23:55:24.301+0000] {dag.py:2941} INFO - Sync 1 DAGs
[2024-10-18T23:55:24.366+0000] {logging_mixin.py:151} INFO - [2024-10-18T23:55:24.365+0000] {dag.py:3722} INFO - Setting next_dagrun for example_bash_operator to 2024-10-17T00:00:00+00:00, run_after=2024-10-18T00:00:00+00:00
[2024-10-18T23:55:24.483+0000] {processor.py:179} INFO - Processing /home/airflow/.local/lib/python3.8/site-packages/airflow/example_dags/example_bash_operator.py took 0.289 seconds
[2024-10-18T23:56:00.768+0000] {processor.py:157} INFO - Started process (PID=1609) to work on /home/airflow/.local/lib/python3.8/site-packages/airflow/example_dags/example_bash_operator.py
[2024-10-18T23:56:00.770+0000] {processor.py:829} INFO - Processing file /home/airflow/.local/lib/python3.8/site-packages/airflow/example_dags/example_bash_operator.py for tasks to queue
[2024-10-18T23:56:00.777+0000] {logging_mixin.py:151} INFO - [2024-10-18T23:56:00.776+0000] {dagbag.py:536} INFO - Filling up the DagBag from /home/airflow/.local/lib/python3.8/site-packages/airflow/example_dags/example_bash_operator.py
[2024-10-18T23:56:00.811+0000] {processor.py:839} INFO - DAG(s) dict_keys(['example_bash_operator']) retrieved from /home/airflow/.local/lib/python3.8/site-packages/airflow/example_dags/example_bash_operator.py
[2024-10-18T23:56:00.950+0000] {logging_mixin.py:151} INFO - [2024-10-18T23:56:00.950+0000] {dag.py:2941} INFO - Sync 1 DAGs
[2024-10-18T23:56:01.166+0000] {logging_mixin.py:151} INFO - [2024-10-18T23:56:01.165+0000] {dag.py:3722} INFO - Setting next_dagrun for example_bash_operator to 2024-10-17T00:00:00+00:00, run_after=2024-10-18T00:00:00+00:00
[2024-10-18T23:56:01.256+0000] {processor.py:179} INFO - Processing /home/airflow/.local/lib/python3.8/site-packages/airflow/example_dags/example_bash_operator.py took 0.495 seconds
[2024-10-18T23:56:34.386+0000] {processor.py:157} INFO - Started process (PID=1663) to work on /home/airflow/.local/lib/python3.8/site-packages/airflow/example_dags/example_bash_operator.py
[2024-10-18T23:56:34.392+0000] {processor.py:829} INFO - Processing file /home/airflow/.local/lib/python3.8/site-packages/airflow/example_dags/example_bash_operator.py for tasks to queue
[2024-10-18T23:56:34.413+0000] {logging_mixin.py:151} INFO - [2024-10-18T23:56:34.402+0000] {dagbag.py:536} INFO - Filling up the DagBag from /home/airflow/.local/lib/python3.8/site-packages/airflow/example_dags/example_bash_operator.py
[2024-10-18T23:56:34.496+0000] {processor.py:839} INFO - DAG(s) dict_keys(['example_bash_operator']) retrieved from /home/airflow/.local/lib/python3.8/site-packages/airflow/example_dags/example_bash_operator.py
[2024-10-18T23:56:35.308+0000] {logging_mixin.py:151} INFO - [2024-10-18T23:56:35.304+0000] {dag.py:2941} INFO - Sync 1 DAGs
[2024-10-18T23:56:35.557+0000] {logging_mixin.py:151} INFO - [2024-10-18T23:56:35.556+0000] {dag.py:3722} INFO - Setting next_dagrun for example_bash_operator to 2024-10-17T00:00:00+00:00, run_after=2024-10-18T00:00:00+00:00
[2024-10-18T23:56:35.729+0000] {processor.py:179} INFO - Processing /home/airflow/.local/lib/python3.8/site-packages/airflow/example_dags/example_bash_operator.py took 1.378 seconds
[2024-10-18T23:57:18.935+0000] {processor.py:157} INFO - Started process (PID=1725) to work on /home/airflow/.local/lib/python3.8/site-packages/airflow/example_dags/example_bash_operator.py
[2024-10-18T23:57:18.943+0000] {processor.py:829} INFO - Processing file /home/airflow/.local/lib/python3.8/site-packages/airflow/example_dags/example_bash_operator.py for tasks to queue
[2024-10-18T23:57:18.950+0000] {logging_mixin.py:151} INFO - [2024-10-18T23:57:18.950+0000] {dagbag.py:536} INFO - Filling up the DagBag from /home/airflow/.local/lib/python3.8/site-packages/airflow/example_dags/example_bash_operator.py
[2024-10-18T23:57:19.025+0000] {processor.py:839} INFO - DAG(s) dict_keys(['example_bash_operator']) retrieved from /home/airflow/.local/lib/python3.8/site-packages/airflow/example_dags/example_bash_operator.py
[2024-10-18T23:57:19.275+0000] {logging_mixin.py:151} INFO - [2024-10-18T23:57:19.274+0000] {dag.py:2941} INFO - Sync 1 DAGs
[2024-10-18T23:57:19.350+0000] {logging_mixin.py:151} INFO - [2024-10-18T23:57:19.350+0000] {dag.py:3722} INFO - Setting next_dagrun for example_bash_operator to 2024-10-17T00:00:00+00:00, run_after=2024-10-18T00:00:00+00:00
[2024-10-18T23:57:19.416+0000] {processor.py:179} INFO - Processing /home/airflow/.local/lib/python3.8/site-packages/airflow/example_dags/example_bash_operator.py took 0.510 seconds
[2024-10-18T23:57:49.849+0000] {processor.py:157} INFO - Started process (PID=1781) to work on /home/airflow/.local/lib/python3.8/site-packages/airflow/example_dags/example_bash_operator.py
[2024-10-18T23:57:49.851+0000] {processor.py:829} INFO - Processing file /home/airflow/.local/lib/python3.8/site-packages/airflow/example_dags/example_bash_operator.py for tasks to queue
[2024-10-18T23:57:49.859+0000] {logging_mixin.py:151} INFO - [2024-10-18T23:57:49.858+0000] {dagbag.py:536} INFO - Filling up the DagBag from /home/airflow/.local/lib/python3.8/site-packages/airflow/example_dags/example_bash_operator.py
[2024-10-18T23:57:49.900+0000] {processor.py:839} INFO - DAG(s) dict_keys(['example_bash_operator']) retrieved from /home/airflow/.local/lib/python3.8/site-packages/airflow/example_dags/example_bash_operator.py
[2024-10-18T23:57:50.022+0000] {logging_mixin.py:151} INFO - [2024-10-18T23:57:50.018+0000] {dag.py:2941} INFO - Sync 1 DAGs
[2024-10-18T23:57:50.103+0000] {logging_mixin.py:151} INFO - [2024-10-18T23:57:50.103+0000] {dag.py:3722} INFO - Setting next_dagrun for example_bash_operator to 2024-10-17T00:00:00+00:00, run_after=2024-10-18T00:00:00+00:00
[2024-10-18T23:57:50.218+0000] {processor.py:179} INFO - Processing /home/airflow/.local/lib/python3.8/site-packages/airflow/example_dags/example_bash_operator.py took 0.385 seconds
[2024-10-18T23:58:21.086+0000] {processor.py:157} INFO - Started process (PID=1834) to work on /home/airflow/.local/lib/python3.8/site-packages/airflow/example_dags/example_bash_operator.py
[2024-10-18T23:58:21.089+0000] {processor.py:829} INFO - Processing file /home/airflow/.local/lib/python3.8/site-packages/airflow/example_dags/example_bash_operator.py for tasks to queue
[2024-10-18T23:58:21.097+0000] {logging_mixin.py:151} INFO - [2024-10-18T23:58:21.096+0000] {dagbag.py:536} INFO - Filling up the DagBag from /home/airflow/.local/lib/python3.8/site-packages/airflow/example_dags/example_bash_operator.py
[2024-10-18T23:58:21.147+0000] {processor.py:839} INFO - DAG(s) dict_keys(['example_bash_operator']) retrieved from /home/airflow/.local/lib/python3.8/site-packages/airflow/example_dags/example_bash_operator.py
[2024-10-18T23:58:21.247+0000] {logging_mixin.py:151} INFO - [2024-10-18T23:58:21.246+0000] {dag.py:2941} INFO - Sync 1 DAGs
[2024-10-18T23:58:21.341+0000] {logging_mixin.py:151} INFO - [2024-10-18T23:58:21.340+0000] {dag.py:3722} INFO - Setting next_dagrun for example_bash_operator to 2024-10-17T00:00:00+00:00, run_after=2024-10-18T00:00:00+00:00
[2024-10-18T23:58:21.393+0000] {processor.py:179} INFO - Processing /home/airflow/.local/lib/python3.8/site-packages/airflow/example_dags/example_bash_operator.py took 0.327 seconds
[2024-10-18T23:58:54.827+0000] {processor.py:157} INFO - Started process (PID=1888) to work on /home/airflow/.local/lib/python3.8/site-packages/airflow/example_dags/example_bash_operator.py
[2024-10-18T23:58:54.831+0000] {processor.py:829} INFO - Processing file /home/airflow/.local/lib/python3.8/site-packages/airflow/example_dags/example_bash_operator.py for tasks to queue
[2024-10-18T23:58:54.843+0000] {logging_mixin.py:151} INFO - [2024-10-18T23:58:54.841+0000] {dagbag.py:536} INFO - Filling up the DagBag from /home/airflow/.local/lib/python3.8/site-packages/airflow/example_dags/example_bash_operator.py
[2024-10-18T23:58:54.955+0000] {processor.py:839} INFO - DAG(s) dict_keys(['example_bash_operator']) retrieved from /home/airflow/.local/lib/python3.8/site-packages/airflow/example_dags/example_bash_operator.py
[2024-10-18T23:58:55.108+0000] {logging_mixin.py:151} INFO - [2024-10-18T23:58:55.108+0000] {dag.py:2941} INFO - Sync 1 DAGs
[2024-10-18T23:58:55.209+0000] {logging_mixin.py:151} INFO - [2024-10-18T23:58:55.209+0000] {dag.py:3722} INFO - Setting next_dagrun for example_bash_operator to 2024-10-17T00:00:00+00:00, run_after=2024-10-18T00:00:00+00:00
[2024-10-18T23:58:55.288+0000] {processor.py:179} INFO - Processing /home/airflow/.local/lib/python3.8/site-packages/airflow/example_dags/example_bash_operator.py took 0.476 seconds
[2024-10-18T23:59:25.771+0000] {processor.py:157} INFO - Started process (PID=1941) to work on /home/airflow/.local/lib/python3.8/site-packages/airflow/example_dags/example_bash_operator.py
[2024-10-18T23:59:25.774+0000] {processor.py:829} INFO - Processing file /home/airflow/.local/lib/python3.8/site-packages/airflow/example_dags/example_bash_operator.py for tasks to queue
[2024-10-18T23:59:25.780+0000] {logging_mixin.py:151} INFO - [2024-10-18T23:59:25.779+0000] {dagbag.py:536} INFO - Filling up the DagBag from /home/airflow/.local/lib/python3.8/site-packages/airflow/example_dags/example_bash_operator.py
[2024-10-18T23:59:25.803+0000] {processor.py:839} INFO - DAG(s) dict_keys(['example_bash_operator']) retrieved from /home/airflow/.local/lib/python3.8/site-packages/airflow/example_dags/example_bash_operator.py
[2024-10-18T23:59:25.863+0000] {logging_mixin.py:151} INFO - [2024-10-18T23:59:25.863+0000] {dag.py:2941} INFO - Sync 1 DAGs
[2024-10-18T23:59:25.912+0000] {logging_mixin.py:151} INFO - [2024-10-18T23:59:25.912+0000] {dag.py:3722} INFO - Setting next_dagrun for example_bash_operator to 2024-10-17T00:00:00+00:00, run_after=2024-10-18T00:00:00+00:00
[2024-10-18T23:59:25.948+0000] {processor.py:179} INFO - Processing /home/airflow/.local/lib/python3.8/site-packages/airflow/example_dags/example_bash_operator.py took 0.183 seconds
[2024-10-18T23:59:57.211+0000] {processor.py:157} INFO - Started process (PID=1998) to work on /home/airflow/.local/lib/python3.8/site-packages/airflow/example_dags/example_bash_operator.py
[2024-10-18T23:59:57.214+0000] {processor.py:829} INFO - Processing file /home/airflow/.local/lib/python3.8/site-packages/airflow/example_dags/example_bash_operator.py for tasks to queue
[2024-10-18T23:59:57.221+0000] {logging_mixin.py:151} INFO - [2024-10-18T23:59:57.220+0000] {dagbag.py:536} INFO - Filling up the DagBag from /home/airflow/.local/lib/python3.8/site-packages/airflow/example_dags/example_bash_operator.py
[2024-10-18T23:59:57.249+0000] {processor.py:839} INFO - DAG(s) dict_keys(['example_bash_operator']) retrieved from /home/airflow/.local/lib/python3.8/site-packages/airflow/example_dags/example_bash_operator.py
[2024-10-18T23:59:57.316+0000] {logging_mixin.py:151} INFO - [2024-10-18T23:59:57.316+0000] {dag.py:2941} INFO - Sync 1 DAGs
[2024-10-18T23:59:57.386+0000] {logging_mixin.py:151} INFO - [2024-10-18T23:59:57.385+0000] {dag.py:3722} INFO - Setting next_dagrun for example_bash_operator to 2024-10-17T00:00:00+00:00, run_after=2024-10-18T00:00:00+00:00
[2024-10-18T23:59:57.428+0000] {processor.py:179} INFO - Processing /home/airflow/.local/lib/python3.8/site-packages/airflow/example_dags/example_bash_operator.py took 0.224 seconds
