[2024-10-18T23:31:47.588+0000] {processor.py:157} INFO - Started process (PID=93) to work on /home/airflow/.local/lib/python3.8/site-packages/airflow/example_dags/example_skip_dag.py
[2024-10-18T23:31:47.612+0000] {processor.py:829} INFO - Processing file /home/airflow/.local/lib/python3.8/site-packages/airflow/example_dags/example_skip_dag.py for tasks to queue
[2024-10-18T23:31:47.633+0000] {logging_mixin.py:151} INFO - [2024-10-18T23:31:47.633+0000] {dagbag.py:536} INFO - Filling up the DagBag from /home/airflow/.local/lib/python3.8/site-packages/airflow/example_dags/example_skip_dag.py
[2024-10-18T23:31:47.695+0000] {processor.py:839} INFO - DAG(s) dict_keys(['example_skip_dag']) retrieved from /home/airflow/.local/lib/python3.8/site-packages/airflow/example_dags/example_skip_dag.py
[2024-10-18T23:31:47.935+0000] {logging_mixin.py:151} INFO - [2024-10-18T23:31:47.934+0000] {dag.py:2941} INFO - Sync 1 DAGs
[2024-10-18T23:31:48.207+0000] {logging_mixin.py:151} INFO - [2024-10-18T23:31:48.206+0000] {dag.py:3722} INFO - Setting next_dagrun for example_skip_dag to 2024-10-17T23:31:48.204933+00:00, run_after=2024-10-18T23:31:48.204933+00:00
[2024-10-18T23:31:48.867+0000] {processor.py:179} INFO - Processing /home/airflow/.local/lib/python3.8/site-packages/airflow/example_dags/example_skip_dag.py took 1.299 seconds
[2024-10-18T23:32:19.455+0000] {processor.py:157} INFO - Started process (PID=147) to work on /home/airflow/.local/lib/python3.8/site-packages/airflow/example_dags/example_skip_dag.py
[2024-10-18T23:32:19.458+0000] {processor.py:829} INFO - Processing file /home/airflow/.local/lib/python3.8/site-packages/airflow/example_dags/example_skip_dag.py for tasks to queue
[2024-10-18T23:32:19.462+0000] {logging_mixin.py:151} INFO - [2024-10-18T23:32:19.461+0000] {dagbag.py:536} INFO - Filling up the DagBag from /home/airflow/.local/lib/python3.8/site-packages/airflow/example_dags/example_skip_dag.py
[2024-10-18T23:32:19.483+0000] {processor.py:839} INFO - DAG(s) dict_keys(['example_skip_dag']) retrieved from /home/airflow/.local/lib/python3.8/site-packages/airflow/example_dags/example_skip_dag.py
[2024-10-18T23:32:19.579+0000] {logging_mixin.py:151} INFO - [2024-10-18T23:32:19.579+0000] {dag.py:2941} INFO - Sync 1 DAGs
[2024-10-18T23:32:19.628+0000] {logging_mixin.py:151} INFO - [2024-10-18T23:32:19.627+0000] {dag.py:3722} INFO - Setting next_dagrun for example_skip_dag to 2024-10-17T23:32:19.627152+00:00, run_after=2024-10-18T23:32:19.627152+00:00
[2024-10-18T23:32:19.700+0000] {processor.py:179} INFO - Processing /home/airflow/.local/lib/python3.8/site-packages/airflow/example_dags/example_skip_dag.py took 0.253 seconds
[2024-10-18T23:32:51.941+0000] {processor.py:157} INFO - Started process (PID=201) to work on /home/airflow/.local/lib/python3.8/site-packages/airflow/example_dags/example_skip_dag.py
[2024-10-18T23:32:51.942+0000] {processor.py:829} INFO - Processing file /home/airflow/.local/lib/python3.8/site-packages/airflow/example_dags/example_skip_dag.py for tasks to queue
[2024-10-18T23:32:51.947+0000] {logging_mixin.py:151} INFO - [2024-10-18T23:32:51.947+0000] {dagbag.py:536} INFO - Filling up the DagBag from /home/airflow/.local/lib/python3.8/site-packages/airflow/example_dags/example_skip_dag.py
[2024-10-18T23:32:51.960+0000] {processor.py:839} INFO - DAG(s) dict_keys(['example_skip_dag']) retrieved from /home/airflow/.local/lib/python3.8/site-packages/airflow/example_dags/example_skip_dag.py
[2024-10-18T23:32:51.999+0000] {logging_mixin.py:151} INFO - [2024-10-18T23:32:51.999+0000] {dag.py:2941} INFO - Sync 1 DAGs
[2024-10-18T23:32:52.036+0000] {logging_mixin.py:151} INFO - [2024-10-18T23:32:52.036+0000] {dag.py:3722} INFO - Setting next_dagrun for example_skip_dag to 2024-10-17T23:32:52.035955+00:00, run_after=2024-10-18T23:32:52.035955+00:00
[2024-10-18T23:32:52.071+0000] {processor.py:179} INFO - Processing /home/airflow/.local/lib/python3.8/site-packages/airflow/example_dags/example_skip_dag.py took 0.136 seconds
[2024-10-18T23:33:22.713+0000] {processor.py:157} INFO - Started process (PID=253) to work on /home/airflow/.local/lib/python3.8/site-packages/airflow/example_dags/example_skip_dag.py
[2024-10-18T23:33:22.716+0000] {processor.py:829} INFO - Processing file /home/airflow/.local/lib/python3.8/site-packages/airflow/example_dags/example_skip_dag.py for tasks to queue
[2024-10-18T23:33:22.721+0000] {logging_mixin.py:151} INFO - [2024-10-18T23:33:22.721+0000] {dagbag.py:536} INFO - Filling up the DagBag from /home/airflow/.local/lib/python3.8/site-packages/airflow/example_dags/example_skip_dag.py
[2024-10-18T23:33:22.736+0000] {processor.py:839} INFO - DAG(s) dict_keys(['example_skip_dag']) retrieved from /home/airflow/.local/lib/python3.8/site-packages/airflow/example_dags/example_skip_dag.py
[2024-10-18T23:33:22.788+0000] {logging_mixin.py:151} INFO - [2024-10-18T23:33:22.788+0000] {dag.py:2941} INFO - Sync 1 DAGs
[2024-10-18T23:33:22.836+0000] {logging_mixin.py:151} INFO - [2024-10-18T23:33:22.836+0000] {dag.py:3722} INFO - Setting next_dagrun for example_skip_dag to 2024-10-17T23:33:22.835924+00:00, run_after=2024-10-18T23:33:22.835924+00:00
[2024-10-18T23:33:22.893+0000] {processor.py:179} INFO - Processing /home/airflow/.local/lib/python3.8/site-packages/airflow/example_dags/example_skip_dag.py took 0.187 seconds
[2024-10-18T23:33:53.774+0000] {processor.py:157} INFO - Started process (PID=307) to work on /home/airflow/.local/lib/python3.8/site-packages/airflow/example_dags/example_skip_dag.py
[2024-10-18T23:33:53.777+0000] {processor.py:829} INFO - Processing file /home/airflow/.local/lib/python3.8/site-packages/airflow/example_dags/example_skip_dag.py for tasks to queue
[2024-10-18T23:33:53.785+0000] {logging_mixin.py:151} INFO - [2024-10-18T23:33:53.784+0000] {dagbag.py:536} INFO - Filling up the DagBag from /home/airflow/.local/lib/python3.8/site-packages/airflow/example_dags/example_skip_dag.py
[2024-10-18T23:33:53.812+0000] {processor.py:839} INFO - DAG(s) dict_keys(['example_skip_dag']) retrieved from /home/airflow/.local/lib/python3.8/site-packages/airflow/example_dags/example_skip_dag.py
[2024-10-18T23:33:53.896+0000] {logging_mixin.py:151} INFO - [2024-10-18T23:33:53.896+0000] {dag.py:2941} INFO - Sync 1 DAGs
[2024-10-18T23:33:53.959+0000] {logging_mixin.py:151} INFO - [2024-10-18T23:33:53.959+0000] {dag.py:3722} INFO - Setting next_dagrun for example_skip_dag to 2024-10-17T23:33:53.958647+00:00, run_after=2024-10-18T23:33:53.958647+00:00
[2024-10-18T23:33:54.013+0000] {processor.py:179} INFO - Processing /home/airflow/.local/lib/python3.8/site-packages/airflow/example_dags/example_skip_dag.py took 0.250 seconds
[2024-10-18T23:34:24.622+0000] {processor.py:157} INFO - Started process (PID=361) to work on /home/airflow/.local/lib/python3.8/site-packages/airflow/example_dags/example_skip_dag.py
[2024-10-18T23:34:24.624+0000] {processor.py:829} INFO - Processing file /home/airflow/.local/lib/python3.8/site-packages/airflow/example_dags/example_skip_dag.py for tasks to queue
[2024-10-18T23:34:24.629+0000] {logging_mixin.py:151} INFO - [2024-10-18T23:34:24.628+0000] {dagbag.py:536} INFO - Filling up the DagBag from /home/airflow/.local/lib/python3.8/site-packages/airflow/example_dags/example_skip_dag.py
[2024-10-18T23:34:24.646+0000] {processor.py:839} INFO - DAG(s) dict_keys(['example_skip_dag']) retrieved from /home/airflow/.local/lib/python3.8/site-packages/airflow/example_dags/example_skip_dag.py
[2024-10-18T23:34:24.702+0000] {logging_mixin.py:151} INFO - [2024-10-18T23:34:24.701+0000] {dag.py:2941} INFO - Sync 1 DAGs
[2024-10-18T23:34:24.768+0000] {logging_mixin.py:151} INFO - [2024-10-18T23:34:24.767+0000] {dag.py:3722} INFO - Setting next_dagrun for example_skip_dag to 2024-10-17T23:34:24.767104+00:00, run_after=2024-10-18T23:34:24.767104+00:00
[2024-10-18T23:34:24.818+0000] {processor.py:179} INFO - Processing /home/airflow/.local/lib/python3.8/site-packages/airflow/example_dags/example_skip_dag.py took 0.204 seconds
[2024-10-18T23:34:55.254+0000] {processor.py:157} INFO - Started process (PID=415) to work on /home/airflow/.local/lib/python3.8/site-packages/airflow/example_dags/example_skip_dag.py
[2024-10-18T23:34:55.257+0000] {processor.py:829} INFO - Processing file /home/airflow/.local/lib/python3.8/site-packages/airflow/example_dags/example_skip_dag.py for tasks to queue
[2024-10-18T23:34:55.266+0000] {logging_mixin.py:151} INFO - [2024-10-18T23:34:55.262+0000] {dagbag.py:536} INFO - Filling up the DagBag from /home/airflow/.local/lib/python3.8/site-packages/airflow/example_dags/example_skip_dag.py
[2024-10-18T23:34:55.288+0000] {processor.py:839} INFO - DAG(s) dict_keys(['example_skip_dag']) retrieved from /home/airflow/.local/lib/python3.8/site-packages/airflow/example_dags/example_skip_dag.py
[2024-10-18T23:34:55.355+0000] {logging_mixin.py:151} INFO - [2024-10-18T23:34:55.355+0000] {dag.py:2941} INFO - Sync 1 DAGs
[2024-10-18T23:34:55.431+0000] {logging_mixin.py:151} INFO - [2024-10-18T23:34:55.431+0000] {dag.py:3722} INFO - Setting next_dagrun for example_skip_dag to 2024-10-17T23:34:55.430653+00:00, run_after=2024-10-18T23:34:55.430653+00:00
[2024-10-18T23:34:55.492+0000] {processor.py:179} INFO - Processing /home/airflow/.local/lib/python3.8/site-packages/airflow/example_dags/example_skip_dag.py took 0.251 seconds
[2024-10-18T23:35:25.820+0000] {processor.py:157} INFO - Started process (PID=468) to work on /home/airflow/.local/lib/python3.8/site-packages/airflow/example_dags/example_skip_dag.py
[2024-10-18T23:35:25.821+0000] {processor.py:829} INFO - Processing file /home/airflow/.local/lib/python3.8/site-packages/airflow/example_dags/example_skip_dag.py for tasks to queue
[2024-10-18T23:35:25.825+0000] {logging_mixin.py:151} INFO - [2024-10-18T23:35:25.824+0000] {dagbag.py:536} INFO - Filling up the DagBag from /home/airflow/.local/lib/python3.8/site-packages/airflow/example_dags/example_skip_dag.py
[2024-10-18T23:35:25.839+0000] {processor.py:839} INFO - DAG(s) dict_keys(['example_skip_dag']) retrieved from /home/airflow/.local/lib/python3.8/site-packages/airflow/example_dags/example_skip_dag.py
[2024-10-18T23:35:25.895+0000] {logging_mixin.py:151} INFO - [2024-10-18T23:35:25.895+0000] {dag.py:2941} INFO - Sync 1 DAGs
[2024-10-18T23:35:25.937+0000] {logging_mixin.py:151} INFO - [2024-10-18T23:35:25.936+0000] {dag.py:3722} INFO - Setting next_dagrun for example_skip_dag to 2024-10-17T23:35:25.936556+00:00, run_after=2024-10-18T23:35:25.936556+00:00
[2024-10-18T23:35:25.976+0000] {processor.py:179} INFO - Processing /home/airflow/.local/lib/python3.8/site-packages/airflow/example_dags/example_skip_dag.py took 0.162 seconds
[2024-10-18T23:35:56.798+0000] {processor.py:157} INFO - Started process (PID=522) to work on /home/airflow/.local/lib/python3.8/site-packages/airflow/example_dags/example_skip_dag.py
[2024-10-18T23:35:56.800+0000] {processor.py:829} INFO - Processing file /home/airflow/.local/lib/python3.8/site-packages/airflow/example_dags/example_skip_dag.py for tasks to queue
[2024-10-18T23:35:56.806+0000] {logging_mixin.py:151} INFO - [2024-10-18T23:35:56.805+0000] {dagbag.py:536} INFO - Filling up the DagBag from /home/airflow/.local/lib/python3.8/site-packages/airflow/example_dags/example_skip_dag.py
[2024-10-18T23:35:56.824+0000] {processor.py:839} INFO - DAG(s) dict_keys(['example_skip_dag']) retrieved from /home/airflow/.local/lib/python3.8/site-packages/airflow/example_dags/example_skip_dag.py
[2024-10-18T23:35:56.880+0000] {logging_mixin.py:151} INFO - [2024-10-18T23:35:56.880+0000] {dag.py:2941} INFO - Sync 1 DAGs
[2024-10-18T23:35:56.935+0000] {logging_mixin.py:151} INFO - [2024-10-18T23:35:56.935+0000] {dag.py:3722} INFO - Setting next_dagrun for example_skip_dag to 2024-10-17T23:35:56.934519+00:00, run_after=2024-10-18T23:35:56.934519+00:00
[2024-10-18T23:35:56.980+0000] {processor.py:179} INFO - Processing /home/airflow/.local/lib/python3.8/site-packages/airflow/example_dags/example_skip_dag.py took 0.191 seconds
[2024-10-18T23:38:55.022+0000] {processor.py:157} INFO - Started process (PID=93) to work on /home/airflow/.local/lib/python3.8/site-packages/airflow/example_dags/example_skip_dag.py
[2024-10-18T23:38:55.038+0000] {processor.py:829} INFO - Processing file /home/airflow/.local/lib/python3.8/site-packages/airflow/example_dags/example_skip_dag.py for tasks to queue
[2024-10-18T23:38:55.053+0000] {logging_mixin.py:151} INFO - [2024-10-18T23:38:55.049+0000] {dagbag.py:536} INFO - Filling up the DagBag from /home/airflow/.local/lib/python3.8/site-packages/airflow/example_dags/example_skip_dag.py
[2024-10-18T23:38:55.096+0000] {processor.py:839} INFO - DAG(s) dict_keys(['example_skip_dag']) retrieved from /home/airflow/.local/lib/python3.8/site-packages/airflow/example_dags/example_skip_dag.py
[2024-10-18T23:38:55.226+0000] {logging_mixin.py:151} INFO - [2024-10-18T23:38:55.225+0000] {dag.py:2941} INFO - Sync 1 DAGs
[2024-10-18T23:38:55.315+0000] {logging_mixin.py:151} INFO - [2024-10-18T23:38:55.314+0000] {dag.py:3722} INFO - Setting next_dagrun for example_skip_dag to 2024-10-17T23:38:55.314128+00:00, run_after=2024-10-18T23:38:55.314128+00:00
[2024-10-18T23:38:55.404+0000] {processor.py:179} INFO - Processing /home/airflow/.local/lib/python3.8/site-packages/airflow/example_dags/example_skip_dag.py took 0.389 seconds
[2024-10-18T23:39:26.081+0000] {processor.py:157} INFO - Started process (PID=147) to work on /home/airflow/.local/lib/python3.8/site-packages/airflow/example_dags/example_skip_dag.py
[2024-10-18T23:39:26.084+0000] {processor.py:829} INFO - Processing file /home/airflow/.local/lib/python3.8/site-packages/airflow/example_dags/example_skip_dag.py for tasks to queue
[2024-10-18T23:39:26.091+0000] {logging_mixin.py:151} INFO - [2024-10-18T23:39:26.088+0000] {dagbag.py:536} INFO - Filling up the DagBag from /home/airflow/.local/lib/python3.8/site-packages/airflow/example_dags/example_skip_dag.py
[2024-10-18T23:39:26.127+0000] {processor.py:839} INFO - DAG(s) dict_keys(['example_skip_dag']) retrieved from /home/airflow/.local/lib/python3.8/site-packages/airflow/example_dags/example_skip_dag.py
[2024-10-18T23:39:26.244+0000] {logging_mixin.py:151} INFO - [2024-10-18T23:39:26.243+0000] {dag.py:2941} INFO - Sync 1 DAGs
[2024-10-18T23:39:26.310+0000] {logging_mixin.py:151} INFO - [2024-10-18T23:39:26.309+0000] {dag.py:3722} INFO - Setting next_dagrun for example_skip_dag to 2024-10-17T23:39:26.309441+00:00, run_after=2024-10-18T23:39:26.309441+00:00
[2024-10-18T23:39:26.354+0000] {processor.py:179} INFO - Processing /home/airflow/.local/lib/python3.8/site-packages/airflow/example_dags/example_skip_dag.py took 0.280 seconds
[2024-10-18T23:39:56.425+0000] {processor.py:157} INFO - Started process (PID=201) to work on /home/airflow/.local/lib/python3.8/site-packages/airflow/example_dags/example_skip_dag.py
[2024-10-18T23:39:56.427+0000] {processor.py:829} INFO - Processing file /home/airflow/.local/lib/python3.8/site-packages/airflow/example_dags/example_skip_dag.py for tasks to queue
[2024-10-18T23:39:56.430+0000] {logging_mixin.py:151} INFO - [2024-10-18T23:39:56.430+0000] {dagbag.py:536} INFO - Filling up the DagBag from /home/airflow/.local/lib/python3.8/site-packages/airflow/example_dags/example_skip_dag.py
[2024-10-18T23:39:56.448+0000] {processor.py:839} INFO - DAG(s) dict_keys(['example_skip_dag']) retrieved from /home/airflow/.local/lib/python3.8/site-packages/airflow/example_dags/example_skip_dag.py
[2024-10-18T23:39:56.488+0000] {logging_mixin.py:151} INFO - [2024-10-18T23:39:56.488+0000] {dag.py:2941} INFO - Sync 1 DAGs
[2024-10-18T23:39:56.534+0000] {logging_mixin.py:151} INFO - [2024-10-18T23:39:56.534+0000] {dag.py:3722} INFO - Setting next_dagrun for example_skip_dag to 2024-10-17T23:39:56.534343+00:00, run_after=2024-10-18T23:39:56.534343+00:00
[2024-10-18T23:39:56.582+0000] {processor.py:179} INFO - Processing /home/airflow/.local/lib/python3.8/site-packages/airflow/example_dags/example_skip_dag.py took 0.162 seconds
[2024-10-18T23:40:27.724+0000] {processor.py:157} INFO - Started process (PID=255) to work on /home/airflow/.local/lib/python3.8/site-packages/airflow/example_dags/example_skip_dag.py
[2024-10-18T23:40:27.728+0000] {processor.py:829} INFO - Processing file /home/airflow/.local/lib/python3.8/site-packages/airflow/example_dags/example_skip_dag.py for tasks to queue
[2024-10-18T23:40:27.732+0000] {logging_mixin.py:151} INFO - [2024-10-18T23:40:27.732+0000] {dagbag.py:536} INFO - Filling up the DagBag from /home/airflow/.local/lib/python3.8/site-packages/airflow/example_dags/example_skip_dag.py
[2024-10-18T23:40:27.752+0000] {processor.py:839} INFO - DAG(s) dict_keys(['example_skip_dag']) retrieved from /home/airflow/.local/lib/python3.8/site-packages/airflow/example_dags/example_skip_dag.py
[2024-10-18T23:40:27.823+0000] {logging_mixin.py:151} INFO - [2024-10-18T23:40:27.822+0000] {dag.py:2941} INFO - Sync 1 DAGs
[2024-10-18T23:40:27.877+0000] {logging_mixin.py:151} INFO - [2024-10-18T23:40:27.876+0000] {dag.py:3722} INFO - Setting next_dagrun for example_skip_dag to 2024-10-17T23:40:27.875729+00:00, run_after=2024-10-18T23:40:27.875729+00:00
[2024-10-18T23:40:27.919+0000] {processor.py:179} INFO - Processing /home/airflow/.local/lib/python3.8/site-packages/airflow/example_dags/example_skip_dag.py took 0.202 seconds
[2024-10-18T23:41:16.682+0000] {processor.py:157} INFO - Started process (PID=297) to work on /home/airflow/.local/lib/python3.8/site-packages/airflow/example_dags/example_skip_dag.py
[2024-10-18T23:41:16.684+0000] {processor.py:829} INFO - Processing file /home/airflow/.local/lib/python3.8/site-packages/airflow/example_dags/example_skip_dag.py for tasks to queue
[2024-10-18T23:41:16.691+0000] {logging_mixin.py:151} INFO - [2024-10-18T23:41:16.690+0000] {dagbag.py:536} INFO - Filling up the DagBag from /home/airflow/.local/lib/python3.8/site-packages/airflow/example_dags/example_skip_dag.py
[2024-10-18T23:41:16.713+0000] {processor.py:839} INFO - DAG(s) dict_keys(['example_skip_dag']) retrieved from /home/airflow/.local/lib/python3.8/site-packages/airflow/example_dags/example_skip_dag.py
[2024-10-18T23:41:16.784+0000] {logging_mixin.py:151} INFO - [2024-10-18T23:41:16.783+0000] {dag.py:2941} INFO - Sync 1 DAGs
[2024-10-18T23:41:16.848+0000] {logging_mixin.py:151} INFO - [2024-10-18T23:41:16.847+0000] {dag.py:3722} INFO - Setting next_dagrun for example_skip_dag to 2024-10-17T23:41:16.836463+00:00, run_after=2024-10-18T23:41:16.836463+00:00
[2024-10-18T23:41:16.910+0000] {processor.py:179} INFO - Processing /home/airflow/.local/lib/python3.8/site-packages/airflow/example_dags/example_skip_dag.py took 0.236 seconds
[2024-10-18T23:42:07.078+0000] {processor.py:157} INFO - Started process (PID=358) to work on /home/airflow/.local/lib/python3.8/site-packages/airflow/example_dags/example_skip_dag.py
[2024-10-18T23:42:07.097+0000] {processor.py:829} INFO - Processing file /home/airflow/.local/lib/python3.8/site-packages/airflow/example_dags/example_skip_dag.py for tasks to queue
[2024-10-18T23:42:07.157+0000] {logging_mixin.py:151} INFO - [2024-10-18T23:42:07.155+0000] {dagbag.py:536} INFO - Filling up the DagBag from /home/airflow/.local/lib/python3.8/site-packages/airflow/example_dags/example_skip_dag.py
[2024-10-18T23:42:08.621+0000] {processor.py:839} INFO - DAG(s) dict_keys(['example_skip_dag']) retrieved from /home/airflow/.local/lib/python3.8/site-packages/airflow/example_dags/example_skip_dag.py
[2024-10-18T23:42:12.809+0000] {logging_mixin.py:151} INFO - [2024-10-18T23:42:12.808+0000] {dag.py:2941} INFO - Sync 1 DAGs
[2024-10-18T23:42:13.122+0000] {logging_mixin.py:151} INFO - [2024-10-18T23:42:13.121+0000] {dag.py:3722} INFO - Setting next_dagrun for example_skip_dag to 2024-10-17T23:42:13.113814+00:00, run_after=2024-10-18T23:42:13.113814+00:00
[2024-10-18T23:42:14.844+0000] {processor.py:179} INFO - Processing /home/airflow/.local/lib/python3.8/site-packages/airflow/example_dags/example_skip_dag.py took 7.910 seconds
[2024-10-18T23:43:17.009+0000] {processor.py:157} INFO - Started process (PID=409) to work on /home/airflow/.local/lib/python3.8/site-packages/airflow/example_dags/example_skip_dag.py
[2024-10-18T23:43:17.017+0000] {processor.py:829} INFO - Processing file /home/airflow/.local/lib/python3.8/site-packages/airflow/example_dags/example_skip_dag.py for tasks to queue
[2024-10-18T23:43:17.025+0000] {logging_mixin.py:151} INFO - [2024-10-18T23:43:17.024+0000] {dagbag.py:536} INFO - Filling up the DagBag from /home/airflow/.local/lib/python3.8/site-packages/airflow/example_dags/example_skip_dag.py
[2024-10-18T23:43:17.091+0000] {processor.py:839} INFO - DAG(s) dict_keys(['example_skip_dag']) retrieved from /home/airflow/.local/lib/python3.8/site-packages/airflow/example_dags/example_skip_dag.py
[2024-10-18T23:43:17.366+0000] {logging_mixin.py:151} INFO - [2024-10-18T23:43:17.366+0000] {dag.py:2941} INFO - Sync 1 DAGs
[2024-10-18T23:43:17.540+0000] {logging_mixin.py:151} INFO - [2024-10-18T23:43:17.540+0000] {dag.py:3722} INFO - Setting next_dagrun for example_skip_dag to 2024-10-17T23:43:17.539909+00:00, run_after=2024-10-18T23:43:17.539909+00:00
[2024-10-18T23:43:17.668+0000] {processor.py:179} INFO - Processing /home/airflow/.local/lib/python3.8/site-packages/airflow/example_dags/example_skip_dag.py took 0.724 seconds
[2024-10-18T23:43:49.789+0000] {processor.py:157} INFO - Started process (PID=463) to work on /home/airflow/.local/lib/python3.8/site-packages/airflow/example_dags/example_skip_dag.py
[2024-10-18T23:43:49.795+0000] {processor.py:829} INFO - Processing file /home/airflow/.local/lib/python3.8/site-packages/airflow/example_dags/example_skip_dag.py for tasks to queue
[2024-10-18T23:43:49.822+0000] {logging_mixin.py:151} INFO - [2024-10-18T23:43:49.819+0000] {dagbag.py:536} INFO - Filling up the DagBag from /home/airflow/.local/lib/python3.8/site-packages/airflow/example_dags/example_skip_dag.py
[2024-10-18T23:43:49.867+0000] {processor.py:839} INFO - DAG(s) dict_keys(['example_skip_dag']) retrieved from /home/airflow/.local/lib/python3.8/site-packages/airflow/example_dags/example_skip_dag.py
[2024-10-18T23:43:50.157+0000] {logging_mixin.py:151} INFO - [2024-10-18T23:43:50.156+0000] {dag.py:2941} INFO - Sync 1 DAGs
[2024-10-18T23:43:50.312+0000] {logging_mixin.py:151} INFO - [2024-10-18T23:43:50.312+0000] {dag.py:3722} INFO - Setting next_dagrun for example_skip_dag to 2024-10-17T23:43:50.310778+00:00, run_after=2024-10-18T23:43:50.310778+00:00
[2024-10-18T23:43:51.639+0000] {processor.py:179} INFO - Processing /home/airflow/.local/lib/python3.8/site-packages/airflow/example_dags/example_skip_dag.py took 1.874 seconds
[2024-10-18T23:44:22.111+0000] {processor.py:157} INFO - Started process (PID=515) to work on /home/airflow/.local/lib/python3.8/site-packages/airflow/example_dags/example_skip_dag.py
[2024-10-18T23:44:22.113+0000] {processor.py:829} INFO - Processing file /home/airflow/.local/lib/python3.8/site-packages/airflow/example_dags/example_skip_dag.py for tasks to queue
[2024-10-18T23:44:22.118+0000] {logging_mixin.py:151} INFO - [2024-10-18T23:44:22.117+0000] {dagbag.py:536} INFO - Filling up the DagBag from /home/airflow/.local/lib/python3.8/site-packages/airflow/example_dags/example_skip_dag.py
[2024-10-18T23:44:22.135+0000] {processor.py:839} INFO - DAG(s) dict_keys(['example_skip_dag']) retrieved from /home/airflow/.local/lib/python3.8/site-packages/airflow/example_dags/example_skip_dag.py
[2024-10-18T23:44:22.193+0000] {logging_mixin.py:151} INFO - [2024-10-18T23:44:22.193+0000] {dag.py:2941} INFO - Sync 1 DAGs
[2024-10-18T23:44:22.282+0000] {logging_mixin.py:151} INFO - [2024-10-18T23:44:22.281+0000] {dag.py:3722} INFO - Setting next_dagrun for example_skip_dag to 2024-10-17T23:44:22.280201+00:00, run_after=2024-10-18T23:44:22.280201+00:00
[2024-10-18T23:44:22.392+0000] {processor.py:179} INFO - Processing /home/airflow/.local/lib/python3.8/site-packages/airflow/example_dags/example_skip_dag.py took 0.289 seconds
[2024-10-18T23:44:52.721+0000] {processor.py:157} INFO - Started process (PID=569) to work on /home/airflow/.local/lib/python3.8/site-packages/airflow/example_dags/example_skip_dag.py
[2024-10-18T23:44:52.744+0000] {processor.py:829} INFO - Processing file /home/airflow/.local/lib/python3.8/site-packages/airflow/example_dags/example_skip_dag.py for tasks to queue
[2024-10-18T23:44:52.772+0000] {logging_mixin.py:151} INFO - [2024-10-18T23:44:52.771+0000] {dagbag.py:536} INFO - Filling up the DagBag from /home/airflow/.local/lib/python3.8/site-packages/airflow/example_dags/example_skip_dag.py
[2024-10-18T23:44:52.795+0000] {processor.py:839} INFO - DAG(s) dict_keys(['example_skip_dag']) retrieved from /home/airflow/.local/lib/python3.8/site-packages/airflow/example_dags/example_skip_dag.py
[2024-10-18T23:44:52.840+0000] {logging_mixin.py:151} INFO - [2024-10-18T23:44:52.840+0000] {dag.py:2941} INFO - Sync 1 DAGs
[2024-10-18T23:44:52.891+0000] {logging_mixin.py:151} INFO - [2024-10-18T23:44:52.891+0000] {dag.py:3722} INFO - Setting next_dagrun for example_skip_dag to 2024-10-17T23:44:52.890926+00:00, run_after=2024-10-18T23:44:52.890926+00:00
[2024-10-18T23:44:52.939+0000] {processor.py:179} INFO - Processing /home/airflow/.local/lib/python3.8/site-packages/airflow/example_dags/example_skip_dag.py took 0.246 seconds
[2024-10-18T23:45:23.290+0000] {processor.py:157} INFO - Started process (PID=623) to work on /home/airflow/.local/lib/python3.8/site-packages/airflow/example_dags/example_skip_dag.py
[2024-10-18T23:45:23.293+0000] {processor.py:829} INFO - Processing file /home/airflow/.local/lib/python3.8/site-packages/airflow/example_dags/example_skip_dag.py for tasks to queue
[2024-10-18T23:45:23.299+0000] {logging_mixin.py:151} INFO - [2024-10-18T23:45:23.297+0000] {dagbag.py:536} INFO - Filling up the DagBag from /home/airflow/.local/lib/python3.8/site-packages/airflow/example_dags/example_skip_dag.py
[2024-10-18T23:45:23.318+0000] {processor.py:839} INFO - DAG(s) dict_keys(['example_skip_dag']) retrieved from /home/airflow/.local/lib/python3.8/site-packages/airflow/example_dags/example_skip_dag.py
[2024-10-18T23:45:23.413+0000] {logging_mixin.py:151} INFO - [2024-10-18T23:45:23.412+0000] {dag.py:2941} INFO - Sync 1 DAGs
[2024-10-18T23:45:23.446+0000] {logging_mixin.py:151} INFO - [2024-10-18T23:45:23.446+0000] {dag.py:3722} INFO - Setting next_dagrun for example_skip_dag to 2024-10-17T23:45:23.445202+00:00, run_after=2024-10-18T23:45:23.445202+00:00
[2024-10-18T23:45:23.480+0000] {processor.py:179} INFO - Processing /home/airflow/.local/lib/python3.8/site-packages/airflow/example_dags/example_skip_dag.py took 0.201 seconds
[2024-10-18T23:45:54.226+0000] {processor.py:157} INFO - Started process (PID=676) to work on /home/airflow/.local/lib/python3.8/site-packages/airflow/example_dags/example_skip_dag.py
[2024-10-18T23:45:54.228+0000] {processor.py:829} INFO - Processing file /home/airflow/.local/lib/python3.8/site-packages/airflow/example_dags/example_skip_dag.py for tasks to queue
[2024-10-18T23:45:54.233+0000] {logging_mixin.py:151} INFO - [2024-10-18T23:45:54.232+0000] {dagbag.py:536} INFO - Filling up the DagBag from /home/airflow/.local/lib/python3.8/site-packages/airflow/example_dags/example_skip_dag.py
[2024-10-18T23:45:54.251+0000] {processor.py:839} INFO - DAG(s) dict_keys(['example_skip_dag']) retrieved from /home/airflow/.local/lib/python3.8/site-packages/airflow/example_dags/example_skip_dag.py
[2024-10-18T23:45:54.312+0000] {logging_mixin.py:151} INFO - [2024-10-18T23:45:54.312+0000] {dag.py:2941} INFO - Sync 1 DAGs
[2024-10-18T23:45:54.366+0000] {logging_mixin.py:151} INFO - [2024-10-18T23:45:54.365+0000] {dag.py:3722} INFO - Setting next_dagrun for example_skip_dag to 2024-10-17T23:45:54.365285+00:00, run_after=2024-10-18T23:45:54.365285+00:00
[2024-10-18T23:45:54.424+0000] {processor.py:179} INFO - Processing /home/airflow/.local/lib/python3.8/site-packages/airflow/example_dags/example_skip_dag.py took 0.203 seconds
[2024-10-18T23:46:25.371+0000] {processor.py:157} INFO - Started process (PID=730) to work on /home/airflow/.local/lib/python3.8/site-packages/airflow/example_dags/example_skip_dag.py
[2024-10-18T23:46:25.374+0000] {processor.py:829} INFO - Processing file /home/airflow/.local/lib/python3.8/site-packages/airflow/example_dags/example_skip_dag.py for tasks to queue
[2024-10-18T23:46:25.385+0000] {logging_mixin.py:151} INFO - [2024-10-18T23:46:25.381+0000] {dagbag.py:536} INFO - Filling up the DagBag from /home/airflow/.local/lib/python3.8/site-packages/airflow/example_dags/example_skip_dag.py
[2024-10-18T23:46:25.554+0000] {processor.py:839} INFO - DAG(s) dict_keys(['example_skip_dag']) retrieved from /home/airflow/.local/lib/python3.8/site-packages/airflow/example_dags/example_skip_dag.py
[2024-10-18T23:46:26.106+0000] {logging_mixin.py:151} INFO - [2024-10-18T23:46:26.105+0000] {dag.py:2941} INFO - Sync 1 DAGs
[2024-10-18T23:46:26.291+0000] {logging_mixin.py:151} INFO - [2024-10-18T23:46:26.290+0000] {dag.py:3722} INFO - Setting next_dagrun for example_skip_dag to 2024-10-17T23:46:26.289961+00:00, run_after=2024-10-18T23:46:26.289961+00:00
[2024-10-18T23:46:26.346+0000] {processor.py:179} INFO - Processing /home/airflow/.local/lib/python3.8/site-packages/airflow/example_dags/example_skip_dag.py took 0.985 seconds
[2024-10-18T23:46:56.942+0000] {processor.py:157} INFO - Started process (PID=783) to work on /home/airflow/.local/lib/python3.8/site-packages/airflow/example_dags/example_skip_dag.py
[2024-10-18T23:46:56.944+0000] {processor.py:829} INFO - Processing file /home/airflow/.local/lib/python3.8/site-packages/airflow/example_dags/example_skip_dag.py for tasks to queue
[2024-10-18T23:46:56.951+0000] {logging_mixin.py:151} INFO - [2024-10-18T23:46:56.950+0000] {dagbag.py:536} INFO - Filling up the DagBag from /home/airflow/.local/lib/python3.8/site-packages/airflow/example_dags/example_skip_dag.py
[2024-10-18T23:46:56.964+0000] {processor.py:839} INFO - DAG(s) dict_keys(['example_skip_dag']) retrieved from /home/airflow/.local/lib/python3.8/site-packages/airflow/example_dags/example_skip_dag.py
[2024-10-18T23:46:57.028+0000] {logging_mixin.py:151} INFO - [2024-10-18T23:46:57.028+0000] {dag.py:2941} INFO - Sync 1 DAGs
[2024-10-18T23:46:57.067+0000] {logging_mixin.py:151} INFO - [2024-10-18T23:46:57.067+0000] {dag.py:3722} INFO - Setting next_dagrun for example_skip_dag to 2024-10-17T23:46:57.065940+00:00, run_after=2024-10-18T23:46:57.065940+00:00
[2024-10-18T23:46:57.103+0000] {processor.py:179} INFO - Processing /home/airflow/.local/lib/python3.8/site-packages/airflow/example_dags/example_skip_dag.py took 0.167 seconds
[2024-10-18T23:47:27.861+0000] {processor.py:157} INFO - Started process (PID=837) to work on /home/airflow/.local/lib/python3.8/site-packages/airflow/example_dags/example_skip_dag.py
[2024-10-18T23:47:27.864+0000] {processor.py:829} INFO - Processing file /home/airflow/.local/lib/python3.8/site-packages/airflow/example_dags/example_skip_dag.py for tasks to queue
[2024-10-18T23:47:27.871+0000] {logging_mixin.py:151} INFO - [2024-10-18T23:47:27.870+0000] {dagbag.py:536} INFO - Filling up the DagBag from /home/airflow/.local/lib/python3.8/site-packages/airflow/example_dags/example_skip_dag.py
[2024-10-18T23:47:27.895+0000] {processor.py:839} INFO - DAG(s) dict_keys(['example_skip_dag']) retrieved from /home/airflow/.local/lib/python3.8/site-packages/airflow/example_dags/example_skip_dag.py
[2024-10-18T23:47:27.959+0000] {logging_mixin.py:151} INFO - [2024-10-18T23:47:27.959+0000] {dag.py:2941} INFO - Sync 1 DAGs
[2024-10-18T23:47:28.017+0000] {logging_mixin.py:151} INFO - [2024-10-18T23:47:28.016+0000] {dag.py:3722} INFO - Setting next_dagrun for example_skip_dag to 2024-10-17T23:47:28.015536+00:00, run_after=2024-10-18T23:47:28.015536+00:00
[2024-10-18T23:47:28.059+0000] {processor.py:179} INFO - Processing /home/airflow/.local/lib/python3.8/site-packages/airflow/example_dags/example_skip_dag.py took 0.209 seconds
[2024-10-18T23:48:01.365+0000] {processor.py:157} INFO - Started process (PID=889) to work on /home/airflow/.local/lib/python3.8/site-packages/airflow/example_dags/example_skip_dag.py
[2024-10-18T23:48:01.369+0000] {processor.py:829} INFO - Processing file /home/airflow/.local/lib/python3.8/site-packages/airflow/example_dags/example_skip_dag.py for tasks to queue
[2024-10-18T23:48:01.386+0000] {logging_mixin.py:151} INFO - [2024-10-18T23:48:01.381+0000] {dagbag.py:536} INFO - Filling up the DagBag from /home/airflow/.local/lib/python3.8/site-packages/airflow/example_dags/example_skip_dag.py
[2024-10-18T23:48:01.447+0000] {processor.py:839} INFO - DAG(s) dict_keys(['example_skip_dag']) retrieved from /home/airflow/.local/lib/python3.8/site-packages/airflow/example_dags/example_skip_dag.py
[2024-10-18T23:48:01.598+0000] {logging_mixin.py:151} INFO - [2024-10-18T23:48:01.598+0000] {dag.py:2941} INFO - Sync 1 DAGs
[2024-10-18T23:48:01.656+0000] {logging_mixin.py:151} INFO - [2024-10-18T23:48:01.656+0000] {dag.py:3722} INFO - Setting next_dagrun for example_skip_dag to 2024-10-17T23:48:01.653510+00:00, run_after=2024-10-18T23:48:01.653510+00:00
[2024-10-18T23:48:01.765+0000] {processor.py:179} INFO - Processing /home/airflow/.local/lib/python3.8/site-packages/airflow/example_dags/example_skip_dag.py took 0.416 seconds
[2024-10-18T23:48:39.208+0000] {processor.py:157} INFO - Started process (PID=943) to work on /home/airflow/.local/lib/python3.8/site-packages/airflow/example_dags/example_skip_dag.py
[2024-10-18T23:48:39.213+0000] {processor.py:829} INFO - Processing file /home/airflow/.local/lib/python3.8/site-packages/airflow/example_dags/example_skip_dag.py for tasks to queue
[2024-10-18T23:48:39.223+0000] {logging_mixin.py:151} INFO - [2024-10-18T23:48:39.221+0000] {dagbag.py:536} INFO - Filling up the DagBag from /home/airflow/.local/lib/python3.8/site-packages/airflow/example_dags/example_skip_dag.py
[2024-10-18T23:48:39.254+0000] {processor.py:839} INFO - DAG(s) dict_keys(['example_skip_dag']) retrieved from /home/airflow/.local/lib/python3.8/site-packages/airflow/example_dags/example_skip_dag.py
[2024-10-18T23:48:39.539+0000] {logging_mixin.py:151} INFO - [2024-10-18T23:48:39.535+0000] {dag.py:2941} INFO - Sync 1 DAGs
[2024-10-18T23:48:39.683+0000] {logging_mixin.py:151} INFO - [2024-10-18T23:48:39.682+0000] {dag.py:3722} INFO - Setting next_dagrun for example_skip_dag to 2024-10-17T23:48:39.679381+00:00, run_after=2024-10-18T23:48:39.679381+00:00
[2024-10-18T23:48:39.782+0000] {processor.py:179} INFO - Processing /home/airflow/.local/lib/python3.8/site-packages/airflow/example_dags/example_skip_dag.py took 0.603 seconds
[2024-10-18T23:49:10.370+0000] {processor.py:157} INFO - Started process (PID=995) to work on /home/airflow/.local/lib/python3.8/site-packages/airflow/example_dags/example_skip_dag.py
[2024-10-18T23:49:10.373+0000] {processor.py:829} INFO - Processing file /home/airflow/.local/lib/python3.8/site-packages/airflow/example_dags/example_skip_dag.py for tasks to queue
[2024-10-18T23:49:10.382+0000] {logging_mixin.py:151} INFO - [2024-10-18T23:49:10.381+0000] {dagbag.py:536} INFO - Filling up the DagBag from /home/airflow/.local/lib/python3.8/site-packages/airflow/example_dags/example_skip_dag.py
[2024-10-18T23:49:10.523+0000] {processor.py:839} INFO - DAG(s) dict_keys(['example_skip_dag']) retrieved from /home/airflow/.local/lib/python3.8/site-packages/airflow/example_dags/example_skip_dag.py
[2024-10-18T23:49:11.016+0000] {logging_mixin.py:151} INFO - [2024-10-18T23:49:11.014+0000] {dag.py:2941} INFO - Sync 1 DAGs
[2024-10-18T23:49:11.332+0000] {logging_mixin.py:151} INFO - [2024-10-18T23:49:11.327+0000] {dag.py:3722} INFO - Setting next_dagrun for example_skip_dag to 2024-10-17T23:49:11.320427+00:00, run_after=2024-10-18T23:49:11.320427+00:00
[2024-10-18T23:49:12.718+0000] {processor.py:179} INFO - Processing /home/airflow/.local/lib/python3.8/site-packages/airflow/example_dags/example_skip_dag.py took 2.436 seconds
[2024-10-18T23:50:14.667+0000] {processor.py:157} INFO - Started process (PID=1060) to work on /home/airflow/.local/lib/python3.8/site-packages/airflow/example_dags/example_skip_dag.py
[2024-10-18T23:50:14.678+0000] {processor.py:829} INFO - Processing file /home/airflow/.local/lib/python3.8/site-packages/airflow/example_dags/example_skip_dag.py for tasks to queue
[2024-10-18T23:50:14.709+0000] {logging_mixin.py:151} INFO - [2024-10-18T23:50:14.698+0000] {dagbag.py:536} INFO - Filling up the DagBag from /home/airflow/.local/lib/python3.8/site-packages/airflow/example_dags/example_skip_dag.py
[2024-10-18T23:50:14.795+0000] {processor.py:839} INFO - DAG(s) dict_keys(['example_skip_dag']) retrieved from /home/airflow/.local/lib/python3.8/site-packages/airflow/example_dags/example_skip_dag.py
[2024-10-18T23:50:15.323+0000] {logging_mixin.py:151} INFO - [2024-10-18T23:50:15.320+0000] {dag.py:2941} INFO - Sync 1 DAGs
[2024-10-18T23:50:15.536+0000] {logging_mixin.py:151} INFO - [2024-10-18T23:50:15.536+0000] {dag.py:3722} INFO - Setting next_dagrun for example_skip_dag to 2024-10-17T23:50:15.528954+00:00, run_after=2024-10-18T23:50:15.528954+00:00
[2024-10-18T23:50:15.665+0000] {processor.py:179} INFO - Processing /home/airflow/.local/lib/python3.8/site-packages/airflow/example_dags/example_skip_dag.py took 1.035 seconds
[2024-10-18T23:50:46.203+0000] {processor.py:157} INFO - Started process (PID=1113) to work on /home/airflow/.local/lib/python3.8/site-packages/airflow/example_dags/example_skip_dag.py
[2024-10-18T23:50:46.208+0000] {processor.py:829} INFO - Processing file /home/airflow/.local/lib/python3.8/site-packages/airflow/example_dags/example_skip_dag.py for tasks to queue
[2024-10-18T23:50:46.213+0000] {logging_mixin.py:151} INFO - [2024-10-18T23:50:46.212+0000] {dagbag.py:536} INFO - Filling up the DagBag from /home/airflow/.local/lib/python3.8/site-packages/airflow/example_dags/example_skip_dag.py
[2024-10-18T23:50:46.230+0000] {processor.py:839} INFO - DAG(s) dict_keys(['example_skip_dag']) retrieved from /home/airflow/.local/lib/python3.8/site-packages/airflow/example_dags/example_skip_dag.py
[2024-10-18T23:50:46.290+0000] {logging_mixin.py:151} INFO - [2024-10-18T23:50:46.290+0000] {dag.py:2941} INFO - Sync 1 DAGs
[2024-10-18T23:50:46.352+0000] {logging_mixin.py:151} INFO - [2024-10-18T23:50:46.351+0000] {dag.py:3722} INFO - Setting next_dagrun for example_skip_dag to 2024-10-17T23:50:46.351335+00:00, run_after=2024-10-18T23:50:46.351335+00:00
[2024-10-18T23:50:46.392+0000] {processor.py:179} INFO - Processing /home/airflow/.local/lib/python3.8/site-packages/airflow/example_dags/example_skip_dag.py took 0.246 seconds
[2024-10-18T23:51:16.739+0000] {processor.py:157} INFO - Started process (PID=1166) to work on /home/airflow/.local/lib/python3.8/site-packages/airflow/example_dags/example_skip_dag.py
[2024-10-18T23:51:16.743+0000] {processor.py:829} INFO - Processing file /home/airflow/.local/lib/python3.8/site-packages/airflow/example_dags/example_skip_dag.py for tasks to queue
[2024-10-18T23:51:16.750+0000] {logging_mixin.py:151} INFO - [2024-10-18T23:51:16.749+0000] {dagbag.py:536} INFO - Filling up the DagBag from /home/airflow/.local/lib/python3.8/site-packages/airflow/example_dags/example_skip_dag.py
[2024-10-18T23:51:16.773+0000] {processor.py:839} INFO - DAG(s) dict_keys(['example_skip_dag']) retrieved from /home/airflow/.local/lib/python3.8/site-packages/airflow/example_dags/example_skip_dag.py
[2024-10-18T23:51:16.854+0000] {logging_mixin.py:151} INFO - [2024-10-18T23:51:16.854+0000] {dag.py:2941} INFO - Sync 1 DAGs
[2024-10-18T23:51:16.938+0000] {logging_mixin.py:151} INFO - [2024-10-18T23:51:16.937+0000] {dag.py:3722} INFO - Setting next_dagrun for example_skip_dag to 2024-10-17T23:51:16.937067+00:00, run_after=2024-10-18T23:51:16.937067+00:00
[2024-10-18T23:51:16.998+0000] {processor.py:179} INFO - Processing /home/airflow/.local/lib/python3.8/site-packages/airflow/example_dags/example_skip_dag.py took 0.267 seconds
[2024-10-18T23:51:49.237+0000] {processor.py:157} INFO - Started process (PID=1220) to work on /home/airflow/.local/lib/python3.8/site-packages/airflow/example_dags/example_skip_dag.py
[2024-10-18T23:51:49.239+0000] {processor.py:829} INFO - Processing file /home/airflow/.local/lib/python3.8/site-packages/airflow/example_dags/example_skip_dag.py for tasks to queue
[2024-10-18T23:51:49.243+0000] {logging_mixin.py:151} INFO - [2024-10-18T23:51:49.243+0000] {dagbag.py:536} INFO - Filling up the DagBag from /home/airflow/.local/lib/python3.8/site-packages/airflow/example_dags/example_skip_dag.py
[2024-10-18T23:51:49.257+0000] {processor.py:839} INFO - DAG(s) dict_keys(['example_skip_dag']) retrieved from /home/airflow/.local/lib/python3.8/site-packages/airflow/example_dags/example_skip_dag.py
[2024-10-18T23:51:49.300+0000] {logging_mixin.py:151} INFO - [2024-10-18T23:51:49.300+0000] {dag.py:2941} INFO - Sync 1 DAGs
[2024-10-18T23:51:49.611+0000] {logging_mixin.py:151} INFO - [2024-10-18T23:51:49.611+0000] {dag.py:3722} INFO - Setting next_dagrun for example_skip_dag to 2024-10-17T23:51:49.610504+00:00, run_after=2024-10-18T23:51:49.610504+00:00
[2024-10-18T23:51:49.641+0000] {processor.py:179} INFO - Processing /home/airflow/.local/lib/python3.8/site-packages/airflow/example_dags/example_skip_dag.py took 0.413 seconds
[2024-10-18T23:52:20.369+0000] {processor.py:157} INFO - Started process (PID=1274) to work on /home/airflow/.local/lib/python3.8/site-packages/airflow/example_dags/example_skip_dag.py
[2024-10-18T23:52:20.375+0000] {processor.py:829} INFO - Processing file /home/airflow/.local/lib/python3.8/site-packages/airflow/example_dags/example_skip_dag.py for tasks to queue
[2024-10-18T23:52:20.384+0000] {logging_mixin.py:151} INFO - [2024-10-18T23:52:20.382+0000] {dagbag.py:536} INFO - Filling up the DagBag from /home/airflow/.local/lib/python3.8/site-packages/airflow/example_dags/example_skip_dag.py
[2024-10-18T23:52:20.449+0000] {processor.py:839} INFO - DAG(s) dict_keys(['example_skip_dag']) retrieved from /home/airflow/.local/lib/python3.8/site-packages/airflow/example_dags/example_skip_dag.py
[2024-10-18T23:52:20.605+0000] {logging_mixin.py:151} INFO - [2024-10-18T23:52:20.605+0000] {dag.py:2941} INFO - Sync 1 DAGs
[2024-10-18T23:52:20.665+0000] {logging_mixin.py:151} INFO - [2024-10-18T23:52:20.664+0000] {dag.py:3722} INFO - Setting next_dagrun for example_skip_dag to 2024-10-17T23:52:20.663765+00:00, run_after=2024-10-18T23:52:20.663765+00:00
[2024-10-18T23:52:21.276+0000] {processor.py:179} INFO - Processing /home/airflow/.local/lib/python3.8/site-packages/airflow/example_dags/example_skip_dag.py took 0.917 seconds
[2024-10-18T23:52:51.484+0000] {processor.py:157} INFO - Started process (PID=1327) to work on /home/airflow/.local/lib/python3.8/site-packages/airflow/example_dags/example_skip_dag.py
[2024-10-18T23:52:51.487+0000] {processor.py:829} INFO - Processing file /home/airflow/.local/lib/python3.8/site-packages/airflow/example_dags/example_skip_dag.py for tasks to queue
[2024-10-18T23:52:51.492+0000] {logging_mixin.py:151} INFO - [2024-10-18T23:52:51.491+0000] {dagbag.py:536} INFO - Filling up the DagBag from /home/airflow/.local/lib/python3.8/site-packages/airflow/example_dags/example_skip_dag.py
[2024-10-18T23:52:51.508+0000] {processor.py:839} INFO - DAG(s) dict_keys(['example_skip_dag']) retrieved from /home/airflow/.local/lib/python3.8/site-packages/airflow/example_dags/example_skip_dag.py
[2024-10-18T23:52:51.559+0000] {logging_mixin.py:151} INFO - [2024-10-18T23:52:51.559+0000] {dag.py:2941} INFO - Sync 1 DAGs
[2024-10-18T23:52:51.599+0000] {logging_mixin.py:151} INFO - [2024-10-18T23:52:51.599+0000] {dag.py:3722} INFO - Setting next_dagrun for example_skip_dag to 2024-10-17T23:52:51.599252+00:00, run_after=2024-10-18T23:52:51.599252+00:00
[2024-10-18T23:52:51.633+0000] {processor.py:179} INFO - Processing /home/airflow/.local/lib/python3.8/site-packages/airflow/example_dags/example_skip_dag.py took 0.159 seconds
[2024-10-18T23:53:43.045+0000] {processor.py:157} INFO - Started process (PID=1379) to work on /home/airflow/.local/lib/python3.8/site-packages/airflow/example_dags/example_skip_dag.py
[2024-10-18T23:53:43.056+0000] {processor.py:829} INFO - Processing file /home/airflow/.local/lib/python3.8/site-packages/airflow/example_dags/example_skip_dag.py for tasks to queue
[2024-10-18T23:53:43.219+0000] {logging_mixin.py:151} INFO - [2024-10-18T23:53:43.165+0000] {dagbag.py:536} INFO - Filling up the DagBag from /home/airflow/.local/lib/python3.8/site-packages/airflow/example_dags/example_skip_dag.py
[2024-10-18T23:53:43.300+0000] {processor.py:839} INFO - DAG(s) dict_keys(['example_skip_dag']) retrieved from /home/airflow/.local/lib/python3.8/site-packages/airflow/example_dags/example_skip_dag.py
[2024-10-18T23:53:43.507+0000] {logging_mixin.py:151} INFO - [2024-10-18T23:53:43.506+0000] {dag.py:2941} INFO - Sync 1 DAGs
[2024-10-18T23:53:44.395+0000] {logging_mixin.py:151} INFO - [2024-10-18T23:53:44.395+0000] {dag.py:3722} INFO - Setting next_dagrun for example_skip_dag to 2024-10-17T23:53:44.390593+00:00, run_after=2024-10-18T23:53:44.390593+00:00
[2024-10-18T23:53:44.494+0000] {processor.py:179} INFO - Processing /home/airflow/.local/lib/python3.8/site-packages/airflow/example_dags/example_skip_dag.py took 1.483 seconds
[2024-10-18T23:54:14.726+0000] {processor.py:157} INFO - Started process (PID=1433) to work on /home/airflow/.local/lib/python3.8/site-packages/airflow/example_dags/example_skip_dag.py
[2024-10-18T23:54:14.728+0000] {processor.py:829} INFO - Processing file /home/airflow/.local/lib/python3.8/site-packages/airflow/example_dags/example_skip_dag.py for tasks to queue
[2024-10-18T23:54:14.732+0000] {logging_mixin.py:151} INFO - [2024-10-18T23:54:14.731+0000] {dagbag.py:536} INFO - Filling up the DagBag from /home/airflow/.local/lib/python3.8/site-packages/airflow/example_dags/example_skip_dag.py
[2024-10-18T23:54:14.744+0000] {processor.py:839} INFO - DAG(s) dict_keys(['example_skip_dag']) retrieved from /home/airflow/.local/lib/python3.8/site-packages/airflow/example_dags/example_skip_dag.py
[2024-10-18T23:54:14.776+0000] {logging_mixin.py:151} INFO - [2024-10-18T23:54:14.775+0000] {dag.py:2941} INFO - Sync 1 DAGs
[2024-10-18T23:54:15.008+0000] {logging_mixin.py:151} INFO - [2024-10-18T23:54:15.007+0000] {dag.py:3722} INFO - Setting next_dagrun for example_skip_dag to 2024-10-17T23:54:15.007579+00:00, run_after=2024-10-18T23:54:15.007579+00:00
[2024-10-18T23:54:15.033+0000] {processor.py:179} INFO - Processing /home/airflow/.local/lib/python3.8/site-packages/airflow/example_dags/example_skip_dag.py took 0.313 seconds
[2024-10-18T23:54:45.276+0000] {processor.py:157} INFO - Started process (PID=1485) to work on /home/airflow/.local/lib/python3.8/site-packages/airflow/example_dags/example_skip_dag.py
[2024-10-18T23:54:45.279+0000] {processor.py:829} INFO - Processing file /home/airflow/.local/lib/python3.8/site-packages/airflow/example_dags/example_skip_dag.py for tasks to queue
[2024-10-18T23:54:45.282+0000] {logging_mixin.py:151} INFO - [2024-10-18T23:54:45.282+0000] {dagbag.py:536} INFO - Filling up the DagBag from /home/airflow/.local/lib/python3.8/site-packages/airflow/example_dags/example_skip_dag.py
[2024-10-18T23:54:45.300+0000] {processor.py:839} INFO - DAG(s) dict_keys(['example_skip_dag']) retrieved from /home/airflow/.local/lib/python3.8/site-packages/airflow/example_dags/example_skip_dag.py
[2024-10-18T23:54:45.357+0000] {logging_mixin.py:151} INFO - [2024-10-18T23:54:45.356+0000] {dag.py:2941} INFO - Sync 1 DAGs
[2024-10-18T23:54:45.406+0000] {logging_mixin.py:151} INFO - [2024-10-18T23:54:45.405+0000] {dag.py:3722} INFO - Setting next_dagrun for example_skip_dag to 2024-10-17T23:54:45.404261+00:00, run_after=2024-10-18T23:54:45.404261+00:00
[2024-10-18T23:54:45.470+0000] {processor.py:179} INFO - Processing /home/airflow/.local/lib/python3.8/site-packages/airflow/example_dags/example_skip_dag.py took 0.202 seconds
[2024-10-18T23:55:16.360+0000] {processor.py:157} INFO - Started process (PID=1538) to work on /home/airflow/.local/lib/python3.8/site-packages/airflow/example_dags/example_skip_dag.py
[2024-10-18T23:55:16.388+0000] {processor.py:829} INFO - Processing file /home/airflow/.local/lib/python3.8/site-packages/airflow/example_dags/example_skip_dag.py for tasks to queue
[2024-10-18T23:55:16.402+0000] {logging_mixin.py:151} INFO - [2024-10-18T23:55:16.401+0000] {dagbag.py:536} INFO - Filling up the DagBag from /home/airflow/.local/lib/python3.8/site-packages/airflow/example_dags/example_skip_dag.py
[2024-10-18T23:55:16.509+0000] {processor.py:839} INFO - DAG(s) dict_keys(['example_skip_dag']) retrieved from /home/airflow/.local/lib/python3.8/site-packages/airflow/example_dags/example_skip_dag.py
[2024-10-18T23:55:17.840+0000] {logging_mixin.py:151} INFO - [2024-10-18T23:55:17.839+0000] {dag.py:2941} INFO - Sync 1 DAGs
[2024-10-18T23:55:18.307+0000] {logging_mixin.py:151} INFO - [2024-10-18T23:55:18.306+0000] {dag.py:3722} INFO - Setting next_dagrun for example_skip_dag to 2024-10-17T23:55:18.239644+00:00, run_after=2024-10-18T23:55:18.239644+00:00
[2024-10-18T23:55:19.004+0000] {processor.py:179} INFO - Processing /home/airflow/.local/lib/python3.8/site-packages/airflow/example_dags/example_skip_dag.py took 2.750 seconds
[2024-10-18T23:55:49.637+0000] {processor.py:157} INFO - Started process (PID=1592) to work on /home/airflow/.local/lib/python3.8/site-packages/airflow/example_dags/example_skip_dag.py
[2024-10-18T23:55:49.641+0000] {processor.py:829} INFO - Processing file /home/airflow/.local/lib/python3.8/site-packages/airflow/example_dags/example_skip_dag.py for tasks to queue
[2024-10-18T23:55:49.648+0000] {logging_mixin.py:151} INFO - [2024-10-18T23:55:49.645+0000] {dagbag.py:536} INFO - Filling up the DagBag from /home/airflow/.local/lib/python3.8/site-packages/airflow/example_dags/example_skip_dag.py
[2024-10-18T23:55:49.701+0000] {processor.py:839} INFO - DAG(s) dict_keys(['example_skip_dag']) retrieved from /home/airflow/.local/lib/python3.8/site-packages/airflow/example_dags/example_skip_dag.py
[2024-10-18T23:55:49.922+0000] {logging_mixin.py:151} INFO - [2024-10-18T23:55:49.914+0000] {dag.py:2941} INFO - Sync 1 DAGs
[2024-10-18T23:55:50.013+0000] {logging_mixin.py:151} INFO - [2024-10-18T23:55:50.012+0000] {dag.py:3722} INFO - Setting next_dagrun for example_skip_dag to 2024-10-17T23:55:50.011159+00:00, run_after=2024-10-18T23:55:50.011159+00:00
[2024-10-18T23:55:50.195+0000] {processor.py:179} INFO - Processing /home/airflow/.local/lib/python3.8/site-packages/airflow/example_dags/example_skip_dag.py took 0.573 seconds
[2024-10-18T23:56:21.113+0000] {processor.py:157} INFO - Started process (PID=1646) to work on /home/airflow/.local/lib/python3.8/site-packages/airflow/example_dags/example_skip_dag.py
[2024-10-18T23:56:21.116+0000] {processor.py:829} INFO - Processing file /home/airflow/.local/lib/python3.8/site-packages/airflow/example_dags/example_skip_dag.py for tasks to queue
[2024-10-18T23:56:21.126+0000] {logging_mixin.py:151} INFO - [2024-10-18T23:56:21.125+0000] {dagbag.py:536} INFO - Filling up the DagBag from /home/airflow/.local/lib/python3.8/site-packages/airflow/example_dags/example_skip_dag.py
[2024-10-18T23:56:21.144+0000] {processor.py:839} INFO - DAG(s) dict_keys(['example_skip_dag']) retrieved from /home/airflow/.local/lib/python3.8/site-packages/airflow/example_dags/example_skip_dag.py
[2024-10-18T23:56:21.264+0000] {logging_mixin.py:151} INFO - [2024-10-18T23:56:21.264+0000] {dag.py:2941} INFO - Sync 1 DAGs
[2024-10-18T23:56:21.311+0000] {logging_mixin.py:151} INFO - [2024-10-18T23:56:21.311+0000] {dag.py:3722} INFO - Setting next_dagrun for example_skip_dag to 2024-10-17T23:56:21.309889+00:00, run_after=2024-10-18T23:56:21.309889+00:00
[2024-10-18T23:56:21.357+0000] {processor.py:179} INFO - Processing /home/airflow/.local/lib/python3.8/site-packages/airflow/example_dags/example_skip_dag.py took 0.252 seconds
[2024-10-18T23:56:52.220+0000] {processor.py:157} INFO - Started process (PID=1699) to work on /home/airflow/.local/lib/python3.8/site-packages/airflow/example_dags/example_skip_dag.py
[2024-10-18T23:56:52.256+0000] {processor.py:829} INFO - Processing file /home/airflow/.local/lib/python3.8/site-packages/airflow/example_dags/example_skip_dag.py for tasks to queue
[2024-10-18T23:56:52.919+0000] {logging_mixin.py:151} INFO - [2024-10-18T23:56:52.659+0000] {dagbag.py:536} INFO - Filling up the DagBag from /home/airflow/.local/lib/python3.8/site-packages/airflow/example_dags/example_skip_dag.py
[2024-10-18T23:56:54.873+0000] {processor.py:839} INFO - DAG(s) dict_keys(['example_skip_dag']) retrieved from /home/airflow/.local/lib/python3.8/site-packages/airflow/example_dags/example_skip_dag.py
[2024-10-18T23:57:01.854+0000] {logging_mixin.py:151} INFO - [2024-10-18T23:57:01.846+0000] {dag.py:2941} INFO - Sync 1 DAGs
[2024-10-18T23:57:04.423+0000] {logging_mixin.py:151} INFO - [2024-10-18T23:57:04.422+0000] {dag.py:3722} INFO - Setting next_dagrun for example_skip_dag to 2024-10-17T23:57:04.160046+00:00, run_after=2024-10-18T23:57:04.160046+00:00
[2024-10-18T23:57:05.445+0000] {processor.py:179} INFO - Processing /home/airflow/.local/lib/python3.8/site-packages/airflow/example_dags/example_skip_dag.py took 13.497 seconds
[2024-10-18T23:57:36.855+0000] {processor.py:157} INFO - Started process (PID=1753) to work on /home/airflow/.local/lib/python3.8/site-packages/airflow/example_dags/example_skip_dag.py
[2024-10-18T23:57:36.866+0000] {processor.py:829} INFO - Processing file /home/airflow/.local/lib/python3.8/site-packages/airflow/example_dags/example_skip_dag.py for tasks to queue
[2024-10-18T23:57:36.881+0000] {logging_mixin.py:151} INFO - [2024-10-18T23:57:36.879+0000] {dagbag.py:536} INFO - Filling up the DagBag from /home/airflow/.local/lib/python3.8/site-packages/airflow/example_dags/example_skip_dag.py
[2024-10-18T23:57:36.964+0000] {processor.py:839} INFO - DAG(s) dict_keys(['example_skip_dag']) retrieved from /home/airflow/.local/lib/python3.8/site-packages/airflow/example_dags/example_skip_dag.py
[2024-10-18T23:57:37.379+0000] {logging_mixin.py:151} INFO - [2024-10-18T23:57:37.373+0000] {dag.py:2941} INFO - Sync 1 DAGs
[2024-10-18T23:57:37.499+0000] {logging_mixin.py:151} INFO - [2024-10-18T23:57:37.489+0000] {dag.py:3722} INFO - Setting next_dagrun for example_skip_dag to 2024-10-17T23:57:37.484237+00:00, run_after=2024-10-18T23:57:37.484237+00:00
[2024-10-18T23:57:37.571+0000] {processor.py:179} INFO - Processing /home/airflow/.local/lib/python3.8/site-packages/airflow/example_dags/example_skip_dag.py took 0.749 seconds
[2024-10-18T23:58:07.875+0000] {processor.py:157} INFO - Started process (PID=1807) to work on /home/airflow/.local/lib/python3.8/site-packages/airflow/example_dags/example_skip_dag.py
[2024-10-18T23:58:07.877+0000] {processor.py:829} INFO - Processing file /home/airflow/.local/lib/python3.8/site-packages/airflow/example_dags/example_skip_dag.py for tasks to queue
[2024-10-18T23:58:07.882+0000] {logging_mixin.py:151} INFO - [2024-10-18T23:58:07.881+0000] {dagbag.py:536} INFO - Filling up the DagBag from /home/airflow/.local/lib/python3.8/site-packages/airflow/example_dags/example_skip_dag.py
[2024-10-18T23:58:07.906+0000] {processor.py:839} INFO - DAG(s) dict_keys(['example_skip_dag']) retrieved from /home/airflow/.local/lib/python3.8/site-packages/airflow/example_dags/example_skip_dag.py
[2024-10-18T23:58:07.970+0000] {logging_mixin.py:151} INFO - [2024-10-18T23:58:07.970+0000] {dag.py:2941} INFO - Sync 1 DAGs
[2024-10-18T23:58:08.062+0000] {logging_mixin.py:151} INFO - [2024-10-18T23:58:08.061+0000] {dag.py:3722} INFO - Setting next_dagrun for example_skip_dag to 2024-10-17T23:58:08.057413+00:00, run_after=2024-10-18T23:58:08.057413+00:00
[2024-10-18T23:58:08.129+0000] {processor.py:179} INFO - Processing /home/airflow/.local/lib/python3.8/site-packages/airflow/example_dags/example_skip_dag.py took 0.260 seconds
[2024-10-18T23:58:38.214+0000] {processor.py:157} INFO - Started process (PID=1859) to work on /home/airflow/.local/lib/python3.8/site-packages/airflow/example_dags/example_skip_dag.py
[2024-10-18T23:58:38.216+0000] {processor.py:829} INFO - Processing file /home/airflow/.local/lib/python3.8/site-packages/airflow/example_dags/example_skip_dag.py for tasks to queue
[2024-10-18T23:58:38.222+0000] {logging_mixin.py:151} INFO - [2024-10-18T23:58:38.222+0000] {dagbag.py:536} INFO - Filling up the DagBag from /home/airflow/.local/lib/python3.8/site-packages/airflow/example_dags/example_skip_dag.py
[2024-10-18T23:58:38.238+0000] {processor.py:839} INFO - DAG(s) dict_keys(['example_skip_dag']) retrieved from /home/airflow/.local/lib/python3.8/site-packages/airflow/example_dags/example_skip_dag.py
[2024-10-18T23:58:38.300+0000] {logging_mixin.py:151} INFO - [2024-10-18T23:58:38.299+0000] {dag.py:2941} INFO - Sync 1 DAGs
[2024-10-18T23:58:38.552+0000] {logging_mixin.py:151} INFO - [2024-10-18T23:58:38.551+0000] {dag.py:3722} INFO - Setting next_dagrun for example_skip_dag to 2024-10-17T23:58:38.550810+00:00, run_after=2024-10-18T23:58:38.550810+00:00
[2024-10-18T23:58:38.603+0000] {processor.py:179} INFO - Processing /home/airflow/.local/lib/python3.8/site-packages/airflow/example_dags/example_skip_dag.py took 0.397 seconds
[2024-10-18T23:59:08.798+0000] {processor.py:157} INFO - Started process (PID=1913) to work on /home/airflow/.local/lib/python3.8/site-packages/airflow/example_dags/example_skip_dag.py
[2024-10-18T23:59:08.802+0000] {processor.py:829} INFO - Processing file /home/airflow/.local/lib/python3.8/site-packages/airflow/example_dags/example_skip_dag.py for tasks to queue
[2024-10-18T23:59:08.815+0000] {logging_mixin.py:151} INFO - [2024-10-18T23:59:08.814+0000] {dagbag.py:536} INFO - Filling up the DagBag from /home/airflow/.local/lib/python3.8/site-packages/airflow/example_dags/example_skip_dag.py
[2024-10-18T23:59:08.835+0000] {processor.py:839} INFO - DAG(s) dict_keys(['example_skip_dag']) retrieved from /home/airflow/.local/lib/python3.8/site-packages/airflow/example_dags/example_skip_dag.py
[2024-10-18T23:59:08.895+0000] {logging_mixin.py:151} INFO - [2024-10-18T23:59:08.895+0000] {dag.py:2941} INFO - Sync 1 DAGs
[2024-10-18T23:59:08.963+0000] {logging_mixin.py:151} INFO - [2024-10-18T23:59:08.963+0000] {dag.py:3722} INFO - Setting next_dagrun for example_skip_dag to 2024-10-17T23:59:08.957648+00:00, run_after=2024-10-18T23:59:08.957648+00:00
[2024-10-18T23:59:09.017+0000] {processor.py:179} INFO - Processing /home/airflow/.local/lib/python3.8/site-packages/airflow/example_dags/example_skip_dag.py took 0.251 seconds
[2024-10-18T23:59:39.791+0000] {processor.py:157} INFO - Started process (PID=1966) to work on /home/airflow/.local/lib/python3.8/site-packages/airflow/example_dags/example_skip_dag.py
[2024-10-18T23:59:39.793+0000] {processor.py:829} INFO - Processing file /home/airflow/.local/lib/python3.8/site-packages/airflow/example_dags/example_skip_dag.py for tasks to queue
[2024-10-18T23:59:39.800+0000] {logging_mixin.py:151} INFO - [2024-10-18T23:59:39.799+0000] {dagbag.py:536} INFO - Filling up the DagBag from /home/airflow/.local/lib/python3.8/site-packages/airflow/example_dags/example_skip_dag.py
[2024-10-18T23:59:39.815+0000] {processor.py:839} INFO - DAG(s) dict_keys(['example_skip_dag']) retrieved from /home/airflow/.local/lib/python3.8/site-packages/airflow/example_dags/example_skip_dag.py
[2024-10-18T23:59:39.896+0000] {logging_mixin.py:151} INFO - [2024-10-18T23:59:39.896+0000] {dag.py:2941} INFO - Sync 1 DAGs
[2024-10-18T23:59:39.961+0000] {logging_mixin.py:151} INFO - [2024-10-18T23:59:39.961+0000] {dag.py:3722} INFO - Setting next_dagrun for example_skip_dag to 2024-10-17T23:59:39.958971+00:00, run_after=2024-10-18T23:59:39.958971+00:00
[2024-10-18T23:59:40.052+0000] {processor.py:179} INFO - Processing /home/airflow/.local/lib/python3.8/site-packages/airflow/example_dags/example_skip_dag.py took 0.268 seconds
