[2024-10-18T23:31:51.614+0000] {processor.py:157} INFO - Started process (PID=99) to work on /home/airflow/.local/lib/python3.8/site-packages/airflow/example_dags/example_xcomargs.py
[2024-10-18T23:31:51.618+0000] {processor.py:829} INFO - Processing file /home/airflow/.local/lib/python3.8/site-packages/airflow/example_dags/example_xcomargs.py for tasks to queue
[2024-10-18T23:31:51.626+0000] {logging_mixin.py:151} INFO - [2024-10-18T23:31:51.625+0000] {dagbag.py:536} INFO - Filling up the DagBag from /home/airflow/.local/lib/python3.8/site-packages/airflow/example_dags/example_xcomargs.py
[2024-10-18T23:31:51.674+0000] {processor.py:839} INFO - DAG(s) dict_keys(['example_xcom_args', 'example_xcom_args_with_operators']) retrieved from /home/airflow/.local/lib/python3.8/site-packages/airflow/example_dags/example_xcomargs.py
[2024-10-18T23:31:52.080+0000] {logging_mixin.py:151} INFO - [2024-10-18T23:31:52.079+0000] {dag.py:2941} INFO - Sync 2 DAGs
[2024-10-18T23:31:52.226+0000] {logging_mixin.py:151} INFO - [2024-10-18T23:31:52.222+0000] {dag.py:3722} INFO - Setting next_dagrun for example_xcom_args to None, run_after=None
[2024-10-18T23:31:52.271+0000] {logging_mixin.py:151} INFO - [2024-10-18T23:31:52.270+0000] {dag.py:3722} INFO - Setting next_dagrun for example_xcom_args_with_operators to None, run_after=None
[2024-10-18T23:31:52.349+0000] {processor.py:179} INFO - Processing /home/airflow/.local/lib/python3.8/site-packages/airflow/example_dags/example_xcomargs.py took 0.748 seconds
[2024-10-18T23:32:23.290+0000] {processor.py:157} INFO - Started process (PID=153) to work on /home/airflow/.local/lib/python3.8/site-packages/airflow/example_dags/example_xcomargs.py
[2024-10-18T23:32:23.294+0000] {processor.py:829} INFO - Processing file /home/airflow/.local/lib/python3.8/site-packages/airflow/example_dags/example_xcomargs.py for tasks to queue
[2024-10-18T23:32:23.300+0000] {logging_mixin.py:151} INFO - [2024-10-18T23:32:23.299+0000] {dagbag.py:536} INFO - Filling up the DagBag from /home/airflow/.local/lib/python3.8/site-packages/airflow/example_dags/example_xcomargs.py
[2024-10-18T23:32:23.441+0000] {processor.py:839} INFO - DAG(s) dict_keys(['example_xcom_args_with_operators', 'example_xcom_args']) retrieved from /home/airflow/.local/lib/python3.8/site-packages/airflow/example_dags/example_xcomargs.py
[2024-10-18T23:32:23.498+0000] {logging_mixin.py:151} INFO - [2024-10-18T23:32:23.497+0000] {dag.py:2941} INFO - Sync 2 DAGs
[2024-10-18T23:32:23.524+0000] {logging_mixin.py:151} INFO - [2024-10-18T23:32:23.524+0000] {dag.py:3722} INFO - Setting next_dagrun for example_xcom_args to None, run_after=None
[2024-10-18T23:32:23.540+0000] {logging_mixin.py:151} INFO - [2024-10-18T23:32:23.539+0000] {dag.py:3722} INFO - Setting next_dagrun for example_xcom_args_with_operators to None, run_after=None
[2024-10-18T23:32:23.659+0000] {processor.py:179} INFO - Processing /home/airflow/.local/lib/python3.8/site-packages/airflow/example_dags/example_xcomargs.py took 0.380 seconds
[2024-10-18T23:32:54.456+0000] {processor.py:157} INFO - Started process (PID=206) to work on /home/airflow/.local/lib/python3.8/site-packages/airflow/example_dags/example_xcomargs.py
[2024-10-18T23:32:54.458+0000] {processor.py:829} INFO - Processing file /home/airflow/.local/lib/python3.8/site-packages/airflow/example_dags/example_xcomargs.py for tasks to queue
[2024-10-18T23:32:54.463+0000] {logging_mixin.py:151} INFO - [2024-10-18T23:32:54.462+0000] {dagbag.py:536} INFO - Filling up the DagBag from /home/airflow/.local/lib/python3.8/site-packages/airflow/example_dags/example_xcomargs.py
[2024-10-18T23:32:54.483+0000] {processor.py:839} INFO - DAG(s) dict_keys(['example_xcom_args', 'example_xcom_args_with_operators']) retrieved from /home/airflow/.local/lib/python3.8/site-packages/airflow/example_dags/example_xcomargs.py
[2024-10-18T23:32:54.645+0000] {logging_mixin.py:151} INFO - [2024-10-18T23:32:54.645+0000] {dag.py:2941} INFO - Sync 2 DAGs
[2024-10-18T23:32:54.670+0000] {logging_mixin.py:151} INFO - [2024-10-18T23:32:54.670+0000] {dag.py:3722} INFO - Setting next_dagrun for example_xcom_args to None, run_after=None
[2024-10-18T23:32:54.676+0000] {logging_mixin.py:151} INFO - [2024-10-18T23:32:54.676+0000] {dag.py:3722} INFO - Setting next_dagrun for example_xcom_args_with_operators to None, run_after=None
[2024-10-18T23:32:54.728+0000] {processor.py:179} INFO - Processing /home/airflow/.local/lib/python3.8/site-packages/airflow/example_dags/example_xcomargs.py took 0.277 seconds
[2024-10-18T23:33:24.812+0000] {processor.py:157} INFO - Started process (PID=260) to work on /home/airflow/.local/lib/python3.8/site-packages/airflow/example_dags/example_xcomargs.py
[2024-10-18T23:33:24.816+0000] {processor.py:829} INFO - Processing file /home/airflow/.local/lib/python3.8/site-packages/airflow/example_dags/example_xcomargs.py for tasks to queue
[2024-10-18T23:33:24.833+0000] {logging_mixin.py:151} INFO - [2024-10-18T23:33:24.833+0000] {dagbag.py:536} INFO - Filling up the DagBag from /home/airflow/.local/lib/python3.8/site-packages/airflow/example_dags/example_xcomargs.py
[2024-10-18T23:33:24.854+0000] {processor.py:839} INFO - DAG(s) dict_keys(['example_xcom_args_with_operators', 'example_xcom_args']) retrieved from /home/airflow/.local/lib/python3.8/site-packages/airflow/example_dags/example_xcomargs.py
[2024-10-18T23:33:24.934+0000] {logging_mixin.py:151} INFO - [2024-10-18T23:33:24.933+0000] {dag.py:2941} INFO - Sync 2 DAGs
[2024-10-18T23:33:24.970+0000] {logging_mixin.py:151} INFO - [2024-10-18T23:33:24.970+0000] {dag.py:3722} INFO - Setting next_dagrun for example_xcom_args to None, run_after=None
[2024-10-18T23:33:24.986+0000] {logging_mixin.py:151} INFO - [2024-10-18T23:33:24.985+0000] {dag.py:3722} INFO - Setting next_dagrun for example_xcom_args_with_operators to None, run_after=None
[2024-10-18T23:33:25.035+0000] {processor.py:179} INFO - Processing /home/airflow/.local/lib/python3.8/site-packages/airflow/example_dags/example_xcomargs.py took 0.232 seconds
[2024-10-18T23:33:55.854+0000] {processor.py:157} INFO - Started process (PID=315) to work on /home/airflow/.local/lib/python3.8/site-packages/airflow/example_dags/example_xcomargs.py
[2024-10-18T23:33:55.856+0000] {processor.py:829} INFO - Processing file /home/airflow/.local/lib/python3.8/site-packages/airflow/example_dags/example_xcomargs.py for tasks to queue
[2024-10-18T23:33:55.864+0000] {logging_mixin.py:151} INFO - [2024-10-18T23:33:55.864+0000] {dagbag.py:536} INFO - Filling up the DagBag from /home/airflow/.local/lib/python3.8/site-packages/airflow/example_dags/example_xcomargs.py
[2024-10-18T23:33:55.884+0000] {processor.py:839} INFO - DAG(s) dict_keys(['example_xcom_args_with_operators', 'example_xcom_args']) retrieved from /home/airflow/.local/lib/python3.8/site-packages/airflow/example_dags/example_xcomargs.py
[2024-10-18T23:33:55.955+0000] {logging_mixin.py:151} INFO - [2024-10-18T23:33:55.954+0000] {dag.py:2941} INFO - Sync 2 DAGs
[2024-10-18T23:33:55.990+0000] {logging_mixin.py:151} INFO - [2024-10-18T23:33:55.990+0000] {dag.py:3722} INFO - Setting next_dagrun for example_xcom_args to None, run_after=None
[2024-10-18T23:33:56.004+0000] {logging_mixin.py:151} INFO - [2024-10-18T23:33:56.003+0000] {dag.py:3722} INFO - Setting next_dagrun for example_xcom_args_with_operators to None, run_after=None
[2024-10-18T23:33:56.049+0000] {processor.py:179} INFO - Processing /home/airflow/.local/lib/python3.8/site-packages/airflow/example_dags/example_xcomargs.py took 0.205 seconds
[2024-10-18T23:34:26.469+0000] {processor.py:157} INFO - Started process (PID=367) to work on /home/airflow/.local/lib/python3.8/site-packages/airflow/example_dags/example_xcomargs.py
[2024-10-18T23:34:26.473+0000] {processor.py:829} INFO - Processing file /home/airflow/.local/lib/python3.8/site-packages/airflow/example_dags/example_xcomargs.py for tasks to queue
[2024-10-18T23:34:26.481+0000] {logging_mixin.py:151} INFO - [2024-10-18T23:34:26.480+0000] {dagbag.py:536} INFO - Filling up the DagBag from /home/airflow/.local/lib/python3.8/site-packages/airflow/example_dags/example_xcomargs.py
[2024-10-18T23:34:26.514+0000] {processor.py:839} INFO - DAG(s) dict_keys(['example_xcom_args_with_operators', 'example_xcom_args']) retrieved from /home/airflow/.local/lib/python3.8/site-packages/airflow/example_dags/example_xcomargs.py
[2024-10-18T23:34:26.594+0000] {logging_mixin.py:151} INFO - [2024-10-18T23:34:26.593+0000] {dag.py:2941} INFO - Sync 2 DAGs
[2024-10-18T23:34:26.637+0000] {logging_mixin.py:151} INFO - [2024-10-18T23:34:26.637+0000] {dag.py:3722} INFO - Setting next_dagrun for example_xcom_args to None, run_after=None
[2024-10-18T23:34:26.660+0000] {logging_mixin.py:151} INFO - [2024-10-18T23:34:26.660+0000] {dag.py:3722} INFO - Setting next_dagrun for example_xcom_args_with_operators to None, run_after=None
[2024-10-18T23:34:26.704+0000] {processor.py:179} INFO - Processing /home/airflow/.local/lib/python3.8/site-packages/airflow/example_dags/example_xcomargs.py took 0.245 seconds
[2024-10-18T23:34:57.105+0000] {processor.py:157} INFO - Started process (PID=421) to work on /home/airflow/.local/lib/python3.8/site-packages/airflow/example_dags/example_xcomargs.py
[2024-10-18T23:34:57.108+0000] {processor.py:829} INFO - Processing file /home/airflow/.local/lib/python3.8/site-packages/airflow/example_dags/example_xcomargs.py for tasks to queue
[2024-10-18T23:34:57.113+0000] {logging_mixin.py:151} INFO - [2024-10-18T23:34:57.113+0000] {dagbag.py:536} INFO - Filling up the DagBag from /home/airflow/.local/lib/python3.8/site-packages/airflow/example_dags/example_xcomargs.py
[2024-10-18T23:34:57.140+0000] {processor.py:839} INFO - DAG(s) dict_keys(['example_xcom_args_with_operators', 'example_xcom_args']) retrieved from /home/airflow/.local/lib/python3.8/site-packages/airflow/example_dags/example_xcomargs.py
[2024-10-18T23:34:57.203+0000] {logging_mixin.py:151} INFO - [2024-10-18T23:34:57.203+0000] {dag.py:2941} INFO - Sync 2 DAGs
[2024-10-18T23:34:57.239+0000] {logging_mixin.py:151} INFO - [2024-10-18T23:34:57.238+0000] {dag.py:3722} INFO - Setting next_dagrun for example_xcom_args to None, run_after=None
[2024-10-18T23:34:57.250+0000] {logging_mixin.py:151} INFO - [2024-10-18T23:34:57.250+0000] {dag.py:3722} INFO - Setting next_dagrun for example_xcom_args_with_operators to None, run_after=None
[2024-10-18T23:34:57.308+0000] {processor.py:179} INFO - Processing /home/airflow/.local/lib/python3.8/site-packages/airflow/example_dags/example_xcomargs.py took 0.213 seconds
[2024-10-18T23:35:27.662+0000] {processor.py:157} INFO - Started process (PID=474) to work on /home/airflow/.local/lib/python3.8/site-packages/airflow/example_dags/example_xcomargs.py
[2024-10-18T23:35:27.665+0000] {processor.py:829} INFO - Processing file /home/airflow/.local/lib/python3.8/site-packages/airflow/example_dags/example_xcomargs.py for tasks to queue
[2024-10-18T23:35:27.670+0000] {logging_mixin.py:151} INFO - [2024-10-18T23:35:27.669+0000] {dagbag.py:536} INFO - Filling up the DagBag from /home/airflow/.local/lib/python3.8/site-packages/airflow/example_dags/example_xcomargs.py
[2024-10-18T23:35:27.692+0000] {processor.py:839} INFO - DAG(s) dict_keys(['example_xcom_args_with_operators', 'example_xcom_args']) retrieved from /home/airflow/.local/lib/python3.8/site-packages/airflow/example_dags/example_xcomargs.py
[2024-10-18T23:35:27.785+0000] {logging_mixin.py:151} INFO - [2024-10-18T23:35:27.785+0000] {dag.py:2941} INFO - Sync 2 DAGs
[2024-10-18T23:35:28.016+0000] {logging_mixin.py:151} INFO - [2024-10-18T23:35:28.015+0000] {dag.py:3722} INFO - Setting next_dagrun for example_xcom_args to None, run_after=None
[2024-10-18T23:35:28.031+0000] {logging_mixin.py:151} INFO - [2024-10-18T23:35:28.030+0000] {dag.py:3722} INFO - Setting next_dagrun for example_xcom_args_with_operators to None, run_after=None
[2024-10-18T23:35:28.093+0000] {processor.py:179} INFO - Processing /home/airflow/.local/lib/python3.8/site-packages/airflow/example_dags/example_xcomargs.py took 0.440 seconds
[2024-10-18T23:35:58.866+0000] {processor.py:157} INFO - Started process (PID=528) to work on /home/airflow/.local/lib/python3.8/site-packages/airflow/example_dags/example_xcomargs.py
[2024-10-18T23:35:58.889+0000] {processor.py:829} INFO - Processing file /home/airflow/.local/lib/python3.8/site-packages/airflow/example_dags/example_xcomargs.py for tasks to queue
[2024-10-18T23:35:58.950+0000] {logging_mixin.py:151} INFO - [2024-10-18T23:35:58.949+0000] {dagbag.py:536} INFO - Filling up the DagBag from /home/airflow/.local/lib/python3.8/site-packages/airflow/example_dags/example_xcomargs.py
[2024-10-18T23:35:58.992+0000] {processor.py:839} INFO - DAG(s) dict_keys(['example_xcom_args_with_operators', 'example_xcom_args']) retrieved from /home/airflow/.local/lib/python3.8/site-packages/airflow/example_dags/example_xcomargs.py
[2024-10-18T23:35:59.116+0000] {logging_mixin.py:151} INFO - [2024-10-18T23:35:59.116+0000] {dag.py:2941} INFO - Sync 2 DAGs
[2024-10-18T23:35:59.201+0000] {logging_mixin.py:151} INFO - [2024-10-18T23:35:59.199+0000] {dag.py:3722} INFO - Setting next_dagrun for example_xcom_args to None, run_after=None
[2024-10-18T23:35:59.310+0000] {logging_mixin.py:151} INFO - [2024-10-18T23:35:59.307+0000] {dag.py:3722} INFO - Setting next_dagrun for example_xcom_args_with_operators to None, run_after=None
[2024-10-18T23:35:59.383+0000] {processor.py:179} INFO - Processing /home/airflow/.local/lib/python3.8/site-packages/airflow/example_dags/example_xcomargs.py took 0.537 seconds
[2024-10-18T23:38:56.444+0000] {processor.py:157} INFO - Started process (PID=99) to work on /home/airflow/.local/lib/python3.8/site-packages/airflow/example_dags/example_xcomargs.py
[2024-10-18T23:38:56.447+0000] {processor.py:829} INFO - Processing file /home/airflow/.local/lib/python3.8/site-packages/airflow/example_dags/example_xcomargs.py for tasks to queue
[2024-10-18T23:38:56.454+0000] {logging_mixin.py:151} INFO - [2024-10-18T23:38:56.453+0000] {dagbag.py:536} INFO - Filling up the DagBag from /home/airflow/.local/lib/python3.8/site-packages/airflow/example_dags/example_xcomargs.py
[2024-10-18T23:38:56.485+0000] {processor.py:839} INFO - DAG(s) dict_keys(['example_xcom_args', 'example_xcom_args_with_operators']) retrieved from /home/airflow/.local/lib/python3.8/site-packages/airflow/example_dags/example_xcomargs.py
[2024-10-18T23:38:56.553+0000] {logging_mixin.py:151} INFO - [2024-10-18T23:38:56.552+0000] {dag.py:2941} INFO - Sync 2 DAGs
[2024-10-18T23:38:56.599+0000] {logging_mixin.py:151} INFO - [2024-10-18T23:38:56.599+0000] {dag.py:3722} INFO - Setting next_dagrun for example_xcom_args to None, run_after=None
[2024-10-18T23:38:56.608+0000] {logging_mixin.py:151} INFO - [2024-10-18T23:38:56.608+0000] {dag.py:3722} INFO - Setting next_dagrun for example_xcom_args_with_operators to None, run_after=None
[2024-10-18T23:38:56.650+0000] {processor.py:179} INFO - Processing /home/airflow/.local/lib/python3.8/site-packages/airflow/example_dags/example_xcomargs.py took 0.217 seconds
[2024-10-18T23:39:27.046+0000] {processor.py:157} INFO - Started process (PID=152) to work on /home/airflow/.local/lib/python3.8/site-packages/airflow/example_dags/example_xcomargs.py
[2024-10-18T23:39:27.060+0000] {processor.py:829} INFO - Processing file /home/airflow/.local/lib/python3.8/site-packages/airflow/example_dags/example_xcomargs.py for tasks to queue
[2024-10-18T23:39:27.065+0000] {logging_mixin.py:151} INFO - [2024-10-18T23:39:27.064+0000] {dagbag.py:536} INFO - Filling up the DagBag from /home/airflow/.local/lib/python3.8/site-packages/airflow/example_dags/example_xcomargs.py
[2024-10-18T23:39:27.089+0000] {processor.py:839} INFO - DAG(s) dict_keys(['example_xcom_args_with_operators', 'example_xcom_args']) retrieved from /home/airflow/.local/lib/python3.8/site-packages/airflow/example_dags/example_xcomargs.py
[2024-10-18T23:39:27.149+0000] {logging_mixin.py:151} INFO - [2024-10-18T23:39:27.148+0000] {dag.py:2941} INFO - Sync 2 DAGs
[2024-10-18T23:39:27.176+0000] {logging_mixin.py:151} INFO - [2024-10-18T23:39:27.176+0000] {dag.py:3722} INFO - Setting next_dagrun for example_xcom_args to None, run_after=None
[2024-10-18T23:39:27.184+0000] {logging_mixin.py:151} INFO - [2024-10-18T23:39:27.184+0000] {dag.py:3722} INFO - Setting next_dagrun for example_xcom_args_with_operators to None, run_after=None
[2024-10-18T23:39:27.247+0000] {processor.py:179} INFO - Processing /home/airflow/.local/lib/python3.8/site-packages/airflow/example_dags/example_xcomargs.py took 0.216 seconds
[2024-10-18T23:39:58.139+0000] {processor.py:157} INFO - Started process (PID=207) to work on /home/airflow/.local/lib/python3.8/site-packages/airflow/example_dags/example_xcomargs.py
[2024-10-18T23:39:58.140+0000] {processor.py:829} INFO - Processing file /home/airflow/.local/lib/python3.8/site-packages/airflow/example_dags/example_xcomargs.py for tasks to queue
[2024-10-18T23:39:58.144+0000] {logging_mixin.py:151} INFO - [2024-10-18T23:39:58.144+0000] {dagbag.py:536} INFO - Filling up the DagBag from /home/airflow/.local/lib/python3.8/site-packages/airflow/example_dags/example_xcomargs.py
[2024-10-18T23:39:58.177+0000] {processor.py:839} INFO - DAG(s) dict_keys(['example_xcom_args_with_operators', 'example_xcom_args']) retrieved from /home/airflow/.local/lib/python3.8/site-packages/airflow/example_dags/example_xcomargs.py
[2024-10-18T23:39:58.252+0000] {logging_mixin.py:151} INFO - [2024-10-18T23:39:58.252+0000] {dag.py:2941} INFO - Sync 2 DAGs
[2024-10-18T23:39:58.303+0000] {logging_mixin.py:151} INFO - [2024-10-18T23:39:58.302+0000] {dag.py:3722} INFO - Setting next_dagrun for example_xcom_args to None, run_after=None
[2024-10-18T23:39:58.311+0000] {logging_mixin.py:151} INFO - [2024-10-18T23:39:58.311+0000] {dag.py:3722} INFO - Setting next_dagrun for example_xcom_args_with_operators to None, run_after=None
[2024-10-18T23:39:58.361+0000] {processor.py:179} INFO - Processing /home/airflow/.local/lib/python3.8/site-packages/airflow/example_dags/example_xcomargs.py took 0.230 seconds
[2024-10-18T23:40:31.311+0000] {processor.py:157} INFO - Started process (PID=261) to work on /home/airflow/.local/lib/python3.8/site-packages/airflow/example_dags/example_xcomargs.py
[2024-10-18T23:40:31.313+0000] {processor.py:829} INFO - Processing file /home/airflow/.local/lib/python3.8/site-packages/airflow/example_dags/example_xcomargs.py for tasks to queue
[2024-10-18T23:40:31.328+0000] {logging_mixin.py:151} INFO - [2024-10-18T23:40:31.317+0000] {dagbag.py:536} INFO - Filling up the DagBag from /home/airflow/.local/lib/python3.8/site-packages/airflow/example_dags/example_xcomargs.py
[2024-10-18T23:40:31.476+0000] {processor.py:839} INFO - DAG(s) dict_keys(['example_xcom_args', 'example_xcom_args_with_operators']) retrieved from /home/airflow/.local/lib/python3.8/site-packages/airflow/example_dags/example_xcomargs.py
[2024-10-18T23:40:32.196+0000] {logging_mixin.py:151} INFO - [2024-10-18T23:40:32.174+0000] {dag.py:2941} INFO - Sync 2 DAGs
[2024-10-18T23:40:32.254+0000] {logging_mixin.py:151} INFO - [2024-10-18T23:40:32.254+0000] {dag.py:3722} INFO - Setting next_dagrun for example_xcom_args to None, run_after=None
[2024-10-18T23:40:32.269+0000] {logging_mixin.py:151} INFO - [2024-10-18T23:40:32.268+0000] {dag.py:3722} INFO - Setting next_dagrun for example_xcom_args_with_operators to None, run_after=None
[2024-10-18T23:40:32.367+0000] {processor.py:179} INFO - Processing /home/airflow/.local/lib/python3.8/site-packages/airflow/example_dags/example_xcomargs.py took 1.074 seconds
[2024-10-18T23:41:17.876+0000] {processor.py:157} INFO - Started process (PID=303) to work on /home/airflow/.local/lib/python3.8/site-packages/airflow/example_dags/example_xcomargs.py
[2024-10-18T23:41:17.879+0000] {processor.py:829} INFO - Processing file /home/airflow/.local/lib/python3.8/site-packages/airflow/example_dags/example_xcomargs.py for tasks to queue
[2024-10-18T23:41:17.887+0000] {logging_mixin.py:151} INFO - [2024-10-18T23:41:17.883+0000] {dagbag.py:536} INFO - Filling up the DagBag from /home/airflow/.local/lib/python3.8/site-packages/airflow/example_dags/example_xcomargs.py
[2024-10-18T23:41:18.011+0000] {processor.py:839} INFO - DAG(s) dict_keys(['example_xcom_args_with_operators', 'example_xcom_args']) retrieved from /home/airflow/.local/lib/python3.8/site-packages/airflow/example_dags/example_xcomargs.py
[2024-10-18T23:41:18.159+0000] {logging_mixin.py:151} INFO - [2024-10-18T23:41:18.158+0000] {dag.py:2941} INFO - Sync 2 DAGs
[2024-10-18T23:41:18.222+0000] {logging_mixin.py:151} INFO - [2024-10-18T23:41:18.221+0000] {dag.py:3722} INFO - Setting next_dagrun for example_xcom_args to None, run_after=None
[2024-10-18T23:41:18.383+0000] {logging_mixin.py:151} INFO - [2024-10-18T23:41:18.383+0000] {dag.py:3722} INFO - Setting next_dagrun for example_xcom_args_with_operators to None, run_after=None
[2024-10-18T23:41:18.805+0000] {processor.py:179} INFO - Processing /home/airflow/.local/lib/python3.8/site-packages/airflow/example_dags/example_xcomargs.py took 0.946 seconds
[2024-10-18T23:42:31.782+0000] {processor.py:157} INFO - Started process (PID=364) to work on /home/airflow/.local/lib/python3.8/site-packages/airflow/example_dags/example_xcomargs.py
[2024-10-18T23:42:31.791+0000] {processor.py:829} INFO - Processing file /home/airflow/.local/lib/python3.8/site-packages/airflow/example_dags/example_xcomargs.py for tasks to queue
[2024-10-18T23:42:31.841+0000] {logging_mixin.py:151} INFO - [2024-10-18T23:42:31.822+0000] {dagbag.py:536} INFO - Filling up the DagBag from /home/airflow/.local/lib/python3.8/site-packages/airflow/example_dags/example_xcomargs.py
[2024-10-18T23:42:32.041+0000] {processor.py:839} INFO - DAG(s) dict_keys(['example_xcom_args', 'example_xcom_args_with_operators']) retrieved from /home/airflow/.local/lib/python3.8/site-packages/airflow/example_dags/example_xcomargs.py
[2024-10-18T23:42:32.543+0000] {logging_mixin.py:151} INFO - [2024-10-18T23:42:32.536+0000] {dag.py:2941} INFO - Sync 2 DAGs
[2024-10-18T23:42:32.735+0000] {logging_mixin.py:151} INFO - [2024-10-18T23:42:32.722+0000] {dag.py:3722} INFO - Setting next_dagrun for example_xcom_args to None, run_after=None
[2024-10-18T23:42:32.852+0000] {logging_mixin.py:151} INFO - [2024-10-18T23:42:32.851+0000] {dag.py:3722} INFO - Setting next_dagrun for example_xcom_args_with_operators to None, run_after=None
[2024-10-18T23:42:32.981+0000] {processor.py:179} INFO - Processing /home/airflow/.local/lib/python3.8/site-packages/airflow/example_dags/example_xcomargs.py took 1.225 seconds
[2024-10-18T23:43:28.759+0000] {processor.py:157} INFO - Started process (PID=426) to work on /home/airflow/.local/lib/python3.8/site-packages/airflow/example_dags/example_xcomargs.py
[2024-10-18T23:43:28.821+0000] {processor.py:829} INFO - Processing file /home/airflow/.local/lib/python3.8/site-packages/airflow/example_dags/example_xcomargs.py for tasks to queue
[2024-10-18T23:43:28.909+0000] {logging_mixin.py:151} INFO - [2024-10-18T23:43:28.907+0000] {dagbag.py:536} INFO - Filling up the DagBag from /home/airflow/.local/lib/python3.8/site-packages/airflow/example_dags/example_xcomargs.py
[2024-10-18T23:43:29.569+0000] {processor.py:839} INFO - DAG(s) dict_keys(['example_xcom_args', 'example_xcom_args_with_operators']) retrieved from /home/airflow/.local/lib/python3.8/site-packages/airflow/example_dags/example_xcomargs.py
[2024-10-18T23:43:31.028+0000] {logging_mixin.py:151} INFO - [2024-10-18T23:43:31.028+0000] {dag.py:2941} INFO - Sync 2 DAGs
[2024-10-18T23:43:31.474+0000] {logging_mixin.py:151} INFO - [2024-10-18T23:43:31.474+0000] {dag.py:3722} INFO - Setting next_dagrun for example_xcom_args to None, run_after=None
[2024-10-18T23:43:31.634+0000] {logging_mixin.py:151} INFO - [2024-10-18T23:43:31.634+0000] {dag.py:3722} INFO - Setting next_dagrun for example_xcom_args_with_operators to None, run_after=None
[2024-10-18T23:43:32.083+0000] {processor.py:179} INFO - Processing /home/airflow/.local/lib/python3.8/site-packages/airflow/example_dags/example_xcomargs.py took 3.333 seconds
[2024-10-18T23:44:02.364+0000] {processor.py:157} INFO - Started process (PID=480) to work on /home/airflow/.local/lib/python3.8/site-packages/airflow/example_dags/example_xcomargs.py
[2024-10-18T23:44:02.366+0000] {processor.py:829} INFO - Processing file /home/airflow/.local/lib/python3.8/site-packages/airflow/example_dags/example_xcomargs.py for tasks to queue
[2024-10-18T23:44:02.371+0000] {logging_mixin.py:151} INFO - [2024-10-18T23:44:02.370+0000] {dagbag.py:536} INFO - Filling up the DagBag from /home/airflow/.local/lib/python3.8/site-packages/airflow/example_dags/example_xcomargs.py
[2024-10-18T23:44:02.431+0000] {processor.py:839} INFO - DAG(s) dict_keys(['example_xcom_args', 'example_xcom_args_with_operators']) retrieved from /home/airflow/.local/lib/python3.8/site-packages/airflow/example_dags/example_xcomargs.py
[2024-10-18T23:44:02.498+0000] {logging_mixin.py:151} INFO - [2024-10-18T23:44:02.498+0000] {dag.py:2941} INFO - Sync 2 DAGs
[2024-10-18T23:44:02.526+0000] {logging_mixin.py:151} INFO - [2024-10-18T23:44:02.525+0000] {dag.py:3722} INFO - Setting next_dagrun for example_xcom_args to None, run_after=None
[2024-10-18T23:44:02.534+0000] {logging_mixin.py:151} INFO - [2024-10-18T23:44:02.533+0000] {dag.py:3722} INFO - Setting next_dagrun for example_xcom_args_with_operators to None, run_after=None
[2024-10-18T23:44:02.582+0000] {processor.py:179} INFO - Processing /home/airflow/.local/lib/python3.8/site-packages/airflow/example_dags/example_xcomargs.py took 0.223 seconds
[2024-10-18T23:44:34.483+0000] {processor.py:157} INFO - Started process (PID=531) to work on /home/airflow/.local/lib/python3.8/site-packages/airflow/example_dags/example_xcomargs.py
[2024-10-18T23:44:34.485+0000] {processor.py:829} INFO - Processing file /home/airflow/.local/lib/python3.8/site-packages/airflow/example_dags/example_xcomargs.py for tasks to queue
[2024-10-18T23:44:34.489+0000] {logging_mixin.py:151} INFO - [2024-10-18T23:44:34.488+0000] {dagbag.py:536} INFO - Filling up the DagBag from /home/airflow/.local/lib/python3.8/site-packages/airflow/example_dags/example_xcomargs.py
[2024-10-18T23:44:34.509+0000] {processor.py:839} INFO - DAG(s) dict_keys(['example_xcom_args_with_operators', 'example_xcom_args']) retrieved from /home/airflow/.local/lib/python3.8/site-packages/airflow/example_dags/example_xcomargs.py
[2024-10-18T23:44:34.577+0000] {logging_mixin.py:151} INFO - [2024-10-18T23:44:34.577+0000] {dag.py:2941} INFO - Sync 2 DAGs
[2024-10-18T23:44:34.639+0000] {logging_mixin.py:151} INFO - [2024-10-18T23:44:34.639+0000] {dag.py:3722} INFO - Setting next_dagrun for example_xcom_args to None, run_after=None
[2024-10-18T23:44:34.646+0000] {logging_mixin.py:151} INFO - [2024-10-18T23:44:34.646+0000] {dag.py:3722} INFO - Setting next_dagrun for example_xcom_args_with_operators to None, run_after=None
[2024-10-18T23:44:34.757+0000] {processor.py:179} INFO - Processing /home/airflow/.local/lib/python3.8/site-packages/airflow/example_dags/example_xcomargs.py took 0.280 seconds
[2024-10-18T23:45:07.785+0000] {processor.py:157} INFO - Started process (PID=584) to work on /home/airflow/.local/lib/python3.8/site-packages/airflow/example_dags/example_xcomargs.py
[2024-10-18T23:45:07.787+0000] {processor.py:829} INFO - Processing file /home/airflow/.local/lib/python3.8/site-packages/airflow/example_dags/example_xcomargs.py for tasks to queue
[2024-10-18T23:45:07.792+0000] {logging_mixin.py:151} INFO - [2024-10-18T23:45:07.791+0000] {dagbag.py:536} INFO - Filling up the DagBag from /home/airflow/.local/lib/python3.8/site-packages/airflow/example_dags/example_xcomargs.py
[2024-10-18T23:45:07.814+0000] {processor.py:839} INFO - DAG(s) dict_keys(['example_xcom_args_with_operators', 'example_xcom_args']) retrieved from /home/airflow/.local/lib/python3.8/site-packages/airflow/example_dags/example_xcomargs.py
[2024-10-18T23:45:07.875+0000] {logging_mixin.py:151} INFO - [2024-10-18T23:45:07.874+0000] {dag.py:2941} INFO - Sync 2 DAGs
[2024-10-18T23:45:07.912+0000] {logging_mixin.py:151} INFO - [2024-10-18T23:45:07.911+0000] {dag.py:3722} INFO - Setting next_dagrun for example_xcom_args to None, run_after=None
[2024-10-18T23:45:07.920+0000] {logging_mixin.py:151} INFO - [2024-10-18T23:45:07.920+0000] {dag.py:3722} INFO - Setting next_dagrun for example_xcom_args_with_operators to None, run_after=None
[2024-10-18T23:45:07.966+0000] {processor.py:179} INFO - Processing /home/airflow/.local/lib/python3.8/site-packages/airflow/example_dags/example_xcomargs.py took 0.187 seconds
[2024-10-18T23:45:38.144+0000] {processor.py:157} INFO - Started process (PID=637) to work on /home/airflow/.local/lib/python3.8/site-packages/airflow/example_dags/example_xcomargs.py
[2024-10-18T23:45:38.146+0000] {processor.py:829} INFO - Processing file /home/airflow/.local/lib/python3.8/site-packages/airflow/example_dags/example_xcomargs.py for tasks to queue
[2024-10-18T23:45:38.150+0000] {logging_mixin.py:151} INFO - [2024-10-18T23:45:38.150+0000] {dagbag.py:536} INFO - Filling up the DagBag from /home/airflow/.local/lib/python3.8/site-packages/airflow/example_dags/example_xcomargs.py
[2024-10-18T23:45:38.165+0000] {processor.py:839} INFO - DAG(s) dict_keys(['example_xcom_args_with_operators', 'example_xcom_args']) retrieved from /home/airflow/.local/lib/python3.8/site-packages/airflow/example_dags/example_xcomargs.py
[2024-10-18T23:45:38.201+0000] {logging_mixin.py:151} INFO - [2024-10-18T23:45:38.201+0000] {dag.py:2941} INFO - Sync 2 DAGs
[2024-10-18T23:45:38.220+0000] {logging_mixin.py:151} INFO - [2024-10-18T23:45:38.220+0000] {dag.py:3722} INFO - Setting next_dagrun for example_xcom_args to None, run_after=None
[2024-10-18T23:45:38.232+0000] {logging_mixin.py:151} INFO - [2024-10-18T23:45:38.231+0000] {dag.py:3722} INFO - Setting next_dagrun for example_xcom_args_with_operators to None, run_after=None
[2024-10-18T23:45:38.304+0000] {processor.py:179} INFO - Processing /home/airflow/.local/lib/python3.8/site-packages/airflow/example_dags/example_xcomargs.py took 0.166 seconds
[2024-10-18T23:46:09.005+0000] {processor.py:157} INFO - Started process (PID=688) to work on /home/airflow/.local/lib/python3.8/site-packages/airflow/example_dags/example_xcomargs.py
[2024-10-18T23:46:09.007+0000] {processor.py:829} INFO - Processing file /home/airflow/.local/lib/python3.8/site-packages/airflow/example_dags/example_xcomargs.py for tasks to queue
[2024-10-18T23:46:09.014+0000] {logging_mixin.py:151} INFO - [2024-10-18T23:46:09.013+0000] {dagbag.py:536} INFO - Filling up the DagBag from /home/airflow/.local/lib/python3.8/site-packages/airflow/example_dags/example_xcomargs.py
[2024-10-18T23:46:09.037+0000] {processor.py:839} INFO - DAG(s) dict_keys(['example_xcom_args_with_operators', 'example_xcom_args']) retrieved from /home/airflow/.local/lib/python3.8/site-packages/airflow/example_dags/example_xcomargs.py
[2024-10-18T23:46:09.094+0000] {logging_mixin.py:151} INFO - [2024-10-18T23:46:09.094+0000] {dag.py:2941} INFO - Sync 2 DAGs
[2024-10-18T23:46:09.124+0000] {logging_mixin.py:151} INFO - [2024-10-18T23:46:09.123+0000] {dag.py:3722} INFO - Setting next_dagrun for example_xcom_args to None, run_after=None
[2024-10-18T23:46:09.132+0000] {logging_mixin.py:151} INFO - [2024-10-18T23:46:09.131+0000] {dag.py:3722} INFO - Setting next_dagrun for example_xcom_args_with_operators to None, run_after=None
[2024-10-18T23:46:09.176+0000] {processor.py:179} INFO - Processing /home/airflow/.local/lib/python3.8/site-packages/airflow/example_dags/example_xcomargs.py took 0.178 seconds
[2024-10-18T23:46:39.289+0000] {processor.py:157} INFO - Started process (PID=742) to work on /home/airflow/.local/lib/python3.8/site-packages/airflow/example_dags/example_xcomargs.py
[2024-10-18T23:46:39.292+0000] {processor.py:829} INFO - Processing file /home/airflow/.local/lib/python3.8/site-packages/airflow/example_dags/example_xcomargs.py for tasks to queue
[2024-10-18T23:46:39.296+0000] {logging_mixin.py:151} INFO - [2024-10-18T23:46:39.296+0000] {dagbag.py:536} INFO - Filling up the DagBag from /home/airflow/.local/lib/python3.8/site-packages/airflow/example_dags/example_xcomargs.py
[2024-10-18T23:46:39.312+0000] {processor.py:839} INFO - DAG(s) dict_keys(['example_xcom_args', 'example_xcom_args_with_operators']) retrieved from /home/airflow/.local/lib/python3.8/site-packages/airflow/example_dags/example_xcomargs.py
[2024-10-18T23:46:39.360+0000] {logging_mixin.py:151} INFO - [2024-10-18T23:46:39.360+0000] {dag.py:2941} INFO - Sync 2 DAGs
[2024-10-18T23:46:39.383+0000] {logging_mixin.py:151} INFO - [2024-10-18T23:46:39.382+0000] {dag.py:3722} INFO - Setting next_dagrun for example_xcom_args to None, run_after=None
[2024-10-18T23:46:39.389+0000] {logging_mixin.py:151} INFO - [2024-10-18T23:46:39.389+0000] {dag.py:3722} INFO - Setting next_dagrun for example_xcom_args_with_operators to None, run_after=None
[2024-10-18T23:46:39.434+0000] {processor.py:179} INFO - Processing /home/airflow/.local/lib/python3.8/site-packages/airflow/example_dags/example_xcomargs.py took 0.152 seconds
[2024-10-18T23:47:11.113+0000] {processor.py:157} INFO - Started process (PID=795) to work on /home/airflow/.local/lib/python3.8/site-packages/airflow/example_dags/example_xcomargs.py
[2024-10-18T23:47:11.117+0000] {processor.py:829} INFO - Processing file /home/airflow/.local/lib/python3.8/site-packages/airflow/example_dags/example_xcomargs.py for tasks to queue
[2024-10-18T23:47:11.123+0000] {logging_mixin.py:151} INFO - [2024-10-18T23:47:11.123+0000] {dagbag.py:536} INFO - Filling up the DagBag from /home/airflow/.local/lib/python3.8/site-packages/airflow/example_dags/example_xcomargs.py
[2024-10-18T23:47:11.151+0000] {processor.py:839} INFO - DAG(s) dict_keys(['example_xcom_args_with_operators', 'example_xcom_args']) retrieved from /home/airflow/.local/lib/python3.8/site-packages/airflow/example_dags/example_xcomargs.py
[2024-10-18T23:47:11.223+0000] {logging_mixin.py:151} INFO - [2024-10-18T23:47:11.223+0000] {dag.py:2941} INFO - Sync 2 DAGs
[2024-10-18T23:47:11.251+0000] {logging_mixin.py:151} INFO - [2024-10-18T23:47:11.251+0000] {dag.py:3722} INFO - Setting next_dagrun for example_xcom_args to None, run_after=None
[2024-10-18T23:47:11.259+0000] {logging_mixin.py:151} INFO - [2024-10-18T23:47:11.259+0000] {dag.py:3722} INFO - Setting next_dagrun for example_xcom_args_with_operators to None, run_after=None
[2024-10-18T23:47:11.290+0000] {processor.py:179} INFO - Processing /home/airflow/.local/lib/python3.8/site-packages/airflow/example_dags/example_xcomargs.py took 0.186 seconds
[2024-10-18T23:47:41.919+0000] {processor.py:157} INFO - Started process (PID=849) to work on /home/airflow/.local/lib/python3.8/site-packages/airflow/example_dags/example_xcomargs.py
[2024-10-18T23:47:41.921+0000] {processor.py:829} INFO - Processing file /home/airflow/.local/lib/python3.8/site-packages/airflow/example_dags/example_xcomargs.py for tasks to queue
[2024-10-18T23:47:41.931+0000] {logging_mixin.py:151} INFO - [2024-10-18T23:47:41.931+0000] {dagbag.py:536} INFO - Filling up the DagBag from /home/airflow/.local/lib/python3.8/site-packages/airflow/example_dags/example_xcomargs.py
[2024-10-18T23:47:41.987+0000] {processor.py:839} INFO - DAG(s) dict_keys(['example_xcom_args_with_operators', 'example_xcom_args']) retrieved from /home/airflow/.local/lib/python3.8/site-packages/airflow/example_dags/example_xcomargs.py
[2024-10-18T23:47:42.317+0000] {logging_mixin.py:151} INFO - [2024-10-18T23:47:42.317+0000] {dag.py:2941} INFO - Sync 2 DAGs
[2024-10-18T23:47:42.422+0000] {logging_mixin.py:151} INFO - [2024-10-18T23:47:42.421+0000] {dag.py:3722} INFO - Setting next_dagrun for example_xcom_args to None, run_after=None
[2024-10-18T23:47:42.448+0000] {logging_mixin.py:151} INFO - [2024-10-18T23:47:42.447+0000] {dag.py:3722} INFO - Setting next_dagrun for example_xcom_args_with_operators to None, run_after=None
[2024-10-18T23:47:42.509+0000] {processor.py:179} INFO - Processing /home/airflow/.local/lib/python3.8/site-packages/airflow/example_dags/example_xcomargs.py took 0.608 seconds
[2024-10-18T23:48:12.597+0000] {processor.py:157} INFO - Started process (PID=903) to work on /home/airflow/.local/lib/python3.8/site-packages/airflow/example_dags/example_xcomargs.py
[2024-10-18T23:48:12.601+0000] {processor.py:829} INFO - Processing file /home/airflow/.local/lib/python3.8/site-packages/airflow/example_dags/example_xcomargs.py for tasks to queue
[2024-10-18T23:48:12.605+0000] {logging_mixin.py:151} INFO - [2024-10-18T23:48:12.604+0000] {dagbag.py:536} INFO - Filling up the DagBag from /home/airflow/.local/lib/python3.8/site-packages/airflow/example_dags/example_xcomargs.py
[2024-10-18T23:48:12.623+0000] {processor.py:839} INFO - DAG(s) dict_keys(['example_xcom_args_with_operators', 'example_xcom_args']) retrieved from /home/airflow/.local/lib/python3.8/site-packages/airflow/example_dags/example_xcomargs.py
[2024-10-18T23:48:12.671+0000] {logging_mixin.py:151} INFO - [2024-10-18T23:48:12.671+0000] {dag.py:2941} INFO - Sync 2 DAGs
[2024-10-18T23:48:12.695+0000] {logging_mixin.py:151} INFO - [2024-10-18T23:48:12.695+0000] {dag.py:3722} INFO - Setting next_dagrun for example_xcom_args to None, run_after=None
[2024-10-18T23:48:12.702+0000] {logging_mixin.py:151} INFO - [2024-10-18T23:48:12.702+0000] {dag.py:3722} INFO - Setting next_dagrun for example_xcom_args_with_operators to None, run_after=None
[2024-10-18T23:48:12.739+0000] {processor.py:179} INFO - Processing /home/airflow/.local/lib/python3.8/site-packages/airflow/example_dags/example_xcomargs.py took 0.147 seconds
[2024-10-18T23:48:56.963+0000] {processor.py:157} INFO - Started process (PID=966) to work on /home/airflow/.local/lib/python3.8/site-packages/airflow/example_dags/example_xcomargs.py
[2024-10-18T23:48:56.965+0000] {processor.py:829} INFO - Processing file /home/airflow/.local/lib/python3.8/site-packages/airflow/example_dags/example_xcomargs.py for tasks to queue
[2024-10-18T23:48:56.972+0000] {logging_mixin.py:151} INFO - [2024-10-18T23:48:56.971+0000] {dagbag.py:536} INFO - Filling up the DagBag from /home/airflow/.local/lib/python3.8/site-packages/airflow/example_dags/example_xcomargs.py
[2024-10-18T23:48:56.994+0000] {processor.py:839} INFO - DAG(s) dict_keys(['example_xcom_args_with_operators', 'example_xcom_args']) retrieved from /home/airflow/.local/lib/python3.8/site-packages/airflow/example_dags/example_xcomargs.py
[2024-10-18T23:48:57.038+0000] {logging_mixin.py:151} INFO - [2024-10-18T23:48:57.038+0000] {dag.py:2941} INFO - Sync 2 DAGs
[2024-10-18T23:48:57.067+0000] {logging_mixin.py:151} INFO - [2024-10-18T23:48:57.066+0000] {dag.py:3722} INFO - Setting next_dagrun for example_xcom_args to None, run_after=None
[2024-10-18T23:48:57.077+0000] {logging_mixin.py:151} INFO - [2024-10-18T23:48:57.077+0000] {dag.py:3722} INFO - Setting next_dagrun for example_xcom_args_with_operators to None, run_after=None
[2024-10-18T23:48:57.120+0000] {processor.py:179} INFO - Processing /home/airflow/.local/lib/python3.8/site-packages/airflow/example_dags/example_xcomargs.py took 0.162 seconds
[2024-10-18T23:49:32.395+0000] {processor.py:157} INFO - Started process (PID=1018) to work on /home/airflow/.local/lib/python3.8/site-packages/airflow/example_dags/example_xcomargs.py
[2024-10-18T23:49:32.399+0000] {processor.py:829} INFO - Processing file /home/airflow/.local/lib/python3.8/site-packages/airflow/example_dags/example_xcomargs.py for tasks to queue
[2024-10-18T23:49:32.410+0000] {logging_mixin.py:151} INFO - [2024-10-18T23:49:32.406+0000] {dagbag.py:536} INFO - Filling up the DagBag from /home/airflow/.local/lib/python3.8/site-packages/airflow/example_dags/example_xcomargs.py
[2024-10-18T23:49:32.492+0000] {processor.py:839} INFO - DAG(s) dict_keys(['example_xcom_args', 'example_xcom_args_with_operators']) retrieved from /home/airflow/.local/lib/python3.8/site-packages/airflow/example_dags/example_xcomargs.py
[2024-10-18T23:49:33.513+0000] {logging_mixin.py:151} INFO - [2024-10-18T23:49:33.481+0000] {dag.py:2941} INFO - Sync 2 DAGs
[2024-10-18T23:49:33.808+0000] {logging_mixin.py:151} INFO - [2024-10-18T23:49:33.773+0000] {dag.py:3722} INFO - Setting next_dagrun for example_xcom_args to None, run_after=None
[2024-10-18T23:49:33.885+0000] {logging_mixin.py:151} INFO - [2024-10-18T23:49:33.884+0000] {dag.py:3722} INFO - Setting next_dagrun for example_xcom_args_with_operators to None, run_after=None
[2024-10-18T23:49:34.504+0000] {processor.py:179} INFO - Processing /home/airflow/.local/lib/python3.8/site-packages/airflow/example_dags/example_xcomargs.py took 2.127 seconds
[2024-10-18T23:50:19.988+0000] {processor.py:157} INFO - Started process (PID=1066) to work on /home/airflow/.local/lib/python3.8/site-packages/airflow/example_dags/example_xcomargs.py
[2024-10-18T23:50:20.027+0000] {processor.py:829} INFO - Processing file /home/airflow/.local/lib/python3.8/site-packages/airflow/example_dags/example_xcomargs.py for tasks to queue
[2024-10-18T23:50:20.051+0000] {logging_mixin.py:151} INFO - [2024-10-18T23:50:20.040+0000] {dagbag.py:536} INFO - Filling up the DagBag from /home/airflow/.local/lib/python3.8/site-packages/airflow/example_dags/example_xcomargs.py
[2024-10-18T23:50:20.142+0000] {processor.py:839} INFO - DAG(s) dict_keys(['example_xcom_args', 'example_xcom_args_with_operators']) retrieved from /home/airflow/.local/lib/python3.8/site-packages/airflow/example_dags/example_xcomargs.py
[2024-10-18T23:50:20.246+0000] {logging_mixin.py:151} INFO - [2024-10-18T23:50:20.246+0000] {dag.py:2941} INFO - Sync 2 DAGs
[2024-10-18T23:50:20.284+0000] {logging_mixin.py:151} INFO - [2024-10-18T23:50:20.284+0000] {dag.py:3722} INFO - Setting next_dagrun for example_xcom_args to None, run_after=None
[2024-10-18T23:50:20.291+0000] {logging_mixin.py:151} INFO - [2024-10-18T23:50:20.291+0000] {dag.py:3722} INFO - Setting next_dagrun for example_xcom_args_with_operators to None, run_after=None
[2024-10-18T23:50:20.739+0000] {processor.py:179} INFO - Processing /home/airflow/.local/lib/python3.8/site-packages/airflow/example_dags/example_xcomargs.py took 0.786 seconds
[2024-10-18T23:50:51.577+0000] {processor.py:157} INFO - Started process (PID=1119) to work on /home/airflow/.local/lib/python3.8/site-packages/airflow/example_dags/example_xcomargs.py
[2024-10-18T23:50:51.585+0000] {processor.py:829} INFO - Processing file /home/airflow/.local/lib/python3.8/site-packages/airflow/example_dags/example_xcomargs.py for tasks to queue
[2024-10-18T23:50:51.650+0000] {logging_mixin.py:151} INFO - [2024-10-18T23:50:51.632+0000] {dagbag.py:536} INFO - Filling up the DagBag from /home/airflow/.local/lib/python3.8/site-packages/airflow/example_dags/example_xcomargs.py
[2024-10-18T23:50:51.711+0000] {processor.py:839} INFO - DAG(s) dict_keys(['example_xcom_args_with_operators', 'example_xcom_args']) retrieved from /home/airflow/.local/lib/python3.8/site-packages/airflow/example_dags/example_xcomargs.py
[2024-10-18T23:50:51.802+0000] {logging_mixin.py:151} INFO - [2024-10-18T23:50:51.801+0000] {dag.py:2941} INFO - Sync 2 DAGs
[2024-10-18T23:50:51.836+0000] {logging_mixin.py:151} INFO - [2024-10-18T23:50:51.835+0000] {dag.py:3722} INFO - Setting next_dagrun for example_xcom_args to None, run_after=None
[2024-10-18T23:50:51.849+0000] {logging_mixin.py:151} INFO - [2024-10-18T23:50:51.848+0000] {dag.py:3722} INFO - Setting next_dagrun for example_xcom_args_with_operators to None, run_after=None
[2024-10-18T23:50:51.922+0000] {processor.py:179} INFO - Processing /home/airflow/.local/lib/python3.8/site-packages/airflow/example_dags/example_xcomargs.py took 0.405 seconds
[2024-10-18T23:51:22.497+0000] {processor.py:157} INFO - Started process (PID=1172) to work on /home/airflow/.local/lib/python3.8/site-packages/airflow/example_dags/example_xcomargs.py
[2024-10-18T23:51:22.500+0000] {processor.py:829} INFO - Processing file /home/airflow/.local/lib/python3.8/site-packages/airflow/example_dags/example_xcomargs.py for tasks to queue
[2024-10-18T23:51:22.508+0000] {logging_mixin.py:151} INFO - [2024-10-18T23:51:22.508+0000] {dagbag.py:536} INFO - Filling up the DagBag from /home/airflow/.local/lib/python3.8/site-packages/airflow/example_dags/example_xcomargs.py
[2024-10-18T23:51:22.534+0000] {processor.py:839} INFO - DAG(s) dict_keys(['example_xcom_args_with_operators', 'example_xcom_args']) retrieved from /home/airflow/.local/lib/python3.8/site-packages/airflow/example_dags/example_xcomargs.py
[2024-10-18T23:51:22.590+0000] {logging_mixin.py:151} INFO - [2024-10-18T23:51:22.590+0000] {dag.py:2941} INFO - Sync 2 DAGs
[2024-10-18T23:51:22.620+0000] {logging_mixin.py:151} INFO - [2024-10-18T23:51:22.620+0000] {dag.py:3722} INFO - Setting next_dagrun for example_xcom_args to None, run_after=None
[2024-10-18T23:51:22.634+0000] {logging_mixin.py:151} INFO - [2024-10-18T23:51:22.629+0000] {dag.py:3722} INFO - Setting next_dagrun for example_xcom_args_with_operators to None, run_after=None
[2024-10-18T23:51:22.705+0000] {processor.py:179} INFO - Processing /home/airflow/.local/lib/python3.8/site-packages/airflow/example_dags/example_xcomargs.py took 0.219 seconds
[2024-10-18T23:51:53.268+0000] {processor.py:157} INFO - Started process (PID=1226) to work on /home/airflow/.local/lib/python3.8/site-packages/airflow/example_dags/example_xcomargs.py
[2024-10-18T23:51:53.273+0000] {processor.py:829} INFO - Processing file /home/airflow/.local/lib/python3.8/site-packages/airflow/example_dags/example_xcomargs.py for tasks to queue
[2024-10-18T23:51:53.283+0000] {logging_mixin.py:151} INFO - [2024-10-18T23:51:53.282+0000] {dagbag.py:536} INFO - Filling up the DagBag from /home/airflow/.local/lib/python3.8/site-packages/airflow/example_dags/example_xcomargs.py
[2024-10-18T23:51:53.310+0000] {processor.py:839} INFO - DAG(s) dict_keys(['example_xcom_args_with_operators', 'example_xcom_args']) retrieved from /home/airflow/.local/lib/python3.8/site-packages/airflow/example_dags/example_xcomargs.py
[2024-10-18T23:51:53.392+0000] {logging_mixin.py:151} INFO - [2024-10-18T23:51:53.391+0000] {dag.py:2941} INFO - Sync 2 DAGs
[2024-10-18T23:51:53.443+0000] {logging_mixin.py:151} INFO - [2024-10-18T23:51:53.443+0000] {dag.py:3722} INFO - Setting next_dagrun for example_xcom_args to None, run_after=None
[2024-10-18T23:51:53.453+0000] {logging_mixin.py:151} INFO - [2024-10-18T23:51:53.452+0000] {dag.py:3722} INFO - Setting next_dagrun for example_xcom_args_with_operators to None, run_after=None
[2024-10-18T23:51:53.505+0000] {processor.py:179} INFO - Processing /home/airflow/.local/lib/python3.8/site-packages/airflow/example_dags/example_xcomargs.py took 0.245 seconds
[2024-10-18T23:52:23.606+0000] {processor.py:157} INFO - Started process (PID=1280) to work on /home/airflow/.local/lib/python3.8/site-packages/airflow/example_dags/example_xcomargs.py
[2024-10-18T23:52:23.608+0000] {processor.py:829} INFO - Processing file /home/airflow/.local/lib/python3.8/site-packages/airflow/example_dags/example_xcomargs.py for tasks to queue
[2024-10-18T23:52:23.624+0000] {logging_mixin.py:151} INFO - [2024-10-18T23:52:23.623+0000] {dagbag.py:536} INFO - Filling up the DagBag from /home/airflow/.local/lib/python3.8/site-packages/airflow/example_dags/example_xcomargs.py
[2024-10-18T23:52:23.657+0000] {processor.py:839} INFO - DAG(s) dict_keys(['example_xcom_args_with_operators', 'example_xcom_args']) retrieved from /home/airflow/.local/lib/python3.8/site-packages/airflow/example_dags/example_xcomargs.py
[2024-10-18T23:52:23.751+0000] {logging_mixin.py:151} INFO - [2024-10-18T23:52:23.750+0000] {dag.py:2941} INFO - Sync 2 DAGs
[2024-10-18T23:52:23.862+0000] {logging_mixin.py:151} INFO - [2024-10-18T23:52:23.862+0000] {dag.py:3722} INFO - Setting next_dagrun for example_xcom_args to None, run_after=None
[2024-10-18T23:52:23.875+0000] {logging_mixin.py:151} INFO - [2024-10-18T23:52:23.874+0000] {dag.py:3722} INFO - Setting next_dagrun for example_xcom_args_with_operators to None, run_after=None
[2024-10-18T23:52:24.244+0000] {processor.py:179} INFO - Processing /home/airflow/.local/lib/python3.8/site-packages/airflow/example_dags/example_xcomargs.py took 0.647 seconds
[2024-10-18T23:52:55.075+0000] {processor.py:157} INFO - Started process (PID=1333) to work on /home/airflow/.local/lib/python3.8/site-packages/airflow/example_dags/example_xcomargs.py
[2024-10-18T23:52:55.079+0000] {processor.py:829} INFO - Processing file /home/airflow/.local/lib/python3.8/site-packages/airflow/example_dags/example_xcomargs.py for tasks to queue
[2024-10-18T23:52:55.083+0000] {logging_mixin.py:151} INFO - [2024-10-18T23:52:55.083+0000] {dagbag.py:536} INFO - Filling up the DagBag from /home/airflow/.local/lib/python3.8/site-packages/airflow/example_dags/example_xcomargs.py
[2024-10-18T23:52:55.108+0000] {processor.py:839} INFO - DAG(s) dict_keys(['example_xcom_args', 'example_xcom_args_with_operators']) retrieved from /home/airflow/.local/lib/python3.8/site-packages/airflow/example_dags/example_xcomargs.py
[2024-10-18T23:52:55.175+0000] {logging_mixin.py:151} INFO - [2024-10-18T23:52:55.174+0000] {dag.py:2941} INFO - Sync 2 DAGs
[2024-10-18T23:52:55.198+0000] {logging_mixin.py:151} INFO - [2024-10-18T23:52:55.197+0000] {dag.py:3722} INFO - Setting next_dagrun for example_xcom_args to None, run_after=None
[2024-10-18T23:52:55.203+0000] {logging_mixin.py:151} INFO - [2024-10-18T23:52:55.203+0000] {dag.py:3722} INFO - Setting next_dagrun for example_xcom_args_with_operators to None, run_after=None
[2024-10-18T23:52:55.234+0000] {processor.py:179} INFO - Processing /home/airflow/.local/lib/python3.8/site-packages/airflow/example_dags/example_xcomargs.py took 0.165 seconds
[2024-10-18T23:53:53.483+0000] {processor.py:157} INFO - Started process (PID=1403) to work on /home/airflow/.local/lib/python3.8/site-packages/airflow/example_dags/example_xcomargs.py
[2024-10-18T23:53:53.486+0000] {processor.py:829} INFO - Processing file /home/airflow/.local/lib/python3.8/site-packages/airflow/example_dags/example_xcomargs.py for tasks to queue
[2024-10-18T23:53:53.491+0000] {logging_mixin.py:151} INFO - [2024-10-18T23:53:53.490+0000] {dagbag.py:536} INFO - Filling up the DagBag from /home/airflow/.local/lib/python3.8/site-packages/airflow/example_dags/example_xcomargs.py
[2024-10-18T23:53:53.529+0000] {processor.py:839} INFO - DAG(s) dict_keys(['example_xcom_args_with_operators', 'example_xcom_args']) retrieved from /home/airflow/.local/lib/python3.8/site-packages/airflow/example_dags/example_xcomargs.py
[2024-10-18T23:53:53.632+0000] {logging_mixin.py:151} INFO - [2024-10-18T23:53:53.632+0000] {dag.py:2941} INFO - Sync 2 DAGs
[2024-10-18T23:53:53.680+0000] {logging_mixin.py:151} INFO - [2024-10-18T23:53:53.679+0000] {dag.py:3722} INFO - Setting next_dagrun for example_xcom_args to None, run_after=None
[2024-10-18T23:53:53.686+0000] {logging_mixin.py:151} INFO - [2024-10-18T23:53:53.686+0000] {dag.py:3722} INFO - Setting next_dagrun for example_xcom_args_with_operators to None, run_after=None
[2024-10-18T23:53:53.752+0000] {processor.py:179} INFO - Processing /home/airflow/.local/lib/python3.8/site-packages/airflow/example_dags/example_xcomargs.py took 0.274 seconds
[2024-10-18T23:54:24.372+0000] {processor.py:157} INFO - Started process (PID=1457) to work on /home/airflow/.local/lib/python3.8/site-packages/airflow/example_dags/example_xcomargs.py
[2024-10-18T23:54:24.382+0000] {processor.py:829} INFO - Processing file /home/airflow/.local/lib/python3.8/site-packages/airflow/example_dags/example_xcomargs.py for tasks to queue
[2024-10-18T23:54:24.388+0000] {logging_mixin.py:151} INFO - [2024-10-18T23:54:24.388+0000] {dagbag.py:536} INFO - Filling up the DagBag from /home/airflow/.local/lib/python3.8/site-packages/airflow/example_dags/example_xcomargs.py
[2024-10-18T23:54:24.414+0000] {processor.py:839} INFO - DAG(s) dict_keys(['example_xcom_args', 'example_xcom_args_with_operators']) retrieved from /home/airflow/.local/lib/python3.8/site-packages/airflow/example_dags/example_xcomargs.py
[2024-10-18T23:54:24.692+0000] {logging_mixin.py:151} INFO - [2024-10-18T23:54:24.692+0000] {dag.py:2941} INFO - Sync 2 DAGs
[2024-10-18T23:54:24.715+0000] {logging_mixin.py:151} INFO - [2024-10-18T23:54:24.714+0000] {dag.py:3722} INFO - Setting next_dagrun for example_xcom_args to None, run_after=None
[2024-10-18T23:54:24.733+0000] {logging_mixin.py:151} INFO - [2024-10-18T23:54:24.733+0000] {dag.py:3722} INFO - Setting next_dagrun for example_xcom_args_with_operators to None, run_after=None
[2024-10-18T23:54:24.768+0000] {processor.py:179} INFO - Processing /home/airflow/.local/lib/python3.8/site-packages/airflow/example_dags/example_xcomargs.py took 0.405 seconds
[2024-10-18T23:54:59.225+0000] {processor.py:157} INFO - Started process (PID=1511) to work on /home/airflow/.local/lib/python3.8/site-packages/airflow/example_dags/example_xcomargs.py
[2024-10-18T23:54:59.361+0000] {processor.py:829} INFO - Processing file /home/airflow/.local/lib/python3.8/site-packages/airflow/example_dags/example_xcomargs.py for tasks to queue
[2024-10-18T23:54:59.450+0000] {logging_mixin.py:151} INFO - [2024-10-18T23:54:59.449+0000] {dagbag.py:536} INFO - Filling up the DagBag from /home/airflow/.local/lib/python3.8/site-packages/airflow/example_dags/example_xcomargs.py
[2024-10-18T23:54:59.586+0000] {processor.py:839} INFO - DAG(s) dict_keys(['example_xcom_args_with_operators', 'example_xcom_args']) retrieved from /home/airflow/.local/lib/python3.8/site-packages/airflow/example_dags/example_xcomargs.py
[2024-10-18T23:54:59.844+0000] {logging_mixin.py:151} INFO - [2024-10-18T23:54:59.844+0000] {dag.py:2941} INFO - Sync 2 DAGs
[2024-10-18T23:54:59.885+0000] {logging_mixin.py:151} INFO - [2024-10-18T23:54:59.884+0000] {dag.py:3722} INFO - Setting next_dagrun for example_xcom_args to None, run_after=None
[2024-10-18T23:54:59.894+0000] {logging_mixin.py:151} INFO - [2024-10-18T23:54:59.894+0000] {dag.py:3722} INFO - Setting next_dagrun for example_xcom_args_with_operators to None, run_after=None
[2024-10-18T23:54:59.985+0000] {processor.py:179} INFO - Processing /home/airflow/.local/lib/python3.8/site-packages/airflow/example_dags/example_xcomargs.py took 0.785 seconds
[2024-10-18T23:55:30.257+0000] {processor.py:157} INFO - Started process (PID=1564) to work on /home/airflow/.local/lib/python3.8/site-packages/airflow/example_dags/example_xcomargs.py
[2024-10-18T23:55:30.260+0000] {processor.py:829} INFO - Processing file /home/airflow/.local/lib/python3.8/site-packages/airflow/example_dags/example_xcomargs.py for tasks to queue
[2024-10-18T23:55:30.306+0000] {logging_mixin.py:151} INFO - [2024-10-18T23:55:30.306+0000] {dagbag.py:536} INFO - Filling up the DagBag from /home/airflow/.local/lib/python3.8/site-packages/airflow/example_dags/example_xcomargs.py
[2024-10-18T23:55:30.471+0000] {processor.py:839} INFO - DAG(s) dict_keys(['example_xcom_args_with_operators', 'example_xcom_args']) retrieved from /home/airflow/.local/lib/python3.8/site-packages/airflow/example_dags/example_xcomargs.py
[2024-10-18T23:55:30.650+0000] {logging_mixin.py:151} INFO - [2024-10-18T23:55:30.650+0000] {dag.py:2941} INFO - Sync 2 DAGs
[2024-10-18T23:55:30.695+0000] {logging_mixin.py:151} INFO - [2024-10-18T23:55:30.695+0000] {dag.py:3722} INFO - Setting next_dagrun for example_xcom_args to None, run_after=None
[2024-10-18T23:55:30.704+0000] {logging_mixin.py:151} INFO - [2024-10-18T23:55:30.704+0000] {dag.py:3722} INFO - Setting next_dagrun for example_xcom_args_with_operators to None, run_after=None
[2024-10-18T23:55:30.753+0000] {processor.py:179} INFO - Processing /home/airflow/.local/lib/python3.8/site-packages/airflow/example_dags/example_xcomargs.py took 0.512 seconds
[2024-10-18T23:56:05.334+0000] {processor.py:157} INFO - Started process (PID=1624) to work on /home/airflow/.local/lib/python3.8/site-packages/airflow/example_dags/example_xcomargs.py
[2024-10-18T23:56:05.344+0000] {processor.py:829} INFO - Processing file /home/airflow/.local/lib/python3.8/site-packages/airflow/example_dags/example_xcomargs.py for tasks to queue
[2024-10-18T23:56:05.351+0000] {logging_mixin.py:151} INFO - [2024-10-18T23:56:05.350+0000] {dagbag.py:536} INFO - Filling up the DagBag from /home/airflow/.local/lib/python3.8/site-packages/airflow/example_dags/example_xcomargs.py
[2024-10-18T23:56:05.429+0000] {processor.py:839} INFO - DAG(s) dict_keys(['example_xcom_args_with_operators', 'example_xcom_args']) retrieved from /home/airflow/.local/lib/python3.8/site-packages/airflow/example_dags/example_xcomargs.py
[2024-10-18T23:56:05.665+0000] {logging_mixin.py:151} INFO - [2024-10-18T23:56:05.664+0000] {dag.py:2941} INFO - Sync 2 DAGs
[2024-10-18T23:56:05.749+0000] {logging_mixin.py:151} INFO - [2024-10-18T23:56:05.748+0000] {dag.py:3722} INFO - Setting next_dagrun for example_xcom_args to None, run_after=None
[2024-10-18T23:56:05.881+0000] {logging_mixin.py:151} INFO - [2024-10-18T23:56:05.868+0000] {dag.py:3722} INFO - Setting next_dagrun for example_xcom_args_with_operators to None, run_after=None
[2024-10-18T23:56:06.231+0000] {processor.py:179} INFO - Processing /home/airflow/.local/lib/python3.8/site-packages/airflow/example_dags/example_xcomargs.py took 0.915 seconds
[2024-10-18T23:56:38.705+0000] {processor.py:157} INFO - Started process (PID=1677) to work on /home/airflow/.local/lib/python3.8/site-packages/airflow/example_dags/example_xcomargs.py
[2024-10-18T23:56:38.707+0000] {processor.py:829} INFO - Processing file /home/airflow/.local/lib/python3.8/site-packages/airflow/example_dags/example_xcomargs.py for tasks to queue
[2024-10-18T23:56:38.726+0000] {logging_mixin.py:151} INFO - [2024-10-18T23:56:38.722+0000] {dagbag.py:536} INFO - Filling up the DagBag from /home/airflow/.local/lib/python3.8/site-packages/airflow/example_dags/example_xcomargs.py
[2024-10-18T23:56:38.788+0000] {processor.py:839} INFO - DAG(s) dict_keys(['example_xcom_args', 'example_xcom_args_with_operators']) retrieved from /home/airflow/.local/lib/python3.8/site-packages/airflow/example_dags/example_xcomargs.py
[2024-10-18T23:56:39.014+0000] {logging_mixin.py:151} INFO - [2024-10-18T23:56:39.011+0000] {dag.py:2941} INFO - Sync 2 DAGs
[2024-10-18T23:56:39.044+0000] {logging_mixin.py:151} INFO - [2024-10-18T23:56:39.043+0000] {dag.py:3722} INFO - Setting next_dagrun for example_xcom_args to None, run_after=None
[2024-10-18T23:56:39.052+0000] {logging_mixin.py:151} INFO - [2024-10-18T23:56:39.052+0000] {dag.py:3722} INFO - Setting next_dagrun for example_xcom_args_with_operators to None, run_after=None
[2024-10-18T23:56:39.088+0000] {processor.py:179} INFO - Processing /home/airflow/.local/lib/python3.8/site-packages/airflow/example_dags/example_xcomargs.py took 0.401 seconds
[2024-10-18T23:57:20.770+0000] {processor.py:157} INFO - Started process (PID=1734) to work on /home/airflow/.local/lib/python3.8/site-packages/airflow/example_dags/example_xcomargs.py
[2024-10-18T23:57:20.774+0000] {processor.py:829} INFO - Processing file /home/airflow/.local/lib/python3.8/site-packages/airflow/example_dags/example_xcomargs.py for tasks to queue
[2024-10-18T23:57:20.780+0000] {logging_mixin.py:151} INFO - [2024-10-18T23:57:20.780+0000] {dagbag.py:536} INFO - Filling up the DagBag from /home/airflow/.local/lib/python3.8/site-packages/airflow/example_dags/example_xcomargs.py
[2024-10-18T23:57:20.817+0000] {processor.py:839} INFO - DAG(s) dict_keys(['example_xcom_args_with_operators', 'example_xcom_args']) retrieved from /home/airflow/.local/lib/python3.8/site-packages/airflow/example_dags/example_xcomargs.py
[2024-10-18T23:57:20.989+0000] {logging_mixin.py:151} INFO - [2024-10-18T23:57:20.988+0000] {dag.py:2941} INFO - Sync 2 DAGs
[2024-10-18T23:57:21.055+0000] {logging_mixin.py:151} INFO - [2024-10-18T23:57:21.053+0000] {dag.py:3722} INFO - Setting next_dagrun for example_xcom_args to None, run_after=None
[2024-10-18T23:57:21.076+0000] {logging_mixin.py:151} INFO - [2024-10-18T23:57:21.076+0000] {dag.py:3722} INFO - Setting next_dagrun for example_xcom_args_with_operators to None, run_after=None
[2024-10-18T23:57:21.144+0000] {processor.py:179} INFO - Processing /home/airflow/.local/lib/python3.8/site-packages/airflow/example_dags/example_xcomargs.py took 0.382 seconds
[2024-10-18T23:57:52.472+0000] {processor.py:157} INFO - Started process (PID=1788) to work on /home/airflow/.local/lib/python3.8/site-packages/airflow/example_dags/example_xcomargs.py
[2024-10-18T23:57:52.474+0000] {processor.py:829} INFO - Processing file /home/airflow/.local/lib/python3.8/site-packages/airflow/example_dags/example_xcomargs.py for tasks to queue
[2024-10-18T23:57:52.478+0000] {logging_mixin.py:151} INFO - [2024-10-18T23:57:52.478+0000] {dagbag.py:536} INFO - Filling up the DagBag from /home/airflow/.local/lib/python3.8/site-packages/airflow/example_dags/example_xcomargs.py
[2024-10-18T23:57:52.513+0000] {processor.py:839} INFO - DAG(s) dict_keys(['example_xcom_args', 'example_xcom_args_with_operators']) retrieved from /home/airflow/.local/lib/python3.8/site-packages/airflow/example_dags/example_xcomargs.py
[2024-10-18T23:57:52.733+0000] {logging_mixin.py:151} INFO - [2024-10-18T23:57:52.732+0000] {dag.py:2941} INFO - Sync 2 DAGs
[2024-10-18T23:57:52.809+0000] {logging_mixin.py:151} INFO - [2024-10-18T23:57:52.807+0000] {dag.py:3722} INFO - Setting next_dagrun for example_xcom_args to None, run_after=None
[2024-10-18T23:57:52.839+0000] {logging_mixin.py:151} INFO - [2024-10-18T23:57:52.836+0000] {dag.py:3722} INFO - Setting next_dagrun for example_xcom_args_with_operators to None, run_after=None
[2024-10-18T23:57:52.918+0000] {processor.py:179} INFO - Processing /home/airflow/.local/lib/python3.8/site-packages/airflow/example_dags/example_xcomargs.py took 0.462 seconds
[2024-10-18T23:58:23.187+0000] {processor.py:157} INFO - Started process (PID=1842) to work on /home/airflow/.local/lib/python3.8/site-packages/airflow/example_dags/example_xcomargs.py
[2024-10-18T23:58:23.194+0000] {processor.py:829} INFO - Processing file /home/airflow/.local/lib/python3.8/site-packages/airflow/example_dags/example_xcomargs.py for tasks to queue
[2024-10-18T23:58:23.213+0000] {logging_mixin.py:151} INFO - [2024-10-18T23:58:23.209+0000] {dagbag.py:536} INFO - Filling up the DagBag from /home/airflow/.local/lib/python3.8/site-packages/airflow/example_dags/example_xcomargs.py
[2024-10-18T23:58:23.250+0000] {processor.py:839} INFO - DAG(s) dict_keys(['example_xcom_args_with_operators', 'example_xcom_args']) retrieved from /home/airflow/.local/lib/python3.8/site-packages/airflow/example_dags/example_xcomargs.py
[2024-10-18T23:58:23.393+0000] {logging_mixin.py:151} INFO - [2024-10-18T23:58:23.393+0000] {dag.py:2941} INFO - Sync 2 DAGs
[2024-10-18T23:58:23.421+0000] {logging_mixin.py:151} INFO - [2024-10-18T23:58:23.420+0000] {dag.py:3722} INFO - Setting next_dagrun for example_xcom_args to None, run_after=None
[2024-10-18T23:58:23.432+0000] {logging_mixin.py:151} INFO - [2024-10-18T23:58:23.431+0000] {dag.py:3722} INFO - Setting next_dagrun for example_xcom_args_with_operators to None, run_after=None
[2024-10-18T23:58:23.470+0000] {processor.py:179} INFO - Processing /home/airflow/.local/lib/python3.8/site-packages/airflow/example_dags/example_xcomargs.py took 0.289 seconds
[2024-10-18T23:58:55.919+0000] {processor.py:157} INFO - Started process (PID=1896) to work on /home/airflow/.local/lib/python3.8/site-packages/airflow/example_dags/example_xcomargs.py
[2024-10-18T23:58:55.921+0000] {processor.py:829} INFO - Processing file /home/airflow/.local/lib/python3.8/site-packages/airflow/example_dags/example_xcomargs.py for tasks to queue
[2024-10-18T23:58:55.928+0000] {logging_mixin.py:151} INFO - [2024-10-18T23:58:55.926+0000] {dagbag.py:536} INFO - Filling up the DagBag from /home/airflow/.local/lib/python3.8/site-packages/airflow/example_dags/example_xcomargs.py
[2024-10-18T23:58:55.950+0000] {processor.py:839} INFO - DAG(s) dict_keys(['example_xcom_args', 'example_xcom_args_with_operators']) retrieved from /home/airflow/.local/lib/python3.8/site-packages/airflow/example_dags/example_xcomargs.py
[2024-10-18T23:58:56.011+0000] {logging_mixin.py:151} INFO - [2024-10-18T23:58:56.010+0000] {dag.py:2941} INFO - Sync 2 DAGs
[2024-10-18T23:58:56.092+0000] {logging_mixin.py:151} INFO - [2024-10-18T23:58:56.092+0000] {dag.py:3722} INFO - Setting next_dagrun for example_xcom_args to None, run_after=None
[2024-10-18T23:58:56.100+0000] {logging_mixin.py:151} INFO - [2024-10-18T23:58:56.100+0000] {dag.py:3722} INFO - Setting next_dagrun for example_xcom_args_with_operators to None, run_after=None
[2024-10-18T23:58:56.149+0000] {processor.py:179} INFO - Processing /home/airflow/.local/lib/python3.8/site-packages/airflow/example_dags/example_xcomargs.py took 0.237 seconds
[2024-10-18T23:59:26.692+0000] {processor.py:157} INFO - Started process (PID=1949) to work on /home/airflow/.local/lib/python3.8/site-packages/airflow/example_dags/example_xcomargs.py
[2024-10-18T23:59:26.695+0000] {processor.py:829} INFO - Processing file /home/airflow/.local/lib/python3.8/site-packages/airflow/example_dags/example_xcomargs.py for tasks to queue
[2024-10-18T23:59:26.702+0000] {logging_mixin.py:151} INFO - [2024-10-18T23:59:26.702+0000] {dagbag.py:536} INFO - Filling up the DagBag from /home/airflow/.local/lib/python3.8/site-packages/airflow/example_dags/example_xcomargs.py
[2024-10-18T23:59:26.745+0000] {processor.py:839} INFO - DAG(s) dict_keys(['example_xcom_args', 'example_xcom_args_with_operators']) retrieved from /home/airflow/.local/lib/python3.8/site-packages/airflow/example_dags/example_xcomargs.py
[2024-10-18T23:59:26.802+0000] {logging_mixin.py:151} INFO - [2024-10-18T23:59:26.802+0000] {dag.py:2941} INFO - Sync 2 DAGs
[2024-10-18T23:59:26.831+0000] {logging_mixin.py:151} INFO - [2024-10-18T23:59:26.831+0000] {dag.py:3722} INFO - Setting next_dagrun for example_xcom_args to None, run_after=None
[2024-10-18T23:59:26.839+0000] {logging_mixin.py:151} INFO - [2024-10-18T23:59:26.839+0000] {dag.py:3722} INFO - Setting next_dagrun for example_xcom_args_with_operators to None, run_after=None
[2024-10-18T23:59:26.884+0000] {processor.py:179} INFO - Processing /home/airflow/.local/lib/python3.8/site-packages/airflow/example_dags/example_xcomargs.py took 0.206 seconds
[2024-10-18T23:59:57.652+0000] {processor.py:157} INFO - Started process (PID=2003) to work on /home/airflow/.local/lib/python3.8/site-packages/airflow/example_dags/example_xcomargs.py
[2024-10-18T23:59:57.654+0000] {processor.py:829} INFO - Processing file /home/airflow/.local/lib/python3.8/site-packages/airflow/example_dags/example_xcomargs.py for tasks to queue
[2024-10-18T23:59:57.659+0000] {logging_mixin.py:151} INFO - [2024-10-18T23:59:57.658+0000] {dagbag.py:536} INFO - Filling up the DagBag from /home/airflow/.local/lib/python3.8/site-packages/airflow/example_dags/example_xcomargs.py
[2024-10-18T23:59:57.678+0000] {processor.py:839} INFO - DAG(s) dict_keys(['example_xcom_args_with_operators', 'example_xcom_args']) retrieved from /home/airflow/.local/lib/python3.8/site-packages/airflow/example_dags/example_xcomargs.py
[2024-10-18T23:59:57.744+0000] {logging_mixin.py:151} INFO - [2024-10-18T23:59:57.744+0000] {dag.py:2941} INFO - Sync 2 DAGs
[2024-10-18T23:59:57.771+0000] {logging_mixin.py:151} INFO - [2024-10-18T23:59:57.771+0000] {dag.py:3722} INFO - Setting next_dagrun for example_xcom_args to None, run_after=None
[2024-10-18T23:59:57.780+0000] {logging_mixin.py:151} INFO - [2024-10-18T23:59:57.780+0000] {dag.py:3722} INFO - Setting next_dagrun for example_xcom_args_with_operators to None, run_after=None
[2024-10-18T23:59:57.820+0000] {processor.py:179} INFO - Processing /home/airflow/.local/lib/python3.8/site-packages/airflow/example_dags/example_xcomargs.py took 0.173 seconds
