[2024-10-18T23:31:50.370+0000] {processor.py:157} INFO - Started process (PID=96) to work on /home/airflow/.local/lib/python3.8/site-packages/airflow/example_dags/example_latest_only_with_trigger.py
[2024-10-18T23:31:50.375+0000] {processor.py:829} INFO - Processing file /home/airflow/.local/lib/python3.8/site-packages/airflow/example_dags/example_latest_only_with_trigger.py for tasks to queue
[2024-10-18T23:31:50.380+0000] {logging_mixin.py:151} INFO - [2024-10-18T23:31:50.380+0000] {dagbag.py:536} INFO - Filling up the DagBag from /home/airflow/.local/lib/python3.8/site-packages/airflow/example_dags/example_latest_only_with_trigger.py
[2024-10-18T23:31:50.405+0000] {processor.py:839} INFO - DAG(s) dict_keys(['latest_only_with_trigger']) retrieved from /home/airflow/.local/lib/python3.8/site-packages/airflow/example_dags/example_latest_only_with_trigger.py
[2024-10-18T23:31:50.492+0000] {logging_mixin.py:151} INFO - [2024-10-18T23:31:50.492+0000] {dag.py:2941} INFO - Sync 1 DAGs
[2024-10-18T23:31:50.602+0000] {logging_mixin.py:151} INFO - [2024-10-18T23:31:50.602+0000] {dag.py:3722} INFO - Setting next_dagrun for latest_only_with_trigger to 2024-10-18T19:31:50.601964+00:00, run_after=2024-10-18T23:31:50.601964+00:00
[2024-10-18T23:31:51.350+0000] {processor.py:179} INFO - Processing /home/airflow/.local/lib/python3.8/site-packages/airflow/example_dags/example_latest_only_with_trigger.py took 0.988 seconds
[2024-10-18T23:32:21.931+0000] {processor.py:157} INFO - Started process (PID=150) to work on /home/airflow/.local/lib/python3.8/site-packages/airflow/example_dags/example_latest_only_with_trigger.py
[2024-10-18T23:32:21.934+0000] {processor.py:829} INFO - Processing file /home/airflow/.local/lib/python3.8/site-packages/airflow/example_dags/example_latest_only_with_trigger.py for tasks to queue
[2024-10-18T23:32:21.946+0000] {logging_mixin.py:151} INFO - [2024-10-18T23:32:21.939+0000] {dagbag.py:536} INFO - Filling up the DagBag from /home/airflow/.local/lib/python3.8/site-packages/airflow/example_dags/example_latest_only_with_trigger.py
[2024-10-18T23:32:21.969+0000] {processor.py:839} INFO - DAG(s) dict_keys(['latest_only_with_trigger']) retrieved from /home/airflow/.local/lib/python3.8/site-packages/airflow/example_dags/example_latest_only_with_trigger.py
[2024-10-18T23:32:22.038+0000] {logging_mixin.py:151} INFO - [2024-10-18T23:32:22.037+0000] {dag.py:2941} INFO - Sync 1 DAGs
[2024-10-18T23:32:22.094+0000] {logging_mixin.py:151} INFO - [2024-10-18T23:32:22.092+0000] {dag.py:3722} INFO - Setting next_dagrun for latest_only_with_trigger to 2024-10-18T19:32:22.091927+00:00, run_after=2024-10-18T23:32:22.091927+00:00
[2024-10-18T23:32:22.151+0000] {processor.py:179} INFO - Processing /home/airflow/.local/lib/python3.8/site-packages/airflow/example_dags/example_latest_only_with_trigger.py took 0.229 seconds
[2024-10-18T23:32:52.224+0000] {processor.py:157} INFO - Started process (PID=204) to work on /home/airflow/.local/lib/python3.8/site-packages/airflow/example_dags/example_latest_only_with_trigger.py
[2024-10-18T23:32:52.227+0000] {processor.py:829} INFO - Processing file /home/airflow/.local/lib/python3.8/site-packages/airflow/example_dags/example_latest_only_with_trigger.py for tasks to queue
[2024-10-18T23:32:52.233+0000] {logging_mixin.py:151} INFO - [2024-10-18T23:32:52.232+0000] {dagbag.py:536} INFO - Filling up the DagBag from /home/airflow/.local/lib/python3.8/site-packages/airflow/example_dags/example_latest_only_with_trigger.py
[2024-10-18T23:32:52.243+0000] {processor.py:839} INFO - DAG(s) dict_keys(['latest_only_with_trigger']) retrieved from /home/airflow/.local/lib/python3.8/site-packages/airflow/example_dags/example_latest_only_with_trigger.py
[2024-10-18T23:32:52.286+0000] {logging_mixin.py:151} INFO - [2024-10-18T23:32:52.286+0000] {dag.py:2941} INFO - Sync 1 DAGs
[2024-10-18T23:32:52.325+0000] {logging_mixin.py:151} INFO - [2024-10-18T23:32:52.325+0000] {dag.py:3722} INFO - Setting next_dagrun for latest_only_with_trigger to 2024-10-18T19:32:52.324807+00:00, run_after=2024-10-18T23:32:52.324807+00:00
[2024-10-18T23:32:52.363+0000] {processor.py:179} INFO - Processing /home/airflow/.local/lib/python3.8/site-packages/airflow/example_dags/example_latest_only_with_trigger.py took 0.144 seconds
[2024-10-18T23:33:23.087+0000] {processor.py:157} INFO - Started process (PID=256) to work on /home/airflow/.local/lib/python3.8/site-packages/airflow/example_dags/example_latest_only_with_trigger.py
[2024-10-18T23:33:23.089+0000] {processor.py:829} INFO - Processing file /home/airflow/.local/lib/python3.8/site-packages/airflow/example_dags/example_latest_only_with_trigger.py for tasks to queue
[2024-10-18T23:33:23.095+0000] {logging_mixin.py:151} INFO - [2024-10-18T23:33:23.095+0000] {dagbag.py:536} INFO - Filling up the DagBag from /home/airflow/.local/lib/python3.8/site-packages/airflow/example_dags/example_latest_only_with_trigger.py
[2024-10-18T23:33:23.110+0000] {processor.py:839} INFO - DAG(s) dict_keys(['latest_only_with_trigger']) retrieved from /home/airflow/.local/lib/python3.8/site-packages/airflow/example_dags/example_latest_only_with_trigger.py
[2024-10-18T23:33:23.178+0000] {logging_mixin.py:151} INFO - [2024-10-18T23:33:23.178+0000] {dag.py:2941} INFO - Sync 1 DAGs
[2024-10-18T23:33:23.404+0000] {logging_mixin.py:151} INFO - [2024-10-18T23:33:23.403+0000] {dag.py:3722} INFO - Setting next_dagrun for latest_only_with_trigger to 2024-10-18T19:33:23.401150+00:00, run_after=2024-10-18T23:33:23.401150+00:00
[2024-10-18T23:33:23.477+0000] {processor.py:179} INFO - Processing /home/airflow/.local/lib/python3.8/site-packages/airflow/example_dags/example_latest_only_with_trigger.py took 0.399 seconds
[2024-10-18T23:33:54.179+0000] {processor.py:157} INFO - Started process (PID=310) to work on /home/airflow/.local/lib/python3.8/site-packages/airflow/example_dags/example_latest_only_with_trigger.py
[2024-10-18T23:33:54.182+0000] {processor.py:829} INFO - Processing file /home/airflow/.local/lib/python3.8/site-packages/airflow/example_dags/example_latest_only_with_trigger.py for tasks to queue
[2024-10-18T23:33:54.187+0000] {logging_mixin.py:151} INFO - [2024-10-18T23:33:54.186+0000] {dagbag.py:536} INFO - Filling up the DagBag from /home/airflow/.local/lib/python3.8/site-packages/airflow/example_dags/example_latest_only_with_trigger.py
[2024-10-18T23:33:54.218+0000] {processor.py:839} INFO - DAG(s) dict_keys(['latest_only_with_trigger']) retrieved from /home/airflow/.local/lib/python3.8/site-packages/airflow/example_dags/example_latest_only_with_trigger.py
[2024-10-18T23:33:54.320+0000] {logging_mixin.py:151} INFO - [2024-10-18T23:33:54.320+0000] {dag.py:2941} INFO - Sync 1 DAGs
[2024-10-18T23:33:54.489+0000] {logging_mixin.py:151} INFO - [2024-10-18T23:33:54.486+0000] {dag.py:3722} INFO - Setting next_dagrun for latest_only_with_trigger to 2024-10-18T19:33:54.485754+00:00, run_after=2024-10-18T23:33:54.485754+00:00
[2024-10-18T23:33:54.554+0000] {processor.py:179} INFO - Processing /home/airflow/.local/lib/python3.8/site-packages/airflow/example_dags/example_latest_only_with_trigger.py took 0.385 seconds
[2024-10-18T23:34:25.117+0000] {processor.py:157} INFO - Started process (PID=364) to work on /home/airflow/.local/lib/python3.8/site-packages/airflow/example_dags/example_latest_only_with_trigger.py
[2024-10-18T23:34:25.119+0000] {processor.py:829} INFO - Processing file /home/airflow/.local/lib/python3.8/site-packages/airflow/example_dags/example_latest_only_with_trigger.py for tasks to queue
[2024-10-18T23:34:25.124+0000] {logging_mixin.py:151} INFO - [2024-10-18T23:34:25.124+0000] {dagbag.py:536} INFO - Filling up the DagBag from /home/airflow/.local/lib/python3.8/site-packages/airflow/example_dags/example_latest_only_with_trigger.py
[2024-10-18T23:34:25.138+0000] {processor.py:839} INFO - DAG(s) dict_keys(['latest_only_with_trigger']) retrieved from /home/airflow/.local/lib/python3.8/site-packages/airflow/example_dags/example_latest_only_with_trigger.py
[2024-10-18T23:34:25.184+0000] {logging_mixin.py:151} INFO - [2024-10-18T23:34:25.183+0000] {dag.py:2941} INFO - Sync 1 DAGs
[2024-10-18T23:34:25.229+0000] {logging_mixin.py:151} INFO - [2024-10-18T23:34:25.229+0000] {dag.py:3722} INFO - Setting next_dagrun for latest_only_with_trigger to 2024-10-18T19:34:25.227302+00:00, run_after=2024-10-18T23:34:25.227302+00:00
[2024-10-18T23:34:25.272+0000] {processor.py:179} INFO - Processing /home/airflow/.local/lib/python3.8/site-packages/airflow/example_dags/example_latest_only_with_trigger.py took 0.163 seconds
[2024-10-18T23:34:55.847+0000] {processor.py:157} INFO - Started process (PID=418) to work on /home/airflow/.local/lib/python3.8/site-packages/airflow/example_dags/example_latest_only_with_trigger.py
[2024-10-18T23:34:55.850+0000] {processor.py:829} INFO - Processing file /home/airflow/.local/lib/python3.8/site-packages/airflow/example_dags/example_latest_only_with_trigger.py for tasks to queue
[2024-10-18T23:34:55.855+0000] {logging_mixin.py:151} INFO - [2024-10-18T23:34:55.854+0000] {dagbag.py:536} INFO - Filling up the DagBag from /home/airflow/.local/lib/python3.8/site-packages/airflow/example_dags/example_latest_only_with_trigger.py
[2024-10-18T23:34:55.871+0000] {processor.py:839} INFO - DAG(s) dict_keys(['latest_only_with_trigger']) retrieved from /home/airflow/.local/lib/python3.8/site-packages/airflow/example_dags/example_latest_only_with_trigger.py
[2024-10-18T23:34:55.918+0000] {logging_mixin.py:151} INFO - [2024-10-18T23:34:55.918+0000] {dag.py:2941} INFO - Sync 1 DAGs
[2024-10-18T23:34:55.972+0000] {logging_mixin.py:151} INFO - [2024-10-18T23:34:55.972+0000] {dag.py:3722} INFO - Setting next_dagrun for latest_only_with_trigger to 2024-10-18T19:34:55.971739+00:00, run_after=2024-10-18T23:34:55.971739+00:00
[2024-10-18T23:34:56.018+0000] {processor.py:179} INFO - Processing /home/airflow/.local/lib/python3.8/site-packages/airflow/example_dags/example_latest_only_with_trigger.py took 0.179 seconds
[2024-10-18T23:35:26.471+0000] {processor.py:157} INFO - Started process (PID=471) to work on /home/airflow/.local/lib/python3.8/site-packages/airflow/example_dags/example_latest_only_with_trigger.py
[2024-10-18T23:35:26.473+0000] {processor.py:829} INFO - Processing file /home/airflow/.local/lib/python3.8/site-packages/airflow/example_dags/example_latest_only_with_trigger.py for tasks to queue
[2024-10-18T23:35:26.476+0000] {logging_mixin.py:151} INFO - [2024-10-18T23:35:26.476+0000] {dagbag.py:536} INFO - Filling up the DagBag from /home/airflow/.local/lib/python3.8/site-packages/airflow/example_dags/example_latest_only_with_trigger.py
[2024-10-18T23:35:26.486+0000] {processor.py:839} INFO - DAG(s) dict_keys(['latest_only_with_trigger']) retrieved from /home/airflow/.local/lib/python3.8/site-packages/airflow/example_dags/example_latest_only_with_trigger.py
[2024-10-18T23:35:26.528+0000] {logging_mixin.py:151} INFO - [2024-10-18T23:35:26.528+0000] {dag.py:2941} INFO - Sync 1 DAGs
[2024-10-18T23:35:26.562+0000] {logging_mixin.py:151} INFO - [2024-10-18T23:35:26.561+0000] {dag.py:3722} INFO - Setting next_dagrun for latest_only_with_trigger to 2024-10-18T19:35:26.561540+00:00, run_after=2024-10-18T23:35:26.561540+00:00
[2024-10-18T23:35:26.590+0000] {processor.py:179} INFO - Processing /home/airflow/.local/lib/python3.8/site-packages/airflow/example_dags/example_latest_only_with_trigger.py took 0.126 seconds
[2024-10-18T23:35:57.298+0000] {processor.py:157} INFO - Started process (PID=525) to work on /home/airflow/.local/lib/python3.8/site-packages/airflow/example_dags/example_latest_only_with_trigger.py
[2024-10-18T23:35:57.300+0000] {processor.py:829} INFO - Processing file /home/airflow/.local/lib/python3.8/site-packages/airflow/example_dags/example_latest_only_with_trigger.py for tasks to queue
[2024-10-18T23:35:57.307+0000] {logging_mixin.py:151} INFO - [2024-10-18T23:35:57.306+0000] {dagbag.py:536} INFO - Filling up the DagBag from /home/airflow/.local/lib/python3.8/site-packages/airflow/example_dags/example_latest_only_with_trigger.py
[2024-10-18T23:35:57.319+0000] {processor.py:839} INFO - DAG(s) dict_keys(['latest_only_with_trigger']) retrieved from /home/airflow/.local/lib/python3.8/site-packages/airflow/example_dags/example_latest_only_with_trigger.py
[2024-10-18T23:35:57.368+0000] {logging_mixin.py:151} INFO - [2024-10-18T23:35:57.368+0000] {dag.py:2941} INFO - Sync 1 DAGs
[2024-10-18T23:35:57.422+0000] {logging_mixin.py:151} INFO - [2024-10-18T23:35:57.422+0000] {dag.py:3722} INFO - Setting next_dagrun for latest_only_with_trigger to 2024-10-18T19:35:57.421769+00:00, run_after=2024-10-18T23:35:57.421769+00:00
[2024-10-18T23:35:57.461+0000] {processor.py:179} INFO - Processing /home/airflow/.local/lib/python3.8/site-packages/airflow/example_dags/example_latest_only_with_trigger.py took 0.171 seconds
[2024-10-18T23:38:55.666+0000] {processor.py:157} INFO - Started process (PID=96) to work on /home/airflow/.local/lib/python3.8/site-packages/airflow/example_dags/example_latest_only_with_trigger.py
[2024-10-18T23:38:55.675+0000] {processor.py:829} INFO - Processing file /home/airflow/.local/lib/python3.8/site-packages/airflow/example_dags/example_latest_only_with_trigger.py for tasks to queue
[2024-10-18T23:38:55.692+0000] {logging_mixin.py:151} INFO - [2024-10-18T23:38:55.691+0000] {dagbag.py:536} INFO - Filling up the DagBag from /home/airflow/.local/lib/python3.8/site-packages/airflow/example_dags/example_latest_only_with_trigger.py
[2024-10-18T23:38:55.712+0000] {processor.py:839} INFO - DAG(s) dict_keys(['latest_only_with_trigger']) retrieved from /home/airflow/.local/lib/python3.8/site-packages/airflow/example_dags/example_latest_only_with_trigger.py
[2024-10-18T23:38:55.812+0000] {logging_mixin.py:151} INFO - [2024-10-18T23:38:55.811+0000] {dag.py:2941} INFO - Sync 1 DAGs
[2024-10-18T23:38:55.993+0000] {logging_mixin.py:151} INFO - [2024-10-18T23:38:55.993+0000] {dag.py:3722} INFO - Setting next_dagrun for latest_only_with_trigger to 2024-10-18T19:38:55.961323+00:00, run_after=2024-10-18T23:38:55.961323+00:00
[2024-10-18T23:38:56.187+0000] {processor.py:179} INFO - Processing /home/airflow/.local/lib/python3.8/site-packages/airflow/example_dags/example_latest_only_with_trigger.py took 0.535 seconds
[2024-10-18T23:39:26.669+0000] {processor.py:157} INFO - Started process (PID=150) to work on /home/airflow/.local/lib/python3.8/site-packages/airflow/example_dags/example_latest_only_with_trigger.py
[2024-10-18T23:39:26.673+0000] {processor.py:829} INFO - Processing file /home/airflow/.local/lib/python3.8/site-packages/airflow/example_dags/example_latest_only_with_trigger.py for tasks to queue
[2024-10-18T23:39:26.678+0000] {logging_mixin.py:151} INFO - [2024-10-18T23:39:26.678+0000] {dagbag.py:536} INFO - Filling up the DagBag from /home/airflow/.local/lib/python3.8/site-packages/airflow/example_dags/example_latest_only_with_trigger.py
[2024-10-18T23:39:26.701+0000] {processor.py:839} INFO - DAG(s) dict_keys(['latest_only_with_trigger']) retrieved from /home/airflow/.local/lib/python3.8/site-packages/airflow/example_dags/example_latest_only_with_trigger.py
[2024-10-18T23:39:26.833+0000] {logging_mixin.py:151} INFO - [2024-10-18T23:39:26.832+0000] {dag.py:2941} INFO - Sync 1 DAGs
[2024-10-18T23:39:26.913+0000] {logging_mixin.py:151} INFO - [2024-10-18T23:39:26.912+0000] {dag.py:3722} INFO - Setting next_dagrun for latest_only_with_trigger to 2024-10-18T19:39:26.912449+00:00, run_after=2024-10-18T23:39:26.912449+00:00
[2024-10-18T23:39:26.964+0000] {processor.py:179} INFO - Processing /home/airflow/.local/lib/python3.8/site-packages/airflow/example_dags/example_latest_only_with_trigger.py took 0.301 seconds
[2024-10-18T23:39:57.812+0000] {processor.py:157} INFO - Started process (PID=204) to work on /home/airflow/.local/lib/python3.8/site-packages/airflow/example_dags/example_latest_only_with_trigger.py
[2024-10-18T23:39:57.814+0000] {processor.py:829} INFO - Processing file /home/airflow/.local/lib/python3.8/site-packages/airflow/example_dags/example_latest_only_with_trigger.py for tasks to queue
[2024-10-18T23:39:57.820+0000] {logging_mixin.py:151} INFO - [2024-10-18T23:39:57.819+0000] {dagbag.py:536} INFO - Filling up the DagBag from /home/airflow/.local/lib/python3.8/site-packages/airflow/example_dags/example_latest_only_with_trigger.py
[2024-10-18T23:39:57.839+0000] {processor.py:839} INFO - DAG(s) dict_keys(['latest_only_with_trigger']) retrieved from /home/airflow/.local/lib/python3.8/site-packages/airflow/example_dags/example_latest_only_with_trigger.py
[2024-10-18T23:39:57.883+0000] {logging_mixin.py:151} INFO - [2024-10-18T23:39:57.883+0000] {dag.py:2941} INFO - Sync 1 DAGs
[2024-10-18T23:39:57.929+0000] {logging_mixin.py:151} INFO - [2024-10-18T23:39:57.929+0000] {dag.py:3722} INFO - Setting next_dagrun for latest_only_with_trigger to 2024-10-18T19:39:57.928822+00:00, run_after=2024-10-18T23:39:57.928822+00:00
[2024-10-18T23:39:57.967+0000] {processor.py:179} INFO - Processing /home/airflow/.local/lib/python3.8/site-packages/airflow/example_dags/example_latest_only_with_trigger.py took 0.162 seconds
[2024-10-18T23:40:28.272+0000] {processor.py:157} INFO - Started process (PID=258) to work on /home/airflow/.local/lib/python3.8/site-packages/airflow/example_dags/example_latest_only_with_trigger.py
[2024-10-18T23:40:28.274+0000] {processor.py:829} INFO - Processing file /home/airflow/.local/lib/python3.8/site-packages/airflow/example_dags/example_latest_only_with_trigger.py for tasks to queue
[2024-10-18T23:40:28.279+0000] {logging_mixin.py:151} INFO - [2024-10-18T23:40:28.278+0000] {dagbag.py:536} INFO - Filling up the DagBag from /home/airflow/.local/lib/python3.8/site-packages/airflow/example_dags/example_latest_only_with_trigger.py
[2024-10-18T23:40:28.301+0000] {processor.py:839} INFO - DAG(s) dict_keys(['latest_only_with_trigger']) retrieved from /home/airflow/.local/lib/python3.8/site-packages/airflow/example_dags/example_latest_only_with_trigger.py
[2024-10-18T23:40:28.673+0000] {logging_mixin.py:151} INFO - [2024-10-18T23:40:28.673+0000] {dag.py:2941} INFO - Sync 1 DAGs
[2024-10-18T23:40:28.744+0000] {logging_mixin.py:151} INFO - [2024-10-18T23:40:28.744+0000] {dag.py:3722} INFO - Setting next_dagrun for latest_only_with_trigger to 2024-10-18T19:40:28.743734+00:00, run_after=2024-10-18T23:40:28.743734+00:00
[2024-10-18T23:40:28.892+0000] {processor.py:179} INFO - Processing /home/airflow/.local/lib/python3.8/site-packages/airflow/example_dags/example_latest_only_with_trigger.py took 0.626 seconds
[2024-10-18T23:41:17.232+0000] {processor.py:157} INFO - Started process (PID=300) to work on /home/airflow/.local/lib/python3.8/site-packages/airflow/example_dags/example_latest_only_with_trigger.py
[2024-10-18T23:41:17.233+0000] {processor.py:829} INFO - Processing file /home/airflow/.local/lib/python3.8/site-packages/airflow/example_dags/example_latest_only_with_trigger.py for tasks to queue
[2024-10-18T23:41:17.239+0000] {logging_mixin.py:151} INFO - [2024-10-18T23:41:17.237+0000] {dagbag.py:536} INFO - Filling up the DagBag from /home/airflow/.local/lib/python3.8/site-packages/airflow/example_dags/example_latest_only_with_trigger.py
[2024-10-18T23:41:17.265+0000] {processor.py:839} INFO - DAG(s) dict_keys(['latest_only_with_trigger']) retrieved from /home/airflow/.local/lib/python3.8/site-packages/airflow/example_dags/example_latest_only_with_trigger.py
[2024-10-18T23:41:17.342+0000] {logging_mixin.py:151} INFO - [2024-10-18T23:41:17.341+0000] {dag.py:2941} INFO - Sync 1 DAGs
[2024-10-18T23:41:17.432+0000] {logging_mixin.py:151} INFO - [2024-10-18T23:41:17.427+0000] {dag.py:3722} INFO - Setting next_dagrun for latest_only_with_trigger to 2024-10-18T19:41:17.418592+00:00, run_after=2024-10-18T23:41:17.418592+00:00
[2024-10-18T23:41:17.527+0000] {processor.py:179} INFO - Processing /home/airflow/.local/lib/python3.8/site-packages/airflow/example_dags/example_latest_only_with_trigger.py took 0.311 seconds
[2024-10-18T23:42:17.696+0000] {processor.py:157} INFO - Started process (PID=361) to work on /home/airflow/.local/lib/python3.8/site-packages/airflow/example_dags/example_latest_only_with_trigger.py
[2024-10-18T23:42:17.717+0000] {processor.py:829} INFO - Processing file /home/airflow/.local/lib/python3.8/site-packages/airflow/example_dags/example_latest_only_with_trigger.py for tasks to queue
[2024-10-18T23:42:17.768+0000] {logging_mixin.py:151} INFO - [2024-10-18T23:42:17.767+0000] {dagbag.py:536} INFO - Filling up the DagBag from /home/airflow/.local/lib/python3.8/site-packages/airflow/example_dags/example_latest_only_with_trigger.py
[2024-10-18T23:42:17.904+0000] {processor.py:839} INFO - DAG(s) dict_keys(['latest_only_with_trigger']) retrieved from /home/airflow/.local/lib/python3.8/site-packages/airflow/example_dags/example_latest_only_with_trigger.py
[2024-10-18T23:42:20.107+0000] {logging_mixin.py:151} INFO - [2024-10-18T23:42:19.346+0000] {dag.py:2941} INFO - Sync 1 DAGs
[2024-10-18T23:42:20.882+0000] {logging_mixin.py:151} INFO - [2024-10-18T23:42:20.881+0000] {dag.py:3722} INFO - Setting next_dagrun for latest_only_with_trigger to 2024-10-18T19:42:20.878010+00:00, run_after=2024-10-18T23:42:20.878010+00:00
[2024-10-18T23:42:22.639+0000] {processor.py:179} INFO - Processing /home/airflow/.local/lib/python3.8/site-packages/airflow/example_dags/example_latest_only_with_trigger.py took 5.035 seconds
[2024-10-18T23:43:27.058+0000] {processor.py:157} INFO - Started process (PID=423) to work on /home/airflow/.local/lib/python3.8/site-packages/airflow/example_dags/example_latest_only_with_trigger.py
[2024-10-18T23:43:27.062+0000] {processor.py:829} INFO - Processing file /home/airflow/.local/lib/python3.8/site-packages/airflow/example_dags/example_latest_only_with_trigger.py for tasks to queue
[2024-10-18T23:43:27.071+0000] {logging_mixin.py:151} INFO - [2024-10-18T23:43:27.071+0000] {dagbag.py:536} INFO - Filling up the DagBag from /home/airflow/.local/lib/python3.8/site-packages/airflow/example_dags/example_latest_only_with_trigger.py
[2024-10-18T23:43:27.108+0000] {processor.py:839} INFO - DAG(s) dict_keys(['latest_only_with_trigger']) retrieved from /home/airflow/.local/lib/python3.8/site-packages/airflow/example_dags/example_latest_only_with_trigger.py
[2024-10-18T23:43:27.210+0000] {logging_mixin.py:151} INFO - [2024-10-18T23:43:27.209+0000] {dag.py:2941} INFO - Sync 1 DAGs
[2024-10-18T23:43:27.315+0000] {logging_mixin.py:151} INFO - [2024-10-18T23:43:27.314+0000] {dag.py:3722} INFO - Setting next_dagrun for latest_only_with_trigger to 2024-10-18T19:43:27.312691+00:00, run_after=2024-10-18T23:43:27.312691+00:00
[2024-10-18T23:43:27.468+0000] {processor.py:179} INFO - Processing /home/airflow/.local/lib/python3.8/site-packages/airflow/example_dags/example_latest_only_with_trigger.py took 0.420 seconds
[2024-10-18T23:43:58.589+0000] {processor.py:157} INFO - Started process (PID=477) to work on /home/airflow/.local/lib/python3.8/site-packages/airflow/example_dags/example_latest_only_with_trigger.py
[2024-10-18T23:43:58.592+0000] {processor.py:829} INFO - Processing file /home/airflow/.local/lib/python3.8/site-packages/airflow/example_dags/example_latest_only_with_trigger.py for tasks to queue
[2024-10-18T23:43:58.616+0000] {logging_mixin.py:151} INFO - [2024-10-18T23:43:58.597+0000] {dagbag.py:536} INFO - Filling up the DagBag from /home/airflow/.local/lib/python3.8/site-packages/airflow/example_dags/example_latest_only_with_trigger.py
[2024-10-18T23:43:58.750+0000] {processor.py:839} INFO - DAG(s) dict_keys(['latest_only_with_trigger']) retrieved from /home/airflow/.local/lib/python3.8/site-packages/airflow/example_dags/example_latest_only_with_trigger.py
[2024-10-18T23:43:58.844+0000] {logging_mixin.py:151} INFO - [2024-10-18T23:43:58.843+0000] {dag.py:2941} INFO - Sync 1 DAGs
[2024-10-18T23:43:58.903+0000] {logging_mixin.py:151} INFO - [2024-10-18T23:43:58.902+0000] {dag.py:3722} INFO - Setting next_dagrun for latest_only_with_trigger to 2024-10-18T19:43:58.901986+00:00, run_after=2024-10-18T23:43:58.901986+00:00
[2024-10-18T23:43:58.969+0000] {processor.py:179} INFO - Processing /home/airflow/.local/lib/python3.8/site-packages/airflow/example_dags/example_latest_only_with_trigger.py took 0.389 seconds
[2024-10-18T23:44:33.947+0000] {processor.py:157} INFO - Started process (PID=528) to work on /home/airflow/.local/lib/python3.8/site-packages/airflow/example_dags/example_latest_only_with_trigger.py
[2024-10-18T23:44:33.948+0000] {processor.py:829} INFO - Processing file /home/airflow/.local/lib/python3.8/site-packages/airflow/example_dags/example_latest_only_with_trigger.py for tasks to queue
[2024-10-18T23:44:33.953+0000] {logging_mixin.py:151} INFO - [2024-10-18T23:44:33.952+0000] {dagbag.py:536} INFO - Filling up the DagBag from /home/airflow/.local/lib/python3.8/site-packages/airflow/example_dags/example_latest_only_with_trigger.py
[2024-10-18T23:44:33.965+0000] {processor.py:839} INFO - DAG(s) dict_keys(['latest_only_with_trigger']) retrieved from /home/airflow/.local/lib/python3.8/site-packages/airflow/example_dags/example_latest_only_with_trigger.py
[2024-10-18T23:44:34.046+0000] {logging_mixin.py:151} INFO - [2024-10-18T23:44:34.046+0000] {dag.py:2941} INFO - Sync 1 DAGs
[2024-10-18T23:44:34.106+0000] {logging_mixin.py:151} INFO - [2024-10-18T23:44:34.106+0000] {dag.py:3722} INFO - Setting next_dagrun for latest_only_with_trigger to 2024-10-18T19:44:34.104927+00:00, run_after=2024-10-18T23:44:34.104927+00:00
[2024-10-18T23:44:34.163+0000] {processor.py:179} INFO - Processing /home/airflow/.local/lib/python3.8/site-packages/airflow/example_dags/example_latest_only_with_trigger.py took 0.223 seconds
[2024-10-18T23:45:06.006+0000] {processor.py:157} INFO - Started process (PID=579) to work on /home/airflow/.local/lib/python3.8/site-packages/airflow/example_dags/example_latest_only_with_trigger.py
[2024-10-18T23:45:06.022+0000] {processor.py:829} INFO - Processing file /home/airflow/.local/lib/python3.8/site-packages/airflow/example_dags/example_latest_only_with_trigger.py for tasks to queue
[2024-10-18T23:45:06.044+0000] {logging_mixin.py:151} INFO - [2024-10-18T23:45:06.043+0000] {dagbag.py:536} INFO - Filling up the DagBag from /home/airflow/.local/lib/python3.8/site-packages/airflow/example_dags/example_latest_only_with_trigger.py
[2024-10-18T23:45:06.082+0000] {processor.py:839} INFO - DAG(s) dict_keys(['latest_only_with_trigger']) retrieved from /home/airflow/.local/lib/python3.8/site-packages/airflow/example_dags/example_latest_only_with_trigger.py
[2024-10-18T23:45:06.339+0000] {logging_mixin.py:151} INFO - [2024-10-18T23:45:06.339+0000] {dag.py:2941} INFO - Sync 1 DAGs
[2024-10-18T23:45:06.417+0000] {logging_mixin.py:151} INFO - [2024-10-18T23:45:06.416+0000] {dag.py:3722} INFO - Setting next_dagrun for latest_only_with_trigger to 2024-10-18T19:45:06.416543+00:00, run_after=2024-10-18T23:45:06.416543+00:00
[2024-10-18T23:45:06.525+0000] {processor.py:179} INFO - Processing /home/airflow/.local/lib/python3.8/site-packages/airflow/example_dags/example_latest_only_with_trigger.py took 0.540 seconds
[2024-10-18T23:45:36.927+0000] {processor.py:157} INFO - Started process (PID=632) to work on /home/airflow/.local/lib/python3.8/site-packages/airflow/example_dags/example_latest_only_with_trigger.py
[2024-10-18T23:45:36.930+0000] {processor.py:829} INFO - Processing file /home/airflow/.local/lib/python3.8/site-packages/airflow/example_dags/example_latest_only_with_trigger.py for tasks to queue
[2024-10-18T23:45:36.936+0000] {logging_mixin.py:151} INFO - [2024-10-18T23:45:36.936+0000] {dagbag.py:536} INFO - Filling up the DagBag from /home/airflow/.local/lib/python3.8/site-packages/airflow/example_dags/example_latest_only_with_trigger.py
[2024-10-18T23:45:36.949+0000] {processor.py:839} INFO - DAG(s) dict_keys(['latest_only_with_trigger']) retrieved from /home/airflow/.local/lib/python3.8/site-packages/airflow/example_dags/example_latest_only_with_trigger.py
[2024-10-18T23:45:37.000+0000] {logging_mixin.py:151} INFO - [2024-10-18T23:45:36.999+0000] {dag.py:2941} INFO - Sync 1 DAGs
[2024-10-18T23:45:37.046+0000] {logging_mixin.py:151} INFO - [2024-10-18T23:45:37.045+0000] {dag.py:3722} INFO - Setting next_dagrun for latest_only_with_trigger to 2024-10-18T19:45:37.045098+00:00, run_after=2024-10-18T23:45:37.045098+00:00
[2024-10-18T23:45:37.101+0000] {processor.py:179} INFO - Processing /home/airflow/.local/lib/python3.8/site-packages/airflow/example_dags/example_latest_only_with_trigger.py took 0.181 seconds
[2024-10-18T23:46:07.477+0000] {processor.py:157} INFO - Started process (PID=685) to work on /home/airflow/.local/lib/python3.8/site-packages/airflow/example_dags/example_latest_only_with_trigger.py
[2024-10-18T23:46:07.481+0000] {processor.py:829} INFO - Processing file /home/airflow/.local/lib/python3.8/site-packages/airflow/example_dags/example_latest_only_with_trigger.py for tasks to queue
[2024-10-18T23:46:07.496+0000] {logging_mixin.py:151} INFO - [2024-10-18T23:46:07.490+0000] {dagbag.py:536} INFO - Filling up the DagBag from /home/airflow/.local/lib/python3.8/site-packages/airflow/example_dags/example_latest_only_with_trigger.py
[2024-10-18T23:46:07.513+0000] {processor.py:839} INFO - DAG(s) dict_keys(['latest_only_with_trigger']) retrieved from /home/airflow/.local/lib/python3.8/site-packages/airflow/example_dags/example_latest_only_with_trigger.py
[2024-10-18T23:46:07.587+0000] {logging_mixin.py:151} INFO - [2024-10-18T23:46:07.586+0000] {dag.py:2941} INFO - Sync 1 DAGs
[2024-10-18T23:46:07.660+0000] {logging_mixin.py:151} INFO - [2024-10-18T23:46:07.659+0000] {dag.py:3722} INFO - Setting next_dagrun for latest_only_with_trigger to 2024-10-18T19:46:07.659368+00:00, run_after=2024-10-18T23:46:07.659368+00:00
[2024-10-18T23:46:07.772+0000] {processor.py:179} INFO - Processing /home/airflow/.local/lib/python3.8/site-packages/airflow/example_dags/example_latest_only_with_trigger.py took 0.305 seconds
[2024-10-18T23:46:38.713+0000] {processor.py:157} INFO - Started process (PID=739) to work on /home/airflow/.local/lib/python3.8/site-packages/airflow/example_dags/example_latest_only_with_trigger.py
[2024-10-18T23:46:38.723+0000] {processor.py:829} INFO - Processing file /home/airflow/.local/lib/python3.8/site-packages/airflow/example_dags/example_latest_only_with_trigger.py for tasks to queue
[2024-10-18T23:46:38.756+0000] {logging_mixin.py:151} INFO - [2024-10-18T23:46:38.756+0000] {dagbag.py:536} INFO - Filling up the DagBag from /home/airflow/.local/lib/python3.8/site-packages/airflow/example_dags/example_latest_only_with_trigger.py
[2024-10-18T23:46:38.802+0000] {processor.py:839} INFO - DAG(s) dict_keys(['latest_only_with_trigger']) retrieved from /home/airflow/.local/lib/python3.8/site-packages/airflow/example_dags/example_latest_only_with_trigger.py
[2024-10-18T23:46:38.912+0000] {logging_mixin.py:151} INFO - [2024-10-18T23:46:38.911+0000] {dag.py:2941} INFO - Sync 1 DAGs
[2024-10-18T23:46:38.956+0000] {logging_mixin.py:151} INFO - [2024-10-18T23:46:38.956+0000] {dag.py:3722} INFO - Setting next_dagrun for latest_only_with_trigger to 2024-10-18T19:46:38.955991+00:00, run_after=2024-10-18T23:46:38.955991+00:00
[2024-10-18T23:46:38.999+0000] {processor.py:179} INFO - Processing /home/airflow/.local/lib/python3.8/site-packages/airflow/example_dags/example_latest_only_with_trigger.py took 0.331 seconds
[2024-10-18T23:47:09.784+0000] {processor.py:157} INFO - Started process (PID=792) to work on /home/airflow/.local/lib/python3.8/site-packages/airflow/example_dags/example_latest_only_with_trigger.py
[2024-10-18T23:47:09.797+0000] {processor.py:829} INFO - Processing file /home/airflow/.local/lib/python3.8/site-packages/airflow/example_dags/example_latest_only_with_trigger.py for tasks to queue
[2024-10-18T23:47:09.931+0000] {logging_mixin.py:151} INFO - [2024-10-18T23:47:09.931+0000] {dagbag.py:536} INFO - Filling up the DagBag from /home/airflow/.local/lib/python3.8/site-packages/airflow/example_dags/example_latest_only_with_trigger.py
[2024-10-18T23:47:10.004+0000] {processor.py:839} INFO - DAG(s) dict_keys(['latest_only_with_trigger']) retrieved from /home/airflow/.local/lib/python3.8/site-packages/airflow/example_dags/example_latest_only_with_trigger.py
[2024-10-18T23:47:10.229+0000] {logging_mixin.py:151} INFO - [2024-10-18T23:47:10.229+0000] {dag.py:2941} INFO - Sync 1 DAGs
[2024-10-18T23:47:10.414+0000] {logging_mixin.py:151} INFO - [2024-10-18T23:47:10.397+0000] {dag.py:3722} INFO - Setting next_dagrun for latest_only_with_trigger to 2024-10-18T19:47:10.386323+00:00, run_after=2024-10-18T23:47:10.386323+00:00
[2024-10-18T23:47:10.658+0000] {processor.py:179} INFO - Processing /home/airflow/.local/lib/python3.8/site-packages/airflow/example_dags/example_latest_only_with_trigger.py took 1.030 seconds
[2024-10-18T23:47:41.177+0000] {processor.py:157} INFO - Started process (PID=846) to work on /home/airflow/.local/lib/python3.8/site-packages/airflow/example_dags/example_latest_only_with_trigger.py
[2024-10-18T23:47:41.179+0000] {processor.py:829} INFO - Processing file /home/airflow/.local/lib/python3.8/site-packages/airflow/example_dags/example_latest_only_with_trigger.py for tasks to queue
[2024-10-18T23:47:41.187+0000] {logging_mixin.py:151} INFO - [2024-10-18T23:47:41.187+0000] {dagbag.py:536} INFO - Filling up the DagBag from /home/airflow/.local/lib/python3.8/site-packages/airflow/example_dags/example_latest_only_with_trigger.py
[2024-10-18T23:47:41.205+0000] {processor.py:839} INFO - DAG(s) dict_keys(['latest_only_with_trigger']) retrieved from /home/airflow/.local/lib/python3.8/site-packages/airflow/example_dags/example_latest_only_with_trigger.py
[2024-10-18T23:47:41.299+0000] {logging_mixin.py:151} INFO - [2024-10-18T23:47:41.298+0000] {dag.py:2941} INFO - Sync 1 DAGs
[2024-10-18T23:47:41.395+0000] {logging_mixin.py:151} INFO - [2024-10-18T23:47:41.395+0000] {dag.py:3722} INFO - Setting next_dagrun for latest_only_with_trigger to 2024-10-18T19:47:41.394899+00:00, run_after=2024-10-18T23:47:41.394899+00:00
[2024-10-18T23:47:41.585+0000] {processor.py:179} INFO - Processing /home/airflow/.local/lib/python3.8/site-packages/airflow/example_dags/example_latest_only_with_trigger.py took 0.416 seconds
[2024-10-18T23:48:12.098+0000] {processor.py:157} INFO - Started process (PID=900) to work on /home/airflow/.local/lib/python3.8/site-packages/airflow/example_dags/example_latest_only_with_trigger.py
[2024-10-18T23:48:12.100+0000] {processor.py:829} INFO - Processing file /home/airflow/.local/lib/python3.8/site-packages/airflow/example_dags/example_latest_only_with_trigger.py for tasks to queue
[2024-10-18T23:48:12.104+0000] {logging_mixin.py:151} INFO - [2024-10-18T23:48:12.104+0000] {dagbag.py:536} INFO - Filling up the DagBag from /home/airflow/.local/lib/python3.8/site-packages/airflow/example_dags/example_latest_only_with_trigger.py
[2024-10-18T23:48:12.118+0000] {processor.py:839} INFO - DAG(s) dict_keys(['latest_only_with_trigger']) retrieved from /home/airflow/.local/lib/python3.8/site-packages/airflow/example_dags/example_latest_only_with_trigger.py
[2024-10-18T23:48:12.173+0000] {logging_mixin.py:151} INFO - [2024-10-18T23:48:12.172+0000] {dag.py:2941} INFO - Sync 1 DAGs
[2024-10-18T23:48:12.236+0000] {logging_mixin.py:151} INFO - [2024-10-18T23:48:12.236+0000] {dag.py:3722} INFO - Setting next_dagrun for latest_only_with_trigger to 2024-10-18T19:48:12.235565+00:00, run_after=2024-10-18T23:48:12.235565+00:00
[2024-10-18T23:48:12.289+0000] {processor.py:179} INFO - Processing /home/airflow/.local/lib/python3.8/site-packages/airflow/example_dags/example_latest_only_with_trigger.py took 0.196 seconds
[2024-10-18T23:48:56.063+0000] {processor.py:157} INFO - Started process (PID=963) to work on /home/airflow/.local/lib/python3.8/site-packages/airflow/example_dags/example_latest_only_with_trigger.py
[2024-10-18T23:48:56.070+0000] {processor.py:829} INFO - Processing file /home/airflow/.local/lib/python3.8/site-packages/airflow/example_dags/example_latest_only_with_trigger.py for tasks to queue
[2024-10-18T23:48:56.076+0000] {logging_mixin.py:151} INFO - [2024-10-18T23:48:56.076+0000] {dagbag.py:536} INFO - Filling up the DagBag from /home/airflow/.local/lib/python3.8/site-packages/airflow/example_dags/example_latest_only_with_trigger.py
[2024-10-18T23:48:56.092+0000] {processor.py:839} INFO - DAG(s) dict_keys(['latest_only_with_trigger']) retrieved from /home/airflow/.local/lib/python3.8/site-packages/airflow/example_dags/example_latest_only_with_trigger.py
[2024-10-18T23:48:56.165+0000] {logging_mixin.py:151} INFO - [2024-10-18T23:48:56.163+0000] {dag.py:2941} INFO - Sync 1 DAGs
[2024-10-18T23:48:56.209+0000] {logging_mixin.py:151} INFO - [2024-10-18T23:48:56.209+0000] {dag.py:3722} INFO - Setting next_dagrun for latest_only_with_trigger to 2024-10-18T19:48:56.208747+00:00, run_after=2024-10-18T23:48:56.208747+00:00
[2024-10-18T23:48:56.251+0000] {processor.py:179} INFO - Processing /home/airflow/.local/lib/python3.8/site-packages/airflow/example_dags/example_latest_only_with_trigger.py took 0.196 seconds
[2024-10-18T23:49:28.148+0000] {processor.py:157} INFO - Started process (PID=1015) to work on /home/airflow/.local/lib/python3.8/site-packages/airflow/example_dags/example_latest_only_with_trigger.py
[2024-10-18T23:49:28.154+0000] {processor.py:829} INFO - Processing file /home/airflow/.local/lib/python3.8/site-packages/airflow/example_dags/example_latest_only_with_trigger.py for tasks to queue
[2024-10-18T23:49:28.177+0000] {logging_mixin.py:151} INFO - [2024-10-18T23:49:28.172+0000] {dagbag.py:536} INFO - Filling up the DagBag from /home/airflow/.local/lib/python3.8/site-packages/airflow/example_dags/example_latest_only_with_trigger.py
[2024-10-18T23:49:28.255+0000] {processor.py:839} INFO - DAG(s) dict_keys(['latest_only_with_trigger']) retrieved from /home/airflow/.local/lib/python3.8/site-packages/airflow/example_dags/example_latest_only_with_trigger.py
[2024-10-18T23:49:28.886+0000] {logging_mixin.py:151} INFO - [2024-10-18T23:49:28.871+0000] {dag.py:2941} INFO - Sync 1 DAGs
[2024-10-18T23:49:29.249+0000] {logging_mixin.py:151} INFO - [2024-10-18T23:49:29.237+0000] {dag.py:3722} INFO - Setting next_dagrun for latest_only_with_trigger to 2024-10-18T19:49:29.233180+00:00, run_after=2024-10-18T23:49:29.233180+00:00
[2024-10-18T23:49:29.478+0000] {processor.py:179} INFO - Processing /home/airflow/.local/lib/python3.8/site-packages/airflow/example_dags/example_latest_only_with_trigger.py took 1.345 seconds
[2024-10-18T23:50:17.765+0000] {processor.py:157} INFO - Started process (PID=1063) to work on /home/airflow/.local/lib/python3.8/site-packages/airflow/example_dags/example_latest_only_with_trigger.py
[2024-10-18T23:50:17.782+0000] {processor.py:829} INFO - Processing file /home/airflow/.local/lib/python3.8/site-packages/airflow/example_dags/example_latest_only_with_trigger.py for tasks to queue
[2024-10-18T23:50:17.830+0000] {logging_mixin.py:151} INFO - [2024-10-18T23:50:17.809+0000] {dagbag.py:536} INFO - Filling up the DagBag from /home/airflow/.local/lib/python3.8/site-packages/airflow/example_dags/example_latest_only_with_trigger.py
[2024-10-18T23:50:17.936+0000] {processor.py:839} INFO - DAG(s) dict_keys(['latest_only_with_trigger']) retrieved from /home/airflow/.local/lib/python3.8/site-packages/airflow/example_dags/example_latest_only_with_trigger.py
[2024-10-18T23:50:18.377+0000] {logging_mixin.py:151} INFO - [2024-10-18T23:50:18.377+0000] {dag.py:2941} INFO - Sync 1 DAGs
[2024-10-18T23:50:18.589+0000] {logging_mixin.py:151} INFO - [2024-10-18T23:50:18.565+0000] {dag.py:3722} INFO - Setting next_dagrun for latest_only_with_trigger to 2024-10-18T19:50:18.541221+00:00, run_after=2024-10-18T23:50:18.541221+00:00
[2024-10-18T23:50:18.943+0000] {processor.py:179} INFO - Processing /home/airflow/.local/lib/python3.8/site-packages/airflow/example_dags/example_latest_only_with_trigger.py took 1.239 seconds
[2024-10-18T23:50:49.690+0000] {processor.py:157} INFO - Started process (PID=1116) to work on /home/airflow/.local/lib/python3.8/site-packages/airflow/example_dags/example_latest_only_with_trigger.py
[2024-10-18T23:50:49.694+0000] {processor.py:829} INFO - Processing file /home/airflow/.local/lib/python3.8/site-packages/airflow/example_dags/example_latest_only_with_trigger.py for tasks to queue
[2024-10-18T23:50:49.703+0000] {logging_mixin.py:151} INFO - [2024-10-18T23:50:49.702+0000] {dagbag.py:536} INFO - Filling up the DagBag from /home/airflow/.local/lib/python3.8/site-packages/airflow/example_dags/example_latest_only_with_trigger.py
[2024-10-18T23:50:49.750+0000] {processor.py:839} INFO - DAG(s) dict_keys(['latest_only_with_trigger']) retrieved from /home/airflow/.local/lib/python3.8/site-packages/airflow/example_dags/example_latest_only_with_trigger.py
[2024-10-18T23:50:49.814+0000] {logging_mixin.py:151} INFO - [2024-10-18T23:50:49.813+0000] {dag.py:2941} INFO - Sync 1 DAGs
[2024-10-18T23:50:49.911+0000] {logging_mixin.py:151} INFO - [2024-10-18T23:50:49.909+0000] {dag.py:3722} INFO - Setting next_dagrun for latest_only_with_trigger to 2024-10-18T19:50:49.904071+00:00, run_after=2024-10-18T23:50:49.904071+00:00
[2024-10-18T23:50:49.983+0000] {processor.py:179} INFO - Processing /home/airflow/.local/lib/python3.8/site-packages/airflow/example_dags/example_latest_only_with_trigger.py took 0.301 seconds
[2024-10-18T23:51:20.178+0000] {processor.py:157} INFO - Started process (PID=1169) to work on /home/airflow/.local/lib/python3.8/site-packages/airflow/example_dags/example_latest_only_with_trigger.py
[2024-10-18T23:51:20.181+0000] {processor.py:829} INFO - Processing file /home/airflow/.local/lib/python3.8/site-packages/airflow/example_dags/example_latest_only_with_trigger.py for tasks to queue
[2024-10-18T23:51:20.186+0000] {logging_mixin.py:151} INFO - [2024-10-18T23:51:20.185+0000] {dagbag.py:536} INFO - Filling up the DagBag from /home/airflow/.local/lib/python3.8/site-packages/airflow/example_dags/example_latest_only_with_trigger.py
[2024-10-18T23:51:20.199+0000] {processor.py:839} INFO - DAG(s) dict_keys(['latest_only_with_trigger']) retrieved from /home/airflow/.local/lib/python3.8/site-packages/airflow/example_dags/example_latest_only_with_trigger.py
[2024-10-18T23:51:20.260+0000] {logging_mixin.py:151} INFO - [2024-10-18T23:51:20.259+0000] {dag.py:2941} INFO - Sync 1 DAGs
[2024-10-18T23:51:20.316+0000] {logging_mixin.py:151} INFO - [2024-10-18T23:51:20.316+0000] {dag.py:3722} INFO - Setting next_dagrun for latest_only_with_trigger to 2024-10-18T19:51:20.315598+00:00, run_after=2024-10-18T23:51:20.315598+00:00
[2024-10-18T23:51:20.362+0000] {processor.py:179} INFO - Processing /home/airflow/.local/lib/python3.8/site-packages/airflow/example_dags/example_latest_only_with_trigger.py took 0.191 seconds
[2024-10-18T23:51:51.282+0000] {processor.py:157} INFO - Started process (PID=1223) to work on /home/airflow/.local/lib/python3.8/site-packages/airflow/example_dags/example_latest_only_with_trigger.py
[2024-10-18T23:51:51.288+0000] {processor.py:829} INFO - Processing file /home/airflow/.local/lib/python3.8/site-packages/airflow/example_dags/example_latest_only_with_trigger.py for tasks to queue
[2024-10-18T23:51:51.333+0000] {logging_mixin.py:151} INFO - [2024-10-18T23:51:51.310+0000] {dagbag.py:536} INFO - Filling up the DagBag from /home/airflow/.local/lib/python3.8/site-packages/airflow/example_dags/example_latest_only_with_trigger.py
[2024-10-18T23:51:51.450+0000] {processor.py:839} INFO - DAG(s) dict_keys(['latest_only_with_trigger']) retrieved from /home/airflow/.local/lib/python3.8/site-packages/airflow/example_dags/example_latest_only_with_trigger.py
[2024-10-18T23:51:51.596+0000] {logging_mixin.py:151} INFO - [2024-10-18T23:51:51.595+0000] {dag.py:2941} INFO - Sync 1 DAGs
[2024-10-18T23:51:52.166+0000] {logging_mixin.py:151} INFO - [2024-10-18T23:51:52.165+0000] {dag.py:3722} INFO - Setting next_dagrun for latest_only_with_trigger to 2024-10-18T19:51:52.165005+00:00, run_after=2024-10-18T23:51:52.165005+00:00
[2024-10-18T23:51:52.222+0000] {processor.py:179} INFO - Processing /home/airflow/.local/lib/python3.8/site-packages/airflow/example_dags/example_latest_only_with_trigger.py took 0.978 seconds
[2024-10-18T23:52:23.083+0000] {processor.py:157} INFO - Started process (PID=1279) to work on /home/airflow/.local/lib/python3.8/site-packages/airflow/example_dags/example_latest_only_with_trigger.py
[2024-10-18T23:52:23.086+0000] {processor.py:829} INFO - Processing file /home/airflow/.local/lib/python3.8/site-packages/airflow/example_dags/example_latest_only_with_trigger.py for tasks to queue
[2024-10-18T23:52:23.091+0000] {logging_mixin.py:151} INFO - [2024-10-18T23:52:23.090+0000] {dagbag.py:536} INFO - Filling up the DagBag from /home/airflow/.local/lib/python3.8/site-packages/airflow/example_dags/example_latest_only_with_trigger.py
[2024-10-18T23:52:23.103+0000] {processor.py:839} INFO - DAG(s) dict_keys(['latest_only_with_trigger']) retrieved from /home/airflow/.local/lib/python3.8/site-packages/airflow/example_dags/example_latest_only_with_trigger.py
[2024-10-18T23:52:23.188+0000] {logging_mixin.py:151} INFO - [2024-10-18T23:52:23.188+0000] {dag.py:2941} INFO - Sync 1 DAGs
[2024-10-18T23:52:23.509+0000] {logging_mixin.py:151} INFO - [2024-10-18T23:52:23.508+0000] {dag.py:3722} INFO - Setting next_dagrun for latest_only_with_trigger to 2024-10-18T19:52:23.507181+00:00, run_after=2024-10-18T23:52:23.507181+00:00
[2024-10-18T23:52:23.548+0000] {processor.py:179} INFO - Processing /home/airflow/.local/lib/python3.8/site-packages/airflow/example_dags/example_latest_only_with_trigger.py took 0.474 seconds
[2024-10-18T23:52:53.705+0000] {processor.py:157} INFO - Started process (PID=1330) to work on /home/airflow/.local/lib/python3.8/site-packages/airflow/example_dags/example_latest_only_with_trigger.py
[2024-10-18T23:52:53.708+0000] {processor.py:829} INFO - Processing file /home/airflow/.local/lib/python3.8/site-packages/airflow/example_dags/example_latest_only_with_trigger.py for tasks to queue
[2024-10-18T23:52:53.713+0000] {logging_mixin.py:151} INFO - [2024-10-18T23:52:53.713+0000] {dagbag.py:536} INFO - Filling up the DagBag from /home/airflow/.local/lib/python3.8/site-packages/airflow/example_dags/example_latest_only_with_trigger.py
[2024-10-18T23:52:53.724+0000] {processor.py:839} INFO - DAG(s) dict_keys(['latest_only_with_trigger']) retrieved from /home/airflow/.local/lib/python3.8/site-packages/airflow/example_dags/example_latest_only_with_trigger.py
[2024-10-18T23:52:53.768+0000] {logging_mixin.py:151} INFO - [2024-10-18T23:52:53.768+0000] {dag.py:2941} INFO - Sync 1 DAGs
[2024-10-18T23:52:53.841+0000] {logging_mixin.py:151} INFO - [2024-10-18T23:52:53.841+0000] {dag.py:3722} INFO - Setting next_dagrun for latest_only_with_trigger to 2024-10-18T19:52:53.840446+00:00, run_after=2024-10-18T23:52:53.840446+00:00
[2024-10-18T23:52:53.944+0000] {processor.py:179} INFO - Processing /home/airflow/.local/lib/python3.8/site-packages/airflow/example_dags/example_latest_only_with_trigger.py took 0.245 seconds
[2024-10-18T23:53:44.995+0000] {processor.py:157} INFO - Started process (PID=1382) to work on /home/airflow/.local/lib/python3.8/site-packages/airflow/example_dags/example_latest_only_with_trigger.py
[2024-10-18T23:53:45.000+0000] {processor.py:829} INFO - Processing file /home/airflow/.local/lib/python3.8/site-packages/airflow/example_dags/example_latest_only_with_trigger.py for tasks to queue
[2024-10-18T23:53:45.010+0000] {logging_mixin.py:151} INFO - [2024-10-18T23:53:45.010+0000] {dagbag.py:536} INFO - Filling up the DagBag from /home/airflow/.local/lib/python3.8/site-packages/airflow/example_dags/example_latest_only_with_trigger.py
[2024-10-18T23:53:45.045+0000] {processor.py:839} INFO - DAG(s) dict_keys(['latest_only_with_trigger']) retrieved from /home/airflow/.local/lib/python3.8/site-packages/airflow/example_dags/example_latest_only_with_trigger.py
[2024-10-18T23:53:45.750+0000] {logging_mixin.py:151} INFO - [2024-10-18T23:53:45.750+0000] {dag.py:2941} INFO - Sync 1 DAGs
[2024-10-18T23:53:45.988+0000] {logging_mixin.py:151} INFO - [2024-10-18T23:53:45.974+0000] {dag.py:3722} INFO - Setting next_dagrun for latest_only_with_trigger to 2024-10-18T19:53:45.958661+00:00, run_after=2024-10-18T23:53:45.958661+00:00
[2024-10-18T23:53:46.299+0000] {processor.py:179} INFO - Processing /home/airflow/.local/lib/python3.8/site-packages/airflow/example_dags/example_latest_only_with_trigger.py took 1.331 seconds
[2024-10-18T23:54:16.609+0000] {processor.py:157} INFO - Started process (PID=1436) to work on /home/airflow/.local/lib/python3.8/site-packages/airflow/example_dags/example_latest_only_with_trigger.py
[2024-10-18T23:54:16.611+0000] {processor.py:829} INFO - Processing file /home/airflow/.local/lib/python3.8/site-packages/airflow/example_dags/example_latest_only_with_trigger.py for tasks to queue
[2024-10-18T23:54:16.615+0000] {logging_mixin.py:151} INFO - [2024-10-18T23:54:16.615+0000] {dagbag.py:536} INFO - Filling up the DagBag from /home/airflow/.local/lib/python3.8/site-packages/airflow/example_dags/example_latest_only_with_trigger.py
[2024-10-18T23:54:16.628+0000] {processor.py:839} INFO - DAG(s) dict_keys(['latest_only_with_trigger']) retrieved from /home/airflow/.local/lib/python3.8/site-packages/airflow/example_dags/example_latest_only_with_trigger.py
[2024-10-18T23:54:16.672+0000] {logging_mixin.py:151} INFO - [2024-10-18T23:54:16.672+0000] {dag.py:2941} INFO - Sync 1 DAGs
[2024-10-18T23:54:17.068+0000] {logging_mixin.py:151} INFO - [2024-10-18T23:54:17.067+0000] {dag.py:3722} INFO - Setting next_dagrun for latest_only_with_trigger to 2024-10-18T19:54:17.066838+00:00, run_after=2024-10-18T23:54:17.066838+00:00
[2024-10-18T23:54:17.165+0000] {processor.py:179} INFO - Processing /home/airflow/.local/lib/python3.8/site-packages/airflow/example_dags/example_latest_only_with_trigger.py took 0.566 seconds
[2024-10-18T23:54:47.602+0000] {processor.py:157} INFO - Started process (PID=1490) to work on /home/airflow/.local/lib/python3.8/site-packages/airflow/example_dags/example_latest_only_with_trigger.py
[2024-10-18T23:54:47.603+0000] {processor.py:829} INFO - Processing file /home/airflow/.local/lib/python3.8/site-packages/airflow/example_dags/example_latest_only_with_trigger.py for tasks to queue
[2024-10-18T23:54:47.607+0000] {logging_mixin.py:151} INFO - [2024-10-18T23:54:47.607+0000] {dagbag.py:536} INFO - Filling up the DagBag from /home/airflow/.local/lib/python3.8/site-packages/airflow/example_dags/example_latest_only_with_trigger.py
[2024-10-18T23:54:47.617+0000] {processor.py:839} INFO - DAG(s) dict_keys(['latest_only_with_trigger']) retrieved from /home/airflow/.local/lib/python3.8/site-packages/airflow/example_dags/example_latest_only_with_trigger.py
[2024-10-18T23:54:47.661+0000] {logging_mixin.py:151} INFO - [2024-10-18T23:54:47.660+0000] {dag.py:2941} INFO - Sync 1 DAGs
[2024-10-18T23:54:47.712+0000] {logging_mixin.py:151} INFO - [2024-10-18T23:54:47.712+0000] {dag.py:3722} INFO - Setting next_dagrun for latest_only_with_trigger to 2024-10-18T19:54:47.712167+00:00, run_after=2024-10-18T23:54:47.712167+00:00
[2024-10-18T23:54:47.754+0000] {processor.py:179} INFO - Processing /home/airflow/.local/lib/python3.8/site-packages/airflow/example_dags/example_latest_only_with_trigger.py took 0.157 seconds
[2024-10-18T23:55:20.888+0000] {processor.py:157} INFO - Started process (PID=1541) to work on /home/airflow/.local/lib/python3.8/site-packages/airflow/example_dags/example_latest_only_with_trigger.py
[2024-10-18T23:55:20.891+0000] {processor.py:829} INFO - Processing file /home/airflow/.local/lib/python3.8/site-packages/airflow/example_dags/example_latest_only_with_trigger.py for tasks to queue
[2024-10-18T23:55:20.904+0000] {logging_mixin.py:151} INFO - [2024-10-18T23:55:20.903+0000] {dagbag.py:536} INFO - Filling up the DagBag from /home/airflow/.local/lib/python3.8/site-packages/airflow/example_dags/example_latest_only_with_trigger.py
[2024-10-18T23:55:20.930+0000] {processor.py:839} INFO - DAG(s) dict_keys(['latest_only_with_trigger']) retrieved from /home/airflow/.local/lib/python3.8/site-packages/airflow/example_dags/example_latest_only_with_trigger.py
[2024-10-18T23:55:21.133+0000] {logging_mixin.py:151} INFO - [2024-10-18T23:55:21.133+0000] {dag.py:2941} INFO - Sync 1 DAGs
[2024-10-18T23:55:21.300+0000] {logging_mixin.py:151} INFO - [2024-10-18T23:55:21.299+0000] {dag.py:3722} INFO - Setting next_dagrun for latest_only_with_trigger to 2024-10-18T19:55:21.298914+00:00, run_after=2024-10-18T23:55:21.298914+00:00
[2024-10-18T23:55:21.359+0000] {processor.py:179} INFO - Processing /home/airflow/.local/lib/python3.8/site-packages/airflow/example_dags/example_latest_only_with_trigger.py took 0.485 seconds
[2024-10-18T23:55:56.162+0000] {processor.py:157} INFO - Started process (PID=1595) to work on /home/airflow/.local/lib/python3.8/site-packages/airflow/example_dags/example_latest_only_with_trigger.py
[2024-10-18T23:55:56.164+0000] {processor.py:829} INFO - Processing file /home/airflow/.local/lib/python3.8/site-packages/airflow/example_dags/example_latest_only_with_trigger.py for tasks to queue
[2024-10-18T23:55:56.182+0000] {logging_mixin.py:151} INFO - [2024-10-18T23:55:56.171+0000] {dagbag.py:536} INFO - Filling up the DagBag from /home/airflow/.local/lib/python3.8/site-packages/airflow/example_dags/example_latest_only_with_trigger.py
[2024-10-18T23:55:56.217+0000] {processor.py:839} INFO - DAG(s) dict_keys(['latest_only_with_trigger']) retrieved from /home/airflow/.local/lib/python3.8/site-packages/airflow/example_dags/example_latest_only_with_trigger.py
[2024-10-18T23:55:56.677+0000] {logging_mixin.py:151} INFO - [2024-10-18T23:55:56.668+0000] {dag.py:2941} INFO - Sync 1 DAGs
[2024-10-18T23:55:56.783+0000] {logging_mixin.py:151} INFO - [2024-10-18T23:55:56.783+0000] {dag.py:3722} INFO - Setting next_dagrun for latest_only_with_trigger to 2024-10-18T19:55:56.776032+00:00, run_after=2024-10-18T23:55:56.776032+00:00
[2024-10-18T23:55:56.875+0000] {processor.py:179} INFO - Processing /home/airflow/.local/lib/python3.8/site-packages/airflow/example_dags/example_latest_only_with_trigger.py took 0.732 seconds
[2024-10-18T23:56:27.873+0000] {processor.py:157} INFO - Started process (PID=1649) to work on /home/airflow/.local/lib/python3.8/site-packages/airflow/example_dags/example_latest_only_with_trigger.py
[2024-10-18T23:56:27.896+0000] {processor.py:829} INFO - Processing file /home/airflow/.local/lib/python3.8/site-packages/airflow/example_dags/example_latest_only_with_trigger.py for tasks to queue
[2024-10-18T23:56:27.932+0000] {logging_mixin.py:151} INFO - [2024-10-18T23:56:27.932+0000] {dagbag.py:536} INFO - Filling up the DagBag from /home/airflow/.local/lib/python3.8/site-packages/airflow/example_dags/example_latest_only_with_trigger.py
[2024-10-18T23:56:27.993+0000] {processor.py:839} INFO - DAG(s) dict_keys(['latest_only_with_trigger']) retrieved from /home/airflow/.local/lib/python3.8/site-packages/airflow/example_dags/example_latest_only_with_trigger.py
[2024-10-18T23:56:28.747+0000] {logging_mixin.py:151} INFO - [2024-10-18T23:56:28.719+0000] {dag.py:2941} INFO - Sync 1 DAGs
[2024-10-18T23:56:29.658+0000] {logging_mixin.py:151} INFO - [2024-10-18T23:56:29.657+0000] {dag.py:3722} INFO - Setting next_dagrun for latest_only_with_trigger to 2024-10-18T19:56:29.637350+00:00, run_after=2024-10-18T23:56:29.637350+00:00
[2024-10-18T23:56:29.958+0000] {processor.py:179} INFO - Processing /home/airflow/.local/lib/python3.8/site-packages/airflow/example_dags/example_latest_only_with_trigger.py took 2.159 seconds
[2024-10-18T23:57:17.018+0000] {processor.py:157} INFO - Started process (PID=1718) to work on /home/airflow/.local/lib/python3.8/site-packages/airflow/example_dags/example_latest_only_with_trigger.py
[2024-10-18T23:57:17.020+0000] {processor.py:829} INFO - Processing file /home/airflow/.local/lib/python3.8/site-packages/airflow/example_dags/example_latest_only_with_trigger.py for tasks to queue
[2024-10-18T23:57:17.027+0000] {logging_mixin.py:151} INFO - [2024-10-18T23:57:17.026+0000] {dagbag.py:536} INFO - Filling up the DagBag from /home/airflow/.local/lib/python3.8/site-packages/airflow/example_dags/example_latest_only_with_trigger.py
[2024-10-18T23:57:17.052+0000] {processor.py:839} INFO - DAG(s) dict_keys(['latest_only_with_trigger']) retrieved from /home/airflow/.local/lib/python3.8/site-packages/airflow/example_dags/example_latest_only_with_trigger.py
[2024-10-18T23:57:17.277+0000] {logging_mixin.py:151} INFO - [2024-10-18T23:57:17.276+0000] {dag.py:2941} INFO - Sync 1 DAGs
[2024-10-18T23:57:17.379+0000] {logging_mixin.py:151} INFO - [2024-10-18T23:57:17.378+0000] {dag.py:3722} INFO - Setting next_dagrun for latest_only_with_trigger to 2024-10-18T19:57:17.378442+00:00, run_after=2024-10-18T23:57:17.378442+00:00
[2024-10-18T23:57:17.422+0000] {processor.py:179} INFO - Processing /home/airflow/.local/lib/python3.8/site-packages/airflow/example_dags/example_latest_only_with_trigger.py took 0.433 seconds
[2024-10-18T23:57:48.118+0000] {processor.py:157} INFO - Started process (PID=1772) to work on /home/airflow/.local/lib/python3.8/site-packages/airflow/example_dags/example_latest_only_with_trigger.py
[2024-10-18T23:57:48.122+0000] {processor.py:829} INFO - Processing file /home/airflow/.local/lib/python3.8/site-packages/airflow/example_dags/example_latest_only_with_trigger.py for tasks to queue
[2024-10-18T23:57:48.128+0000] {logging_mixin.py:151} INFO - [2024-10-18T23:57:48.127+0000] {dagbag.py:536} INFO - Filling up the DagBag from /home/airflow/.local/lib/python3.8/site-packages/airflow/example_dags/example_latest_only_with_trigger.py
[2024-10-18T23:57:48.155+0000] {processor.py:839} INFO - DAG(s) dict_keys(['latest_only_with_trigger']) retrieved from /home/airflow/.local/lib/python3.8/site-packages/airflow/example_dags/example_latest_only_with_trigger.py
[2024-10-18T23:57:48.242+0000] {logging_mixin.py:151} INFO - [2024-10-18T23:57:48.237+0000] {dag.py:2941} INFO - Sync 1 DAGs
[2024-10-18T23:57:48.328+0000] {logging_mixin.py:151} INFO - [2024-10-18T23:57:48.328+0000] {dag.py:3722} INFO - Setting next_dagrun for latest_only_with_trigger to 2024-10-18T19:57:48.327081+00:00, run_after=2024-10-18T23:57:48.327081+00:00
[2024-10-18T23:57:48.377+0000] {processor.py:179} INFO - Processing /home/airflow/.local/lib/python3.8/site-packages/airflow/example_dags/example_latest_only_with_trigger.py took 0.276 seconds
[2024-10-18T23:58:18.998+0000] {processor.py:157} INFO - Started process (PID=1826) to work on /home/airflow/.local/lib/python3.8/site-packages/airflow/example_dags/example_latest_only_with_trigger.py
[2024-10-18T23:58:19.002+0000] {processor.py:829} INFO - Processing file /home/airflow/.local/lib/python3.8/site-packages/airflow/example_dags/example_latest_only_with_trigger.py for tasks to queue
[2024-10-18T23:58:19.007+0000] {logging_mixin.py:151} INFO - [2024-10-18T23:58:19.006+0000] {dagbag.py:536} INFO - Filling up the DagBag from /home/airflow/.local/lib/python3.8/site-packages/airflow/example_dags/example_latest_only_with_trigger.py
[2024-10-18T23:58:19.021+0000] {processor.py:839} INFO - DAG(s) dict_keys(['latest_only_with_trigger']) retrieved from /home/airflow/.local/lib/python3.8/site-packages/airflow/example_dags/example_latest_only_with_trigger.py
[2024-10-18T23:58:19.136+0000] {logging_mixin.py:151} INFO - [2024-10-18T23:58:19.135+0000] {dag.py:2941} INFO - Sync 1 DAGs
[2024-10-18T23:58:19.194+0000] {logging_mixin.py:151} INFO - [2024-10-18T23:58:19.194+0000] {dag.py:3722} INFO - Setting next_dagrun for latest_only_with_trigger to 2024-10-18T19:58:19.193653+00:00, run_after=2024-10-18T23:58:19.193653+00:00
[2024-10-18T23:58:19.233+0000] {processor.py:179} INFO - Processing /home/airflow/.local/lib/python3.8/site-packages/airflow/example_dags/example_latest_only_with_trigger.py took 0.244 seconds
[2024-10-18T23:58:49.423+0000] {processor.py:157} INFO - Started process (PID=1880) to work on /home/airflow/.local/lib/python3.8/site-packages/airflow/example_dags/example_latest_only_with_trigger.py
[2024-10-18T23:58:49.427+0000] {processor.py:829} INFO - Processing file /home/airflow/.local/lib/python3.8/site-packages/airflow/example_dags/example_latest_only_with_trigger.py for tasks to queue
[2024-10-18T23:58:49.438+0000] {logging_mixin.py:151} INFO - [2024-10-18T23:58:49.436+0000] {dagbag.py:536} INFO - Filling up the DagBag from /home/airflow/.local/lib/python3.8/site-packages/airflow/example_dags/example_latest_only_with_trigger.py
[2024-10-18T23:58:49.452+0000] {processor.py:839} INFO - DAG(s) dict_keys(['latest_only_with_trigger']) retrieved from /home/airflow/.local/lib/python3.8/site-packages/airflow/example_dags/example_latest_only_with_trigger.py
[2024-10-18T23:58:49.528+0000] {logging_mixin.py:151} INFO - [2024-10-18T23:58:49.524+0000] {dag.py:2941} INFO - Sync 1 DAGs
[2024-10-18T23:58:49.595+0000] {logging_mixin.py:151} INFO - [2024-10-18T23:58:49.594+0000] {dag.py:3722} INFO - Setting next_dagrun for latest_only_with_trigger to 2024-10-18T19:58:49.593753+00:00, run_after=2024-10-18T23:58:49.593753+00:00
[2024-10-18T23:58:49.645+0000] {processor.py:179} INFO - Processing /home/airflow/.local/lib/python3.8/site-packages/airflow/example_dags/example_latest_only_with_trigger.py took 0.234 seconds
[2024-10-18T23:59:20.645+0000] {processor.py:157} INFO - Started process (PID=1933) to work on /home/airflow/.local/lib/python3.8/site-packages/airflow/example_dags/example_latest_only_with_trigger.py
[2024-10-18T23:59:20.647+0000] {processor.py:829} INFO - Processing file /home/airflow/.local/lib/python3.8/site-packages/airflow/example_dags/example_latest_only_with_trigger.py for tasks to queue
[2024-10-18T23:59:20.652+0000] {logging_mixin.py:151} INFO - [2024-10-18T23:59:20.652+0000] {dagbag.py:536} INFO - Filling up the DagBag from /home/airflow/.local/lib/python3.8/site-packages/airflow/example_dags/example_latest_only_with_trigger.py
[2024-10-18T23:59:20.665+0000] {processor.py:839} INFO - DAG(s) dict_keys(['latest_only_with_trigger']) retrieved from /home/airflow/.local/lib/python3.8/site-packages/airflow/example_dags/example_latest_only_with_trigger.py
[2024-10-18T23:59:20.716+0000] {logging_mixin.py:151} INFO - [2024-10-18T23:59:20.715+0000] {dag.py:2941} INFO - Sync 1 DAGs
[2024-10-18T23:59:20.765+0000] {logging_mixin.py:151} INFO - [2024-10-18T23:59:20.765+0000] {dag.py:3722} INFO - Setting next_dagrun for latest_only_with_trigger to 2024-10-18T19:59:20.764826+00:00, run_after=2024-10-18T23:59:20.764826+00:00
[2024-10-18T23:59:20.803+0000] {processor.py:179} INFO - Processing /home/airflow/.local/lib/python3.8/site-packages/airflow/example_dags/example_latest_only_with_trigger.py took 0.167 seconds
[2024-10-18T23:59:51.465+0000] {processor.py:157} INFO - Started process (PID=1987) to work on /home/airflow/.local/lib/python3.8/site-packages/airflow/example_dags/example_latest_only_with_trigger.py
[2024-10-18T23:59:51.467+0000] {processor.py:829} INFO - Processing file /home/airflow/.local/lib/python3.8/site-packages/airflow/example_dags/example_latest_only_with_trigger.py for tasks to queue
[2024-10-18T23:59:51.483+0000] {logging_mixin.py:151} INFO - [2024-10-18T23:59:51.482+0000] {dagbag.py:536} INFO - Filling up the DagBag from /home/airflow/.local/lib/python3.8/site-packages/airflow/example_dags/example_latest_only_with_trigger.py
[2024-10-18T23:59:51.505+0000] {processor.py:839} INFO - DAG(s) dict_keys(['latest_only_with_trigger']) retrieved from /home/airflow/.local/lib/python3.8/site-packages/airflow/example_dags/example_latest_only_with_trigger.py
[2024-10-18T23:59:51.559+0000] {logging_mixin.py:151} INFO - [2024-10-18T23:59:51.559+0000] {dag.py:2941} INFO - Sync 1 DAGs
[2024-10-18T23:59:51.607+0000] {logging_mixin.py:151} INFO - [2024-10-18T23:59:51.606+0000] {dag.py:3722} INFO - Setting next_dagrun for latest_only_with_trigger to 2024-10-18T19:59:51.606427+00:00, run_after=2024-10-18T23:59:51.606427+00:00
[2024-10-18T23:59:51.660+0000] {processor.py:179} INFO - Processing /home/airflow/.local/lib/python3.8/site-packages/airflow/example_dags/example_latest_only_with_trigger.py took 0.202 seconds
