[2024-10-18T23:31:57.350+0000] {processor.py:157} INFO - Started process (PID=112) to work on /home/airflow/.local/lib/python3.8/site-packages/airflow/example_dags/example_short_circuit_operator.py
[2024-10-18T23:31:57.396+0000] {processor.py:829} INFO - Processing file /home/airflow/.local/lib/python3.8/site-packages/airflow/example_dags/example_short_circuit_operator.py for tasks to queue
[2024-10-18T23:31:57.408+0000] {logging_mixin.py:151} INFO - [2024-10-18T23:31:57.407+0000] {dagbag.py:536} INFO - Filling up the DagBag from /home/airflow/.local/lib/python3.8/site-packages/airflow/example_dags/example_short_circuit_operator.py
[2024-10-18T23:31:57.596+0000] {processor.py:839} INFO - DAG(s) dict_keys(['example_short_circuit_operator']) retrieved from /home/airflow/.local/lib/python3.8/site-packages/airflow/example_dags/example_short_circuit_operator.py
[2024-10-18T23:31:58.107+0000] {logging_mixin.py:151} INFO - [2024-10-18T23:31:58.106+0000] {dag.py:2941} INFO - Sync 1 DAGs
[2024-10-18T23:31:58.496+0000] {logging_mixin.py:151} INFO - [2024-10-18T23:31:58.489+0000] {dag.py:3722} INFO - Setting next_dagrun for example_short_circuit_operator to 2024-10-17T23:31:58.413379+00:00, run_after=2024-10-18T23:31:58.413379+00:00
[2024-10-18T23:31:58.750+0000] {processor.py:179} INFO - Processing /home/airflow/.local/lib/python3.8/site-packages/airflow/example_dags/example_short_circuit_operator.py took 1.448 seconds
[2024-10-18T23:32:29.165+0000] {processor.py:157} INFO - Started process (PID=166) to work on /home/airflow/.local/lib/python3.8/site-packages/airflow/example_dags/example_short_circuit_operator.py
[2024-10-18T23:32:29.172+0000] {processor.py:829} INFO - Processing file /home/airflow/.local/lib/python3.8/site-packages/airflow/example_dags/example_short_circuit_operator.py for tasks to queue
[2024-10-18T23:32:29.179+0000] {logging_mixin.py:151} INFO - [2024-10-18T23:32:29.179+0000] {dagbag.py:536} INFO - Filling up the DagBag from /home/airflow/.local/lib/python3.8/site-packages/airflow/example_dags/example_short_circuit_operator.py
[2024-10-18T23:32:29.219+0000] {processor.py:839} INFO - DAG(s) dict_keys(['example_short_circuit_operator']) retrieved from /home/airflow/.local/lib/python3.8/site-packages/airflow/example_dags/example_short_circuit_operator.py
[2024-10-18T23:32:29.337+0000] {logging_mixin.py:151} INFO - [2024-10-18T23:32:29.337+0000] {dag.py:2941} INFO - Sync 1 DAGs
[2024-10-18T23:32:29.393+0000] {logging_mixin.py:151} INFO - [2024-10-18T23:32:29.390+0000] {dag.py:3722} INFO - Setting next_dagrun for example_short_circuit_operator to 2024-10-17T23:32:29.389579+00:00, run_after=2024-10-18T23:32:29.389579+00:00
[2024-10-18T23:32:29.462+0000] {processor.py:179} INFO - Processing /home/airflow/.local/lib/python3.8/site-packages/airflow/example_dags/example_short_circuit_operator.py took 0.304 seconds
[2024-10-18T23:33:00.172+0000] {processor.py:157} INFO - Started process (PID=220) to work on /home/airflow/.local/lib/python3.8/site-packages/airflow/example_dags/example_short_circuit_operator.py
[2024-10-18T23:33:00.175+0000] {processor.py:829} INFO - Processing file /home/airflow/.local/lib/python3.8/site-packages/airflow/example_dags/example_short_circuit_operator.py for tasks to queue
[2024-10-18T23:33:00.179+0000] {logging_mixin.py:151} INFO - [2024-10-18T23:33:00.179+0000] {dagbag.py:536} INFO - Filling up the DagBag from /home/airflow/.local/lib/python3.8/site-packages/airflow/example_dags/example_short_circuit_operator.py
[2024-10-18T23:33:00.197+0000] {processor.py:839} INFO - DAG(s) dict_keys(['example_short_circuit_operator']) retrieved from /home/airflow/.local/lib/python3.8/site-packages/airflow/example_dags/example_short_circuit_operator.py
[2024-10-18T23:33:00.255+0000] {logging_mixin.py:151} INFO - [2024-10-18T23:33:00.255+0000] {dag.py:2941} INFO - Sync 1 DAGs
[2024-10-18T23:33:00.303+0000] {logging_mixin.py:151} INFO - [2024-10-18T23:33:00.303+0000] {dag.py:3722} INFO - Setting next_dagrun for example_short_circuit_operator to 2024-10-17T23:33:00.302755+00:00, run_after=2024-10-18T23:33:00.302755+00:00
[2024-10-18T23:33:00.362+0000] {processor.py:179} INFO - Processing /home/airflow/.local/lib/python3.8/site-packages/airflow/example_dags/example_short_circuit_operator.py took 0.196 seconds
[2024-10-18T23:33:30.433+0000] {processor.py:157} INFO - Started process (PID=273) to work on /home/airflow/.local/lib/python3.8/site-packages/airflow/example_dags/example_short_circuit_operator.py
[2024-10-18T23:33:30.438+0000] {processor.py:829} INFO - Processing file /home/airflow/.local/lib/python3.8/site-packages/airflow/example_dags/example_short_circuit_operator.py for tasks to queue
[2024-10-18T23:33:30.446+0000] {logging_mixin.py:151} INFO - [2024-10-18T23:33:30.445+0000] {dagbag.py:536} INFO - Filling up the DagBag from /home/airflow/.local/lib/python3.8/site-packages/airflow/example_dags/example_short_circuit_operator.py
[2024-10-18T23:33:30.471+0000] {processor.py:839} INFO - DAG(s) dict_keys(['example_short_circuit_operator']) retrieved from /home/airflow/.local/lib/python3.8/site-packages/airflow/example_dags/example_short_circuit_operator.py
[2024-10-18T23:33:30.537+0000] {logging_mixin.py:151} INFO - [2024-10-18T23:33:30.537+0000] {dag.py:2941} INFO - Sync 1 DAGs
[2024-10-18T23:33:30.618+0000] {logging_mixin.py:151} INFO - [2024-10-18T23:33:30.617+0000] {dag.py:3722} INFO - Setting next_dagrun for example_short_circuit_operator to 2024-10-17T23:33:30.616233+00:00, run_after=2024-10-18T23:33:30.616233+00:00
[2024-10-18T23:33:30.682+0000] {processor.py:179} INFO - Processing /home/airflow/.local/lib/python3.8/site-packages/airflow/example_dags/example_short_circuit_operator.py took 0.267 seconds
[2024-10-18T23:34:00.821+0000] {processor.py:157} INFO - Started process (PID=327) to work on /home/airflow/.local/lib/python3.8/site-packages/airflow/example_dags/example_short_circuit_operator.py
[2024-10-18T23:34:00.826+0000] {processor.py:829} INFO - Processing file /home/airflow/.local/lib/python3.8/site-packages/airflow/example_dags/example_short_circuit_operator.py for tasks to queue
[2024-10-18T23:34:00.831+0000] {logging_mixin.py:151} INFO - [2024-10-18T23:34:00.831+0000] {dagbag.py:536} INFO - Filling up the DagBag from /home/airflow/.local/lib/python3.8/site-packages/airflow/example_dags/example_short_circuit_operator.py
[2024-10-18T23:34:00.854+0000] {processor.py:839} INFO - DAG(s) dict_keys(['example_short_circuit_operator']) retrieved from /home/airflow/.local/lib/python3.8/site-packages/airflow/example_dags/example_short_circuit_operator.py
[2024-10-18T23:34:00.918+0000] {logging_mixin.py:151} INFO - [2024-10-18T23:34:00.918+0000] {dag.py:2941} INFO - Sync 1 DAGs
[2024-10-18T23:34:00.974+0000] {logging_mixin.py:151} INFO - [2024-10-18T23:34:00.974+0000] {dag.py:3722} INFO - Setting next_dagrun for example_short_circuit_operator to 2024-10-17T23:34:00.973625+00:00, run_after=2024-10-18T23:34:00.973625+00:00
[2024-10-18T23:34:01.024+0000] {processor.py:179} INFO - Processing /home/airflow/.local/lib/python3.8/site-packages/airflow/example_dags/example_short_circuit_operator.py took 0.217 seconds
[2024-10-18T23:34:31.332+0000] {processor.py:157} INFO - Started process (PID=381) to work on /home/airflow/.local/lib/python3.8/site-packages/airflow/example_dags/example_short_circuit_operator.py
[2024-10-18T23:34:31.335+0000] {processor.py:829} INFO - Processing file /home/airflow/.local/lib/python3.8/site-packages/airflow/example_dags/example_short_circuit_operator.py for tasks to queue
[2024-10-18T23:34:31.342+0000] {logging_mixin.py:151} INFO - [2024-10-18T23:34:31.341+0000] {dagbag.py:536} INFO - Filling up the DagBag from /home/airflow/.local/lib/python3.8/site-packages/airflow/example_dags/example_short_circuit_operator.py
[2024-10-18T23:34:31.365+0000] {processor.py:839} INFO - DAG(s) dict_keys(['example_short_circuit_operator']) retrieved from /home/airflow/.local/lib/python3.8/site-packages/airflow/example_dags/example_short_circuit_operator.py
[2024-10-18T23:34:31.433+0000] {logging_mixin.py:151} INFO - [2024-10-18T23:34:31.433+0000] {dag.py:2941} INFO - Sync 1 DAGs
[2024-10-18T23:34:31.489+0000] {logging_mixin.py:151} INFO - [2024-10-18T23:34:31.488+0000] {dag.py:3722} INFO - Setting next_dagrun for example_short_circuit_operator to 2024-10-17T23:34:31.488322+00:00, run_after=2024-10-18T23:34:31.488322+00:00
[2024-10-18T23:34:31.539+0000] {processor.py:179} INFO - Processing /home/airflow/.local/lib/python3.8/site-packages/airflow/example_dags/example_short_circuit_operator.py took 0.216 seconds
[2024-10-18T23:35:02.029+0000] {processor.py:157} INFO - Started process (PID=435) to work on /home/airflow/.local/lib/python3.8/site-packages/airflow/example_dags/example_short_circuit_operator.py
[2024-10-18T23:35:02.030+0000] {processor.py:829} INFO - Processing file /home/airflow/.local/lib/python3.8/site-packages/airflow/example_dags/example_short_circuit_operator.py for tasks to queue
[2024-10-18T23:35:02.036+0000] {logging_mixin.py:151} INFO - [2024-10-18T23:35:02.034+0000] {dagbag.py:536} INFO - Filling up the DagBag from /home/airflow/.local/lib/python3.8/site-packages/airflow/example_dags/example_short_circuit_operator.py
[2024-10-18T23:35:02.064+0000] {processor.py:839} INFO - DAG(s) dict_keys(['example_short_circuit_operator']) retrieved from /home/airflow/.local/lib/python3.8/site-packages/airflow/example_dags/example_short_circuit_operator.py
[2024-10-18T23:35:02.137+0000] {logging_mixin.py:151} INFO - [2024-10-18T23:35:02.137+0000] {dag.py:2941} INFO - Sync 1 DAGs
[2024-10-18T23:35:02.203+0000] {logging_mixin.py:151} INFO - [2024-10-18T23:35:02.203+0000] {dag.py:3722} INFO - Setting next_dagrun for example_short_circuit_operator to 2024-10-17T23:35:02.202586+00:00, run_after=2024-10-18T23:35:02.202586+00:00
[2024-10-18T23:35:02.268+0000] {processor.py:179} INFO - Processing /home/airflow/.local/lib/python3.8/site-packages/airflow/example_dags/example_short_circuit_operator.py took 0.247 seconds
[2024-10-18T23:35:33.315+0000] {processor.py:157} INFO - Started process (PID=489) to work on /home/airflow/.local/lib/python3.8/site-packages/airflow/example_dags/example_short_circuit_operator.py
[2024-10-18T23:35:33.317+0000] {processor.py:829} INFO - Processing file /home/airflow/.local/lib/python3.8/site-packages/airflow/example_dags/example_short_circuit_operator.py for tasks to queue
[2024-10-18T23:35:33.324+0000] {logging_mixin.py:151} INFO - [2024-10-18T23:35:33.323+0000] {dagbag.py:536} INFO - Filling up the DagBag from /home/airflow/.local/lib/python3.8/site-packages/airflow/example_dags/example_short_circuit_operator.py
[2024-10-18T23:35:33.348+0000] {processor.py:839} INFO - DAG(s) dict_keys(['example_short_circuit_operator']) retrieved from /home/airflow/.local/lib/python3.8/site-packages/airflow/example_dags/example_short_circuit_operator.py
[2024-10-18T23:35:33.482+0000] {logging_mixin.py:151} INFO - [2024-10-18T23:35:33.481+0000] {dag.py:2941} INFO - Sync 1 DAGs
[2024-10-18T23:35:33.621+0000] {logging_mixin.py:151} INFO - [2024-10-18T23:35:33.620+0000] {dag.py:3722} INFO - Setting next_dagrun for example_short_circuit_operator to 2024-10-17T23:35:33.620191+00:00, run_after=2024-10-18T23:35:33.620191+00:00
[2024-10-18T23:35:33.671+0000] {processor.py:179} INFO - Processing /home/airflow/.local/lib/python3.8/site-packages/airflow/example_dags/example_short_circuit_operator.py took 0.365 seconds
[2024-10-18T23:36:05.246+0000] {processor.py:157} INFO - Started process (PID=543) to work on /home/airflow/.local/lib/python3.8/site-packages/airflow/example_dags/example_short_circuit_operator.py
[2024-10-18T23:36:05.248+0000] {processor.py:829} INFO - Processing file /home/airflow/.local/lib/python3.8/site-packages/airflow/example_dags/example_short_circuit_operator.py for tasks to queue
[2024-10-18T23:36:05.257+0000] {logging_mixin.py:151} INFO - [2024-10-18T23:36:05.256+0000] {dagbag.py:536} INFO - Filling up the DagBag from /home/airflow/.local/lib/python3.8/site-packages/airflow/example_dags/example_short_circuit_operator.py
[2024-10-18T23:36:05.274+0000] {processor.py:839} INFO - DAG(s) dict_keys(['example_short_circuit_operator']) retrieved from /home/airflow/.local/lib/python3.8/site-packages/airflow/example_dags/example_short_circuit_operator.py
[2024-10-18T23:36:05.334+0000] {logging_mixin.py:151} INFO - [2024-10-18T23:36:05.334+0000] {dag.py:2941} INFO - Sync 1 DAGs
[2024-10-18T23:36:05.391+0000] {logging_mixin.py:151} INFO - [2024-10-18T23:36:05.391+0000] {dag.py:3722} INFO - Setting next_dagrun for example_short_circuit_operator to 2024-10-17T23:36:05.390687+00:00, run_after=2024-10-18T23:36:05.390687+00:00
[2024-10-18T23:36:05.449+0000] {processor.py:179} INFO - Processing /home/airflow/.local/lib/python3.8/site-packages/airflow/example_dags/example_short_circuit_operator.py took 0.213 seconds
[2024-10-18T23:39:00.393+0000] {processor.py:157} INFO - Started process (PID=112) to work on /home/airflow/.local/lib/python3.8/site-packages/airflow/example_dags/example_short_circuit_operator.py
[2024-10-18T23:39:00.407+0000] {processor.py:829} INFO - Processing file /home/airflow/.local/lib/python3.8/site-packages/airflow/example_dags/example_short_circuit_operator.py for tasks to queue
[2024-10-18T23:39:00.459+0000] {logging_mixin.py:151} INFO - [2024-10-18T23:39:00.459+0000] {dagbag.py:536} INFO - Filling up the DagBag from /home/airflow/.local/lib/python3.8/site-packages/airflow/example_dags/example_short_circuit_operator.py
[2024-10-18T23:39:00.507+0000] {processor.py:839} INFO - DAG(s) dict_keys(['example_short_circuit_operator']) retrieved from /home/airflow/.local/lib/python3.8/site-packages/airflow/example_dags/example_short_circuit_operator.py
[2024-10-18T23:39:00.587+0000] {logging_mixin.py:151} INFO - [2024-10-18T23:39:00.586+0000] {dag.py:2941} INFO - Sync 1 DAGs
[2024-10-18T23:39:00.662+0000] {logging_mixin.py:151} INFO - [2024-10-18T23:39:00.662+0000] {dag.py:3722} INFO - Setting next_dagrun for example_short_circuit_operator to 2024-10-17T23:39:00.660478+00:00, run_after=2024-10-18T23:39:00.660478+00:00
[2024-10-18T23:39:00.713+0000] {processor.py:179} INFO - Processing /home/airflow/.local/lib/python3.8/site-packages/airflow/example_dags/example_short_circuit_operator.py took 0.352 seconds
[2024-10-18T23:39:30.990+0000] {processor.py:157} INFO - Started process (PID=166) to work on /home/airflow/.local/lib/python3.8/site-packages/airflow/example_dags/example_short_circuit_operator.py
[2024-10-18T23:39:30.991+0000] {processor.py:829} INFO - Processing file /home/airflow/.local/lib/python3.8/site-packages/airflow/example_dags/example_short_circuit_operator.py for tasks to queue
[2024-10-18T23:39:30.996+0000] {logging_mixin.py:151} INFO - [2024-10-18T23:39:30.995+0000] {dagbag.py:536} INFO - Filling up the DagBag from /home/airflow/.local/lib/python3.8/site-packages/airflow/example_dags/example_short_circuit_operator.py
[2024-10-18T23:39:31.013+0000] {processor.py:839} INFO - DAG(s) dict_keys(['example_short_circuit_operator']) retrieved from /home/airflow/.local/lib/python3.8/site-packages/airflow/example_dags/example_short_circuit_operator.py
[2024-10-18T23:39:31.098+0000] {logging_mixin.py:151} INFO - [2024-10-18T23:39:31.094+0000] {dag.py:2941} INFO - Sync 1 DAGs
[2024-10-18T23:39:31.187+0000] {logging_mixin.py:151} INFO - [2024-10-18T23:39:31.186+0000] {dag.py:3722} INFO - Setting next_dagrun for example_short_circuit_operator to 2024-10-17T23:39:31.186260+00:00, run_after=2024-10-18T23:39:31.186260+00:00
[2024-10-18T23:39:31.246+0000] {processor.py:179} INFO - Processing /home/airflow/.local/lib/python3.8/site-packages/airflow/example_dags/example_short_circuit_operator.py took 0.264 seconds
[2024-10-18T23:40:01.913+0000] {processor.py:157} INFO - Started process (PID=220) to work on /home/airflow/.local/lib/python3.8/site-packages/airflow/example_dags/example_short_circuit_operator.py
[2024-10-18T23:40:01.914+0000] {processor.py:829} INFO - Processing file /home/airflow/.local/lib/python3.8/site-packages/airflow/example_dags/example_short_circuit_operator.py for tasks to queue
[2024-10-18T23:40:01.918+0000] {logging_mixin.py:151} INFO - [2024-10-18T23:40:01.918+0000] {dagbag.py:536} INFO - Filling up the DagBag from /home/airflow/.local/lib/python3.8/site-packages/airflow/example_dags/example_short_circuit_operator.py
[2024-10-18T23:40:01.941+0000] {processor.py:839} INFO - DAG(s) dict_keys(['example_short_circuit_operator']) retrieved from /home/airflow/.local/lib/python3.8/site-packages/airflow/example_dags/example_short_circuit_operator.py
[2024-10-18T23:40:02.008+0000] {logging_mixin.py:151} INFO - [2024-10-18T23:40:02.008+0000] {dag.py:2941} INFO - Sync 1 DAGs
[2024-10-18T23:40:02.083+0000] {logging_mixin.py:151} INFO - [2024-10-18T23:40:02.083+0000] {dag.py:3722} INFO - Setting next_dagrun for example_short_circuit_operator to 2024-10-17T23:40:02.074591+00:00, run_after=2024-10-18T23:40:02.074591+00:00
[2024-10-18T23:40:02.130+0000] {processor.py:179} INFO - Processing /home/airflow/.local/lib/python3.8/site-packages/airflow/example_dags/example_short_circuit_operator.py took 0.222 seconds
[2024-10-18T23:41:08.407+0000] {processor.py:157} INFO - Started process (PID=280) to work on /home/airflow/.local/lib/python3.8/site-packages/airflow/example_dags/example_short_circuit_operator.py
[2024-10-18T23:41:08.409+0000] {processor.py:829} INFO - Processing file /home/airflow/.local/lib/python3.8/site-packages/airflow/example_dags/example_short_circuit_operator.py for tasks to queue
[2024-10-18T23:41:08.423+0000] {logging_mixin.py:151} INFO - [2024-10-18T23:41:08.420+0000] {dagbag.py:536} INFO - Filling up the DagBag from /home/airflow/.local/lib/python3.8/site-packages/airflow/example_dags/example_short_circuit_operator.py
[2024-10-18T23:41:08.508+0000] {processor.py:839} INFO - DAG(s) dict_keys(['example_short_circuit_operator']) retrieved from /home/airflow/.local/lib/python3.8/site-packages/airflow/example_dags/example_short_circuit_operator.py
[2024-10-18T23:41:09.155+0000] {logging_mixin.py:151} INFO - [2024-10-18T23:41:09.131+0000] {dag.py:2941} INFO - Sync 1 DAGs
[2024-10-18T23:41:09.451+0000] {logging_mixin.py:151} INFO - [2024-10-18T23:41:09.437+0000] {dag.py:3722} INFO - Setting next_dagrun for example_short_circuit_operator to 2024-10-17T23:41:09.419377+00:00, run_after=2024-10-18T23:41:09.419377+00:00
[2024-10-18T23:41:09.740+0000] {processor.py:179} INFO - Processing /home/airflow/.local/lib/python3.8/site-packages/airflow/example_dags/example_short_circuit_operator.py took 1.348 seconds
[2024-10-18T23:41:40.132+0000] {processor.py:157} INFO - Started process (PID=335) to work on /home/airflow/.local/lib/python3.8/site-packages/airflow/example_dags/example_short_circuit_operator.py
[2024-10-18T23:41:40.134+0000] {processor.py:829} INFO - Processing file /home/airflow/.local/lib/python3.8/site-packages/airflow/example_dags/example_short_circuit_operator.py for tasks to queue
[2024-10-18T23:41:40.139+0000] {logging_mixin.py:151} INFO - [2024-10-18T23:41:40.139+0000] {dagbag.py:536} INFO - Filling up the DagBag from /home/airflow/.local/lib/python3.8/site-packages/airflow/example_dags/example_short_circuit_operator.py
[2024-10-18T23:41:40.161+0000] {processor.py:839} INFO - DAG(s) dict_keys(['example_short_circuit_operator']) retrieved from /home/airflow/.local/lib/python3.8/site-packages/airflow/example_dags/example_short_circuit_operator.py
[2024-10-18T23:41:40.246+0000] {logging_mixin.py:151} INFO - [2024-10-18T23:41:40.239+0000] {dag.py:2941} INFO - Sync 1 DAGs
[2024-10-18T23:41:40.315+0000] {logging_mixin.py:151} INFO - [2024-10-18T23:41:40.315+0000] {dag.py:3722} INFO - Setting next_dagrun for example_short_circuit_operator to 2024-10-17T23:41:40.315036+00:00, run_after=2024-10-18T23:41:40.315036+00:00
[2024-10-18T23:41:40.358+0000] {processor.py:179} INFO - Processing /home/airflow/.local/lib/python3.8/site-packages/airflow/example_dags/example_short_circuit_operator.py took 0.237 seconds
[2024-10-18T23:43:26.068+0000] {processor.py:157} INFO - Started process (PID=420) to work on /home/airflow/.local/lib/python3.8/site-packages/airflow/example_dags/example_short_circuit_operator.py
[2024-10-18T23:43:26.074+0000] {processor.py:829} INFO - Processing file /home/airflow/.local/lib/python3.8/site-packages/airflow/example_dags/example_short_circuit_operator.py for tasks to queue
[2024-10-18T23:43:26.090+0000] {logging_mixin.py:151} INFO - [2024-10-18T23:43:26.089+0000] {dagbag.py:536} INFO - Filling up the DagBag from /home/airflow/.local/lib/python3.8/site-packages/airflow/example_dags/example_short_circuit_operator.py
[2024-10-18T23:43:26.151+0000] {processor.py:839} INFO - DAG(s) dict_keys(['example_short_circuit_operator']) retrieved from /home/airflow/.local/lib/python3.8/site-packages/airflow/example_dags/example_short_circuit_operator.py
[2024-10-18T23:43:26.250+0000] {logging_mixin.py:151} INFO - [2024-10-18T23:43:26.249+0000] {dag.py:2941} INFO - Sync 1 DAGs
[2024-10-18T23:43:26.304+0000] {logging_mixin.py:151} INFO - [2024-10-18T23:43:26.304+0000] {dag.py:3722} INFO - Setting next_dagrun for example_short_circuit_operator to 2024-10-17T23:43:26.302957+00:00, run_after=2024-10-18T23:43:26.302957+00:00
[2024-10-18T23:43:26.357+0000] {processor.py:179} INFO - Processing /home/airflow/.local/lib/python3.8/site-packages/airflow/example_dags/example_short_circuit_operator.py took 0.300 seconds
[2024-10-18T23:43:58.322+0000] {processor.py:157} INFO - Started process (PID=476) to work on /home/airflow/.local/lib/python3.8/site-packages/airflow/example_dags/example_short_circuit_operator.py
[2024-10-18T23:43:58.324+0000] {processor.py:829} INFO - Processing file /home/airflow/.local/lib/python3.8/site-packages/airflow/example_dags/example_short_circuit_operator.py for tasks to queue
[2024-10-18T23:43:58.328+0000] {logging_mixin.py:151} INFO - [2024-10-18T23:43:58.328+0000] {dagbag.py:536} INFO - Filling up the DagBag from /home/airflow/.local/lib/python3.8/site-packages/airflow/example_dags/example_short_circuit_operator.py
[2024-10-18T23:43:58.345+0000] {processor.py:839} INFO - DAG(s) dict_keys(['example_short_circuit_operator']) retrieved from /home/airflow/.local/lib/python3.8/site-packages/airflow/example_dags/example_short_circuit_operator.py
[2024-10-18T23:43:58.525+0000] {logging_mixin.py:151} INFO - [2024-10-18T23:43:58.525+0000] {dag.py:2941} INFO - Sync 1 DAGs
[2024-10-18T23:43:58.591+0000] {logging_mixin.py:151} INFO - [2024-10-18T23:43:58.589+0000] {dag.py:3722} INFO - Setting next_dagrun for example_short_circuit_operator to 2024-10-17T23:43:58.589379+00:00, run_after=2024-10-18T23:43:58.589379+00:00
[2024-10-18T23:43:58.836+0000] {processor.py:179} INFO - Processing /home/airflow/.local/lib/python3.8/site-packages/airflow/example_dags/example_short_circuit_operator.py took 0.520 seconds
[2024-10-18T23:44:34.975+0000] {processor.py:157} INFO - Started process (PID=534) to work on /home/airflow/.local/lib/python3.8/site-packages/airflow/example_dags/example_short_circuit_operator.py
[2024-10-18T23:44:34.977+0000] {processor.py:829} INFO - Processing file /home/airflow/.local/lib/python3.8/site-packages/airflow/example_dags/example_short_circuit_operator.py for tasks to queue
[2024-10-18T23:44:34.994+0000] {logging_mixin.py:151} INFO - [2024-10-18T23:44:34.993+0000] {dagbag.py:536} INFO - Filling up the DagBag from /home/airflow/.local/lib/python3.8/site-packages/airflow/example_dags/example_short_circuit_operator.py
[2024-10-18T23:44:35.018+0000] {processor.py:839} INFO - DAG(s) dict_keys(['example_short_circuit_operator']) retrieved from /home/airflow/.local/lib/python3.8/site-packages/airflow/example_dags/example_short_circuit_operator.py
[2024-10-18T23:44:35.077+0000] {logging_mixin.py:151} INFO - [2024-10-18T23:44:35.077+0000] {dag.py:2941} INFO - Sync 1 DAGs
[2024-10-18T23:44:35.131+0000] {logging_mixin.py:151} INFO - [2024-10-18T23:44:35.130+0000] {dag.py:3722} INFO - Setting next_dagrun for example_short_circuit_operator to 2024-10-17T23:44:35.130267+00:00, run_after=2024-10-18T23:44:35.130267+00:00
[2024-10-18T23:44:35.170+0000] {processor.py:179} INFO - Processing /home/airflow/.local/lib/python3.8/site-packages/airflow/example_dags/example_short_circuit_operator.py took 0.204 seconds
[2024-10-18T23:45:09.806+0000] {processor.py:157} INFO - Started process (PID=591) to work on /home/airflow/.local/lib/python3.8/site-packages/airflow/example_dags/example_short_circuit_operator.py
[2024-10-18T23:45:09.809+0000] {processor.py:829} INFO - Processing file /home/airflow/.local/lib/python3.8/site-packages/airflow/example_dags/example_short_circuit_operator.py for tasks to queue
[2024-10-18T23:45:09.812+0000] {logging_mixin.py:151} INFO - [2024-10-18T23:45:09.812+0000] {dagbag.py:536} INFO - Filling up the DagBag from /home/airflow/.local/lib/python3.8/site-packages/airflow/example_dags/example_short_circuit_operator.py
[2024-10-18T23:45:09.829+0000] {processor.py:839} INFO - DAG(s) dict_keys(['example_short_circuit_operator']) retrieved from /home/airflow/.local/lib/python3.8/site-packages/airflow/example_dags/example_short_circuit_operator.py
[2024-10-18T23:45:09.881+0000] {logging_mixin.py:151} INFO - [2024-10-18T23:45:09.881+0000] {dag.py:2941} INFO - Sync 1 DAGs
[2024-10-18T23:45:09.921+0000] {logging_mixin.py:151} INFO - [2024-10-18T23:45:09.920+0000] {dag.py:3722} INFO - Setting next_dagrun for example_short_circuit_operator to 2024-10-17T23:45:09.920392+00:00, run_after=2024-10-18T23:45:09.920392+00:00
[2024-10-18T23:45:09.965+0000] {processor.py:179} INFO - Processing /home/airflow/.local/lib/python3.8/site-packages/airflow/example_dags/example_short_circuit_operator.py took 0.163 seconds
[2024-10-18T23:45:40.134+0000] {processor.py:157} INFO - Started process (PID=643) to work on /home/airflow/.local/lib/python3.8/site-packages/airflow/example_dags/example_short_circuit_operator.py
[2024-10-18T23:45:40.137+0000] {processor.py:829} INFO - Processing file /home/airflow/.local/lib/python3.8/site-packages/airflow/example_dags/example_short_circuit_operator.py for tasks to queue
[2024-10-18T23:45:40.141+0000] {logging_mixin.py:151} INFO - [2024-10-18T23:45:40.141+0000] {dagbag.py:536} INFO - Filling up the DagBag from /home/airflow/.local/lib/python3.8/site-packages/airflow/example_dags/example_short_circuit_operator.py
[2024-10-18T23:45:40.156+0000] {processor.py:839} INFO - DAG(s) dict_keys(['example_short_circuit_operator']) retrieved from /home/airflow/.local/lib/python3.8/site-packages/airflow/example_dags/example_short_circuit_operator.py
[2024-10-18T23:45:40.201+0000] {logging_mixin.py:151} INFO - [2024-10-18T23:45:40.201+0000] {dag.py:2941} INFO - Sync 1 DAGs
[2024-10-18T23:45:40.242+0000] {logging_mixin.py:151} INFO - [2024-10-18T23:45:40.242+0000] {dag.py:3722} INFO - Setting next_dagrun for example_short_circuit_operator to 2024-10-17T23:45:40.240317+00:00, run_after=2024-10-18T23:45:40.240317+00:00
[2024-10-18T23:45:40.285+0000] {processor.py:179} INFO - Processing /home/airflow/.local/lib/python3.8/site-packages/airflow/example_dags/example_short_circuit_operator.py took 0.160 seconds
[2024-10-18T23:46:10.339+0000] {processor.py:157} INFO - Started process (PID=696) to work on /home/airflow/.local/lib/python3.8/site-packages/airflow/example_dags/example_short_circuit_operator.py
[2024-10-18T23:46:10.343+0000] {processor.py:829} INFO - Processing file /home/airflow/.local/lib/python3.8/site-packages/airflow/example_dags/example_short_circuit_operator.py for tasks to queue
[2024-10-18T23:46:10.347+0000] {logging_mixin.py:151} INFO - [2024-10-18T23:46:10.347+0000] {dagbag.py:536} INFO - Filling up the DagBag from /home/airflow/.local/lib/python3.8/site-packages/airflow/example_dags/example_short_circuit_operator.py
[2024-10-18T23:46:10.363+0000] {processor.py:839} INFO - DAG(s) dict_keys(['example_short_circuit_operator']) retrieved from /home/airflow/.local/lib/python3.8/site-packages/airflow/example_dags/example_short_circuit_operator.py
[2024-10-18T23:46:10.404+0000] {logging_mixin.py:151} INFO - [2024-10-18T23:46:10.404+0000] {dag.py:2941} INFO - Sync 1 DAGs
[2024-10-18T23:46:10.445+0000] {logging_mixin.py:151} INFO - [2024-10-18T23:46:10.444+0000] {dag.py:3722} INFO - Setting next_dagrun for example_short_circuit_operator to 2024-10-17T23:46:10.444247+00:00, run_after=2024-10-18T23:46:10.444247+00:00
[2024-10-18T23:46:10.492+0000] {processor.py:179} INFO - Processing /home/airflow/.local/lib/python3.8/site-packages/airflow/example_dags/example_short_circuit_operator.py took 0.160 seconds
[2024-10-18T23:46:41.595+0000] {processor.py:157} INFO - Started process (PID=750) to work on /home/airflow/.local/lib/python3.8/site-packages/airflow/example_dags/example_short_circuit_operator.py
[2024-10-18T23:46:41.599+0000] {processor.py:829} INFO - Processing file /home/airflow/.local/lib/python3.8/site-packages/airflow/example_dags/example_short_circuit_operator.py for tasks to queue
[2024-10-18T23:46:41.603+0000] {logging_mixin.py:151} INFO - [2024-10-18T23:46:41.603+0000] {dagbag.py:536} INFO - Filling up the DagBag from /home/airflow/.local/lib/python3.8/site-packages/airflow/example_dags/example_short_circuit_operator.py
[2024-10-18T23:46:41.618+0000] {processor.py:839} INFO - DAG(s) dict_keys(['example_short_circuit_operator']) retrieved from /home/airflow/.local/lib/python3.8/site-packages/airflow/example_dags/example_short_circuit_operator.py
[2024-10-18T23:46:41.664+0000] {logging_mixin.py:151} INFO - [2024-10-18T23:46:41.664+0000] {dag.py:2941} INFO - Sync 1 DAGs
[2024-10-18T23:46:41.703+0000] {logging_mixin.py:151} INFO - [2024-10-18T23:46:41.702+0000] {dag.py:3722} INFO - Setting next_dagrun for example_short_circuit_operator to 2024-10-17T23:46:41.702220+00:00, run_after=2024-10-18T23:46:41.702220+00:00
[2024-10-18T23:46:41.742+0000] {processor.py:179} INFO - Processing /home/airflow/.local/lib/python3.8/site-packages/airflow/example_dags/example_short_circuit_operator.py took 0.153 seconds
[2024-10-18T23:47:12.939+0000] {processor.py:157} INFO - Started process (PID=803) to work on /home/airflow/.local/lib/python3.8/site-packages/airflow/example_dags/example_short_circuit_operator.py
[2024-10-18T23:47:12.942+0000] {processor.py:829} INFO - Processing file /home/airflow/.local/lib/python3.8/site-packages/airflow/example_dags/example_short_circuit_operator.py for tasks to queue
[2024-10-18T23:47:12.948+0000] {logging_mixin.py:151} INFO - [2024-10-18T23:47:12.947+0000] {dagbag.py:536} INFO - Filling up the DagBag from /home/airflow/.local/lib/python3.8/site-packages/airflow/example_dags/example_short_circuit_operator.py
[2024-10-18T23:47:12.976+0000] {processor.py:839} INFO - DAG(s) dict_keys(['example_short_circuit_operator']) retrieved from /home/airflow/.local/lib/python3.8/site-packages/airflow/example_dags/example_short_circuit_operator.py
[2024-10-18T23:47:13.050+0000] {logging_mixin.py:151} INFO - [2024-10-18T23:47:13.050+0000] {dag.py:2941} INFO - Sync 1 DAGs
[2024-10-18T23:47:13.135+0000] {logging_mixin.py:151} INFO - [2024-10-18T23:47:13.135+0000] {dag.py:3722} INFO - Setting next_dagrun for example_short_circuit_operator to 2024-10-17T23:47:13.134748+00:00, run_after=2024-10-18T23:47:13.134748+00:00
[2024-10-18T23:47:13.183+0000] {processor.py:179} INFO - Processing /home/airflow/.local/lib/python3.8/site-packages/airflow/example_dags/example_short_circuit_operator.py took 0.263 seconds
[2024-10-18T23:47:46.605+0000] {processor.py:157} INFO - Started process (PID=866) to work on /home/airflow/.local/lib/python3.8/site-packages/airflow/example_dags/example_short_circuit_operator.py
[2024-10-18T23:47:46.622+0000] {processor.py:829} INFO - Processing file /home/airflow/.local/lib/python3.8/site-packages/airflow/example_dags/example_short_circuit_operator.py for tasks to queue
[2024-10-18T23:47:46.629+0000] {logging_mixin.py:151} INFO - [2024-10-18T23:47:46.628+0000] {dagbag.py:536} INFO - Filling up the DagBag from /home/airflow/.local/lib/python3.8/site-packages/airflow/example_dags/example_short_circuit_operator.py
[2024-10-18T23:47:47.506+0000] {processor.py:839} INFO - DAG(s) dict_keys(['example_short_circuit_operator']) retrieved from /home/airflow/.local/lib/python3.8/site-packages/airflow/example_dags/example_short_circuit_operator.py
[2024-10-18T23:47:48.666+0000] {logging_mixin.py:151} INFO - [2024-10-18T23:47:48.639+0000] {dag.py:2941} INFO - Sync 1 DAGs
[2024-10-18T23:47:49.033+0000] {logging_mixin.py:151} INFO - [2024-10-18T23:47:49.033+0000] {dag.py:3722} INFO - Setting next_dagrun for example_short_circuit_operator to 2024-10-17T23:47:48.990541+00:00, run_after=2024-10-18T23:47:48.990541+00:00
[2024-10-18T23:47:49.292+0000] {processor.py:179} INFO - Processing /home/airflow/.local/lib/python3.8/site-packages/airflow/example_dags/example_short_circuit_operator.py took 2.702 seconds
[2024-10-18T23:48:19.964+0000] {processor.py:157} INFO - Started process (PID=920) to work on /home/airflow/.local/lib/python3.8/site-packages/airflow/example_dags/example_short_circuit_operator.py
[2024-10-18T23:48:19.966+0000] {processor.py:829} INFO - Processing file /home/airflow/.local/lib/python3.8/site-packages/airflow/example_dags/example_short_circuit_operator.py for tasks to queue
[2024-10-18T23:48:19.973+0000] {logging_mixin.py:151} INFO - [2024-10-18T23:48:19.972+0000] {dagbag.py:536} INFO - Filling up the DagBag from /home/airflow/.local/lib/python3.8/site-packages/airflow/example_dags/example_short_circuit_operator.py
[2024-10-18T23:48:20.001+0000] {processor.py:839} INFO - DAG(s) dict_keys(['example_short_circuit_operator']) retrieved from /home/airflow/.local/lib/python3.8/site-packages/airflow/example_dags/example_short_circuit_operator.py
[2024-10-18T23:48:20.097+0000] {logging_mixin.py:151} INFO - [2024-10-18T23:48:20.096+0000] {dag.py:2941} INFO - Sync 1 DAGs
[2024-10-18T23:48:20.158+0000] {logging_mixin.py:151} INFO - [2024-10-18T23:48:20.157+0000] {dag.py:3722} INFO - Setting next_dagrun for example_short_circuit_operator to 2024-10-17T23:48:20.156059+00:00, run_after=2024-10-18T23:48:20.156059+00:00
[2024-10-18T23:48:20.202+0000] {processor.py:179} INFO - Processing /home/airflow/.local/lib/python3.8/site-packages/airflow/example_dags/example_short_circuit_operator.py took 0.244 seconds
[2024-10-18T23:49:04.243+0000] {processor.py:157} INFO - Started process (PID=981) to work on /home/airflow/.local/lib/python3.8/site-packages/airflow/example_dags/example_short_circuit_operator.py
[2024-10-18T23:49:04.246+0000] {processor.py:829} INFO - Processing file /home/airflow/.local/lib/python3.8/site-packages/airflow/example_dags/example_short_circuit_operator.py for tasks to queue
[2024-10-18T23:49:04.255+0000] {logging_mixin.py:151} INFO - [2024-10-18T23:49:04.253+0000] {dagbag.py:536} INFO - Filling up the DagBag from /home/airflow/.local/lib/python3.8/site-packages/airflow/example_dags/example_short_circuit_operator.py
[2024-10-18T23:49:04.288+0000] {processor.py:839} INFO - DAG(s) dict_keys(['example_short_circuit_operator']) retrieved from /home/airflow/.local/lib/python3.8/site-packages/airflow/example_dags/example_short_circuit_operator.py
[2024-10-18T23:49:04.371+0000] {logging_mixin.py:151} INFO - [2024-10-18T23:49:04.370+0000] {dag.py:2941} INFO - Sync 1 DAGs
[2024-10-18T23:49:04.435+0000] {logging_mixin.py:151} INFO - [2024-10-18T23:49:04.435+0000] {dag.py:3722} INFO - Setting next_dagrun for example_short_circuit_operator to 2024-10-17T23:49:04.434788+00:00, run_after=2024-10-18T23:49:04.434788+00:00
[2024-10-18T23:49:04.522+0000] {processor.py:179} INFO - Processing /home/airflow/.local/lib/python3.8/site-packages/airflow/example_dags/example_short_circuit_operator.py took 0.286 seconds
[2024-10-18T23:50:07.859+0000] {processor.py:157} INFO - Started process (PID=1045) to work on /home/airflow/.local/lib/python3.8/site-packages/airflow/example_dags/example_short_circuit_operator.py
[2024-10-18T23:50:07.867+0000] {processor.py:829} INFO - Processing file /home/airflow/.local/lib/python3.8/site-packages/airflow/example_dags/example_short_circuit_operator.py for tasks to queue
[2024-10-18T23:50:07.882+0000] {logging_mixin.py:151} INFO - [2024-10-18T23:50:07.879+0000] {dagbag.py:536} INFO - Filling up the DagBag from /home/airflow/.local/lib/python3.8/site-packages/airflow/example_dags/example_short_circuit_operator.py
[2024-10-18T23:50:07.947+0000] {processor.py:839} INFO - DAG(s) dict_keys(['example_short_circuit_operator']) retrieved from /home/airflow/.local/lib/python3.8/site-packages/airflow/example_dags/example_short_circuit_operator.py
[2024-10-18T23:50:08.196+0000] {logging_mixin.py:151} INFO - [2024-10-18T23:50:08.195+0000] {dag.py:2941} INFO - Sync 1 DAGs
[2024-10-18T23:50:08.463+0000] {logging_mixin.py:151} INFO - [2024-10-18T23:50:08.462+0000] {dag.py:3722} INFO - Setting next_dagrun for example_short_circuit_operator to 2024-10-17T23:50:08.436630+00:00, run_after=2024-10-18T23:50:08.436630+00:00
[2024-10-18T23:50:08.704+0000] {processor.py:179} INFO - Processing /home/airflow/.local/lib/python3.8/site-packages/airflow/example_dags/example_short_circuit_operator.py took 0.866 seconds
[2024-10-18T23:50:38.868+0000] {processor.py:157} INFO - Started process (PID=1098) to work on /home/airflow/.local/lib/python3.8/site-packages/airflow/example_dags/example_short_circuit_operator.py
[2024-10-18T23:50:38.871+0000] {processor.py:829} INFO - Processing file /home/airflow/.local/lib/python3.8/site-packages/airflow/example_dags/example_short_circuit_operator.py for tasks to queue
[2024-10-18T23:50:38.884+0000] {logging_mixin.py:151} INFO - [2024-10-18T23:50:38.882+0000] {dagbag.py:536} INFO - Filling up the DagBag from /home/airflow/.local/lib/python3.8/site-packages/airflow/example_dags/example_short_circuit_operator.py
[2024-10-18T23:50:38.919+0000] {processor.py:839} INFO - DAG(s) dict_keys(['example_short_circuit_operator']) retrieved from /home/airflow/.local/lib/python3.8/site-packages/airflow/example_dags/example_short_circuit_operator.py
[2024-10-18T23:50:38.998+0000] {logging_mixin.py:151} INFO - [2024-10-18T23:50:38.997+0000] {dag.py:2941} INFO - Sync 1 DAGs
[2024-10-18T23:50:39.090+0000] {logging_mixin.py:151} INFO - [2024-10-18T23:50:39.089+0000] {dag.py:3722} INFO - Setting next_dagrun for example_short_circuit_operator to 2024-10-17T23:50:39.089177+00:00, run_after=2024-10-18T23:50:39.089177+00:00
[2024-10-18T23:50:39.166+0000] {processor.py:179} INFO - Processing /home/airflow/.local/lib/python3.8/site-packages/airflow/example_dags/example_short_circuit_operator.py took 0.310 seconds
[2024-10-18T23:51:09.337+0000] {processor.py:157} INFO - Started process (PID=1151) to work on /home/airflow/.local/lib/python3.8/site-packages/airflow/example_dags/example_short_circuit_operator.py
[2024-10-18T23:51:09.340+0000] {processor.py:829} INFO - Processing file /home/airflow/.local/lib/python3.8/site-packages/airflow/example_dags/example_short_circuit_operator.py for tasks to queue
[2024-10-18T23:51:09.346+0000] {logging_mixin.py:151} INFO - [2024-10-18T23:51:09.345+0000] {dagbag.py:536} INFO - Filling up the DagBag from /home/airflow/.local/lib/python3.8/site-packages/airflow/example_dags/example_short_circuit_operator.py
[2024-10-18T23:51:09.370+0000] {processor.py:839} INFO - DAG(s) dict_keys(['example_short_circuit_operator']) retrieved from /home/airflow/.local/lib/python3.8/site-packages/airflow/example_dags/example_short_circuit_operator.py
[2024-10-18T23:51:09.464+0000] {logging_mixin.py:151} INFO - [2024-10-18T23:51:09.464+0000] {dag.py:2941} INFO - Sync 1 DAGs
[2024-10-18T23:51:09.551+0000] {logging_mixin.py:151} INFO - [2024-10-18T23:51:09.550+0000] {dag.py:3722} INFO - Setting next_dagrun for example_short_circuit_operator to 2024-10-17T23:51:09.548741+00:00, run_after=2024-10-18T23:51:09.548741+00:00
[2024-10-18T23:51:09.605+0000] {processor.py:179} INFO - Processing /home/airflow/.local/lib/python3.8/site-packages/airflow/example_dags/example_short_circuit_operator.py took 0.292 seconds
[2024-10-18T23:51:40.755+0000] {processor.py:157} INFO - Started process (PID=1205) to work on /home/airflow/.local/lib/python3.8/site-packages/airflow/example_dags/example_short_circuit_operator.py
[2024-10-18T23:51:40.758+0000] {processor.py:829} INFO - Processing file /home/airflow/.local/lib/python3.8/site-packages/airflow/example_dags/example_short_circuit_operator.py for tasks to queue
[2024-10-18T23:51:40.763+0000] {logging_mixin.py:151} INFO - [2024-10-18T23:51:40.763+0000] {dagbag.py:536} INFO - Filling up the DagBag from /home/airflow/.local/lib/python3.8/site-packages/airflow/example_dags/example_short_circuit_operator.py
[2024-10-18T23:51:40.780+0000] {processor.py:839} INFO - DAG(s) dict_keys(['example_short_circuit_operator']) retrieved from /home/airflow/.local/lib/python3.8/site-packages/airflow/example_dags/example_short_circuit_operator.py
[2024-10-18T23:51:40.843+0000] {logging_mixin.py:151} INFO - [2024-10-18T23:51:40.842+0000] {dag.py:2941} INFO - Sync 1 DAGs
[2024-10-18T23:51:41.283+0000] {logging_mixin.py:151} INFO - [2024-10-18T23:51:41.282+0000] {dag.py:3722} INFO - Setting next_dagrun for example_short_circuit_operator to 2024-10-17T23:51:41.282005+00:00, run_after=2024-10-18T23:51:41.282005+00:00
[2024-10-18T23:51:41.353+0000] {processor.py:179} INFO - Processing /home/airflow/.local/lib/python3.8/site-packages/airflow/example_dags/example_short_circuit_operator.py took 0.605 seconds
[2024-10-18T23:52:11.694+0000] {processor.py:157} INFO - Started process (PID=1259) to work on /home/airflow/.local/lib/python3.8/site-packages/airflow/example_dags/example_short_circuit_operator.py
[2024-10-18T23:52:11.698+0000] {processor.py:829} INFO - Processing file /home/airflow/.local/lib/python3.8/site-packages/airflow/example_dags/example_short_circuit_operator.py for tasks to queue
[2024-10-18T23:52:11.703+0000] {logging_mixin.py:151} INFO - [2024-10-18T23:52:11.702+0000] {dagbag.py:536} INFO - Filling up the DagBag from /home/airflow/.local/lib/python3.8/site-packages/airflow/example_dags/example_short_circuit_operator.py
[2024-10-18T23:52:11.789+0000] {processor.py:839} INFO - DAG(s) dict_keys(['example_short_circuit_operator']) retrieved from /home/airflow/.local/lib/python3.8/site-packages/airflow/example_dags/example_short_circuit_operator.py
[2024-10-18T23:52:11.941+0000] {logging_mixin.py:151} INFO - [2024-10-18T23:52:11.941+0000] {dag.py:2941} INFO - Sync 1 DAGs
[2024-10-18T23:52:12.040+0000] {logging_mixin.py:151} INFO - [2024-10-18T23:52:12.039+0000] {dag.py:3722} INFO - Setting next_dagrun for example_short_circuit_operator to 2024-10-17T23:52:12.038807+00:00, run_after=2024-10-18T23:52:12.038807+00:00
[2024-10-18T23:52:12.157+0000] {processor.py:179} INFO - Processing /home/airflow/.local/lib/python3.8/site-packages/airflow/example_dags/example_short_circuit_operator.py took 0.475 seconds
[2024-10-18T23:52:43.377+0000] {processor.py:157} INFO - Started process (PID=1312) to work on /home/airflow/.local/lib/python3.8/site-packages/airflow/example_dags/example_short_circuit_operator.py
[2024-10-18T23:52:43.379+0000] {processor.py:829} INFO - Processing file /home/airflow/.local/lib/python3.8/site-packages/airflow/example_dags/example_short_circuit_operator.py for tasks to queue
[2024-10-18T23:52:43.383+0000] {logging_mixin.py:151} INFO - [2024-10-18T23:52:43.383+0000] {dagbag.py:536} INFO - Filling up the DagBag from /home/airflow/.local/lib/python3.8/site-packages/airflow/example_dags/example_short_circuit_operator.py
[2024-10-18T23:52:43.397+0000] {processor.py:839} INFO - DAG(s) dict_keys(['example_short_circuit_operator']) retrieved from /home/airflow/.local/lib/python3.8/site-packages/airflow/example_dags/example_short_circuit_operator.py
[2024-10-18T23:52:43.441+0000] {logging_mixin.py:151} INFO - [2024-10-18T23:52:43.440+0000] {dag.py:2941} INFO - Sync 1 DAGs
[2024-10-18T23:52:43.484+0000] {logging_mixin.py:151} INFO - [2024-10-18T23:52:43.484+0000] {dag.py:3722} INFO - Setting next_dagrun for example_short_circuit_operator to 2024-10-17T23:52:43.482438+00:00, run_after=2024-10-18T23:52:43.482438+00:00
[2024-10-18T23:52:43.526+0000] {processor.py:179} INFO - Processing /home/airflow/.local/lib/python3.8/site-packages/airflow/example_dags/example_short_circuit_operator.py took 0.157 seconds
[2024-10-18T23:53:19.683+0000] {processor.py:157} INFO - Started process (PID=1364) to work on /home/airflow/.local/lib/python3.8/site-packages/airflow/example_dags/example_short_circuit_operator.py
[2024-10-18T23:53:19.690+0000] {processor.py:829} INFO - Processing file /home/airflow/.local/lib/python3.8/site-packages/airflow/example_dags/example_short_circuit_operator.py for tasks to queue
[2024-10-18T23:53:19.700+0000] {logging_mixin.py:151} INFO - [2024-10-18T23:53:19.695+0000] {dagbag.py:536} INFO - Filling up the DagBag from /home/airflow/.local/lib/python3.8/site-packages/airflow/example_dags/example_short_circuit_operator.py
[2024-10-18T23:53:19.753+0000] {processor.py:839} INFO - DAG(s) dict_keys(['example_short_circuit_operator']) retrieved from /home/airflow/.local/lib/python3.8/site-packages/airflow/example_dags/example_short_circuit_operator.py
[2024-10-18T23:53:20.779+0000] {logging_mixin.py:151} INFO - [2024-10-18T23:53:20.743+0000] {dag.py:2941} INFO - Sync 1 DAGs
[2024-10-18T23:53:23.122+0000] {logging_mixin.py:151} INFO - [2024-10-18T23:53:23.093+0000] {dag.py:3722} INFO - Setting next_dagrun for example_short_circuit_operator to 2024-10-17T23:53:23.083265+00:00, run_after=2024-10-18T23:53:23.083265+00:00
[2024-10-18T23:53:23.454+0000] {processor.py:179} INFO - Processing /home/airflow/.local/lib/python3.8/site-packages/airflow/example_dags/example_short_circuit_operator.py took 3.795 seconds
[2024-10-18T23:53:56.372+0000] {processor.py:157} INFO - Started process (PID=1417) to work on /home/airflow/.local/lib/python3.8/site-packages/airflow/example_dags/example_short_circuit_operator.py
[2024-10-18T23:53:56.373+0000] {processor.py:829} INFO - Processing file /home/airflow/.local/lib/python3.8/site-packages/airflow/example_dags/example_short_circuit_operator.py for tasks to queue
[2024-10-18T23:53:56.377+0000] {logging_mixin.py:151} INFO - [2024-10-18T23:53:56.376+0000] {dagbag.py:536} INFO - Filling up the DagBag from /home/airflow/.local/lib/python3.8/site-packages/airflow/example_dags/example_short_circuit_operator.py
[2024-10-18T23:53:56.412+0000] {processor.py:839} INFO - DAG(s) dict_keys(['example_short_circuit_operator']) retrieved from /home/airflow/.local/lib/python3.8/site-packages/airflow/example_dags/example_short_circuit_operator.py
[2024-10-18T23:53:56.483+0000] {logging_mixin.py:151} INFO - [2024-10-18T23:53:56.482+0000] {dag.py:2941} INFO - Sync 1 DAGs
[2024-10-18T23:53:56.539+0000] {logging_mixin.py:151} INFO - [2024-10-18T23:53:56.538+0000] {dag.py:3722} INFO - Setting next_dagrun for example_short_circuit_operator to 2024-10-17T23:53:56.538271+00:00, run_after=2024-10-18T23:53:56.538271+00:00
[2024-10-18T23:53:56.981+0000] {processor.py:179} INFO - Processing /home/airflow/.local/lib/python3.8/site-packages/airflow/example_dags/example_short_circuit_operator.py took 0.617 seconds
[2024-10-18T23:54:29.081+0000] {processor.py:157} INFO - Started process (PID=1471) to work on /home/airflow/.local/lib/python3.8/site-packages/airflow/example_dags/example_short_circuit_operator.py
[2024-10-18T23:54:29.083+0000] {processor.py:829} INFO - Processing file /home/airflow/.local/lib/python3.8/site-packages/airflow/example_dags/example_short_circuit_operator.py for tasks to queue
[2024-10-18T23:54:29.089+0000] {logging_mixin.py:151} INFO - [2024-10-18T23:54:29.089+0000] {dagbag.py:536} INFO - Filling up the DagBag from /home/airflow/.local/lib/python3.8/site-packages/airflow/example_dags/example_short_circuit_operator.py
[2024-10-18T23:54:29.105+0000] {processor.py:839} INFO - DAG(s) dict_keys(['example_short_circuit_operator']) retrieved from /home/airflow/.local/lib/python3.8/site-packages/airflow/example_dags/example_short_circuit_operator.py
[2024-10-18T23:54:29.153+0000] {logging_mixin.py:151} INFO - [2024-10-18T23:54:29.152+0000] {dag.py:2941} INFO - Sync 1 DAGs
[2024-10-18T23:54:29.215+0000] {logging_mixin.py:151} INFO - [2024-10-18T23:54:29.214+0000] {dag.py:3722} INFO - Setting next_dagrun for example_short_circuit_operator to 2024-10-17T23:54:29.214499+00:00, run_after=2024-10-18T23:54:29.214499+00:00
[2024-10-18T23:54:29.282+0000] {processor.py:179} INFO - Processing /home/airflow/.local/lib/python3.8/site-packages/airflow/example_dags/example_short_circuit_operator.py took 0.208 seconds
[2024-10-18T23:55:03.796+0000] {processor.py:157} INFO - Started process (PID=1531) to work on /home/airflow/.local/lib/python3.8/site-packages/airflow/example_dags/example_short_circuit_operator.py
[2024-10-18T23:55:03.798+0000] {processor.py:829} INFO - Processing file /home/airflow/.local/lib/python3.8/site-packages/airflow/example_dags/example_short_circuit_operator.py for tasks to queue
[2024-10-18T23:55:03.803+0000] {logging_mixin.py:151} INFO - [2024-10-18T23:55:03.802+0000] {dagbag.py:536} INFO - Filling up the DagBag from /home/airflow/.local/lib/python3.8/site-packages/airflow/example_dags/example_short_circuit_operator.py
[2024-10-18T23:55:03.834+0000] {processor.py:839} INFO - DAG(s) dict_keys(['example_short_circuit_operator']) retrieved from /home/airflow/.local/lib/python3.8/site-packages/airflow/example_dags/example_short_circuit_operator.py
[2024-10-18T23:55:03.937+0000] {logging_mixin.py:151} INFO - [2024-10-18T23:55:03.936+0000] {dag.py:2941} INFO - Sync 1 DAGs
[2024-10-18T23:55:04.018+0000] {logging_mixin.py:151} INFO - [2024-10-18T23:55:04.017+0000] {dag.py:3722} INFO - Setting next_dagrun for example_short_circuit_operator to 2024-10-17T23:55:04.015771+00:00, run_after=2024-10-18T23:55:04.015771+00:00
[2024-10-18T23:55:04.084+0000] {processor.py:179} INFO - Processing /home/airflow/.local/lib/python3.8/site-packages/airflow/example_dags/example_short_circuit_operator.py took 0.296 seconds
[2024-10-18T23:55:34.611+0000] {processor.py:157} INFO - Started process (PID=1585) to work on /home/airflow/.local/lib/python3.8/site-packages/airflow/example_dags/example_short_circuit_operator.py
[2024-10-18T23:55:34.614+0000] {processor.py:829} INFO - Processing file /home/airflow/.local/lib/python3.8/site-packages/airflow/example_dags/example_short_circuit_operator.py for tasks to queue
[2024-10-18T23:55:34.618+0000] {logging_mixin.py:151} INFO - [2024-10-18T23:55:34.618+0000] {dagbag.py:536} INFO - Filling up the DagBag from /home/airflow/.local/lib/python3.8/site-packages/airflow/example_dags/example_short_circuit_operator.py
[2024-10-18T23:55:34.637+0000] {processor.py:839} INFO - DAG(s) dict_keys(['example_short_circuit_operator']) retrieved from /home/airflow/.local/lib/python3.8/site-packages/airflow/example_dags/example_short_circuit_operator.py
[2024-10-18T23:55:34.688+0000] {logging_mixin.py:151} INFO - [2024-10-18T23:55:34.688+0000] {dag.py:2941} INFO - Sync 1 DAGs
[2024-10-18T23:55:34.752+0000] {logging_mixin.py:151} INFO - [2024-10-18T23:55:34.751+0000] {dag.py:3722} INFO - Setting next_dagrun for example_short_circuit_operator to 2024-10-17T23:55:34.750749+00:00, run_after=2024-10-18T23:55:34.750749+00:00
[2024-10-18T23:55:34.808+0000] {processor.py:179} INFO - Processing /home/airflow/.local/lib/python3.8/site-packages/airflow/example_dags/example_short_circuit_operator.py took 0.204 seconds
[2024-10-18T23:56:12.750+0000] {processor.py:157} INFO - Started process (PID=1641) to work on /home/airflow/.local/lib/python3.8/site-packages/airflow/example_dags/example_short_circuit_operator.py
[2024-10-18T23:56:12.754+0000] {processor.py:829} INFO - Processing file /home/airflow/.local/lib/python3.8/site-packages/airflow/example_dags/example_short_circuit_operator.py for tasks to queue
[2024-10-18T23:56:12.763+0000] {logging_mixin.py:151} INFO - [2024-10-18T23:56:12.762+0000] {dagbag.py:536} INFO - Filling up the DagBag from /home/airflow/.local/lib/python3.8/site-packages/airflow/example_dags/example_short_circuit_operator.py
[2024-10-18T23:56:12.791+0000] {processor.py:839} INFO - DAG(s) dict_keys(['example_short_circuit_operator']) retrieved from /home/airflow/.local/lib/python3.8/site-packages/airflow/example_dags/example_short_circuit_operator.py
[2024-10-18T23:56:12.887+0000] {logging_mixin.py:151} INFO - [2024-10-18T23:56:12.887+0000] {dag.py:2941} INFO - Sync 1 DAGs
[2024-10-18T23:56:13.018+0000] {logging_mixin.py:151} INFO - [2024-10-18T23:56:13.011+0000] {dag.py:3722} INFO - Setting next_dagrun for example_short_circuit_operator to 2024-10-17T23:56:13.003037+00:00, run_after=2024-10-18T23:56:13.003037+00:00
[2024-10-18T23:56:13.108+0000] {processor.py:179} INFO - Processing /home/airflow/.local/lib/python3.8/site-packages/airflow/example_dags/example_short_circuit_operator.py took 0.375 seconds
[2024-10-18T23:56:44.517+0000] {processor.py:157} INFO - Started process (PID=1693) to work on /home/airflow/.local/lib/python3.8/site-packages/airflow/example_dags/example_short_circuit_operator.py
[2024-10-18T23:56:44.519+0000] {processor.py:829} INFO - Processing file /home/airflow/.local/lib/python3.8/site-packages/airflow/example_dags/example_short_circuit_operator.py for tasks to queue
[2024-10-18T23:56:44.539+0000] {logging_mixin.py:151} INFO - [2024-10-18T23:56:44.539+0000] {dagbag.py:536} INFO - Filling up the DagBag from /home/airflow/.local/lib/python3.8/site-packages/airflow/example_dags/example_short_circuit_operator.py
[2024-10-18T23:56:44.557+0000] {processor.py:839} INFO - DAG(s) dict_keys(['example_short_circuit_operator']) retrieved from /home/airflow/.local/lib/python3.8/site-packages/airflow/example_dags/example_short_circuit_operator.py
[2024-10-18T23:56:44.639+0000] {logging_mixin.py:151} INFO - [2024-10-18T23:56:44.639+0000] {dag.py:2941} INFO - Sync 1 DAGs
[2024-10-18T23:56:44.740+0000] {logging_mixin.py:151} INFO - [2024-10-18T23:56:44.740+0000] {dag.py:3722} INFO - Setting next_dagrun for example_short_circuit_operator to 2024-10-17T23:56:44.716596+00:00, run_after=2024-10-18T23:56:44.716596+00:00
[2024-10-18T23:56:44.961+0000] {processor.py:179} INFO - Processing /home/airflow/.local/lib/python3.8/site-packages/airflow/example_dags/example_short_circuit_operator.py took 0.451 seconds
[2024-10-18T23:57:27.126+0000] {processor.py:157} INFO - Started process (PID=1747) to work on /home/airflow/.local/lib/python3.8/site-packages/airflow/example_dags/example_short_circuit_operator.py
[2024-10-18T23:57:27.129+0000] {processor.py:829} INFO - Processing file /home/airflow/.local/lib/python3.8/site-packages/airflow/example_dags/example_short_circuit_operator.py for tasks to queue
[2024-10-18T23:57:27.141+0000] {logging_mixin.py:151} INFO - [2024-10-18T23:57:27.140+0000] {dagbag.py:536} INFO - Filling up the DagBag from /home/airflow/.local/lib/python3.8/site-packages/airflow/example_dags/example_short_circuit_operator.py
[2024-10-18T23:57:27.184+0000] {processor.py:839} INFO - DAG(s) dict_keys(['example_short_circuit_operator']) retrieved from /home/airflow/.local/lib/python3.8/site-packages/airflow/example_dags/example_short_circuit_operator.py
[2024-10-18T23:57:27.491+0000] {logging_mixin.py:151} INFO - [2024-10-18T23:57:27.490+0000] {dag.py:2941} INFO - Sync 1 DAGs
[2024-10-18T23:57:27.620+0000] {logging_mixin.py:151} INFO - [2024-10-18T23:57:27.610+0000] {dag.py:3722} INFO - Setting next_dagrun for example_short_circuit_operator to 2024-10-17T23:57:27.603630+00:00, run_after=2024-10-18T23:57:27.603630+00:00
[2024-10-18T23:57:27.838+0000] {processor.py:179} INFO - Processing /home/airflow/.local/lib/python3.8/site-packages/airflow/example_dags/example_short_circuit_operator.py took 0.742 seconds
[2024-10-18T23:57:58.067+0000] {processor.py:157} INFO - Started process (PID=1801) to work on /home/airflow/.local/lib/python3.8/site-packages/airflow/example_dags/example_short_circuit_operator.py
[2024-10-18T23:57:58.072+0000] {processor.py:829} INFO - Processing file /home/airflow/.local/lib/python3.8/site-packages/airflow/example_dags/example_short_circuit_operator.py for tasks to queue
[2024-10-18T23:57:58.090+0000] {logging_mixin.py:151} INFO - [2024-10-18T23:57:58.088+0000] {dagbag.py:536} INFO - Filling up the DagBag from /home/airflow/.local/lib/python3.8/site-packages/airflow/example_dags/example_short_circuit_operator.py
[2024-10-18T23:57:58.117+0000] {processor.py:839} INFO - DAG(s) dict_keys(['example_short_circuit_operator']) retrieved from /home/airflow/.local/lib/python3.8/site-packages/airflow/example_dags/example_short_circuit_operator.py
[2024-10-18T23:57:58.303+0000] {logging_mixin.py:151} INFO - [2024-10-18T23:57:58.294+0000] {dag.py:2941} INFO - Sync 1 DAGs
[2024-10-18T23:57:58.561+0000] {logging_mixin.py:151} INFO - [2024-10-18T23:57:58.560+0000] {dag.py:3722} INFO - Setting next_dagrun for example_short_circuit_operator to 2024-10-17T23:57:58.547811+00:00, run_after=2024-10-18T23:57:58.547811+00:00
[2024-10-18T23:57:58.604+0000] {processor.py:179} INFO - Processing /home/airflow/.local/lib/python3.8/site-packages/airflow/example_dags/example_short_circuit_operator.py took 0.545 seconds
[2024-10-18T23:58:29.010+0000] {processor.py:157} INFO - Started process (PID=1855) to work on /home/airflow/.local/lib/python3.8/site-packages/airflow/example_dags/example_short_circuit_operator.py
[2024-10-18T23:58:29.030+0000] {processor.py:829} INFO - Processing file /home/airflow/.local/lib/python3.8/site-packages/airflow/example_dags/example_short_circuit_operator.py for tasks to queue
[2024-10-18T23:58:29.038+0000] {logging_mixin.py:151} INFO - [2024-10-18T23:58:29.037+0000] {dagbag.py:536} INFO - Filling up the DagBag from /home/airflow/.local/lib/python3.8/site-packages/airflow/example_dags/example_short_circuit_operator.py
[2024-10-18T23:58:29.068+0000] {processor.py:839} INFO - DAG(s) dict_keys(['example_short_circuit_operator']) retrieved from /home/airflow/.local/lib/python3.8/site-packages/airflow/example_dags/example_short_circuit_operator.py
[2024-10-18T23:58:29.172+0000] {logging_mixin.py:151} INFO - [2024-10-18T23:58:29.171+0000] {dag.py:2941} INFO - Sync 1 DAGs
[2024-10-18T23:58:29.258+0000] {logging_mixin.py:151} INFO - [2024-10-18T23:58:29.257+0000] {dag.py:3722} INFO - Setting next_dagrun for example_short_circuit_operator to 2024-10-17T23:58:29.256912+00:00, run_after=2024-10-18T23:58:29.256912+00:00
[2024-10-18T23:58:29.316+0000] {processor.py:179} INFO - Processing /home/airflow/.local/lib/python3.8/site-packages/airflow/example_dags/example_short_circuit_operator.py took 0.321 seconds
[2024-10-18T23:59:00.649+0000] {processor.py:157} INFO - Started process (PID=1909) to work on /home/airflow/.local/lib/python3.8/site-packages/airflow/example_dags/example_short_circuit_operator.py
[2024-10-18T23:59:00.656+0000] {processor.py:829} INFO - Processing file /home/airflow/.local/lib/python3.8/site-packages/airflow/example_dags/example_short_circuit_operator.py for tasks to queue
[2024-10-18T23:59:00.664+0000] {logging_mixin.py:151} INFO - [2024-10-18T23:59:00.662+0000] {dagbag.py:536} INFO - Filling up the DagBag from /home/airflow/.local/lib/python3.8/site-packages/airflow/example_dags/example_short_circuit_operator.py
[2024-10-18T23:59:00.830+0000] {processor.py:839} INFO - DAG(s) dict_keys(['example_short_circuit_operator']) retrieved from /home/airflow/.local/lib/python3.8/site-packages/airflow/example_dags/example_short_circuit_operator.py
[2024-10-18T23:59:00.985+0000] {logging_mixin.py:151} INFO - [2024-10-18T23:59:00.985+0000] {dag.py:2941} INFO - Sync 1 DAGs
[2024-10-18T23:59:01.148+0000] {logging_mixin.py:151} INFO - [2024-10-18T23:59:01.147+0000] {dag.py:3722} INFO - Setting next_dagrun for example_short_circuit_operator to 2024-10-17T23:59:01.143901+00:00, run_after=2024-10-18T23:59:01.143901+00:00
[2024-10-18T23:59:01.266+0000] {processor.py:179} INFO - Processing /home/airflow/.local/lib/python3.8/site-packages/airflow/example_dags/example_short_circuit_operator.py took 0.659 seconds
[2024-10-18T23:59:31.572+0000] {processor.py:157} INFO - Started process (PID=1962) to work on /home/airflow/.local/lib/python3.8/site-packages/airflow/example_dags/example_short_circuit_operator.py
[2024-10-18T23:59:31.575+0000] {processor.py:829} INFO - Processing file /home/airflow/.local/lib/python3.8/site-packages/airflow/example_dags/example_short_circuit_operator.py for tasks to queue
[2024-10-18T23:59:31.586+0000] {logging_mixin.py:151} INFO - [2024-10-18T23:59:31.585+0000] {dagbag.py:536} INFO - Filling up the DagBag from /home/airflow/.local/lib/python3.8/site-packages/airflow/example_dags/example_short_circuit_operator.py
[2024-10-18T23:59:31.615+0000] {processor.py:839} INFO - DAG(s) dict_keys(['example_short_circuit_operator']) retrieved from /home/airflow/.local/lib/python3.8/site-packages/airflow/example_dags/example_short_circuit_operator.py
[2024-10-18T23:59:31.838+0000] {logging_mixin.py:151} INFO - [2024-10-18T23:59:31.837+0000] {dag.py:2941} INFO - Sync 1 DAGs
[2024-10-18T23:59:33.298+0000] {logging_mixin.py:151} INFO - [2024-10-18T23:59:33.297+0000] {dag.py:3722} INFO - Setting next_dagrun for example_short_circuit_operator to 2024-10-17T23:59:33.296143+00:00, run_after=2024-10-18T23:59:33.296143+00:00
[2024-10-18T23:59:33.467+0000] {processor.py:179} INFO - Processing /home/airflow/.local/lib/python3.8/site-packages/airflow/example_dags/example_short_circuit_operator.py took 1.907 seconds
