[2024-10-18T23:31:41.647+0000] {processor.py:157} INFO - Started process (PID=85) to work on /home/airflow/.local/lib/python3.8/site-packages/airflow/example_dags/example_short_circuit_decorator.py
[2024-10-18T23:31:41.663+0000] {processor.py:829} INFO - Processing file /home/airflow/.local/lib/python3.8/site-packages/airflow/example_dags/example_short_circuit_decorator.py for tasks to queue
[2024-10-18T23:31:41.667+0000] {logging_mixin.py:151} INFO - [2024-10-18T23:31:41.667+0000] {dagbag.py:536} INFO - Filling up the DagBag from /home/airflow/.local/lib/python3.8/site-packages/airflow/example_dags/example_short_circuit_decorator.py
[2024-10-18T23:31:41.722+0000] {processor.py:839} INFO - DAG(s) dict_keys(['example_short_circuit_decorator']) retrieved from /home/airflow/.local/lib/python3.8/site-packages/airflow/example_dags/example_short_circuit_decorator.py
[2024-10-18T23:31:41.838+0000] {logging_mixin.py:151} INFO - [2024-10-18T23:31:41.838+0000] {dag.py:2941} INFO - Sync 1 DAGs
[2024-10-18T23:31:42.121+0000] {logging_mixin.py:151} INFO - [2024-10-18T23:31:42.121+0000] {dag.py:3722} INFO - Setting next_dagrun for example_short_circuit_decorator to 2024-10-17T23:31:42.121027+00:00, run_after=2024-10-18T23:31:42.121027+00:00
[2024-10-18T23:31:42.327+0000] {processor.py:179} INFO - Processing /home/airflow/.local/lib/python3.8/site-packages/airflow/example_dags/example_short_circuit_decorator.py took 0.687 seconds
[2024-10-18T23:32:15.593+0000] {processor.py:157} INFO - Started process (PID=139) to work on /home/airflow/.local/lib/python3.8/site-packages/airflow/example_dags/example_short_circuit_decorator.py
[2024-10-18T23:32:15.596+0000] {processor.py:829} INFO - Processing file /home/airflow/.local/lib/python3.8/site-packages/airflow/example_dags/example_short_circuit_decorator.py for tasks to queue
[2024-10-18T23:32:15.604+0000] {logging_mixin.py:151} INFO - [2024-10-18T23:32:15.604+0000] {dagbag.py:536} INFO - Filling up the DagBag from /home/airflow/.local/lib/python3.8/site-packages/airflow/example_dags/example_short_circuit_decorator.py
[2024-10-18T23:32:15.665+0000] {processor.py:839} INFO - DAG(s) dict_keys(['example_short_circuit_decorator']) retrieved from /home/airflow/.local/lib/python3.8/site-packages/airflow/example_dags/example_short_circuit_decorator.py
[2024-10-18T23:32:15.770+0000] {logging_mixin.py:151} INFO - [2024-10-18T23:32:15.770+0000] {dag.py:2941} INFO - Sync 1 DAGs
[2024-10-18T23:32:15.891+0000] {logging_mixin.py:151} INFO - [2024-10-18T23:32:15.890+0000] {dag.py:3722} INFO - Setting next_dagrun for example_short_circuit_decorator to 2024-10-17T23:32:15.890003+00:00, run_after=2024-10-18T23:32:15.890003+00:00
[2024-10-18T23:32:16.170+0000] {processor.py:179} INFO - Processing /home/airflow/.local/lib/python3.8/site-packages/airflow/example_dags/example_short_circuit_decorator.py took 0.629 seconds
[2024-10-18T23:32:46.672+0000] {processor.py:157} INFO - Started process (PID=191) to work on /home/airflow/.local/lib/python3.8/site-packages/airflow/example_dags/example_short_circuit_decorator.py
[2024-10-18T23:32:46.676+0000] {processor.py:829} INFO - Processing file /home/airflow/.local/lib/python3.8/site-packages/airflow/example_dags/example_short_circuit_decorator.py for tasks to queue
[2024-10-18T23:32:46.681+0000] {logging_mixin.py:151} INFO - [2024-10-18T23:32:46.681+0000] {dagbag.py:536} INFO - Filling up the DagBag from /home/airflow/.local/lib/python3.8/site-packages/airflow/example_dags/example_short_circuit_decorator.py
[2024-10-18T23:32:46.744+0000] {processor.py:839} INFO - DAG(s) dict_keys(['example_short_circuit_decorator']) retrieved from /home/airflow/.local/lib/python3.8/site-packages/airflow/example_dags/example_short_circuit_decorator.py
[2024-10-18T23:32:46.831+0000] {logging_mixin.py:151} INFO - [2024-10-18T23:32:46.831+0000] {dag.py:2941} INFO - Sync 1 DAGs
[2024-10-18T23:32:46.920+0000] {logging_mixin.py:151} INFO - [2024-10-18T23:32:46.920+0000] {dag.py:3722} INFO - Setting next_dagrun for example_short_circuit_decorator to 2024-10-17T23:32:46.919976+00:00, run_after=2024-10-18T23:32:46.919976+00:00
[2024-10-18T23:32:47.024+0000] {processor.py:179} INFO - Processing /home/airflow/.local/lib/python3.8/site-packages/airflow/example_dags/example_short_circuit_decorator.py took 0.370 seconds
[2024-10-18T23:33:17.364+0000] {processor.py:157} INFO - Started process (PID=245) to work on /home/airflow/.local/lib/python3.8/site-packages/airflow/example_dags/example_short_circuit_decorator.py
[2024-10-18T23:33:17.369+0000] {processor.py:829} INFO - Processing file /home/airflow/.local/lib/python3.8/site-packages/airflow/example_dags/example_short_circuit_decorator.py for tasks to queue
[2024-10-18T23:33:17.385+0000] {logging_mixin.py:151} INFO - [2024-10-18T23:33:17.384+0000] {dagbag.py:536} INFO - Filling up the DagBag from /home/airflow/.local/lib/python3.8/site-packages/airflow/example_dags/example_short_circuit_decorator.py
[2024-10-18T23:33:17.416+0000] {processor.py:839} INFO - DAG(s) dict_keys(['example_short_circuit_decorator']) retrieved from /home/airflow/.local/lib/python3.8/site-packages/airflow/example_dags/example_short_circuit_decorator.py
[2024-10-18T23:33:17.493+0000] {logging_mixin.py:151} INFO - [2024-10-18T23:33:17.493+0000] {dag.py:2941} INFO - Sync 1 DAGs
[2024-10-18T23:33:17.582+0000] {logging_mixin.py:151} INFO - [2024-10-18T23:33:17.581+0000] {dag.py:3722} INFO - Setting next_dagrun for example_short_circuit_decorator to 2024-10-17T23:33:17.580891+00:00, run_after=2024-10-18T23:33:17.580891+00:00
[2024-10-18T23:33:17.701+0000] {processor.py:179} INFO - Processing /home/airflow/.local/lib/python3.8/site-packages/airflow/example_dags/example_short_circuit_decorator.py took 0.354 seconds
[2024-10-18T23:33:48.007+0000] {processor.py:157} INFO - Started process (PID=299) to work on /home/airflow/.local/lib/python3.8/site-packages/airflow/example_dags/example_short_circuit_decorator.py
[2024-10-18T23:33:48.009+0000] {processor.py:829} INFO - Processing file /home/airflow/.local/lib/python3.8/site-packages/airflow/example_dags/example_short_circuit_decorator.py for tasks to queue
[2024-10-18T23:33:48.024+0000] {logging_mixin.py:151} INFO - [2024-10-18T23:33:48.022+0000] {dagbag.py:536} INFO - Filling up the DagBag from /home/airflow/.local/lib/python3.8/site-packages/airflow/example_dags/example_short_circuit_decorator.py
[2024-10-18T23:33:48.062+0000] {processor.py:839} INFO - DAG(s) dict_keys(['example_short_circuit_decorator']) retrieved from /home/airflow/.local/lib/python3.8/site-packages/airflow/example_dags/example_short_circuit_decorator.py
[2024-10-18T23:33:48.126+0000] {logging_mixin.py:151} INFO - [2024-10-18T23:33:48.125+0000] {dag.py:2941} INFO - Sync 1 DAGs
[2024-10-18T23:33:48.179+0000] {logging_mixin.py:151} INFO - [2024-10-18T23:33:48.179+0000] {dag.py:3722} INFO - Setting next_dagrun for example_short_circuit_decorator to 2024-10-17T23:33:48.177795+00:00, run_after=2024-10-18T23:33:48.177795+00:00
[2024-10-18T23:33:48.235+0000] {processor.py:179} INFO - Processing /home/airflow/.local/lib/python3.8/site-packages/airflow/example_dags/example_short_circuit_decorator.py took 0.235 seconds
[2024-10-18T23:34:18.395+0000] {processor.py:157} INFO - Started process (PID=353) to work on /home/airflow/.local/lib/python3.8/site-packages/airflow/example_dags/example_short_circuit_decorator.py
[2024-10-18T23:34:18.397+0000] {processor.py:829} INFO - Processing file /home/airflow/.local/lib/python3.8/site-packages/airflow/example_dags/example_short_circuit_decorator.py for tasks to queue
[2024-10-18T23:34:18.402+0000] {logging_mixin.py:151} INFO - [2024-10-18T23:34:18.401+0000] {dagbag.py:536} INFO - Filling up the DagBag from /home/airflow/.local/lib/python3.8/site-packages/airflow/example_dags/example_short_circuit_decorator.py
[2024-10-18T23:34:18.419+0000] {processor.py:839} INFO - DAG(s) dict_keys(['example_short_circuit_decorator']) retrieved from /home/airflow/.local/lib/python3.8/site-packages/airflow/example_dags/example_short_circuit_decorator.py
[2024-10-18T23:34:18.468+0000] {logging_mixin.py:151} INFO - [2024-10-18T23:34:18.468+0000] {dag.py:2941} INFO - Sync 1 DAGs
[2024-10-18T23:34:18.511+0000] {logging_mixin.py:151} INFO - [2024-10-18T23:34:18.511+0000] {dag.py:3722} INFO - Setting next_dagrun for example_short_circuit_decorator to 2024-10-17T23:34:18.511319+00:00, run_after=2024-10-18T23:34:18.511319+00:00
[2024-10-18T23:34:18.544+0000] {processor.py:179} INFO - Processing /home/airflow/.local/lib/python3.8/site-packages/airflow/example_dags/example_short_circuit_decorator.py took 0.156 seconds
[2024-10-18T23:34:48.700+0000] {processor.py:157} INFO - Started process (PID=407) to work on /home/airflow/.local/lib/python3.8/site-packages/airflow/example_dags/example_short_circuit_decorator.py
[2024-10-18T23:34:48.701+0000] {processor.py:829} INFO - Processing file /home/airflow/.local/lib/python3.8/site-packages/airflow/example_dags/example_short_circuit_decorator.py for tasks to queue
[2024-10-18T23:34:48.705+0000] {logging_mixin.py:151} INFO - [2024-10-18T23:34:48.704+0000] {dagbag.py:536} INFO - Filling up the DagBag from /home/airflow/.local/lib/python3.8/site-packages/airflow/example_dags/example_short_circuit_decorator.py
[2024-10-18T23:34:48.719+0000] {processor.py:839} INFO - DAG(s) dict_keys(['example_short_circuit_decorator']) retrieved from /home/airflow/.local/lib/python3.8/site-packages/airflow/example_dags/example_short_circuit_decorator.py
[2024-10-18T23:34:48.760+0000] {logging_mixin.py:151} INFO - [2024-10-18T23:34:48.760+0000] {dag.py:2941} INFO - Sync 1 DAGs
[2024-10-18T23:34:48.795+0000] {logging_mixin.py:151} INFO - [2024-10-18T23:34:48.795+0000] {dag.py:3722} INFO - Setting next_dagrun for example_short_circuit_decorator to 2024-10-17T23:34:48.794920+00:00, run_after=2024-10-18T23:34:48.794920+00:00
[2024-10-18T23:34:48.831+0000] {processor.py:179} INFO - Processing /home/airflow/.local/lib/python3.8/site-packages/airflow/example_dags/example_short_circuit_decorator.py took 0.138 seconds
[2024-10-18T23:35:18.913+0000] {processor.py:157} INFO - Started process (PID=460) to work on /home/airflow/.local/lib/python3.8/site-packages/airflow/example_dags/example_short_circuit_decorator.py
[2024-10-18T23:35:18.916+0000] {processor.py:829} INFO - Processing file /home/airflow/.local/lib/python3.8/site-packages/airflow/example_dags/example_short_circuit_decorator.py for tasks to queue
[2024-10-18T23:35:18.920+0000] {logging_mixin.py:151} INFO - [2024-10-18T23:35:18.920+0000] {dagbag.py:536} INFO - Filling up the DagBag from /home/airflow/.local/lib/python3.8/site-packages/airflow/example_dags/example_short_circuit_decorator.py
[2024-10-18T23:35:18.941+0000] {processor.py:839} INFO - DAG(s) dict_keys(['example_short_circuit_decorator']) retrieved from /home/airflow/.local/lib/python3.8/site-packages/airflow/example_dags/example_short_circuit_decorator.py
[2024-10-18T23:35:18.995+0000] {logging_mixin.py:151} INFO - [2024-10-18T23:35:18.995+0000] {dag.py:2941} INFO - Sync 1 DAGs
[2024-10-18T23:35:19.046+0000] {logging_mixin.py:151} INFO - [2024-10-18T23:35:19.046+0000] {dag.py:3722} INFO - Setting next_dagrun for example_short_circuit_decorator to 2024-10-17T23:35:19.045541+00:00, run_after=2024-10-18T23:35:19.045541+00:00
[2024-10-18T23:35:19.090+0000] {processor.py:179} INFO - Processing /home/airflow/.local/lib/python3.8/site-packages/airflow/example_dags/example_short_circuit_decorator.py took 0.184 seconds
[2024-10-18T23:35:49.411+0000] {processor.py:157} INFO - Started process (PID=514) to work on /home/airflow/.local/lib/python3.8/site-packages/airflow/example_dags/example_short_circuit_decorator.py
[2024-10-18T23:35:49.413+0000] {processor.py:829} INFO - Processing file /home/airflow/.local/lib/python3.8/site-packages/airflow/example_dags/example_short_circuit_decorator.py for tasks to queue
[2024-10-18T23:35:49.419+0000] {logging_mixin.py:151} INFO - [2024-10-18T23:35:49.419+0000] {dagbag.py:536} INFO - Filling up the DagBag from /home/airflow/.local/lib/python3.8/site-packages/airflow/example_dags/example_short_circuit_decorator.py
[2024-10-18T23:35:49.445+0000] {processor.py:839} INFO - DAG(s) dict_keys(['example_short_circuit_decorator']) retrieved from /home/airflow/.local/lib/python3.8/site-packages/airflow/example_dags/example_short_circuit_decorator.py
[2024-10-18T23:35:49.510+0000] {logging_mixin.py:151} INFO - [2024-10-18T23:35:49.508+0000] {dag.py:2941} INFO - Sync 1 DAGs
[2024-10-18T23:35:49.591+0000] {logging_mixin.py:151} INFO - [2024-10-18T23:35:49.591+0000] {dag.py:3722} INFO - Setting next_dagrun for example_short_circuit_decorator to 2024-10-17T23:35:49.590963+00:00, run_after=2024-10-18T23:35:49.590963+00:00
[2024-10-18T23:35:49.642+0000] {processor.py:179} INFO - Processing /home/airflow/.local/lib/python3.8/site-packages/airflow/example_dags/example_short_circuit_decorator.py took 0.239 seconds
[2024-10-18T23:36:20.629+0000] {processor.py:157} INFO - Started process (PID=567) to work on /home/airflow/.local/lib/python3.8/site-packages/airflow/example_dags/example_short_circuit_decorator.py
[2024-10-18T23:36:20.636+0000] {processor.py:829} INFO - Processing file /home/airflow/.local/lib/python3.8/site-packages/airflow/example_dags/example_short_circuit_decorator.py for tasks to queue
[2024-10-18T23:36:20.657+0000] {logging_mixin.py:151} INFO - [2024-10-18T23:36:20.655+0000] {dagbag.py:536} INFO - Filling up the DagBag from /home/airflow/.local/lib/python3.8/site-packages/airflow/example_dags/example_short_circuit_decorator.py
[2024-10-18T23:36:20.718+0000] {processor.py:839} INFO - DAG(s) dict_keys(['example_short_circuit_decorator']) retrieved from /home/airflow/.local/lib/python3.8/site-packages/airflow/example_dags/example_short_circuit_decorator.py
[2024-10-18T23:36:20.884+0000] {logging_mixin.py:151} INFO - [2024-10-18T23:36:20.883+0000] {dag.py:2941} INFO - Sync 1 DAGs
[2024-10-18T23:36:21.066+0000] {logging_mixin.py:151} INFO - [2024-10-18T23:36:21.065+0000] {dag.py:3722} INFO - Setting next_dagrun for example_short_circuit_decorator to 2024-10-17T23:36:21.063834+00:00, run_after=2024-10-18T23:36:21.063834+00:00
[2024-10-18T23:36:21.215+0000] {processor.py:179} INFO - Processing /home/airflow/.local/lib/python3.8/site-packages/airflow/example_dags/example_short_circuit_decorator.py took 0.611 seconds
[2024-10-18T23:38:51.708+0000] {processor.py:157} INFO - Started process (PID=85) to work on /home/airflow/.local/lib/python3.8/site-packages/airflow/example_dags/example_short_circuit_decorator.py
[2024-10-18T23:38:51.794+0000] {processor.py:829} INFO - Processing file /home/airflow/.local/lib/python3.8/site-packages/airflow/example_dags/example_short_circuit_decorator.py for tasks to queue
[2024-10-18T23:38:51.869+0000] {logging_mixin.py:151} INFO - [2024-10-18T23:38:51.868+0000] {dagbag.py:536} INFO - Filling up the DagBag from /home/airflow/.local/lib/python3.8/site-packages/airflow/example_dags/example_short_circuit_decorator.py
[2024-10-18T23:38:52.133+0000] {processor.py:839} INFO - DAG(s) dict_keys(['example_short_circuit_decorator']) retrieved from /home/airflow/.local/lib/python3.8/site-packages/airflow/example_dags/example_short_circuit_decorator.py
[2024-10-18T23:38:52.484+0000] {logging_mixin.py:151} INFO - [2024-10-18T23:38:52.483+0000] {dag.py:2941} INFO - Sync 1 DAGs
[2024-10-18T23:38:52.702+0000] {logging_mixin.py:151} INFO - [2024-10-18T23:38:52.702+0000] {dag.py:3722} INFO - Setting next_dagrun for example_short_circuit_decorator to 2024-10-17T23:38:52.701504+00:00, run_after=2024-10-18T23:38:52.701504+00:00
[2024-10-18T23:38:53.170+0000] {processor.py:179} INFO - Processing /home/airflow/.local/lib/python3.8/site-packages/airflow/example_dags/example_short_circuit_decorator.py took 1.499 seconds
[2024-10-18T23:39:23.472+0000] {processor.py:157} INFO - Started process (PID=139) to work on /home/airflow/.local/lib/python3.8/site-packages/airflow/example_dags/example_short_circuit_decorator.py
[2024-10-18T23:39:23.477+0000] {processor.py:829} INFO - Processing file /home/airflow/.local/lib/python3.8/site-packages/airflow/example_dags/example_short_circuit_decorator.py for tasks to queue
[2024-10-18T23:39:23.486+0000] {logging_mixin.py:151} INFO - [2024-10-18T23:39:23.485+0000] {dagbag.py:536} INFO - Filling up the DagBag from /home/airflow/.local/lib/python3.8/site-packages/airflow/example_dags/example_short_circuit_decorator.py
[2024-10-18T23:39:23.516+0000] {processor.py:839} INFO - DAG(s) dict_keys(['example_short_circuit_decorator']) retrieved from /home/airflow/.local/lib/python3.8/site-packages/airflow/example_dags/example_short_circuit_decorator.py
[2024-10-18T23:39:23.582+0000] {logging_mixin.py:151} INFO - [2024-10-18T23:39:23.581+0000] {dag.py:2941} INFO - Sync 1 DAGs
[2024-10-18T23:39:23.631+0000] {logging_mixin.py:151} INFO - [2024-10-18T23:39:23.631+0000] {dag.py:3722} INFO - Setting next_dagrun for example_short_circuit_decorator to 2024-10-17T23:39:23.630893+00:00, run_after=2024-10-18T23:39:23.630893+00:00
[2024-10-18T23:39:23.685+0000] {processor.py:179} INFO - Processing /home/airflow/.local/lib/python3.8/site-packages/airflow/example_dags/example_short_circuit_decorator.py took 0.221 seconds
[2024-10-18T23:39:54.620+0000] {processor.py:157} INFO - Started process (PID=193) to work on /home/airflow/.local/lib/python3.8/site-packages/airflow/example_dags/example_short_circuit_decorator.py
[2024-10-18T23:39:54.622+0000] {processor.py:829} INFO - Processing file /home/airflow/.local/lib/python3.8/site-packages/airflow/example_dags/example_short_circuit_decorator.py for tasks to queue
[2024-10-18T23:39:54.627+0000] {logging_mixin.py:151} INFO - [2024-10-18T23:39:54.626+0000] {dagbag.py:536} INFO - Filling up the DagBag from /home/airflow/.local/lib/python3.8/site-packages/airflow/example_dags/example_short_circuit_decorator.py
[2024-10-18T23:39:54.674+0000] {processor.py:839} INFO - DAG(s) dict_keys(['example_short_circuit_decorator']) retrieved from /home/airflow/.local/lib/python3.8/site-packages/airflow/example_dags/example_short_circuit_decorator.py
[2024-10-18T23:39:54.817+0000] {logging_mixin.py:151} INFO - [2024-10-18T23:39:54.816+0000] {dag.py:2941} INFO - Sync 1 DAGs
[2024-10-18T23:39:54.860+0000] {logging_mixin.py:151} INFO - [2024-10-18T23:39:54.859+0000] {dag.py:3722} INFO - Setting next_dagrun for example_short_circuit_decorator to 2024-10-17T23:39:54.859506+00:00, run_after=2024-10-18T23:39:54.859506+00:00
[2024-10-18T23:39:54.914+0000] {processor.py:179} INFO - Processing /home/airflow/.local/lib/python3.8/site-packages/airflow/example_dags/example_short_circuit_decorator.py took 0.310 seconds
[2024-10-18T23:40:26.112+0000] {processor.py:157} INFO - Started process (PID=247) to work on /home/airflow/.local/lib/python3.8/site-packages/airflow/example_dags/example_short_circuit_decorator.py
[2024-10-18T23:40:26.114+0000] {processor.py:829} INFO - Processing file /home/airflow/.local/lib/python3.8/site-packages/airflow/example_dags/example_short_circuit_decorator.py for tasks to queue
[2024-10-18T23:40:26.120+0000] {logging_mixin.py:151} INFO - [2024-10-18T23:40:26.119+0000] {dagbag.py:536} INFO - Filling up the DagBag from /home/airflow/.local/lib/python3.8/site-packages/airflow/example_dags/example_short_circuit_decorator.py
[2024-10-18T23:40:26.151+0000] {processor.py:839} INFO - DAG(s) dict_keys(['example_short_circuit_decorator']) retrieved from /home/airflow/.local/lib/python3.8/site-packages/airflow/example_dags/example_short_circuit_decorator.py
[2024-10-18T23:40:26.276+0000] {logging_mixin.py:151} INFO - [2024-10-18T23:40:26.276+0000] {dag.py:2941} INFO - Sync 1 DAGs
[2024-10-18T23:40:26.321+0000] {logging_mixin.py:151} INFO - [2024-10-18T23:40:26.321+0000] {dag.py:3722} INFO - Setting next_dagrun for example_short_circuit_decorator to 2024-10-17T23:40:26.313371+00:00, run_after=2024-10-18T23:40:26.313371+00:00
[2024-10-18T23:40:26.375+0000] {processor.py:179} INFO - Processing /home/airflow/.local/lib/python3.8/site-packages/airflow/example_dags/example_short_circuit_decorator.py took 0.287 seconds
[2024-10-18T23:41:14.210+0000] {processor.py:157} INFO - Started process (PID=289) to work on /home/airflow/.local/lib/python3.8/site-packages/airflow/example_dags/example_short_circuit_decorator.py
[2024-10-18T23:41:14.215+0000] {processor.py:829} INFO - Processing file /home/airflow/.local/lib/python3.8/site-packages/airflow/example_dags/example_short_circuit_decorator.py for tasks to queue
[2024-10-18T23:41:14.229+0000] {logging_mixin.py:151} INFO - [2024-10-18T23:41:14.228+0000] {dagbag.py:536} INFO - Filling up the DagBag from /home/airflow/.local/lib/python3.8/site-packages/airflow/example_dags/example_short_circuit_decorator.py
[2024-10-18T23:41:14.371+0000] {processor.py:839} INFO - DAG(s) dict_keys(['example_short_circuit_decorator']) retrieved from /home/airflow/.local/lib/python3.8/site-packages/airflow/example_dags/example_short_circuit_decorator.py
[2024-10-18T23:41:14.581+0000] {logging_mixin.py:151} INFO - [2024-10-18T23:41:14.580+0000] {dag.py:2941} INFO - Sync 1 DAGs
[2024-10-18T23:41:14.686+0000] {logging_mixin.py:151} INFO - [2024-10-18T23:41:14.685+0000] {dag.py:3722} INFO - Setting next_dagrun for example_short_circuit_decorator to 2024-10-17T23:41:14.684859+00:00, run_after=2024-10-18T23:41:14.684859+00:00
[2024-10-18T23:41:14.804+0000] {processor.py:179} INFO - Processing /home/airflow/.local/lib/python3.8/site-packages/airflow/example_dags/example_short_circuit_decorator.py took 0.628 seconds
[2024-10-18T23:41:46.760+0000] {processor.py:157} INFO - Started process (PID=343) to work on /home/airflow/.local/lib/python3.8/site-packages/airflow/example_dags/example_short_circuit_decorator.py
[2024-10-18T23:41:46.762+0000] {processor.py:829} INFO - Processing file /home/airflow/.local/lib/python3.8/site-packages/airflow/example_dags/example_short_circuit_decorator.py for tasks to queue
[2024-10-18T23:41:46.768+0000] {logging_mixin.py:151} INFO - [2024-10-18T23:41:46.767+0000] {dagbag.py:536} INFO - Filling up the DagBag from /home/airflow/.local/lib/python3.8/site-packages/airflow/example_dags/example_short_circuit_decorator.py
[2024-10-18T23:41:46.804+0000] {processor.py:839} INFO - DAG(s) dict_keys(['example_short_circuit_decorator']) retrieved from /home/airflow/.local/lib/python3.8/site-packages/airflow/example_dags/example_short_circuit_decorator.py
[2024-10-18T23:41:47.312+0000] {logging_mixin.py:151} INFO - [2024-10-18T23:41:47.312+0000] {dag.py:2941} INFO - Sync 1 DAGs
[2024-10-18T23:41:48.044+0000] {logging_mixin.py:151} INFO - [2024-10-18T23:41:47.980+0000] {dag.py:3722} INFO - Setting next_dagrun for example_short_circuit_decorator to 2024-10-17T23:41:47.927464+00:00, run_after=2024-10-18T23:41:47.927464+00:00
[2024-10-18T23:41:53.108+0000] {processor.py:179} INFO - Processing /home/airflow/.local/lib/python3.8/site-packages/airflow/example_dags/example_short_circuit_decorator.py took 6.394 seconds
[2024-10-18T23:43:11.618+0000] {processor.py:157} INFO - Started process (PID=401) to work on /home/airflow/.local/lib/python3.8/site-packages/airflow/example_dags/example_short_circuit_decorator.py
[2024-10-18T23:43:11.621+0000] {processor.py:829} INFO - Processing file /home/airflow/.local/lib/python3.8/site-packages/airflow/example_dags/example_short_circuit_decorator.py for tasks to queue
[2024-10-18T23:43:11.625+0000] {logging_mixin.py:151} INFO - [2024-10-18T23:43:11.625+0000] {dagbag.py:536} INFO - Filling up the DagBag from /home/airflow/.local/lib/python3.8/site-packages/airflow/example_dags/example_short_circuit_decorator.py
[2024-10-18T23:43:11.658+0000] {processor.py:839} INFO - DAG(s) dict_keys(['example_short_circuit_decorator']) retrieved from /home/airflow/.local/lib/python3.8/site-packages/airflow/example_dags/example_short_circuit_decorator.py
[2024-10-18T23:43:11.904+0000] {logging_mixin.py:151} INFO - [2024-10-18T23:43:11.903+0000] {dag.py:2941} INFO - Sync 1 DAGs
[2024-10-18T23:43:12.032+0000] {logging_mixin.py:151} INFO - [2024-10-18T23:43:12.031+0000] {dag.py:3722} INFO - Setting next_dagrun for example_short_circuit_decorator to 2024-10-17T23:43:12.025596+00:00, run_after=2024-10-18T23:43:12.025596+00:00
[2024-10-18T23:43:12.190+0000] {processor.py:179} INFO - Processing /home/airflow/.local/lib/python3.8/site-packages/airflow/example_dags/example_short_circuit_decorator.py took 0.682 seconds
[2024-10-18T23:43:42.941+0000] {processor.py:157} INFO - Started process (PID=453) to work on /home/airflow/.local/lib/python3.8/site-packages/airflow/example_dags/example_short_circuit_decorator.py
[2024-10-18T23:43:42.944+0000] {processor.py:829} INFO - Processing file /home/airflow/.local/lib/python3.8/site-packages/airflow/example_dags/example_short_circuit_decorator.py for tasks to queue
[2024-10-18T23:43:42.950+0000] {logging_mixin.py:151} INFO - [2024-10-18T23:43:42.949+0000] {dagbag.py:536} INFO - Filling up the DagBag from /home/airflow/.local/lib/python3.8/site-packages/airflow/example_dags/example_short_circuit_decorator.py
[2024-10-18T23:43:43.018+0000] {processor.py:839} INFO - DAG(s) dict_keys(['example_short_circuit_decorator']) retrieved from /home/airflow/.local/lib/python3.8/site-packages/airflow/example_dags/example_short_circuit_decorator.py
[2024-10-18T23:43:43.122+0000] {logging_mixin.py:151} INFO - [2024-10-18T23:43:43.122+0000] {dag.py:2941} INFO - Sync 1 DAGs
[2024-10-18T23:43:43.223+0000] {logging_mixin.py:151} INFO - [2024-10-18T23:43:43.222+0000] {dag.py:3722} INFO - Setting next_dagrun for example_short_circuit_decorator to 2024-10-17T23:43:43.221041+00:00, run_after=2024-10-18T23:43:43.221041+00:00
[2024-10-18T23:43:43.342+0000] {processor.py:179} INFO - Processing /home/airflow/.local/lib/python3.8/site-packages/airflow/example_dags/example_short_circuit_decorator.py took 0.421 seconds
[2024-10-18T23:44:13.592+0000] {processor.py:157} INFO - Started process (PID=507) to work on /home/airflow/.local/lib/python3.8/site-packages/airflow/example_dags/example_short_circuit_decorator.py
[2024-10-18T23:44:13.596+0000] {processor.py:829} INFO - Processing file /home/airflow/.local/lib/python3.8/site-packages/airflow/example_dags/example_short_circuit_decorator.py for tasks to queue
[2024-10-18T23:44:13.601+0000] {logging_mixin.py:151} INFO - [2024-10-18T23:44:13.601+0000] {dagbag.py:536} INFO - Filling up the DagBag from /home/airflow/.local/lib/python3.8/site-packages/airflow/example_dags/example_short_circuit_decorator.py
[2024-10-18T23:44:13.630+0000] {processor.py:839} INFO - DAG(s) dict_keys(['example_short_circuit_decorator']) retrieved from /home/airflow/.local/lib/python3.8/site-packages/airflow/example_dags/example_short_circuit_decorator.py
[2024-10-18T23:44:13.703+0000] {logging_mixin.py:151} INFO - [2024-10-18T23:44:13.702+0000] {dag.py:2941} INFO - Sync 1 DAGs
[2024-10-18T23:44:13.750+0000] {logging_mixin.py:151} INFO - [2024-10-18T23:44:13.750+0000] {dag.py:3722} INFO - Setting next_dagrun for example_short_circuit_decorator to 2024-10-17T23:44:13.750000+00:00, run_after=2024-10-18T23:44:13.750000+00:00
[2024-10-18T23:44:13.787+0000] {processor.py:179} INFO - Processing /home/airflow/.local/lib/python3.8/site-packages/airflow/example_dags/example_short_circuit_decorator.py took 0.199 seconds
[2024-10-18T23:44:44.386+0000] {processor.py:157} INFO - Started process (PID=561) to work on /home/airflow/.local/lib/python3.8/site-packages/airflow/example_dags/example_short_circuit_decorator.py
[2024-10-18T23:44:44.389+0000] {processor.py:829} INFO - Processing file /home/airflow/.local/lib/python3.8/site-packages/airflow/example_dags/example_short_circuit_decorator.py for tasks to queue
[2024-10-18T23:44:44.396+0000] {logging_mixin.py:151} INFO - [2024-10-18T23:44:44.395+0000] {dagbag.py:536} INFO - Filling up the DagBag from /home/airflow/.local/lib/python3.8/site-packages/airflow/example_dags/example_short_circuit_decorator.py
[2024-10-18T23:44:44.432+0000] {processor.py:839} INFO - DAG(s) dict_keys(['example_short_circuit_decorator']) retrieved from /home/airflow/.local/lib/python3.8/site-packages/airflow/example_dags/example_short_circuit_decorator.py
[2024-10-18T23:44:44.504+0000] {logging_mixin.py:151} INFO - [2024-10-18T23:44:44.503+0000] {dag.py:2941} INFO - Sync 1 DAGs
[2024-10-18T23:44:44.578+0000] {logging_mixin.py:151} INFO - [2024-10-18T23:44:44.578+0000] {dag.py:3722} INFO - Setting next_dagrun for example_short_circuit_decorator to 2024-10-17T23:44:44.576470+00:00, run_after=2024-10-18T23:44:44.576470+00:00
[2024-10-18T23:44:44.627+0000] {processor.py:179} INFO - Processing /home/airflow/.local/lib/python3.8/site-packages/airflow/example_dags/example_short_circuit_decorator.py took 0.248 seconds
[2024-10-18T23:45:15.114+0000] {processor.py:157} INFO - Started process (PID=615) to work on /home/airflow/.local/lib/python3.8/site-packages/airflow/example_dags/example_short_circuit_decorator.py
[2024-10-18T23:45:15.117+0000] {processor.py:829} INFO - Processing file /home/airflow/.local/lib/python3.8/site-packages/airflow/example_dags/example_short_circuit_decorator.py for tasks to queue
[2024-10-18T23:45:15.125+0000] {logging_mixin.py:151} INFO - [2024-10-18T23:45:15.124+0000] {dagbag.py:536} INFO - Filling up the DagBag from /home/airflow/.local/lib/python3.8/site-packages/airflow/example_dags/example_short_circuit_decorator.py
[2024-10-18T23:45:15.170+0000] {processor.py:839} INFO - DAG(s) dict_keys(['example_short_circuit_decorator']) retrieved from /home/airflow/.local/lib/python3.8/site-packages/airflow/example_dags/example_short_circuit_decorator.py
[2024-10-18T23:45:15.227+0000] {logging_mixin.py:151} INFO - [2024-10-18T23:45:15.227+0000] {dag.py:2941} INFO - Sync 1 DAGs
[2024-10-18T23:45:15.289+0000] {logging_mixin.py:151} INFO - [2024-10-18T23:45:15.288+0000] {dag.py:3722} INFO - Setting next_dagrun for example_short_circuit_decorator to 2024-10-17T23:45:15.287182+00:00, run_after=2024-10-18T23:45:15.287182+00:00
[2024-10-18T23:45:15.346+0000] {processor.py:179} INFO - Processing /home/airflow/.local/lib/python3.8/site-packages/airflow/example_dags/example_short_circuit_decorator.py took 0.243 seconds
[2024-10-18T23:45:46.435+0000] {processor.py:157} INFO - Started process (PID=668) to work on /home/airflow/.local/lib/python3.8/site-packages/airflow/example_dags/example_short_circuit_decorator.py
[2024-10-18T23:45:46.439+0000] {processor.py:829} INFO - Processing file /home/airflow/.local/lib/python3.8/site-packages/airflow/example_dags/example_short_circuit_decorator.py for tasks to queue
[2024-10-18T23:45:46.444+0000] {logging_mixin.py:151} INFO - [2024-10-18T23:45:46.444+0000] {dagbag.py:536} INFO - Filling up the DagBag from /home/airflow/.local/lib/python3.8/site-packages/airflow/example_dags/example_short_circuit_decorator.py
[2024-10-18T23:45:46.470+0000] {processor.py:839} INFO - DAG(s) dict_keys(['example_short_circuit_decorator']) retrieved from /home/airflow/.local/lib/python3.8/site-packages/airflow/example_dags/example_short_circuit_decorator.py
[2024-10-18T23:45:46.535+0000] {logging_mixin.py:151} INFO - [2024-10-18T23:45:46.535+0000] {dag.py:2941} INFO - Sync 1 DAGs
[2024-10-18T23:45:46.578+0000] {logging_mixin.py:151} INFO - [2024-10-18T23:45:46.578+0000] {dag.py:3722} INFO - Setting next_dagrun for example_short_circuit_decorator to 2024-10-17T23:45:46.577666+00:00, run_after=2024-10-18T23:45:46.577666+00:00
[2024-10-18T23:45:46.615+0000] {processor.py:179} INFO - Processing /home/airflow/.local/lib/python3.8/site-packages/airflow/example_dags/example_short_circuit_decorator.py took 0.189 seconds
[2024-10-18T23:46:17.491+0000] {processor.py:157} INFO - Started process (PID=720) to work on /home/airflow/.local/lib/python3.8/site-packages/airflow/example_dags/example_short_circuit_decorator.py
[2024-10-18T23:46:17.493+0000] {processor.py:829} INFO - Processing file /home/airflow/.local/lib/python3.8/site-packages/airflow/example_dags/example_short_circuit_decorator.py for tasks to queue
[2024-10-18T23:46:17.501+0000] {logging_mixin.py:151} INFO - [2024-10-18T23:46:17.500+0000] {dagbag.py:536} INFO - Filling up the DagBag from /home/airflow/.local/lib/python3.8/site-packages/airflow/example_dags/example_short_circuit_decorator.py
[2024-10-18T23:46:17.529+0000] {processor.py:839} INFO - DAG(s) dict_keys(['example_short_circuit_decorator']) retrieved from /home/airflow/.local/lib/python3.8/site-packages/airflow/example_dags/example_short_circuit_decorator.py
[2024-10-18T23:46:17.597+0000] {logging_mixin.py:151} INFO - [2024-10-18T23:46:17.596+0000] {dag.py:2941} INFO - Sync 1 DAGs
[2024-10-18T23:46:17.653+0000] {logging_mixin.py:151} INFO - [2024-10-18T23:46:17.652+0000] {dag.py:3722} INFO - Setting next_dagrun for example_short_circuit_decorator to 2024-10-17T23:46:17.652242+00:00, run_after=2024-10-18T23:46:17.652242+00:00
[2024-10-18T23:46:17.743+0000] {processor.py:179} INFO - Processing /home/airflow/.local/lib/python3.8/site-packages/airflow/example_dags/example_short_circuit_decorator.py took 0.259 seconds
[2024-10-18T23:46:48.405+0000] {processor.py:157} INFO - Started process (PID=773) to work on /home/airflow/.local/lib/python3.8/site-packages/airflow/example_dags/example_short_circuit_decorator.py
[2024-10-18T23:46:48.420+0000] {processor.py:829} INFO - Processing file /home/airflow/.local/lib/python3.8/site-packages/airflow/example_dags/example_short_circuit_decorator.py for tasks to queue
[2024-10-18T23:46:48.449+0000] {logging_mixin.py:151} INFO - [2024-10-18T23:46:48.448+0000] {dagbag.py:536} INFO - Filling up the DagBag from /home/airflow/.local/lib/python3.8/site-packages/airflow/example_dags/example_short_circuit_decorator.py
[2024-10-18T23:46:48.543+0000] {processor.py:839} INFO - DAG(s) dict_keys(['example_short_circuit_decorator']) retrieved from /home/airflow/.local/lib/python3.8/site-packages/airflow/example_dags/example_short_circuit_decorator.py
[2024-10-18T23:46:48.673+0000] {logging_mixin.py:151} INFO - [2024-10-18T23:46:48.673+0000] {dag.py:2941} INFO - Sync 1 DAGs
[2024-10-18T23:46:48.708+0000] {logging_mixin.py:151} INFO - [2024-10-18T23:46:48.708+0000] {dag.py:3722} INFO - Setting next_dagrun for example_short_circuit_decorator to 2024-10-17T23:46:48.707871+00:00, run_after=2024-10-18T23:46:48.707871+00:00
[2024-10-18T23:46:48.740+0000] {processor.py:179} INFO - Processing /home/airflow/.local/lib/python3.8/site-packages/airflow/example_dags/example_short_circuit_decorator.py took 0.349 seconds
[2024-10-18T23:47:19.080+0000] {processor.py:157} INFO - Started process (PID=827) to work on /home/airflow/.local/lib/python3.8/site-packages/airflow/example_dags/example_short_circuit_decorator.py
[2024-10-18T23:47:19.084+0000] {processor.py:829} INFO - Processing file /home/airflow/.local/lib/python3.8/site-packages/airflow/example_dags/example_short_circuit_decorator.py for tasks to queue
[2024-10-18T23:47:19.087+0000] {logging_mixin.py:151} INFO - [2024-10-18T23:47:19.087+0000] {dagbag.py:536} INFO - Filling up the DagBag from /home/airflow/.local/lib/python3.8/site-packages/airflow/example_dags/example_short_circuit_decorator.py
[2024-10-18T23:47:19.102+0000] {processor.py:839} INFO - DAG(s) dict_keys(['example_short_circuit_decorator']) retrieved from /home/airflow/.local/lib/python3.8/site-packages/airflow/example_dags/example_short_circuit_decorator.py
[2024-10-18T23:47:19.145+0000] {logging_mixin.py:151} INFO - [2024-10-18T23:47:19.145+0000] {dag.py:2941} INFO - Sync 1 DAGs
[2024-10-18T23:47:19.184+0000] {logging_mixin.py:151} INFO - [2024-10-18T23:47:19.184+0000] {dag.py:3722} INFO - Setting next_dagrun for example_short_circuit_decorator to 2024-10-17T23:47:19.183997+00:00, run_after=2024-10-18T23:47:19.183997+00:00
[2024-10-18T23:47:19.217+0000] {processor.py:179} INFO - Processing /home/airflow/.local/lib/python3.8/site-packages/airflow/example_dags/example_short_circuit_decorator.py took 0.145 seconds
[2024-10-18T23:47:56.355+0000] {processor.py:157} INFO - Started process (PID=874) to work on /home/airflow/.local/lib/python3.8/site-packages/airflow/example_dags/example_short_circuit_decorator.py
[2024-10-18T23:47:56.358+0000] {processor.py:829} INFO - Processing file /home/airflow/.local/lib/python3.8/site-packages/airflow/example_dags/example_short_circuit_decorator.py for tasks to queue
[2024-10-18T23:47:56.365+0000] {logging_mixin.py:151} INFO - [2024-10-18T23:47:56.364+0000] {dagbag.py:536} INFO - Filling up the DagBag from /home/airflow/.local/lib/python3.8/site-packages/airflow/example_dags/example_short_circuit_decorator.py
[2024-10-18T23:47:56.424+0000] {processor.py:839} INFO - DAG(s) dict_keys(['example_short_circuit_decorator']) retrieved from /home/airflow/.local/lib/python3.8/site-packages/airflow/example_dags/example_short_circuit_decorator.py
[2024-10-18T23:47:56.718+0000] {logging_mixin.py:151} INFO - [2024-10-18T23:47:56.709+0000] {dag.py:2941} INFO - Sync 1 DAGs
[2024-10-18T23:47:56.816+0000] {logging_mixin.py:151} INFO - [2024-10-18T23:47:56.816+0000] {dag.py:3722} INFO - Setting next_dagrun for example_short_circuit_decorator to 2024-10-17T23:47:56.807293+00:00, run_after=2024-10-18T23:47:56.807293+00:00
[2024-10-18T23:47:56.892+0000] {processor.py:179} INFO - Processing /home/airflow/.local/lib/python3.8/site-packages/airflow/example_dags/example_short_circuit_decorator.py took 0.548 seconds
[2024-10-18T23:48:27.864+0000] {processor.py:157} INFO - Started process (PID=928) to work on /home/airflow/.local/lib/python3.8/site-packages/airflow/example_dags/example_short_circuit_decorator.py
[2024-10-18T23:48:27.866+0000] {processor.py:829} INFO - Processing file /home/airflow/.local/lib/python3.8/site-packages/airflow/example_dags/example_short_circuit_decorator.py for tasks to queue
[2024-10-18T23:48:27.870+0000] {logging_mixin.py:151} INFO - [2024-10-18T23:48:27.870+0000] {dagbag.py:536} INFO - Filling up the DagBag from /home/airflow/.local/lib/python3.8/site-packages/airflow/example_dags/example_short_circuit_decorator.py
[2024-10-18T23:48:27.889+0000] {processor.py:839} INFO - DAG(s) dict_keys(['example_short_circuit_decorator']) retrieved from /home/airflow/.local/lib/python3.8/site-packages/airflow/example_dags/example_short_circuit_decorator.py
[2024-10-18T23:48:27.975+0000] {logging_mixin.py:151} INFO - [2024-10-18T23:48:27.974+0000] {dag.py:2941} INFO - Sync 1 DAGs
[2024-10-18T23:48:28.025+0000] {logging_mixin.py:151} INFO - [2024-10-18T23:48:28.025+0000] {dag.py:3722} INFO - Setting next_dagrun for example_short_circuit_decorator to 2024-10-17T23:48:28.024585+00:00, run_after=2024-10-18T23:48:28.024585+00:00
[2024-10-18T23:48:28.070+0000] {processor.py:179} INFO - Processing /home/airflow/.local/lib/python3.8/site-packages/airflow/example_dags/example_short_circuit_decorator.py took 0.212 seconds
[2024-10-18T23:49:03.384+0000] {processor.py:157} INFO - Started process (PID=977) to work on /home/airflow/.local/lib/python3.8/site-packages/airflow/example_dags/example_short_circuit_decorator.py
[2024-10-18T23:49:03.388+0000] {processor.py:829} INFO - Processing file /home/airflow/.local/lib/python3.8/site-packages/airflow/example_dags/example_short_circuit_decorator.py for tasks to queue
[2024-10-18T23:49:03.403+0000] {logging_mixin.py:151} INFO - [2024-10-18T23:49:03.402+0000] {dagbag.py:536} INFO - Filling up the DagBag from /home/airflow/.local/lib/python3.8/site-packages/airflow/example_dags/example_short_circuit_decorator.py
[2024-10-18T23:49:03.435+0000] {processor.py:839} INFO - DAG(s) dict_keys(['example_short_circuit_decorator']) retrieved from /home/airflow/.local/lib/python3.8/site-packages/airflow/example_dags/example_short_circuit_decorator.py
[2024-10-18T23:49:03.562+0000] {logging_mixin.py:151} INFO - [2024-10-18T23:49:03.562+0000] {dag.py:2941} INFO - Sync 1 DAGs
[2024-10-18T23:49:03.638+0000] {logging_mixin.py:151} INFO - [2024-10-18T23:49:03.638+0000] {dag.py:3722} INFO - Setting next_dagrun for example_short_circuit_decorator to 2024-10-17T23:49:03.634936+00:00, run_after=2024-10-18T23:49:03.634936+00:00
[2024-10-18T23:49:03.749+0000] {processor.py:179} INFO - Processing /home/airflow/.local/lib/python3.8/site-packages/airflow/example_dags/example_short_circuit_decorator.py took 0.377 seconds
[2024-10-18T23:49:49.827+0000] {processor.py:157} INFO - Started process (PID=1030) to work on /home/airflow/.local/lib/python3.8/site-packages/airflow/example_dags/example_short_circuit_decorator.py
[2024-10-18T23:49:49.845+0000] {processor.py:829} INFO - Processing file /home/airflow/.local/lib/python3.8/site-packages/airflow/example_dags/example_short_circuit_decorator.py for tasks to queue
[2024-10-18T23:49:49.873+0000] {logging_mixin.py:151} INFO - [2024-10-18T23:49:49.861+0000] {dagbag.py:536} INFO - Filling up the DagBag from /home/airflow/.local/lib/python3.8/site-packages/airflow/example_dags/example_short_circuit_decorator.py
[2024-10-18T23:49:49.996+0000] {processor.py:839} INFO - DAG(s) dict_keys(['example_short_circuit_decorator']) retrieved from /home/airflow/.local/lib/python3.8/site-packages/airflow/example_dags/example_short_circuit_decorator.py
[2024-10-18T23:49:50.573+0000] {logging_mixin.py:151} INFO - [2024-10-18T23:49:50.556+0000] {dag.py:2941} INFO - Sync 1 DAGs
[2024-10-18T23:49:51.783+0000] {logging_mixin.py:151} INFO - [2024-10-18T23:49:51.742+0000] {dag.py:3722} INFO - Setting next_dagrun for example_short_circuit_decorator to 2024-10-17T23:49:51.704860+00:00, run_after=2024-10-18T23:49:51.704860+00:00
[2024-10-18T23:49:52.758+0000] {processor.py:179} INFO - Processing /home/airflow/.local/lib/python3.8/site-packages/airflow/example_dags/example_short_circuit_decorator.py took 2.946 seconds
[2024-10-18T23:50:27.620+0000] {processor.py:157} INFO - Started process (PID=1087) to work on /home/airflow/.local/lib/python3.8/site-packages/airflow/example_dags/example_short_circuit_decorator.py
[2024-10-18T23:50:27.626+0000] {processor.py:829} INFO - Processing file /home/airflow/.local/lib/python3.8/site-packages/airflow/example_dags/example_short_circuit_decorator.py for tasks to queue
[2024-10-18T23:50:27.634+0000] {logging_mixin.py:151} INFO - [2024-10-18T23:50:27.632+0000] {dagbag.py:536} INFO - Filling up the DagBag from /home/airflow/.local/lib/python3.8/site-packages/airflow/example_dags/example_short_circuit_decorator.py
[2024-10-18T23:50:27.705+0000] {processor.py:839} INFO - DAG(s) dict_keys(['example_short_circuit_decorator']) retrieved from /home/airflow/.local/lib/python3.8/site-packages/airflow/example_dags/example_short_circuit_decorator.py
[2024-10-18T23:50:28.383+0000] {logging_mixin.py:151} INFO - [2024-10-18T23:50:28.366+0000] {dag.py:2941} INFO - Sync 1 DAGs
[2024-10-18T23:50:28.508+0000] {logging_mixin.py:151} INFO - [2024-10-18T23:50:28.506+0000] {dag.py:3722} INFO - Setting next_dagrun for example_short_circuit_decorator to 2024-10-17T23:50:28.497800+00:00, run_after=2024-10-18T23:50:28.497800+00:00
[2024-10-18T23:50:28.788+0000] {processor.py:179} INFO - Processing /home/airflow/.local/lib/python3.8/site-packages/airflow/example_dags/example_short_circuit_decorator.py took 1.184 seconds
[2024-10-18T23:50:58.966+0000] {processor.py:157} INFO - Started process (PID=1141) to work on /home/airflow/.local/lib/python3.8/site-packages/airflow/example_dags/example_short_circuit_decorator.py
[2024-10-18T23:50:58.969+0000] {processor.py:829} INFO - Processing file /home/airflow/.local/lib/python3.8/site-packages/airflow/example_dags/example_short_circuit_decorator.py for tasks to queue
[2024-10-18T23:50:58.973+0000] {logging_mixin.py:151} INFO - [2024-10-18T23:50:58.972+0000] {dagbag.py:536} INFO - Filling up the DagBag from /home/airflow/.local/lib/python3.8/site-packages/airflow/example_dags/example_short_circuit_decorator.py
[2024-10-18T23:50:58.991+0000] {processor.py:839} INFO - DAG(s) dict_keys(['example_short_circuit_decorator']) retrieved from /home/airflow/.local/lib/python3.8/site-packages/airflow/example_dags/example_short_circuit_decorator.py
[2024-10-18T23:50:59.044+0000] {logging_mixin.py:151} INFO - [2024-10-18T23:50:59.044+0000] {dag.py:2941} INFO - Sync 1 DAGs
[2024-10-18T23:50:59.331+0000] {logging_mixin.py:151} INFO - [2024-10-18T23:50:59.331+0000] {dag.py:3722} INFO - Setting next_dagrun for example_short_circuit_decorator to 2024-10-17T23:50:59.330933+00:00, run_after=2024-10-18T23:50:59.330933+00:00
[2024-10-18T23:50:59.367+0000] {processor.py:179} INFO - Processing /home/airflow/.local/lib/python3.8/site-packages/airflow/example_dags/example_short_circuit_decorator.py took 0.407 seconds
[2024-10-18T23:51:29.840+0000] {processor.py:157} INFO - Started process (PID=1195) to work on /home/airflow/.local/lib/python3.8/site-packages/airflow/example_dags/example_short_circuit_decorator.py
[2024-10-18T23:51:29.842+0000] {processor.py:829} INFO - Processing file /home/airflow/.local/lib/python3.8/site-packages/airflow/example_dags/example_short_circuit_decorator.py for tasks to queue
[2024-10-18T23:51:29.847+0000] {logging_mixin.py:151} INFO - [2024-10-18T23:51:29.846+0000] {dagbag.py:536} INFO - Filling up the DagBag from /home/airflow/.local/lib/python3.8/site-packages/airflow/example_dags/example_short_circuit_decorator.py
[2024-10-18T23:51:29.867+0000] {processor.py:839} INFO - DAG(s) dict_keys(['example_short_circuit_decorator']) retrieved from /home/airflow/.local/lib/python3.8/site-packages/airflow/example_dags/example_short_circuit_decorator.py
[2024-10-18T23:51:29.919+0000] {logging_mixin.py:151} INFO - [2024-10-18T23:51:29.919+0000] {dag.py:2941} INFO - Sync 1 DAGs
[2024-10-18T23:51:29.958+0000] {logging_mixin.py:151} INFO - [2024-10-18T23:51:29.958+0000] {dag.py:3722} INFO - Setting next_dagrun for example_short_circuit_decorator to 2024-10-17T23:51:29.957820+00:00, run_after=2024-10-18T23:51:29.957820+00:00
[2024-10-18T23:51:30.189+0000] {processor.py:179} INFO - Processing /home/airflow/.local/lib/python3.8/site-packages/airflow/example_dags/example_short_circuit_decorator.py took 0.359 seconds
[2024-10-18T23:52:00.324+0000] {processor.py:157} INFO - Started process (PID=1249) to work on /home/airflow/.local/lib/python3.8/site-packages/airflow/example_dags/example_short_circuit_decorator.py
[2024-10-18T23:52:00.326+0000] {processor.py:829} INFO - Processing file /home/airflow/.local/lib/python3.8/site-packages/airflow/example_dags/example_short_circuit_decorator.py for tasks to queue
[2024-10-18T23:52:00.331+0000] {logging_mixin.py:151} INFO - [2024-10-18T23:52:00.330+0000] {dagbag.py:536} INFO - Filling up the DagBag from /home/airflow/.local/lib/python3.8/site-packages/airflow/example_dags/example_short_circuit_decorator.py
[2024-10-18T23:52:00.351+0000] {processor.py:839} INFO - DAG(s) dict_keys(['example_short_circuit_decorator']) retrieved from /home/airflow/.local/lib/python3.8/site-packages/airflow/example_dags/example_short_circuit_decorator.py
[2024-10-18T23:52:00.401+0000] {logging_mixin.py:151} INFO - [2024-10-18T23:52:00.400+0000] {dag.py:2941} INFO - Sync 1 DAGs
[2024-10-18T23:52:00.462+0000] {logging_mixin.py:151} INFO - [2024-10-18T23:52:00.462+0000] {dag.py:3722} INFO - Setting next_dagrun for example_short_circuit_decorator to 2024-10-17T23:52:00.461799+00:00, run_after=2024-10-18T23:52:00.461799+00:00
[2024-10-18T23:52:00.515+0000] {processor.py:179} INFO - Processing /home/airflow/.local/lib/python3.8/site-packages/airflow/example_dags/example_short_circuit_decorator.py took 0.198 seconds
[2024-10-18T23:52:31.713+0000] {processor.py:157} INFO - Started process (PID=1300) to work on /home/airflow/.local/lib/python3.8/site-packages/airflow/example_dags/example_short_circuit_decorator.py
[2024-10-18T23:52:31.714+0000] {processor.py:829} INFO - Processing file /home/airflow/.local/lib/python3.8/site-packages/airflow/example_dags/example_short_circuit_decorator.py for tasks to queue
[2024-10-18T23:52:31.720+0000] {logging_mixin.py:151} INFO - [2024-10-18T23:52:31.719+0000] {dagbag.py:536} INFO - Filling up the DagBag from /home/airflow/.local/lib/python3.8/site-packages/airflow/example_dags/example_short_circuit_decorator.py
[2024-10-18T23:52:31.737+0000] {processor.py:839} INFO - DAG(s) dict_keys(['example_short_circuit_decorator']) retrieved from /home/airflow/.local/lib/python3.8/site-packages/airflow/example_dags/example_short_circuit_decorator.py
[2024-10-18T23:52:31.775+0000] {logging_mixin.py:151} INFO - [2024-10-18T23:52:31.775+0000] {dag.py:2941} INFO - Sync 1 DAGs
[2024-10-18T23:52:32.083+0000] {logging_mixin.py:151} INFO - [2024-10-18T23:52:32.083+0000] {dag.py:3722} INFO - Setting next_dagrun for example_short_circuit_decorator to 2024-10-17T23:52:32.082838+00:00, run_after=2024-10-18T23:52:32.082838+00:00
[2024-10-18T23:52:32.112+0000] {processor.py:179} INFO - Processing /home/airflow/.local/lib/python3.8/site-packages/airflow/example_dags/example_short_circuit_decorator.py took 0.405 seconds
[2024-10-18T23:53:08.249+0000] {processor.py:157} INFO - Started process (PID=1354) to work on /home/airflow/.local/lib/python3.8/site-packages/airflow/example_dags/example_short_circuit_decorator.py
[2024-10-18T23:53:08.253+0000] {processor.py:829} INFO - Processing file /home/airflow/.local/lib/python3.8/site-packages/airflow/example_dags/example_short_circuit_decorator.py for tasks to queue
[2024-10-18T23:53:08.261+0000] {logging_mixin.py:151} INFO - [2024-10-18T23:53:08.260+0000] {dagbag.py:536} INFO - Filling up the DagBag from /home/airflow/.local/lib/python3.8/site-packages/airflow/example_dags/example_short_circuit_decorator.py
[2024-10-18T23:53:08.325+0000] {processor.py:839} INFO - DAG(s) dict_keys(['example_short_circuit_decorator']) retrieved from /home/airflow/.local/lib/python3.8/site-packages/airflow/example_dags/example_short_circuit_decorator.py
[2024-10-18T23:53:08.688+0000] {logging_mixin.py:151} INFO - [2024-10-18T23:53:08.687+0000] {dag.py:2941} INFO - Sync 1 DAGs
[2024-10-18T23:53:08.815+0000] {logging_mixin.py:151} INFO - [2024-10-18T23:53:08.814+0000] {dag.py:3722} INFO - Setting next_dagrun for example_short_circuit_decorator to 2024-10-17T23:53:08.812435+00:00, run_after=2024-10-18T23:53:08.812435+00:00
[2024-10-18T23:53:09.807+0000] {processor.py:179} INFO - Processing /home/airflow/.local/lib/python3.8/site-packages/airflow/example_dags/example_short_circuit_decorator.py took 1.564 seconds
[2024-10-18T23:53:49.845+0000] {processor.py:157} INFO - Started process (PID=1397) to work on /home/airflow/.local/lib/python3.8/site-packages/airflow/example_dags/example_short_circuit_decorator.py
[2024-10-18T23:53:49.847+0000] {processor.py:829} INFO - Processing file /home/airflow/.local/lib/python3.8/site-packages/airflow/example_dags/example_short_circuit_decorator.py for tasks to queue
[2024-10-18T23:53:49.851+0000] {logging_mixin.py:151} INFO - [2024-10-18T23:53:49.850+0000] {dagbag.py:536} INFO - Filling up the DagBag from /home/airflow/.local/lib/python3.8/site-packages/airflow/example_dags/example_short_circuit_decorator.py
[2024-10-18T23:53:49.885+0000] {processor.py:839} INFO - DAG(s) dict_keys(['example_short_circuit_decorator']) retrieved from /home/airflow/.local/lib/python3.8/site-packages/airflow/example_dags/example_short_circuit_decorator.py
[2024-10-18T23:53:49.979+0000] {logging_mixin.py:151} INFO - [2024-10-18T23:53:49.979+0000] {dag.py:2941} INFO - Sync 1 DAGs
[2024-10-18T23:53:50.049+0000] {logging_mixin.py:151} INFO - [2024-10-18T23:53:50.048+0000] {dag.py:3722} INFO - Setting next_dagrun for example_short_circuit_decorator to 2024-10-17T23:53:50.048240+00:00, run_after=2024-10-18T23:53:50.048240+00:00
[2024-10-18T23:53:50.093+0000] {processor.py:179} INFO - Processing /home/airflow/.local/lib/python3.8/site-packages/airflow/example_dags/example_short_circuit_decorator.py took 0.256 seconds
[2024-10-18T23:54:22.064+0000] {processor.py:157} INFO - Started process (PID=1451) to work on /home/airflow/.local/lib/python3.8/site-packages/airflow/example_dags/example_short_circuit_decorator.py
[2024-10-18T23:54:22.066+0000] {processor.py:829} INFO - Processing file /home/airflow/.local/lib/python3.8/site-packages/airflow/example_dags/example_short_circuit_decorator.py for tasks to queue
[2024-10-18T23:54:22.070+0000] {logging_mixin.py:151} INFO - [2024-10-18T23:54:22.070+0000] {dagbag.py:536} INFO - Filling up the DagBag from /home/airflow/.local/lib/python3.8/site-packages/airflow/example_dags/example_short_circuit_decorator.py
[2024-10-18T23:54:22.090+0000] {processor.py:839} INFO - DAG(s) dict_keys(['example_short_circuit_decorator']) retrieved from /home/airflow/.local/lib/python3.8/site-packages/airflow/example_dags/example_short_circuit_decorator.py
[2024-10-18T23:54:22.766+0000] {logging_mixin.py:151} INFO - [2024-10-18T23:54:22.766+0000] {dag.py:2941} INFO - Sync 1 DAGs
[2024-10-18T23:54:22.843+0000] {logging_mixin.py:151} INFO - [2024-10-18T23:54:22.843+0000] {dag.py:3722} INFO - Setting next_dagrun for example_short_circuit_decorator to 2024-10-17T23:54:22.842653+00:00, run_after=2024-10-18T23:54:22.842653+00:00
[2024-10-18T23:54:22.905+0000] {processor.py:179} INFO - Processing /home/airflow/.local/lib/python3.8/site-packages/airflow/example_dags/example_short_circuit_decorator.py took 0.848 seconds
[2024-10-18T23:54:56.168+0000] {processor.py:157} INFO - Started process (PID=1504) to work on /home/airflow/.local/lib/python3.8/site-packages/airflow/example_dags/example_short_circuit_decorator.py
[2024-10-18T23:54:56.170+0000] {processor.py:829} INFO - Processing file /home/airflow/.local/lib/python3.8/site-packages/airflow/example_dags/example_short_circuit_decorator.py for tasks to queue
[2024-10-18T23:54:56.174+0000] {logging_mixin.py:151} INFO - [2024-10-18T23:54:56.173+0000] {dagbag.py:536} INFO - Filling up the DagBag from /home/airflow/.local/lib/python3.8/site-packages/airflow/example_dags/example_short_circuit_decorator.py
[2024-10-18T23:54:56.197+0000] {processor.py:839} INFO - DAG(s) dict_keys(['example_short_circuit_decorator']) retrieved from /home/airflow/.local/lib/python3.8/site-packages/airflow/example_dags/example_short_circuit_decorator.py
[2024-10-18T23:54:56.346+0000] {logging_mixin.py:151} INFO - [2024-10-18T23:54:56.341+0000] {dag.py:2941} INFO - Sync 1 DAGs
[2024-10-18T23:54:56.517+0000] {logging_mixin.py:151} INFO - [2024-10-18T23:54:56.516+0000] {dag.py:3722} INFO - Setting next_dagrun for example_short_circuit_decorator to 2024-10-17T23:54:56.515767+00:00, run_after=2024-10-18T23:54:56.515767+00:00
[2024-10-18T23:54:56.644+0000] {processor.py:179} INFO - Processing /home/airflow/.local/lib/python3.8/site-packages/airflow/example_dags/example_short_circuit_decorator.py took 0.482 seconds
[2024-10-18T23:55:27.106+0000] {processor.py:157} INFO - Started process (PID=1557) to work on /home/airflow/.local/lib/python3.8/site-packages/airflow/example_dags/example_short_circuit_decorator.py
[2024-10-18T23:55:27.108+0000] {processor.py:829} INFO - Processing file /home/airflow/.local/lib/python3.8/site-packages/airflow/example_dags/example_short_circuit_decorator.py for tasks to queue
[2024-10-18T23:55:27.124+0000] {logging_mixin.py:151} INFO - [2024-10-18T23:55:27.123+0000] {dagbag.py:536} INFO - Filling up the DagBag from /home/airflow/.local/lib/python3.8/site-packages/airflow/example_dags/example_short_circuit_decorator.py
[2024-10-18T23:55:27.225+0000] {processor.py:839} INFO - DAG(s) dict_keys(['example_short_circuit_decorator']) retrieved from /home/airflow/.local/lib/python3.8/site-packages/airflow/example_dags/example_short_circuit_decorator.py
[2024-10-18T23:55:27.542+0000] {logging_mixin.py:151} INFO - [2024-10-18T23:55:27.541+0000] {dag.py:2941} INFO - Sync 1 DAGs
[2024-10-18T23:55:27.726+0000] {logging_mixin.py:151} INFO - [2024-10-18T23:55:27.725+0000] {dag.py:3722} INFO - Setting next_dagrun for example_short_circuit_decorator to 2024-10-17T23:55:27.711728+00:00, run_after=2024-10-18T23:55:27.711728+00:00
[2024-10-18T23:55:27.988+0000] {processor.py:179} INFO - Processing /home/airflow/.local/lib/python3.8/site-packages/airflow/example_dags/example_short_circuit_decorator.py took 0.898 seconds
[2024-10-18T23:55:59.724+0000] {processor.py:157} INFO - Started process (PID=1604) to work on /home/airflow/.local/lib/python3.8/site-packages/airflow/example_dags/example_short_circuit_decorator.py
[2024-10-18T23:55:59.727+0000] {processor.py:829} INFO - Processing file /home/airflow/.local/lib/python3.8/site-packages/airflow/example_dags/example_short_circuit_decorator.py for tasks to queue
[2024-10-18T23:55:59.734+0000] {logging_mixin.py:151} INFO - [2024-10-18T23:55:59.734+0000] {dagbag.py:536} INFO - Filling up the DagBag from /home/airflow/.local/lib/python3.8/site-packages/airflow/example_dags/example_short_circuit_decorator.py
[2024-10-18T23:55:59.762+0000] {processor.py:839} INFO - DAG(s) dict_keys(['example_short_circuit_decorator']) retrieved from /home/airflow/.local/lib/python3.8/site-packages/airflow/example_dags/example_short_circuit_decorator.py
[2024-10-18T23:55:59.825+0000] {logging_mixin.py:151} INFO - [2024-10-18T23:55:59.824+0000] {dag.py:2941} INFO - Sync 1 DAGs
[2024-10-18T23:55:59.885+0000] {logging_mixin.py:151} INFO - [2024-10-18T23:55:59.884+0000] {dag.py:3722} INFO - Setting next_dagrun for example_short_circuit_decorator to 2024-10-17T23:55:59.883176+00:00, run_after=2024-10-18T23:55:59.883176+00:00
[2024-10-18T23:55:59.940+0000] {processor.py:179} INFO - Processing /home/airflow/.local/lib/python3.8/site-packages/airflow/example_dags/example_short_circuit_decorator.py took 0.230 seconds
[2024-10-18T23:56:31.381+0000] {processor.py:157} INFO - Started process (PID=1656) to work on /home/airflow/.local/lib/python3.8/site-packages/airflow/example_dags/example_short_circuit_decorator.py
[2024-10-18T23:56:31.383+0000] {processor.py:829} INFO - Processing file /home/airflow/.local/lib/python3.8/site-packages/airflow/example_dags/example_short_circuit_decorator.py for tasks to queue
[2024-10-18T23:56:31.390+0000] {logging_mixin.py:151} INFO - [2024-10-18T23:56:31.387+0000] {dagbag.py:536} INFO - Filling up the DagBag from /home/airflow/.local/lib/python3.8/site-packages/airflow/example_dags/example_short_circuit_decorator.py
[2024-10-18T23:56:31.411+0000] {processor.py:839} INFO - DAG(s) dict_keys(['example_short_circuit_decorator']) retrieved from /home/airflow/.local/lib/python3.8/site-packages/airflow/example_dags/example_short_circuit_decorator.py
[2024-10-18T23:56:31.466+0000] {logging_mixin.py:151} INFO - [2024-10-18T23:56:31.466+0000] {dag.py:2941} INFO - Sync 1 DAGs
[2024-10-18T23:56:31.519+0000] {logging_mixin.py:151} INFO - [2024-10-18T23:56:31.518+0000] {dag.py:3722} INFO - Setting next_dagrun for example_short_circuit_decorator to 2024-10-17T23:56:31.517181+00:00, run_after=2024-10-18T23:56:31.517181+00:00
[2024-10-18T23:56:31.598+0000] {processor.py:179} INFO - Processing /home/airflow/.local/lib/python3.8/site-packages/airflow/example_dags/example_short_circuit_decorator.py took 0.224 seconds
[2024-10-18T23:57:15.185+0000] {processor.py:157} INFO - Started process (PID=1713) to work on /home/airflow/.local/lib/python3.8/site-packages/airflow/example_dags/example_short_circuit_decorator.py
[2024-10-18T23:57:15.190+0000] {processor.py:829} INFO - Processing file /home/airflow/.local/lib/python3.8/site-packages/airflow/example_dags/example_short_circuit_decorator.py for tasks to queue
[2024-10-18T23:57:15.210+0000] {logging_mixin.py:151} INFO - [2024-10-18T23:57:15.210+0000] {dagbag.py:536} INFO - Filling up the DagBag from /home/airflow/.local/lib/python3.8/site-packages/airflow/example_dags/example_short_circuit_decorator.py
[2024-10-18T23:57:15.277+0000] {processor.py:839} INFO - DAG(s) dict_keys(['example_short_circuit_decorator']) retrieved from /home/airflow/.local/lib/python3.8/site-packages/airflow/example_dags/example_short_circuit_decorator.py
[2024-10-18T23:57:15.510+0000] {logging_mixin.py:151} INFO - [2024-10-18T23:57:15.509+0000] {dag.py:2941} INFO - Sync 1 DAGs
[2024-10-18T23:57:15.611+0000] {logging_mixin.py:151} INFO - [2024-10-18T23:57:15.611+0000] {dag.py:3722} INFO - Setting next_dagrun for example_short_circuit_decorator to 2024-10-17T23:57:15.606985+00:00, run_after=2024-10-18T23:57:15.606985+00:00
[2024-10-18T23:57:15.675+0000] {processor.py:179} INFO - Processing /home/airflow/.local/lib/python3.8/site-packages/airflow/example_dags/example_short_circuit_decorator.py took 0.567 seconds
[2024-10-18T23:57:46.347+0000] {processor.py:157} INFO - Started process (PID=1767) to work on /home/airflow/.local/lib/python3.8/site-packages/airflow/example_dags/example_short_circuit_decorator.py
[2024-10-18T23:57:46.349+0000] {processor.py:829} INFO - Processing file /home/airflow/.local/lib/python3.8/site-packages/airflow/example_dags/example_short_circuit_decorator.py for tasks to queue
[2024-10-18T23:57:46.356+0000] {logging_mixin.py:151} INFO - [2024-10-18T23:57:46.352+0000] {dagbag.py:536} INFO - Filling up the DagBag from /home/airflow/.local/lib/python3.8/site-packages/airflow/example_dags/example_short_circuit_decorator.py
[2024-10-18T23:57:46.373+0000] {processor.py:839} INFO - DAG(s) dict_keys(['example_short_circuit_decorator']) retrieved from /home/airflow/.local/lib/python3.8/site-packages/airflow/example_dags/example_short_circuit_decorator.py
[2024-10-18T23:57:46.462+0000] {logging_mixin.py:151} INFO - [2024-10-18T23:57:46.462+0000] {dag.py:2941} INFO - Sync 1 DAGs
[2024-10-18T23:57:46.505+0000] {logging_mixin.py:151} INFO - [2024-10-18T23:57:46.505+0000] {dag.py:3722} INFO - Setting next_dagrun for example_short_circuit_decorator to 2024-10-17T23:57:46.503308+00:00, run_after=2024-10-18T23:57:46.503308+00:00
[2024-10-18T23:57:46.539+0000] {processor.py:179} INFO - Processing /home/airflow/.local/lib/python3.8/site-packages/airflow/example_dags/example_short_circuit_decorator.py took 0.197 seconds
[2024-10-18T23:58:16.638+0000] {processor.py:157} INFO - Started process (PID=1821) to work on /home/airflow/.local/lib/python3.8/site-packages/airflow/example_dags/example_short_circuit_decorator.py
[2024-10-18T23:58:16.640+0000] {processor.py:829} INFO - Processing file /home/airflow/.local/lib/python3.8/site-packages/airflow/example_dags/example_short_circuit_decorator.py for tasks to queue
[2024-10-18T23:58:16.644+0000] {logging_mixin.py:151} INFO - [2024-10-18T23:58:16.643+0000] {dagbag.py:536} INFO - Filling up the DagBag from /home/airflow/.local/lib/python3.8/site-packages/airflow/example_dags/example_short_circuit_decorator.py
[2024-10-18T23:58:16.661+0000] {processor.py:839} INFO - DAG(s) dict_keys(['example_short_circuit_decorator']) retrieved from /home/airflow/.local/lib/python3.8/site-packages/airflow/example_dags/example_short_circuit_decorator.py
[2024-10-18T23:58:16.726+0000] {logging_mixin.py:151} INFO - [2024-10-18T23:58:16.726+0000] {dag.py:2941} INFO - Sync 1 DAGs
[2024-10-18T23:58:16.772+0000] {logging_mixin.py:151} INFO - [2024-10-18T23:58:16.772+0000] {dag.py:3722} INFO - Setting next_dagrun for example_short_circuit_decorator to 2024-10-17T23:58:16.771711+00:00, run_after=2024-10-18T23:58:16.771711+00:00
[2024-10-18T23:58:16.810+0000] {processor.py:179} INFO - Processing /home/airflow/.local/lib/python3.8/site-packages/airflow/example_dags/example_short_circuit_decorator.py took 0.177 seconds
[2024-10-18T23:58:47.432+0000] {processor.py:157} INFO - Started process (PID=1875) to work on /home/airflow/.local/lib/python3.8/site-packages/airflow/example_dags/example_short_circuit_decorator.py
[2024-10-18T23:58:47.434+0000] {processor.py:829} INFO - Processing file /home/airflow/.local/lib/python3.8/site-packages/airflow/example_dags/example_short_circuit_decorator.py for tasks to queue
[2024-10-18T23:58:47.439+0000] {logging_mixin.py:151} INFO - [2024-10-18T23:58:47.439+0000] {dagbag.py:536} INFO - Filling up the DagBag from /home/airflow/.local/lib/python3.8/site-packages/airflow/example_dags/example_short_circuit_decorator.py
[2024-10-18T23:58:47.463+0000] {processor.py:839} INFO - DAG(s) dict_keys(['example_short_circuit_decorator']) retrieved from /home/airflow/.local/lib/python3.8/site-packages/airflow/example_dags/example_short_circuit_decorator.py
[2024-10-18T23:58:47.587+0000] {logging_mixin.py:151} INFO - [2024-10-18T23:58:47.586+0000] {dag.py:2941} INFO - Sync 1 DAGs
[2024-10-18T23:58:47.636+0000] {logging_mixin.py:151} INFO - [2024-10-18T23:58:47.636+0000] {dag.py:3722} INFO - Setting next_dagrun for example_short_circuit_decorator to 2024-10-17T23:58:47.635847+00:00, run_after=2024-10-18T23:58:47.635847+00:00
[2024-10-18T23:58:47.691+0000] {processor.py:179} INFO - Processing /home/airflow/.local/lib/python3.8/site-packages/airflow/example_dags/example_short_circuit_decorator.py took 0.268 seconds
[2024-10-18T23:59:18.205+0000] {processor.py:157} INFO - Started process (PID=1928) to work on /home/airflow/.local/lib/python3.8/site-packages/airflow/example_dags/example_short_circuit_decorator.py
[2024-10-18T23:59:18.208+0000] {processor.py:829} INFO - Processing file /home/airflow/.local/lib/python3.8/site-packages/airflow/example_dags/example_short_circuit_decorator.py for tasks to queue
[2024-10-18T23:59:18.213+0000] {logging_mixin.py:151} INFO - [2024-10-18T23:59:18.212+0000] {dagbag.py:536} INFO - Filling up the DagBag from /home/airflow/.local/lib/python3.8/site-packages/airflow/example_dags/example_short_circuit_decorator.py
[2024-10-18T23:59:18.237+0000] {processor.py:839} INFO - DAG(s) dict_keys(['example_short_circuit_decorator']) retrieved from /home/airflow/.local/lib/python3.8/site-packages/airflow/example_dags/example_short_circuit_decorator.py
[2024-10-18T23:59:18.295+0000] {logging_mixin.py:151} INFO - [2024-10-18T23:59:18.294+0000] {dag.py:2941} INFO - Sync 1 DAGs
[2024-10-18T23:59:18.339+0000] {logging_mixin.py:151} INFO - [2024-10-18T23:59:18.338+0000] {dag.py:3722} INFO - Setting next_dagrun for example_short_circuit_decorator to 2024-10-17T23:59:18.338399+00:00, run_after=2024-10-18T23:59:18.338399+00:00
[2024-10-18T23:59:18.379+0000] {processor.py:179} INFO - Processing /home/airflow/.local/lib/python3.8/site-packages/airflow/example_dags/example_short_circuit_decorator.py took 0.182 seconds
[2024-10-18T23:59:48.829+0000] {processor.py:157} INFO - Started process (PID=1982) to work on /home/airflow/.local/lib/python3.8/site-packages/airflow/example_dags/example_short_circuit_decorator.py
[2024-10-18T23:59:48.831+0000] {processor.py:829} INFO - Processing file /home/airflow/.local/lib/python3.8/site-packages/airflow/example_dags/example_short_circuit_decorator.py for tasks to queue
[2024-10-18T23:59:48.838+0000] {logging_mixin.py:151} INFO - [2024-10-18T23:59:48.837+0000] {dagbag.py:536} INFO - Filling up the DagBag from /home/airflow/.local/lib/python3.8/site-packages/airflow/example_dags/example_short_circuit_decorator.py
[2024-10-18T23:59:48.864+0000] {processor.py:839} INFO - DAG(s) dict_keys(['example_short_circuit_decorator']) retrieved from /home/airflow/.local/lib/python3.8/site-packages/airflow/example_dags/example_short_circuit_decorator.py
[2024-10-18T23:59:48.953+0000] {logging_mixin.py:151} INFO - [2024-10-18T23:59:48.952+0000] {dag.py:2941} INFO - Sync 1 DAGs
[2024-10-18T23:59:49.027+0000] {logging_mixin.py:151} INFO - [2024-10-18T23:59:49.026+0000] {dag.py:3722} INFO - Setting next_dagrun for example_short_circuit_decorator to 2024-10-17T23:59:49.023958+00:00, run_after=2024-10-18T23:59:49.023958+00:00
[2024-10-18T23:59:49.094+0000] {processor.py:179} INFO - Processing /home/airflow/.local/lib/python3.8/site-packages/airflow/example_dags/example_short_circuit_decorator.py took 0.273 seconds
