[2024-10-18T23:31:53.884+0000] {processor.py:157} INFO - Started process (PID=103) to work on /home/airflow/.local/lib/python3.8/site-packages/airflow/example_dags/example_external_task_marker_dag.py
[2024-10-18T23:31:53.885+0000] {processor.py:829} INFO - Processing file /home/airflow/.local/lib/python3.8/site-packages/airflow/example_dags/example_external_task_marker_dag.py for tasks to queue
[2024-10-18T23:31:53.894+0000] {logging_mixin.py:151} INFO - [2024-10-18T23:31:53.893+0000] {dagbag.py:536} INFO - Filling up the DagBag from /home/airflow/.local/lib/python3.8/site-packages/airflow/example_dags/example_external_task_marker_dag.py
[2024-10-18T23:31:53.919+0000] {processor.py:839} INFO - DAG(s) dict_keys(['example_external_task_marker_child', 'example_external_task_marker_parent']) retrieved from /home/airflow/.local/lib/python3.8/site-packages/airflow/example_dags/example_external_task_marker_dag.py
[2024-10-18T23:31:54.018+0000] {logging_mixin.py:151} INFO - [2024-10-18T23:31:54.017+0000] {dag.py:2941} INFO - Sync 2 DAGs
[2024-10-18T23:31:54.053+0000] {logging_mixin.py:151} INFO - [2024-10-18T23:31:54.052+0000] {dag.py:3722} INFO - Setting next_dagrun for example_external_task_marker_child to None, run_after=None
[2024-10-18T23:31:54.068+0000] {logging_mixin.py:151} INFO - [2024-10-18T23:31:54.068+0000] {dag.py:3722} INFO - Setting next_dagrun for example_external_task_marker_parent to None, run_after=None
[2024-10-18T23:31:54.137+0000] {processor.py:179} INFO - Processing /home/airflow/.local/lib/python3.8/site-packages/airflow/example_dags/example_external_task_marker_dag.py took 0.267 seconds
[2024-10-18T23:32:24.707+0000] {processor.py:157} INFO - Started process (PID=156) to work on /home/airflow/.local/lib/python3.8/site-packages/airflow/example_dags/example_external_task_marker_dag.py
[2024-10-18T23:32:24.712+0000] {processor.py:829} INFO - Processing file /home/airflow/.local/lib/python3.8/site-packages/airflow/example_dags/example_external_task_marker_dag.py for tasks to queue
[2024-10-18T23:32:24.718+0000] {logging_mixin.py:151} INFO - [2024-10-18T23:32:24.717+0000] {dagbag.py:536} INFO - Filling up the DagBag from /home/airflow/.local/lib/python3.8/site-packages/airflow/example_dags/example_external_task_marker_dag.py
[2024-10-18T23:32:24.741+0000] {processor.py:839} INFO - DAG(s) dict_keys(['example_external_task_marker_parent', 'example_external_task_marker_child']) retrieved from /home/airflow/.local/lib/python3.8/site-packages/airflow/example_dags/example_external_task_marker_dag.py
[2024-10-18T23:32:24.861+0000] {logging_mixin.py:151} INFO - [2024-10-18T23:32:24.861+0000] {dag.py:2941} INFO - Sync 2 DAGs
[2024-10-18T23:32:24.893+0000] {logging_mixin.py:151} INFO - [2024-10-18T23:32:24.893+0000] {dag.py:3722} INFO - Setting next_dagrun for example_external_task_marker_child to None, run_after=None
[2024-10-18T23:32:24.901+0000] {logging_mixin.py:151} INFO - [2024-10-18T23:32:24.901+0000] {dag.py:3722} INFO - Setting next_dagrun for example_external_task_marker_parent to None, run_after=None
[2024-10-18T23:32:24.959+0000] {processor.py:179} INFO - Processing /home/airflow/.local/lib/python3.8/site-packages/airflow/example_dags/example_external_task_marker_dag.py took 0.258 seconds
[2024-10-18T23:32:55.190+0000] {processor.py:157} INFO - Started process (PID=210) to work on /home/airflow/.local/lib/python3.8/site-packages/airflow/example_dags/example_external_task_marker_dag.py
[2024-10-18T23:32:55.191+0000] {processor.py:829} INFO - Processing file /home/airflow/.local/lib/python3.8/site-packages/airflow/example_dags/example_external_task_marker_dag.py for tasks to queue
[2024-10-18T23:32:55.196+0000] {logging_mixin.py:151} INFO - [2024-10-18T23:32:55.195+0000] {dagbag.py:536} INFO - Filling up the DagBag from /home/airflow/.local/lib/python3.8/site-packages/airflow/example_dags/example_external_task_marker_dag.py
[2024-10-18T23:32:55.210+0000] {processor.py:839} INFO - DAG(s) dict_keys(['example_external_task_marker_child', 'example_external_task_marker_parent']) retrieved from /home/airflow/.local/lib/python3.8/site-packages/airflow/example_dags/example_external_task_marker_dag.py
[2024-10-18T23:32:55.469+0000] {logging_mixin.py:151} INFO - [2024-10-18T23:32:55.469+0000] {dag.py:2941} INFO - Sync 2 DAGs
[2024-10-18T23:32:55.498+0000] {logging_mixin.py:151} INFO - [2024-10-18T23:32:55.498+0000] {dag.py:3722} INFO - Setting next_dagrun for example_external_task_marker_child to None, run_after=None
[2024-10-18T23:32:55.506+0000] {logging_mixin.py:151} INFO - [2024-10-18T23:32:55.506+0000] {dag.py:3722} INFO - Setting next_dagrun for example_external_task_marker_parent to None, run_after=None
[2024-10-18T23:32:55.549+0000] {processor.py:179} INFO - Processing /home/airflow/.local/lib/python3.8/site-packages/airflow/example_dags/example_external_task_marker_dag.py took 0.367 seconds
[2024-10-18T23:33:25.748+0000] {processor.py:157} INFO - Started process (PID=264) to work on /home/airflow/.local/lib/python3.8/site-packages/airflow/example_dags/example_external_task_marker_dag.py
[2024-10-18T23:33:25.750+0000] {processor.py:829} INFO - Processing file /home/airflow/.local/lib/python3.8/site-packages/airflow/example_dags/example_external_task_marker_dag.py for tasks to queue
[2024-10-18T23:33:25.755+0000] {logging_mixin.py:151} INFO - [2024-10-18T23:33:25.755+0000] {dagbag.py:536} INFO - Filling up the DagBag from /home/airflow/.local/lib/python3.8/site-packages/airflow/example_dags/example_external_task_marker_dag.py
[2024-10-18T23:33:25.781+0000] {processor.py:839} INFO - DAG(s) dict_keys(['example_external_task_marker_parent', 'example_external_task_marker_child']) retrieved from /home/airflow/.local/lib/python3.8/site-packages/airflow/example_dags/example_external_task_marker_dag.py
[2024-10-18T23:33:25.846+0000] {logging_mixin.py:151} INFO - [2024-10-18T23:33:25.845+0000] {dag.py:2941} INFO - Sync 2 DAGs
[2024-10-18T23:33:25.887+0000] {logging_mixin.py:151} INFO - [2024-10-18T23:33:25.886+0000] {dag.py:3722} INFO - Setting next_dagrun for example_external_task_marker_child to None, run_after=None
[2024-10-18T23:33:25.894+0000] {logging_mixin.py:151} INFO - [2024-10-18T23:33:25.894+0000] {dag.py:3722} INFO - Setting next_dagrun for example_external_task_marker_parent to None, run_after=None
[2024-10-18T23:33:25.943+0000] {processor.py:179} INFO - Processing /home/airflow/.local/lib/python3.8/site-packages/airflow/example_dags/example_external_task_marker_dag.py took 0.204 seconds
[2024-10-18T23:33:56.587+0000] {processor.py:157} INFO - Started process (PID=318) to work on /home/airflow/.local/lib/python3.8/site-packages/airflow/example_dags/example_external_task_marker_dag.py
[2024-10-18T23:33:56.589+0000] {processor.py:829} INFO - Processing file /home/airflow/.local/lib/python3.8/site-packages/airflow/example_dags/example_external_task_marker_dag.py for tasks to queue
[2024-10-18T23:33:56.596+0000] {logging_mixin.py:151} INFO - [2024-10-18T23:33:56.595+0000] {dagbag.py:536} INFO - Filling up the DagBag from /home/airflow/.local/lib/python3.8/site-packages/airflow/example_dags/example_external_task_marker_dag.py
[2024-10-18T23:33:56.740+0000] {processor.py:839} INFO - DAG(s) dict_keys(['example_external_task_marker_child', 'example_external_task_marker_parent']) retrieved from /home/airflow/.local/lib/python3.8/site-packages/airflow/example_dags/example_external_task_marker_dag.py
[2024-10-18T23:33:56.812+0000] {logging_mixin.py:151} INFO - [2024-10-18T23:33:56.811+0000] {dag.py:2941} INFO - Sync 2 DAGs
[2024-10-18T23:33:56.844+0000] {logging_mixin.py:151} INFO - [2024-10-18T23:33:56.844+0000] {dag.py:3722} INFO - Setting next_dagrun for example_external_task_marker_child to None, run_after=None
[2024-10-18T23:33:56.853+0000] {logging_mixin.py:151} INFO - [2024-10-18T23:33:56.853+0000] {dag.py:3722} INFO - Setting next_dagrun for example_external_task_marker_parent to None, run_after=None
[2024-10-18T23:33:56.892+0000] {processor.py:179} INFO - Processing /home/airflow/.local/lib/python3.8/site-packages/airflow/example_dags/example_external_task_marker_dag.py took 0.328 seconds
[2024-10-18T23:34:27.780+0000] {processor.py:157} INFO - Started process (PID=372) to work on /home/airflow/.local/lib/python3.8/site-packages/airflow/example_dags/example_external_task_marker_dag.py
[2024-10-18T23:34:27.782+0000] {processor.py:829} INFO - Processing file /home/airflow/.local/lib/python3.8/site-packages/airflow/example_dags/example_external_task_marker_dag.py for tasks to queue
[2024-10-18T23:34:27.786+0000] {logging_mixin.py:151} INFO - [2024-10-18T23:34:27.786+0000] {dagbag.py:536} INFO - Filling up the DagBag from /home/airflow/.local/lib/python3.8/site-packages/airflow/example_dags/example_external_task_marker_dag.py
[2024-10-18T23:34:27.801+0000] {processor.py:839} INFO - DAG(s) dict_keys(['example_external_task_marker_child', 'example_external_task_marker_parent']) retrieved from /home/airflow/.local/lib/python3.8/site-packages/airflow/example_dags/example_external_task_marker_dag.py
[2024-10-18T23:34:27.863+0000] {logging_mixin.py:151} INFO - [2024-10-18T23:34:27.863+0000] {dag.py:2941} INFO - Sync 2 DAGs
[2024-10-18T23:34:27.894+0000] {logging_mixin.py:151} INFO - [2024-10-18T23:34:27.893+0000] {dag.py:3722} INFO - Setting next_dagrun for example_external_task_marker_child to None, run_after=None
[2024-10-18T23:34:27.904+0000] {logging_mixin.py:151} INFO - [2024-10-18T23:34:27.903+0000] {dag.py:3722} INFO - Setting next_dagrun for example_external_task_marker_parent to None, run_after=None
[2024-10-18T23:34:27.954+0000] {processor.py:179} INFO - Processing /home/airflow/.local/lib/python3.8/site-packages/airflow/example_dags/example_external_task_marker_dag.py took 0.183 seconds
[2024-10-18T23:34:58.422+0000] {processor.py:157} INFO - Started process (PID=424) to work on /home/airflow/.local/lib/python3.8/site-packages/airflow/example_dags/example_external_task_marker_dag.py
[2024-10-18T23:34:58.425+0000] {processor.py:829} INFO - Processing file /home/airflow/.local/lib/python3.8/site-packages/airflow/example_dags/example_external_task_marker_dag.py for tasks to queue
[2024-10-18T23:34:58.432+0000] {logging_mixin.py:151} INFO - [2024-10-18T23:34:58.432+0000] {dagbag.py:536} INFO - Filling up the DagBag from /home/airflow/.local/lib/python3.8/site-packages/airflow/example_dags/example_external_task_marker_dag.py
[2024-10-18T23:34:58.452+0000] {processor.py:839} INFO - DAG(s) dict_keys(['example_external_task_marker_parent', 'example_external_task_marker_child']) retrieved from /home/airflow/.local/lib/python3.8/site-packages/airflow/example_dags/example_external_task_marker_dag.py
[2024-10-18T23:34:58.535+0000] {logging_mixin.py:151} INFO - [2024-10-18T23:34:58.534+0000] {dag.py:2941} INFO - Sync 2 DAGs
[2024-10-18T23:34:58.581+0000] {logging_mixin.py:151} INFO - [2024-10-18T23:34:58.580+0000] {dag.py:3722} INFO - Setting next_dagrun for example_external_task_marker_child to None, run_after=None
[2024-10-18T23:34:58.592+0000] {logging_mixin.py:151} INFO - [2024-10-18T23:34:58.591+0000] {dag.py:3722} INFO - Setting next_dagrun for example_external_task_marker_parent to None, run_after=None
[2024-10-18T23:34:58.647+0000] {processor.py:179} INFO - Processing /home/airflow/.local/lib/python3.8/site-packages/airflow/example_dags/example_external_task_marker_dag.py took 0.234 seconds
[2024-10-18T23:35:29.419+0000] {processor.py:157} INFO - Started process (PID=477) to work on /home/airflow/.local/lib/python3.8/site-packages/airflow/example_dags/example_external_task_marker_dag.py
[2024-10-18T23:35:29.422+0000] {processor.py:829} INFO - Processing file /home/airflow/.local/lib/python3.8/site-packages/airflow/example_dags/example_external_task_marker_dag.py for tasks to queue
[2024-10-18T23:35:29.431+0000] {logging_mixin.py:151} INFO - [2024-10-18T23:35:29.430+0000] {dagbag.py:536} INFO - Filling up the DagBag from /home/airflow/.local/lib/python3.8/site-packages/airflow/example_dags/example_external_task_marker_dag.py
[2024-10-18T23:35:29.467+0000] {processor.py:839} INFO - DAG(s) dict_keys(['example_external_task_marker_parent', 'example_external_task_marker_child']) retrieved from /home/airflow/.local/lib/python3.8/site-packages/airflow/example_dags/example_external_task_marker_dag.py
[2024-10-18T23:35:29.582+0000] {logging_mixin.py:151} INFO - [2024-10-18T23:35:29.581+0000] {dag.py:2941} INFO - Sync 2 DAGs
[2024-10-18T23:35:29.639+0000] {logging_mixin.py:151} INFO - [2024-10-18T23:35:29.638+0000] {dag.py:3722} INFO - Setting next_dagrun for example_external_task_marker_child to None, run_after=None
[2024-10-18T23:35:29.661+0000] {logging_mixin.py:151} INFO - [2024-10-18T23:35:29.661+0000] {dag.py:3722} INFO - Setting next_dagrun for example_external_task_marker_parent to None, run_after=None
[2024-10-18T23:35:29.731+0000] {processor.py:179} INFO - Processing /home/airflow/.local/lib/python3.8/site-packages/airflow/example_dags/example_external_task_marker_dag.py took 0.390 seconds
[2024-10-18T23:36:00.579+0000] {processor.py:157} INFO - Started process (PID=531) to work on /home/airflow/.local/lib/python3.8/site-packages/airflow/example_dags/example_external_task_marker_dag.py
[2024-10-18T23:36:00.581+0000] {processor.py:829} INFO - Processing file /home/airflow/.local/lib/python3.8/site-packages/airflow/example_dags/example_external_task_marker_dag.py for tasks to queue
[2024-10-18T23:36:00.591+0000] {logging_mixin.py:151} INFO - [2024-10-18T23:36:00.590+0000] {dagbag.py:536} INFO - Filling up the DagBag from /home/airflow/.local/lib/python3.8/site-packages/airflow/example_dags/example_external_task_marker_dag.py
[2024-10-18T23:36:00.629+0000] {processor.py:839} INFO - DAG(s) dict_keys(['example_external_task_marker_parent', 'example_external_task_marker_child']) retrieved from /home/airflow/.local/lib/python3.8/site-packages/airflow/example_dags/example_external_task_marker_dag.py
[2024-10-18T23:36:00.733+0000] {logging_mixin.py:151} INFO - [2024-10-18T23:36:00.733+0000] {dag.py:2941} INFO - Sync 2 DAGs
[2024-10-18T23:36:00.803+0000] {logging_mixin.py:151} INFO - [2024-10-18T23:36:00.793+0000] {dag.py:3722} INFO - Setting next_dagrun for example_external_task_marker_child to None, run_after=None
[2024-10-18T23:36:00.818+0000] {logging_mixin.py:151} INFO - [2024-10-18T23:36:00.817+0000] {dag.py:3722} INFO - Setting next_dagrun for example_external_task_marker_parent to None, run_after=None
[2024-10-18T23:36:00.919+0000] {processor.py:179} INFO - Processing /home/airflow/.local/lib/python3.8/site-packages/airflow/example_dags/example_external_task_marker_dag.py took 0.349 seconds
[2024-10-18T23:38:57.710+0000] {processor.py:157} INFO - Started process (PID=103) to work on /home/airflow/.local/lib/python3.8/site-packages/airflow/example_dags/example_external_task_marker_dag.py
[2024-10-18T23:38:57.712+0000] {processor.py:829} INFO - Processing file /home/airflow/.local/lib/python3.8/site-packages/airflow/example_dags/example_external_task_marker_dag.py for tasks to queue
[2024-10-18T23:38:57.719+0000] {logging_mixin.py:151} INFO - [2024-10-18T23:38:57.718+0000] {dagbag.py:536} INFO - Filling up the DagBag from /home/airflow/.local/lib/python3.8/site-packages/airflow/example_dags/example_external_task_marker_dag.py
[2024-10-18T23:38:57.750+0000] {processor.py:839} INFO - DAG(s) dict_keys(['example_external_task_marker_parent', 'example_external_task_marker_child']) retrieved from /home/airflow/.local/lib/python3.8/site-packages/airflow/example_dags/example_external_task_marker_dag.py
[2024-10-18T23:38:57.833+0000] {logging_mixin.py:151} INFO - [2024-10-18T23:38:57.832+0000] {dag.py:2941} INFO - Sync 2 DAGs
[2024-10-18T23:38:57.903+0000] {logging_mixin.py:151} INFO - [2024-10-18T23:38:57.902+0000] {dag.py:3722} INFO - Setting next_dagrun for example_external_task_marker_child to None, run_after=None
[2024-10-18T23:38:57.921+0000] {logging_mixin.py:151} INFO - [2024-10-18T23:38:57.921+0000] {dag.py:3722} INFO - Setting next_dagrun for example_external_task_marker_parent to None, run_after=None
[2024-10-18T23:38:58.034+0000] {processor.py:179} INFO - Processing /home/airflow/.local/lib/python3.8/site-packages/airflow/example_dags/example_external_task_marker_dag.py took 0.334 seconds
[2024-10-18T23:39:28.782+0000] {processor.py:157} INFO - Started process (PID=157) to work on /home/airflow/.local/lib/python3.8/site-packages/airflow/example_dags/example_external_task_marker_dag.py
[2024-10-18T23:39:28.785+0000] {processor.py:829} INFO - Processing file /home/airflow/.local/lib/python3.8/site-packages/airflow/example_dags/example_external_task_marker_dag.py for tasks to queue
[2024-10-18T23:39:28.789+0000] {logging_mixin.py:151} INFO - [2024-10-18T23:39:28.788+0000] {dagbag.py:536} INFO - Filling up the DagBag from /home/airflow/.local/lib/python3.8/site-packages/airflow/example_dags/example_external_task_marker_dag.py
[2024-10-18T23:39:28.800+0000] {processor.py:839} INFO - DAG(s) dict_keys(['example_external_task_marker_child', 'example_external_task_marker_parent']) retrieved from /home/airflow/.local/lib/python3.8/site-packages/airflow/example_dags/example_external_task_marker_dag.py
[2024-10-18T23:39:28.891+0000] {logging_mixin.py:151} INFO - [2024-10-18T23:39:28.891+0000] {dag.py:2941} INFO - Sync 2 DAGs
[2024-10-18T23:39:28.931+0000] {logging_mixin.py:151} INFO - [2024-10-18T23:39:28.931+0000] {dag.py:3722} INFO - Setting next_dagrun for example_external_task_marker_child to None, run_after=None
[2024-10-18T23:39:28.947+0000] {logging_mixin.py:151} INFO - [2024-10-18T23:39:28.946+0000] {dag.py:3722} INFO - Setting next_dagrun for example_external_task_marker_parent to None, run_after=None
[2024-10-18T23:39:29.011+0000] {processor.py:179} INFO - Processing /home/airflow/.local/lib/python3.8/site-packages/airflow/example_dags/example_external_task_marker_dag.py took 0.234 seconds
[2024-10-18T23:39:59.460+0000] {processor.py:157} INFO - Started process (PID=210) to work on /home/airflow/.local/lib/python3.8/site-packages/airflow/example_dags/example_external_task_marker_dag.py
[2024-10-18T23:39:59.463+0000] {processor.py:829} INFO - Processing file /home/airflow/.local/lib/python3.8/site-packages/airflow/example_dags/example_external_task_marker_dag.py for tasks to queue
[2024-10-18T23:39:59.471+0000] {logging_mixin.py:151} INFO - [2024-10-18T23:39:59.469+0000] {dagbag.py:536} INFO - Filling up the DagBag from /home/airflow/.local/lib/python3.8/site-packages/airflow/example_dags/example_external_task_marker_dag.py
[2024-10-18T23:39:59.488+0000] {processor.py:839} INFO - DAG(s) dict_keys(['example_external_task_marker_child', 'example_external_task_marker_parent']) retrieved from /home/airflow/.local/lib/python3.8/site-packages/airflow/example_dags/example_external_task_marker_dag.py
[2024-10-18T23:39:59.563+0000] {logging_mixin.py:151} INFO - [2024-10-18T23:39:59.563+0000] {dag.py:2941} INFO - Sync 2 DAGs
[2024-10-18T23:39:59.594+0000] {logging_mixin.py:151} INFO - [2024-10-18T23:39:59.594+0000] {dag.py:3722} INFO - Setting next_dagrun for example_external_task_marker_child to None, run_after=None
[2024-10-18T23:39:59.604+0000] {logging_mixin.py:151} INFO - [2024-10-18T23:39:59.604+0000] {dag.py:3722} INFO - Setting next_dagrun for example_external_task_marker_parent to None, run_after=None
[2024-10-18T23:39:59.647+0000] {processor.py:179} INFO - Processing /home/airflow/.local/lib/python3.8/site-packages/airflow/example_dags/example_external_task_marker_dag.py took 0.196 seconds
[2024-10-18T23:40:58.120+0000] {processor.py:157} INFO - Started process (PID=270) to work on /home/airflow/.local/lib/python3.8/site-packages/airflow/example_dags/example_external_task_marker_dag.py
[2024-10-18T23:40:58.141+0000] {processor.py:829} INFO - Processing file /home/airflow/.local/lib/python3.8/site-packages/airflow/example_dags/example_external_task_marker_dag.py for tasks to queue
[2024-10-18T23:40:58.179+0000] {logging_mixin.py:151} INFO - [2024-10-18T23:40:58.147+0000] {dagbag.py:536} INFO - Filling up the DagBag from /home/airflow/.local/lib/python3.8/site-packages/airflow/example_dags/example_external_task_marker_dag.py
[2024-10-18T23:40:58.318+0000] {processor.py:839} INFO - DAG(s) dict_keys(['example_external_task_marker_parent', 'example_external_task_marker_child']) retrieved from /home/airflow/.local/lib/python3.8/site-packages/airflow/example_dags/example_external_task_marker_dag.py
[2024-10-18T23:41:00.082+0000] {logging_mixin.py:151} INFO - [2024-10-18T23:41:00.043+0000] {dag.py:2941} INFO - Sync 2 DAGs
[2024-10-18T23:41:00.384+0000] {logging_mixin.py:151} INFO - [2024-10-18T23:41:00.327+0000] {dag.py:3722} INFO - Setting next_dagrun for example_external_task_marker_child to None, run_after=None
[2024-10-18T23:41:00.405+0000] {logging_mixin.py:151} INFO - [2024-10-18T23:41:00.403+0000] {dag.py:3722} INFO - Setting next_dagrun for example_external_task_marker_parent to None, run_after=None
[2024-10-18T23:41:00.620+0000] {processor.py:179} INFO - Processing /home/airflow/.local/lib/python3.8/site-packages/airflow/example_dags/example_external_task_marker_dag.py took 2.573 seconds
[2024-10-18T23:41:31.036+0000] {processor.py:157} INFO - Started process (PID=324) to work on /home/airflow/.local/lib/python3.8/site-packages/airflow/example_dags/example_external_task_marker_dag.py
[2024-10-18T23:41:31.046+0000] {processor.py:829} INFO - Processing file /home/airflow/.local/lib/python3.8/site-packages/airflow/example_dags/example_external_task_marker_dag.py for tasks to queue
[2024-10-18T23:41:31.056+0000] {logging_mixin.py:151} INFO - [2024-10-18T23:41:31.055+0000] {dagbag.py:536} INFO - Filling up the DagBag from /home/airflow/.local/lib/python3.8/site-packages/airflow/example_dags/example_external_task_marker_dag.py
[2024-10-18T23:41:31.086+0000] {processor.py:839} INFO - DAG(s) dict_keys(['example_external_task_marker_child', 'example_external_task_marker_parent']) retrieved from /home/airflow/.local/lib/python3.8/site-packages/airflow/example_dags/example_external_task_marker_dag.py
[2024-10-18T23:41:31.217+0000] {logging_mixin.py:151} INFO - [2024-10-18T23:41:31.216+0000] {dag.py:2941} INFO - Sync 2 DAGs
[2024-10-18T23:41:31.251+0000] {logging_mixin.py:151} INFO - [2024-10-18T23:41:31.251+0000] {dag.py:3722} INFO - Setting next_dagrun for example_external_task_marker_child to None, run_after=None
[2024-10-18T23:41:31.257+0000] {logging_mixin.py:151} INFO - [2024-10-18T23:41:31.257+0000] {dag.py:3722} INFO - Setting next_dagrun for example_external_task_marker_parent to None, run_after=None
[2024-10-18T23:41:31.477+0000] {processor.py:179} INFO - Processing /home/airflow/.local/lib/python3.8/site-packages/airflow/example_dags/example_external_task_marker_dag.py took 0.448 seconds
[2024-10-18T23:42:34.053+0000] {processor.py:157} INFO - Started process (PID=367) to work on /home/airflow/.local/lib/python3.8/site-packages/airflow/example_dags/example_external_task_marker_dag.py
[2024-10-18T23:42:34.066+0000] {processor.py:829} INFO - Processing file /home/airflow/.local/lib/python3.8/site-packages/airflow/example_dags/example_external_task_marker_dag.py for tasks to queue
[2024-10-18T23:42:34.084+0000] {logging_mixin.py:151} INFO - [2024-10-18T23:42:34.081+0000] {dagbag.py:536} INFO - Filling up the DagBag from /home/airflow/.local/lib/python3.8/site-packages/airflow/example_dags/example_external_task_marker_dag.py
[2024-10-18T23:42:34.280+0000] {processor.py:839} INFO - DAG(s) dict_keys(['example_external_task_marker_parent', 'example_external_task_marker_child']) retrieved from /home/airflow/.local/lib/python3.8/site-packages/airflow/example_dags/example_external_task_marker_dag.py
[2024-10-18T23:42:36.730+0000] {logging_mixin.py:151} INFO - [2024-10-18T23:42:36.729+0000] {dag.py:2941} INFO - Sync 2 DAGs
[2024-10-18T23:42:36.935+0000] {logging_mixin.py:151} INFO - [2024-10-18T23:42:36.933+0000] {dag.py:3722} INFO - Setting next_dagrun for example_external_task_marker_child to None, run_after=None
[2024-10-18T23:42:36.965+0000] {logging_mixin.py:151} INFO - [2024-10-18T23:42:36.964+0000] {dag.py:3722} INFO - Setting next_dagrun for example_external_task_marker_parent to None, run_after=None
[2024-10-18T23:42:37.336+0000] {processor.py:179} INFO - Processing /home/airflow/.local/lib/python3.8/site-packages/airflow/example_dags/example_external_task_marker_dag.py took 3.322 seconds
[2024-10-18T23:43:32.707+0000] {processor.py:157} INFO - Started process (PID=429) to work on /home/airflow/.local/lib/python3.8/site-packages/airflow/example_dags/example_external_task_marker_dag.py
[2024-10-18T23:43:32.710+0000] {processor.py:829} INFO - Processing file /home/airflow/.local/lib/python3.8/site-packages/airflow/example_dags/example_external_task_marker_dag.py for tasks to queue
[2024-10-18T23:43:32.715+0000] {logging_mixin.py:151} INFO - [2024-10-18T23:43:32.714+0000] {dagbag.py:536} INFO - Filling up the DagBag from /home/airflow/.local/lib/python3.8/site-packages/airflow/example_dags/example_external_task_marker_dag.py
[2024-10-18T23:43:32.742+0000] {processor.py:839} INFO - DAG(s) dict_keys(['example_external_task_marker_parent', 'example_external_task_marker_child']) retrieved from /home/airflow/.local/lib/python3.8/site-packages/airflow/example_dags/example_external_task_marker_dag.py
[2024-10-18T23:43:32.867+0000] {logging_mixin.py:151} INFO - [2024-10-18T23:43:32.866+0000] {dag.py:2941} INFO - Sync 2 DAGs
[2024-10-18T23:43:32.942+0000] {logging_mixin.py:151} INFO - [2024-10-18T23:43:32.942+0000] {dag.py:3722} INFO - Setting next_dagrun for example_external_task_marker_child to None, run_after=None
[2024-10-18T23:43:32.964+0000] {logging_mixin.py:151} INFO - [2024-10-18T23:43:32.964+0000] {dag.py:3722} INFO - Setting next_dagrun for example_external_task_marker_parent to None, run_after=None
[2024-10-18T23:43:33.463+0000] {processor.py:179} INFO - Processing /home/airflow/.local/lib/python3.8/site-packages/airflow/example_dags/example_external_task_marker_dag.py took 0.763 seconds
[2024-10-18T23:44:03.859+0000] {processor.py:157} INFO - Started process (PID=483) to work on /home/airflow/.local/lib/python3.8/site-packages/airflow/example_dags/example_external_task_marker_dag.py
[2024-10-18T23:44:03.864+0000] {processor.py:829} INFO - Processing file /home/airflow/.local/lib/python3.8/site-packages/airflow/example_dags/example_external_task_marker_dag.py for tasks to queue
[2024-10-18T23:44:03.874+0000] {logging_mixin.py:151} INFO - [2024-10-18T23:44:03.870+0000] {dagbag.py:536} INFO - Filling up the DagBag from /home/airflow/.local/lib/python3.8/site-packages/airflow/example_dags/example_external_task_marker_dag.py
[2024-10-18T23:44:03.919+0000] {processor.py:839} INFO - DAG(s) dict_keys(['example_external_task_marker_child', 'example_external_task_marker_parent']) retrieved from /home/airflow/.local/lib/python3.8/site-packages/airflow/example_dags/example_external_task_marker_dag.py
[2024-10-18T23:44:04.106+0000] {logging_mixin.py:151} INFO - [2024-10-18T23:44:04.106+0000] {dag.py:2941} INFO - Sync 2 DAGs
[2024-10-18T23:44:04.159+0000] {logging_mixin.py:151} INFO - [2024-10-18T23:44:04.159+0000] {dag.py:3722} INFO - Setting next_dagrun for example_external_task_marker_child to None, run_after=None
[2024-10-18T23:44:04.169+0000] {logging_mixin.py:151} INFO - [2024-10-18T23:44:04.168+0000] {dag.py:3722} INFO - Setting next_dagrun for example_external_task_marker_parent to None, run_after=None
[2024-10-18T23:44:04.221+0000] {processor.py:179} INFO - Processing /home/airflow/.local/lib/python3.8/site-packages/airflow/example_dags/example_external_task_marker_dag.py took 0.378 seconds
[2024-10-18T23:44:35.552+0000] {processor.py:157} INFO - Started process (PID=537) to work on /home/airflow/.local/lib/python3.8/site-packages/airflow/example_dags/example_external_task_marker_dag.py
[2024-10-18T23:44:35.559+0000] {processor.py:829} INFO - Processing file /home/airflow/.local/lib/python3.8/site-packages/airflow/example_dags/example_external_task_marker_dag.py for tasks to queue
[2024-10-18T23:44:35.571+0000] {logging_mixin.py:151} INFO - [2024-10-18T23:44:35.570+0000] {dagbag.py:536} INFO - Filling up the DagBag from /home/airflow/.local/lib/python3.8/site-packages/airflow/example_dags/example_external_task_marker_dag.py
[2024-10-18T23:44:35.666+0000] {processor.py:839} INFO - DAG(s) dict_keys(['example_external_task_marker_parent', 'example_external_task_marker_child']) retrieved from /home/airflow/.local/lib/python3.8/site-packages/airflow/example_dags/example_external_task_marker_dag.py
[2024-10-18T23:44:35.792+0000] {logging_mixin.py:151} INFO - [2024-10-18T23:44:35.792+0000] {dag.py:2941} INFO - Sync 2 DAGs
[2024-10-18T23:44:35.828+0000] {logging_mixin.py:151} INFO - [2024-10-18T23:44:35.827+0000] {dag.py:3722} INFO - Setting next_dagrun for example_external_task_marker_child to None, run_after=None
[2024-10-18T23:44:35.836+0000] {logging_mixin.py:151} INFO - [2024-10-18T23:44:35.836+0000] {dag.py:3722} INFO - Setting next_dagrun for example_external_task_marker_parent to None, run_after=None
[2024-10-18T23:44:35.889+0000] {processor.py:179} INFO - Processing /home/airflow/.local/lib/python3.8/site-packages/airflow/example_dags/example_external_task_marker_dag.py took 0.351 seconds
[2024-10-18T23:45:08.787+0000] {processor.py:157} INFO - Started process (PID=587) to work on /home/airflow/.local/lib/python3.8/site-packages/airflow/example_dags/example_external_task_marker_dag.py
[2024-10-18T23:45:08.797+0000] {processor.py:829} INFO - Processing file /home/airflow/.local/lib/python3.8/site-packages/airflow/example_dags/example_external_task_marker_dag.py for tasks to queue
[2024-10-18T23:45:08.836+0000] {logging_mixin.py:151} INFO - [2024-10-18T23:45:08.803+0000] {dagbag.py:536} INFO - Filling up the DagBag from /home/airflow/.local/lib/python3.8/site-packages/airflow/example_dags/example_external_task_marker_dag.py
[2024-10-18T23:45:08.933+0000] {processor.py:839} INFO - DAG(s) dict_keys(['example_external_task_marker_parent', 'example_external_task_marker_child']) retrieved from /home/airflow/.local/lib/python3.8/site-packages/airflow/example_dags/example_external_task_marker_dag.py
[2024-10-18T23:45:09.025+0000] {logging_mixin.py:151} INFO - [2024-10-18T23:45:09.024+0000] {dag.py:2941} INFO - Sync 2 DAGs
[2024-10-18T23:45:09.049+0000] {logging_mixin.py:151} INFO - [2024-10-18T23:45:09.049+0000] {dag.py:3722} INFO - Setting next_dagrun for example_external_task_marker_child to None, run_after=None
[2024-10-18T23:45:09.072+0000] {logging_mixin.py:151} INFO - [2024-10-18T23:45:09.072+0000] {dag.py:3722} INFO - Setting next_dagrun for example_external_task_marker_parent to None, run_after=None
[2024-10-18T23:45:09.127+0000] {processor.py:179} INFO - Processing /home/airflow/.local/lib/python3.8/site-packages/airflow/example_dags/example_external_task_marker_dag.py took 0.347 seconds
[2024-10-18T23:45:39.401+0000] {processor.py:157} INFO - Started process (PID=640) to work on /home/airflow/.local/lib/python3.8/site-packages/airflow/example_dags/example_external_task_marker_dag.py
[2024-10-18T23:45:39.404+0000] {processor.py:829} INFO - Processing file /home/airflow/.local/lib/python3.8/site-packages/airflow/example_dags/example_external_task_marker_dag.py for tasks to queue
[2024-10-18T23:45:39.408+0000] {logging_mixin.py:151} INFO - [2024-10-18T23:45:39.407+0000] {dagbag.py:536} INFO - Filling up the DagBag from /home/airflow/.local/lib/python3.8/site-packages/airflow/example_dags/example_external_task_marker_dag.py
[2024-10-18T23:45:39.430+0000] {processor.py:839} INFO - DAG(s) dict_keys(['example_external_task_marker_parent', 'example_external_task_marker_child']) retrieved from /home/airflow/.local/lib/python3.8/site-packages/airflow/example_dags/example_external_task_marker_dag.py
[2024-10-18T23:45:39.491+0000] {logging_mixin.py:151} INFO - [2024-10-18T23:45:39.491+0000] {dag.py:2941} INFO - Sync 2 DAGs
[2024-10-18T23:45:39.518+0000] {logging_mixin.py:151} INFO - [2024-10-18T23:45:39.518+0000] {dag.py:3722} INFO - Setting next_dagrun for example_external_task_marker_child to None, run_after=None
[2024-10-18T23:45:39.525+0000] {logging_mixin.py:151} INFO - [2024-10-18T23:45:39.525+0000] {dag.py:3722} INFO - Setting next_dagrun for example_external_task_marker_parent to None, run_after=None
[2024-10-18T23:45:39.562+0000] {processor.py:179} INFO - Processing /home/airflow/.local/lib/python3.8/site-packages/airflow/example_dags/example_external_task_marker_dag.py took 0.167 seconds
[2024-10-18T23:46:09.902+0000] {processor.py:157} INFO - Started process (PID=693) to work on /home/airflow/.local/lib/python3.8/site-packages/airflow/example_dags/example_external_task_marker_dag.py
[2024-10-18T23:46:09.904+0000] {processor.py:829} INFO - Processing file /home/airflow/.local/lib/python3.8/site-packages/airflow/example_dags/example_external_task_marker_dag.py for tasks to queue
[2024-10-18T23:46:09.908+0000] {logging_mixin.py:151} INFO - [2024-10-18T23:46:09.908+0000] {dagbag.py:536} INFO - Filling up the DagBag from /home/airflow/.local/lib/python3.8/site-packages/airflow/example_dags/example_external_task_marker_dag.py
[2024-10-18T23:46:09.930+0000] {processor.py:839} INFO - DAG(s) dict_keys(['example_external_task_marker_parent', 'example_external_task_marker_child']) retrieved from /home/airflow/.local/lib/python3.8/site-packages/airflow/example_dags/example_external_task_marker_dag.py
[2024-10-18T23:46:10.003+0000] {logging_mixin.py:151} INFO - [2024-10-18T23:46:10.003+0000] {dag.py:2941} INFO - Sync 2 DAGs
[2024-10-18T23:46:10.027+0000] {logging_mixin.py:151} INFO - [2024-10-18T23:46:10.027+0000] {dag.py:3722} INFO - Setting next_dagrun for example_external_task_marker_child to None, run_after=None
[2024-10-18T23:46:10.034+0000] {logging_mixin.py:151} INFO - [2024-10-18T23:46:10.034+0000] {dag.py:3722} INFO - Setting next_dagrun for example_external_task_marker_parent to None, run_after=None
[2024-10-18T23:46:10.069+0000] {processor.py:179} INFO - Processing /home/airflow/.local/lib/python3.8/site-packages/airflow/example_dags/example_external_task_marker_dag.py took 0.173 seconds
[2024-10-18T23:46:40.729+0000] {processor.py:157} INFO - Started process (PID=746) to work on /home/airflow/.local/lib/python3.8/site-packages/airflow/example_dags/example_external_task_marker_dag.py
[2024-10-18T23:46:40.731+0000] {processor.py:829} INFO - Processing file /home/airflow/.local/lib/python3.8/site-packages/airflow/example_dags/example_external_task_marker_dag.py for tasks to queue
[2024-10-18T23:46:40.736+0000] {logging_mixin.py:151} INFO - [2024-10-18T23:46:40.736+0000] {dagbag.py:536} INFO - Filling up the DagBag from /home/airflow/.local/lib/python3.8/site-packages/airflow/example_dags/example_external_task_marker_dag.py
[2024-10-18T23:46:40.749+0000] {processor.py:839} INFO - DAG(s) dict_keys(['example_external_task_marker_parent', 'example_external_task_marker_child']) retrieved from /home/airflow/.local/lib/python3.8/site-packages/airflow/example_dags/example_external_task_marker_dag.py
[2024-10-18T23:46:40.804+0000] {logging_mixin.py:151} INFO - [2024-10-18T23:46:40.803+0000] {dag.py:2941} INFO - Sync 2 DAGs
[2024-10-18T23:46:40.845+0000] {logging_mixin.py:151} INFO - [2024-10-18T23:46:40.844+0000] {dag.py:3722} INFO - Setting next_dagrun for example_external_task_marker_child to None, run_after=None
[2024-10-18T23:46:40.851+0000] {logging_mixin.py:151} INFO - [2024-10-18T23:46:40.851+0000] {dag.py:3722} INFO - Setting next_dagrun for example_external_task_marker_parent to None, run_after=None
[2024-10-18T23:46:40.929+0000] {processor.py:179} INFO - Processing /home/airflow/.local/lib/python3.8/site-packages/airflow/example_dags/example_external_task_marker_dag.py took 0.207 seconds
[2024-10-18T23:47:11.519+0000] {processor.py:157} INFO - Started process (PID=798) to work on /home/airflow/.local/lib/python3.8/site-packages/airflow/example_dags/example_external_task_marker_dag.py
[2024-10-18T23:47:11.521+0000] {processor.py:829} INFO - Processing file /home/airflow/.local/lib/python3.8/site-packages/airflow/example_dags/example_external_task_marker_dag.py for tasks to queue
[2024-10-18T23:47:11.526+0000] {logging_mixin.py:151} INFO - [2024-10-18T23:47:11.525+0000] {dagbag.py:536} INFO - Filling up the DagBag from /home/airflow/.local/lib/python3.8/site-packages/airflow/example_dags/example_external_task_marker_dag.py
[2024-10-18T23:47:11.543+0000] {processor.py:839} INFO - DAG(s) dict_keys(['example_external_task_marker_parent', 'example_external_task_marker_child']) retrieved from /home/airflow/.local/lib/python3.8/site-packages/airflow/example_dags/example_external_task_marker_dag.py
[2024-10-18T23:47:11.582+0000] {logging_mixin.py:151} INFO - [2024-10-18T23:47:11.582+0000] {dag.py:2941} INFO - Sync 2 DAGs
[2024-10-18T23:47:11.604+0000] {logging_mixin.py:151} INFO - [2024-10-18T23:47:11.604+0000] {dag.py:3722} INFO - Setting next_dagrun for example_external_task_marker_child to None, run_after=None
[2024-10-18T23:47:11.610+0000] {logging_mixin.py:151} INFO - [2024-10-18T23:47:11.609+0000] {dag.py:3722} INFO - Setting next_dagrun for example_external_task_marker_parent to None, run_after=None
[2024-10-18T23:47:11.635+0000] {processor.py:179} INFO - Processing /home/airflow/.local/lib/python3.8/site-packages/airflow/example_dags/example_external_task_marker_dag.py took 0.128 seconds
[2024-10-18T23:47:42.610+0000] {processor.py:157} INFO - Started process (PID=852) to work on /home/airflow/.local/lib/python3.8/site-packages/airflow/example_dags/example_external_task_marker_dag.py
[2024-10-18T23:47:42.627+0000] {processor.py:829} INFO - Processing file /home/airflow/.local/lib/python3.8/site-packages/airflow/example_dags/example_external_task_marker_dag.py for tasks to queue
[2024-10-18T23:47:42.661+0000] {logging_mixin.py:151} INFO - [2024-10-18T23:47:42.660+0000] {dagbag.py:536} INFO - Filling up the DagBag from /home/airflow/.local/lib/python3.8/site-packages/airflow/example_dags/example_external_task_marker_dag.py
[2024-10-18T23:47:42.709+0000] {processor.py:839} INFO - DAG(s) dict_keys(['example_external_task_marker_child', 'example_external_task_marker_parent']) retrieved from /home/airflow/.local/lib/python3.8/site-packages/airflow/example_dags/example_external_task_marker_dag.py
[2024-10-18T23:47:43.028+0000] {logging_mixin.py:151} INFO - [2024-10-18T23:47:43.027+0000] {dag.py:2941} INFO - Sync 2 DAGs
[2024-10-18T23:47:43.115+0000] {logging_mixin.py:151} INFO - [2024-10-18T23:47:43.114+0000] {dag.py:3722} INFO - Setting next_dagrun for example_external_task_marker_child to None, run_after=None
[2024-10-18T23:47:43.134+0000] {logging_mixin.py:151} INFO - [2024-10-18T23:47:43.132+0000] {dag.py:3722} INFO - Setting next_dagrun for example_external_task_marker_parent to None, run_after=None
[2024-10-18T23:47:43.302+0000] {processor.py:179} INFO - Processing /home/airflow/.local/lib/python3.8/site-packages/airflow/example_dags/example_external_task_marker_dag.py took 0.713 seconds
[2024-10-18T23:48:13.641+0000] {processor.py:157} INFO - Started process (PID=906) to work on /home/airflow/.local/lib/python3.8/site-packages/airflow/example_dags/example_external_task_marker_dag.py
[2024-10-18T23:48:13.643+0000] {processor.py:829} INFO - Processing file /home/airflow/.local/lib/python3.8/site-packages/airflow/example_dags/example_external_task_marker_dag.py for tasks to queue
[2024-10-18T23:48:13.648+0000] {logging_mixin.py:151} INFO - [2024-10-18T23:48:13.648+0000] {dagbag.py:536} INFO - Filling up the DagBag from /home/airflow/.local/lib/python3.8/site-packages/airflow/example_dags/example_external_task_marker_dag.py
[2024-10-18T23:48:13.687+0000] {processor.py:839} INFO - DAG(s) dict_keys(['example_external_task_marker_child', 'example_external_task_marker_parent']) retrieved from /home/airflow/.local/lib/python3.8/site-packages/airflow/example_dags/example_external_task_marker_dag.py
[2024-10-18T23:48:13.746+0000] {logging_mixin.py:151} INFO - [2024-10-18T23:48:13.745+0000] {dag.py:2941} INFO - Sync 2 DAGs
[2024-10-18T23:48:13.786+0000] {logging_mixin.py:151} INFO - [2024-10-18T23:48:13.786+0000] {dag.py:3722} INFO - Setting next_dagrun for example_external_task_marker_child to None, run_after=None
[2024-10-18T23:48:13.793+0000] {logging_mixin.py:151} INFO - [2024-10-18T23:48:13.793+0000] {dag.py:3722} INFO - Setting next_dagrun for example_external_task_marker_parent to None, run_after=None
[2024-10-18T23:48:13.829+0000] {processor.py:179} INFO - Processing /home/airflow/.local/lib/python3.8/site-packages/airflow/example_dags/example_external_task_marker_dag.py took 0.196 seconds
[2024-10-18T23:48:57.576+0000] {processor.py:157} INFO - Started process (PID=969) to work on /home/airflow/.local/lib/python3.8/site-packages/airflow/example_dags/example_external_task_marker_dag.py
[2024-10-18T23:48:57.579+0000] {processor.py:829} INFO - Processing file /home/airflow/.local/lib/python3.8/site-packages/airflow/example_dags/example_external_task_marker_dag.py for tasks to queue
[2024-10-18T23:48:57.589+0000] {logging_mixin.py:151} INFO - [2024-10-18T23:48:57.589+0000] {dagbag.py:536} INFO - Filling up the DagBag from /home/airflow/.local/lib/python3.8/site-packages/airflow/example_dags/example_external_task_marker_dag.py
[2024-10-18T23:48:57.625+0000] {processor.py:839} INFO - DAG(s) dict_keys(['example_external_task_marker_parent', 'example_external_task_marker_child']) retrieved from /home/airflow/.local/lib/python3.8/site-packages/airflow/example_dags/example_external_task_marker_dag.py
[2024-10-18T23:48:57.806+0000] {logging_mixin.py:151} INFO - [2024-10-18T23:48:57.806+0000] {dag.py:2941} INFO - Sync 2 DAGs
[2024-10-18T23:48:57.858+0000] {logging_mixin.py:151} INFO - [2024-10-18T23:48:57.857+0000] {dag.py:3722} INFO - Setting next_dagrun for example_external_task_marker_child to None, run_after=None
[2024-10-18T23:48:57.866+0000] {logging_mixin.py:151} INFO - [2024-10-18T23:48:57.865+0000] {dag.py:3722} INFO - Setting next_dagrun for example_external_task_marker_parent to None, run_after=None
[2024-10-18T23:48:57.913+0000] {processor.py:179} INFO - Processing /home/airflow/.local/lib/python3.8/site-packages/airflow/example_dags/example_external_task_marker_dag.py took 0.348 seconds
[2024-10-18T23:49:37.087+0000] {processor.py:157} INFO - Started process (PID=1021) to work on /home/airflow/.local/lib/python3.8/site-packages/airflow/example_dags/example_external_task_marker_dag.py
[2024-10-18T23:49:37.093+0000] {processor.py:829} INFO - Processing file /home/airflow/.local/lib/python3.8/site-packages/airflow/example_dags/example_external_task_marker_dag.py for tasks to queue
[2024-10-18T23:49:37.115+0000] {logging_mixin.py:151} INFO - [2024-10-18T23:49:37.108+0000] {dagbag.py:536} INFO - Filling up the DagBag from /home/airflow/.local/lib/python3.8/site-packages/airflow/example_dags/example_external_task_marker_dag.py
[2024-10-18T23:49:37.367+0000] {processor.py:839} INFO - DAG(s) dict_keys(['example_external_task_marker_parent', 'example_external_task_marker_child']) retrieved from /home/airflow/.local/lib/python3.8/site-packages/airflow/example_dags/example_external_task_marker_dag.py
[2024-10-18T23:49:38.706+0000] {logging_mixin.py:151} INFO - [2024-10-18T23:49:38.680+0000] {dag.py:2941} INFO - Sync 2 DAGs
[2024-10-18T23:49:38.982+0000] {logging_mixin.py:151} INFO - [2024-10-18T23:49:38.933+0000] {dag.py:3722} INFO - Setting next_dagrun for example_external_task_marker_child to None, run_after=None
[2024-10-18T23:49:39.054+0000] {logging_mixin.py:151} INFO - [2024-10-18T23:49:39.054+0000] {dag.py:3722} INFO - Setting next_dagrun for example_external_task_marker_parent to None, run_after=None
[2024-10-18T23:49:39.404+0000] {processor.py:179} INFO - Processing /home/airflow/.local/lib/python3.8/site-packages/airflow/example_dags/example_external_task_marker_dag.py took 2.357 seconds
[2024-10-18T23:50:23.151+0000] {processor.py:157} INFO - Started process (PID=1070) to work on /home/airflow/.local/lib/python3.8/site-packages/airflow/example_dags/example_external_task_marker_dag.py
[2024-10-18T23:50:23.154+0000] {processor.py:829} INFO - Processing file /home/airflow/.local/lib/python3.8/site-packages/airflow/example_dags/example_external_task_marker_dag.py for tasks to queue
[2024-10-18T23:50:23.161+0000] {logging_mixin.py:151} INFO - [2024-10-18T23:50:23.159+0000] {dagbag.py:536} INFO - Filling up the DagBag from /home/airflow/.local/lib/python3.8/site-packages/airflow/example_dags/example_external_task_marker_dag.py
[2024-10-18T23:50:23.174+0000] {processor.py:839} INFO - DAG(s) dict_keys(['example_external_task_marker_parent', 'example_external_task_marker_child']) retrieved from /home/airflow/.local/lib/python3.8/site-packages/airflow/example_dags/example_external_task_marker_dag.py
[2024-10-18T23:50:23.384+0000] {logging_mixin.py:151} INFO - [2024-10-18T23:50:23.384+0000] {dag.py:2941} INFO - Sync 2 DAGs
[2024-10-18T23:50:23.415+0000] {logging_mixin.py:151} INFO - [2024-10-18T23:50:23.415+0000] {dag.py:3722} INFO - Setting next_dagrun for example_external_task_marker_child to None, run_after=None
[2024-10-18T23:50:23.424+0000] {logging_mixin.py:151} INFO - [2024-10-18T23:50:23.424+0000] {dag.py:3722} INFO - Setting next_dagrun for example_external_task_marker_parent to None, run_after=None
[2024-10-18T23:50:23.550+0000] {processor.py:179} INFO - Processing /home/airflow/.local/lib/python3.8/site-packages/airflow/example_dags/example_external_task_marker_dag.py took 0.407 seconds
[2024-10-18T23:50:54.164+0000] {processor.py:157} INFO - Started process (PID=1123) to work on /home/airflow/.local/lib/python3.8/site-packages/airflow/example_dags/example_external_task_marker_dag.py
[2024-10-18T23:50:54.166+0000] {processor.py:829} INFO - Processing file /home/airflow/.local/lib/python3.8/site-packages/airflow/example_dags/example_external_task_marker_dag.py for tasks to queue
[2024-10-18T23:50:54.172+0000] {logging_mixin.py:151} INFO - [2024-10-18T23:50:54.170+0000] {dagbag.py:536} INFO - Filling up the DagBag from /home/airflow/.local/lib/python3.8/site-packages/airflow/example_dags/example_external_task_marker_dag.py
[2024-10-18T23:50:54.182+0000] {processor.py:839} INFO - DAG(s) dict_keys(['example_external_task_marker_child', 'example_external_task_marker_parent']) retrieved from /home/airflow/.local/lib/python3.8/site-packages/airflow/example_dags/example_external_task_marker_dag.py
[2024-10-18T23:50:54.228+0000] {logging_mixin.py:151} INFO - [2024-10-18T23:50:54.227+0000] {dag.py:2941} INFO - Sync 2 DAGs
[2024-10-18T23:50:54.259+0000] {logging_mixin.py:151} INFO - [2024-10-18T23:50:54.258+0000] {dag.py:3722} INFO - Setting next_dagrun for example_external_task_marker_child to None, run_after=None
[2024-10-18T23:50:54.272+0000] {logging_mixin.py:151} INFO - [2024-10-18T23:50:54.270+0000] {dag.py:3722} INFO - Setting next_dagrun for example_external_task_marker_parent to None, run_after=None
[2024-10-18T23:50:54.341+0000] {processor.py:179} INFO - Processing /home/airflow/.local/lib/python3.8/site-packages/airflow/example_dags/example_external_task_marker_dag.py took 0.182 seconds
[2024-10-18T23:51:24.757+0000] {processor.py:157} INFO - Started process (PID=1175) to work on /home/airflow/.local/lib/python3.8/site-packages/airflow/example_dags/example_external_task_marker_dag.py
[2024-10-18T23:51:24.762+0000] {processor.py:829} INFO - Processing file /home/airflow/.local/lib/python3.8/site-packages/airflow/example_dags/example_external_task_marker_dag.py for tasks to queue
[2024-10-18T23:51:24.772+0000] {logging_mixin.py:151} INFO - [2024-10-18T23:51:24.769+0000] {dagbag.py:536} INFO - Filling up the DagBag from /home/airflow/.local/lib/python3.8/site-packages/airflow/example_dags/example_external_task_marker_dag.py
[2024-10-18T23:51:24.800+0000] {processor.py:839} INFO - DAG(s) dict_keys(['example_external_task_marker_parent', 'example_external_task_marker_child']) retrieved from /home/airflow/.local/lib/python3.8/site-packages/airflow/example_dags/example_external_task_marker_dag.py
[2024-10-18T23:51:24.858+0000] {logging_mixin.py:151} INFO - [2024-10-18T23:51:24.858+0000] {dag.py:2941} INFO - Sync 2 DAGs
[2024-10-18T23:51:24.901+0000] {logging_mixin.py:151} INFO - [2024-10-18T23:51:24.900+0000] {dag.py:3722} INFO - Setting next_dagrun for example_external_task_marker_child to None, run_after=None
[2024-10-18T23:51:24.908+0000] {logging_mixin.py:151} INFO - [2024-10-18T23:51:24.908+0000] {dag.py:3722} INFO - Setting next_dagrun for example_external_task_marker_parent to None, run_after=None
[2024-10-18T23:51:24.951+0000] {processor.py:179} INFO - Processing /home/airflow/.local/lib/python3.8/site-packages/airflow/example_dags/example_external_task_marker_dag.py took 0.200 seconds
[2024-10-18T23:51:55.338+0000] {processor.py:157} INFO - Started process (PID=1229) to work on /home/airflow/.local/lib/python3.8/site-packages/airflow/example_dags/example_external_task_marker_dag.py
[2024-10-18T23:51:55.343+0000] {processor.py:829} INFO - Processing file /home/airflow/.local/lib/python3.8/site-packages/airflow/example_dags/example_external_task_marker_dag.py for tasks to queue
[2024-10-18T23:51:55.350+0000] {logging_mixin.py:151} INFO - [2024-10-18T23:51:55.349+0000] {dagbag.py:536} INFO - Filling up the DagBag from /home/airflow/.local/lib/python3.8/site-packages/airflow/example_dags/example_external_task_marker_dag.py
[2024-10-18T23:51:55.373+0000] {processor.py:839} INFO - DAG(s) dict_keys(['example_external_task_marker_parent', 'example_external_task_marker_child']) retrieved from /home/airflow/.local/lib/python3.8/site-packages/airflow/example_dags/example_external_task_marker_dag.py
[2024-10-18T23:51:55.466+0000] {logging_mixin.py:151} INFO - [2024-10-18T23:51:55.466+0000] {dag.py:2941} INFO - Sync 2 DAGs
[2024-10-18T23:51:55.506+0000] {logging_mixin.py:151} INFO - [2024-10-18T23:51:55.506+0000] {dag.py:3722} INFO - Setting next_dagrun for example_external_task_marker_child to None, run_after=None
[2024-10-18T23:51:55.516+0000] {logging_mixin.py:151} INFO - [2024-10-18T23:51:55.515+0000] {dag.py:3722} INFO - Setting next_dagrun for example_external_task_marker_parent to None, run_after=None
[2024-10-18T23:51:55.558+0000] {processor.py:179} INFO - Processing /home/airflow/.local/lib/python3.8/site-packages/airflow/example_dags/example_external_task_marker_dag.py took 0.226 seconds
[2024-10-18T23:52:26.297+0000] {processor.py:157} INFO - Started process (PID=1283) to work on /home/airflow/.local/lib/python3.8/site-packages/airflow/example_dags/example_external_task_marker_dag.py
[2024-10-18T23:52:26.300+0000] {processor.py:829} INFO - Processing file /home/airflow/.local/lib/python3.8/site-packages/airflow/example_dags/example_external_task_marker_dag.py for tasks to queue
[2024-10-18T23:52:26.306+0000] {logging_mixin.py:151} INFO - [2024-10-18T23:52:26.305+0000] {dagbag.py:536} INFO - Filling up the DagBag from /home/airflow/.local/lib/python3.8/site-packages/airflow/example_dags/example_external_task_marker_dag.py
[2024-10-18T23:52:26.332+0000] {processor.py:839} INFO - DAG(s) dict_keys(['example_external_task_marker_child', 'example_external_task_marker_parent']) retrieved from /home/airflow/.local/lib/python3.8/site-packages/airflow/example_dags/example_external_task_marker_dag.py
[2024-10-18T23:52:26.432+0000] {logging_mixin.py:151} INFO - [2024-10-18T23:52:26.431+0000] {dag.py:2941} INFO - Sync 2 DAGs
[2024-10-18T23:52:26.496+0000] {logging_mixin.py:151} INFO - [2024-10-18T23:52:26.495+0000] {dag.py:3722} INFO - Setting next_dagrun for example_external_task_marker_child to None, run_after=None
[2024-10-18T23:52:26.508+0000] {logging_mixin.py:151} INFO - [2024-10-18T23:52:26.507+0000] {dag.py:3722} INFO - Setting next_dagrun for example_external_task_marker_parent to None, run_after=None
[2024-10-18T23:52:27.433+0000] {processor.py:179} INFO - Processing /home/airflow/.local/lib/python3.8/site-packages/airflow/example_dags/example_external_task_marker_dag.py took 1.147 seconds
[2024-10-18T23:52:58.475+0000] {processor.py:157} INFO - Started process (PID=1336) to work on /home/airflow/.local/lib/python3.8/site-packages/airflow/example_dags/example_external_task_marker_dag.py
[2024-10-18T23:52:58.477+0000] {processor.py:829} INFO - Processing file /home/airflow/.local/lib/python3.8/site-packages/airflow/example_dags/example_external_task_marker_dag.py for tasks to queue
[2024-10-18T23:52:58.480+0000] {logging_mixin.py:151} INFO - [2024-10-18T23:52:58.479+0000] {dagbag.py:536} INFO - Filling up the DagBag from /home/airflow/.local/lib/python3.8/site-packages/airflow/example_dags/example_external_task_marker_dag.py
[2024-10-18T23:52:58.506+0000] {processor.py:839} INFO - DAG(s) dict_keys(['example_external_task_marker_child', 'example_external_task_marker_parent']) retrieved from /home/airflow/.local/lib/python3.8/site-packages/airflow/example_dags/example_external_task_marker_dag.py
[2024-10-18T23:52:58.560+0000] {logging_mixin.py:151} INFO - [2024-10-18T23:52:58.559+0000] {dag.py:2941} INFO - Sync 2 DAGs
[2024-10-18T23:52:58.589+0000] {logging_mixin.py:151} INFO - [2024-10-18T23:52:58.589+0000] {dag.py:3722} INFO - Setting next_dagrun for example_external_task_marker_child to None, run_after=None
[2024-10-18T23:52:58.595+0000] {logging_mixin.py:151} INFO - [2024-10-18T23:52:58.595+0000] {dag.py:3722} INFO - Setting next_dagrun for example_external_task_marker_parent to None, run_after=None
[2024-10-18T23:52:58.648+0000] {processor.py:179} INFO - Processing /home/airflow/.local/lib/python3.8/site-packages/airflow/example_dags/example_external_task_marker_dag.py took 0.195 seconds
[2024-10-18T23:53:54.483+0000] {processor.py:157} INFO - Started process (PID=1407) to work on /home/airflow/.local/lib/python3.8/site-packages/airflow/example_dags/example_external_task_marker_dag.py
[2024-10-18T23:53:54.485+0000] {processor.py:829} INFO - Processing file /home/airflow/.local/lib/python3.8/site-packages/airflow/example_dags/example_external_task_marker_dag.py for tasks to queue
[2024-10-18T23:53:54.489+0000] {logging_mixin.py:151} INFO - [2024-10-18T23:53:54.488+0000] {dagbag.py:536} INFO - Filling up the DagBag from /home/airflow/.local/lib/python3.8/site-packages/airflow/example_dags/example_external_task_marker_dag.py
[2024-10-18T23:53:54.502+0000] {processor.py:839} INFO - DAG(s) dict_keys(['example_external_task_marker_child', 'example_external_task_marker_parent']) retrieved from /home/airflow/.local/lib/python3.8/site-packages/airflow/example_dags/example_external_task_marker_dag.py
[2024-10-18T23:53:54.554+0000] {logging_mixin.py:151} INFO - [2024-10-18T23:53:54.553+0000] {dag.py:2941} INFO - Sync 2 DAGs
[2024-10-18T23:53:54.588+0000] {logging_mixin.py:151} INFO - [2024-10-18T23:53:54.588+0000] {dag.py:3722} INFO - Setting next_dagrun for example_external_task_marker_child to None, run_after=None
[2024-10-18T23:53:54.596+0000] {logging_mixin.py:151} INFO - [2024-10-18T23:53:54.596+0000] {dag.py:3722} INFO - Setting next_dagrun for example_external_task_marker_parent to None, run_after=None
[2024-10-18T23:53:54.633+0000] {processor.py:179} INFO - Processing /home/airflow/.local/lib/python3.8/site-packages/airflow/example_dags/example_external_task_marker_dag.py took 0.156 seconds
[2024-10-18T23:54:25.376+0000] {processor.py:157} INFO - Started process (PID=1460) to work on /home/airflow/.local/lib/python3.8/site-packages/airflow/example_dags/example_external_task_marker_dag.py
[2024-10-18T23:54:25.384+0000] {processor.py:829} INFO - Processing file /home/airflow/.local/lib/python3.8/site-packages/airflow/example_dags/example_external_task_marker_dag.py for tasks to queue
[2024-10-18T23:54:25.393+0000] {logging_mixin.py:151} INFO - [2024-10-18T23:54:25.393+0000] {dagbag.py:536} INFO - Filling up the DagBag from /home/airflow/.local/lib/python3.8/site-packages/airflow/example_dags/example_external_task_marker_dag.py
[2024-10-18T23:54:25.415+0000] {processor.py:839} INFO - DAG(s) dict_keys(['example_external_task_marker_child', 'example_external_task_marker_parent']) retrieved from /home/airflow/.local/lib/python3.8/site-packages/airflow/example_dags/example_external_task_marker_dag.py
[2024-10-18T23:54:25.799+0000] {logging_mixin.py:151} INFO - [2024-10-18T23:54:25.798+0000] {dag.py:2941} INFO - Sync 2 DAGs
[2024-10-18T23:54:25.859+0000] {logging_mixin.py:151} INFO - [2024-10-18T23:54:25.857+0000] {dag.py:3722} INFO - Setting next_dagrun for example_external_task_marker_child to None, run_after=None
[2024-10-18T23:54:25.875+0000] {logging_mixin.py:151} INFO - [2024-10-18T23:54:25.875+0000] {dag.py:3722} INFO - Setting next_dagrun for example_external_task_marker_parent to None, run_after=None
[2024-10-18T23:54:25.958+0000] {processor.py:179} INFO - Processing /home/airflow/.local/lib/python3.8/site-packages/airflow/example_dags/example_external_task_marker_dag.py took 0.590 seconds
[2024-10-18T23:55:01.162+0000] {processor.py:157} INFO - Started process (PID=1515) to work on /home/airflow/.local/lib/python3.8/site-packages/airflow/example_dags/example_external_task_marker_dag.py
[2024-10-18T23:55:01.164+0000] {processor.py:829} INFO - Processing file /home/airflow/.local/lib/python3.8/site-packages/airflow/example_dags/example_external_task_marker_dag.py for tasks to queue
[2024-10-18T23:55:01.172+0000] {logging_mixin.py:151} INFO - [2024-10-18T23:55:01.170+0000] {dagbag.py:536} INFO - Filling up the DagBag from /home/airflow/.local/lib/python3.8/site-packages/airflow/example_dags/example_external_task_marker_dag.py
[2024-10-18T23:55:01.187+0000] {processor.py:839} INFO - DAG(s) dict_keys(['example_external_task_marker_parent', 'example_external_task_marker_child']) retrieved from /home/airflow/.local/lib/python3.8/site-packages/airflow/example_dags/example_external_task_marker_dag.py
[2024-10-18T23:55:01.274+0000] {logging_mixin.py:151} INFO - [2024-10-18T23:55:01.274+0000] {dag.py:2941} INFO - Sync 2 DAGs
[2024-10-18T23:55:01.336+0000] {logging_mixin.py:151} INFO - [2024-10-18T23:55:01.336+0000] {dag.py:3722} INFO - Setting next_dagrun for example_external_task_marker_child to None, run_after=None
[2024-10-18T23:55:01.347+0000] {logging_mixin.py:151} INFO - [2024-10-18T23:55:01.346+0000] {dag.py:3722} INFO - Setting next_dagrun for example_external_task_marker_parent to None, run_after=None
[2024-10-18T23:55:01.461+0000] {processor.py:179} INFO - Processing /home/airflow/.local/lib/python3.8/site-packages/airflow/example_dags/example_external_task_marker_dag.py took 0.305 seconds
[2024-10-18T23:55:32.973+0000] {processor.py:157} INFO - Started process (PID=1568) to work on /home/airflow/.local/lib/python3.8/site-packages/airflow/example_dags/example_external_task_marker_dag.py
[2024-10-18T23:55:32.987+0000] {processor.py:829} INFO - Processing file /home/airflow/.local/lib/python3.8/site-packages/airflow/example_dags/example_external_task_marker_dag.py for tasks to queue
[2024-10-18T23:55:33.006+0000] {logging_mixin.py:151} INFO - [2024-10-18T23:55:33.005+0000] {dagbag.py:536} INFO - Filling up the DagBag from /home/airflow/.local/lib/python3.8/site-packages/airflow/example_dags/example_external_task_marker_dag.py
[2024-10-18T23:55:33.079+0000] {processor.py:839} INFO - DAG(s) dict_keys(['example_external_task_marker_child', 'example_external_task_marker_parent']) retrieved from /home/airflow/.local/lib/python3.8/site-packages/airflow/example_dags/example_external_task_marker_dag.py
[2024-10-18T23:55:33.219+0000] {logging_mixin.py:151} INFO - [2024-10-18T23:55:33.218+0000] {dag.py:2941} INFO - Sync 2 DAGs
[2024-10-18T23:55:33.255+0000] {logging_mixin.py:151} INFO - [2024-10-18T23:55:33.255+0000] {dag.py:3722} INFO - Setting next_dagrun for example_external_task_marker_child to None, run_after=None
[2024-10-18T23:55:33.267+0000] {logging_mixin.py:151} INFO - [2024-10-18T23:55:33.266+0000] {dag.py:3722} INFO - Setting next_dagrun for example_external_task_marker_parent to None, run_after=None
[2024-10-18T23:55:33.336+0000] {processor.py:179} INFO - Processing /home/airflow/.local/lib/python3.8/site-packages/airflow/example_dags/example_external_task_marker_dag.py took 0.635 seconds
[2024-10-18T23:56:10.019+0000] {processor.py:157} INFO - Started process (PID=1632) to work on /home/airflow/.local/lib/python3.8/site-packages/airflow/example_dags/example_external_task_marker_dag.py
[2024-10-18T23:56:10.023+0000] {processor.py:829} INFO - Processing file /home/airflow/.local/lib/python3.8/site-packages/airflow/example_dags/example_external_task_marker_dag.py for tasks to queue
[2024-10-18T23:56:10.033+0000] {logging_mixin.py:151} INFO - [2024-10-18T23:56:10.032+0000] {dagbag.py:536} INFO - Filling up the DagBag from /home/airflow/.local/lib/python3.8/site-packages/airflow/example_dags/example_external_task_marker_dag.py
[2024-10-18T23:56:10.072+0000] {processor.py:839} INFO - DAG(s) dict_keys(['example_external_task_marker_child', 'example_external_task_marker_parent']) retrieved from /home/airflow/.local/lib/python3.8/site-packages/airflow/example_dags/example_external_task_marker_dag.py
[2024-10-18T23:56:10.280+0000] {logging_mixin.py:151} INFO - [2024-10-18T23:56:10.279+0000] {dag.py:2941} INFO - Sync 2 DAGs
[2024-10-18T23:56:10.332+0000] {logging_mixin.py:151} INFO - [2024-10-18T23:56:10.331+0000] {dag.py:3722} INFO - Setting next_dagrun for example_external_task_marker_child to None, run_after=None
[2024-10-18T23:56:10.348+0000] {logging_mixin.py:151} INFO - [2024-10-18T23:56:10.347+0000] {dag.py:3722} INFO - Setting next_dagrun for example_external_task_marker_parent to None, run_after=None
[2024-10-18T23:56:10.466+0000] {processor.py:179} INFO - Processing /home/airflow/.local/lib/python3.8/site-packages/airflow/example_dags/example_external_task_marker_dag.py took 0.499 seconds
[2024-10-18T23:56:41.043+0000] {processor.py:157} INFO - Started process (PID=1684) to work on /home/airflow/.local/lib/python3.8/site-packages/airflow/example_dags/example_external_task_marker_dag.py
[2024-10-18T23:56:41.048+0000] {processor.py:829} INFO - Processing file /home/airflow/.local/lib/python3.8/site-packages/airflow/example_dags/example_external_task_marker_dag.py for tasks to queue
[2024-10-18T23:56:41.052+0000] {logging_mixin.py:151} INFO - [2024-10-18T23:56:41.052+0000] {dagbag.py:536} INFO - Filling up the DagBag from /home/airflow/.local/lib/python3.8/site-packages/airflow/example_dags/example_external_task_marker_dag.py
[2024-10-18T23:56:41.075+0000] {processor.py:839} INFO - DAG(s) dict_keys(['example_external_task_marker_parent', 'example_external_task_marker_child']) retrieved from /home/airflow/.local/lib/python3.8/site-packages/airflow/example_dags/example_external_task_marker_dag.py
[2024-10-18T23:56:41.171+0000] {logging_mixin.py:151} INFO - [2024-10-18T23:56:41.170+0000] {dag.py:2941} INFO - Sync 2 DAGs
[2024-10-18T23:56:41.200+0000] {logging_mixin.py:151} INFO - [2024-10-18T23:56:41.200+0000] {dag.py:3722} INFO - Setting next_dagrun for example_external_task_marker_child to None, run_after=None
[2024-10-18T23:56:41.206+0000] {logging_mixin.py:151} INFO - [2024-10-18T23:56:41.206+0000] {dag.py:3722} INFO - Setting next_dagrun for example_external_task_marker_parent to None, run_after=None
[2024-10-18T23:56:41.245+0000] {processor.py:179} INFO - Processing /home/airflow/.local/lib/python3.8/site-packages/airflow/example_dags/example_external_task_marker_dag.py took 0.208 seconds
[2024-10-18T23:57:22.082+0000] {processor.py:157} INFO - Started process (PID=1738) to work on /home/airflow/.local/lib/python3.8/site-packages/airflow/example_dags/example_external_task_marker_dag.py
[2024-10-18T23:57:22.086+0000] {processor.py:829} INFO - Processing file /home/airflow/.local/lib/python3.8/site-packages/airflow/example_dags/example_external_task_marker_dag.py for tasks to queue
[2024-10-18T23:57:22.093+0000] {logging_mixin.py:151} INFO - [2024-10-18T23:57:22.092+0000] {dagbag.py:536} INFO - Filling up the DagBag from /home/airflow/.local/lib/python3.8/site-packages/airflow/example_dags/example_external_task_marker_dag.py
[2024-10-18T23:57:22.112+0000] {processor.py:839} INFO - DAG(s) dict_keys(['example_external_task_marker_child', 'example_external_task_marker_parent']) retrieved from /home/airflow/.local/lib/python3.8/site-packages/airflow/example_dags/example_external_task_marker_dag.py
[2024-10-18T23:57:22.246+0000] {logging_mixin.py:151} INFO - [2024-10-18T23:57:22.245+0000] {dag.py:2941} INFO - Sync 2 DAGs
[2024-10-18T23:57:22.322+0000] {logging_mixin.py:151} INFO - [2024-10-18T23:57:22.321+0000] {dag.py:3722} INFO - Setting next_dagrun for example_external_task_marker_child to None, run_after=None
[2024-10-18T23:57:22.346+0000] {logging_mixin.py:151} INFO - [2024-10-18T23:57:22.345+0000] {dag.py:3722} INFO - Setting next_dagrun for example_external_task_marker_parent to None, run_after=None
[2024-10-18T23:57:22.549+0000] {processor.py:179} INFO - Processing /home/airflow/.local/lib/python3.8/site-packages/airflow/example_dags/example_external_task_marker_dag.py took 0.482 seconds
[2024-10-18T23:57:54.263+0000] {processor.py:157} INFO - Started process (PID=1792) to work on /home/airflow/.local/lib/python3.8/site-packages/airflow/example_dags/example_external_task_marker_dag.py
[2024-10-18T23:57:54.265+0000] {processor.py:829} INFO - Processing file /home/airflow/.local/lib/python3.8/site-packages/airflow/example_dags/example_external_task_marker_dag.py for tasks to queue
[2024-10-18T23:57:54.269+0000] {logging_mixin.py:151} INFO - [2024-10-18T23:57:54.269+0000] {dagbag.py:536} INFO - Filling up the DagBag from /home/airflow/.local/lib/python3.8/site-packages/airflow/example_dags/example_external_task_marker_dag.py
[2024-10-18T23:57:54.281+0000] {processor.py:839} INFO - DAG(s) dict_keys(['example_external_task_marker_child', 'example_external_task_marker_parent']) retrieved from /home/airflow/.local/lib/python3.8/site-packages/airflow/example_dags/example_external_task_marker_dag.py
[2024-10-18T23:57:54.395+0000] {logging_mixin.py:151} INFO - [2024-10-18T23:57:54.395+0000] {dag.py:2941} INFO - Sync 2 DAGs
[2024-10-18T23:57:54.436+0000] {logging_mixin.py:151} INFO - [2024-10-18T23:57:54.436+0000] {dag.py:3722} INFO - Setting next_dagrun for example_external_task_marker_child to None, run_after=None
[2024-10-18T23:57:54.446+0000] {logging_mixin.py:151} INFO - [2024-10-18T23:57:54.446+0000] {dag.py:3722} INFO - Setting next_dagrun for example_external_task_marker_parent to None, run_after=None
[2024-10-18T23:57:54.497+0000] {processor.py:179} INFO - Processing /home/airflow/.local/lib/python3.8/site-packages/airflow/example_dags/example_external_task_marker_dag.py took 0.243 seconds
[2024-10-18T23:58:24.732+0000] {processor.py:157} INFO - Started process (PID=1846) to work on /home/airflow/.local/lib/python3.8/site-packages/airflow/example_dags/example_external_task_marker_dag.py
[2024-10-18T23:58:24.734+0000] {processor.py:829} INFO - Processing file /home/airflow/.local/lib/python3.8/site-packages/airflow/example_dags/example_external_task_marker_dag.py for tasks to queue
[2024-10-18T23:58:24.739+0000] {logging_mixin.py:151} INFO - [2024-10-18T23:58:24.739+0000] {dagbag.py:536} INFO - Filling up the DagBag from /home/airflow/.local/lib/python3.8/site-packages/airflow/example_dags/example_external_task_marker_dag.py
[2024-10-18T23:58:24.760+0000] {processor.py:839} INFO - DAG(s) dict_keys(['example_external_task_marker_parent', 'example_external_task_marker_child']) retrieved from /home/airflow/.local/lib/python3.8/site-packages/airflow/example_dags/example_external_task_marker_dag.py
[2024-10-18T23:58:24.849+0000] {logging_mixin.py:151} INFO - [2024-10-18T23:58:24.848+0000] {dag.py:2941} INFO - Sync 2 DAGs
[2024-10-18T23:58:24.892+0000] {logging_mixin.py:151} INFO - [2024-10-18T23:58:24.891+0000] {dag.py:3722} INFO - Setting next_dagrun for example_external_task_marker_child to None, run_after=None
[2024-10-18T23:58:24.899+0000] {logging_mixin.py:151} INFO - [2024-10-18T23:58:24.899+0000] {dag.py:3722} INFO - Setting next_dagrun for example_external_task_marker_parent to None, run_after=None
[2024-10-18T23:58:24.943+0000] {processor.py:179} INFO - Processing /home/airflow/.local/lib/python3.8/site-packages/airflow/example_dags/example_external_task_marker_dag.py took 0.220 seconds
[2024-10-18T23:58:56.972+0000] {processor.py:157} INFO - Started process (PID=1900) to work on /home/airflow/.local/lib/python3.8/site-packages/airflow/example_dags/example_external_task_marker_dag.py
[2024-10-18T23:58:56.975+0000] {processor.py:829} INFO - Processing file /home/airflow/.local/lib/python3.8/site-packages/airflow/example_dags/example_external_task_marker_dag.py for tasks to queue
[2024-10-18T23:58:56.981+0000] {logging_mixin.py:151} INFO - [2024-10-18T23:58:56.980+0000] {dagbag.py:536} INFO - Filling up the DagBag from /home/airflow/.local/lib/python3.8/site-packages/airflow/example_dags/example_external_task_marker_dag.py
[2024-10-18T23:58:56.998+0000] {processor.py:839} INFO - DAG(s) dict_keys(['example_external_task_marker_parent', 'example_external_task_marker_child']) retrieved from /home/airflow/.local/lib/python3.8/site-packages/airflow/example_dags/example_external_task_marker_dag.py
[2024-10-18T23:58:57.080+0000] {logging_mixin.py:151} INFO - [2024-10-18T23:58:57.078+0000] {dag.py:2941} INFO - Sync 2 DAGs
[2024-10-18T23:58:57.113+0000] {logging_mixin.py:151} INFO - [2024-10-18T23:58:57.113+0000] {dag.py:3722} INFO - Setting next_dagrun for example_external_task_marker_child to None, run_after=None
[2024-10-18T23:58:57.119+0000] {logging_mixin.py:151} INFO - [2024-10-18T23:58:57.119+0000] {dag.py:3722} INFO - Setting next_dagrun for example_external_task_marker_parent to None, run_after=None
[2024-10-18T23:58:57.168+0000] {processor.py:179} INFO - Processing /home/airflow/.local/lib/python3.8/site-packages/airflow/example_dags/example_external_task_marker_dag.py took 0.204 seconds
[2024-10-18T23:59:27.250+0000] {processor.py:157} INFO - Started process (PID=1953) to work on /home/airflow/.local/lib/python3.8/site-packages/airflow/example_dags/example_external_task_marker_dag.py
[2024-10-18T23:59:27.253+0000] {processor.py:829} INFO - Processing file /home/airflow/.local/lib/python3.8/site-packages/airflow/example_dags/example_external_task_marker_dag.py for tasks to queue
[2024-10-18T23:59:27.258+0000] {logging_mixin.py:151} INFO - [2024-10-18T23:59:27.257+0000] {dagbag.py:536} INFO - Filling up the DagBag from /home/airflow/.local/lib/python3.8/site-packages/airflow/example_dags/example_external_task_marker_dag.py
[2024-10-18T23:59:27.272+0000] {processor.py:839} INFO - DAG(s) dict_keys(['example_external_task_marker_child', 'example_external_task_marker_parent']) retrieved from /home/airflow/.local/lib/python3.8/site-packages/airflow/example_dags/example_external_task_marker_dag.py
[2024-10-18T23:59:27.327+0000] {logging_mixin.py:151} INFO - [2024-10-18T23:59:27.327+0000] {dag.py:2941} INFO - Sync 2 DAGs
[2024-10-18T23:59:27.353+0000] {logging_mixin.py:151} INFO - [2024-10-18T23:59:27.353+0000] {dag.py:3722} INFO - Setting next_dagrun for example_external_task_marker_child to None, run_after=None
[2024-10-18T23:59:27.361+0000] {logging_mixin.py:151} INFO - [2024-10-18T23:59:27.361+0000] {dag.py:3722} INFO - Setting next_dagrun for example_external_task_marker_parent to None, run_after=None
[2024-10-18T23:59:27.409+0000] {processor.py:179} INFO - Processing /home/airflow/.local/lib/python3.8/site-packages/airflow/example_dags/example_external_task_marker_dag.py took 0.166 seconds
[2024-10-18T23:59:58.063+0000] {processor.py:157} INFO - Started process (PID=2006) to work on /home/airflow/.local/lib/python3.8/site-packages/airflow/example_dags/example_external_task_marker_dag.py
[2024-10-18T23:59:58.066+0000] {processor.py:829} INFO - Processing file /home/airflow/.local/lib/python3.8/site-packages/airflow/example_dags/example_external_task_marker_dag.py for tasks to queue
[2024-10-18T23:59:58.076+0000] {logging_mixin.py:151} INFO - [2024-10-18T23:59:58.075+0000] {dagbag.py:536} INFO - Filling up the DagBag from /home/airflow/.local/lib/python3.8/site-packages/airflow/example_dags/example_external_task_marker_dag.py
[2024-10-18T23:59:58.103+0000] {processor.py:839} INFO - DAG(s) dict_keys(['example_external_task_marker_child', 'example_external_task_marker_parent']) retrieved from /home/airflow/.local/lib/python3.8/site-packages/airflow/example_dags/example_external_task_marker_dag.py
[2024-10-18T23:59:58.193+0000] {logging_mixin.py:151} INFO - [2024-10-18T23:59:58.192+0000] {dag.py:2941} INFO - Sync 2 DAGs
[2024-10-18T23:59:58.220+0000] {logging_mixin.py:151} INFO - [2024-10-18T23:59:58.219+0000] {dag.py:3722} INFO - Setting next_dagrun for example_external_task_marker_child to None, run_after=None
[2024-10-18T23:59:58.232+0000] {logging_mixin.py:151} INFO - [2024-10-18T23:59:58.232+0000] {dag.py:3722} INFO - Setting next_dagrun for example_external_task_marker_parent to None, run_after=None
[2024-10-18T23:59:58.268+0000] {processor.py:179} INFO - Processing /home/airflow/.local/lib/python3.8/site-packages/airflow/example_dags/example_external_task_marker_dag.py took 0.214 seconds
