[2024-10-18T23:31:59.017+0000] {processor.py:157} INFO - Started process (PID=114) to work on /home/airflow/.local/lib/python3.8/site-packages/airflow/example_dags/example_setup_teardown.py
[2024-10-18T23:31:59.019+0000] {processor.py:829} INFO - Processing file /home/airflow/.local/lib/python3.8/site-packages/airflow/example_dags/example_setup_teardown.py for tasks to queue
[2024-10-18T23:31:59.065+0000] {logging_mixin.py:151} INFO - [2024-10-18T23:31:59.024+0000] {dagbag.py:536} INFO - Filling up the DagBag from /home/airflow/.local/lib/python3.8/site-packages/airflow/example_dags/example_setup_teardown.py
[2024-10-18T23:31:59.169+0000] {processor.py:839} INFO - DAG(s) dict_keys(['example_setup_teardown']) retrieved from /home/airflow/.local/lib/python3.8/site-packages/airflow/example_dags/example_setup_teardown.py
[2024-10-18T23:32:00.885+0000] {logging_mixin.py:151} INFO - [2024-10-18T23:32:00.664+0000] {dag.py:2941} INFO - Sync 1 DAGs
[2024-10-18T23:32:01.602+0000] {logging_mixin.py:151} INFO - [2024-10-18T23:32:01.602+0000] {dag.py:3722} INFO - Setting next_dagrun for example_setup_teardown to 2024-10-17T23:32:01.219753+00:00, run_after=2024-10-18T23:32:01.219753+00:00
[2024-10-18T23:32:01.788+0000] {processor.py:179} INFO - Processing /home/airflow/.local/lib/python3.8/site-packages/airflow/example_dags/example_setup_teardown.py took 2.780 seconds
[2024-10-18T23:32:32.652+0000] {processor.py:157} INFO - Started process (PID=168) to work on /home/airflow/.local/lib/python3.8/site-packages/airflow/example_dags/example_setup_teardown.py
[2024-10-18T23:32:32.659+0000] {processor.py:829} INFO - Processing file /home/airflow/.local/lib/python3.8/site-packages/airflow/example_dags/example_setup_teardown.py for tasks to queue
[2024-10-18T23:32:32.673+0000] {logging_mixin.py:151} INFO - [2024-10-18T23:32:32.672+0000] {dagbag.py:536} INFO - Filling up the DagBag from /home/airflow/.local/lib/python3.8/site-packages/airflow/example_dags/example_setup_teardown.py
[2024-10-18T23:32:32.742+0000] {processor.py:839} INFO - DAG(s) dict_keys(['example_setup_teardown']) retrieved from /home/airflow/.local/lib/python3.8/site-packages/airflow/example_dags/example_setup_teardown.py
[2024-10-18T23:32:32.846+0000] {logging_mixin.py:151} INFO - [2024-10-18T23:32:32.846+0000] {dag.py:2941} INFO - Sync 1 DAGs
[2024-10-18T23:32:32.966+0000] {logging_mixin.py:151} INFO - [2024-10-18T23:32:32.966+0000] {dag.py:3722} INFO - Setting next_dagrun for example_setup_teardown to 2024-10-17T23:32:32.965871+00:00, run_after=2024-10-18T23:32:32.965871+00:00
[2024-10-18T23:32:33.031+0000] {processor.py:179} INFO - Processing /home/airflow/.local/lib/python3.8/site-packages/airflow/example_dags/example_setup_teardown.py took 0.403 seconds
[2024-10-18T23:33:03.460+0000] {processor.py:157} INFO - Started process (PID=222) to work on /home/airflow/.local/lib/python3.8/site-packages/airflow/example_dags/example_setup_teardown.py
[2024-10-18T23:33:03.461+0000] {processor.py:829} INFO - Processing file /home/airflow/.local/lib/python3.8/site-packages/airflow/example_dags/example_setup_teardown.py for tasks to queue
[2024-10-18T23:33:03.466+0000] {logging_mixin.py:151} INFO - [2024-10-18T23:33:03.465+0000] {dagbag.py:536} INFO - Filling up the DagBag from /home/airflow/.local/lib/python3.8/site-packages/airflow/example_dags/example_setup_teardown.py
[2024-10-18T23:33:03.492+0000] {processor.py:839} INFO - DAG(s) dict_keys(['example_setup_teardown']) retrieved from /home/airflow/.local/lib/python3.8/site-packages/airflow/example_dags/example_setup_teardown.py
[2024-10-18T23:33:03.558+0000] {logging_mixin.py:151} INFO - [2024-10-18T23:33:03.557+0000] {dag.py:2941} INFO - Sync 1 DAGs
[2024-10-18T23:33:03.621+0000] {logging_mixin.py:151} INFO - [2024-10-18T23:33:03.621+0000] {dag.py:3722} INFO - Setting next_dagrun for example_setup_teardown to 2024-10-17T23:33:03.620940+00:00, run_after=2024-10-18T23:33:03.620940+00:00
[2024-10-18T23:33:03.669+0000] {processor.py:179} INFO - Processing /home/airflow/.local/lib/python3.8/site-packages/airflow/example_dags/example_setup_teardown.py took 0.216 seconds
[2024-10-18T23:33:33.765+0000] {processor.py:157} INFO - Started process (PID=276) to work on /home/airflow/.local/lib/python3.8/site-packages/airflow/example_dags/example_setup_teardown.py
[2024-10-18T23:33:33.768+0000] {processor.py:829} INFO - Processing file /home/airflow/.local/lib/python3.8/site-packages/airflow/example_dags/example_setup_teardown.py for tasks to queue
[2024-10-18T23:33:33.773+0000] {logging_mixin.py:151} INFO - [2024-10-18T23:33:33.772+0000] {dagbag.py:536} INFO - Filling up the DagBag from /home/airflow/.local/lib/python3.8/site-packages/airflow/example_dags/example_setup_teardown.py
[2024-10-18T23:33:33.792+0000] {processor.py:839} INFO - DAG(s) dict_keys(['example_setup_teardown']) retrieved from /home/airflow/.local/lib/python3.8/site-packages/airflow/example_dags/example_setup_teardown.py
[2024-10-18T23:33:33.850+0000] {logging_mixin.py:151} INFO - [2024-10-18T23:33:33.849+0000] {dag.py:2941} INFO - Sync 1 DAGs
[2024-10-18T23:33:33.904+0000] {logging_mixin.py:151} INFO - [2024-10-18T23:33:33.903+0000] {dag.py:3722} INFO - Setting next_dagrun for example_setup_teardown to 2024-10-17T23:33:33.902972+00:00, run_after=2024-10-18T23:33:33.902972+00:00
[2024-10-18T23:33:33.956+0000] {processor.py:179} INFO - Processing /home/airflow/.local/lib/python3.8/site-packages/airflow/example_dags/example_setup_teardown.py took 0.198 seconds
[2024-10-18T23:34:04.212+0000] {processor.py:157} INFO - Started process (PID=330) to work on /home/airflow/.local/lib/python3.8/site-packages/airflow/example_dags/example_setup_teardown.py
[2024-10-18T23:34:04.216+0000] {processor.py:829} INFO - Processing file /home/airflow/.local/lib/python3.8/site-packages/airflow/example_dags/example_setup_teardown.py for tasks to queue
[2024-10-18T23:34:04.225+0000] {logging_mixin.py:151} INFO - [2024-10-18T23:34:04.224+0000] {dagbag.py:536} INFO - Filling up the DagBag from /home/airflow/.local/lib/python3.8/site-packages/airflow/example_dags/example_setup_teardown.py
[2024-10-18T23:34:04.265+0000] {processor.py:839} INFO - DAG(s) dict_keys(['example_setup_teardown']) retrieved from /home/airflow/.local/lib/python3.8/site-packages/airflow/example_dags/example_setup_teardown.py
[2024-10-18T23:34:04.362+0000] {logging_mixin.py:151} INFO - [2024-10-18T23:34:04.361+0000] {dag.py:2941} INFO - Sync 1 DAGs
[2024-10-18T23:34:04.483+0000] {logging_mixin.py:151} INFO - [2024-10-18T23:34:04.483+0000] {dag.py:3722} INFO - Setting next_dagrun for example_setup_teardown to 2024-10-17T23:34:04.482434+00:00, run_after=2024-10-18T23:34:04.482434+00:00
[2024-10-18T23:34:04.575+0000] {processor.py:179} INFO - Processing /home/airflow/.local/lib/python3.8/site-packages/airflow/example_dags/example_setup_teardown.py took 0.379 seconds
[2024-10-18T23:34:34.821+0000] {processor.py:157} INFO - Started process (PID=384) to work on /home/airflow/.local/lib/python3.8/site-packages/airflow/example_dags/example_setup_teardown.py
[2024-10-18T23:34:34.824+0000] {processor.py:829} INFO - Processing file /home/airflow/.local/lib/python3.8/site-packages/airflow/example_dags/example_setup_teardown.py for tasks to queue
[2024-10-18T23:34:34.830+0000] {logging_mixin.py:151} INFO - [2024-10-18T23:34:34.830+0000] {dagbag.py:536} INFO - Filling up the DagBag from /home/airflow/.local/lib/python3.8/site-packages/airflow/example_dags/example_setup_teardown.py
[2024-10-18T23:34:34.849+0000] {processor.py:839} INFO - DAG(s) dict_keys(['example_setup_teardown']) retrieved from /home/airflow/.local/lib/python3.8/site-packages/airflow/example_dags/example_setup_teardown.py
[2024-10-18T23:34:34.908+0000] {logging_mixin.py:151} INFO - [2024-10-18T23:34:34.907+0000] {dag.py:2941} INFO - Sync 1 DAGs
[2024-10-18T23:34:34.965+0000] {logging_mixin.py:151} INFO - [2024-10-18T23:34:34.964+0000] {dag.py:3722} INFO - Setting next_dagrun for example_setup_teardown to 2024-10-17T23:34:34.964185+00:00, run_after=2024-10-18T23:34:34.964185+00:00
[2024-10-18T23:34:35.008+0000] {processor.py:179} INFO - Processing /home/airflow/.local/lib/python3.8/site-packages/airflow/example_dags/example_setup_teardown.py took 0.197 seconds
[2024-10-18T23:35:05.603+0000] {processor.py:157} INFO - Started process (PID=438) to work on /home/airflow/.local/lib/python3.8/site-packages/airflow/example_dags/example_setup_teardown.py
[2024-10-18T23:35:05.606+0000] {processor.py:829} INFO - Processing file /home/airflow/.local/lib/python3.8/site-packages/airflow/example_dags/example_setup_teardown.py for tasks to queue
[2024-10-18T23:35:05.612+0000] {logging_mixin.py:151} INFO - [2024-10-18T23:35:05.611+0000] {dagbag.py:536} INFO - Filling up the DagBag from /home/airflow/.local/lib/python3.8/site-packages/airflow/example_dags/example_setup_teardown.py
[2024-10-18T23:35:05.630+0000] {processor.py:839} INFO - DAG(s) dict_keys(['example_setup_teardown']) retrieved from /home/airflow/.local/lib/python3.8/site-packages/airflow/example_dags/example_setup_teardown.py
[2024-10-18T23:35:05.685+0000] {logging_mixin.py:151} INFO - [2024-10-18T23:35:05.684+0000] {dag.py:2941} INFO - Sync 1 DAGs
[2024-10-18T23:35:05.742+0000] {logging_mixin.py:151} INFO - [2024-10-18T23:35:05.742+0000] {dag.py:3722} INFO - Setting next_dagrun for example_setup_teardown to 2024-10-17T23:35:05.741171+00:00, run_after=2024-10-18T23:35:05.741171+00:00
[2024-10-18T23:35:05.790+0000] {processor.py:179} INFO - Processing /home/airflow/.local/lib/python3.8/site-packages/airflow/example_dags/example_setup_teardown.py took 0.210 seconds
[2024-10-18T23:35:36.792+0000] {processor.py:157} INFO - Started process (PID=491) to work on /home/airflow/.local/lib/python3.8/site-packages/airflow/example_dags/example_setup_teardown.py
[2024-10-18T23:35:36.794+0000] {processor.py:829} INFO - Processing file /home/airflow/.local/lib/python3.8/site-packages/airflow/example_dags/example_setup_teardown.py for tasks to queue
[2024-10-18T23:35:36.803+0000] {logging_mixin.py:151} INFO - [2024-10-18T23:35:36.803+0000] {dagbag.py:536} INFO - Filling up the DagBag from /home/airflow/.local/lib/python3.8/site-packages/airflow/example_dags/example_setup_teardown.py
[2024-10-18T23:35:36.823+0000] {processor.py:839} INFO - DAG(s) dict_keys(['example_setup_teardown']) retrieved from /home/airflow/.local/lib/python3.8/site-packages/airflow/example_dags/example_setup_teardown.py
[2024-10-18T23:35:36.873+0000] {logging_mixin.py:151} INFO - [2024-10-18T23:35:36.872+0000] {dag.py:2941} INFO - Sync 1 DAGs
[2024-10-18T23:35:36.938+0000] {logging_mixin.py:151} INFO - [2024-10-18T23:35:36.938+0000] {dag.py:3722} INFO - Setting next_dagrun for example_setup_teardown to 2024-10-17T23:35:36.937603+00:00, run_after=2024-10-18T23:35:36.937603+00:00
[2024-10-18T23:35:36.981+0000] {processor.py:179} INFO - Processing /home/airflow/.local/lib/python3.8/site-packages/airflow/example_dags/example_setup_teardown.py took 0.197 seconds
[2024-10-18T23:36:07.908+0000] {processor.py:157} INFO - Started process (PID=545) to work on /home/airflow/.local/lib/python3.8/site-packages/airflow/example_dags/example_setup_teardown.py
[2024-10-18T23:36:07.917+0000] {processor.py:829} INFO - Processing file /home/airflow/.local/lib/python3.8/site-packages/airflow/example_dags/example_setup_teardown.py for tasks to queue
[2024-10-18T23:36:07.947+0000] {logging_mixin.py:151} INFO - [2024-10-18T23:36:07.947+0000] {dagbag.py:536} INFO - Filling up the DagBag from /home/airflow/.local/lib/python3.8/site-packages/airflow/example_dags/example_setup_teardown.py
[2024-10-18T23:36:08.044+0000] {processor.py:839} INFO - DAG(s) dict_keys(['example_setup_teardown']) retrieved from /home/airflow/.local/lib/python3.8/site-packages/airflow/example_dags/example_setup_teardown.py
[2024-10-18T23:36:08.286+0000] {logging_mixin.py:151} INFO - [2024-10-18T23:36:08.285+0000] {dag.py:2941} INFO - Sync 1 DAGs
[2024-10-18T23:36:08.422+0000] {logging_mixin.py:151} INFO - [2024-10-18T23:36:08.422+0000] {dag.py:3722} INFO - Setting next_dagrun for example_setup_teardown to 2024-10-17T23:36:08.419326+00:00, run_after=2024-10-18T23:36:08.419326+00:00
[2024-10-18T23:36:08.539+0000] {processor.py:179} INFO - Processing /home/airflow/.local/lib/python3.8/site-packages/airflow/example_dags/example_setup_teardown.py took 0.674 seconds
[2024-10-18T23:39:00.784+0000] {processor.py:157} INFO - Started process (PID=114) to work on /home/airflow/.local/lib/python3.8/site-packages/airflow/example_dags/example_setup_teardown.py
[2024-10-18T23:39:00.786+0000] {processor.py:829} INFO - Processing file /home/airflow/.local/lib/python3.8/site-packages/airflow/example_dags/example_setup_teardown.py for tasks to queue
[2024-10-18T23:39:00.792+0000] {logging_mixin.py:151} INFO - [2024-10-18T23:39:00.791+0000] {dagbag.py:536} INFO - Filling up the DagBag from /home/airflow/.local/lib/python3.8/site-packages/airflow/example_dags/example_setup_teardown.py
[2024-10-18T23:39:00.812+0000] {processor.py:839} INFO - DAG(s) dict_keys(['example_setup_teardown']) retrieved from /home/airflow/.local/lib/python3.8/site-packages/airflow/example_dags/example_setup_teardown.py
[2024-10-18T23:39:00.875+0000] {logging_mixin.py:151} INFO - [2024-10-18T23:39:00.875+0000] {dag.py:2941} INFO - Sync 1 DAGs
[2024-10-18T23:39:00.942+0000] {logging_mixin.py:151} INFO - [2024-10-18T23:39:00.942+0000] {dag.py:3722} INFO - Setting next_dagrun for example_setup_teardown to 2024-10-17T23:39:00.941780+00:00, run_after=2024-10-18T23:39:00.941780+00:00
[2024-10-18T23:39:01.030+0000] {processor.py:179} INFO - Processing /home/airflow/.local/lib/python3.8/site-packages/airflow/example_dags/example_setup_teardown.py took 0.254 seconds
[2024-10-18T23:39:31.326+0000] {processor.py:157} INFO - Started process (PID=168) to work on /home/airflow/.local/lib/python3.8/site-packages/airflow/example_dags/example_setup_teardown.py
[2024-10-18T23:39:31.328+0000] {processor.py:829} INFO - Processing file /home/airflow/.local/lib/python3.8/site-packages/airflow/example_dags/example_setup_teardown.py for tasks to queue
[2024-10-18T23:39:31.332+0000] {logging_mixin.py:151} INFO - [2024-10-18T23:39:31.331+0000] {dagbag.py:536} INFO - Filling up the DagBag from /home/airflow/.local/lib/python3.8/site-packages/airflow/example_dags/example_setup_teardown.py
[2024-10-18T23:39:31.444+0000] {processor.py:839} INFO - DAG(s) dict_keys(['example_setup_teardown']) retrieved from /home/airflow/.local/lib/python3.8/site-packages/airflow/example_dags/example_setup_teardown.py
[2024-10-18T23:39:31.627+0000] {logging_mixin.py:151} INFO - [2024-10-18T23:39:31.626+0000] {dag.py:2941} INFO - Sync 1 DAGs
[2024-10-18T23:39:31.761+0000] {logging_mixin.py:151} INFO - [2024-10-18T23:39:31.761+0000] {dag.py:3722} INFO - Setting next_dagrun for example_setup_teardown to 2024-10-17T23:39:31.760626+00:00, run_after=2024-10-18T23:39:31.760626+00:00
[2024-10-18T23:39:31.811+0000] {processor.py:179} INFO - Processing /home/airflow/.local/lib/python3.8/site-packages/airflow/example_dags/example_setup_teardown.py took 0.491 seconds
[2024-10-18T23:40:02.221+0000] {processor.py:157} INFO - Started process (PID=222) to work on /home/airflow/.local/lib/python3.8/site-packages/airflow/example_dags/example_setup_teardown.py
[2024-10-18T23:40:02.225+0000] {processor.py:829} INFO - Processing file /home/airflow/.local/lib/python3.8/site-packages/airflow/example_dags/example_setup_teardown.py for tasks to queue
[2024-10-18T23:40:02.234+0000] {logging_mixin.py:151} INFO - [2024-10-18T23:40:02.233+0000] {dagbag.py:536} INFO - Filling up the DagBag from /home/airflow/.local/lib/python3.8/site-packages/airflow/example_dags/example_setup_teardown.py
[2024-10-18T23:40:02.270+0000] {processor.py:839} INFO - DAG(s) dict_keys(['example_setup_teardown']) retrieved from /home/airflow/.local/lib/python3.8/site-packages/airflow/example_dags/example_setup_teardown.py
[2024-10-18T23:40:02.367+0000] {logging_mixin.py:151} INFO - [2024-10-18T23:40:02.367+0000] {dag.py:2941} INFO - Sync 1 DAGs
[2024-10-18T23:40:02.431+0000] {logging_mixin.py:151} INFO - [2024-10-18T23:40:02.430+0000] {dag.py:3722} INFO - Setting next_dagrun for example_setup_teardown to 2024-10-17T23:40:02.429824+00:00, run_after=2024-10-18T23:40:02.429824+00:00
[2024-10-18T23:40:02.493+0000] {processor.py:179} INFO - Processing /home/airflow/.local/lib/python3.8/site-packages/airflow/example_dags/example_setup_teardown.py took 0.292 seconds
[2024-10-18T23:41:19.015+0000] {processor.py:157} INFO - Started process (PID=306) to work on /home/airflow/.local/lib/python3.8/site-packages/airflow/example_dags/example_setup_teardown.py
[2024-10-18T23:41:19.018+0000] {processor.py:829} INFO - Processing file /home/airflow/.local/lib/python3.8/site-packages/airflow/example_dags/example_setup_teardown.py for tasks to queue
[2024-10-18T23:41:19.022+0000] {logging_mixin.py:151} INFO - [2024-10-18T23:41:19.021+0000] {dagbag.py:536} INFO - Filling up the DagBag from /home/airflow/.local/lib/python3.8/site-packages/airflow/example_dags/example_setup_teardown.py
[2024-10-18T23:41:19.039+0000] {processor.py:839} INFO - DAG(s) dict_keys(['example_setup_teardown']) retrieved from /home/airflow/.local/lib/python3.8/site-packages/airflow/example_dags/example_setup_teardown.py
[2024-10-18T23:41:19.160+0000] {logging_mixin.py:151} INFO - [2024-10-18T23:41:19.159+0000] {dag.py:2941} INFO - Sync 1 DAGs
[2024-10-18T23:41:19.250+0000] {logging_mixin.py:151} INFO - [2024-10-18T23:41:19.234+0000] {dag.py:3722} INFO - Setting next_dagrun for example_setup_teardown to 2024-10-17T23:41:19.234106+00:00, run_after=2024-10-18T23:41:19.234106+00:00
[2024-10-18T23:41:19.469+0000] {processor.py:179} INFO - Processing /home/airflow/.local/lib/python3.8/site-packages/airflow/example_dags/example_setup_teardown.py took 0.461 seconds
[2024-10-18T23:42:37.513+0000] {processor.py:157} INFO - Started process (PID=375) to work on /home/airflow/.local/lib/python3.8/site-packages/airflow/example_dags/example_setup_teardown.py
[2024-10-18T23:42:37.517+0000] {processor.py:829} INFO - Processing file /home/airflow/.local/lib/python3.8/site-packages/airflow/example_dags/example_setup_teardown.py for tasks to queue
[2024-10-18T23:42:37.530+0000] {logging_mixin.py:151} INFO - [2024-10-18T23:42:37.527+0000] {dagbag.py:536} INFO - Filling up the DagBag from /home/airflow/.local/lib/python3.8/site-packages/airflow/example_dags/example_setup_teardown.py
[2024-10-18T23:42:37.615+0000] {processor.py:839} INFO - DAG(s) dict_keys(['example_setup_teardown']) retrieved from /home/airflow/.local/lib/python3.8/site-packages/airflow/example_dags/example_setup_teardown.py
[2024-10-18T23:42:38.005+0000] {logging_mixin.py:151} INFO - [2024-10-18T23:42:37.968+0000] {dag.py:2941} INFO - Sync 1 DAGs
[2024-10-18T23:42:38.127+0000] {logging_mixin.py:151} INFO - [2024-10-18T23:42:38.127+0000] {dag.py:3722} INFO - Setting next_dagrun for example_setup_teardown to 2024-10-17T23:42:38.121188+00:00, run_after=2024-10-18T23:42:38.121188+00:00
[2024-10-18T23:42:38.617+0000] {processor.py:179} INFO - Processing /home/airflow/.local/lib/python3.8/site-packages/airflow/example_dags/example_setup_teardown.py took 1.116 seconds
[2024-10-18T23:43:33.656+0000] {processor.py:157} INFO - Started process (PID=431) to work on /home/airflow/.local/lib/python3.8/site-packages/airflow/example_dags/example_setup_teardown.py
[2024-10-18T23:43:33.662+0000] {processor.py:829} INFO - Processing file /home/airflow/.local/lib/python3.8/site-packages/airflow/example_dags/example_setup_teardown.py for tasks to queue
[2024-10-18T23:43:33.700+0000] {logging_mixin.py:151} INFO - [2024-10-18T23:43:33.699+0000] {dagbag.py:536} INFO - Filling up the DagBag from /home/airflow/.local/lib/python3.8/site-packages/airflow/example_dags/example_setup_teardown.py
[2024-10-18T23:43:33.739+0000] {processor.py:839} INFO - DAG(s) dict_keys(['example_setup_teardown']) retrieved from /home/airflow/.local/lib/python3.8/site-packages/airflow/example_dags/example_setup_teardown.py
[2024-10-18T23:43:33.978+0000] {logging_mixin.py:151} INFO - [2024-10-18T23:43:33.977+0000] {dag.py:2941} INFO - Sync 1 DAGs
[2024-10-18T23:43:34.151+0000] {logging_mixin.py:151} INFO - [2024-10-18T23:43:34.151+0000] {dag.py:3722} INFO - Setting next_dagrun for example_setup_teardown to 2024-10-17T23:43:34.151065+00:00, run_after=2024-10-18T23:43:34.151065+00:00
[2024-10-18T23:43:34.284+0000] {processor.py:179} INFO - Processing /home/airflow/.local/lib/python3.8/site-packages/airflow/example_dags/example_setup_teardown.py took 0.643 seconds
[2024-10-18T23:44:04.676+0000] {processor.py:157} INFO - Started process (PID=485) to work on /home/airflow/.local/lib/python3.8/site-packages/airflow/example_dags/example_setup_teardown.py
[2024-10-18T23:44:04.679+0000] {processor.py:829} INFO - Processing file /home/airflow/.local/lib/python3.8/site-packages/airflow/example_dags/example_setup_teardown.py for tasks to queue
[2024-10-18T23:44:05.162+0000] {logging_mixin.py:151} INFO - [2024-10-18T23:44:04.910+0000] {dagbag.py:536} INFO - Filling up the DagBag from /home/airflow/.local/lib/python3.8/site-packages/airflow/example_dags/example_setup_teardown.py
[2024-10-18T23:44:05.221+0000] {processor.py:839} INFO - DAG(s) dict_keys(['example_setup_teardown']) retrieved from /home/airflow/.local/lib/python3.8/site-packages/airflow/example_dags/example_setup_teardown.py
[2024-10-18T23:44:05.372+0000] {logging_mixin.py:151} INFO - [2024-10-18T23:44:05.371+0000] {dag.py:2941} INFO - Sync 1 DAGs
[2024-10-18T23:44:05.515+0000] {logging_mixin.py:151} INFO - [2024-10-18T23:44:05.514+0000] {dag.py:3722} INFO - Setting next_dagrun for example_setup_teardown to 2024-10-17T23:44:05.513852+00:00, run_after=2024-10-18T23:44:05.513852+00:00
[2024-10-18T23:44:05.631+0000] {processor.py:179} INFO - Processing /home/airflow/.local/lib/python3.8/site-packages/airflow/example_dags/example_setup_teardown.py took 0.962 seconds
[2024-10-18T23:44:35.970+0000] {processor.py:157} INFO - Started process (PID=539) to work on /home/airflow/.local/lib/python3.8/site-packages/airflow/example_dags/example_setup_teardown.py
[2024-10-18T23:44:35.975+0000] {processor.py:829} INFO - Processing file /home/airflow/.local/lib/python3.8/site-packages/airflow/example_dags/example_setup_teardown.py for tasks to queue
[2024-10-18T23:44:35.983+0000] {logging_mixin.py:151} INFO - [2024-10-18T23:44:35.983+0000] {dagbag.py:536} INFO - Filling up the DagBag from /home/airflow/.local/lib/python3.8/site-packages/airflow/example_dags/example_setup_teardown.py
[2024-10-18T23:44:36.030+0000] {processor.py:839} INFO - DAG(s) dict_keys(['example_setup_teardown']) retrieved from /home/airflow/.local/lib/python3.8/site-packages/airflow/example_dags/example_setup_teardown.py
[2024-10-18T23:44:36.094+0000] {logging_mixin.py:151} INFO - [2024-10-18T23:44:36.093+0000] {dag.py:2941} INFO - Sync 1 DAGs
[2024-10-18T23:44:36.184+0000] {logging_mixin.py:151} INFO - [2024-10-18T23:44:36.184+0000] {dag.py:3722} INFO - Setting next_dagrun for example_setup_teardown to 2024-10-17T23:44:36.183690+00:00, run_after=2024-10-18T23:44:36.183690+00:00
[2024-10-18T23:44:36.248+0000] {processor.py:179} INFO - Processing /home/airflow/.local/lib/python3.8/site-packages/airflow/example_dags/example_setup_teardown.py took 0.293 seconds
[2024-10-18T23:45:10.380+0000] {processor.py:157} INFO - Started process (PID=593) to work on /home/airflow/.local/lib/python3.8/site-packages/airflow/example_dags/example_setup_teardown.py
[2024-10-18T23:45:10.386+0000] {processor.py:829} INFO - Processing file /home/airflow/.local/lib/python3.8/site-packages/airflow/example_dags/example_setup_teardown.py for tasks to queue
[2024-10-18T23:45:10.391+0000] {logging_mixin.py:151} INFO - [2024-10-18T23:45:10.391+0000] {dagbag.py:536} INFO - Filling up the DagBag from /home/airflow/.local/lib/python3.8/site-packages/airflow/example_dags/example_setup_teardown.py
[2024-10-18T23:45:10.414+0000] {processor.py:839} INFO - DAG(s) dict_keys(['example_setup_teardown']) retrieved from /home/airflow/.local/lib/python3.8/site-packages/airflow/example_dags/example_setup_teardown.py
[2024-10-18T23:45:10.474+0000] {logging_mixin.py:151} INFO - [2024-10-18T23:45:10.474+0000] {dag.py:2941} INFO - Sync 1 DAGs
[2024-10-18T23:45:10.523+0000] {logging_mixin.py:151} INFO - [2024-10-18T23:45:10.522+0000] {dag.py:3722} INFO - Setting next_dagrun for example_setup_teardown to 2024-10-17T23:45:10.522526+00:00, run_after=2024-10-18T23:45:10.522526+00:00
[2024-10-18T23:45:10.560+0000] {processor.py:179} INFO - Processing /home/airflow/.local/lib/python3.8/site-packages/airflow/example_dags/example_setup_teardown.py took 0.194 seconds
[2024-10-18T23:45:41.171+0000] {processor.py:157} INFO - Started process (PID=645) to work on /home/airflow/.local/lib/python3.8/site-packages/airflow/example_dags/example_setup_teardown.py
[2024-10-18T23:45:41.195+0000] {processor.py:829} INFO - Processing file /home/airflow/.local/lib/python3.8/site-packages/airflow/example_dags/example_setup_teardown.py for tasks to queue
[2024-10-18T23:45:41.207+0000] {logging_mixin.py:151} INFO - [2024-10-18T23:45:41.207+0000] {dagbag.py:536} INFO - Filling up the DagBag from /home/airflow/.local/lib/python3.8/site-packages/airflow/example_dags/example_setup_teardown.py
[2024-10-18T23:45:41.222+0000] {processor.py:839} INFO - DAG(s) dict_keys(['example_setup_teardown']) retrieved from /home/airflow/.local/lib/python3.8/site-packages/airflow/example_dags/example_setup_teardown.py
[2024-10-18T23:45:41.282+0000] {logging_mixin.py:151} INFO - [2024-10-18T23:45:41.281+0000] {dag.py:2941} INFO - Sync 1 DAGs
[2024-10-18T23:45:41.353+0000] {logging_mixin.py:151} INFO - [2024-10-18T23:45:41.353+0000] {dag.py:3722} INFO - Setting next_dagrun for example_setup_teardown to 2024-10-17T23:45:41.353026+00:00, run_after=2024-10-18T23:45:41.353026+00:00
[2024-10-18T23:45:41.428+0000] {processor.py:179} INFO - Processing /home/airflow/.local/lib/python3.8/site-packages/airflow/example_dags/example_setup_teardown.py took 0.267 seconds
[2024-10-18T23:46:11.564+0000] {processor.py:157} INFO - Started process (PID=698) to work on /home/airflow/.local/lib/python3.8/site-packages/airflow/example_dags/example_setup_teardown.py
[2024-10-18T23:46:11.567+0000] {processor.py:829} INFO - Processing file /home/airflow/.local/lib/python3.8/site-packages/airflow/example_dags/example_setup_teardown.py for tasks to queue
[2024-10-18T23:46:11.575+0000] {logging_mixin.py:151} INFO - [2024-10-18T23:46:11.573+0000] {dagbag.py:536} INFO - Filling up the DagBag from /home/airflow/.local/lib/python3.8/site-packages/airflow/example_dags/example_setup_teardown.py
[2024-10-18T23:46:11.602+0000] {processor.py:839} INFO - DAG(s) dict_keys(['example_setup_teardown']) retrieved from /home/airflow/.local/lib/python3.8/site-packages/airflow/example_dags/example_setup_teardown.py
[2024-10-18T23:46:11.669+0000] {logging_mixin.py:151} INFO - [2024-10-18T23:46:11.669+0000] {dag.py:2941} INFO - Sync 1 DAGs
[2024-10-18T23:46:11.925+0000] {logging_mixin.py:151} INFO - [2024-10-18T23:46:11.924+0000] {dag.py:3722} INFO - Setting next_dagrun for example_setup_teardown to 2024-10-17T23:46:11.923218+00:00, run_after=2024-10-18T23:46:11.923218+00:00
[2024-10-18T23:46:12.009+0000] {processor.py:179} INFO - Processing /home/airflow/.local/lib/python3.8/site-packages/airflow/example_dags/example_setup_teardown.py took 0.457 seconds
[2024-10-18T23:46:42.634+0000] {processor.py:157} INFO - Started process (PID=752) to work on /home/airflow/.local/lib/python3.8/site-packages/airflow/example_dags/example_setup_teardown.py
[2024-10-18T23:46:42.636+0000] {processor.py:829} INFO - Processing file /home/airflow/.local/lib/python3.8/site-packages/airflow/example_dags/example_setup_teardown.py for tasks to queue
[2024-10-18T23:46:42.641+0000] {logging_mixin.py:151} INFO - [2024-10-18T23:46:42.640+0000] {dagbag.py:536} INFO - Filling up the DagBag from /home/airflow/.local/lib/python3.8/site-packages/airflow/example_dags/example_setup_teardown.py
[2024-10-18T23:46:42.662+0000] {processor.py:839} INFO - DAG(s) dict_keys(['example_setup_teardown']) retrieved from /home/airflow/.local/lib/python3.8/site-packages/airflow/example_dags/example_setup_teardown.py
[2024-10-18T23:46:42.713+0000] {logging_mixin.py:151} INFO - [2024-10-18T23:46:42.713+0000] {dag.py:2941} INFO - Sync 1 DAGs
[2024-10-18T23:46:42.748+0000] {logging_mixin.py:151} INFO - [2024-10-18T23:46:42.748+0000] {dag.py:3722} INFO - Setting next_dagrun for example_setup_teardown to 2024-10-17T23:46:42.747999+00:00, run_after=2024-10-18T23:46:42.747999+00:00
[2024-10-18T23:46:42.789+0000] {processor.py:179} INFO - Processing /home/airflow/.local/lib/python3.8/site-packages/airflow/example_dags/example_setup_teardown.py took 0.163 seconds
[2024-10-18T23:47:13.242+0000] {processor.py:157} INFO - Started process (PID=805) to work on /home/airflow/.local/lib/python3.8/site-packages/airflow/example_dags/example_setup_teardown.py
[2024-10-18T23:47:13.244+0000] {processor.py:829} INFO - Processing file /home/airflow/.local/lib/python3.8/site-packages/airflow/example_dags/example_setup_teardown.py for tasks to queue
[2024-10-18T23:47:13.249+0000] {logging_mixin.py:151} INFO - [2024-10-18T23:47:13.248+0000] {dagbag.py:536} INFO - Filling up the DagBag from /home/airflow/.local/lib/python3.8/site-packages/airflow/example_dags/example_setup_teardown.py
[2024-10-18T23:47:13.265+0000] {processor.py:839} INFO - DAG(s) dict_keys(['example_setup_teardown']) retrieved from /home/airflow/.local/lib/python3.8/site-packages/airflow/example_dags/example_setup_teardown.py
[2024-10-18T23:47:13.311+0000] {logging_mixin.py:151} INFO - [2024-10-18T23:47:13.310+0000] {dag.py:2941} INFO - Sync 1 DAGs
[2024-10-18T23:47:13.363+0000] {logging_mixin.py:151} INFO - [2024-10-18T23:47:13.363+0000] {dag.py:3722} INFO - Setting next_dagrun for example_setup_teardown to 2024-10-17T23:47:13.362659+00:00, run_after=2024-10-18T23:47:13.362659+00:00
[2024-10-18T23:47:13.400+0000] {processor.py:179} INFO - Processing /home/airflow/.local/lib/python3.8/site-packages/airflow/example_dags/example_setup_teardown.py took 0.164 seconds
[2024-10-18T23:47:53.221+0000] {processor.py:157} INFO - Started process (PID=869) to work on /home/airflow/.local/lib/python3.8/site-packages/airflow/example_dags/example_setup_teardown.py
[2024-10-18T23:47:53.224+0000] {processor.py:829} INFO - Processing file /home/airflow/.local/lib/python3.8/site-packages/airflow/example_dags/example_setup_teardown.py for tasks to queue
[2024-10-18T23:47:53.229+0000] {logging_mixin.py:151} INFO - [2024-10-18T23:47:53.228+0000] {dagbag.py:536} INFO - Filling up the DagBag from /home/airflow/.local/lib/python3.8/site-packages/airflow/example_dags/example_setup_teardown.py
[2024-10-18T23:47:53.329+0000] {processor.py:839} INFO - DAG(s) dict_keys(['example_setup_teardown']) retrieved from /home/airflow/.local/lib/python3.8/site-packages/airflow/example_dags/example_setup_teardown.py
[2024-10-18T23:47:54.335+0000] {logging_mixin.py:151} INFO - [2024-10-18T23:47:54.299+0000] {dag.py:2941} INFO - Sync 1 DAGs
[2024-10-18T23:47:54.486+0000] {logging_mixin.py:151} INFO - [2024-10-18T23:47:54.485+0000] {dag.py:3722} INFO - Setting next_dagrun for example_setup_teardown to 2024-10-17T23:47:54.481934+00:00, run_after=2024-10-18T23:47:54.481934+00:00
[2024-10-18T23:47:54.667+0000] {processor.py:179} INFO - Processing /home/airflow/.local/lib/python3.8/site-packages/airflow/example_dags/example_setup_teardown.py took 1.468 seconds
[2024-10-18T23:48:26.187+0000] {processor.py:157} INFO - Started process (PID=924) to work on /home/airflow/.local/lib/python3.8/site-packages/airflow/example_dags/example_setup_teardown.py
[2024-10-18T23:48:26.189+0000] {processor.py:829} INFO - Processing file /home/airflow/.local/lib/python3.8/site-packages/airflow/example_dags/example_setup_teardown.py for tasks to queue
[2024-10-18T23:48:26.194+0000] {logging_mixin.py:151} INFO - [2024-10-18T23:48:26.194+0000] {dagbag.py:536} INFO - Filling up the DagBag from /home/airflow/.local/lib/python3.8/site-packages/airflow/example_dags/example_setup_teardown.py
[2024-10-18T23:48:26.241+0000] {processor.py:839} INFO - DAG(s) dict_keys(['example_setup_teardown']) retrieved from /home/airflow/.local/lib/python3.8/site-packages/airflow/example_dags/example_setup_teardown.py
[2024-10-18T23:48:26.307+0000] {logging_mixin.py:151} INFO - [2024-10-18T23:48:26.307+0000] {dag.py:2941} INFO - Sync 1 DAGs
[2024-10-18T23:48:26.386+0000] {logging_mixin.py:151} INFO - [2024-10-18T23:48:26.386+0000] {dag.py:3722} INFO - Setting next_dagrun for example_setup_teardown to 2024-10-17T23:48:26.379338+00:00, run_after=2024-10-18T23:48:26.379338+00:00
[2024-10-18T23:48:26.484+0000] {processor.py:179} INFO - Processing /home/airflow/.local/lib/python3.8/site-packages/airflow/example_dags/example_setup_teardown.py took 0.304 seconds
[2024-10-18T23:49:04.669+0000] {processor.py:157} INFO - Started process (PID=983) to work on /home/airflow/.local/lib/python3.8/site-packages/airflow/example_dags/example_setup_teardown.py
[2024-10-18T23:49:04.674+0000] {processor.py:829} INFO - Processing file /home/airflow/.local/lib/python3.8/site-packages/airflow/example_dags/example_setup_teardown.py for tasks to queue
[2024-10-18T23:49:04.686+0000] {logging_mixin.py:151} INFO - [2024-10-18T23:49:04.685+0000] {dagbag.py:536} INFO - Filling up the DagBag from /home/airflow/.local/lib/python3.8/site-packages/airflow/example_dags/example_setup_teardown.py
[2024-10-18T23:49:04.740+0000] {processor.py:839} INFO - DAG(s) dict_keys(['example_setup_teardown']) retrieved from /home/airflow/.local/lib/python3.8/site-packages/airflow/example_dags/example_setup_teardown.py
[2024-10-18T23:49:04.967+0000] {logging_mixin.py:151} INFO - [2024-10-18T23:49:04.966+0000] {dag.py:2941} INFO - Sync 1 DAGs
[2024-10-18T23:49:05.040+0000] {logging_mixin.py:151} INFO - [2024-10-18T23:49:05.040+0000] {dag.py:3722} INFO - Setting next_dagrun for example_setup_teardown to 2024-10-17T23:49:05.039830+00:00, run_after=2024-10-18T23:49:05.039830+00:00
[2024-10-18T23:49:05.090+0000] {processor.py:179} INFO - Processing /home/airflow/.local/lib/python3.8/site-packages/airflow/example_dags/example_setup_teardown.py took 0.461 seconds
[2024-10-18T23:50:08.862+0000] {processor.py:157} INFO - Started process (PID=1047) to work on /home/airflow/.local/lib/python3.8/site-packages/airflow/example_dags/example_setup_teardown.py
[2024-10-18T23:50:08.868+0000] {processor.py:829} INFO - Processing file /home/airflow/.local/lib/python3.8/site-packages/airflow/example_dags/example_setup_teardown.py for tasks to queue
[2024-10-18T23:50:08.884+0000] {logging_mixin.py:151} INFO - [2024-10-18T23:50:08.883+0000] {dagbag.py:536} INFO - Filling up the DagBag from /home/airflow/.local/lib/python3.8/site-packages/airflow/example_dags/example_setup_teardown.py
[2024-10-18T23:50:08.954+0000] {processor.py:839} INFO - DAG(s) dict_keys(['example_setup_teardown']) retrieved from /home/airflow/.local/lib/python3.8/site-packages/airflow/example_dags/example_setup_teardown.py
[2024-10-18T23:50:09.384+0000] {logging_mixin.py:151} INFO - [2024-10-18T23:50:09.382+0000] {dag.py:2941} INFO - Sync 1 DAGs
[2024-10-18T23:50:09.671+0000] {logging_mixin.py:151} INFO - [2024-10-18T23:50:09.670+0000] {dag.py:3722} INFO - Setting next_dagrun for example_setup_teardown to 2024-10-17T23:50:09.585240+00:00, run_after=2024-10-18T23:50:09.585240+00:00
[2024-10-18T23:50:09.864+0000] {processor.py:179} INFO - Processing /home/airflow/.local/lib/python3.8/site-packages/airflow/example_dags/example_setup_teardown.py took 1.015 seconds
[2024-10-18T23:50:40.224+0000] {processor.py:157} INFO - Started process (PID=1100) to work on /home/airflow/.local/lib/python3.8/site-packages/airflow/example_dags/example_setup_teardown.py
[2024-10-18T23:50:40.234+0000] {processor.py:829} INFO - Processing file /home/airflow/.local/lib/python3.8/site-packages/airflow/example_dags/example_setup_teardown.py for tasks to queue
[2024-10-18T23:50:40.247+0000] {logging_mixin.py:151} INFO - [2024-10-18T23:50:40.246+0000] {dagbag.py:536} INFO - Filling up the DagBag from /home/airflow/.local/lib/python3.8/site-packages/airflow/example_dags/example_setup_teardown.py
[2024-10-18T23:50:40.296+0000] {processor.py:839} INFO - DAG(s) dict_keys(['example_setup_teardown']) retrieved from /home/airflow/.local/lib/python3.8/site-packages/airflow/example_dags/example_setup_teardown.py
[2024-10-18T23:50:40.562+0000] {logging_mixin.py:151} INFO - [2024-10-18T23:50:40.557+0000] {dag.py:2941} INFO - Sync 1 DAGs
[2024-10-18T23:50:40.807+0000] {logging_mixin.py:151} INFO - [2024-10-18T23:50:40.806+0000] {dag.py:3722} INFO - Setting next_dagrun for example_setup_teardown to 2024-10-17T23:50:40.803900+00:00, run_after=2024-10-18T23:50:40.803900+00:00
[2024-10-18T23:50:40.904+0000] {processor.py:179} INFO - Processing /home/airflow/.local/lib/python3.8/site-packages/airflow/example_dags/example_setup_teardown.py took 0.694 seconds
[2024-10-18T23:51:11.862+0000] {processor.py:157} INFO - Started process (PID=1153) to work on /home/airflow/.local/lib/python3.8/site-packages/airflow/example_dags/example_setup_teardown.py
[2024-10-18T23:51:11.896+0000] {processor.py:829} INFO - Processing file /home/airflow/.local/lib/python3.8/site-packages/airflow/example_dags/example_setup_teardown.py for tasks to queue
[2024-10-18T23:51:11.915+0000] {logging_mixin.py:151} INFO - [2024-10-18T23:51:11.910+0000] {dagbag.py:536} INFO - Filling up the DagBag from /home/airflow/.local/lib/python3.8/site-packages/airflow/example_dags/example_setup_teardown.py
[2024-10-18T23:51:11.994+0000] {processor.py:839} INFO - DAG(s) dict_keys(['example_setup_teardown']) retrieved from /home/airflow/.local/lib/python3.8/site-packages/airflow/example_dags/example_setup_teardown.py
[2024-10-18T23:51:12.123+0000] {logging_mixin.py:151} INFO - [2024-10-18T23:51:12.123+0000] {dag.py:2941} INFO - Sync 1 DAGs
[2024-10-18T23:51:12.182+0000] {logging_mixin.py:151} INFO - [2024-10-18T23:51:12.181+0000] {dag.py:3722} INFO - Setting next_dagrun for example_setup_teardown to 2024-10-17T23:51:12.181161+00:00, run_after=2024-10-18T23:51:12.181161+00:00
[2024-10-18T23:51:12.235+0000] {processor.py:179} INFO - Processing /home/airflow/.local/lib/python3.8/site-packages/airflow/example_dags/example_setup_teardown.py took 0.542 seconds
[2024-10-18T23:51:42.436+0000] {processor.py:157} INFO - Started process (PID=1206) to work on /home/airflow/.local/lib/python3.8/site-packages/airflow/example_dags/example_setup_teardown.py
[2024-10-18T23:51:42.443+0000] {processor.py:829} INFO - Processing file /home/airflow/.local/lib/python3.8/site-packages/airflow/example_dags/example_setup_teardown.py for tasks to queue
[2024-10-18T23:51:42.461+0000] {logging_mixin.py:151} INFO - [2024-10-18T23:51:42.460+0000] {dagbag.py:536} INFO - Filling up the DagBag from /home/airflow/.local/lib/python3.8/site-packages/airflow/example_dags/example_setup_teardown.py
[2024-10-18T23:51:42.477+0000] {processor.py:839} INFO - DAG(s) dict_keys(['example_setup_teardown']) retrieved from /home/airflow/.local/lib/python3.8/site-packages/airflow/example_dags/example_setup_teardown.py
[2024-10-18T23:51:42.533+0000] {logging_mixin.py:151} INFO - [2024-10-18T23:51:42.533+0000] {dag.py:2941} INFO - Sync 1 DAGs
[2024-10-18T23:51:42.950+0000] {logging_mixin.py:151} INFO - [2024-10-18T23:51:42.950+0000] {dag.py:3722} INFO - Setting next_dagrun for example_setup_teardown to 2024-10-17T23:51:42.949844+00:00, run_after=2024-10-18T23:51:42.949844+00:00
[2024-10-18T23:51:43.041+0000] {processor.py:179} INFO - Processing /home/airflow/.local/lib/python3.8/site-packages/airflow/example_dags/example_setup_teardown.py took 0.618 seconds
[2024-10-18T23:52:13.227+0000] {processor.py:157} INFO - Started process (PID=1261) to work on /home/airflow/.local/lib/python3.8/site-packages/airflow/example_dags/example_setup_teardown.py
[2024-10-18T23:52:13.229+0000] {processor.py:829} INFO - Processing file /home/airflow/.local/lib/python3.8/site-packages/airflow/example_dags/example_setup_teardown.py for tasks to queue
[2024-10-18T23:52:13.234+0000] {logging_mixin.py:151} INFO - [2024-10-18T23:52:13.233+0000] {dagbag.py:536} INFO - Filling up the DagBag from /home/airflow/.local/lib/python3.8/site-packages/airflow/example_dags/example_setup_teardown.py
[2024-10-18T23:52:13.250+0000] {processor.py:839} INFO - DAG(s) dict_keys(['example_setup_teardown']) retrieved from /home/airflow/.local/lib/python3.8/site-packages/airflow/example_dags/example_setup_teardown.py
[2024-10-18T23:52:13.292+0000] {logging_mixin.py:151} INFO - [2024-10-18T23:52:13.292+0000] {dag.py:2941} INFO - Sync 1 DAGs
[2024-10-18T23:52:13.351+0000] {logging_mixin.py:151} INFO - [2024-10-18T23:52:13.351+0000] {dag.py:3722} INFO - Setting next_dagrun for example_setup_teardown to 2024-10-17T23:52:13.350642+00:00, run_after=2024-10-18T23:52:13.350642+00:00
[2024-10-18T23:52:13.392+0000] {processor.py:179} INFO - Processing /home/airflow/.local/lib/python3.8/site-packages/airflow/example_dags/example_setup_teardown.py took 0.171 seconds
[2024-10-18T23:52:43.516+0000] {processor.py:157} INFO - Started process (PID=1313) to work on /home/airflow/.local/lib/python3.8/site-packages/airflow/example_dags/example_setup_teardown.py
[2024-10-18T23:52:43.518+0000] {processor.py:829} INFO - Processing file /home/airflow/.local/lib/python3.8/site-packages/airflow/example_dags/example_setup_teardown.py for tasks to queue
[2024-10-18T23:52:43.525+0000] {logging_mixin.py:151} INFO - [2024-10-18T23:52:43.524+0000] {dagbag.py:536} INFO - Filling up the DagBag from /home/airflow/.local/lib/python3.8/site-packages/airflow/example_dags/example_setup_teardown.py
[2024-10-18T23:52:43.545+0000] {processor.py:839} INFO - DAG(s) dict_keys(['example_setup_teardown']) retrieved from /home/airflow/.local/lib/python3.8/site-packages/airflow/example_dags/example_setup_teardown.py
[2024-10-18T23:52:43.591+0000] {logging_mixin.py:151} INFO - [2024-10-18T23:52:43.590+0000] {dag.py:2941} INFO - Sync 1 DAGs
[2024-10-18T23:52:43.634+0000] {logging_mixin.py:151} INFO - [2024-10-18T23:52:43.633+0000] {dag.py:3722} INFO - Setting next_dagrun for example_setup_teardown to 2024-10-17T23:52:43.633244+00:00, run_after=2024-10-18T23:52:43.633244+00:00
[2024-10-18T23:52:43.665+0000] {processor.py:179} INFO - Processing /home/airflow/.local/lib/python3.8/site-packages/airflow/example_dags/example_setup_teardown.py took 0.157 seconds
[2024-10-18T23:53:23.181+0000] {processor.py:157} INFO - Started process (PID=1365) to work on /home/airflow/.local/lib/python3.8/site-packages/airflow/example_dags/example_setup_teardown.py
[2024-10-18T23:53:23.192+0000] {processor.py:829} INFO - Processing file /home/airflow/.local/lib/python3.8/site-packages/airflow/example_dags/example_setup_teardown.py for tasks to queue
[2024-10-18T23:53:23.202+0000] {logging_mixin.py:151} INFO - [2024-10-18T23:53:23.198+0000] {dagbag.py:536} INFO - Filling up the DagBag from /home/airflow/.local/lib/python3.8/site-packages/airflow/example_dags/example_setup_teardown.py
[2024-10-18T23:53:23.326+0000] {processor.py:839} INFO - DAG(s) dict_keys(['example_setup_teardown']) retrieved from /home/airflow/.local/lib/python3.8/site-packages/airflow/example_dags/example_setup_teardown.py
[2024-10-18T23:53:23.913+0000] {logging_mixin.py:151} INFO - [2024-10-18T23:53:23.903+0000] {dag.py:2941} INFO - Sync 1 DAGs
[2024-10-18T23:53:25.848+0000] {logging_mixin.py:151} INFO - [2024-10-18T23:53:25.634+0000] {dag.py:3722} INFO - Setting next_dagrun for example_setup_teardown to 2024-10-17T23:53:25.599310+00:00, run_after=2024-10-18T23:53:25.599310+00:00
[2024-10-18T23:53:27.724+0000] {processor.py:179} INFO - Processing /home/airflow/.local/lib/python3.8/site-packages/airflow/example_dags/example_setup_teardown.py took 4.569 seconds
[2024-10-18T23:53:58.038+0000] {processor.py:157} INFO - Started process (PID=1418) to work on /home/airflow/.local/lib/python3.8/site-packages/airflow/example_dags/example_setup_teardown.py
[2024-10-18T23:53:58.040+0000] {processor.py:829} INFO - Processing file /home/airflow/.local/lib/python3.8/site-packages/airflow/example_dags/example_setup_teardown.py for tasks to queue
[2024-10-18T23:53:58.043+0000] {logging_mixin.py:151} INFO - [2024-10-18T23:53:58.042+0000] {dagbag.py:536} INFO - Filling up the DagBag from /home/airflow/.local/lib/python3.8/site-packages/airflow/example_dags/example_setup_teardown.py
[2024-10-18T23:53:58.059+0000] {processor.py:839} INFO - DAG(s) dict_keys(['example_setup_teardown']) retrieved from /home/airflow/.local/lib/python3.8/site-packages/airflow/example_dags/example_setup_teardown.py
[2024-10-18T23:53:58.122+0000] {logging_mixin.py:151} INFO - [2024-10-18T23:53:58.121+0000] {dag.py:2941} INFO - Sync 1 DAGs
[2024-10-18T23:53:58.164+0000] {logging_mixin.py:151} INFO - [2024-10-18T23:53:58.164+0000] {dag.py:3722} INFO - Setting next_dagrun for example_setup_teardown to 2024-10-17T23:53:58.164269+00:00, run_after=2024-10-18T23:53:58.164269+00:00
[2024-10-18T23:53:58.431+0000] {processor.py:179} INFO - Processing /home/airflow/.local/lib/python3.8/site-packages/airflow/example_dags/example_setup_teardown.py took 0.400 seconds
[2024-10-18T23:54:29.347+0000] {processor.py:157} INFO - Started process (PID=1472) to work on /home/airflow/.local/lib/python3.8/site-packages/airflow/example_dags/example_setup_teardown.py
[2024-10-18T23:54:29.350+0000] {processor.py:829} INFO - Processing file /home/airflow/.local/lib/python3.8/site-packages/airflow/example_dags/example_setup_teardown.py for tasks to queue
[2024-10-18T23:54:29.358+0000] {logging_mixin.py:151} INFO - [2024-10-18T23:54:29.358+0000] {dagbag.py:536} INFO - Filling up the DagBag from /home/airflow/.local/lib/python3.8/site-packages/airflow/example_dags/example_setup_teardown.py
[2024-10-18T23:54:29.406+0000] {processor.py:839} INFO - DAG(s) dict_keys(['example_setup_teardown']) retrieved from /home/airflow/.local/lib/python3.8/site-packages/airflow/example_dags/example_setup_teardown.py
[2024-10-18T23:54:29.528+0000] {logging_mixin.py:151} INFO - [2024-10-18T23:54:29.528+0000] {dag.py:2941} INFO - Sync 1 DAGs
[2024-10-18T23:54:29.727+0000] {logging_mixin.py:151} INFO - [2024-10-18T23:54:29.726+0000] {dag.py:3722} INFO - Setting next_dagrun for example_setup_teardown to 2024-10-17T23:54:29.725748+00:00, run_after=2024-10-18T23:54:29.725748+00:00
[2024-10-18T23:54:29.796+0000] {processor.py:179} INFO - Processing /home/airflow/.local/lib/python3.8/site-packages/airflow/example_dags/example_setup_teardown.py took 0.457 seconds
[2024-10-18T23:55:03.974+0000] {processor.py:157} INFO - Started process (PID=1532) to work on /home/airflow/.local/lib/python3.8/site-packages/airflow/example_dags/example_setup_teardown.py
[2024-10-18T23:55:03.976+0000] {processor.py:829} INFO - Processing file /home/airflow/.local/lib/python3.8/site-packages/airflow/example_dags/example_setup_teardown.py for tasks to queue
[2024-10-18T23:55:03.991+0000] {logging_mixin.py:151} INFO - [2024-10-18T23:55:03.991+0000] {dagbag.py:536} INFO - Filling up the DagBag from /home/airflow/.local/lib/python3.8/site-packages/airflow/example_dags/example_setup_teardown.py
[2024-10-18T23:55:04.035+0000] {processor.py:839} INFO - DAG(s) dict_keys(['example_setup_teardown']) retrieved from /home/airflow/.local/lib/python3.8/site-packages/airflow/example_dags/example_setup_teardown.py
[2024-10-18T23:55:04.110+0000] {logging_mixin.py:151} INFO - [2024-10-18T23:55:04.109+0000] {dag.py:2941} INFO - Sync 1 DAGs
[2024-10-18T23:55:04.157+0000] {logging_mixin.py:151} INFO - [2024-10-18T23:55:04.156+0000] {dag.py:3722} INFO - Setting next_dagrun for example_setup_teardown to 2024-10-17T23:55:04.156187+00:00, run_after=2024-10-18T23:55:04.156187+00:00
[2024-10-18T23:55:04.197+0000] {processor.py:179} INFO - Processing /home/airflow/.local/lib/python3.8/site-packages/airflow/example_dags/example_setup_teardown.py took 0.239 seconds
[2024-10-18T23:55:34.866+0000] {processor.py:157} INFO - Started process (PID=1587) to work on /home/airflow/.local/lib/python3.8/site-packages/airflow/example_dags/example_setup_teardown.py
[2024-10-18T23:55:34.870+0000] {processor.py:829} INFO - Processing file /home/airflow/.local/lib/python3.8/site-packages/airflow/example_dags/example_setup_teardown.py for tasks to queue
[2024-10-18T23:55:34.876+0000] {logging_mixin.py:151} INFO - [2024-10-18T23:55:34.875+0000] {dagbag.py:536} INFO - Filling up the DagBag from /home/airflow/.local/lib/python3.8/site-packages/airflow/example_dags/example_setup_teardown.py
[2024-10-18T23:55:34.893+0000] {processor.py:839} INFO - DAG(s) dict_keys(['example_setup_teardown']) retrieved from /home/airflow/.local/lib/python3.8/site-packages/airflow/example_dags/example_setup_teardown.py
[2024-10-18T23:55:34.950+0000] {logging_mixin.py:151} INFO - [2024-10-18T23:55:34.950+0000] {dag.py:2941} INFO - Sync 1 DAGs
[2024-10-18T23:55:34.995+0000] {logging_mixin.py:151} INFO - [2024-10-18T23:55:34.994+0000] {dag.py:3722} INFO - Setting next_dagrun for example_setup_teardown to 2024-10-17T23:55:34.994521+00:00, run_after=2024-10-18T23:55:34.994521+00:00
[2024-10-18T23:55:35.028+0000] {processor.py:179} INFO - Processing /home/airflow/.local/lib/python3.8/site-packages/airflow/example_dags/example_setup_teardown.py took 0.169 seconds
[2024-10-18T23:56:13.299+0000] {processor.py:157} INFO - Started process (PID=1642) to work on /home/airflow/.local/lib/python3.8/site-packages/airflow/example_dags/example_setup_teardown.py
[2024-10-18T23:56:13.306+0000] {processor.py:829} INFO - Processing file /home/airflow/.local/lib/python3.8/site-packages/airflow/example_dags/example_setup_teardown.py for tasks to queue
[2024-10-18T23:56:13.332+0000] {logging_mixin.py:151} INFO - [2024-10-18T23:56:13.328+0000] {dagbag.py:536} INFO - Filling up the DagBag from /home/airflow/.local/lib/python3.8/site-packages/airflow/example_dags/example_setup_teardown.py
[2024-10-18T23:56:13.381+0000] {processor.py:839} INFO - DAG(s) dict_keys(['example_setup_teardown']) retrieved from /home/airflow/.local/lib/python3.8/site-packages/airflow/example_dags/example_setup_teardown.py
[2024-10-18T23:56:13.547+0000] {logging_mixin.py:151} INFO - [2024-10-18T23:56:13.546+0000] {dag.py:2941} INFO - Sync 1 DAGs
[2024-10-18T23:56:13.649+0000] {logging_mixin.py:151} INFO - [2024-10-18T23:56:13.648+0000] {dag.py:3722} INFO - Setting next_dagrun for example_setup_teardown to 2024-10-17T23:56:13.646694+00:00, run_after=2024-10-18T23:56:13.646694+00:00
[2024-10-18T23:56:13.738+0000] {processor.py:179} INFO - Processing /home/airflow/.local/lib/python3.8/site-packages/airflow/example_dags/example_setup_teardown.py took 0.485 seconds
[2024-10-18T23:56:45.775+0000] {processor.py:157} INFO - Started process (PID=1697) to work on /home/airflow/.local/lib/python3.8/site-packages/airflow/example_dags/example_setup_teardown.py
[2024-10-18T23:56:45.787+0000] {processor.py:829} INFO - Processing file /home/airflow/.local/lib/python3.8/site-packages/airflow/example_dags/example_setup_teardown.py for tasks to queue
[2024-10-18T23:56:45.793+0000] {logging_mixin.py:151} INFO - [2024-10-18T23:56:45.792+0000] {dagbag.py:536} INFO - Filling up the DagBag from /home/airflow/.local/lib/python3.8/site-packages/airflow/example_dags/example_setup_teardown.py
[2024-10-18T23:56:45.887+0000] {processor.py:839} INFO - DAG(s) dict_keys(['example_setup_teardown']) retrieved from /home/airflow/.local/lib/python3.8/site-packages/airflow/example_dags/example_setup_teardown.py
[2024-10-18T23:56:46.340+0000] {logging_mixin.py:151} INFO - [2024-10-18T23:56:46.340+0000] {dag.py:2941} INFO - Sync 1 DAGs
[2024-10-18T23:56:46.554+0000] {logging_mixin.py:151} INFO - [2024-10-18T23:56:46.554+0000] {dag.py:3722} INFO - Setting next_dagrun for example_setup_teardown to 2024-10-17T23:56:46.544323+00:00, run_after=2024-10-18T23:56:46.544323+00:00
[2024-10-18T23:56:46.626+0000] {processor.py:179} INFO - Processing /home/airflow/.local/lib/python3.8/site-packages/airflow/example_dags/example_setup_teardown.py took 0.887 seconds
[2024-10-18T23:57:27.371+0000] {processor.py:157} INFO - Started process (PID=1748) to work on /home/airflow/.local/lib/python3.8/site-packages/airflow/example_dags/example_setup_teardown.py
[2024-10-18T23:57:27.376+0000] {processor.py:829} INFO - Processing file /home/airflow/.local/lib/python3.8/site-packages/airflow/example_dags/example_setup_teardown.py for tasks to queue
[2024-10-18T23:57:27.388+0000] {logging_mixin.py:151} INFO - [2024-10-18T23:57:27.385+0000] {dagbag.py:536} INFO - Filling up the DagBag from /home/airflow/.local/lib/python3.8/site-packages/airflow/example_dags/example_setup_teardown.py
[2024-10-18T23:57:27.431+0000] {processor.py:839} INFO - DAG(s) dict_keys(['example_setup_teardown']) retrieved from /home/airflow/.local/lib/python3.8/site-packages/airflow/example_dags/example_setup_teardown.py
[2024-10-18T23:57:27.699+0000] {logging_mixin.py:151} INFO - [2024-10-18T23:57:27.696+0000] {dag.py:2941} INFO - Sync 1 DAGs
[2024-10-18T23:57:27.899+0000] {logging_mixin.py:151} INFO - [2024-10-18T23:57:27.889+0000] {dag.py:3722} INFO - Setting next_dagrun for example_setup_teardown to 2024-10-17T23:57:27.882338+00:00, run_after=2024-10-18T23:57:27.882338+00:00
[2024-10-18T23:57:28.151+0000] {processor.py:179} INFO - Processing /home/airflow/.local/lib/python3.8/site-packages/airflow/example_dags/example_setup_teardown.py took 0.796 seconds
[2024-10-18T23:57:58.622+0000] {processor.py:157} INFO - Started process (PID=1802) to work on /home/airflow/.local/lib/python3.8/site-packages/airflow/example_dags/example_setup_teardown.py
[2024-10-18T23:57:58.632+0000] {processor.py:829} INFO - Processing file /home/airflow/.local/lib/python3.8/site-packages/airflow/example_dags/example_setup_teardown.py for tasks to queue
[2024-10-18T23:57:58.644+0000] {logging_mixin.py:151} INFO - [2024-10-18T23:57:58.644+0000] {dagbag.py:536} INFO - Filling up the DagBag from /home/airflow/.local/lib/python3.8/site-packages/airflow/example_dags/example_setup_teardown.py
[2024-10-18T23:57:58.668+0000] {processor.py:839} INFO - DAG(s) dict_keys(['example_setup_teardown']) retrieved from /home/airflow/.local/lib/python3.8/site-packages/airflow/example_dags/example_setup_teardown.py
[2024-10-18T23:57:58.887+0000] {logging_mixin.py:151} INFO - [2024-10-18T23:57:58.886+0000] {dag.py:2941} INFO - Sync 1 DAGs
[2024-10-18T23:57:58.959+0000] {logging_mixin.py:151} INFO - [2024-10-18T23:57:58.958+0000] {dag.py:3722} INFO - Setting next_dagrun for example_setup_teardown to 2024-10-17T23:57:58.956503+00:00, run_after=2024-10-18T23:57:58.956503+00:00
[2024-10-18T23:57:59.016+0000] {processor.py:179} INFO - Processing /home/airflow/.local/lib/python3.8/site-packages/airflow/example_dags/example_setup_teardown.py took 0.401 seconds
[2024-10-18T23:58:29.403+0000] {processor.py:157} INFO - Started process (PID=1856) to work on /home/airflow/.local/lib/python3.8/site-packages/airflow/example_dags/example_setup_teardown.py
[2024-10-18T23:58:29.411+0000] {processor.py:829} INFO - Processing file /home/airflow/.local/lib/python3.8/site-packages/airflow/example_dags/example_setup_teardown.py for tasks to queue
[2024-10-18T23:58:29.422+0000] {logging_mixin.py:151} INFO - [2024-10-18T23:58:29.421+0000] {dagbag.py:536} INFO - Filling up the DagBag from /home/airflow/.local/lib/python3.8/site-packages/airflow/example_dags/example_setup_teardown.py
[2024-10-18T23:58:29.447+0000] {processor.py:839} INFO - DAG(s) dict_keys(['example_setup_teardown']) retrieved from /home/airflow/.local/lib/python3.8/site-packages/airflow/example_dags/example_setup_teardown.py
[2024-10-18T23:58:29.509+0000] {logging_mixin.py:151} INFO - [2024-10-18T23:58:29.508+0000] {dag.py:2941} INFO - Sync 1 DAGs
[2024-10-18T23:58:29.605+0000] {logging_mixin.py:151} INFO - [2024-10-18T23:58:29.605+0000] {dag.py:3722} INFO - Setting next_dagrun for example_setup_teardown to 2024-10-17T23:58:29.604604+00:00, run_after=2024-10-18T23:58:29.604604+00:00
[2024-10-18T23:58:29.665+0000] {processor.py:179} INFO - Processing /home/airflow/.local/lib/python3.8/site-packages/airflow/example_dags/example_setup_teardown.py took 0.272 seconds
[2024-10-18T23:59:01.386+0000] {processor.py:157} INFO - Started process (PID=1910) to work on /home/airflow/.local/lib/python3.8/site-packages/airflow/example_dags/example_setup_teardown.py
[2024-10-18T23:59:01.396+0000] {processor.py:829} INFO - Processing file /home/airflow/.local/lib/python3.8/site-packages/airflow/example_dags/example_setup_teardown.py for tasks to queue
[2024-10-18T23:59:01.402+0000] {logging_mixin.py:151} INFO - [2024-10-18T23:59:01.401+0000] {dagbag.py:536} INFO - Filling up the DagBag from /home/airflow/.local/lib/python3.8/site-packages/airflow/example_dags/example_setup_teardown.py
[2024-10-18T23:59:01.425+0000] {processor.py:839} INFO - DAG(s) dict_keys(['example_setup_teardown']) retrieved from /home/airflow/.local/lib/python3.8/site-packages/airflow/example_dags/example_setup_teardown.py
[2024-10-18T23:59:01.510+0000] {logging_mixin.py:151} INFO - [2024-10-18T23:59:01.510+0000] {dag.py:2941} INFO - Sync 1 DAGs
[2024-10-18T23:59:01.565+0000] {logging_mixin.py:151} INFO - [2024-10-18T23:59:01.564+0000] {dag.py:3722} INFO - Setting next_dagrun for example_setup_teardown to 2024-10-17T23:59:01.564631+00:00, run_after=2024-10-18T23:59:01.564631+00:00
[2024-10-18T23:59:01.613+0000] {processor.py:179} INFO - Processing /home/airflow/.local/lib/python3.8/site-packages/airflow/example_dags/example_setup_teardown.py took 0.234 seconds
[2024-10-18T23:59:33.547+0000] {processor.py:157} INFO - Started process (PID=1963) to work on /home/airflow/.local/lib/python3.8/site-packages/airflow/example_dags/example_setup_teardown.py
[2024-10-18T23:59:33.550+0000] {processor.py:829} INFO - Processing file /home/airflow/.local/lib/python3.8/site-packages/airflow/example_dags/example_setup_teardown.py for tasks to queue
[2024-10-18T23:59:33.556+0000] {logging_mixin.py:151} INFO - [2024-10-18T23:59:33.555+0000] {dagbag.py:536} INFO - Filling up the DagBag from /home/airflow/.local/lib/python3.8/site-packages/airflow/example_dags/example_setup_teardown.py
[2024-10-18T23:59:33.573+0000] {processor.py:839} INFO - DAG(s) dict_keys(['example_setup_teardown']) retrieved from /home/airflow/.local/lib/python3.8/site-packages/airflow/example_dags/example_setup_teardown.py
[2024-10-18T23:59:33.626+0000] {logging_mixin.py:151} INFO - [2024-10-18T23:59:33.626+0000] {dag.py:2941} INFO - Sync 1 DAGs
[2024-10-18T23:59:33.682+0000] {logging_mixin.py:151} INFO - [2024-10-18T23:59:33.682+0000] {dag.py:3722} INFO - Setting next_dagrun for example_setup_teardown to 2024-10-17T23:59:33.681766+00:00, run_after=2024-10-18T23:59:33.681766+00:00
[2024-10-18T23:59:33.742+0000] {processor.py:179} INFO - Processing /home/airflow/.local/lib/python3.8/site-packages/airflow/example_dags/example_setup_teardown.py took 0.201 seconds
