[2024-10-18T23:31:54.925+0000] {processor.py:157} INFO - Started process (PID=106) to work on /home/airflow/.local/lib/python3.8/site-packages/airflow/example_dags/example_xcom.py
[2024-10-18T23:31:54.927+0000] {processor.py:829} INFO - Processing file /home/airflow/.local/lib/python3.8/site-packages/airflow/example_dags/example_xcom.py for tasks to queue
[2024-10-18T23:31:54.931+0000] {logging_mixin.py:151} INFO - [2024-10-18T23:31:54.931+0000] {dagbag.py:536} INFO - Filling up the DagBag from /home/airflow/.local/lib/python3.8/site-packages/airflow/example_dags/example_xcom.py
[2024-10-18T23:31:54.952+0000] {processor.py:839} INFO - DAG(s) dict_keys(['example_xcom']) retrieved from /home/airflow/.local/lib/python3.8/site-packages/airflow/example_dags/example_xcom.py
[2024-10-18T23:31:55.040+0000] {logging_mixin.py:151} INFO - [2024-10-18T23:31:55.040+0000] {dag.py:2941} INFO - Sync 1 DAGs
[2024-10-18T23:31:55.082+0000] {logging_mixin.py:151} INFO - [2024-10-18T23:31:55.081+0000] {dag.py:3722} INFO - Setting next_dagrun for example_xcom to 2021-01-01T00:00:00+00:00, run_after=2021-01-01T00:00:00+00:00
[2024-10-18T23:31:55.186+0000] {processor.py:179} INFO - Processing /home/airflow/.local/lib/python3.8/site-packages/airflow/example_dags/example_xcom.py took 0.267 seconds
[2024-10-18T23:32:25.653+0000] {processor.py:157} INFO - Started process (PID=160) to work on /home/airflow/.local/lib/python3.8/site-packages/airflow/example_dags/example_xcom.py
[2024-10-18T23:32:25.655+0000] {processor.py:829} INFO - Processing file /home/airflow/.local/lib/python3.8/site-packages/airflow/example_dags/example_xcom.py for tasks to queue
[2024-10-18T23:32:25.660+0000] {logging_mixin.py:151} INFO - [2024-10-18T23:32:25.660+0000] {dagbag.py:536} INFO - Filling up the DagBag from /home/airflow/.local/lib/python3.8/site-packages/airflow/example_dags/example_xcom.py
[2024-10-18T23:32:25.683+0000] {processor.py:839} INFO - DAG(s) dict_keys(['example_xcom']) retrieved from /home/airflow/.local/lib/python3.8/site-packages/airflow/example_dags/example_xcom.py
[2024-10-18T23:32:25.829+0000] {logging_mixin.py:151} INFO - [2024-10-18T23:32:25.829+0000] {dag.py:2941} INFO - Sync 1 DAGs
[2024-10-18T23:32:25.893+0000] {logging_mixin.py:151} INFO - [2024-10-18T23:32:25.893+0000] {dag.py:3722} INFO - Setting next_dagrun for example_xcom to 2021-01-01T00:00:00+00:00, run_after=2021-01-01T00:00:00+00:00
[2024-10-18T23:32:26.036+0000] {processor.py:179} INFO - Processing /home/airflow/.local/lib/python3.8/site-packages/airflow/example_dags/example_xcom.py took 0.391 seconds
[2024-10-18T23:32:56.798+0000] {processor.py:157} INFO - Started process (PID=214) to work on /home/airflow/.local/lib/python3.8/site-packages/airflow/example_dags/example_xcom.py
[2024-10-18T23:32:56.808+0000] {processor.py:829} INFO - Processing file /home/airflow/.local/lib/python3.8/site-packages/airflow/example_dags/example_xcom.py for tasks to queue
[2024-10-18T23:32:56.817+0000] {logging_mixin.py:151} INFO - [2024-10-18T23:32:56.816+0000] {dagbag.py:536} INFO - Filling up the DagBag from /home/airflow/.local/lib/python3.8/site-packages/airflow/example_dags/example_xcom.py
[2024-10-18T23:32:56.879+0000] {processor.py:839} INFO - DAG(s) dict_keys(['example_xcom']) retrieved from /home/airflow/.local/lib/python3.8/site-packages/airflow/example_dags/example_xcom.py
[2024-10-18T23:32:57.063+0000] {logging_mixin.py:151} INFO - [2024-10-18T23:32:57.062+0000] {dag.py:2941} INFO - Sync 1 DAGs
[2024-10-18T23:32:57.160+0000] {logging_mixin.py:151} INFO - [2024-10-18T23:32:57.160+0000] {dag.py:3722} INFO - Setting next_dagrun for example_xcom to 2021-01-01T00:00:00+00:00, run_after=2021-01-01T00:00:00+00:00
[2024-10-18T23:32:57.231+0000] {processor.py:179} INFO - Processing /home/airflow/.local/lib/python3.8/site-packages/airflow/example_dags/example_xcom.py took 0.447 seconds
[2024-10-18T23:33:27.360+0000] {processor.py:157} INFO - Started process (PID=267) to work on /home/airflow/.local/lib/python3.8/site-packages/airflow/example_dags/example_xcom.py
[2024-10-18T23:33:27.362+0000] {processor.py:829} INFO - Processing file /home/airflow/.local/lib/python3.8/site-packages/airflow/example_dags/example_xcom.py for tasks to queue
[2024-10-18T23:33:27.368+0000] {logging_mixin.py:151} INFO - [2024-10-18T23:33:27.368+0000] {dagbag.py:536} INFO - Filling up the DagBag from /home/airflow/.local/lib/python3.8/site-packages/airflow/example_dags/example_xcom.py
[2024-10-18T23:33:27.388+0000] {processor.py:839} INFO - DAG(s) dict_keys(['example_xcom']) retrieved from /home/airflow/.local/lib/python3.8/site-packages/airflow/example_dags/example_xcom.py
[2024-10-18T23:33:27.439+0000] {logging_mixin.py:151} INFO - [2024-10-18T23:33:27.439+0000] {dag.py:2941} INFO - Sync 1 DAGs
[2024-10-18T23:33:27.489+0000] {logging_mixin.py:151} INFO - [2024-10-18T23:33:27.489+0000] {dag.py:3722} INFO - Setting next_dagrun for example_xcom to 2021-01-01T00:00:00+00:00, run_after=2021-01-01T00:00:00+00:00
[2024-10-18T23:33:27.533+0000] {processor.py:179} INFO - Processing /home/airflow/.local/lib/python3.8/site-packages/airflow/example_dags/example_xcom.py took 0.180 seconds
[2024-10-18T23:33:58.087+0000] {processor.py:157} INFO - Started process (PID=321) to work on /home/airflow/.local/lib/python3.8/site-packages/airflow/example_dags/example_xcom.py
[2024-10-18T23:33:58.090+0000] {processor.py:829} INFO - Processing file /home/airflow/.local/lib/python3.8/site-packages/airflow/example_dags/example_xcom.py for tasks to queue
[2024-10-18T23:33:58.099+0000] {logging_mixin.py:151} INFO - [2024-10-18T23:33:58.098+0000] {dagbag.py:536} INFO - Filling up the DagBag from /home/airflow/.local/lib/python3.8/site-packages/airflow/example_dags/example_xcom.py
[2024-10-18T23:33:58.143+0000] {processor.py:839} INFO - DAG(s) dict_keys(['example_xcom']) retrieved from /home/airflow/.local/lib/python3.8/site-packages/airflow/example_dags/example_xcom.py
[2024-10-18T23:33:58.319+0000] {logging_mixin.py:151} INFO - [2024-10-18T23:33:58.319+0000] {dag.py:2941} INFO - Sync 1 DAGs
[2024-10-18T23:33:58.442+0000] {logging_mixin.py:151} INFO - [2024-10-18T23:33:58.437+0000] {dag.py:3722} INFO - Setting next_dagrun for example_xcom to 2021-01-01T00:00:00+00:00, run_after=2021-01-01T00:00:00+00:00
[2024-10-18T23:33:58.526+0000] {processor.py:179} INFO - Processing /home/airflow/.local/lib/python3.8/site-packages/airflow/example_dags/example_xcom.py took 0.450 seconds
[2024-10-18T23:34:28.629+0000] {processor.py:157} INFO - Started process (PID=375) to work on /home/airflow/.local/lib/python3.8/site-packages/airflow/example_dags/example_xcom.py
[2024-10-18T23:34:28.631+0000] {processor.py:829} INFO - Processing file /home/airflow/.local/lib/python3.8/site-packages/airflow/example_dags/example_xcom.py for tasks to queue
[2024-10-18T23:34:28.636+0000] {logging_mixin.py:151} INFO - [2024-10-18T23:34:28.635+0000] {dagbag.py:536} INFO - Filling up the DagBag from /home/airflow/.local/lib/python3.8/site-packages/airflow/example_dags/example_xcom.py
[2024-10-18T23:34:28.657+0000] {processor.py:839} INFO - DAG(s) dict_keys(['example_xcom']) retrieved from /home/airflow/.local/lib/python3.8/site-packages/airflow/example_dags/example_xcom.py
[2024-10-18T23:34:28.721+0000] {logging_mixin.py:151} INFO - [2024-10-18T23:34:28.721+0000] {dag.py:2941} INFO - Sync 1 DAGs
[2024-10-18T23:34:28.784+0000] {logging_mixin.py:151} INFO - [2024-10-18T23:34:28.783+0000] {dag.py:3722} INFO - Setting next_dagrun for example_xcom to 2021-01-01T00:00:00+00:00, run_after=2021-01-01T00:00:00+00:00
[2024-10-18T23:34:28.842+0000] {processor.py:179} INFO - Processing /home/airflow/.local/lib/python3.8/site-packages/airflow/example_dags/example_xcom.py took 0.221 seconds
[2024-10-18T23:34:59.300+0000] {processor.py:157} INFO - Started process (PID=429) to work on /home/airflow/.local/lib/python3.8/site-packages/airflow/example_dags/example_xcom.py
[2024-10-18T23:34:59.318+0000] {processor.py:829} INFO - Processing file /home/airflow/.local/lib/python3.8/site-packages/airflow/example_dags/example_xcom.py for tasks to queue
[2024-10-18T23:34:59.404+0000] {logging_mixin.py:151} INFO - [2024-10-18T23:34:59.391+0000] {dagbag.py:536} INFO - Filling up the DagBag from /home/airflow/.local/lib/python3.8/site-packages/airflow/example_dags/example_xcom.py
[2024-10-18T23:34:59.478+0000] {processor.py:839} INFO - DAG(s) dict_keys(['example_xcom']) retrieved from /home/airflow/.local/lib/python3.8/site-packages/airflow/example_dags/example_xcom.py
[2024-10-18T23:34:59.562+0000] {logging_mixin.py:151} INFO - [2024-10-18T23:34:59.561+0000] {dag.py:2941} INFO - Sync 1 DAGs
[2024-10-18T23:34:59.639+0000] {logging_mixin.py:151} INFO - [2024-10-18T23:34:59.638+0000] {dag.py:3722} INFO - Setting next_dagrun for example_xcom to 2021-01-01T00:00:00+00:00, run_after=2021-01-01T00:00:00+00:00
[2024-10-18T23:34:59.708+0000] {processor.py:179} INFO - Processing /home/airflow/.local/lib/python3.8/site-packages/airflow/example_dags/example_xcom.py took 0.608 seconds
[2024-10-18T23:35:30.742+0000] {processor.py:157} INFO - Started process (PID=480) to work on /home/airflow/.local/lib/python3.8/site-packages/airflow/example_dags/example_xcom.py
[2024-10-18T23:35:30.744+0000] {processor.py:829} INFO - Processing file /home/airflow/.local/lib/python3.8/site-packages/airflow/example_dags/example_xcom.py for tasks to queue
[2024-10-18T23:35:30.758+0000] {logging_mixin.py:151} INFO - [2024-10-18T23:35:30.757+0000] {dagbag.py:536} INFO - Filling up the DagBag from /home/airflow/.local/lib/python3.8/site-packages/airflow/example_dags/example_xcom.py
[2024-10-18T23:35:30.782+0000] {processor.py:839} INFO - DAG(s) dict_keys(['example_xcom']) retrieved from /home/airflow/.local/lib/python3.8/site-packages/airflow/example_dags/example_xcom.py
[2024-10-18T23:35:30.862+0000] {logging_mixin.py:151} INFO - [2024-10-18T23:35:30.861+0000] {dag.py:2941} INFO - Sync 1 DAGs
[2024-10-18T23:35:30.948+0000] {logging_mixin.py:151} INFO - [2024-10-18T23:35:30.947+0000] {dag.py:3722} INFO - Setting next_dagrun for example_xcom to 2021-01-01T00:00:00+00:00, run_after=2021-01-01T00:00:00+00:00
[2024-10-18T23:35:31.003+0000] {processor.py:179} INFO - Processing /home/airflow/.local/lib/python3.8/site-packages/airflow/example_dags/example_xcom.py took 0.271 seconds
[2024-10-18T23:36:01.303+0000] {processor.py:157} INFO - Started process (PID=534) to work on /home/airflow/.local/lib/python3.8/site-packages/airflow/example_dags/example_xcom.py
[2024-10-18T23:36:01.306+0000] {processor.py:829} INFO - Processing file /home/airflow/.local/lib/python3.8/site-packages/airflow/example_dags/example_xcom.py for tasks to queue
[2024-10-18T23:36:01.312+0000] {logging_mixin.py:151} INFO - [2024-10-18T23:36:01.310+0000] {dagbag.py:536} INFO - Filling up the DagBag from /home/airflow/.local/lib/python3.8/site-packages/airflow/example_dags/example_xcom.py
[2024-10-18T23:36:01.338+0000] {processor.py:839} INFO - DAG(s) dict_keys(['example_xcom']) retrieved from /home/airflow/.local/lib/python3.8/site-packages/airflow/example_dags/example_xcom.py
[2024-10-18T23:36:01.410+0000] {logging_mixin.py:151} INFO - [2024-10-18T23:36:01.410+0000] {dag.py:2941} INFO - Sync 1 DAGs
[2024-10-18T23:36:01.490+0000] {logging_mixin.py:151} INFO - [2024-10-18T23:36:01.489+0000] {dag.py:3722} INFO - Setting next_dagrun for example_xcom to 2021-01-01T00:00:00+00:00, run_after=2021-01-01T00:00:00+00:00
[2024-10-18T23:36:01.545+0000] {processor.py:179} INFO - Processing /home/airflow/.local/lib/python3.8/site-packages/airflow/example_dags/example_xcom.py took 0.252 seconds
[2024-10-18T23:38:58.646+0000] {processor.py:157} INFO - Started process (PID=106) to work on /home/airflow/.local/lib/python3.8/site-packages/airflow/example_dags/example_xcom.py
[2024-10-18T23:38:58.648+0000] {processor.py:829} INFO - Processing file /home/airflow/.local/lib/python3.8/site-packages/airflow/example_dags/example_xcom.py for tasks to queue
[2024-10-18T23:38:58.656+0000] {logging_mixin.py:151} INFO - [2024-10-18T23:38:58.654+0000] {dagbag.py:536} INFO - Filling up the DagBag from /home/airflow/.local/lib/python3.8/site-packages/airflow/example_dags/example_xcom.py
[2024-10-18T23:38:58.684+0000] {processor.py:839} INFO - DAG(s) dict_keys(['example_xcom']) retrieved from /home/airflow/.local/lib/python3.8/site-packages/airflow/example_dags/example_xcom.py
[2024-10-18T23:38:58.855+0000] {logging_mixin.py:151} INFO - [2024-10-18T23:38:58.854+0000] {dag.py:2941} INFO - Sync 1 DAGs
[2024-10-18T23:38:58.980+0000] {logging_mixin.py:151} INFO - [2024-10-18T23:38:58.979+0000] {dag.py:3722} INFO - Setting next_dagrun for example_xcom to 2021-01-01T00:00:00+00:00, run_after=2021-01-01T00:00:00+00:00
[2024-10-18T23:38:59.071+0000] {processor.py:179} INFO - Processing /home/airflow/.local/lib/python3.8/site-packages/airflow/example_dags/example_xcom.py took 0.441 seconds
[2024-10-18T23:39:29.717+0000] {processor.py:157} INFO - Started process (PID=160) to work on /home/airflow/.local/lib/python3.8/site-packages/airflow/example_dags/example_xcom.py
[2024-10-18T23:39:29.722+0000] {processor.py:829} INFO - Processing file /home/airflow/.local/lib/python3.8/site-packages/airflow/example_dags/example_xcom.py for tasks to queue
[2024-10-18T23:39:29.732+0000] {logging_mixin.py:151} INFO - [2024-10-18T23:39:29.730+0000] {dagbag.py:536} INFO - Filling up the DagBag from /home/airflow/.local/lib/python3.8/site-packages/airflow/example_dags/example_xcom.py
[2024-10-18T23:39:29.770+0000] {processor.py:839} INFO - DAG(s) dict_keys(['example_xcom']) retrieved from /home/airflow/.local/lib/python3.8/site-packages/airflow/example_dags/example_xcom.py
[2024-10-18T23:39:29.837+0000] {logging_mixin.py:151} INFO - [2024-10-18T23:39:29.836+0000] {dag.py:2941} INFO - Sync 1 DAGs
[2024-10-18T23:39:29.906+0000] {logging_mixin.py:151} INFO - [2024-10-18T23:39:29.906+0000] {dag.py:3722} INFO - Setting next_dagrun for example_xcom to 2021-01-01T00:00:00+00:00, run_after=2021-01-01T00:00:00+00:00
[2024-10-18T23:39:29.955+0000] {processor.py:179} INFO - Processing /home/airflow/.local/lib/python3.8/site-packages/airflow/example_dags/example_xcom.py took 0.253 seconds
[2024-10-18T23:40:00.188+0000] {processor.py:157} INFO - Started process (PID=214) to work on /home/airflow/.local/lib/python3.8/site-packages/airflow/example_dags/example_xcom.py
[2024-10-18T23:40:00.189+0000] {processor.py:829} INFO - Processing file /home/airflow/.local/lib/python3.8/site-packages/airflow/example_dags/example_xcom.py for tasks to queue
[2024-10-18T23:40:00.196+0000] {logging_mixin.py:151} INFO - [2024-10-18T23:40:00.195+0000] {dagbag.py:536} INFO - Filling up the DagBag from /home/airflow/.local/lib/python3.8/site-packages/airflow/example_dags/example_xcom.py
[2024-10-18T23:40:00.228+0000] {processor.py:839} INFO - DAG(s) dict_keys(['example_xcom']) retrieved from /home/airflow/.local/lib/python3.8/site-packages/airflow/example_dags/example_xcom.py
[2024-10-18T23:40:00.288+0000] {logging_mixin.py:151} INFO - [2024-10-18T23:40:00.288+0000] {dag.py:2941} INFO - Sync 1 DAGs
[2024-10-18T23:40:00.335+0000] {logging_mixin.py:151} INFO - [2024-10-18T23:40:00.335+0000] {dag.py:3722} INFO - Setting next_dagrun for example_xcom to 2021-01-01T00:00:00+00:00, run_after=2021-01-01T00:00:00+00:00
[2024-10-18T23:40:00.380+0000] {processor.py:179} INFO - Processing /home/airflow/.local/lib/python3.8/site-packages/airflow/example_dags/example_xcom.py took 0.199 seconds
[2024-10-18T23:41:02.791+0000] {processor.py:157} INFO - Started process (PID=274) to work on /home/airflow/.local/lib/python3.8/site-packages/airflow/example_dags/example_xcom.py
[2024-10-18T23:41:02.819+0000] {processor.py:829} INFO - Processing file /home/airflow/.local/lib/python3.8/site-packages/airflow/example_dags/example_xcom.py for tasks to queue
[2024-10-18T23:41:02.825+0000] {logging_mixin.py:151} INFO - [2024-10-18T23:41:02.824+0000] {dagbag.py:536} INFO - Filling up the DagBag from /home/airflow/.local/lib/python3.8/site-packages/airflow/example_dags/example_xcom.py
[2024-10-18T23:41:02.881+0000] {processor.py:839} INFO - DAG(s) dict_keys(['example_xcom']) retrieved from /home/airflow/.local/lib/python3.8/site-packages/airflow/example_dags/example_xcom.py
[2024-10-18T23:41:03.563+0000] {logging_mixin.py:151} INFO - [2024-10-18T23:41:03.438+0000] {dag.py:2941} INFO - Sync 1 DAGs
[2024-10-18T23:41:03.718+0000] {logging_mixin.py:151} INFO - [2024-10-18T23:41:03.718+0000] {dag.py:3722} INFO - Setting next_dagrun for example_xcom to 2021-01-01T00:00:00+00:00, run_after=2021-01-01T00:00:00+00:00
[2024-10-18T23:41:03.882+0000] {processor.py:179} INFO - Processing /home/airflow/.local/lib/python3.8/site-packages/airflow/example_dags/example_xcom.py took 1.101 seconds
[2024-10-18T23:41:35.738+0000] {processor.py:157} INFO - Started process (PID=328) to work on /home/airflow/.local/lib/python3.8/site-packages/airflow/example_dags/example_xcom.py
[2024-10-18T23:41:35.741+0000] {processor.py:829} INFO - Processing file /home/airflow/.local/lib/python3.8/site-packages/airflow/example_dags/example_xcom.py for tasks to queue
[2024-10-18T23:41:35.744+0000] {logging_mixin.py:151} INFO - [2024-10-18T23:41:35.744+0000] {dagbag.py:536} INFO - Filling up the DagBag from /home/airflow/.local/lib/python3.8/site-packages/airflow/example_dags/example_xcom.py
[2024-10-18T23:41:35.826+0000] {processor.py:839} INFO - DAG(s) dict_keys(['example_xcom']) retrieved from /home/airflow/.local/lib/python3.8/site-packages/airflow/example_dags/example_xcom.py
[2024-10-18T23:41:35.891+0000] {logging_mixin.py:151} INFO - [2024-10-18T23:41:35.891+0000] {dag.py:2941} INFO - Sync 1 DAGs
[2024-10-18T23:41:35.959+0000] {logging_mixin.py:151} INFO - [2024-10-18T23:41:35.958+0000] {dag.py:3722} INFO - Setting next_dagrun for example_xcom to 2021-01-01T00:00:00+00:00, run_after=2021-01-01T00:00:00+00:00
[2024-10-18T23:41:36.013+0000] {processor.py:179} INFO - Processing /home/airflow/.local/lib/python3.8/site-packages/airflow/example_dags/example_xcom.py took 0.305 seconds
[2024-10-18T23:43:20.810+0000] {processor.py:157} INFO - Started process (PID=414) to work on /home/airflow/.local/lib/python3.8/site-packages/airflow/example_dags/example_xcom.py
[2024-10-18T23:43:20.826+0000] {processor.py:829} INFO - Processing file /home/airflow/.local/lib/python3.8/site-packages/airflow/example_dags/example_xcom.py for tasks to queue
[2024-10-18T23:43:20.844+0000] {logging_mixin.py:151} INFO - [2024-10-18T23:43:20.842+0000] {dagbag.py:536} INFO - Filling up the DagBag from /home/airflow/.local/lib/python3.8/site-packages/airflow/example_dags/example_xcom.py
[2024-10-18T23:43:21.083+0000] {processor.py:839} INFO - DAG(s) dict_keys(['example_xcom']) retrieved from /home/airflow/.local/lib/python3.8/site-packages/airflow/example_dags/example_xcom.py
[2024-10-18T23:43:21.245+0000] {logging_mixin.py:151} INFO - [2024-10-18T23:43:21.241+0000] {dag.py:2941} INFO - Sync 1 DAGs
[2024-10-18T23:43:21.380+0000] {logging_mixin.py:151} INFO - [2024-10-18T23:43:21.380+0000] {dag.py:3722} INFO - Setting next_dagrun for example_xcom to 2021-01-01T00:00:00+00:00, run_after=2021-01-01T00:00:00+00:00
[2024-10-18T23:43:21.685+0000] {processor.py:179} INFO - Processing /home/airflow/.local/lib/python3.8/site-packages/airflow/example_dags/example_xcom.py took 0.948 seconds
[2024-10-18T23:43:56.195+0000] {processor.py:157} INFO - Started process (PID=468) to work on /home/airflow/.local/lib/python3.8/site-packages/airflow/example_dags/example_xcom.py
[2024-10-18T23:43:56.198+0000] {processor.py:829} INFO - Processing file /home/airflow/.local/lib/python3.8/site-packages/airflow/example_dags/example_xcom.py for tasks to queue
[2024-10-18T23:43:56.206+0000] {logging_mixin.py:151} INFO - [2024-10-18T23:43:56.205+0000] {dagbag.py:536} INFO - Filling up the DagBag from /home/airflow/.local/lib/python3.8/site-packages/airflow/example_dags/example_xcom.py
[2024-10-18T23:43:56.228+0000] {processor.py:839} INFO - DAG(s) dict_keys(['example_xcom']) retrieved from /home/airflow/.local/lib/python3.8/site-packages/airflow/example_dags/example_xcom.py
[2024-10-18T23:43:56.281+0000] {logging_mixin.py:151} INFO - [2024-10-18T23:43:56.281+0000] {dag.py:2941} INFO - Sync 1 DAGs
[2024-10-18T23:43:56.325+0000] {logging_mixin.py:151} INFO - [2024-10-18T23:43:56.325+0000] {dag.py:3722} INFO - Setting next_dagrun for example_xcom to 2021-01-01T00:00:00+00:00, run_after=2021-01-01T00:00:00+00:00
[2024-10-18T23:43:56.381+0000] {processor.py:179} INFO - Processing /home/airflow/.local/lib/python3.8/site-packages/airflow/example_dags/example_xcom.py took 0.192 seconds
[2024-10-18T23:44:26.747+0000] {processor.py:157} INFO - Started process (PID=519) to work on /home/airflow/.local/lib/python3.8/site-packages/airflow/example_dags/example_xcom.py
[2024-10-18T23:44:26.748+0000] {processor.py:829} INFO - Processing file /home/airflow/.local/lib/python3.8/site-packages/airflow/example_dags/example_xcom.py for tasks to queue
[2024-10-18T23:44:26.754+0000] {logging_mixin.py:151} INFO - [2024-10-18T23:44:26.753+0000] {dagbag.py:536} INFO - Filling up the DagBag from /home/airflow/.local/lib/python3.8/site-packages/airflow/example_dags/example_xcom.py
[2024-10-18T23:44:26.783+0000] {processor.py:839} INFO - DAG(s) dict_keys(['example_xcom']) retrieved from /home/airflow/.local/lib/python3.8/site-packages/airflow/example_dags/example_xcom.py
[2024-10-18T23:44:26.943+0000] {logging_mixin.py:151} INFO - [2024-10-18T23:44:26.943+0000] {dag.py:2941} INFO - Sync 1 DAGs
[2024-10-18T23:44:27.037+0000] {logging_mixin.py:151} INFO - [2024-10-18T23:44:27.037+0000] {dag.py:3722} INFO - Setting next_dagrun for example_xcom to 2021-01-01T00:00:00+00:00, run_after=2021-01-01T00:00:00+00:00
[2024-10-18T23:44:27.071+0000] {processor.py:179} INFO - Processing /home/airflow/.local/lib/python3.8/site-packages/airflow/example_dags/example_xcom.py took 0.347 seconds
[2024-10-18T23:44:57.637+0000] {processor.py:157} INFO - Started process (PID=573) to work on /home/airflow/.local/lib/python3.8/site-packages/airflow/example_dags/example_xcom.py
[2024-10-18T23:44:57.639+0000] {processor.py:829} INFO - Processing file /home/airflow/.local/lib/python3.8/site-packages/airflow/example_dags/example_xcom.py for tasks to queue
[2024-10-18T23:44:57.645+0000] {logging_mixin.py:151} INFO - [2024-10-18T23:44:57.644+0000] {dagbag.py:536} INFO - Filling up the DagBag from /home/airflow/.local/lib/python3.8/site-packages/airflow/example_dags/example_xcom.py
[2024-10-18T23:44:57.906+0000] {processor.py:839} INFO - DAG(s) dict_keys(['example_xcom']) retrieved from /home/airflow/.local/lib/python3.8/site-packages/airflow/example_dags/example_xcom.py
[2024-10-18T23:44:58.439+0000] {logging_mixin.py:151} INFO - [2024-10-18T23:44:58.438+0000] {dag.py:2941} INFO - Sync 1 DAGs
[2024-10-18T23:44:58.548+0000] {logging_mixin.py:151} INFO - [2024-10-18T23:44:58.545+0000] {dag.py:3722} INFO - Setting next_dagrun for example_xcom to 2021-01-01T00:00:00+00:00, run_after=2021-01-01T00:00:00+00:00
[2024-10-18T23:44:58.894+0000] {processor.py:179} INFO - Processing /home/airflow/.local/lib/python3.8/site-packages/airflow/example_dags/example_xcom.py took 1.273 seconds
[2024-10-18T23:45:29.190+0000] {processor.py:157} INFO - Started process (PID=627) to work on /home/airflow/.local/lib/python3.8/site-packages/airflow/example_dags/example_xcom.py
[2024-10-18T23:45:29.193+0000] {processor.py:829} INFO - Processing file /home/airflow/.local/lib/python3.8/site-packages/airflow/example_dags/example_xcom.py for tasks to queue
[2024-10-18T23:45:29.201+0000] {logging_mixin.py:151} INFO - [2024-10-18T23:45:29.200+0000] {dagbag.py:536} INFO - Filling up the DagBag from /home/airflow/.local/lib/python3.8/site-packages/airflow/example_dags/example_xcom.py
[2024-10-18T23:45:29.233+0000] {processor.py:839} INFO - DAG(s) dict_keys(['example_xcom']) retrieved from /home/airflow/.local/lib/python3.8/site-packages/airflow/example_dags/example_xcom.py
[2024-10-18T23:45:29.360+0000] {logging_mixin.py:151} INFO - [2024-10-18T23:45:29.360+0000] {dag.py:2941} INFO - Sync 1 DAGs
[2024-10-18T23:45:29.465+0000] {logging_mixin.py:151} INFO - [2024-10-18T23:45:29.464+0000] {dag.py:3722} INFO - Setting next_dagrun for example_xcom to 2021-01-01T00:00:00+00:00, run_after=2021-01-01T00:00:00+00:00
[2024-10-18T23:45:29.538+0000] {processor.py:179} INFO - Processing /home/airflow/.local/lib/python3.8/site-packages/airflow/example_dags/example_xcom.py took 0.359 seconds
[2024-10-18T23:45:59.607+0000] {processor.py:157} INFO - Started process (PID=679) to work on /home/airflow/.local/lib/python3.8/site-packages/airflow/example_dags/example_xcom.py
[2024-10-18T23:45:59.610+0000] {processor.py:829} INFO - Processing file /home/airflow/.local/lib/python3.8/site-packages/airflow/example_dags/example_xcom.py for tasks to queue
[2024-10-18T23:45:59.615+0000] {logging_mixin.py:151} INFO - [2024-10-18T23:45:59.614+0000] {dagbag.py:536} INFO - Filling up the DagBag from /home/airflow/.local/lib/python3.8/site-packages/airflow/example_dags/example_xcom.py
[2024-10-18T23:45:59.635+0000] {processor.py:839} INFO - DAG(s) dict_keys(['example_xcom']) retrieved from /home/airflow/.local/lib/python3.8/site-packages/airflow/example_dags/example_xcom.py
[2024-10-18T23:45:59.681+0000] {logging_mixin.py:151} INFO - [2024-10-18T23:45:59.681+0000] {dag.py:2941} INFO - Sync 1 DAGs
[2024-10-18T23:45:59.728+0000] {logging_mixin.py:151} INFO - [2024-10-18T23:45:59.727+0000] {dag.py:3722} INFO - Setting next_dagrun for example_xcom to 2021-01-01T00:00:00+00:00, run_after=2021-01-01T00:00:00+00:00
[2024-10-18T23:45:59.798+0000] {processor.py:179} INFO - Processing /home/airflow/.local/lib/python3.8/site-packages/airflow/example_dags/example_xcom.py took 0.197 seconds
[2024-10-18T23:46:30.825+0000] {processor.py:157} INFO - Started process (PID=734) to work on /home/airflow/.local/lib/python3.8/site-packages/airflow/example_dags/example_xcom.py
[2024-10-18T23:46:30.837+0000] {processor.py:829} INFO - Processing file /home/airflow/.local/lib/python3.8/site-packages/airflow/example_dags/example_xcom.py for tasks to queue
[2024-10-18T23:46:30.844+0000] {logging_mixin.py:151} INFO - [2024-10-18T23:46:30.843+0000] {dagbag.py:536} INFO - Filling up the DagBag from /home/airflow/.local/lib/python3.8/site-packages/airflow/example_dags/example_xcom.py
[2024-10-18T23:46:30.869+0000] {processor.py:839} INFO - DAG(s) dict_keys(['example_xcom']) retrieved from /home/airflow/.local/lib/python3.8/site-packages/airflow/example_dags/example_xcom.py
[2024-10-18T23:46:30.954+0000] {logging_mixin.py:151} INFO - [2024-10-18T23:46:30.953+0000] {dag.py:2941} INFO - Sync 1 DAGs
[2024-10-18T23:46:31.032+0000] {logging_mixin.py:151} INFO - [2024-10-18T23:46:31.031+0000] {dag.py:3722} INFO - Setting next_dagrun for example_xcom to 2021-01-01T00:00:00+00:00, run_after=2021-01-01T00:00:00+00:00
[2024-10-18T23:46:31.112+0000] {processor.py:179} INFO - Processing /home/airflow/.local/lib/python3.8/site-packages/airflow/example_dags/example_xcom.py took 0.299 seconds
[2024-10-18T23:47:01.962+0000] {processor.py:157} INFO - Started process (PID=788) to work on /home/airflow/.local/lib/python3.8/site-packages/airflow/example_dags/example_xcom.py
[2024-10-18T23:47:01.965+0000] {processor.py:829} INFO - Processing file /home/airflow/.local/lib/python3.8/site-packages/airflow/example_dags/example_xcom.py for tasks to queue
[2024-10-18T23:47:01.971+0000] {logging_mixin.py:151} INFO - [2024-10-18T23:47:01.970+0000] {dagbag.py:536} INFO - Filling up the DagBag from /home/airflow/.local/lib/python3.8/site-packages/airflow/example_dags/example_xcom.py
[2024-10-18T23:47:01.991+0000] {processor.py:839} INFO - DAG(s) dict_keys(['example_xcom']) retrieved from /home/airflow/.local/lib/python3.8/site-packages/airflow/example_dags/example_xcom.py
[2024-10-18T23:47:02.044+0000] {logging_mixin.py:151} INFO - [2024-10-18T23:47:02.044+0000] {dag.py:2941} INFO - Sync 1 DAGs
[2024-10-18T23:47:02.098+0000] {logging_mixin.py:151} INFO - [2024-10-18T23:47:02.097+0000] {dag.py:3722} INFO - Setting next_dagrun for example_xcom to 2021-01-01T00:00:00+00:00, run_after=2021-01-01T00:00:00+00:00
[2024-10-18T23:47:02.154+0000] {processor.py:179} INFO - Processing /home/airflow/.local/lib/python3.8/site-packages/airflow/example_dags/example_xcom.py took 0.209 seconds
[2024-10-18T23:47:32.480+0000] {processor.py:157} INFO - Started process (PID=842) to work on /home/airflow/.local/lib/python3.8/site-packages/airflow/example_dags/example_xcom.py
[2024-10-18T23:47:32.482+0000] {processor.py:829} INFO - Processing file /home/airflow/.local/lib/python3.8/site-packages/airflow/example_dags/example_xcom.py for tasks to queue
[2024-10-18T23:47:32.486+0000] {logging_mixin.py:151} INFO - [2024-10-18T23:47:32.486+0000] {dagbag.py:536} INFO - Filling up the DagBag from /home/airflow/.local/lib/python3.8/site-packages/airflow/example_dags/example_xcom.py
[2024-10-18T23:47:32.499+0000] {processor.py:839} INFO - DAG(s) dict_keys(['example_xcom']) retrieved from /home/airflow/.local/lib/python3.8/site-packages/airflow/example_dags/example_xcom.py
[2024-10-18T23:47:32.535+0000] {logging_mixin.py:151} INFO - [2024-10-18T23:47:32.535+0000] {dag.py:2941} INFO - Sync 1 DAGs
[2024-10-18T23:47:32.567+0000] {logging_mixin.py:151} INFO - [2024-10-18T23:47:32.567+0000] {dag.py:3722} INFO - Setting next_dagrun for example_xcom to 2021-01-01T00:00:00+00:00, run_after=2021-01-01T00:00:00+00:00
[2024-10-18T23:47:32.602+0000] {processor.py:179} INFO - Processing /home/airflow/.local/lib/python3.8/site-packages/airflow/example_dags/example_xcom.py took 0.128 seconds
[2024-10-18T23:48:08.225+0000] {processor.py:157} INFO - Started process (PID=896) to work on /home/airflow/.local/lib/python3.8/site-packages/airflow/example_dags/example_xcom.py
[2024-10-18T23:48:08.228+0000] {processor.py:829} INFO - Processing file /home/airflow/.local/lib/python3.8/site-packages/airflow/example_dags/example_xcom.py for tasks to queue
[2024-10-18T23:48:08.241+0000] {logging_mixin.py:151} INFO - [2024-10-18T23:48:08.241+0000] {dagbag.py:536} INFO - Filling up the DagBag from /home/airflow/.local/lib/python3.8/site-packages/airflow/example_dags/example_xcom.py
[2024-10-18T23:48:08.278+0000] {processor.py:839} INFO - DAG(s) dict_keys(['example_xcom']) retrieved from /home/airflow/.local/lib/python3.8/site-packages/airflow/example_dags/example_xcom.py
[2024-10-18T23:48:08.426+0000] {logging_mixin.py:151} INFO - [2024-10-18T23:48:08.423+0000] {dag.py:2941} INFO - Sync 1 DAGs
[2024-10-18T23:48:08.511+0000] {logging_mixin.py:151} INFO - [2024-10-18T23:48:08.510+0000] {dag.py:3722} INFO - Setting next_dagrun for example_xcom to 2021-01-01T00:00:00+00:00, run_after=2021-01-01T00:00:00+00:00
[2024-10-18T23:48:08.625+0000] {processor.py:179} INFO - Processing /home/airflow/.local/lib/python3.8/site-packages/airflow/example_dags/example_xcom.py took 0.412 seconds
[2024-10-18T23:48:45.116+0000] {processor.py:157} INFO - Started process (PID=948) to work on /home/airflow/.local/lib/python3.8/site-packages/airflow/example_dags/example_xcom.py
[2024-10-18T23:48:45.123+0000] {processor.py:829} INFO - Processing file /home/airflow/.local/lib/python3.8/site-packages/airflow/example_dags/example_xcom.py for tasks to queue
[2024-10-18T23:48:45.151+0000] {logging_mixin.py:151} INFO - [2024-10-18T23:48:45.144+0000] {dagbag.py:536} INFO - Filling up the DagBag from /home/airflow/.local/lib/python3.8/site-packages/airflow/example_dags/example_xcom.py
[2024-10-18T23:48:45.182+0000] {processor.py:839} INFO - DAG(s) dict_keys(['example_xcom']) retrieved from /home/airflow/.local/lib/python3.8/site-packages/airflow/example_dags/example_xcom.py
[2024-10-18T23:48:45.330+0000] {logging_mixin.py:151} INFO - [2024-10-18T23:48:45.324+0000] {dag.py:2941} INFO - Sync 1 DAGs
[2024-10-18T23:48:45.398+0000] {logging_mixin.py:151} INFO - [2024-10-18T23:48:45.397+0000] {dag.py:3722} INFO - Setting next_dagrun for example_xcom to 2021-01-01T00:00:00+00:00, run_after=2021-01-01T00:00:00+00:00
[2024-10-18T23:48:45.463+0000] {processor.py:179} INFO - Processing /home/airflow/.local/lib/python3.8/site-packages/airflow/example_dags/example_xcom.py took 0.395 seconds
[2024-10-18T23:49:16.473+0000] {processor.py:157} INFO - Started process (PID=1000) to work on /home/airflow/.local/lib/python3.8/site-packages/airflow/example_dags/example_xcom.py
[2024-10-18T23:49:16.476+0000] {processor.py:829} INFO - Processing file /home/airflow/.local/lib/python3.8/site-packages/airflow/example_dags/example_xcom.py for tasks to queue
[2024-10-18T23:49:16.487+0000] {logging_mixin.py:151} INFO - [2024-10-18T23:49:16.486+0000] {dagbag.py:536} INFO - Filling up the DagBag from /home/airflow/.local/lib/python3.8/site-packages/airflow/example_dags/example_xcom.py
[2024-10-18T23:49:16.600+0000] {processor.py:839} INFO - DAG(s) dict_keys(['example_xcom']) retrieved from /home/airflow/.local/lib/python3.8/site-packages/airflow/example_dags/example_xcom.py
[2024-10-18T23:49:16.705+0000] {logging_mixin.py:151} INFO - [2024-10-18T23:49:16.704+0000] {dag.py:2941} INFO - Sync 1 DAGs
[2024-10-18T23:49:16.835+0000] {logging_mixin.py:151} INFO - [2024-10-18T23:49:16.835+0000] {dag.py:3722} INFO - Setting next_dagrun for example_xcom to 2021-01-01T00:00:00+00:00, run_after=2021-01-01T00:00:00+00:00
[2024-10-18T23:49:16.898+0000] {processor.py:179} INFO - Processing /home/airflow/.local/lib/python3.8/site-packages/airflow/example_dags/example_xcom.py took 0.460 seconds
[2024-10-18T23:50:23.918+0000] {processor.py:157} INFO - Started process (PID=1073) to work on /home/airflow/.local/lib/python3.8/site-packages/airflow/example_dags/example_xcom.py
[2024-10-18T23:50:23.925+0000] {processor.py:829} INFO - Processing file /home/airflow/.local/lib/python3.8/site-packages/airflow/example_dags/example_xcom.py for tasks to queue
[2024-10-18T23:50:23.933+0000] {logging_mixin.py:151} INFO - [2024-10-18T23:50:23.932+0000] {dagbag.py:536} INFO - Filling up the DagBag from /home/airflow/.local/lib/python3.8/site-packages/airflow/example_dags/example_xcom.py
[2024-10-18T23:50:23.987+0000] {processor.py:839} INFO - DAG(s) dict_keys(['example_xcom']) retrieved from /home/airflow/.local/lib/python3.8/site-packages/airflow/example_dags/example_xcom.py
[2024-10-18T23:50:24.043+0000] {logging_mixin.py:151} INFO - [2024-10-18T23:50:24.043+0000] {dag.py:2941} INFO - Sync 1 DAGs
[2024-10-18T23:50:24.096+0000] {logging_mixin.py:151} INFO - [2024-10-18T23:50:24.095+0000] {dag.py:3722} INFO - Setting next_dagrun for example_xcom to 2021-01-01T00:00:00+00:00, run_after=2021-01-01T00:00:00+00:00
[2024-10-18T23:50:24.163+0000] {processor.py:179} INFO - Processing /home/airflow/.local/lib/python3.8/site-packages/airflow/example_dags/example_xcom.py took 0.252 seconds
[2024-10-18T23:50:55.030+0000] {processor.py:157} INFO - Started process (PID=1126) to work on /home/airflow/.local/lib/python3.8/site-packages/airflow/example_dags/example_xcom.py
[2024-10-18T23:50:55.035+0000] {processor.py:829} INFO - Processing file /home/airflow/.local/lib/python3.8/site-packages/airflow/example_dags/example_xcom.py for tasks to queue
[2024-10-18T23:50:55.039+0000] {logging_mixin.py:151} INFO - [2024-10-18T23:50:55.038+0000] {dagbag.py:536} INFO - Filling up the DagBag from /home/airflow/.local/lib/python3.8/site-packages/airflow/example_dags/example_xcom.py
[2024-10-18T23:50:55.060+0000] {processor.py:839} INFO - DAG(s) dict_keys(['example_xcom']) retrieved from /home/airflow/.local/lib/python3.8/site-packages/airflow/example_dags/example_xcom.py
[2024-10-18T23:50:55.114+0000] {logging_mixin.py:151} INFO - [2024-10-18T23:50:55.114+0000] {dag.py:2941} INFO - Sync 1 DAGs
[2024-10-18T23:50:55.157+0000] {logging_mixin.py:151} INFO - [2024-10-18T23:50:55.156+0000] {dag.py:3722} INFO - Setting next_dagrun for example_xcom to 2021-01-01T00:00:00+00:00, run_after=2021-01-01T00:00:00+00:00
[2024-10-18T23:50:55.467+0000] {processor.py:179} INFO - Processing /home/airflow/.local/lib/python3.8/site-packages/airflow/example_dags/example_xcom.py took 0.449 seconds
[2024-10-18T23:51:26.236+0000] {processor.py:157} INFO - Started process (PID=1179) to work on /home/airflow/.local/lib/python3.8/site-packages/airflow/example_dags/example_xcom.py
[2024-10-18T23:51:26.238+0000] {processor.py:829} INFO - Processing file /home/airflow/.local/lib/python3.8/site-packages/airflow/example_dags/example_xcom.py for tasks to queue
[2024-10-18T23:51:26.242+0000] {logging_mixin.py:151} INFO - [2024-10-18T23:51:26.242+0000] {dagbag.py:536} INFO - Filling up the DagBag from /home/airflow/.local/lib/python3.8/site-packages/airflow/example_dags/example_xcom.py
[2024-10-18T23:51:26.260+0000] {processor.py:839} INFO - DAG(s) dict_keys(['example_xcom']) retrieved from /home/airflow/.local/lib/python3.8/site-packages/airflow/example_dags/example_xcom.py
[2024-10-18T23:51:26.349+0000] {logging_mixin.py:151} INFO - [2024-10-18T23:51:26.348+0000] {dag.py:2941} INFO - Sync 1 DAGs
[2024-10-18T23:51:26.390+0000] {logging_mixin.py:151} INFO - [2024-10-18T23:51:26.390+0000] {dag.py:3722} INFO - Setting next_dagrun for example_xcom to 2021-01-01T00:00:00+00:00, run_after=2021-01-01T00:00:00+00:00
[2024-10-18T23:51:26.423+0000] {processor.py:179} INFO - Processing /home/airflow/.local/lib/python3.8/site-packages/airflow/example_dags/example_xcom.py took 0.193 seconds
[2024-10-18T23:51:56.858+0000] {processor.py:157} INFO - Started process (PID=1233) to work on /home/airflow/.local/lib/python3.8/site-packages/airflow/example_dags/example_xcom.py
[2024-10-18T23:51:56.862+0000] {processor.py:829} INFO - Processing file /home/airflow/.local/lib/python3.8/site-packages/airflow/example_dags/example_xcom.py for tasks to queue
[2024-10-18T23:51:56.874+0000] {logging_mixin.py:151} INFO - [2024-10-18T23:51:56.873+0000] {dagbag.py:536} INFO - Filling up the DagBag from /home/airflow/.local/lib/python3.8/site-packages/airflow/example_dags/example_xcom.py
[2024-10-18T23:51:56.917+0000] {processor.py:839} INFO - DAG(s) dict_keys(['example_xcom']) retrieved from /home/airflow/.local/lib/python3.8/site-packages/airflow/example_dags/example_xcom.py
[2024-10-18T23:51:56.989+0000] {logging_mixin.py:151} INFO - [2024-10-18T23:51:56.988+0000] {dag.py:2941} INFO - Sync 1 DAGs
[2024-10-18T23:51:57.053+0000] {logging_mixin.py:151} INFO - [2024-10-18T23:51:57.052+0000] {dag.py:3722} INFO - Setting next_dagrun for example_xcom to 2021-01-01T00:00:00+00:00, run_after=2021-01-01T00:00:00+00:00
[2024-10-18T23:51:57.109+0000] {processor.py:179} INFO - Processing /home/airflow/.local/lib/python3.8/site-packages/airflow/example_dags/example_xcom.py took 0.264 seconds
[2024-10-18T23:52:28.734+0000] {processor.py:157} INFO - Started process (PID=1287) to work on /home/airflow/.local/lib/python3.8/site-packages/airflow/example_dags/example_xcom.py
[2024-10-18T23:52:28.737+0000] {processor.py:829} INFO - Processing file /home/airflow/.local/lib/python3.8/site-packages/airflow/example_dags/example_xcom.py for tasks to queue
[2024-10-18T23:52:28.743+0000] {logging_mixin.py:151} INFO - [2024-10-18T23:52:28.742+0000] {dagbag.py:536} INFO - Filling up the DagBag from /home/airflow/.local/lib/python3.8/site-packages/airflow/example_dags/example_xcom.py
[2024-10-18T23:52:28.789+0000] {processor.py:839} INFO - DAG(s) dict_keys(['example_xcom']) retrieved from /home/airflow/.local/lib/python3.8/site-packages/airflow/example_dags/example_xcom.py
[2024-10-18T23:52:28.905+0000] {logging_mixin.py:151} INFO - [2024-10-18T23:52:28.905+0000] {dag.py:2941} INFO - Sync 1 DAGs
[2024-10-18T23:52:29.536+0000] {logging_mixin.py:151} INFO - [2024-10-18T23:52:29.523+0000] {dag.py:3722} INFO - Setting next_dagrun for example_xcom to 2021-01-01T00:00:00+00:00, run_after=2021-01-01T00:00:00+00:00
[2024-10-18T23:52:29.628+0000] {processor.py:179} INFO - Processing /home/airflow/.local/lib/python3.8/site-packages/airflow/example_dags/example_xcom.py took 0.903 seconds
[2024-10-18T23:52:59.923+0000] {processor.py:157} INFO - Started process (PID=1346) to work on /home/airflow/.local/lib/python3.8/site-packages/airflow/example_dags/example_xcom.py
[2024-10-18T23:52:59.925+0000] {processor.py:829} INFO - Processing file /home/airflow/.local/lib/python3.8/site-packages/airflow/example_dags/example_xcom.py for tasks to queue
[2024-10-18T23:52:59.929+0000] {logging_mixin.py:151} INFO - [2024-10-18T23:52:59.929+0000] {dagbag.py:536} INFO - Filling up the DagBag from /home/airflow/.local/lib/python3.8/site-packages/airflow/example_dags/example_xcom.py
[2024-10-18T23:52:59.943+0000] {processor.py:839} INFO - DAG(s) dict_keys(['example_xcom']) retrieved from /home/airflow/.local/lib/python3.8/site-packages/airflow/example_dags/example_xcom.py
[2024-10-18T23:52:59.992+0000] {logging_mixin.py:151} INFO - [2024-10-18T23:52:59.992+0000] {dag.py:2941} INFO - Sync 1 DAGs
[2024-10-18T23:53:00.044+0000] {logging_mixin.py:151} INFO - [2024-10-18T23:53:00.044+0000] {dag.py:3722} INFO - Setting next_dagrun for example_xcom to 2021-01-01T00:00:00+00:00, run_after=2021-01-01T00:00:00+00:00
[2024-10-18T23:53:00.978+0000] {processor.py:179} INFO - Processing /home/airflow/.local/lib/python3.8/site-packages/airflow/example_dags/example_xcom.py took 1.060 seconds
[2024-10-18T23:53:55.187+0000] {processor.py:157} INFO - Started process (PID=1410) to work on /home/airflow/.local/lib/python3.8/site-packages/airflow/example_dags/example_xcom.py
[2024-10-18T23:53:55.191+0000] {processor.py:829} INFO - Processing file /home/airflow/.local/lib/python3.8/site-packages/airflow/example_dags/example_xcom.py for tasks to queue
[2024-10-18T23:53:55.202+0000] {logging_mixin.py:151} INFO - [2024-10-18T23:53:55.201+0000] {dagbag.py:536} INFO - Filling up the DagBag from /home/airflow/.local/lib/python3.8/site-packages/airflow/example_dags/example_xcom.py
[2024-10-18T23:53:55.247+0000] {processor.py:839} INFO - DAG(s) dict_keys(['example_xcom']) retrieved from /home/airflow/.local/lib/python3.8/site-packages/airflow/example_dags/example_xcom.py
[2024-10-18T23:53:55.342+0000] {logging_mixin.py:151} INFO - [2024-10-18T23:53:55.342+0000] {dag.py:2941} INFO - Sync 1 DAGs
[2024-10-18T23:53:55.453+0000] {logging_mixin.py:151} INFO - [2024-10-18T23:53:55.453+0000] {dag.py:3722} INFO - Setting next_dagrun for example_xcom to 2021-01-01T00:00:00+00:00, run_after=2021-01-01T00:00:00+00:00
[2024-10-18T23:53:55.562+0000] {processor.py:179} INFO - Processing /home/airflow/.local/lib/python3.8/site-packages/airflow/example_dags/example_xcom.py took 0.387 seconds
[2024-10-18T23:54:27.063+0000] {processor.py:157} INFO - Started process (PID=1465) to work on /home/airflow/.local/lib/python3.8/site-packages/airflow/example_dags/example_xcom.py
[2024-10-18T23:54:27.065+0000] {processor.py:829} INFO - Processing file /home/airflow/.local/lib/python3.8/site-packages/airflow/example_dags/example_xcom.py for tasks to queue
[2024-10-18T23:54:27.072+0000] {logging_mixin.py:151} INFO - [2024-10-18T23:54:27.071+0000] {dagbag.py:536} INFO - Filling up the DagBag from /home/airflow/.local/lib/python3.8/site-packages/airflow/example_dags/example_xcom.py
[2024-10-18T23:54:27.094+0000] {processor.py:839} INFO - DAG(s) dict_keys(['example_xcom']) retrieved from /home/airflow/.local/lib/python3.8/site-packages/airflow/example_dags/example_xcom.py
[2024-10-18T23:54:27.438+0000] {logging_mixin.py:151} INFO - [2024-10-18T23:54:27.437+0000] {dag.py:2941} INFO - Sync 1 DAGs
[2024-10-18T23:54:27.486+0000] {logging_mixin.py:151} INFO - [2024-10-18T23:54:27.485+0000] {dag.py:3722} INFO - Setting next_dagrun for example_xcom to 2021-01-01T00:00:00+00:00, run_after=2021-01-01T00:00:00+00:00
[2024-10-18T23:54:27.539+0000] {processor.py:179} INFO - Processing /home/airflow/.local/lib/python3.8/site-packages/airflow/example_dags/example_xcom.py took 0.485 seconds
[2024-10-18T23:55:02.094+0000] {processor.py:157} INFO - Started process (PID=1519) to work on /home/airflow/.local/lib/python3.8/site-packages/airflow/example_dags/example_xcom.py
[2024-10-18T23:55:02.097+0000] {processor.py:829} INFO - Processing file /home/airflow/.local/lib/python3.8/site-packages/airflow/example_dags/example_xcom.py for tasks to queue
[2024-10-18T23:55:02.104+0000] {logging_mixin.py:151} INFO - [2024-10-18T23:55:02.103+0000] {dagbag.py:536} INFO - Filling up the DagBag from /home/airflow/.local/lib/python3.8/site-packages/airflow/example_dags/example_xcom.py
[2024-10-18T23:55:02.129+0000] {processor.py:839} INFO - DAG(s) dict_keys(['example_xcom']) retrieved from /home/airflow/.local/lib/python3.8/site-packages/airflow/example_dags/example_xcom.py
[2024-10-18T23:55:02.208+0000] {logging_mixin.py:151} INFO - [2024-10-18T23:55:02.207+0000] {dag.py:2941} INFO - Sync 1 DAGs
[2024-10-18T23:55:02.331+0000] {logging_mixin.py:151} INFO - [2024-10-18T23:55:02.330+0000] {dag.py:3722} INFO - Setting next_dagrun for example_xcom to 2021-01-01T00:00:00+00:00, run_after=2021-01-01T00:00:00+00:00
[2024-10-18T23:55:02.460+0000] {processor.py:179} INFO - Processing /home/airflow/.local/lib/python3.8/site-packages/airflow/example_dags/example_xcom.py took 0.400 seconds
[2024-10-18T23:55:33.993+0000] {processor.py:157} INFO - Started process (PID=1579) to work on /home/airflow/.local/lib/python3.8/site-packages/airflow/example_dags/example_xcom.py
[2024-10-18T23:55:33.995+0000] {processor.py:829} INFO - Processing file /home/airflow/.local/lib/python3.8/site-packages/airflow/example_dags/example_xcom.py for tasks to queue
[2024-10-18T23:55:34.000+0000] {logging_mixin.py:151} INFO - [2024-10-18T23:55:33.999+0000] {dagbag.py:536} INFO - Filling up the DagBag from /home/airflow/.local/lib/python3.8/site-packages/airflow/example_dags/example_xcom.py
[2024-10-18T23:55:34.012+0000] {processor.py:839} INFO - DAG(s) dict_keys(['example_xcom']) retrieved from /home/airflow/.local/lib/python3.8/site-packages/airflow/example_dags/example_xcom.py
[2024-10-18T23:55:34.057+0000] {logging_mixin.py:151} INFO - [2024-10-18T23:55:34.057+0000] {dag.py:2941} INFO - Sync 1 DAGs
[2024-10-18T23:55:34.098+0000] {logging_mixin.py:151} INFO - [2024-10-18T23:55:34.098+0000] {dag.py:3722} INFO - Setting next_dagrun for example_xcom to 2021-01-01T00:00:00+00:00, run_after=2021-01-01T00:00:00+00:00
[2024-10-18T23:55:34.133+0000] {processor.py:179} INFO - Processing /home/airflow/.local/lib/python3.8/site-packages/airflow/example_dags/example_xcom.py took 0.144 seconds
[2024-10-18T23:56:11.113+0000] {processor.py:157} INFO - Started process (PID=1635) to work on /home/airflow/.local/lib/python3.8/site-packages/airflow/example_dags/example_xcom.py
[2024-10-18T23:56:11.115+0000] {processor.py:829} INFO - Processing file /home/airflow/.local/lib/python3.8/site-packages/airflow/example_dags/example_xcom.py for tasks to queue
[2024-10-18T23:56:11.125+0000] {logging_mixin.py:151} INFO - [2024-10-18T23:56:11.125+0000] {dagbag.py:536} INFO - Filling up the DagBag from /home/airflow/.local/lib/python3.8/site-packages/airflow/example_dags/example_xcom.py
[2024-10-18T23:56:11.156+0000] {processor.py:839} INFO - DAG(s) dict_keys(['example_xcom']) retrieved from /home/airflow/.local/lib/python3.8/site-packages/airflow/example_dags/example_xcom.py
[2024-10-18T23:56:11.234+0000] {logging_mixin.py:151} INFO - [2024-10-18T23:56:11.233+0000] {dag.py:2941} INFO - Sync 1 DAGs
[2024-10-18T23:56:11.282+0000] {logging_mixin.py:151} INFO - [2024-10-18T23:56:11.282+0000] {dag.py:3722} INFO - Setting next_dagrun for example_xcom to 2021-01-01T00:00:00+00:00, run_after=2021-01-01T00:00:00+00:00
[2024-10-18T23:56:11.353+0000] {processor.py:179} INFO - Processing /home/airflow/.local/lib/python3.8/site-packages/airflow/example_dags/example_xcom.py took 0.250 seconds
[2024-10-18T23:56:41.715+0000] {processor.py:157} INFO - Started process (PID=1688) to work on /home/airflow/.local/lib/python3.8/site-packages/airflow/example_dags/example_xcom.py
[2024-10-18T23:56:41.716+0000] {processor.py:829} INFO - Processing file /home/airflow/.local/lib/python3.8/site-packages/airflow/example_dags/example_xcom.py for tasks to queue
[2024-10-18T23:56:41.723+0000] {logging_mixin.py:151} INFO - [2024-10-18T23:56:41.723+0000] {dagbag.py:536} INFO - Filling up the DagBag from /home/airflow/.local/lib/python3.8/site-packages/airflow/example_dags/example_xcom.py
[2024-10-18T23:56:41.738+0000] {processor.py:839} INFO - DAG(s) dict_keys(['example_xcom']) retrieved from /home/airflow/.local/lib/python3.8/site-packages/airflow/example_dags/example_xcom.py
[2024-10-18T23:56:41.779+0000] {logging_mixin.py:151} INFO - [2024-10-18T23:56:41.778+0000] {dag.py:2941} INFO - Sync 1 DAGs
[2024-10-18T23:56:41.832+0000] {logging_mixin.py:151} INFO - [2024-10-18T23:56:41.832+0000] {dag.py:3722} INFO - Setting next_dagrun for example_xcom to 2021-01-01T00:00:00+00:00, run_after=2021-01-01T00:00:00+00:00
[2024-10-18T23:56:41.911+0000] {processor.py:179} INFO - Processing /home/airflow/.local/lib/python3.8/site-packages/airflow/example_dags/example_xcom.py took 0.205 seconds
[2024-10-18T23:57:23.950+0000] {processor.py:157} INFO - Started process (PID=1741) to work on /home/airflow/.local/lib/python3.8/site-packages/airflow/example_dags/example_xcom.py
[2024-10-18T23:57:23.953+0000] {processor.py:829} INFO - Processing file /home/airflow/.local/lib/python3.8/site-packages/airflow/example_dags/example_xcom.py for tasks to queue
[2024-10-18T23:57:23.986+0000] {logging_mixin.py:151} INFO - [2024-10-18T23:57:23.971+0000] {dagbag.py:536} INFO - Filling up the DagBag from /home/airflow/.local/lib/python3.8/site-packages/airflow/example_dags/example_xcom.py
[2024-10-18T23:57:24.026+0000] {processor.py:839} INFO - DAG(s) dict_keys(['example_xcom']) retrieved from /home/airflow/.local/lib/python3.8/site-packages/airflow/example_dags/example_xcom.py
[2024-10-18T23:57:24.281+0000] {logging_mixin.py:151} INFO - [2024-10-18T23:57:24.276+0000] {dag.py:2941} INFO - Sync 1 DAGs
[2024-10-18T23:57:24.400+0000] {logging_mixin.py:151} INFO - [2024-10-18T23:57:24.400+0000] {dag.py:3722} INFO - Setting next_dagrun for example_xcom to 2021-01-01T00:00:00+00:00, run_after=2021-01-01T00:00:00+00:00
[2024-10-18T23:57:24.459+0000] {processor.py:179} INFO - Processing /home/airflow/.local/lib/python3.8/site-packages/airflow/example_dags/example_xcom.py took 0.526 seconds
[2024-10-18T23:57:54.940+0000] {processor.py:157} INFO - Started process (PID=1795) to work on /home/airflow/.local/lib/python3.8/site-packages/airflow/example_dags/example_xcom.py
[2024-10-18T23:57:54.943+0000] {processor.py:829} INFO - Processing file /home/airflow/.local/lib/python3.8/site-packages/airflow/example_dags/example_xcom.py for tasks to queue
[2024-10-18T23:57:54.954+0000] {logging_mixin.py:151} INFO - [2024-10-18T23:57:54.953+0000] {dagbag.py:536} INFO - Filling up the DagBag from /home/airflow/.local/lib/python3.8/site-packages/airflow/example_dags/example_xcom.py
[2024-10-18T23:57:54.987+0000] {processor.py:839} INFO - DAG(s) dict_keys(['example_xcom']) retrieved from /home/airflow/.local/lib/python3.8/site-packages/airflow/example_dags/example_xcom.py
[2024-10-18T23:57:55.158+0000] {logging_mixin.py:151} INFO - [2024-10-18T23:57:55.157+0000] {dag.py:2941} INFO - Sync 1 DAGs
[2024-10-18T23:57:55.236+0000] {logging_mixin.py:151} INFO - [2024-10-18T23:57:55.235+0000] {dag.py:3722} INFO - Setting next_dagrun for example_xcom to 2021-01-01T00:00:00+00:00, run_after=2021-01-01T00:00:00+00:00
[2024-10-18T23:57:55.321+0000] {processor.py:179} INFO - Processing /home/airflow/.local/lib/python3.8/site-packages/airflow/example_dags/example_xcom.py took 0.393 seconds
[2024-10-18T23:58:26.130+0000] {processor.py:157} INFO - Started process (PID=1849) to work on /home/airflow/.local/lib/python3.8/site-packages/airflow/example_dags/example_xcom.py
[2024-10-18T23:58:26.132+0000] {processor.py:829} INFO - Processing file /home/airflow/.local/lib/python3.8/site-packages/airflow/example_dags/example_xcom.py for tasks to queue
[2024-10-18T23:58:26.138+0000] {logging_mixin.py:151} INFO - [2024-10-18T23:58:26.138+0000] {dagbag.py:536} INFO - Filling up the DagBag from /home/airflow/.local/lib/python3.8/site-packages/airflow/example_dags/example_xcom.py
[2024-10-18T23:58:26.155+0000] {processor.py:839} INFO - DAG(s) dict_keys(['example_xcom']) retrieved from /home/airflow/.local/lib/python3.8/site-packages/airflow/example_dags/example_xcom.py
[2024-10-18T23:58:26.206+0000] {logging_mixin.py:151} INFO - [2024-10-18T23:58:26.206+0000] {dag.py:2941} INFO - Sync 1 DAGs
[2024-10-18T23:58:26.251+0000] {logging_mixin.py:151} INFO - [2024-10-18T23:58:26.251+0000] {dag.py:3722} INFO - Setting next_dagrun for example_xcom to 2021-01-01T00:00:00+00:00, run_after=2021-01-01T00:00:00+00:00
[2024-10-18T23:58:26.320+0000] {processor.py:179} INFO - Processing /home/airflow/.local/lib/python3.8/site-packages/airflow/example_dags/example_xcom.py took 0.196 seconds
[2024-10-18T23:58:57.878+0000] {processor.py:157} INFO - Started process (PID=1903) to work on /home/airflow/.local/lib/python3.8/site-packages/airflow/example_dags/example_xcom.py
[2024-10-18T23:58:57.883+0000] {processor.py:829} INFO - Processing file /home/airflow/.local/lib/python3.8/site-packages/airflow/example_dags/example_xcom.py for tasks to queue
[2024-10-18T23:58:57.892+0000] {logging_mixin.py:151} INFO - [2024-10-18T23:58:57.891+0000] {dagbag.py:536} INFO - Filling up the DagBag from /home/airflow/.local/lib/python3.8/site-packages/airflow/example_dags/example_xcom.py
[2024-10-18T23:58:57.927+0000] {processor.py:839} INFO - DAG(s) dict_keys(['example_xcom']) retrieved from /home/airflow/.local/lib/python3.8/site-packages/airflow/example_dags/example_xcom.py
[2024-10-18T23:58:58.070+0000] {logging_mixin.py:151} INFO - [2024-10-18T23:58:58.069+0000] {dag.py:2941} INFO - Sync 1 DAGs
[2024-10-18T23:58:58.149+0000] {logging_mixin.py:151} INFO - [2024-10-18T23:58:58.148+0000] {dag.py:3722} INFO - Setting next_dagrun for example_xcom to 2021-01-01T00:00:00+00:00, run_after=2021-01-01T00:00:00+00:00
[2024-10-18T23:58:58.241+0000] {processor.py:179} INFO - Processing /home/airflow/.local/lib/python3.8/site-packages/airflow/example_dags/example_xcom.py took 0.384 seconds
[2024-10-18T23:59:29.041+0000] {processor.py:157} INFO - Started process (PID=1956) to work on /home/airflow/.local/lib/python3.8/site-packages/airflow/example_dags/example_xcom.py
[2024-10-18T23:59:29.044+0000] {processor.py:829} INFO - Processing file /home/airflow/.local/lib/python3.8/site-packages/airflow/example_dags/example_xcom.py for tasks to queue
[2024-10-18T23:59:29.051+0000] {logging_mixin.py:151} INFO - [2024-10-18T23:59:29.050+0000] {dagbag.py:536} INFO - Filling up the DagBag from /home/airflow/.local/lib/python3.8/site-packages/airflow/example_dags/example_xcom.py
[2024-10-18T23:59:29.074+0000] {processor.py:839} INFO - DAG(s) dict_keys(['example_xcom']) retrieved from /home/airflow/.local/lib/python3.8/site-packages/airflow/example_dags/example_xcom.py
[2024-10-18T23:59:29.118+0000] {logging_mixin.py:151} INFO - [2024-10-18T23:59:29.117+0000] {dag.py:2941} INFO - Sync 1 DAGs
[2024-10-18T23:59:29.169+0000] {logging_mixin.py:151} INFO - [2024-10-18T23:59:29.168+0000] {dag.py:3722} INFO - Setting next_dagrun for example_xcom to 2021-01-01T00:00:00+00:00, run_after=2021-01-01T00:00:00+00:00
[2024-10-18T23:59:29.221+0000] {processor.py:179} INFO - Processing /home/airflow/.local/lib/python3.8/site-packages/airflow/example_dags/example_xcom.py took 0.191 seconds
[2024-10-18T23:59:59.933+0000] {processor.py:157} INFO - Started process (PID=2010) to work on /home/airflow/.local/lib/python3.8/site-packages/airflow/example_dags/example_xcom.py
[2024-10-18T23:59:59.937+0000] {processor.py:829} INFO - Processing file /home/airflow/.local/lib/python3.8/site-packages/airflow/example_dags/example_xcom.py for tasks to queue
[2024-10-18T23:59:59.945+0000] {logging_mixin.py:151} INFO - [2024-10-18T23:59:59.944+0000] {dagbag.py:536} INFO - Filling up the DagBag from /home/airflow/.local/lib/python3.8/site-packages/airflow/example_dags/example_xcom.py
[2024-10-18T23:59:59.973+0000] {processor.py:839} INFO - DAG(s) dict_keys(['example_xcom']) retrieved from /home/airflow/.local/lib/python3.8/site-packages/airflow/example_dags/example_xcom.py
[2024-10-19T00:00:00.036+0000] {logging_mixin.py:151} INFO - [2024-10-19T00:00:00.036+0000] {dag.py:2941} INFO - Sync 1 DAGs
[2024-10-19T00:00:00.117+0000] {logging_mixin.py:151} INFO - [2024-10-19T00:00:00.117+0000] {dag.py:3722} INFO - Setting next_dagrun for example_xcom to 2021-01-01T00:00:00+00:00, run_after=2021-01-01T00:00:00+00:00
[2024-10-19T00:00:00.173+0000] {processor.py:179} INFO - Processing /home/airflow/.local/lib/python3.8/site-packages/airflow/example_dags/example_xcom.py took 0.249 seconds
