[2024-10-18T23:32:02.129+0000] {processor.py:157} INFO - Started process (PID=116) to work on /home/airflow/.local/lib/python3.8/site-packages/airflow/example_dags/example_task_group.py
[2024-10-18T23:32:02.131+0000] {processor.py:829} INFO - Processing file /home/airflow/.local/lib/python3.8/site-packages/airflow/example_dags/example_task_group.py for tasks to queue
[2024-10-18T23:32:02.137+0000] {logging_mixin.py:151} INFO - [2024-10-18T23:32:02.136+0000] {dagbag.py:536} INFO - Filling up the DagBag from /home/airflow/.local/lib/python3.8/site-packages/airflow/example_dags/example_task_group.py
[2024-10-18T23:32:02.170+0000] {processor.py:839} INFO - DAG(s) dict_keys(['example_task_group']) retrieved from /home/airflow/.local/lib/python3.8/site-packages/airflow/example_dags/example_task_group.py
[2024-10-18T23:32:02.317+0000] {logging_mixin.py:151} INFO - [2024-10-18T23:32:02.317+0000] {dag.py:2941} INFO - Sync 1 DAGs
[2024-10-18T23:32:02.416+0000] {logging_mixin.py:151} INFO - [2024-10-18T23:32:02.415+0000] {dag.py:3722} INFO - Setting next_dagrun for example_task_group to 2024-10-17T23:32:02.414811+00:00, run_after=2024-10-18T23:32:02.414811+00:00
[2024-10-18T23:32:02.478+0000] {processor.py:179} INFO - Processing /home/airflow/.local/lib/python3.8/site-packages/airflow/example_dags/example_task_group.py took 0.364 seconds
[2024-10-18T23:32:33.663+0000] {processor.py:157} INFO - Started process (PID=170) to work on /home/airflow/.local/lib/python3.8/site-packages/airflow/example_dags/example_task_group.py
[2024-10-18T23:32:33.673+0000] {processor.py:829} INFO - Processing file /home/airflow/.local/lib/python3.8/site-packages/airflow/example_dags/example_task_group.py for tasks to queue
[2024-10-18T23:32:33.687+0000] {logging_mixin.py:151} INFO - [2024-10-18T23:32:33.686+0000] {dagbag.py:536} INFO - Filling up the DagBag from /home/airflow/.local/lib/python3.8/site-packages/airflow/example_dags/example_task_group.py
[2024-10-18T23:32:33.747+0000] {processor.py:839} INFO - DAG(s) dict_keys(['example_task_group']) retrieved from /home/airflow/.local/lib/python3.8/site-packages/airflow/example_dags/example_task_group.py
[2024-10-18T23:32:33.915+0000] {logging_mixin.py:151} INFO - [2024-10-18T23:32:33.915+0000] {dag.py:2941} INFO - Sync 1 DAGs
[2024-10-18T23:32:33.992+0000] {logging_mixin.py:151} INFO - [2024-10-18T23:32:33.992+0000] {dag.py:3722} INFO - Setting next_dagrun for example_task_group to 2024-10-17T23:32:33.991868+00:00, run_after=2024-10-18T23:32:33.991868+00:00
[2024-10-18T23:32:34.090+0000] {processor.py:179} INFO - Processing /home/airflow/.local/lib/python3.8/site-packages/airflow/example_dags/example_task_group.py took 0.436 seconds
[2024-10-18T23:33:04.756+0000] {processor.py:157} INFO - Started process (PID=224) to work on /home/airflow/.local/lib/python3.8/site-packages/airflow/example_dags/example_task_group.py
[2024-10-18T23:33:04.757+0000] {processor.py:829} INFO - Processing file /home/airflow/.local/lib/python3.8/site-packages/airflow/example_dags/example_task_group.py for tasks to queue
[2024-10-18T23:33:04.763+0000] {logging_mixin.py:151} INFO - [2024-10-18T23:33:04.762+0000] {dagbag.py:536} INFO - Filling up the DagBag from /home/airflow/.local/lib/python3.8/site-packages/airflow/example_dags/example_task_group.py
[2024-10-18T23:33:04.780+0000] {processor.py:839} INFO - DAG(s) dict_keys(['example_task_group']) retrieved from /home/airflow/.local/lib/python3.8/site-packages/airflow/example_dags/example_task_group.py
[2024-10-18T23:33:04.832+0000] {logging_mixin.py:151} INFO - [2024-10-18T23:33:04.832+0000] {dag.py:2941} INFO - Sync 1 DAGs
[2024-10-18T23:33:04.875+0000] {logging_mixin.py:151} INFO - [2024-10-18T23:33:04.875+0000] {dag.py:3722} INFO - Setting next_dagrun for example_task_group to 2024-10-17T23:33:04.875286+00:00, run_after=2024-10-18T23:33:04.875286+00:00
[2024-10-18T23:33:04.931+0000] {processor.py:179} INFO - Processing /home/airflow/.local/lib/python3.8/site-packages/airflow/example_dags/example_task_group.py took 0.182 seconds
[2024-10-18T23:33:35.157+0000] {processor.py:157} INFO - Started process (PID=278) to work on /home/airflow/.local/lib/python3.8/site-packages/airflow/example_dags/example_task_group.py
[2024-10-18T23:33:35.163+0000] {processor.py:829} INFO - Processing file /home/airflow/.local/lib/python3.8/site-packages/airflow/example_dags/example_task_group.py for tasks to queue
[2024-10-18T23:33:35.179+0000] {logging_mixin.py:151} INFO - [2024-10-18T23:33:35.178+0000] {dagbag.py:536} INFO - Filling up the DagBag from /home/airflow/.local/lib/python3.8/site-packages/airflow/example_dags/example_task_group.py
[2024-10-18T23:33:35.206+0000] {processor.py:839} INFO - DAG(s) dict_keys(['example_task_group']) retrieved from /home/airflow/.local/lib/python3.8/site-packages/airflow/example_dags/example_task_group.py
[2024-10-18T23:33:35.292+0000] {logging_mixin.py:151} INFO - [2024-10-18T23:33:35.289+0000] {dag.py:2941} INFO - Sync 1 DAGs
[2024-10-18T23:33:35.456+0000] {logging_mixin.py:151} INFO - [2024-10-18T23:33:35.455+0000] {dag.py:3722} INFO - Setting next_dagrun for example_task_group to 2024-10-17T23:33:35.455121+00:00, run_after=2024-10-18T23:33:35.455121+00:00
[2024-10-18T23:33:35.524+0000] {processor.py:179} INFO - Processing /home/airflow/.local/lib/python3.8/site-packages/airflow/example_dags/example_task_group.py took 0.377 seconds
[2024-10-18T23:34:05.803+0000] {processor.py:157} INFO - Started process (PID=332) to work on /home/airflow/.local/lib/python3.8/site-packages/airflow/example_dags/example_task_group.py
[2024-10-18T23:34:05.805+0000] {processor.py:829} INFO - Processing file /home/airflow/.local/lib/python3.8/site-packages/airflow/example_dags/example_task_group.py for tasks to queue
[2024-10-18T23:34:05.810+0000] {logging_mixin.py:151} INFO - [2024-10-18T23:34:05.810+0000] {dagbag.py:536} INFO - Filling up the DagBag from /home/airflow/.local/lib/python3.8/site-packages/airflow/example_dags/example_task_group.py
[2024-10-18T23:34:05.828+0000] {processor.py:839} INFO - DAG(s) dict_keys(['example_task_group']) retrieved from /home/airflow/.local/lib/python3.8/site-packages/airflow/example_dags/example_task_group.py
[2024-10-18T23:34:05.879+0000] {logging_mixin.py:151} INFO - [2024-10-18T23:34:05.878+0000] {dag.py:2941} INFO - Sync 1 DAGs
[2024-10-18T23:34:05.933+0000] {logging_mixin.py:151} INFO - [2024-10-18T23:34:05.933+0000] {dag.py:3722} INFO - Setting next_dagrun for example_task_group to 2024-10-17T23:34:05.932881+00:00, run_after=2024-10-18T23:34:05.932881+00:00
[2024-10-18T23:34:05.982+0000] {processor.py:179} INFO - Processing /home/airflow/.local/lib/python3.8/site-packages/airflow/example_dags/example_task_group.py took 0.188 seconds
[2024-10-18T23:34:36.151+0000] {processor.py:157} INFO - Started process (PID=386) to work on /home/airflow/.local/lib/python3.8/site-packages/airflow/example_dags/example_task_group.py
[2024-10-18T23:34:36.167+0000] {processor.py:829} INFO - Processing file /home/airflow/.local/lib/python3.8/site-packages/airflow/example_dags/example_task_group.py for tasks to queue
[2024-10-18T23:34:36.190+0000] {logging_mixin.py:151} INFO - [2024-10-18T23:34:36.189+0000] {dagbag.py:536} INFO - Filling up the DagBag from /home/airflow/.local/lib/python3.8/site-packages/airflow/example_dags/example_task_group.py
[2024-10-18T23:34:36.257+0000] {processor.py:839} INFO - DAG(s) dict_keys(['example_task_group']) retrieved from /home/airflow/.local/lib/python3.8/site-packages/airflow/example_dags/example_task_group.py
[2024-10-18T23:34:36.419+0000] {logging_mixin.py:151} INFO - [2024-10-18T23:34:36.418+0000] {dag.py:2941} INFO - Sync 1 DAGs
[2024-10-18T23:34:36.599+0000] {logging_mixin.py:151} INFO - [2024-10-18T23:34:36.597+0000] {dag.py:3722} INFO - Setting next_dagrun for example_task_group to 2024-10-17T23:34:36.596591+00:00, run_after=2024-10-18T23:34:36.596591+00:00
[2024-10-18T23:34:36.662+0000] {processor.py:179} INFO - Processing /home/airflow/.local/lib/python3.8/site-packages/airflow/example_dags/example_task_group.py took 0.527 seconds
[2024-10-18T23:35:06.883+0000] {processor.py:157} INFO - Started process (PID=440) to work on /home/airflow/.local/lib/python3.8/site-packages/airflow/example_dags/example_task_group.py
[2024-10-18T23:35:06.887+0000] {processor.py:829} INFO - Processing file /home/airflow/.local/lib/python3.8/site-packages/airflow/example_dags/example_task_group.py for tasks to queue
[2024-10-18T23:35:06.892+0000] {logging_mixin.py:151} INFO - [2024-10-18T23:35:06.892+0000] {dagbag.py:536} INFO - Filling up the DagBag from /home/airflow/.local/lib/python3.8/site-packages/airflow/example_dags/example_task_group.py
[2024-10-18T23:35:06.916+0000] {processor.py:839} INFO - DAG(s) dict_keys(['example_task_group']) retrieved from /home/airflow/.local/lib/python3.8/site-packages/airflow/example_dags/example_task_group.py
[2024-10-18T23:35:06.975+0000] {logging_mixin.py:151} INFO - [2024-10-18T23:35:06.974+0000] {dag.py:2941} INFO - Sync 1 DAGs
[2024-10-18T23:35:07.032+0000] {logging_mixin.py:151} INFO - [2024-10-18T23:35:07.032+0000] {dag.py:3722} INFO - Setting next_dagrun for example_task_group to 2024-10-17T23:35:07.031736+00:00, run_after=2024-10-18T23:35:07.031736+00:00
[2024-10-18T23:35:07.083+0000] {processor.py:179} INFO - Processing /home/airflow/.local/lib/python3.8/site-packages/airflow/example_dags/example_task_group.py took 0.208 seconds
[2024-10-18T23:35:37.250+0000] {processor.py:157} INFO - Started process (PID=493) to work on /home/airflow/.local/lib/python3.8/site-packages/airflow/example_dags/example_task_group.py
[2024-10-18T23:35:37.254+0000] {processor.py:829} INFO - Processing file /home/airflow/.local/lib/python3.8/site-packages/airflow/example_dags/example_task_group.py for tasks to queue
[2024-10-18T23:35:37.259+0000] {logging_mixin.py:151} INFO - [2024-10-18T23:35:37.258+0000] {dagbag.py:536} INFO - Filling up the DagBag from /home/airflow/.local/lib/python3.8/site-packages/airflow/example_dags/example_task_group.py
[2024-10-18T23:35:37.277+0000] {processor.py:839} INFO - DAG(s) dict_keys(['example_task_group']) retrieved from /home/airflow/.local/lib/python3.8/site-packages/airflow/example_dags/example_task_group.py
[2024-10-18T23:35:37.328+0000] {logging_mixin.py:151} INFO - [2024-10-18T23:35:37.327+0000] {dag.py:2941} INFO - Sync 1 DAGs
[2024-10-18T23:35:37.378+0000] {logging_mixin.py:151} INFO - [2024-10-18T23:35:37.377+0000] {dag.py:3722} INFO - Setting next_dagrun for example_task_group to 2024-10-17T23:35:37.377451+00:00, run_after=2024-10-18T23:35:37.377451+00:00
[2024-10-18T23:35:37.419+0000] {processor.py:179} INFO - Processing /home/airflow/.local/lib/python3.8/site-packages/airflow/example_dags/example_task_group.py took 0.178 seconds
[2024-10-18T23:36:08.615+0000] {processor.py:157} INFO - Started process (PID=547) to work on /home/airflow/.local/lib/python3.8/site-packages/airflow/example_dags/example_task_group.py
[2024-10-18T23:36:08.627+0000] {processor.py:829} INFO - Processing file /home/airflow/.local/lib/python3.8/site-packages/airflow/example_dags/example_task_group.py for tasks to queue
[2024-10-18T23:36:08.633+0000] {logging_mixin.py:151} INFO - [2024-10-18T23:36:08.632+0000] {dagbag.py:536} INFO - Filling up the DagBag from /home/airflow/.local/lib/python3.8/site-packages/airflow/example_dags/example_task_group.py
[2024-10-18T23:36:08.674+0000] {processor.py:839} INFO - DAG(s) dict_keys(['example_task_group']) retrieved from /home/airflow/.local/lib/python3.8/site-packages/airflow/example_dags/example_task_group.py
[2024-10-18T23:36:08.823+0000] {logging_mixin.py:151} INFO - [2024-10-18T23:36:08.823+0000] {dag.py:2941} INFO - Sync 1 DAGs
[2024-10-18T23:36:09.006+0000] {logging_mixin.py:151} INFO - [2024-10-18T23:36:09.006+0000] {dag.py:3722} INFO - Setting next_dagrun for example_task_group to 2024-10-17T23:36:09.002327+00:00, run_after=2024-10-18T23:36:09.002327+00:00
[2024-10-18T23:36:09.106+0000] {processor.py:179} INFO - Processing /home/airflow/.local/lib/python3.8/site-packages/airflow/example_dags/example_task_group.py took 0.499 seconds
[2024-10-18T23:39:01.728+0000] {processor.py:157} INFO - Started process (PID=116) to work on /home/airflow/.local/lib/python3.8/site-packages/airflow/example_dags/example_task_group.py
[2024-10-18T23:39:01.738+0000] {processor.py:829} INFO - Processing file /home/airflow/.local/lib/python3.8/site-packages/airflow/example_dags/example_task_group.py for tasks to queue
[2024-10-18T23:39:01.746+0000] {logging_mixin.py:151} INFO - [2024-10-18T23:39:01.745+0000] {dagbag.py:536} INFO - Filling up the DagBag from /home/airflow/.local/lib/python3.8/site-packages/airflow/example_dags/example_task_group.py
[2024-10-18T23:39:01.831+0000] {processor.py:839} INFO - DAG(s) dict_keys(['example_task_group']) retrieved from /home/airflow/.local/lib/python3.8/site-packages/airflow/example_dags/example_task_group.py
[2024-10-18T23:39:01.951+0000] {logging_mixin.py:151} INFO - [2024-10-18T23:39:01.950+0000] {dag.py:2941} INFO - Sync 1 DAGs
[2024-10-18T23:39:02.017+0000] {logging_mixin.py:151} INFO - [2024-10-18T23:39:02.017+0000] {dag.py:3722} INFO - Setting next_dagrun for example_task_group to 2024-10-17T23:39:02.015436+00:00, run_after=2024-10-18T23:39:02.015436+00:00
[2024-10-18T23:39:02.062+0000] {processor.py:179} INFO - Processing /home/airflow/.local/lib/python3.8/site-packages/airflow/example_dags/example_task_group.py took 0.341 seconds
[2024-10-18T23:39:32.879+0000] {processor.py:157} INFO - Started process (PID=170) to work on /home/airflow/.local/lib/python3.8/site-packages/airflow/example_dags/example_task_group.py
[2024-10-18T23:39:32.881+0000] {processor.py:829} INFO - Processing file /home/airflow/.local/lib/python3.8/site-packages/airflow/example_dags/example_task_group.py for tasks to queue
[2024-10-18T23:39:32.885+0000] {logging_mixin.py:151} INFO - [2024-10-18T23:39:32.885+0000] {dagbag.py:536} INFO - Filling up the DagBag from /home/airflow/.local/lib/python3.8/site-packages/airflow/example_dags/example_task_group.py
[2024-10-18T23:39:32.926+0000] {processor.py:839} INFO - DAG(s) dict_keys(['example_task_group']) retrieved from /home/airflow/.local/lib/python3.8/site-packages/airflow/example_dags/example_task_group.py
[2024-10-18T23:39:33.038+0000] {logging_mixin.py:151} INFO - [2024-10-18T23:39:33.037+0000] {dag.py:2941} INFO - Sync 1 DAGs
[2024-10-18T23:39:33.145+0000] {logging_mixin.py:151} INFO - [2024-10-18T23:39:33.145+0000] {dag.py:3722} INFO - Setting next_dagrun for example_task_group to 2024-10-17T23:39:33.140146+00:00, run_after=2024-10-18T23:39:33.140146+00:00
[2024-10-18T23:39:33.215+0000] {processor.py:179} INFO - Processing /home/airflow/.local/lib/python3.8/site-packages/airflow/example_dags/example_task_group.py took 0.342 seconds
[2024-10-18T23:40:03.582+0000] {processor.py:157} INFO - Started process (PID=224) to work on /home/airflow/.local/lib/python3.8/site-packages/airflow/example_dags/example_task_group.py
[2024-10-18T23:40:03.584+0000] {processor.py:829} INFO - Processing file /home/airflow/.local/lib/python3.8/site-packages/airflow/example_dags/example_task_group.py for tasks to queue
[2024-10-18T23:40:03.591+0000] {logging_mixin.py:151} INFO - [2024-10-18T23:40:03.591+0000] {dagbag.py:536} INFO - Filling up the DagBag from /home/airflow/.local/lib/python3.8/site-packages/airflow/example_dags/example_task_group.py
[2024-10-18T23:40:03.620+0000] {processor.py:839} INFO - DAG(s) dict_keys(['example_task_group']) retrieved from /home/airflow/.local/lib/python3.8/site-packages/airflow/example_dags/example_task_group.py
[2024-10-18T23:40:03.705+0000] {logging_mixin.py:151} INFO - [2024-10-18T23:40:03.704+0000] {dag.py:2941} INFO - Sync 1 DAGs
[2024-10-18T23:40:03.771+0000] {logging_mixin.py:151} INFO - [2024-10-18T23:40:03.771+0000] {dag.py:3722} INFO - Setting next_dagrun for example_task_group to 2024-10-17T23:40:03.770918+00:00, run_after=2024-10-18T23:40:03.770918+00:00
[2024-10-18T23:40:03.840+0000] {processor.py:179} INFO - Processing /home/airflow/.local/lib/python3.8/site-packages/airflow/example_dags/example_task_group.py took 0.265 seconds
[2024-10-18T23:41:20.049+0000] {processor.py:157} INFO - Started process (PID=308) to work on /home/airflow/.local/lib/python3.8/site-packages/airflow/example_dags/example_task_group.py
[2024-10-18T23:41:20.053+0000] {processor.py:829} INFO - Processing file /home/airflow/.local/lib/python3.8/site-packages/airflow/example_dags/example_task_group.py for tasks to queue
[2024-10-18T23:41:20.058+0000] {logging_mixin.py:151} INFO - [2024-10-18T23:41:20.057+0000] {dagbag.py:536} INFO - Filling up the DagBag from /home/airflow/.local/lib/python3.8/site-packages/airflow/example_dags/example_task_group.py
[2024-10-18T23:41:20.077+0000] {processor.py:839} INFO - DAG(s) dict_keys(['example_task_group']) retrieved from /home/airflow/.local/lib/python3.8/site-packages/airflow/example_dags/example_task_group.py
[2024-10-18T23:41:20.132+0000] {logging_mixin.py:151} INFO - [2024-10-18T23:41:20.131+0000] {dag.py:2941} INFO - Sync 1 DAGs
[2024-10-18T23:41:20.176+0000] {logging_mixin.py:151} INFO - [2024-10-18T23:41:20.176+0000] {dag.py:3722} INFO - Setting next_dagrun for example_task_group to 2024-10-17T23:41:20.176212+00:00, run_after=2024-10-18T23:41:20.176212+00:00
[2024-10-18T23:41:20.212+0000] {processor.py:179} INFO - Processing /home/airflow/.local/lib/python3.8/site-packages/airflow/example_dags/example_task_group.py took 0.170 seconds
[2024-10-18T23:42:39.163+0000] {processor.py:157} INFO - Started process (PID=378) to work on /home/airflow/.local/lib/python3.8/site-packages/airflow/example_dags/example_task_group.py
[2024-10-18T23:42:39.168+0000] {processor.py:829} INFO - Processing file /home/airflow/.local/lib/python3.8/site-packages/airflow/example_dags/example_task_group.py for tasks to queue
[2024-10-18T23:42:39.253+0000] {logging_mixin.py:151} INFO - [2024-10-18T23:42:39.218+0000] {dagbag.py:536} INFO - Filling up the DagBag from /home/airflow/.local/lib/python3.8/site-packages/airflow/example_dags/example_task_group.py
[2024-10-18T23:42:39.535+0000] {processor.py:839} INFO - DAG(s) dict_keys(['example_task_group']) retrieved from /home/airflow/.local/lib/python3.8/site-packages/airflow/example_dags/example_task_group.py
[2024-10-18T23:42:41.098+0000] {logging_mixin.py:151} INFO - [2024-10-18T23:42:41.060+0000] {dag.py:2941} INFO - Sync 1 DAGs
[2024-10-18T23:42:41.370+0000] {logging_mixin.py:151} INFO - [2024-10-18T23:42:41.370+0000] {dag.py:3722} INFO - Setting next_dagrun for example_task_group to 2024-10-17T23:42:41.335721+00:00, run_after=2024-10-18T23:42:41.335721+00:00
[2024-10-18T23:42:41.558+0000] {processor.py:179} INFO - Processing /home/airflow/.local/lib/python3.8/site-packages/airflow/example_dags/example_task_group.py took 2.445 seconds
[2024-10-18T23:43:34.571+0000] {processor.py:157} INFO - Started process (PID=433) to work on /home/airflow/.local/lib/python3.8/site-packages/airflow/example_dags/example_task_group.py
[2024-10-18T23:43:34.576+0000] {processor.py:829} INFO - Processing file /home/airflow/.local/lib/python3.8/site-packages/airflow/example_dags/example_task_group.py for tasks to queue
[2024-10-18T23:43:34.603+0000] {logging_mixin.py:151} INFO - [2024-10-18T23:43:34.602+0000] {dagbag.py:536} INFO - Filling up the DagBag from /home/airflow/.local/lib/python3.8/site-packages/airflow/example_dags/example_task_group.py
[2024-10-18T23:43:34.658+0000] {processor.py:839} INFO - DAG(s) dict_keys(['example_task_group']) retrieved from /home/airflow/.local/lib/python3.8/site-packages/airflow/example_dags/example_task_group.py
[2024-10-18T23:43:34.787+0000] {logging_mixin.py:151} INFO - [2024-10-18T23:43:34.787+0000] {dag.py:2941} INFO - Sync 1 DAGs
[2024-10-18T23:43:34.917+0000] {logging_mixin.py:151} INFO - [2024-10-18T23:43:34.916+0000] {dag.py:3722} INFO - Setting next_dagrun for example_task_group to 2024-10-17T23:43:34.915689+00:00, run_after=2024-10-18T23:43:34.915689+00:00
[2024-10-18T23:43:35.758+0000] {processor.py:179} INFO - Processing /home/airflow/.local/lib/python3.8/site-packages/airflow/example_dags/example_task_group.py took 1.207 seconds
[2024-10-18T23:44:06.742+0000] {processor.py:157} INFO - Started process (PID=487) to work on /home/airflow/.local/lib/python3.8/site-packages/airflow/example_dags/example_task_group.py
[2024-10-18T23:44:06.749+0000] {processor.py:829} INFO - Processing file /home/airflow/.local/lib/python3.8/site-packages/airflow/example_dags/example_task_group.py for tasks to queue
[2024-10-18T23:44:06.757+0000] {logging_mixin.py:151} INFO - [2024-10-18T23:44:06.756+0000] {dagbag.py:536} INFO - Filling up the DagBag from /home/airflow/.local/lib/python3.8/site-packages/airflow/example_dags/example_task_group.py
[2024-10-18T23:44:06.781+0000] {processor.py:839} INFO - DAG(s) dict_keys(['example_task_group']) retrieved from /home/airflow/.local/lib/python3.8/site-packages/airflow/example_dags/example_task_group.py
[2024-10-18T23:44:06.832+0000] {logging_mixin.py:151} INFO - [2024-10-18T23:44:06.831+0000] {dag.py:2941} INFO - Sync 1 DAGs
[2024-10-18T23:44:06.900+0000] {logging_mixin.py:151} INFO - [2024-10-18T23:44:06.900+0000] {dag.py:3722} INFO - Setting next_dagrun for example_task_group to 2024-10-17T23:44:06.899587+00:00, run_after=2024-10-18T23:44:06.899587+00:00
[2024-10-18T23:44:06.947+0000] {processor.py:179} INFO - Processing /home/airflow/.local/lib/python3.8/site-packages/airflow/example_dags/example_task_group.py took 0.216 seconds
[2024-10-18T23:44:37.313+0000] {processor.py:157} INFO - Started process (PID=541) to work on /home/airflow/.local/lib/python3.8/site-packages/airflow/example_dags/example_task_group.py
[2024-10-18T23:44:37.316+0000] {processor.py:829} INFO - Processing file /home/airflow/.local/lib/python3.8/site-packages/airflow/example_dags/example_task_group.py for tasks to queue
[2024-10-18T23:44:37.321+0000] {logging_mixin.py:151} INFO - [2024-10-18T23:44:37.320+0000] {dagbag.py:536} INFO - Filling up the DagBag from /home/airflow/.local/lib/python3.8/site-packages/airflow/example_dags/example_task_group.py
[2024-10-18T23:44:37.336+0000] {processor.py:839} INFO - DAG(s) dict_keys(['example_task_group']) retrieved from /home/airflow/.local/lib/python3.8/site-packages/airflow/example_dags/example_task_group.py
[2024-10-18T23:44:37.382+0000] {logging_mixin.py:151} INFO - [2024-10-18T23:44:37.382+0000] {dag.py:2941} INFO - Sync 1 DAGs
[2024-10-18T23:44:37.430+0000] {logging_mixin.py:151} INFO - [2024-10-18T23:44:37.430+0000] {dag.py:3722} INFO - Setting next_dagrun for example_task_group to 2024-10-17T23:44:37.429787+00:00, run_after=2024-10-18T23:44:37.429787+00:00
[2024-10-18T23:44:37.481+0000] {processor.py:179} INFO - Processing /home/airflow/.local/lib/python3.8/site-packages/airflow/example_dags/example_task_group.py took 0.176 seconds
[2024-10-18T23:45:10.876+0000] {processor.py:157} INFO - Started process (PID=595) to work on /home/airflow/.local/lib/python3.8/site-packages/airflow/example_dags/example_task_group.py
[2024-10-18T23:45:10.879+0000] {processor.py:829} INFO - Processing file /home/airflow/.local/lib/python3.8/site-packages/airflow/example_dags/example_task_group.py for tasks to queue
[2024-10-18T23:45:10.885+0000] {logging_mixin.py:151} INFO - [2024-10-18T23:45:10.885+0000] {dagbag.py:536} INFO - Filling up the DagBag from /home/airflow/.local/lib/python3.8/site-packages/airflow/example_dags/example_task_group.py
[2024-10-18T23:45:10.902+0000] {processor.py:839} INFO - DAG(s) dict_keys(['example_task_group']) retrieved from /home/airflow/.local/lib/python3.8/site-packages/airflow/example_dags/example_task_group.py
[2024-10-18T23:45:10.948+0000] {logging_mixin.py:151} INFO - [2024-10-18T23:45:10.948+0000] {dag.py:2941} INFO - Sync 1 DAGs
[2024-10-18T23:45:10.994+0000] {logging_mixin.py:151} INFO - [2024-10-18T23:45:10.993+0000] {dag.py:3722} INFO - Setting next_dagrun for example_task_group to 2024-10-17T23:45:10.993510+00:00, run_after=2024-10-18T23:45:10.993510+00:00
[2024-10-18T23:45:11.045+0000] {processor.py:179} INFO - Processing /home/airflow/.local/lib/python3.8/site-packages/airflow/example_dags/example_task_group.py took 0.176 seconds
[2024-10-18T23:45:41.505+0000] {processor.py:157} INFO - Started process (PID=647) to work on /home/airflow/.local/lib/python3.8/site-packages/airflow/example_dags/example_task_group.py
[2024-10-18T23:45:41.509+0000] {processor.py:829} INFO - Processing file /home/airflow/.local/lib/python3.8/site-packages/airflow/example_dags/example_task_group.py for tasks to queue
[2024-10-18T23:45:41.515+0000] {logging_mixin.py:151} INFO - [2024-10-18T23:45:41.514+0000] {dagbag.py:536} INFO - Filling up the DagBag from /home/airflow/.local/lib/python3.8/site-packages/airflow/example_dags/example_task_group.py
[2024-10-18T23:45:41.532+0000] {processor.py:839} INFO - DAG(s) dict_keys(['example_task_group']) retrieved from /home/airflow/.local/lib/python3.8/site-packages/airflow/example_dags/example_task_group.py
[2024-10-18T23:45:41.604+0000] {logging_mixin.py:151} INFO - [2024-10-18T23:45:41.603+0000] {dag.py:2941} INFO - Sync 1 DAGs
[2024-10-18T23:45:41.659+0000] {logging_mixin.py:151} INFO - [2024-10-18T23:45:41.659+0000] {dag.py:3722} INFO - Setting next_dagrun for example_task_group to 2024-10-17T23:45:41.658790+00:00, run_after=2024-10-18T23:45:41.658790+00:00
[2024-10-18T23:45:41.694+0000] {processor.py:179} INFO - Processing /home/airflow/.local/lib/python3.8/site-packages/airflow/example_dags/example_task_group.py took 0.198 seconds
[2024-10-18T23:46:12.177+0000] {processor.py:157} INFO - Started process (PID=700) to work on /home/airflow/.local/lib/python3.8/site-packages/airflow/example_dags/example_task_group.py
[2024-10-18T23:46:12.180+0000] {processor.py:829} INFO - Processing file /home/airflow/.local/lib/python3.8/site-packages/airflow/example_dags/example_task_group.py for tasks to queue
[2024-10-18T23:46:12.188+0000] {logging_mixin.py:151} INFO - [2024-10-18T23:46:12.187+0000] {dagbag.py:536} INFO - Filling up the DagBag from /home/airflow/.local/lib/python3.8/site-packages/airflow/example_dags/example_task_group.py
[2024-10-18T23:46:12.212+0000] {processor.py:839} INFO - DAG(s) dict_keys(['example_task_group']) retrieved from /home/airflow/.local/lib/python3.8/site-packages/airflow/example_dags/example_task_group.py
[2024-10-18T23:46:12.294+0000] {logging_mixin.py:151} INFO - [2024-10-18T23:46:12.293+0000] {dag.py:2941} INFO - Sync 1 DAGs
[2024-10-18T23:46:12.393+0000] {logging_mixin.py:151} INFO - [2024-10-18T23:46:12.391+0000] {dag.py:3722} INFO - Setting next_dagrun for example_task_group to 2024-10-17T23:46:12.390728+00:00, run_after=2024-10-18T23:46:12.390728+00:00
[2024-10-18T23:46:12.488+0000] {processor.py:179} INFO - Processing /home/airflow/.local/lib/python3.8/site-packages/airflow/example_dags/example_task_group.py took 0.320 seconds
[2024-10-18T23:46:42.849+0000] {processor.py:157} INFO - Started process (PID=754) to work on /home/airflow/.local/lib/python3.8/site-packages/airflow/example_dags/example_task_group.py
[2024-10-18T23:46:42.851+0000] {processor.py:829} INFO - Processing file /home/airflow/.local/lib/python3.8/site-packages/airflow/example_dags/example_task_group.py for tasks to queue
[2024-10-18T23:46:42.855+0000] {logging_mixin.py:151} INFO - [2024-10-18T23:46:42.854+0000] {dagbag.py:536} INFO - Filling up the DagBag from /home/airflow/.local/lib/python3.8/site-packages/airflow/example_dags/example_task_group.py
[2024-10-18T23:46:42.873+0000] {processor.py:839} INFO - DAG(s) dict_keys(['example_task_group']) retrieved from /home/airflow/.local/lib/python3.8/site-packages/airflow/example_dags/example_task_group.py
[2024-10-18T23:46:42.918+0000] {logging_mixin.py:151} INFO - [2024-10-18T23:46:42.918+0000] {dag.py:2941} INFO - Sync 1 DAGs
[2024-10-18T23:46:42.953+0000] {logging_mixin.py:151} INFO - [2024-10-18T23:46:42.952+0000] {dag.py:3722} INFO - Setting next_dagrun for example_task_group to 2024-10-17T23:46:42.952256+00:00, run_after=2024-10-18T23:46:42.952256+00:00
[2024-10-18T23:46:42.996+0000] {processor.py:179} INFO - Processing /home/airflow/.local/lib/python3.8/site-packages/airflow/example_dags/example_task_group.py took 0.152 seconds
[2024-10-18T23:47:14.638+0000] {processor.py:157} INFO - Started process (PID=810) to work on /home/airflow/.local/lib/python3.8/site-packages/airflow/example_dags/example_task_group.py
[2024-10-18T23:47:14.641+0000] {processor.py:829} INFO - Processing file /home/airflow/.local/lib/python3.8/site-packages/airflow/example_dags/example_task_group.py for tasks to queue
[2024-10-18T23:47:14.646+0000] {logging_mixin.py:151} INFO - [2024-10-18T23:47:14.645+0000] {dagbag.py:536} INFO - Filling up the DagBag from /home/airflow/.local/lib/python3.8/site-packages/airflow/example_dags/example_task_group.py
[2024-10-18T23:47:14.672+0000] {processor.py:839} INFO - DAG(s) dict_keys(['example_task_group']) retrieved from /home/airflow/.local/lib/python3.8/site-packages/airflow/example_dags/example_task_group.py
[2024-10-18T23:47:14.721+0000] {logging_mixin.py:151} INFO - [2024-10-18T23:47:14.721+0000] {dag.py:2941} INFO - Sync 1 DAGs
[2024-10-18T23:47:14.763+0000] {logging_mixin.py:151} INFO - [2024-10-18T23:47:14.762+0000] {dag.py:3722} INFO - Setting next_dagrun for example_task_group to 2024-10-17T23:47:14.762279+00:00, run_after=2024-10-18T23:47:14.762279+00:00
[2024-10-18T23:47:14.798+0000] {processor.py:179} INFO - Processing /home/airflow/.local/lib/python3.8/site-packages/airflow/example_dags/example_task_group.py took 0.168 seconds
[2024-10-18T23:47:57.990+0000] {processor.py:157} INFO - Started process (PID=879) to work on /home/airflow/.local/lib/python3.8/site-packages/airflow/example_dags/example_task_group.py
[2024-10-18T23:47:57.995+0000] {processor.py:829} INFO - Processing file /home/airflow/.local/lib/python3.8/site-packages/airflow/example_dags/example_task_group.py for tasks to queue
[2024-10-18T23:47:58.004+0000] {logging_mixin.py:151} INFO - [2024-10-18T23:47:58.003+0000] {dagbag.py:536} INFO - Filling up the DagBag from /home/airflow/.local/lib/python3.8/site-packages/airflow/example_dags/example_task_group.py
[2024-10-18T23:47:58.059+0000] {processor.py:839} INFO - DAG(s) dict_keys(['example_task_group']) retrieved from /home/airflow/.local/lib/python3.8/site-packages/airflow/example_dags/example_task_group.py
[2024-10-18T23:47:58.476+0000] {logging_mixin.py:151} INFO - [2024-10-18T23:47:58.475+0000] {dag.py:2941} INFO - Sync 1 DAGs
[2024-10-18T23:47:58.605+0000] {logging_mixin.py:151} INFO - [2024-10-18T23:47:58.604+0000] {dag.py:3722} INFO - Setting next_dagrun for example_task_group to 2024-10-17T23:47:58.588372+00:00, run_after=2024-10-18T23:47:58.588372+00:00
[2024-10-18T23:47:58.693+0000] {processor.py:179} INFO - Processing /home/airflow/.local/lib/python3.8/site-packages/airflow/example_dags/example_task_group.py took 0.711 seconds
[2024-10-18T23:48:29.330+0000] {processor.py:157} INFO - Started process (PID=933) to work on /home/airflow/.local/lib/python3.8/site-packages/airflow/example_dags/example_task_group.py
[2024-10-18T23:48:29.339+0000] {processor.py:829} INFO - Processing file /home/airflow/.local/lib/python3.8/site-packages/airflow/example_dags/example_task_group.py for tasks to queue
[2024-10-18T23:48:29.370+0000] {logging_mixin.py:151} INFO - [2024-10-18T23:48:29.369+0000] {dagbag.py:536} INFO - Filling up the DagBag from /home/airflow/.local/lib/python3.8/site-packages/airflow/example_dags/example_task_group.py
[2024-10-18T23:48:29.408+0000] {processor.py:839} INFO - DAG(s) dict_keys(['example_task_group']) retrieved from /home/airflow/.local/lib/python3.8/site-packages/airflow/example_dags/example_task_group.py
[2024-10-18T23:48:29.638+0000] {logging_mixin.py:151} INFO - [2024-10-18T23:48:29.633+0000] {dag.py:2941} INFO - Sync 1 DAGs
[2024-10-18T23:48:29.690+0000] {logging_mixin.py:151} INFO - [2024-10-18T23:48:29.690+0000] {dag.py:3722} INFO - Setting next_dagrun for example_task_group to 2024-10-17T23:48:29.688195+00:00, run_after=2024-10-18T23:48:29.688195+00:00
[2024-10-18T23:48:29.750+0000] {processor.py:179} INFO - Processing /home/airflow/.local/lib/python3.8/site-packages/airflow/example_dags/example_task_group.py took 0.432 seconds
[2024-10-18T23:49:06.775+0000] {processor.py:157} INFO - Started process (PID=986) to work on /home/airflow/.local/lib/python3.8/site-packages/airflow/example_dags/example_task_group.py
[2024-10-18T23:49:06.777+0000] {processor.py:829} INFO - Processing file /home/airflow/.local/lib/python3.8/site-packages/airflow/example_dags/example_task_group.py for tasks to queue
[2024-10-18T23:49:06.785+0000] {logging_mixin.py:151} INFO - [2024-10-18T23:49:06.783+0000] {dagbag.py:536} INFO - Filling up the DagBag from /home/airflow/.local/lib/python3.8/site-packages/airflow/example_dags/example_task_group.py
[2024-10-18T23:49:06.822+0000] {processor.py:839} INFO - DAG(s) dict_keys(['example_task_group']) retrieved from /home/airflow/.local/lib/python3.8/site-packages/airflow/example_dags/example_task_group.py
[2024-10-18T23:49:07.071+0000] {logging_mixin.py:151} INFO - [2024-10-18T23:49:07.071+0000] {dag.py:2941} INFO - Sync 1 DAGs
[2024-10-18T23:49:07.231+0000] {logging_mixin.py:151} INFO - [2024-10-18T23:49:07.223+0000] {dag.py:3722} INFO - Setting next_dagrun for example_task_group to 2024-10-17T23:49:07.212084+00:00, run_after=2024-10-18T23:49:07.212084+00:00
[2024-10-18T23:49:07.824+0000] {processor.py:179} INFO - Processing /home/airflow/.local/lib/python3.8/site-packages/airflow/example_dags/example_task_group.py took 1.061 seconds
[2024-10-18T23:50:09.974+0000] {processor.py:157} INFO - Started process (PID=1049) to work on /home/airflow/.local/lib/python3.8/site-packages/airflow/example_dags/example_task_group.py
[2024-10-18T23:50:09.976+0000] {processor.py:829} INFO - Processing file /home/airflow/.local/lib/python3.8/site-packages/airflow/example_dags/example_task_group.py for tasks to queue
[2024-10-18T23:50:09.991+0000] {logging_mixin.py:151} INFO - [2024-10-18T23:50:09.990+0000] {dagbag.py:536} INFO - Filling up the DagBag from /home/airflow/.local/lib/python3.8/site-packages/airflow/example_dags/example_task_group.py
[2024-10-18T23:50:10.103+0000] {processor.py:839} INFO - DAG(s) dict_keys(['example_task_group']) retrieved from /home/airflow/.local/lib/python3.8/site-packages/airflow/example_dags/example_task_group.py
[2024-10-18T23:50:10.191+0000] {logging_mixin.py:151} INFO - [2024-10-18T23:50:10.190+0000] {dag.py:2941} INFO - Sync 1 DAGs
[2024-10-18T23:50:10.296+0000] {logging_mixin.py:151} INFO - [2024-10-18T23:50:10.296+0000] {dag.py:3722} INFO - Setting next_dagrun for example_task_group to 2024-10-17T23:50:10.295816+00:00, run_after=2024-10-18T23:50:10.295816+00:00
[2024-10-18T23:50:10.416+0000] {processor.py:179} INFO - Processing /home/airflow/.local/lib/python3.8/site-packages/airflow/example_dags/example_task_group.py took 0.453 seconds
[2024-10-18T23:50:41.312+0000] {processor.py:157} INFO - Started process (PID=1102) to work on /home/airflow/.local/lib/python3.8/site-packages/airflow/example_dags/example_task_group.py
[2024-10-18T23:50:41.318+0000] {processor.py:829} INFO - Processing file /home/airflow/.local/lib/python3.8/site-packages/airflow/example_dags/example_task_group.py for tasks to queue
[2024-10-18T23:50:41.336+0000] {logging_mixin.py:151} INFO - [2024-10-18T23:50:41.332+0000] {dagbag.py:536} INFO - Filling up the DagBag from /home/airflow/.local/lib/python3.8/site-packages/airflow/example_dags/example_task_group.py
[2024-10-18T23:50:41.372+0000] {processor.py:839} INFO - DAG(s) dict_keys(['example_task_group']) retrieved from /home/airflow/.local/lib/python3.8/site-packages/airflow/example_dags/example_task_group.py
[2024-10-18T23:50:41.575+0000] {logging_mixin.py:151} INFO - [2024-10-18T23:50:41.575+0000] {dag.py:2941} INFO - Sync 1 DAGs
[2024-10-18T23:50:41.668+0000] {logging_mixin.py:151} INFO - [2024-10-18T23:50:41.667+0000] {dag.py:3722} INFO - Setting next_dagrun for example_task_group to 2024-10-17T23:50:41.665225+00:00, run_after=2024-10-18T23:50:41.665225+00:00
[2024-10-18T23:50:41.738+0000] {processor.py:179} INFO - Processing /home/airflow/.local/lib/python3.8/site-packages/airflow/example_dags/example_task_group.py took 0.451 seconds
[2024-10-18T23:51:12.544+0000] {processor.py:157} INFO - Started process (PID=1155) to work on /home/airflow/.local/lib/python3.8/site-packages/airflow/example_dags/example_task_group.py
[2024-10-18T23:51:12.549+0000] {processor.py:829} INFO - Processing file /home/airflow/.local/lib/python3.8/site-packages/airflow/example_dags/example_task_group.py for tasks to queue
[2024-10-18T23:51:12.562+0000] {logging_mixin.py:151} INFO - [2024-10-18T23:51:12.561+0000] {dagbag.py:536} INFO - Filling up the DagBag from /home/airflow/.local/lib/python3.8/site-packages/airflow/example_dags/example_task_group.py
[2024-10-18T23:51:12.606+0000] {processor.py:839} INFO - DAG(s) dict_keys(['example_task_group']) retrieved from /home/airflow/.local/lib/python3.8/site-packages/airflow/example_dags/example_task_group.py
[2024-10-18T23:51:12.711+0000] {logging_mixin.py:151} INFO - [2024-10-18T23:51:12.710+0000] {dag.py:2941} INFO - Sync 1 DAGs
[2024-10-18T23:51:12.762+0000] {logging_mixin.py:151} INFO - [2024-10-18T23:51:12.761+0000] {dag.py:3722} INFO - Setting next_dagrun for example_task_group to 2024-10-17T23:51:12.761304+00:00, run_after=2024-10-18T23:51:12.761304+00:00
[2024-10-18T23:51:12.807+0000] {processor.py:179} INFO - Processing /home/airflow/.local/lib/python3.8/site-packages/airflow/example_dags/example_task_group.py took 0.278 seconds
[2024-10-18T23:51:43.533+0000] {processor.py:157} INFO - Started process (PID=1209) to work on /home/airflow/.local/lib/python3.8/site-packages/airflow/example_dags/example_task_group.py
[2024-10-18T23:51:43.536+0000] {processor.py:829} INFO - Processing file /home/airflow/.local/lib/python3.8/site-packages/airflow/example_dags/example_task_group.py for tasks to queue
[2024-10-18T23:51:43.539+0000] {logging_mixin.py:151} INFO - [2024-10-18T23:51:43.539+0000] {dagbag.py:536} INFO - Filling up the DagBag from /home/airflow/.local/lib/python3.8/site-packages/airflow/example_dags/example_task_group.py
[2024-10-18T23:51:43.559+0000] {processor.py:839} INFO - DAG(s) dict_keys(['example_task_group']) retrieved from /home/airflow/.local/lib/python3.8/site-packages/airflow/example_dags/example_task_group.py
[2024-10-18T23:51:43.607+0000] {logging_mixin.py:151} INFO - [2024-10-18T23:51:43.606+0000] {dag.py:2941} INFO - Sync 1 DAGs
[2024-10-18T23:51:44.010+0000] {logging_mixin.py:151} INFO - [2024-10-18T23:51:44.009+0000] {dag.py:3722} INFO - Setting next_dagrun for example_task_group to 2024-10-17T23:51:44.009442+00:00, run_after=2024-10-18T23:51:44.009442+00:00
[2024-10-18T23:51:44.060+0000] {processor.py:179} INFO - Processing /home/airflow/.local/lib/python3.8/site-packages/airflow/example_dags/example_task_group.py took 0.534 seconds
[2024-10-18T23:52:14.467+0000] {processor.py:157} INFO - Started process (PID=1263) to work on /home/airflow/.local/lib/python3.8/site-packages/airflow/example_dags/example_task_group.py
[2024-10-18T23:52:14.470+0000] {processor.py:829} INFO - Processing file /home/airflow/.local/lib/python3.8/site-packages/airflow/example_dags/example_task_group.py for tasks to queue
[2024-10-18T23:52:14.479+0000] {logging_mixin.py:151} INFO - [2024-10-18T23:52:14.478+0000] {dagbag.py:536} INFO - Filling up the DagBag from /home/airflow/.local/lib/python3.8/site-packages/airflow/example_dags/example_task_group.py
[2024-10-18T23:52:14.523+0000] {processor.py:839} INFO - DAG(s) dict_keys(['example_task_group']) retrieved from /home/airflow/.local/lib/python3.8/site-packages/airflow/example_dags/example_task_group.py
[2024-10-18T23:52:14.598+0000] {logging_mixin.py:151} INFO - [2024-10-18T23:52:14.597+0000] {dag.py:2941} INFO - Sync 1 DAGs
[2024-10-18T23:52:14.661+0000] {logging_mixin.py:151} INFO - [2024-10-18T23:52:14.661+0000] {dag.py:3722} INFO - Setting next_dagrun for example_task_group to 2024-10-17T23:52:14.660103+00:00, run_after=2024-10-18T23:52:14.660103+00:00
[2024-10-18T23:52:14.737+0000] {processor.py:179} INFO - Processing /home/airflow/.local/lib/python3.8/site-packages/airflow/example_dags/example_task_group.py took 0.281 seconds
[2024-10-18T23:52:44.893+0000] {processor.py:157} INFO - Started process (PID=1316) to work on /home/airflow/.local/lib/python3.8/site-packages/airflow/example_dags/example_task_group.py
[2024-10-18T23:52:44.896+0000] {processor.py:829} INFO - Processing file /home/airflow/.local/lib/python3.8/site-packages/airflow/example_dags/example_task_group.py for tasks to queue
[2024-10-18T23:52:44.902+0000] {logging_mixin.py:151} INFO - [2024-10-18T23:52:44.901+0000] {dagbag.py:536} INFO - Filling up the DagBag from /home/airflow/.local/lib/python3.8/site-packages/airflow/example_dags/example_task_group.py
[2024-10-18T23:52:44.930+0000] {processor.py:839} INFO - DAG(s) dict_keys(['example_task_group']) retrieved from /home/airflow/.local/lib/python3.8/site-packages/airflow/example_dags/example_task_group.py
[2024-10-18T23:52:45.040+0000] {logging_mixin.py:151} INFO - [2024-10-18T23:52:45.039+0000] {dag.py:2941} INFO - Sync 1 DAGs
[2024-10-18T23:52:45.152+0000] {logging_mixin.py:151} INFO - [2024-10-18T23:52:45.152+0000] {dag.py:3722} INFO - Setting next_dagrun for example_task_group to 2024-10-17T23:52:45.151606+00:00, run_after=2024-10-18T23:52:45.151606+00:00
[2024-10-18T23:52:45.263+0000] {processor.py:179} INFO - Processing /home/airflow/.local/lib/python3.8/site-packages/airflow/example_dags/example_task_group.py took 0.381 seconds
[2024-10-18T23:53:48.027+0000] {processor.py:157} INFO - Started process (PID=1387) to work on /home/airflow/.local/lib/python3.8/site-packages/airflow/example_dags/example_task_group.py
[2024-10-18T23:53:48.032+0000] {processor.py:829} INFO - Processing file /home/airflow/.local/lib/python3.8/site-packages/airflow/example_dags/example_task_group.py for tasks to queue
[2024-10-18T23:53:48.037+0000] {logging_mixin.py:151} INFO - [2024-10-18T23:53:48.036+0000] {dagbag.py:536} INFO - Filling up the DagBag from /home/airflow/.local/lib/python3.8/site-packages/airflow/example_dags/example_task_group.py
[2024-10-18T23:53:48.055+0000] {processor.py:839} INFO - DAG(s) dict_keys(['example_task_group']) retrieved from /home/airflow/.local/lib/python3.8/site-packages/airflow/example_dags/example_task_group.py
[2024-10-18T23:53:48.184+0000] {logging_mixin.py:151} INFO - [2024-10-18T23:53:48.184+0000] {dag.py:2941} INFO - Sync 1 DAGs
[2024-10-18T23:53:48.371+0000] {logging_mixin.py:151} INFO - [2024-10-18T23:53:48.370+0000] {dag.py:3722} INFO - Setting next_dagrun for example_task_group to 2024-10-17T23:53:48.365067+00:00, run_after=2024-10-18T23:53:48.365067+00:00
[2024-10-18T23:53:48.453+0000] {processor.py:179} INFO - Processing /home/airflow/.local/lib/python3.8/site-packages/airflow/example_dags/example_task_group.py took 0.437 seconds
[2024-10-18T23:54:18.694+0000] {processor.py:157} INFO - Started process (PID=1441) to work on /home/airflow/.local/lib/python3.8/site-packages/airflow/example_dags/example_task_group.py
[2024-10-18T23:54:18.697+0000] {processor.py:829} INFO - Processing file /home/airflow/.local/lib/python3.8/site-packages/airflow/example_dags/example_task_group.py for tasks to queue
[2024-10-18T23:54:18.703+0000] {logging_mixin.py:151} INFO - [2024-10-18T23:54:18.702+0000] {dagbag.py:536} INFO - Filling up the DagBag from /home/airflow/.local/lib/python3.8/site-packages/airflow/example_dags/example_task_group.py
[2024-10-18T23:54:18.936+0000] {processor.py:839} INFO - DAG(s) dict_keys(['example_task_group']) retrieved from /home/airflow/.local/lib/python3.8/site-packages/airflow/example_dags/example_task_group.py
[2024-10-18T23:54:18.995+0000] {logging_mixin.py:151} INFO - [2024-10-18T23:54:18.994+0000] {dag.py:2941} INFO - Sync 1 DAGs
[2024-10-18T23:54:19.348+0000] {logging_mixin.py:151} INFO - [2024-10-18T23:54:19.348+0000] {dag.py:3722} INFO - Setting next_dagrun for example_task_group to 2024-10-17T23:54:19.347660+00:00, run_after=2024-10-18T23:54:19.347660+00:00
[2024-10-18T23:54:19.466+0000] {processor.py:179} INFO - Processing /home/airflow/.local/lib/python3.8/site-packages/airflow/example_dags/example_task_group.py took 0.780 seconds
[2024-10-18T23:54:50.214+0000] {processor.py:157} INFO - Started process (PID=1495) to work on /home/airflow/.local/lib/python3.8/site-packages/airflow/example_dags/example_task_group.py
[2024-10-18T23:54:50.217+0000] {processor.py:829} INFO - Processing file /home/airflow/.local/lib/python3.8/site-packages/airflow/example_dags/example_task_group.py for tasks to queue
[2024-10-18T23:54:50.223+0000] {logging_mixin.py:151} INFO - [2024-10-18T23:54:50.222+0000] {dagbag.py:536} INFO - Filling up the DagBag from /home/airflow/.local/lib/python3.8/site-packages/airflow/example_dags/example_task_group.py
[2024-10-18T23:54:50.241+0000] {processor.py:839} INFO - DAG(s) dict_keys(['example_task_group']) retrieved from /home/airflow/.local/lib/python3.8/site-packages/airflow/example_dags/example_task_group.py
[2024-10-18T23:54:50.310+0000] {logging_mixin.py:151} INFO - [2024-10-18T23:54:50.310+0000] {dag.py:2941} INFO - Sync 1 DAGs
[2024-10-18T23:54:50.371+0000] {logging_mixin.py:151} INFO - [2024-10-18T23:54:50.371+0000] {dag.py:3722} INFO - Setting next_dagrun for example_task_group to 2024-10-17T23:54:50.370542+00:00, run_after=2024-10-18T23:54:50.370542+00:00
[2024-10-18T23:54:50.418+0000] {processor.py:179} INFO - Processing /home/airflow/.local/lib/python3.8/site-packages/airflow/example_dags/example_task_group.py took 0.213 seconds
[2024-10-18T23:55:22.597+0000] {processor.py:157} INFO - Started process (PID=1547) to work on /home/airflow/.local/lib/python3.8/site-packages/airflow/example_dags/example_task_group.py
[2024-10-18T23:55:22.610+0000] {processor.py:829} INFO - Processing file /home/airflow/.local/lib/python3.8/site-packages/airflow/example_dags/example_task_group.py for tasks to queue
[2024-10-18T23:55:22.617+0000] {logging_mixin.py:151} INFO - [2024-10-18T23:55:22.616+0000] {dagbag.py:536} INFO - Filling up the DagBag from /home/airflow/.local/lib/python3.8/site-packages/airflow/example_dags/example_task_group.py
[2024-10-18T23:55:22.659+0000] {processor.py:839} INFO - DAG(s) dict_keys(['example_task_group']) retrieved from /home/airflow/.local/lib/python3.8/site-packages/airflow/example_dags/example_task_group.py
[2024-10-18T23:55:22.990+0000] {logging_mixin.py:151} INFO - [2024-10-18T23:55:22.990+0000] {dag.py:2941} INFO - Sync 1 DAGs
[2024-10-18T23:55:23.082+0000] {logging_mixin.py:151} INFO - [2024-10-18T23:55:23.081+0000] {dag.py:3722} INFO - Setting next_dagrun for example_task_group to 2024-10-17T23:55:23.081208+00:00, run_after=2024-10-18T23:55:23.081208+00:00
[2024-10-18T23:55:23.179+0000] {processor.py:179} INFO - Processing /home/airflow/.local/lib/python3.8/site-packages/airflow/example_dags/example_task_group.py took 0.590 seconds
[2024-10-18T23:56:00.393+0000] {processor.py:157} INFO - Started process (PID=1607) to work on /home/airflow/.local/lib/python3.8/site-packages/airflow/example_dags/example_task_group.py
[2024-10-18T23:56:00.396+0000] {processor.py:829} INFO - Processing file /home/airflow/.local/lib/python3.8/site-packages/airflow/example_dags/example_task_group.py for tasks to queue
[2024-10-18T23:56:00.403+0000] {logging_mixin.py:151} INFO - [2024-10-18T23:56:00.402+0000] {dagbag.py:536} INFO - Filling up the DagBag from /home/airflow/.local/lib/python3.8/site-packages/airflow/example_dags/example_task_group.py
[2024-10-18T23:56:00.430+0000] {processor.py:839} INFO - DAG(s) dict_keys(['example_task_group']) retrieved from /home/airflow/.local/lib/python3.8/site-packages/airflow/example_dags/example_task_group.py
[2024-10-18T23:56:00.581+0000] {logging_mixin.py:151} INFO - [2024-10-18T23:56:00.580+0000] {dag.py:2941} INFO - Sync 1 DAGs
[2024-10-18T23:56:00.651+0000] {logging_mixin.py:151} INFO - [2024-10-18T23:56:00.650+0000] {dag.py:3722} INFO - Setting next_dagrun for example_task_group to 2024-10-17T23:56:00.650214+00:00, run_after=2024-10-18T23:56:00.650214+00:00
[2024-10-18T23:56:00.699+0000] {processor.py:179} INFO - Processing /home/airflow/.local/lib/python3.8/site-packages/airflow/example_dags/example_task_group.py took 0.314 seconds
[2024-10-18T23:56:33.262+0000] {processor.py:157} INFO - Started process (PID=1661) to work on /home/airflow/.local/lib/python3.8/site-packages/airflow/example_dags/example_task_group.py
[2024-10-18T23:56:33.266+0000] {processor.py:829} INFO - Processing file /home/airflow/.local/lib/python3.8/site-packages/airflow/example_dags/example_task_group.py for tasks to queue
[2024-10-18T23:56:33.273+0000] {logging_mixin.py:151} INFO - [2024-10-18T23:56:33.272+0000] {dagbag.py:536} INFO - Filling up the DagBag from /home/airflow/.local/lib/python3.8/site-packages/airflow/example_dags/example_task_group.py
[2024-10-18T23:56:33.367+0000] {processor.py:839} INFO - DAG(s) dict_keys(['example_task_group']) retrieved from /home/airflow/.local/lib/python3.8/site-packages/airflow/example_dags/example_task_group.py
[2024-10-18T23:56:33.633+0000] {logging_mixin.py:151} INFO - [2024-10-18T23:56:33.626+0000] {dag.py:2941} INFO - Sync 1 DAGs
[2024-10-18T23:56:34.050+0000] {logging_mixin.py:151} INFO - [2024-10-18T23:56:34.049+0000] {dag.py:3722} INFO - Setting next_dagrun for example_task_group to 2024-10-17T23:56:34.041650+00:00, run_after=2024-10-18T23:56:34.041650+00:00
[2024-10-18T23:56:34.225+0000] {processor.py:179} INFO - Processing /home/airflow/.local/lib/python3.8/site-packages/airflow/example_dags/example_task_group.py took 0.972 seconds
[2024-10-18T23:57:18.125+0000] {processor.py:157} INFO - Started process (PID=1723) to work on /home/airflow/.local/lib/python3.8/site-packages/airflow/example_dags/example_task_group.py
[2024-10-18T23:57:18.131+0000] {processor.py:829} INFO - Processing file /home/airflow/.local/lib/python3.8/site-packages/airflow/example_dags/example_task_group.py for tasks to queue
[2024-10-18T23:57:18.145+0000] {logging_mixin.py:151} INFO - [2024-10-18T23:57:18.138+0000] {dagbag.py:536} INFO - Filling up the DagBag from /home/airflow/.local/lib/python3.8/site-packages/airflow/example_dags/example_task_group.py
[2024-10-18T23:57:18.199+0000] {processor.py:839} INFO - DAG(s) dict_keys(['example_task_group']) retrieved from /home/airflow/.local/lib/python3.8/site-packages/airflow/example_dags/example_task_group.py
[2024-10-18T23:57:18.366+0000] {logging_mixin.py:151} INFO - [2024-10-18T23:57:18.366+0000] {dag.py:2941} INFO - Sync 1 DAGs
[2024-10-18T23:57:18.493+0000] {logging_mixin.py:151} INFO - [2024-10-18T23:57:18.492+0000] {dag.py:3722} INFO - Setting next_dagrun for example_task_group to 2024-10-17T23:57:18.490010+00:00, run_after=2024-10-18T23:57:18.490010+00:00
[2024-10-18T23:57:18.753+0000] {processor.py:179} INFO - Processing /home/airflow/.local/lib/python3.8/site-packages/airflow/example_dags/example_task_group.py took 0.644 seconds
[2024-10-18T23:57:49.453+0000] {processor.py:157} INFO - Started process (PID=1777) to work on /home/airflow/.local/lib/python3.8/site-packages/airflow/example_dags/example_task_group.py
[2024-10-18T23:57:49.457+0000] {processor.py:829} INFO - Processing file /home/airflow/.local/lib/python3.8/site-packages/airflow/example_dags/example_task_group.py for tasks to queue
[2024-10-18T23:57:49.467+0000] {logging_mixin.py:151} INFO - [2024-10-18T23:57:49.466+0000] {dagbag.py:536} INFO - Filling up the DagBag from /home/airflow/.local/lib/python3.8/site-packages/airflow/example_dags/example_task_group.py
[2024-10-18T23:57:49.484+0000] {processor.py:839} INFO - DAG(s) dict_keys(['example_task_group']) retrieved from /home/airflow/.local/lib/python3.8/site-packages/airflow/example_dags/example_task_group.py
[2024-10-18T23:57:49.563+0000] {logging_mixin.py:151} INFO - [2024-10-18T23:57:49.563+0000] {dag.py:2941} INFO - Sync 1 DAGs
[2024-10-18T23:57:49.625+0000] {logging_mixin.py:151} INFO - [2024-10-18T23:57:49.625+0000] {dag.py:3722} INFO - Setting next_dagrun for example_task_group to 2024-10-17T23:57:49.624712+00:00, run_after=2024-10-18T23:57:49.624712+00:00
[2024-10-18T23:57:49.663+0000] {processor.py:179} INFO - Processing /home/airflow/.local/lib/python3.8/site-packages/airflow/example_dags/example_task_group.py took 0.216 seconds
[2024-10-18T23:58:20.675+0000] {processor.py:157} INFO - Started process (PID=1832) to work on /home/airflow/.local/lib/python3.8/site-packages/airflow/example_dags/example_task_group.py
[2024-10-18T23:58:20.678+0000] {processor.py:829} INFO - Processing file /home/airflow/.local/lib/python3.8/site-packages/airflow/example_dags/example_task_group.py for tasks to queue
[2024-10-18T23:58:20.685+0000] {logging_mixin.py:151} INFO - [2024-10-18T23:58:20.684+0000] {dagbag.py:536} INFO - Filling up the DagBag from /home/airflow/.local/lib/python3.8/site-packages/airflow/example_dags/example_task_group.py
[2024-10-18T23:58:20.710+0000] {processor.py:839} INFO - DAG(s) dict_keys(['example_task_group']) retrieved from /home/airflow/.local/lib/python3.8/site-packages/airflow/example_dags/example_task_group.py
[2024-10-18T23:58:20.759+0000] {logging_mixin.py:151} INFO - [2024-10-18T23:58:20.759+0000] {dag.py:2941} INFO - Sync 1 DAGs
[2024-10-18T23:58:20.805+0000] {logging_mixin.py:151} INFO - [2024-10-18T23:58:20.805+0000] {dag.py:3722} INFO - Setting next_dagrun for example_task_group to 2024-10-17T23:58:20.804630+00:00, run_after=2024-10-18T23:58:20.804630+00:00
[2024-10-18T23:58:20.853+0000] {processor.py:179} INFO - Processing /home/airflow/.local/lib/python3.8/site-packages/airflow/example_dags/example_task_group.py took 0.186 seconds
[2024-10-18T23:58:53.841+0000] {processor.py:157} INFO - Started process (PID=1886) to work on /home/airflow/.local/lib/python3.8/site-packages/airflow/example_dags/example_task_group.py
[2024-10-18T23:58:53.849+0000] {processor.py:829} INFO - Processing file /home/airflow/.local/lib/python3.8/site-packages/airflow/example_dags/example_task_group.py for tasks to queue
[2024-10-18T23:58:53.854+0000] {logging_mixin.py:151} INFO - [2024-10-18T23:58:53.853+0000] {dagbag.py:536} INFO - Filling up the DagBag from /home/airflow/.local/lib/python3.8/site-packages/airflow/example_dags/example_task_group.py
[2024-10-18T23:58:53.886+0000] {processor.py:839} INFO - DAG(s) dict_keys(['example_task_group']) retrieved from /home/airflow/.local/lib/python3.8/site-packages/airflow/example_dags/example_task_group.py
[2024-10-18T23:58:54.388+0000] {logging_mixin.py:151} INFO - [2024-10-18T23:58:54.388+0000] {dag.py:2941} INFO - Sync 1 DAGs
[2024-10-18T23:58:54.586+0000] {logging_mixin.py:151} INFO - [2024-10-18T23:58:54.585+0000] {dag.py:3722} INFO - Setting next_dagrun for example_task_group to 2024-10-17T23:58:54.580686+00:00, run_after=2024-10-18T23:58:54.580686+00:00
[2024-10-18T23:58:54.723+0000] {processor.py:179} INFO - Processing /home/airflow/.local/lib/python3.8/site-packages/airflow/example_dags/example_task_group.py took 0.890 seconds
[2024-10-18T23:59:25.548+0000] {processor.py:157} INFO - Started process (PID=1939) to work on /home/airflow/.local/lib/python3.8/site-packages/airflow/example_dags/example_task_group.py
[2024-10-18T23:59:25.552+0000] {processor.py:829} INFO - Processing file /home/airflow/.local/lib/python3.8/site-packages/airflow/example_dags/example_task_group.py for tasks to queue
[2024-10-18T23:59:25.557+0000] {logging_mixin.py:151} INFO - [2024-10-18T23:59:25.557+0000] {dagbag.py:536} INFO - Filling up the DagBag from /home/airflow/.local/lib/python3.8/site-packages/airflow/example_dags/example_task_group.py
[2024-10-18T23:59:25.572+0000] {processor.py:839} INFO - DAG(s) dict_keys(['example_task_group']) retrieved from /home/airflow/.local/lib/python3.8/site-packages/airflow/example_dags/example_task_group.py
[2024-10-18T23:59:25.626+0000] {logging_mixin.py:151} INFO - [2024-10-18T23:59:25.625+0000] {dag.py:2941} INFO - Sync 1 DAGs
[2024-10-18T23:59:25.682+0000] {logging_mixin.py:151} INFO - [2024-10-18T23:59:25.682+0000] {dag.py:3722} INFO - Setting next_dagrun for example_task_group to 2024-10-17T23:59:25.682042+00:00, run_after=2024-10-18T23:59:25.682042+00:00
[2024-10-18T23:59:25.734+0000] {processor.py:179} INFO - Processing /home/airflow/.local/lib/python3.8/site-packages/airflow/example_dags/example_task_group.py took 0.194 seconds
[2024-10-18T23:59:56.873+0000] {processor.py:157} INFO - Started process (PID=1996) to work on /home/airflow/.local/lib/python3.8/site-packages/airflow/example_dags/example_task_group.py
[2024-10-18T23:59:56.877+0000] {processor.py:829} INFO - Processing file /home/airflow/.local/lib/python3.8/site-packages/airflow/example_dags/example_task_group.py for tasks to queue
[2024-10-18T23:59:56.896+0000] {logging_mixin.py:151} INFO - [2024-10-18T23:59:56.895+0000] {dagbag.py:536} INFO - Filling up the DagBag from /home/airflow/.local/lib/python3.8/site-packages/airflow/example_dags/example_task_group.py
[2024-10-18T23:59:56.928+0000] {processor.py:839} INFO - DAG(s) dict_keys(['example_task_group']) retrieved from /home/airflow/.local/lib/python3.8/site-packages/airflow/example_dags/example_task_group.py
[2024-10-18T23:59:56.992+0000] {logging_mixin.py:151} INFO - [2024-10-18T23:59:56.990+0000] {dag.py:2941} INFO - Sync 1 DAGs
[2024-10-18T23:59:57.101+0000] {logging_mixin.py:151} INFO - [2024-10-18T23:59:57.099+0000] {dag.py:3722} INFO - Setting next_dagrun for example_task_group to 2024-10-17T23:59:57.098126+00:00, run_after=2024-10-18T23:59:57.098126+00:00
[2024-10-18T23:59:57.162+0000] {processor.py:179} INFO - Processing /home/airflow/.local/lib/python3.8/site-packages/airflow/example_dags/example_task_group.py took 0.302 seconds
