[2024-10-18T23:31:37.163+0000] {processor.py:157} INFO - Started process (PID=74) to work on /home/airflow/.local/lib/python3.8/site-packages/airflow/example_dags/example_branch_labels.py
[2024-10-18T23:31:37.196+0000] {processor.py:829} INFO - Processing file /home/airflow/.local/lib/python3.8/site-packages/airflow/example_dags/example_branch_labels.py for tasks to queue
[2024-10-18T23:31:37.211+0000] {logging_mixin.py:151} INFO - [2024-10-18T23:31:37.211+0000] {dagbag.py:536} INFO - Filling up the DagBag from /home/airflow/.local/lib/python3.8/site-packages/airflow/example_dags/example_branch_labels.py
[2024-10-18T23:31:37.375+0000] {processor.py:839} INFO - DAG(s) dict_keys(['example_branch_labels']) retrieved from /home/airflow/.local/lib/python3.8/site-packages/airflow/example_dags/example_branch_labels.py
[2024-10-18T23:31:38.420+0000] {logging_mixin.py:151} INFO - [2024-10-18T23:31:38.419+0000] {dag.py:2941} INFO - Sync 1 DAGs
[2024-10-18T23:31:38.740+0000] {logging_mixin.py:151} INFO - [2024-10-18T23:31:38.740+0000] {dag.py:3722} INFO - Setting next_dagrun for example_branch_labels to 2024-10-17T00:00:00+00:00, run_after=2024-10-18T00:00:00+00:00
[2024-10-18T23:31:38.859+0000] {processor.py:179} INFO - Processing /home/airflow/.local/lib/python3.8/site-packages/airflow/example_dags/example_branch_labels.py took 1.723 seconds
[2024-10-18T23:32:10.867+0000] {processor.py:157} INFO - Started process (PID=134) to work on /home/airflow/.local/lib/python3.8/site-packages/airflow/example_dags/example_branch_labels.py
[2024-10-18T23:32:10.870+0000] {processor.py:829} INFO - Processing file /home/airflow/.local/lib/python3.8/site-packages/airflow/example_dags/example_branch_labels.py for tasks to queue
[2024-10-18T23:32:10.874+0000] {logging_mixin.py:151} INFO - [2024-10-18T23:32:10.873+0000] {dagbag.py:536} INFO - Filling up the DagBag from /home/airflow/.local/lib/python3.8/site-packages/airflow/example_dags/example_branch_labels.py
[2024-10-18T23:32:10.932+0000] {processor.py:839} INFO - DAG(s) dict_keys(['example_branch_labels']) retrieved from /home/airflow/.local/lib/python3.8/site-packages/airflow/example_dags/example_branch_labels.py
[2024-10-18T23:32:10.991+0000] {logging_mixin.py:151} INFO - [2024-10-18T23:32:10.990+0000] {dag.py:2941} INFO - Sync 1 DAGs
[2024-10-18T23:32:11.067+0000] {logging_mixin.py:151} INFO - [2024-10-18T23:32:11.066+0000] {dag.py:3722} INFO - Setting next_dagrun for example_branch_labels to 2024-10-17T00:00:00+00:00, run_after=2024-10-18T00:00:00+00:00
[2024-10-18T23:32:11.282+0000] {processor.py:179} INFO - Processing /home/airflow/.local/lib/python3.8/site-packages/airflow/example_dags/example_branch_labels.py took 0.422 seconds
[2024-10-18T23:32:42.083+0000] {processor.py:157} INFO - Started process (PID=180) to work on /home/airflow/.local/lib/python3.8/site-packages/airflow/example_dags/example_branch_labels.py
[2024-10-18T23:32:42.084+0000] {processor.py:829} INFO - Processing file /home/airflow/.local/lib/python3.8/site-packages/airflow/example_dags/example_branch_labels.py for tasks to queue
[2024-10-18T23:32:42.088+0000] {logging_mixin.py:151} INFO - [2024-10-18T23:32:42.087+0000] {dagbag.py:536} INFO - Filling up the DagBag from /home/airflow/.local/lib/python3.8/site-packages/airflow/example_dags/example_branch_labels.py
[2024-10-18T23:32:42.111+0000] {processor.py:839} INFO - DAG(s) dict_keys(['example_branch_labels']) retrieved from /home/airflow/.local/lib/python3.8/site-packages/airflow/example_dags/example_branch_labels.py
[2024-10-18T23:32:42.153+0000] {logging_mixin.py:151} INFO - [2024-10-18T23:32:42.153+0000] {dag.py:2941} INFO - Sync 1 DAGs
[2024-10-18T23:32:42.188+0000] {logging_mixin.py:151} INFO - [2024-10-18T23:32:42.188+0000] {dag.py:3722} INFO - Setting next_dagrun for example_branch_labels to 2024-10-17T00:00:00+00:00, run_after=2024-10-18T00:00:00+00:00
[2024-10-18T23:32:42.225+0000] {processor.py:179} INFO - Processing /home/airflow/.local/lib/python3.8/site-packages/airflow/example_dags/example_branch_labels.py took 0.148 seconds
[2024-10-18T23:33:12.517+0000] {processor.py:157} INFO - Started process (PID=234) to work on /home/airflow/.local/lib/python3.8/site-packages/airflow/example_dags/example_branch_labels.py
[2024-10-18T23:33:12.520+0000] {processor.py:829} INFO - Processing file /home/airflow/.local/lib/python3.8/site-packages/airflow/example_dags/example_branch_labels.py for tasks to queue
[2024-10-18T23:33:12.531+0000] {logging_mixin.py:151} INFO - [2024-10-18T23:33:12.530+0000] {dagbag.py:536} INFO - Filling up the DagBag from /home/airflow/.local/lib/python3.8/site-packages/airflow/example_dags/example_branch_labels.py
[2024-10-18T23:33:12.603+0000] {processor.py:839} INFO - DAG(s) dict_keys(['example_branch_labels']) retrieved from /home/airflow/.local/lib/python3.8/site-packages/airflow/example_dags/example_branch_labels.py
[2024-10-18T23:33:12.691+0000] {logging_mixin.py:151} INFO - [2024-10-18T23:33:12.691+0000] {dag.py:2941} INFO - Sync 1 DAGs
[2024-10-18T23:33:12.757+0000] {logging_mixin.py:151} INFO - [2024-10-18T23:33:12.756+0000] {dag.py:3722} INFO - Setting next_dagrun for example_branch_labels to 2024-10-17T00:00:00+00:00, run_after=2024-10-18T00:00:00+00:00
[2024-10-18T23:33:12.793+0000] {processor.py:179} INFO - Processing /home/airflow/.local/lib/python3.8/site-packages/airflow/example_dags/example_branch_labels.py took 0.288 seconds
[2024-10-18T23:33:43.693+0000] {processor.py:157} INFO - Started process (PID=288) to work on /home/airflow/.local/lib/python3.8/site-packages/airflow/example_dags/example_branch_labels.py
[2024-10-18T23:33:43.695+0000] {processor.py:829} INFO - Processing file /home/airflow/.local/lib/python3.8/site-packages/airflow/example_dags/example_branch_labels.py for tasks to queue
[2024-10-18T23:33:43.701+0000] {logging_mixin.py:151} INFO - [2024-10-18T23:33:43.701+0000] {dagbag.py:536} INFO - Filling up the DagBag from /home/airflow/.local/lib/python3.8/site-packages/airflow/example_dags/example_branch_labels.py
[2024-10-18T23:33:43.722+0000] {processor.py:839} INFO - DAG(s) dict_keys(['example_branch_labels']) retrieved from /home/airflow/.local/lib/python3.8/site-packages/airflow/example_dags/example_branch_labels.py
[2024-10-18T23:33:43.776+0000] {logging_mixin.py:151} INFO - [2024-10-18T23:33:43.775+0000] {dag.py:2941} INFO - Sync 1 DAGs
[2024-10-18T23:33:43.849+0000] {logging_mixin.py:151} INFO - [2024-10-18T23:33:43.849+0000] {dag.py:3722} INFO - Setting next_dagrun for example_branch_labels to 2024-10-17T00:00:00+00:00, run_after=2024-10-18T00:00:00+00:00
[2024-10-18T23:33:43.892+0000] {processor.py:179} INFO - Processing /home/airflow/.local/lib/python3.8/site-packages/airflow/example_dags/example_branch_labels.py took 0.208 seconds
[2024-10-18T23:34:14.103+0000] {processor.py:157} INFO - Started process (PID=342) to work on /home/airflow/.local/lib/python3.8/site-packages/airflow/example_dags/example_branch_labels.py
[2024-10-18T23:34:14.105+0000] {processor.py:829} INFO - Processing file /home/airflow/.local/lib/python3.8/site-packages/airflow/example_dags/example_branch_labels.py for tasks to queue
[2024-10-18T23:34:14.111+0000] {logging_mixin.py:151} INFO - [2024-10-18T23:34:14.110+0000] {dagbag.py:536} INFO - Filling up the DagBag from /home/airflow/.local/lib/python3.8/site-packages/airflow/example_dags/example_branch_labels.py
[2024-10-18T23:34:14.129+0000] {processor.py:839} INFO - DAG(s) dict_keys(['example_branch_labels']) retrieved from /home/airflow/.local/lib/python3.8/site-packages/airflow/example_dags/example_branch_labels.py
[2024-10-18T23:34:14.187+0000] {logging_mixin.py:151} INFO - [2024-10-18T23:34:14.186+0000] {dag.py:2941} INFO - Sync 1 DAGs
[2024-10-18T23:34:14.239+0000] {logging_mixin.py:151} INFO - [2024-10-18T23:34:14.239+0000] {dag.py:3722} INFO - Setting next_dagrun for example_branch_labels to 2024-10-17T00:00:00+00:00, run_after=2024-10-18T00:00:00+00:00
[2024-10-18T23:34:14.282+0000] {processor.py:179} INFO - Processing /home/airflow/.local/lib/python3.8/site-packages/airflow/example_dags/example_branch_labels.py took 0.188 seconds
[2024-10-18T23:34:44.824+0000] {processor.py:157} INFO - Started process (PID=396) to work on /home/airflow/.local/lib/python3.8/site-packages/airflow/example_dags/example_branch_labels.py
[2024-10-18T23:34:44.828+0000] {processor.py:829} INFO - Processing file /home/airflow/.local/lib/python3.8/site-packages/airflow/example_dags/example_branch_labels.py for tasks to queue
[2024-10-18T23:34:44.839+0000] {logging_mixin.py:151} INFO - [2024-10-18T23:34:44.838+0000] {dagbag.py:536} INFO - Filling up the DagBag from /home/airflow/.local/lib/python3.8/site-packages/airflow/example_dags/example_branch_labels.py
[2024-10-18T23:34:44.876+0000] {processor.py:839} INFO - DAG(s) dict_keys(['example_branch_labels']) retrieved from /home/airflow/.local/lib/python3.8/site-packages/airflow/example_dags/example_branch_labels.py
[2024-10-18T23:34:44.977+0000] {logging_mixin.py:151} INFO - [2024-10-18T23:34:44.976+0000] {dag.py:2941} INFO - Sync 1 DAGs
[2024-10-18T23:34:45.088+0000] {logging_mixin.py:151} INFO - [2024-10-18T23:34:45.088+0000] {dag.py:3722} INFO - Setting next_dagrun for example_branch_labels to 2024-10-17T00:00:00+00:00, run_after=2024-10-18T00:00:00+00:00
[2024-10-18T23:34:45.143+0000] {processor.py:179} INFO - Processing /home/airflow/.local/lib/python3.8/site-packages/airflow/example_dags/example_branch_labels.py took 0.332 seconds
[2024-10-18T23:35:15.822+0000] {processor.py:157} INFO - Started process (PID=450) to work on /home/airflow/.local/lib/python3.8/site-packages/airflow/example_dags/example_branch_labels.py
[2024-10-18T23:35:15.824+0000] {processor.py:829} INFO - Processing file /home/airflow/.local/lib/python3.8/site-packages/airflow/example_dags/example_branch_labels.py for tasks to queue
[2024-10-18T23:35:15.830+0000] {logging_mixin.py:151} INFO - [2024-10-18T23:35:15.829+0000] {dagbag.py:536} INFO - Filling up the DagBag from /home/airflow/.local/lib/python3.8/site-packages/airflow/example_dags/example_branch_labels.py
[2024-10-18T23:35:15.848+0000] {processor.py:839} INFO - DAG(s) dict_keys(['example_branch_labels']) retrieved from /home/airflow/.local/lib/python3.8/site-packages/airflow/example_dags/example_branch_labels.py
[2024-10-18T23:35:15.937+0000] {logging_mixin.py:151} INFO - [2024-10-18T23:35:15.937+0000] {dag.py:2941} INFO - Sync 1 DAGs
[2024-10-18T23:35:16.089+0000] {logging_mixin.py:151} INFO - [2024-10-18T23:35:16.088+0000] {dag.py:3722} INFO - Setting next_dagrun for example_branch_labels to 2024-10-17T00:00:00+00:00, run_after=2024-10-18T00:00:00+00:00
[2024-10-18T23:35:16.276+0000] {processor.py:179} INFO - Processing /home/airflow/.local/lib/python3.8/site-packages/airflow/example_dags/example_branch_labels.py took 0.462 seconds
[2024-10-18T23:35:46.620+0000] {processor.py:157} INFO - Started process (PID=510) to work on /home/airflow/.local/lib/python3.8/site-packages/airflow/example_dags/example_branch_labels.py
[2024-10-18T23:35:46.623+0000] {processor.py:829} INFO - Processing file /home/airflow/.local/lib/python3.8/site-packages/airflow/example_dags/example_branch_labels.py for tasks to queue
[2024-10-18T23:35:46.633+0000] {logging_mixin.py:151} INFO - [2024-10-18T23:35:46.631+0000] {dagbag.py:536} INFO - Filling up the DagBag from /home/airflow/.local/lib/python3.8/site-packages/airflow/example_dags/example_branch_labels.py
[2024-10-18T23:35:46.663+0000] {processor.py:839} INFO - DAG(s) dict_keys(['example_branch_labels']) retrieved from /home/airflow/.local/lib/python3.8/site-packages/airflow/example_dags/example_branch_labels.py
[2024-10-18T23:35:46.719+0000] {logging_mixin.py:151} INFO - [2024-10-18T23:35:46.719+0000] {dag.py:2941} INFO - Sync 1 DAGs
[2024-10-18T23:35:46.766+0000] {logging_mixin.py:151} INFO - [2024-10-18T23:35:46.766+0000] {dag.py:3722} INFO - Setting next_dagrun for example_branch_labels to 2024-10-17T00:00:00+00:00, run_after=2024-10-18T00:00:00+00:00
[2024-10-18T23:35:46.804+0000] {processor.py:179} INFO - Processing /home/airflow/.local/lib/python3.8/site-packages/airflow/example_dags/example_branch_labels.py took 0.264 seconds
[2024-10-18T23:36:17.414+0000] {processor.py:157} INFO - Started process (PID=563) to work on /home/airflow/.local/lib/python3.8/site-packages/airflow/example_dags/example_branch_labels.py
[2024-10-18T23:36:17.415+0000] {processor.py:829} INFO - Processing file /home/airflow/.local/lib/python3.8/site-packages/airflow/example_dags/example_branch_labels.py for tasks to queue
[2024-10-18T23:36:17.419+0000] {logging_mixin.py:151} INFO - [2024-10-18T23:36:17.419+0000] {dagbag.py:536} INFO - Filling up the DagBag from /home/airflow/.local/lib/python3.8/site-packages/airflow/example_dags/example_branch_labels.py
[2024-10-18T23:36:17.432+0000] {processor.py:839} INFO - DAG(s) dict_keys(['example_branch_labels']) retrieved from /home/airflow/.local/lib/python3.8/site-packages/airflow/example_dags/example_branch_labels.py
[2024-10-18T23:36:17.470+0000] {logging_mixin.py:151} INFO - [2024-10-18T23:36:17.469+0000] {dag.py:2941} INFO - Sync 1 DAGs
[2024-10-18T23:36:17.507+0000] {logging_mixin.py:151} INFO - [2024-10-18T23:36:17.506+0000] {dag.py:3722} INFO - Setting next_dagrun for example_branch_labels to 2024-10-17T00:00:00+00:00, run_after=2024-10-18T00:00:00+00:00
[2024-10-18T23:36:17.535+0000] {processor.py:179} INFO - Processing /home/airflow/.local/lib/python3.8/site-packages/airflow/example_dags/example_branch_labels.py took 0.126 seconds
[2024-10-18T23:38:48.569+0000] {processor.py:157} INFO - Started process (PID=81) to work on /home/airflow/.local/lib/python3.8/site-packages/airflow/example_dags/example_branch_labels.py
[2024-10-18T23:38:48.575+0000] {processor.py:829} INFO - Processing file /home/airflow/.local/lib/python3.8/site-packages/airflow/example_dags/example_branch_labels.py for tasks to queue
[2024-10-18T23:38:48.592+0000] {logging_mixin.py:151} INFO - [2024-10-18T23:38:48.592+0000] {dagbag.py:536} INFO - Filling up the DagBag from /home/airflow/.local/lib/python3.8/site-packages/airflow/example_dags/example_branch_labels.py
[2024-10-18T23:38:48.957+0000] {processor.py:839} INFO - DAG(s) dict_keys(['example_branch_labels']) retrieved from /home/airflow/.local/lib/python3.8/site-packages/airflow/example_dags/example_branch_labels.py
[2024-10-18T23:38:49.078+0000] {logging_mixin.py:151} INFO - [2024-10-18T23:38:49.078+0000] {dag.py:2941} INFO - Sync 1 DAGs
[2024-10-18T23:38:49.165+0000] {logging_mixin.py:151} INFO - [2024-10-18T23:38:49.165+0000] {dag.py:3722} INFO - Setting next_dagrun for example_branch_labels to 2024-10-17T00:00:00+00:00, run_after=2024-10-18T00:00:00+00:00
[2024-10-18T23:38:49.235+0000] {processor.py:179} INFO - Processing /home/airflow/.local/lib/python3.8/site-packages/airflow/example_dags/example_branch_labels.py took 0.720 seconds
[2024-10-18T23:39:20.192+0000] {processor.py:157} INFO - Started process (PID=135) to work on /home/airflow/.local/lib/python3.8/site-packages/airflow/example_dags/example_branch_labels.py
[2024-10-18T23:39:20.195+0000] {processor.py:829} INFO - Processing file /home/airflow/.local/lib/python3.8/site-packages/airflow/example_dags/example_branch_labels.py for tasks to queue
[2024-10-18T23:39:20.222+0000] {logging_mixin.py:151} INFO - [2024-10-18T23:39:20.221+0000] {dagbag.py:536} INFO - Filling up the DagBag from /home/airflow/.local/lib/python3.8/site-packages/airflow/example_dags/example_branch_labels.py
[2024-10-18T23:39:20.262+0000] {processor.py:839} INFO - DAG(s) dict_keys(['example_branch_labels']) retrieved from /home/airflow/.local/lib/python3.8/site-packages/airflow/example_dags/example_branch_labels.py
[2024-10-18T23:39:20.653+0000] {logging_mixin.py:151} INFO - [2024-10-18T23:39:20.652+0000] {dag.py:2941} INFO - Sync 1 DAGs
[2024-10-18T23:39:20.784+0000] {logging_mixin.py:151} INFO - [2024-10-18T23:39:20.784+0000] {dag.py:3722} INFO - Setting next_dagrun for example_branch_labels to 2024-10-17T00:00:00+00:00, run_after=2024-10-18T00:00:00+00:00
[2024-10-18T23:39:20.881+0000] {processor.py:179} INFO - Processing /home/airflow/.local/lib/python3.8/site-packages/airflow/example_dags/example_branch_labels.py took 0.731 seconds
[2024-10-18T23:39:51.679+0000] {processor.py:157} INFO - Started process (PID=189) to work on /home/airflow/.local/lib/python3.8/site-packages/airflow/example_dags/example_branch_labels.py
[2024-10-18T23:39:51.716+0000] {processor.py:829} INFO - Processing file /home/airflow/.local/lib/python3.8/site-packages/airflow/example_dags/example_branch_labels.py for tasks to queue
[2024-10-18T23:39:51.730+0000] {logging_mixin.py:151} INFO - [2024-10-18T23:39:51.723+0000] {dagbag.py:536} INFO - Filling up the DagBag from /home/airflow/.local/lib/python3.8/site-packages/airflow/example_dags/example_branch_labels.py
[2024-10-18T23:39:51.812+0000] {processor.py:839} INFO - DAG(s) dict_keys(['example_branch_labels']) retrieved from /home/airflow/.local/lib/python3.8/site-packages/airflow/example_dags/example_branch_labels.py
[2024-10-18T23:39:52.054+0000] {logging_mixin.py:151} INFO - [2024-10-18T23:39:52.054+0000] {dag.py:2941} INFO - Sync 1 DAGs
[2024-10-18T23:39:52.120+0000] {logging_mixin.py:151} INFO - [2024-10-18T23:39:52.120+0000] {dag.py:3722} INFO - Setting next_dagrun for example_branch_labels to 2024-10-17T00:00:00+00:00, run_after=2024-10-18T00:00:00+00:00
[2024-10-18T23:39:52.168+0000] {processor.py:179} INFO - Processing /home/airflow/.local/lib/python3.8/site-packages/airflow/example_dags/example_branch_labels.py took 0.499 seconds
[2024-10-18T23:40:22.859+0000] {processor.py:157} INFO - Started process (PID=243) to work on /home/airflow/.local/lib/python3.8/site-packages/airflow/example_dags/example_branch_labels.py
[2024-10-18T23:40:22.865+0000] {processor.py:829} INFO - Processing file /home/airflow/.local/lib/python3.8/site-packages/airflow/example_dags/example_branch_labels.py for tasks to queue
[2024-10-18T23:40:22.874+0000] {logging_mixin.py:151} INFO - [2024-10-18T23:40:22.869+0000] {dagbag.py:536} INFO - Filling up the DagBag from /home/airflow/.local/lib/python3.8/site-packages/airflow/example_dags/example_branch_labels.py
[2024-10-18T23:40:22.998+0000] {processor.py:839} INFO - DAG(s) dict_keys(['example_branch_labels']) retrieved from /home/airflow/.local/lib/python3.8/site-packages/airflow/example_dags/example_branch_labels.py
[2024-10-18T23:40:23.923+0000] {logging_mixin.py:151} INFO - [2024-10-18T23:40:23.923+0000] {dag.py:2941} INFO - Sync 1 DAGs
[2024-10-18T23:40:24.043+0000] {logging_mixin.py:151} INFO - [2024-10-18T23:40:24.042+0000] {dag.py:3722} INFO - Setting next_dagrun for example_branch_labels to 2024-10-17T00:00:00+00:00, run_after=2024-10-18T00:00:00+00:00
[2024-10-18T23:40:24.224+0000] {processor.py:179} INFO - Processing /home/airflow/.local/lib/python3.8/site-packages/airflow/example_dags/example_branch_labels.py took 1.401 seconds
[2024-10-18T23:41:12.829+0000] {processor.py:157} INFO - Started process (PID=285) to work on /home/airflow/.local/lib/python3.8/site-packages/airflow/example_dags/example_branch_labels.py
[2024-10-18T23:41:12.838+0000] {processor.py:829} INFO - Processing file /home/airflow/.local/lib/python3.8/site-packages/airflow/example_dags/example_branch_labels.py for tasks to queue
[2024-10-18T23:41:12.846+0000] {logging_mixin.py:151} INFO - [2024-10-18T23:41:12.845+0000] {dagbag.py:536} INFO - Filling up the DagBag from /home/airflow/.local/lib/python3.8/site-packages/airflow/example_dags/example_branch_labels.py
[2024-10-18T23:41:12.935+0000] {processor.py:839} INFO - DAG(s) dict_keys(['example_branch_labels']) retrieved from /home/airflow/.local/lib/python3.8/site-packages/airflow/example_dags/example_branch_labels.py
[2024-10-18T23:41:13.032+0000] {logging_mixin.py:151} INFO - [2024-10-18T23:41:13.031+0000] {dag.py:2941} INFO - Sync 1 DAGs
[2024-10-18T23:41:13.100+0000] {logging_mixin.py:151} INFO - [2024-10-18T23:41:13.099+0000] {dag.py:3722} INFO - Setting next_dagrun for example_branch_labels to 2024-10-17T00:00:00+00:00, run_after=2024-10-18T00:00:00+00:00
[2024-10-18T23:41:13.161+0000] {processor.py:179} INFO - Processing /home/airflow/.local/lib/python3.8/site-packages/airflow/example_dags/example_branch_labels.py took 0.367 seconds
[2024-10-18T23:41:44.167+0000] {processor.py:157} INFO - Started process (PID=339) to work on /home/airflow/.local/lib/python3.8/site-packages/airflow/example_dags/example_branch_labels.py
[2024-10-18T23:41:44.172+0000] {processor.py:829} INFO - Processing file /home/airflow/.local/lib/python3.8/site-packages/airflow/example_dags/example_branch_labels.py for tasks to queue
[2024-10-18T23:41:44.180+0000] {logging_mixin.py:151} INFO - [2024-10-18T23:41:44.178+0000] {dagbag.py:536} INFO - Filling up the DagBag from /home/airflow/.local/lib/python3.8/site-packages/airflow/example_dags/example_branch_labels.py
[2024-10-18T23:41:44.270+0000] {processor.py:839} INFO - DAG(s) dict_keys(['example_branch_labels']) retrieved from /home/airflow/.local/lib/python3.8/site-packages/airflow/example_dags/example_branch_labels.py
[2024-10-18T23:41:44.423+0000] {logging_mixin.py:151} INFO - [2024-10-18T23:41:44.423+0000] {dag.py:2941} INFO - Sync 1 DAGs
[2024-10-18T23:41:44.539+0000] {logging_mixin.py:151} INFO - [2024-10-18T23:41:44.538+0000] {dag.py:3722} INFO - Setting next_dagrun for example_branch_labels to 2024-10-17T00:00:00+00:00, run_after=2024-10-18T00:00:00+00:00
[2024-10-18T23:41:44.666+0000] {processor.py:179} INFO - Processing /home/airflow/.local/lib/python3.8/site-packages/airflow/example_dags/example_branch_labels.py took 0.506 seconds
[2024-10-18T23:43:03.743+0000] {processor.py:157} INFO - Started process (PID=390) to work on /home/airflow/.local/lib/python3.8/site-packages/airflow/example_dags/example_branch_labels.py
[2024-10-18T23:43:03.842+0000] {processor.py:829} INFO - Processing file /home/airflow/.local/lib/python3.8/site-packages/airflow/example_dags/example_branch_labels.py for tasks to queue
[2024-10-18T23:43:03.958+0000] {logging_mixin.py:151} INFO - [2024-10-18T23:43:03.880+0000] {dagbag.py:536} INFO - Filling up the DagBag from /home/airflow/.local/lib/python3.8/site-packages/airflow/example_dags/example_branch_labels.py
[2024-10-18T23:43:05.333+0000] {processor.py:839} INFO - DAG(s) dict_keys(['example_branch_labels']) retrieved from /home/airflow/.local/lib/python3.8/site-packages/airflow/example_dags/example_branch_labels.py
[2024-10-18T23:43:06.626+0000] {logging_mixin.py:151} INFO - [2024-10-18T23:43:06.625+0000] {dag.py:2941} INFO - Sync 1 DAGs
[2024-10-18T23:43:07.647+0000] {logging_mixin.py:151} INFO - [2024-10-18T23:43:07.640+0000] {dag.py:3722} INFO - Setting next_dagrun for example_branch_labels to 2024-10-17T00:00:00+00:00, run_after=2024-10-18T00:00:00+00:00
[2024-10-18T23:43:07.928+0000] {processor.py:179} INFO - Processing /home/airflow/.local/lib/python3.8/site-packages/airflow/example_dags/example_branch_labels.py took 4.968 seconds
[2024-10-18T23:43:39.161+0000] {processor.py:157} INFO - Started process (PID=442) to work on /home/airflow/.local/lib/python3.8/site-packages/airflow/example_dags/example_branch_labels.py
[2024-10-18T23:43:39.174+0000] {processor.py:829} INFO - Processing file /home/airflow/.local/lib/python3.8/site-packages/airflow/example_dags/example_branch_labels.py for tasks to queue
[2024-10-18T23:43:39.458+0000] {logging_mixin.py:151} INFO - [2024-10-18T23:43:39.457+0000] {dagbag.py:536} INFO - Filling up the DagBag from /home/airflow/.local/lib/python3.8/site-packages/airflow/example_dags/example_branch_labels.py
[2024-10-18T23:43:39.775+0000] {processor.py:839} INFO - DAG(s) dict_keys(['example_branch_labels']) retrieved from /home/airflow/.local/lib/python3.8/site-packages/airflow/example_dags/example_branch_labels.py
[2024-10-18T23:43:40.068+0000] {logging_mixin.py:151} INFO - [2024-10-18T23:43:40.068+0000] {dag.py:2941} INFO - Sync 1 DAGs
[2024-10-18T23:43:40.429+0000] {logging_mixin.py:151} INFO - [2024-10-18T23:43:40.429+0000] {dag.py:3722} INFO - Setting next_dagrun for example_branch_labels to 2024-10-17T00:00:00+00:00, run_after=2024-10-18T00:00:00+00:00
[2024-10-18T23:43:40.610+0000] {processor.py:179} INFO - Processing /home/airflow/.local/lib/python3.8/site-packages/airflow/example_dags/example_branch_labels.py took 1.743 seconds
[2024-10-18T23:44:11.043+0000] {processor.py:157} INFO - Started process (PID=496) to work on /home/airflow/.local/lib/python3.8/site-packages/airflow/example_dags/example_branch_labels.py
[2024-10-18T23:44:11.047+0000] {processor.py:829} INFO - Processing file /home/airflow/.local/lib/python3.8/site-packages/airflow/example_dags/example_branch_labels.py for tasks to queue
[2024-10-18T23:44:11.063+0000] {logging_mixin.py:151} INFO - [2024-10-18T23:44:11.051+0000] {dagbag.py:536} INFO - Filling up the DagBag from /home/airflow/.local/lib/python3.8/site-packages/airflow/example_dags/example_branch_labels.py
[2024-10-18T23:44:11.081+0000] {processor.py:839} INFO - DAG(s) dict_keys(['example_branch_labels']) retrieved from /home/airflow/.local/lib/python3.8/site-packages/airflow/example_dags/example_branch_labels.py
[2024-10-18T23:44:11.138+0000] {logging_mixin.py:151} INFO - [2024-10-18T23:44:11.137+0000] {dag.py:2941} INFO - Sync 1 DAGs
[2024-10-18T23:44:11.191+0000] {logging_mixin.py:151} INFO - [2024-10-18T23:44:11.190+0000] {dag.py:3722} INFO - Setting next_dagrun for example_branch_labels to 2024-10-17T00:00:00+00:00, run_after=2024-10-18T00:00:00+00:00
[2024-10-18T23:44:11.240+0000] {processor.py:179} INFO - Processing /home/airflow/.local/lib/python3.8/site-packages/airflow/example_dags/example_branch_labels.py took 0.204 seconds
[2024-10-18T23:44:41.845+0000] {processor.py:157} INFO - Started process (PID=550) to work on /home/airflow/.local/lib/python3.8/site-packages/airflow/example_dags/example_branch_labels.py
[2024-10-18T23:44:41.849+0000] {processor.py:829} INFO - Processing file /home/airflow/.local/lib/python3.8/site-packages/airflow/example_dags/example_branch_labels.py for tasks to queue
[2024-10-18T23:44:41.861+0000] {logging_mixin.py:151} INFO - [2024-10-18T23:44:41.860+0000] {dagbag.py:536} INFO - Filling up the DagBag from /home/airflow/.local/lib/python3.8/site-packages/airflow/example_dags/example_branch_labels.py
[2024-10-18T23:44:41.884+0000] {processor.py:839} INFO - DAG(s) dict_keys(['example_branch_labels']) retrieved from /home/airflow/.local/lib/python3.8/site-packages/airflow/example_dags/example_branch_labels.py
[2024-10-18T23:44:41.935+0000] {logging_mixin.py:151} INFO - [2024-10-18T23:44:41.934+0000] {dag.py:2941} INFO - Sync 1 DAGs
[2024-10-18T23:44:42.004+0000] {logging_mixin.py:151} INFO - [2024-10-18T23:44:42.003+0000] {dag.py:3722} INFO - Setting next_dagrun for example_branch_labels to 2024-10-17T00:00:00+00:00, run_after=2024-10-18T00:00:00+00:00
[2024-10-18T23:44:42.045+0000] {processor.py:179} INFO - Processing /home/airflow/.local/lib/python3.8/site-packages/airflow/example_dags/example_branch_labels.py took 0.208 seconds
[2024-10-18T23:45:13.188+0000] {processor.py:157} INFO - Started process (PID=610) to work on /home/airflow/.local/lib/python3.8/site-packages/airflow/example_dags/example_branch_labels.py
[2024-10-18T23:45:13.189+0000] {processor.py:829} INFO - Processing file /home/airflow/.local/lib/python3.8/site-packages/airflow/example_dags/example_branch_labels.py for tasks to queue
[2024-10-18T23:45:13.196+0000] {logging_mixin.py:151} INFO - [2024-10-18T23:45:13.195+0000] {dagbag.py:536} INFO - Filling up the DagBag from /home/airflow/.local/lib/python3.8/site-packages/airflow/example_dags/example_branch_labels.py
[2024-10-18T23:45:13.230+0000] {processor.py:839} INFO - DAG(s) dict_keys(['example_branch_labels']) retrieved from /home/airflow/.local/lib/python3.8/site-packages/airflow/example_dags/example_branch_labels.py
[2024-10-18T23:45:13.375+0000] {logging_mixin.py:151} INFO - [2024-10-18T23:45:13.374+0000] {dag.py:2941} INFO - Sync 1 DAGs
[2024-10-18T23:45:13.444+0000] {logging_mixin.py:151} INFO - [2024-10-18T23:45:13.444+0000] {dag.py:3722} INFO - Setting next_dagrun for example_branch_labels to 2024-10-17T00:00:00+00:00, run_after=2024-10-18T00:00:00+00:00
[2024-10-18T23:45:13.509+0000] {processor.py:179} INFO - Processing /home/airflow/.local/lib/python3.8/site-packages/airflow/example_dags/example_branch_labels.py took 0.335 seconds
[2024-10-18T23:45:43.606+0000] {processor.py:157} INFO - Started process (PID=653) to work on /home/airflow/.local/lib/python3.8/site-packages/airflow/example_dags/example_branch_labels.py
[2024-10-18T23:45:43.609+0000] {processor.py:829} INFO - Processing file /home/airflow/.local/lib/python3.8/site-packages/airflow/example_dags/example_branch_labels.py for tasks to queue
[2024-10-18T23:45:43.618+0000] {logging_mixin.py:151} INFO - [2024-10-18T23:45:43.617+0000] {dagbag.py:536} INFO - Filling up the DagBag from /home/airflow/.local/lib/python3.8/site-packages/airflow/example_dags/example_branch_labels.py
[2024-10-18T23:45:43.654+0000] {processor.py:839} INFO - DAG(s) dict_keys(['example_branch_labels']) retrieved from /home/airflow/.local/lib/python3.8/site-packages/airflow/example_dags/example_branch_labels.py
[2024-10-18T23:45:43.744+0000] {logging_mixin.py:151} INFO - [2024-10-18T23:45:43.743+0000] {dag.py:2941} INFO - Sync 1 DAGs
[2024-10-18T23:45:43.855+0000] {logging_mixin.py:151} INFO - [2024-10-18T23:45:43.855+0000] {dag.py:3722} INFO - Setting next_dagrun for example_branch_labels to 2024-10-17T00:00:00+00:00, run_after=2024-10-18T00:00:00+00:00
[2024-10-18T23:45:44.003+0000] {processor.py:179} INFO - Processing /home/airflow/.local/lib/python3.8/site-packages/airflow/example_dags/example_branch_labels.py took 0.403 seconds
[2024-10-18T23:46:14.251+0000] {processor.py:157} INFO - Started process (PID=705) to work on /home/airflow/.local/lib/python3.8/site-packages/airflow/example_dags/example_branch_labels.py
[2024-10-18T23:46:14.253+0000] {processor.py:829} INFO - Processing file /home/airflow/.local/lib/python3.8/site-packages/airflow/example_dags/example_branch_labels.py for tasks to queue
[2024-10-18T23:46:14.261+0000] {logging_mixin.py:151} INFO - [2024-10-18T23:46:14.260+0000] {dagbag.py:536} INFO - Filling up the DagBag from /home/airflow/.local/lib/python3.8/site-packages/airflow/example_dags/example_branch_labels.py
[2024-10-18T23:46:14.287+0000] {processor.py:839} INFO - DAG(s) dict_keys(['example_branch_labels']) retrieved from /home/airflow/.local/lib/python3.8/site-packages/airflow/example_dags/example_branch_labels.py
[2024-10-18T23:46:14.426+0000] {logging_mixin.py:151} INFO - [2024-10-18T23:46:14.423+0000] {dag.py:2941} INFO - Sync 1 DAGs
[2024-10-18T23:46:14.534+0000] {logging_mixin.py:151} INFO - [2024-10-18T23:46:14.534+0000] {dag.py:3722} INFO - Setting next_dagrun for example_branch_labels to 2024-10-17T00:00:00+00:00, run_after=2024-10-18T00:00:00+00:00
[2024-10-18T23:46:14.598+0000] {processor.py:179} INFO - Processing /home/airflow/.local/lib/python3.8/site-packages/airflow/example_dags/example_branch_labels.py took 0.353 seconds
[2024-10-18T23:46:45.463+0000] {processor.py:157} INFO - Started process (PID=765) to work on /home/airflow/.local/lib/python3.8/site-packages/airflow/example_dags/example_branch_labels.py
[2024-10-18T23:46:45.465+0000] {processor.py:829} INFO - Processing file /home/airflow/.local/lib/python3.8/site-packages/airflow/example_dags/example_branch_labels.py for tasks to queue
[2024-10-18T23:46:45.472+0000] {logging_mixin.py:151} INFO - [2024-10-18T23:46:45.471+0000] {dagbag.py:536} INFO - Filling up the DagBag from /home/airflow/.local/lib/python3.8/site-packages/airflow/example_dags/example_branch_labels.py
[2024-10-18T23:46:45.490+0000] {processor.py:839} INFO - DAG(s) dict_keys(['example_branch_labels']) retrieved from /home/airflow/.local/lib/python3.8/site-packages/airflow/example_dags/example_branch_labels.py
[2024-10-18T23:46:45.546+0000] {logging_mixin.py:151} INFO - [2024-10-18T23:46:45.545+0000] {dag.py:2941} INFO - Sync 1 DAGs
[2024-10-18T23:46:45.625+0000] {logging_mixin.py:151} INFO - [2024-10-18T23:46:45.621+0000] {dag.py:3722} INFO - Setting next_dagrun for example_branch_labels to 2024-10-17T00:00:00+00:00, run_after=2024-10-18T00:00:00+00:00
[2024-10-18T23:46:45.681+0000] {processor.py:179} INFO - Processing /home/airflow/.local/lib/python3.8/site-packages/airflow/example_dags/example_branch_labels.py took 0.227 seconds
[2024-10-18T23:47:16.077+0000] {processor.py:157} INFO - Started process (PID=819) to work on /home/airflow/.local/lib/python3.8/site-packages/airflow/example_dags/example_branch_labels.py
[2024-10-18T23:47:16.080+0000] {processor.py:829} INFO - Processing file /home/airflow/.local/lib/python3.8/site-packages/airflow/example_dags/example_branch_labels.py for tasks to queue
[2024-10-18T23:47:16.088+0000] {logging_mixin.py:151} INFO - [2024-10-18T23:47:16.087+0000] {dagbag.py:536} INFO - Filling up the DagBag from /home/airflow/.local/lib/python3.8/site-packages/airflow/example_dags/example_branch_labels.py
[2024-10-18T23:47:16.107+0000] {processor.py:839} INFO - DAG(s) dict_keys(['example_branch_labels']) retrieved from /home/airflow/.local/lib/python3.8/site-packages/airflow/example_dags/example_branch_labels.py
[2024-10-18T23:47:16.172+0000] {logging_mixin.py:151} INFO - [2024-10-18T23:47:16.171+0000] {dag.py:2941} INFO - Sync 1 DAGs
[2024-10-18T23:47:16.234+0000] {logging_mixin.py:151} INFO - [2024-10-18T23:47:16.233+0000] {dag.py:3722} INFO - Setting next_dagrun for example_branch_labels to 2024-10-17T00:00:00+00:00, run_after=2024-10-18T00:00:00+00:00
[2024-10-18T23:47:16.289+0000] {processor.py:179} INFO - Processing /home/airflow/.local/lib/python3.8/site-packages/airflow/example_dags/example_branch_labels.py took 0.220 seconds
[2024-10-18T23:47:53.677+0000] {processor.py:157} INFO - Started process (PID=870) to work on /home/airflow/.local/lib/python3.8/site-packages/airflow/example_dags/example_branch_labels.py
[2024-10-18T23:47:53.680+0000] {processor.py:829} INFO - Processing file /home/airflow/.local/lib/python3.8/site-packages/airflow/example_dags/example_branch_labels.py for tasks to queue
[2024-10-18T23:47:53.685+0000] {logging_mixin.py:151} INFO - [2024-10-18T23:47:53.684+0000] {dagbag.py:536} INFO - Filling up the DagBag from /home/airflow/.local/lib/python3.8/site-packages/airflow/example_dags/example_branch_labels.py
[2024-10-18T23:47:53.780+0000] {processor.py:839} INFO - DAG(s) dict_keys(['example_branch_labels']) retrieved from /home/airflow/.local/lib/python3.8/site-packages/airflow/example_dags/example_branch_labels.py
[2024-10-18T23:47:54.334+0000] {logging_mixin.py:151} INFO - [2024-10-18T23:47:54.293+0000] {dag.py:2941} INFO - Sync 1 DAGs
[2024-10-18T23:47:54.497+0000] {logging_mixin.py:151} INFO - [2024-10-18T23:47:54.496+0000] {dag.py:3722} INFO - Setting next_dagrun for example_branch_labels to 2024-10-17T00:00:00+00:00, run_after=2024-10-18T00:00:00+00:00
[2024-10-18T23:47:54.664+0000] {processor.py:179} INFO - Processing /home/airflow/.local/lib/python3.8/site-packages/airflow/example_dags/example_branch_labels.py took 0.997 seconds
[2024-10-18T23:48:25.499+0000] {processor.py:157} INFO - Started process (PID=923) to work on /home/airflow/.local/lib/python3.8/site-packages/airflow/example_dags/example_branch_labels.py
[2024-10-18T23:48:25.522+0000] {processor.py:829} INFO - Processing file /home/airflow/.local/lib/python3.8/site-packages/airflow/example_dags/example_branch_labels.py for tasks to queue
[2024-10-18T23:48:25.548+0000] {logging_mixin.py:151} INFO - [2024-10-18T23:48:25.547+0000] {dagbag.py:536} INFO - Filling up the DagBag from /home/airflow/.local/lib/python3.8/site-packages/airflow/example_dags/example_branch_labels.py
[2024-10-18T23:48:25.639+0000] {processor.py:839} INFO - DAG(s) dict_keys(['example_branch_labels']) retrieved from /home/airflow/.local/lib/python3.8/site-packages/airflow/example_dags/example_branch_labels.py
[2024-10-18T23:48:25.934+0000] {logging_mixin.py:151} INFO - [2024-10-18T23:48:25.933+0000] {dag.py:2941} INFO - Sync 1 DAGs
[2024-10-18T23:48:26.062+0000] {logging_mixin.py:151} INFO - [2024-10-18T23:48:26.059+0000] {dag.py:3722} INFO - Setting next_dagrun for example_branch_labels to 2024-10-17T00:00:00+00:00, run_after=2024-10-18T00:00:00+00:00
[2024-10-18T23:48:26.134+0000] {processor.py:179} INFO - Processing /home/airflow/.local/lib/python3.8/site-packages/airflow/example_dags/example_branch_labels.py took 0.733 seconds
[2024-10-18T23:48:59.886+0000] {processor.py:157} INFO - Started process (PID=973) to work on /home/airflow/.local/lib/python3.8/site-packages/airflow/example_dags/example_branch_labels.py
[2024-10-18T23:48:59.897+0000] {processor.py:829} INFO - Processing file /home/airflow/.local/lib/python3.8/site-packages/airflow/example_dags/example_branch_labels.py for tasks to queue
[2024-10-18T23:48:59.905+0000] {logging_mixin.py:151} INFO - [2024-10-18T23:48:59.904+0000] {dagbag.py:536} INFO - Filling up the DagBag from /home/airflow/.local/lib/python3.8/site-packages/airflow/example_dags/example_branch_labels.py
[2024-10-18T23:49:00.045+0000] {processor.py:839} INFO - DAG(s) dict_keys(['example_branch_labels']) retrieved from /home/airflow/.local/lib/python3.8/site-packages/airflow/example_dags/example_branch_labels.py
[2024-10-18T23:49:00.394+0000] {logging_mixin.py:151} INFO - [2024-10-18T23:49:00.394+0000] {dag.py:2941} INFO - Sync 1 DAGs
[2024-10-18T23:49:00.740+0000] {logging_mixin.py:151} INFO - [2024-10-18T23:49:00.740+0000] {dag.py:3722} INFO - Setting next_dagrun for example_branch_labels to 2024-10-17T00:00:00+00:00, run_after=2024-10-18T00:00:00+00:00
[2024-10-18T23:49:01.232+0000] {processor.py:179} INFO - Processing /home/airflow/.local/lib/python3.8/site-packages/airflow/example_dags/example_branch_labels.py took 1.386 seconds
[2024-10-18T23:49:42.358+0000] {processor.py:157} INFO - Started process (PID=1025) to work on /home/airflow/.local/lib/python3.8/site-packages/airflow/example_dags/example_branch_labels.py
[2024-10-18T23:49:42.361+0000] {processor.py:829} INFO - Processing file /home/airflow/.local/lib/python3.8/site-packages/airflow/example_dags/example_branch_labels.py for tasks to queue
[2024-10-18T23:49:42.368+0000] {logging_mixin.py:151} INFO - [2024-10-18T23:49:42.366+0000] {dagbag.py:536} INFO - Filling up the DagBag from /home/airflow/.local/lib/python3.8/site-packages/airflow/example_dags/example_branch_labels.py
[2024-10-18T23:49:42.513+0000] {processor.py:839} INFO - DAG(s) dict_keys(['example_branch_labels']) retrieved from /home/airflow/.local/lib/python3.8/site-packages/airflow/example_dags/example_branch_labels.py
[2024-10-18T23:49:43.820+0000] {logging_mixin.py:151} INFO - [2024-10-18T23:49:43.801+0000] {dag.py:2941} INFO - Sync 1 DAGs
[2024-10-18T23:49:43.927+0000] {logging_mixin.py:151} INFO - [2024-10-18T23:49:43.926+0000] {dag.py:3722} INFO - Setting next_dagrun for example_branch_labels to 2024-10-17T00:00:00+00:00, run_after=2024-10-18T00:00:00+00:00
[2024-10-18T23:49:44.041+0000] {processor.py:179} INFO - Processing /home/airflow/.local/lib/python3.8/site-packages/airflow/example_dags/example_branch_labels.py took 1.703 seconds
[2024-10-18T23:50:25.820+0000] {processor.py:157} INFO - Started process (PID=1078) to work on /home/airflow/.local/lib/python3.8/site-packages/airflow/example_dags/example_branch_labels.py
[2024-10-18T23:50:25.823+0000] {processor.py:829} INFO - Processing file /home/airflow/.local/lib/python3.8/site-packages/airflow/example_dags/example_branch_labels.py for tasks to queue
[2024-10-18T23:50:25.830+0000] {logging_mixin.py:151} INFO - [2024-10-18T23:50:25.829+0000] {dagbag.py:536} INFO - Filling up the DagBag from /home/airflow/.local/lib/python3.8/site-packages/airflow/example_dags/example_branch_labels.py
[2024-10-18T23:50:25.850+0000] {processor.py:839} INFO - DAG(s) dict_keys(['example_branch_labels']) retrieved from /home/airflow/.local/lib/python3.8/site-packages/airflow/example_dags/example_branch_labels.py
[2024-10-18T23:50:25.911+0000] {logging_mixin.py:151} INFO - [2024-10-18T23:50:25.910+0000] {dag.py:2941} INFO - Sync 1 DAGs
[2024-10-18T23:50:25.965+0000] {logging_mixin.py:151} INFO - [2024-10-18T23:50:25.965+0000] {dag.py:3722} INFO - Setting next_dagrun for example_branch_labels to 2024-10-17T00:00:00+00:00, run_after=2024-10-18T00:00:00+00:00
[2024-10-18T23:50:26.013+0000] {processor.py:179} INFO - Processing /home/airflow/.local/lib/python3.8/site-packages/airflow/example_dags/example_branch_labels.py took 0.202 seconds
[2024-10-18T23:50:57.155+0000] {processor.py:157} INFO - Started process (PID=1131) to work on /home/airflow/.local/lib/python3.8/site-packages/airflow/example_dags/example_branch_labels.py
[2024-10-18T23:50:57.158+0000] {processor.py:829} INFO - Processing file /home/airflow/.local/lib/python3.8/site-packages/airflow/example_dags/example_branch_labels.py for tasks to queue
[2024-10-18T23:50:57.163+0000] {logging_mixin.py:151} INFO - [2024-10-18T23:50:57.162+0000] {dagbag.py:536} INFO - Filling up the DagBag from /home/airflow/.local/lib/python3.8/site-packages/airflow/example_dags/example_branch_labels.py
[2024-10-18T23:50:57.178+0000] {processor.py:839} INFO - DAG(s) dict_keys(['example_branch_labels']) retrieved from /home/airflow/.local/lib/python3.8/site-packages/airflow/example_dags/example_branch_labels.py
[2024-10-18T23:50:57.219+0000] {logging_mixin.py:151} INFO - [2024-10-18T23:50:57.219+0000] {dag.py:2941} INFO - Sync 1 DAGs
[2024-10-18T23:50:57.269+0000] {logging_mixin.py:151} INFO - [2024-10-18T23:50:57.268+0000] {dag.py:3722} INFO - Setting next_dagrun for example_branch_labels to 2024-10-17T00:00:00+00:00, run_after=2024-10-18T00:00:00+00:00
[2024-10-18T23:50:57.758+0000] {processor.py:179} INFO - Processing /home/airflow/.local/lib/python3.8/site-packages/airflow/example_dags/example_branch_labels.py took 0.609 seconds
[2024-10-18T23:51:28.756+0000] {processor.py:157} INFO - Started process (PID=1190) to work on /home/airflow/.local/lib/python3.8/site-packages/airflow/example_dags/example_branch_labels.py
[2024-10-18T23:51:28.758+0000] {processor.py:829} INFO - Processing file /home/airflow/.local/lib/python3.8/site-packages/airflow/example_dags/example_branch_labels.py for tasks to queue
[2024-10-18T23:51:28.769+0000] {logging_mixin.py:151} INFO - [2024-10-18T23:51:28.768+0000] {dagbag.py:536} INFO - Filling up the DagBag from /home/airflow/.local/lib/python3.8/site-packages/airflow/example_dags/example_branch_labels.py
[2024-10-18T23:51:28.794+0000] {processor.py:839} INFO - DAG(s) dict_keys(['example_branch_labels']) retrieved from /home/airflow/.local/lib/python3.8/site-packages/airflow/example_dags/example_branch_labels.py
[2024-10-18T23:51:28.857+0000] {logging_mixin.py:151} INFO - [2024-10-18T23:51:28.853+0000] {dag.py:2941} INFO - Sync 1 DAGs
[2024-10-18T23:51:28.931+0000] {logging_mixin.py:151} INFO - [2024-10-18T23:51:28.931+0000] {dag.py:3722} INFO - Setting next_dagrun for example_branch_labels to 2024-10-17T00:00:00+00:00, run_after=2024-10-18T00:00:00+00:00
[2024-10-18T23:51:28.972+0000] {processor.py:179} INFO - Processing /home/airflow/.local/lib/python3.8/site-packages/airflow/example_dags/example_branch_labels.py took 0.223 seconds
[2024-10-18T23:51:59.819+0000] {processor.py:157} INFO - Started process (PID=1245) to work on /home/airflow/.local/lib/python3.8/site-packages/airflow/example_dags/example_branch_labels.py
[2024-10-18T23:51:59.822+0000] {processor.py:829} INFO - Processing file /home/airflow/.local/lib/python3.8/site-packages/airflow/example_dags/example_branch_labels.py for tasks to queue
[2024-10-18T23:51:59.831+0000] {logging_mixin.py:151} INFO - [2024-10-18T23:51:59.830+0000] {dagbag.py:536} INFO - Filling up the DagBag from /home/airflow/.local/lib/python3.8/site-packages/airflow/example_dags/example_branch_labels.py
[2024-10-18T23:51:59.851+0000] {processor.py:839} INFO - DAG(s) dict_keys(['example_branch_labels']) retrieved from /home/airflow/.local/lib/python3.8/site-packages/airflow/example_dags/example_branch_labels.py
[2024-10-18T23:51:59.910+0000] {logging_mixin.py:151} INFO - [2024-10-18T23:51:59.910+0000] {dag.py:2941} INFO - Sync 1 DAGs
[2024-10-18T23:51:59.959+0000] {logging_mixin.py:151} INFO - [2024-10-18T23:51:59.959+0000] {dag.py:3722} INFO - Setting next_dagrun for example_branch_labels to 2024-10-17T00:00:00+00:00, run_after=2024-10-18T00:00:00+00:00
[2024-10-18T23:52:00.003+0000] {processor.py:179} INFO - Processing /home/airflow/.local/lib/python3.8/site-packages/airflow/example_dags/example_branch_labels.py took 0.194 seconds
[2024-10-18T23:52:30.764+0000] {processor.py:157} INFO - Started process (PID=1296) to work on /home/airflow/.local/lib/python3.8/site-packages/airflow/example_dags/example_branch_labels.py
[2024-10-18T23:52:30.769+0000] {processor.py:829} INFO - Processing file /home/airflow/.local/lib/python3.8/site-packages/airflow/example_dags/example_branch_labels.py for tasks to queue
[2024-10-18T23:52:30.774+0000] {logging_mixin.py:151} INFO - [2024-10-18T23:52:30.773+0000] {dagbag.py:536} INFO - Filling up the DagBag from /home/airflow/.local/lib/python3.8/site-packages/airflow/example_dags/example_branch_labels.py
[2024-10-18T23:52:30.789+0000] {processor.py:839} INFO - DAG(s) dict_keys(['example_branch_labels']) retrieved from /home/airflow/.local/lib/python3.8/site-packages/airflow/example_dags/example_branch_labels.py
[2024-10-18T23:52:30.836+0000] {logging_mixin.py:151} INFO - [2024-10-18T23:52:30.836+0000] {dag.py:2941} INFO - Sync 1 DAGs
[2024-10-18T23:52:31.126+0000] {logging_mixin.py:151} INFO - [2024-10-18T23:52:31.126+0000] {dag.py:3722} INFO - Setting next_dagrun for example_branch_labels to 2024-10-17T00:00:00+00:00, run_after=2024-10-18T00:00:00+00:00
[2024-10-18T23:52:31.179+0000] {processor.py:179} INFO - Processing /home/airflow/.local/lib/python3.8/site-packages/airflow/example_dags/example_branch_labels.py took 0.424 seconds
[2024-10-18T23:53:04.464+0000] {processor.py:157} INFO - Started process (PID=1350) to work on /home/airflow/.local/lib/python3.8/site-packages/airflow/example_dags/example_branch_labels.py
[2024-10-18T23:53:04.471+0000] {processor.py:829} INFO - Processing file /home/airflow/.local/lib/python3.8/site-packages/airflow/example_dags/example_branch_labels.py for tasks to queue
[2024-10-18T23:53:04.511+0000] {logging_mixin.py:151} INFO - [2024-10-18T23:53:04.496+0000] {dagbag.py:536} INFO - Filling up the DagBag from /home/airflow/.local/lib/python3.8/site-packages/airflow/example_dags/example_branch_labels.py
[2024-10-18T23:53:04.592+0000] {processor.py:839} INFO - DAG(s) dict_keys(['example_branch_labels']) retrieved from /home/airflow/.local/lib/python3.8/site-packages/airflow/example_dags/example_branch_labels.py
[2024-10-18T23:53:04.899+0000] {logging_mixin.py:151} INFO - [2024-10-18T23:53:04.899+0000] {dag.py:2941} INFO - Sync 1 DAGs
[2024-10-18T23:53:04.976+0000] {logging_mixin.py:151} INFO - [2024-10-18T23:53:04.974+0000] {dag.py:3722} INFO - Setting next_dagrun for example_branch_labels to 2024-10-17T00:00:00+00:00, run_after=2024-10-18T00:00:00+00:00
[2024-10-18T23:53:05.762+0000] {processor.py:179} INFO - Processing /home/airflow/.local/lib/python3.8/site-packages/airflow/example_dags/example_branch_labels.py took 1.342 seconds
[2024-10-18T23:53:48.973+0000] {processor.py:157} INFO - Started process (PID=1393) to work on /home/airflow/.local/lib/python3.8/site-packages/airflow/example_dags/example_branch_labels.py
[2024-10-18T23:53:48.974+0000] {processor.py:829} INFO - Processing file /home/airflow/.local/lib/python3.8/site-packages/airflow/example_dags/example_branch_labels.py for tasks to queue
[2024-10-18T23:53:48.979+0000] {logging_mixin.py:151} INFO - [2024-10-18T23:53:48.978+0000] {dagbag.py:536} INFO - Filling up the DagBag from /home/airflow/.local/lib/python3.8/site-packages/airflow/example_dags/example_branch_labels.py
[2024-10-18T23:53:49.028+0000] {processor.py:839} INFO - DAG(s) dict_keys(['example_branch_labels']) retrieved from /home/airflow/.local/lib/python3.8/site-packages/airflow/example_dags/example_branch_labels.py
[2024-10-18T23:53:49.089+0000] {logging_mixin.py:151} INFO - [2024-10-18T23:53:49.089+0000] {dag.py:2941} INFO - Sync 1 DAGs
[2024-10-18T23:53:49.152+0000] {logging_mixin.py:151} INFO - [2024-10-18T23:53:49.151+0000] {dag.py:3722} INFO - Setting next_dagrun for example_branch_labels to 2024-10-17T00:00:00+00:00, run_after=2024-10-18T00:00:00+00:00
[2024-10-18T23:53:49.212+0000] {processor.py:179} INFO - Processing /home/airflow/.local/lib/python3.8/site-packages/airflow/example_dags/example_branch_labels.py took 0.249 seconds
[2024-10-18T23:54:20.763+0000] {processor.py:157} INFO - Started process (PID=1447) to work on /home/airflow/.local/lib/python3.8/site-packages/airflow/example_dags/example_branch_labels.py
[2024-10-18T23:54:20.768+0000] {processor.py:829} INFO - Processing file /home/airflow/.local/lib/python3.8/site-packages/airflow/example_dags/example_branch_labels.py for tasks to queue
[2024-10-18T23:54:20.775+0000] {logging_mixin.py:151} INFO - [2024-10-18T23:54:20.774+0000] {dagbag.py:536} INFO - Filling up the DagBag from /home/airflow/.local/lib/python3.8/site-packages/airflow/example_dags/example_branch_labels.py
[2024-10-18T23:54:20.796+0000] {processor.py:839} INFO - DAG(s) dict_keys(['example_branch_labels']) retrieved from /home/airflow/.local/lib/python3.8/site-packages/airflow/example_dags/example_branch_labels.py
[2024-10-18T23:54:20.867+0000] {logging_mixin.py:151} INFO - [2024-10-18T23:54:20.866+0000] {dag.py:2941} INFO - Sync 1 DAGs
[2024-10-18T23:54:21.346+0000] {logging_mixin.py:151} INFO - [2024-10-18T23:54:21.346+0000] {dag.py:3722} INFO - Setting next_dagrun for example_branch_labels to 2024-10-17T00:00:00+00:00, run_after=2024-10-18T00:00:00+00:00
[2024-10-18T23:54:21.395+0000] {processor.py:179} INFO - Processing /home/airflow/.local/lib/python3.8/site-packages/airflow/example_dags/example_branch_labels.py took 0.639 seconds
[2024-10-18T23:54:54.342+0000] {processor.py:157} INFO - Started process (PID=1500) to work on /home/airflow/.local/lib/python3.8/site-packages/airflow/example_dags/example_branch_labels.py
[2024-10-18T23:54:54.344+0000] {processor.py:829} INFO - Processing file /home/airflow/.local/lib/python3.8/site-packages/airflow/example_dags/example_branch_labels.py for tasks to queue
[2024-10-18T23:54:54.349+0000] {logging_mixin.py:151} INFO - [2024-10-18T23:54:54.349+0000] {dagbag.py:536} INFO - Filling up the DagBag from /home/airflow/.local/lib/python3.8/site-packages/airflow/example_dags/example_branch_labels.py
[2024-10-18T23:54:54.578+0000] {processor.py:839} INFO - DAG(s) dict_keys(['example_branch_labels']) retrieved from /home/airflow/.local/lib/python3.8/site-packages/airflow/example_dags/example_branch_labels.py
[2024-10-18T23:54:54.946+0000] {logging_mixin.py:151} INFO - [2024-10-18T23:54:54.945+0000] {dag.py:2941} INFO - Sync 1 DAGs
[2024-10-18T23:54:55.300+0000] {logging_mixin.py:151} INFO - [2024-10-18T23:54:55.299+0000] {dag.py:3722} INFO - Setting next_dagrun for example_branch_labels to 2024-10-17T00:00:00+00:00, run_after=2024-10-18T00:00:00+00:00
[2024-10-18T23:54:55.511+0000] {processor.py:179} INFO - Processing /home/airflow/.local/lib/python3.8/site-packages/airflow/example_dags/example_branch_labels.py took 1.207 seconds
[2024-10-18T23:55:26.324+0000] {processor.py:157} INFO - Started process (PID=1553) to work on /home/airflow/.local/lib/python3.8/site-packages/airflow/example_dags/example_branch_labels.py
[2024-10-18T23:55:26.327+0000] {processor.py:829} INFO - Processing file /home/airflow/.local/lib/python3.8/site-packages/airflow/example_dags/example_branch_labels.py for tasks to queue
[2024-10-18T23:55:26.333+0000] {logging_mixin.py:151} INFO - [2024-10-18T23:55:26.333+0000] {dagbag.py:536} INFO - Filling up the DagBag from /home/airflow/.local/lib/python3.8/site-packages/airflow/example_dags/example_branch_labels.py
[2024-10-18T23:55:26.350+0000] {processor.py:839} INFO - DAG(s) dict_keys(['example_branch_labels']) retrieved from /home/airflow/.local/lib/python3.8/site-packages/airflow/example_dags/example_branch_labels.py
[2024-10-18T23:55:26.403+0000] {logging_mixin.py:151} INFO - [2024-10-18T23:55:26.402+0000] {dag.py:2941} INFO - Sync 1 DAGs
[2024-10-18T23:55:26.482+0000] {logging_mixin.py:151} INFO - [2024-10-18T23:55:26.482+0000] {dag.py:3722} INFO - Setting next_dagrun for example_branch_labels to 2024-10-17T00:00:00+00:00, run_after=2024-10-18T00:00:00+00:00
[2024-10-18T23:55:26.529+0000] {processor.py:179} INFO - Processing /home/airflow/.local/lib/python3.8/site-packages/airflow/example_dags/example_branch_labels.py took 0.212 seconds
[2024-10-18T23:55:58.695+0000] {processor.py:157} INFO - Started process (PID=1600) to work on /home/airflow/.local/lib/python3.8/site-packages/airflow/example_dags/example_branch_labels.py
[2024-10-18T23:55:58.710+0000] {processor.py:829} INFO - Processing file /home/airflow/.local/lib/python3.8/site-packages/airflow/example_dags/example_branch_labels.py for tasks to queue
[2024-10-18T23:55:58.740+0000] {logging_mixin.py:151} INFO - [2024-10-18T23:55:58.739+0000] {dagbag.py:536} INFO - Filling up the DagBag from /home/airflow/.local/lib/python3.8/site-packages/airflow/example_dags/example_branch_labels.py
[2024-10-18T23:55:58.773+0000] {processor.py:839} INFO - DAG(s) dict_keys(['example_branch_labels']) retrieved from /home/airflow/.local/lib/python3.8/site-packages/airflow/example_dags/example_branch_labels.py
[2024-10-18T23:55:58.858+0000] {logging_mixin.py:151} INFO - [2024-10-18T23:55:58.858+0000] {dag.py:2941} INFO - Sync 1 DAGs
[2024-10-18T23:55:58.944+0000] {logging_mixin.py:151} INFO - [2024-10-18T23:55:58.944+0000] {dag.py:3722} INFO - Setting next_dagrun for example_branch_labels to 2024-10-17T00:00:00+00:00, run_after=2024-10-18T00:00:00+00:00
[2024-10-18T23:55:59.013+0000] {processor.py:179} INFO - Processing /home/airflow/.local/lib/python3.8/site-packages/airflow/example_dags/example_branch_labels.py took 0.386 seconds
[2024-10-18T23:56:30.252+0000] {processor.py:157} INFO - Started process (PID=1652) to work on /home/airflow/.local/lib/python3.8/site-packages/airflow/example_dags/example_branch_labels.py
[2024-10-18T23:56:30.256+0000] {processor.py:829} INFO - Processing file /home/airflow/.local/lib/python3.8/site-packages/airflow/example_dags/example_branch_labels.py for tasks to queue
[2024-10-18T23:56:30.266+0000] {logging_mixin.py:151} INFO - [2024-10-18T23:56:30.265+0000] {dagbag.py:536} INFO - Filling up the DagBag from /home/airflow/.local/lib/python3.8/site-packages/airflow/example_dags/example_branch_labels.py
[2024-10-18T23:56:30.397+0000] {processor.py:839} INFO - DAG(s) dict_keys(['example_branch_labels']) retrieved from /home/airflow/.local/lib/python3.8/site-packages/airflow/example_dags/example_branch_labels.py
[2024-10-18T23:56:30.517+0000] {logging_mixin.py:151} INFO - [2024-10-18T23:56:30.516+0000] {dag.py:2941} INFO - Sync 1 DAGs
[2024-10-18T23:56:30.800+0000] {logging_mixin.py:151} INFO - [2024-10-18T23:56:30.800+0000] {dag.py:3722} INFO - Setting next_dagrun for example_branch_labels to 2024-10-17T00:00:00+00:00, run_after=2024-10-18T00:00:00+00:00
[2024-10-18T23:56:30.847+0000] {processor.py:179} INFO - Processing /home/airflow/.local/lib/python3.8/site-packages/airflow/example_dags/example_branch_labels.py took 0.606 seconds
[2024-10-18T23:57:12.791+0000] {processor.py:157} INFO - Started process (PID=1709) to work on /home/airflow/.local/lib/python3.8/site-packages/airflow/example_dags/example_branch_labels.py
[2024-10-18T23:57:12.795+0000] {processor.py:829} INFO - Processing file /home/airflow/.local/lib/python3.8/site-packages/airflow/example_dags/example_branch_labels.py for tasks to queue
[2024-10-18T23:57:12.804+0000] {logging_mixin.py:151} INFO - [2024-10-18T23:57:12.804+0000] {dagbag.py:536} INFO - Filling up the DagBag from /home/airflow/.local/lib/python3.8/site-packages/airflow/example_dags/example_branch_labels.py
[2024-10-18T23:57:12.907+0000] {processor.py:839} INFO - DAG(s) dict_keys(['example_branch_labels']) retrieved from /home/airflow/.local/lib/python3.8/site-packages/airflow/example_dags/example_branch_labels.py
[2024-10-18T23:57:13.405+0000] {logging_mixin.py:151} INFO - [2024-10-18T23:57:13.404+0000] {dag.py:2941} INFO - Sync 1 DAGs
[2024-10-18T23:57:13.567+0000] {logging_mixin.py:151} INFO - [2024-10-18T23:57:13.558+0000] {dag.py:3722} INFO - Setting next_dagrun for example_branch_labels to 2024-10-17T00:00:00+00:00, run_after=2024-10-18T00:00:00+00:00
[2024-10-18T23:57:13.717+0000] {processor.py:179} INFO - Processing /home/airflow/.local/lib/python3.8/site-packages/airflow/example_dags/example_branch_labels.py took 0.949 seconds
[2024-10-18T23:57:43.937+0000] {processor.py:157} INFO - Started process (PID=1763) to work on /home/airflow/.local/lib/python3.8/site-packages/airflow/example_dags/example_branch_labels.py
[2024-10-18T23:57:43.940+0000] {processor.py:829} INFO - Processing file /home/airflow/.local/lib/python3.8/site-packages/airflow/example_dags/example_branch_labels.py for tasks to queue
[2024-10-18T23:57:43.945+0000] {logging_mixin.py:151} INFO - [2024-10-18T23:57:43.944+0000] {dagbag.py:536} INFO - Filling up the DagBag from /home/airflow/.local/lib/python3.8/site-packages/airflow/example_dags/example_branch_labels.py
[2024-10-18T23:57:43.970+0000] {processor.py:839} INFO - DAG(s) dict_keys(['example_branch_labels']) retrieved from /home/airflow/.local/lib/python3.8/site-packages/airflow/example_dags/example_branch_labels.py
[2024-10-18T23:57:44.030+0000] {logging_mixin.py:151} INFO - [2024-10-18T23:57:44.030+0000] {dag.py:2941} INFO - Sync 1 DAGs
[2024-10-18T23:57:44.074+0000] {logging_mixin.py:151} INFO - [2024-10-18T23:57:44.073+0000] {dag.py:3722} INFO - Setting next_dagrun for example_branch_labels to 2024-10-17T00:00:00+00:00, run_after=2024-10-18T00:00:00+00:00
[2024-10-18T23:57:44.120+0000] {processor.py:179} INFO - Processing /home/airflow/.local/lib/python3.8/site-packages/airflow/example_dags/example_branch_labels.py took 0.189 seconds
[2024-10-18T23:58:14.820+0000] {processor.py:157} INFO - Started process (PID=1817) to work on /home/airflow/.local/lib/python3.8/site-packages/airflow/example_dags/example_branch_labels.py
[2024-10-18T23:58:14.823+0000] {processor.py:829} INFO - Processing file /home/airflow/.local/lib/python3.8/site-packages/airflow/example_dags/example_branch_labels.py for tasks to queue
[2024-10-18T23:58:14.830+0000] {logging_mixin.py:151} INFO - [2024-10-18T23:58:14.829+0000] {dagbag.py:536} INFO - Filling up the DagBag from /home/airflow/.local/lib/python3.8/site-packages/airflow/example_dags/example_branch_labels.py
[2024-10-18T23:58:14.846+0000] {processor.py:839} INFO - DAG(s) dict_keys(['example_branch_labels']) retrieved from /home/airflow/.local/lib/python3.8/site-packages/airflow/example_dags/example_branch_labels.py
[2024-10-18T23:58:14.903+0000] {logging_mixin.py:151} INFO - [2024-10-18T23:58:14.903+0000] {dag.py:2941} INFO - Sync 1 DAGs
[2024-10-18T23:58:14.963+0000] {logging_mixin.py:151} INFO - [2024-10-18T23:58:14.963+0000] {dag.py:3722} INFO - Setting next_dagrun for example_branch_labels to 2024-10-17T00:00:00+00:00, run_after=2024-10-18T00:00:00+00:00
[2024-10-18T23:58:15.023+0000] {processor.py:179} INFO - Processing /home/airflow/.local/lib/python3.8/site-packages/airflow/example_dags/example_branch_labels.py took 0.211 seconds
[2024-10-18T23:58:45.748+0000] {processor.py:157} INFO - Started process (PID=1871) to work on /home/airflow/.local/lib/python3.8/site-packages/airflow/example_dags/example_branch_labels.py
[2024-10-18T23:58:45.769+0000] {processor.py:829} INFO - Processing file /home/airflow/.local/lib/python3.8/site-packages/airflow/example_dags/example_branch_labels.py for tasks to queue
[2024-10-18T23:58:45.795+0000] {logging_mixin.py:151} INFO - [2024-10-18T23:58:45.780+0000] {dagbag.py:536} INFO - Filling up the DagBag from /home/airflow/.local/lib/python3.8/site-packages/airflow/example_dags/example_branch_labels.py
[2024-10-18T23:58:45.869+0000] {processor.py:839} INFO - DAG(s) dict_keys(['example_branch_labels']) retrieved from /home/airflow/.local/lib/python3.8/site-packages/airflow/example_dags/example_branch_labels.py
[2024-10-18T23:58:46.119+0000] {logging_mixin.py:151} INFO - [2024-10-18T23:58:46.115+0000] {dag.py:2941} INFO - Sync 1 DAGs
[2024-10-18T23:58:46.313+0000] {logging_mixin.py:151} INFO - [2024-10-18T23:58:46.313+0000] {dag.py:3722} INFO - Setting next_dagrun for example_branch_labels to 2024-10-17T00:00:00+00:00, run_after=2024-10-18T00:00:00+00:00
[2024-10-18T23:58:46.381+0000] {processor.py:179} INFO - Processing /home/airflow/.local/lib/python3.8/site-packages/airflow/example_dags/example_branch_labels.py took 0.647 seconds
[2024-10-18T23:59:16.666+0000] {processor.py:157} INFO - Started process (PID=1925) to work on /home/airflow/.local/lib/python3.8/site-packages/airflow/example_dags/example_branch_labels.py
[2024-10-18T23:59:16.669+0000] {processor.py:829} INFO - Processing file /home/airflow/.local/lib/python3.8/site-packages/airflow/example_dags/example_branch_labels.py for tasks to queue
[2024-10-18T23:59:16.677+0000] {logging_mixin.py:151} INFO - [2024-10-18T23:59:16.676+0000] {dagbag.py:536} INFO - Filling up the DagBag from /home/airflow/.local/lib/python3.8/site-packages/airflow/example_dags/example_branch_labels.py
[2024-10-18T23:59:16.693+0000] {processor.py:839} INFO - DAG(s) dict_keys(['example_branch_labels']) retrieved from /home/airflow/.local/lib/python3.8/site-packages/airflow/example_dags/example_branch_labels.py
[2024-10-18T23:59:16.746+0000] {logging_mixin.py:151} INFO - [2024-10-18T23:59:16.746+0000] {dag.py:2941} INFO - Sync 1 DAGs
[2024-10-18T23:59:16.789+0000] {logging_mixin.py:151} INFO - [2024-10-18T23:59:16.789+0000] {dag.py:3722} INFO - Setting next_dagrun for example_branch_labels to 2024-10-17T00:00:00+00:00, run_after=2024-10-18T00:00:00+00:00
[2024-10-18T23:59:16.821+0000] {processor.py:179} INFO - Processing /home/airflow/.local/lib/python3.8/site-packages/airflow/example_dags/example_branch_labels.py took 0.161 seconds
[2024-10-18T23:59:47.230+0000] {processor.py:157} INFO - Started process (PID=1979) to work on /home/airflow/.local/lib/python3.8/site-packages/airflow/example_dags/example_branch_labels.py
[2024-10-18T23:59:47.232+0000] {processor.py:829} INFO - Processing file /home/airflow/.local/lib/python3.8/site-packages/airflow/example_dags/example_branch_labels.py for tasks to queue
[2024-10-18T23:59:47.239+0000] {logging_mixin.py:151} INFO - [2024-10-18T23:59:47.238+0000] {dagbag.py:536} INFO - Filling up the DagBag from /home/airflow/.local/lib/python3.8/site-packages/airflow/example_dags/example_branch_labels.py
[2024-10-18T23:59:47.270+0000] {processor.py:839} INFO - DAG(s) dict_keys(['example_branch_labels']) retrieved from /home/airflow/.local/lib/python3.8/site-packages/airflow/example_dags/example_branch_labels.py
[2024-10-18T23:59:47.341+0000] {logging_mixin.py:151} INFO - [2024-10-18T23:59:47.341+0000] {dag.py:2941} INFO - Sync 1 DAGs
[2024-10-18T23:59:47.421+0000] {logging_mixin.py:151} INFO - [2024-10-18T23:59:47.420+0000] {dag.py:3722} INFO - Setting next_dagrun for example_branch_labels to 2024-10-17T00:00:00+00:00, run_after=2024-10-18T00:00:00+00:00
[2024-10-18T23:59:47.459+0000] {processor.py:179} INFO - Processing /home/airflow/.local/lib/python3.8/site-packages/airflow/example_dags/example_branch_labels.py took 0.243 seconds
