[2024-10-18T23:32:01.911+0000] {processor.py:157} INFO - Started process (PID=115) to work on /home/airflow/.local/lib/python3.8/site-packages/airflow/example_dags/example_branch_datetime_operator.py
[2024-10-18T23:32:01.914+0000] {processor.py:829} INFO - Processing file /home/airflow/.local/lib/python3.8/site-packages/airflow/example_dags/example_branch_datetime_operator.py for tasks to queue
[2024-10-18T23:32:01.923+0000] {logging_mixin.py:151} INFO - [2024-10-18T23:32:01.922+0000] {dagbag.py:536} INFO - Filling up the DagBag from /home/airflow/.local/lib/python3.8/site-packages/airflow/example_dags/example_branch_datetime_operator.py
[2024-10-18T23:32:02.000+0000] {processor.py:839} INFO - DAG(s) dict_keys(['example_branch_datetime_operator', 'example_branch_datetime_operator_3', 'example_branch_datetime_operator_2']) retrieved from /home/airflow/.local/lib/python3.8/site-packages/airflow/example_dags/example_branch_datetime_operator.py
[2024-10-18T23:32:02.078+0000] {logging_mixin.py:151} INFO - [2024-10-18T23:32:02.078+0000] {dag.py:2941} INFO - Sync 3 DAGs
[2024-10-18T23:32:02.165+0000] {logging_mixin.py:151} INFO - [2024-10-18T23:32:02.164+0000] {dag.py:3722} INFO - Setting next_dagrun for example_branch_datetime_operator to 2024-10-17T00:00:00+00:00, run_after=2024-10-18T00:00:00+00:00
[2024-10-18T23:32:02.175+0000] {logging_mixin.py:151} INFO - [2024-10-18T23:32:02.175+0000] {dag.py:3722} INFO - Setting next_dagrun for example_branch_datetime_operator_2 to 2024-10-17T00:00:00+00:00, run_after=2024-10-18T00:00:00+00:00
[2024-10-18T23:32:02.181+0000] {logging_mixin.py:151} INFO - [2024-10-18T23:32:02.180+0000] {dag.py:3722} INFO - Setting next_dagrun for example_branch_datetime_operator_3 to 2024-10-17T00:00:00+00:00, run_after=2024-10-18T00:00:00+00:00
[2024-10-18T23:32:02.217+0000] {processor.py:179} INFO - Processing /home/airflow/.local/lib/python3.8/site-packages/airflow/example_dags/example_branch_datetime_operator.py took 0.319 seconds
[2024-10-18T23:32:33.090+0000] {processor.py:157} INFO - Started process (PID=169) to work on /home/airflow/.local/lib/python3.8/site-packages/airflow/example_dags/example_branch_datetime_operator.py
[2024-10-18T23:32:33.092+0000] {processor.py:829} INFO - Processing file /home/airflow/.local/lib/python3.8/site-packages/airflow/example_dags/example_branch_datetime_operator.py for tasks to queue
[2024-10-18T23:32:33.101+0000] {logging_mixin.py:151} INFO - [2024-10-18T23:32:33.101+0000] {dagbag.py:536} INFO - Filling up the DagBag from /home/airflow/.local/lib/python3.8/site-packages/airflow/example_dags/example_branch_datetime_operator.py
[2024-10-18T23:32:33.131+0000] {processor.py:839} INFO - DAG(s) dict_keys(['example_branch_datetime_operator_2', 'example_branch_datetime_operator_3', 'example_branch_datetime_operator']) retrieved from /home/airflow/.local/lib/python3.8/site-packages/airflow/example_dags/example_branch_datetime_operator.py
[2024-10-18T23:32:33.329+0000] {logging_mixin.py:151} INFO - [2024-10-18T23:32:33.329+0000] {dag.py:2941} INFO - Sync 3 DAGs
[2024-10-18T23:32:33.494+0000] {logging_mixin.py:151} INFO - [2024-10-18T23:32:33.494+0000] {dag.py:3722} INFO - Setting next_dagrun for example_branch_datetime_operator to 2024-10-17T00:00:00+00:00, run_after=2024-10-18T00:00:00+00:00
[2024-10-18T23:32:33.505+0000] {logging_mixin.py:151} INFO - [2024-10-18T23:32:33.505+0000] {dag.py:3722} INFO - Setting next_dagrun for example_branch_datetime_operator_2 to 2024-10-17T00:00:00+00:00, run_after=2024-10-18T00:00:00+00:00
[2024-10-18T23:32:33.511+0000] {logging_mixin.py:151} INFO - [2024-10-18T23:32:33.510+0000] {dag.py:3722} INFO - Setting next_dagrun for example_branch_datetime_operator_3 to 2024-10-17T00:00:00+00:00, run_after=2024-10-18T00:00:00+00:00
[2024-10-18T23:32:33.573+0000] {processor.py:179} INFO - Processing /home/airflow/.local/lib/python3.8/site-packages/airflow/example_dags/example_branch_datetime_operator.py took 0.493 seconds
[2024-10-18T23:33:03.740+0000] {processor.py:157} INFO - Started process (PID=223) to work on /home/airflow/.local/lib/python3.8/site-packages/airflow/example_dags/example_branch_datetime_operator.py
[2024-10-18T23:33:03.745+0000] {processor.py:829} INFO - Processing file /home/airflow/.local/lib/python3.8/site-packages/airflow/example_dags/example_branch_datetime_operator.py for tasks to queue
[2024-10-18T23:33:03.751+0000] {logging_mixin.py:151} INFO - [2024-10-18T23:33:03.750+0000] {dagbag.py:536} INFO - Filling up the DagBag from /home/airflow/.local/lib/python3.8/site-packages/airflow/example_dags/example_branch_datetime_operator.py
[2024-10-18T23:33:03.780+0000] {processor.py:839} INFO - DAG(s) dict_keys(['example_branch_datetime_operator_2', 'example_branch_datetime_operator_3', 'example_branch_datetime_operator']) retrieved from /home/airflow/.local/lib/python3.8/site-packages/airflow/example_dags/example_branch_datetime_operator.py
[2024-10-18T23:33:03.853+0000] {logging_mixin.py:151} INFO - [2024-10-18T23:33:03.852+0000] {dag.py:2941} INFO - Sync 3 DAGs
[2024-10-18T23:33:03.922+0000] {logging_mixin.py:151} INFO - [2024-10-18T23:33:03.921+0000] {dag.py:3722} INFO - Setting next_dagrun for example_branch_datetime_operator to 2024-10-17T00:00:00+00:00, run_after=2024-10-18T00:00:00+00:00
[2024-10-18T23:33:03.937+0000] {logging_mixin.py:151} INFO - [2024-10-18T23:33:03.936+0000] {dag.py:3722} INFO - Setting next_dagrun for example_branch_datetime_operator_2 to 2024-10-17T00:00:00+00:00, run_after=2024-10-18T00:00:00+00:00
[2024-10-18T23:33:03.943+0000] {logging_mixin.py:151} INFO - [2024-10-18T23:33:03.943+0000] {dag.py:3722} INFO - Setting next_dagrun for example_branch_datetime_operator_3 to 2024-10-17T00:00:00+00:00, run_after=2024-10-18T00:00:00+00:00
[2024-10-18T23:33:03.990+0000] {processor.py:179} INFO - Processing /home/airflow/.local/lib/python3.8/site-packages/airflow/example_dags/example_branch_datetime_operator.py took 0.260 seconds
[2024-10-18T23:33:34.126+0000] {processor.py:157} INFO - Started process (PID=277) to work on /home/airflow/.local/lib/python3.8/site-packages/airflow/example_dags/example_branch_datetime_operator.py
[2024-10-18T23:33:34.129+0000] {processor.py:829} INFO - Processing file /home/airflow/.local/lib/python3.8/site-packages/airflow/example_dags/example_branch_datetime_operator.py for tasks to queue
[2024-10-18T23:33:34.135+0000] {logging_mixin.py:151} INFO - [2024-10-18T23:33:34.134+0000] {dagbag.py:536} INFO - Filling up the DagBag from /home/airflow/.local/lib/python3.8/site-packages/airflow/example_dags/example_branch_datetime_operator.py
[2024-10-18T23:33:34.176+0000] {processor.py:839} INFO - DAG(s) dict_keys(['example_branch_datetime_operator_2', 'example_branch_datetime_operator_3', 'example_branch_datetime_operator']) retrieved from /home/airflow/.local/lib/python3.8/site-packages/airflow/example_dags/example_branch_datetime_operator.py
[2024-10-18T23:33:34.272+0000] {logging_mixin.py:151} INFO - [2024-10-18T23:33:34.272+0000] {dag.py:2941} INFO - Sync 3 DAGs
[2024-10-18T23:33:34.351+0000] {logging_mixin.py:151} INFO - [2024-10-18T23:33:34.350+0000] {dag.py:3722} INFO - Setting next_dagrun for example_branch_datetime_operator to 2024-10-17T00:00:00+00:00, run_after=2024-10-18T00:00:00+00:00
[2024-10-18T23:33:34.366+0000] {logging_mixin.py:151} INFO - [2024-10-18T23:33:34.365+0000] {dag.py:3722} INFO - Setting next_dagrun for example_branch_datetime_operator_2 to 2024-10-17T00:00:00+00:00, run_after=2024-10-18T00:00:00+00:00
[2024-10-18T23:33:34.374+0000] {logging_mixin.py:151} INFO - [2024-10-18T23:33:34.373+0000] {dag.py:3722} INFO - Setting next_dagrun for example_branch_datetime_operator_3 to 2024-10-17T00:00:00+00:00, run_after=2024-10-18T00:00:00+00:00
[2024-10-18T23:33:34.420+0000] {processor.py:179} INFO - Processing /home/airflow/.local/lib/python3.8/site-packages/airflow/example_dags/example_branch_datetime_operator.py took 0.306 seconds
[2024-10-18T23:34:04.693+0000] {processor.py:157} INFO - Started process (PID=331) to work on /home/airflow/.local/lib/python3.8/site-packages/airflow/example_dags/example_branch_datetime_operator.py
[2024-10-18T23:34:04.698+0000] {processor.py:829} INFO - Processing file /home/airflow/.local/lib/python3.8/site-packages/airflow/example_dags/example_branch_datetime_operator.py for tasks to queue
[2024-10-18T23:34:04.706+0000] {logging_mixin.py:151} INFO - [2024-10-18T23:34:04.705+0000] {dagbag.py:536} INFO - Filling up the DagBag from /home/airflow/.local/lib/python3.8/site-packages/airflow/example_dags/example_branch_datetime_operator.py
[2024-10-18T23:34:04.745+0000] {processor.py:839} INFO - DAG(s) dict_keys(['example_branch_datetime_operator_2', 'example_branch_datetime_operator', 'example_branch_datetime_operator_3']) retrieved from /home/airflow/.local/lib/python3.8/site-packages/airflow/example_dags/example_branch_datetime_operator.py
[2024-10-18T23:34:04.855+0000] {logging_mixin.py:151} INFO - [2024-10-18T23:34:04.854+0000] {dag.py:2941} INFO - Sync 3 DAGs
[2024-10-18T23:34:04.949+0000] {logging_mixin.py:151} INFO - [2024-10-18T23:34:04.949+0000] {dag.py:3722} INFO - Setting next_dagrun for example_branch_datetime_operator to 2024-10-17T00:00:00+00:00, run_after=2024-10-18T00:00:00+00:00
[2024-10-18T23:34:04.965+0000] {logging_mixin.py:151} INFO - [2024-10-18T23:34:04.964+0000] {dag.py:3722} INFO - Setting next_dagrun for example_branch_datetime_operator_2 to 2024-10-17T00:00:00+00:00, run_after=2024-10-18T00:00:00+00:00
[2024-10-18T23:34:04.972+0000] {logging_mixin.py:151} INFO - [2024-10-18T23:34:04.972+0000] {dag.py:3722} INFO - Setting next_dagrun for example_branch_datetime_operator_3 to 2024-10-17T00:00:00+00:00, run_after=2024-10-18T00:00:00+00:00
[2024-10-18T23:34:05.027+0000] {processor.py:179} INFO - Processing /home/airflow/.local/lib/python3.8/site-packages/airflow/example_dags/example_branch_datetime_operator.py took 0.346 seconds
[2024-10-18T23:34:35.072+0000] {processor.py:157} INFO - Started process (PID=385) to work on /home/airflow/.local/lib/python3.8/site-packages/airflow/example_dags/example_branch_datetime_operator.py
[2024-10-18T23:34:35.074+0000] {processor.py:829} INFO - Processing file /home/airflow/.local/lib/python3.8/site-packages/airflow/example_dags/example_branch_datetime_operator.py for tasks to queue
[2024-10-18T23:34:35.080+0000] {logging_mixin.py:151} INFO - [2024-10-18T23:34:35.079+0000] {dagbag.py:536} INFO - Filling up the DagBag from /home/airflow/.local/lib/python3.8/site-packages/airflow/example_dags/example_branch_datetime_operator.py
[2024-10-18T23:34:35.103+0000] {processor.py:839} INFO - DAG(s) dict_keys(['example_branch_datetime_operator_2', 'example_branch_datetime_operator_3', 'example_branch_datetime_operator']) retrieved from /home/airflow/.local/lib/python3.8/site-packages/airflow/example_dags/example_branch_datetime_operator.py
[2024-10-18T23:34:35.171+0000] {logging_mixin.py:151} INFO - [2024-10-18T23:34:35.170+0000] {dag.py:2941} INFO - Sync 3 DAGs
[2024-10-18T23:34:35.219+0000] {logging_mixin.py:151} INFO - [2024-10-18T23:34:35.219+0000] {dag.py:3722} INFO - Setting next_dagrun for example_branch_datetime_operator to 2024-10-17T00:00:00+00:00, run_after=2024-10-18T00:00:00+00:00
[2024-10-18T23:34:35.231+0000] {logging_mixin.py:151} INFO - [2024-10-18T23:34:35.230+0000] {dag.py:3722} INFO - Setting next_dagrun for example_branch_datetime_operator_2 to 2024-10-17T00:00:00+00:00, run_after=2024-10-18T00:00:00+00:00
[2024-10-18T23:34:35.237+0000] {logging_mixin.py:151} INFO - [2024-10-18T23:34:35.237+0000] {dag.py:3722} INFO - Setting next_dagrun for example_branch_datetime_operator_3 to 2024-10-17T00:00:00+00:00, run_after=2024-10-18T00:00:00+00:00
[2024-10-18T23:34:35.274+0000] {processor.py:179} INFO - Processing /home/airflow/.local/lib/python3.8/site-packages/airflow/example_dags/example_branch_datetime_operator.py took 0.208 seconds
[2024-10-18T23:35:05.837+0000] {processor.py:157} INFO - Started process (PID=439) to work on /home/airflow/.local/lib/python3.8/site-packages/airflow/example_dags/example_branch_datetime_operator.py
[2024-10-18T23:35:05.839+0000] {processor.py:829} INFO - Processing file /home/airflow/.local/lib/python3.8/site-packages/airflow/example_dags/example_branch_datetime_operator.py for tasks to queue
[2024-10-18T23:35:05.845+0000] {logging_mixin.py:151} INFO - [2024-10-18T23:35:05.844+0000] {dagbag.py:536} INFO - Filling up the DagBag from /home/airflow/.local/lib/python3.8/site-packages/airflow/example_dags/example_branch_datetime_operator.py
[2024-10-18T23:35:05.869+0000] {processor.py:839} INFO - DAG(s) dict_keys(['example_branch_datetime_operator_2', 'example_branch_datetime_operator', 'example_branch_datetime_operator_3']) retrieved from /home/airflow/.local/lib/python3.8/site-packages/airflow/example_dags/example_branch_datetime_operator.py
[2024-10-18T23:35:05.932+0000] {logging_mixin.py:151} INFO - [2024-10-18T23:35:05.932+0000] {dag.py:2941} INFO - Sync 3 DAGs
[2024-10-18T23:35:05.985+0000] {logging_mixin.py:151} INFO - [2024-10-18T23:35:05.985+0000] {dag.py:3722} INFO - Setting next_dagrun for example_branch_datetime_operator to 2024-10-17T00:00:00+00:00, run_after=2024-10-18T00:00:00+00:00
[2024-10-18T23:35:05.996+0000] {logging_mixin.py:151} INFO - [2024-10-18T23:35:05.996+0000] {dag.py:3722} INFO - Setting next_dagrun for example_branch_datetime_operator_2 to 2024-10-17T00:00:00+00:00, run_after=2024-10-18T00:00:00+00:00
[2024-10-18T23:35:06.002+0000] {logging_mixin.py:151} INFO - [2024-10-18T23:35:06.002+0000] {dag.py:3722} INFO - Setting next_dagrun for example_branch_datetime_operator_3 to 2024-10-17T00:00:00+00:00, run_after=2024-10-18T00:00:00+00:00
[2024-10-18T23:35:06.038+0000] {processor.py:179} INFO - Processing /home/airflow/.local/lib/python3.8/site-packages/airflow/example_dags/example_branch_datetime_operator.py took 0.209 seconds
[2024-10-18T23:35:37.021+0000] {processor.py:157} INFO - Started process (PID=492) to work on /home/airflow/.local/lib/python3.8/site-packages/airflow/example_dags/example_branch_datetime_operator.py
[2024-10-18T23:35:37.023+0000] {processor.py:829} INFO - Processing file /home/airflow/.local/lib/python3.8/site-packages/airflow/example_dags/example_branch_datetime_operator.py for tasks to queue
[2024-10-18T23:35:37.028+0000] {logging_mixin.py:151} INFO - [2024-10-18T23:35:37.027+0000] {dagbag.py:536} INFO - Filling up the DagBag from /home/airflow/.local/lib/python3.8/site-packages/airflow/example_dags/example_branch_datetime_operator.py
[2024-10-18T23:35:37.050+0000] {processor.py:839} INFO - DAG(s) dict_keys(['example_branch_datetime_operator_2', 'example_branch_datetime_operator', 'example_branch_datetime_operator_3']) retrieved from /home/airflow/.local/lib/python3.8/site-packages/airflow/example_dags/example_branch_datetime_operator.py
[2024-10-18T23:35:37.109+0000] {logging_mixin.py:151} INFO - [2024-10-18T23:35:37.108+0000] {dag.py:2941} INFO - Sync 3 DAGs
[2024-10-18T23:35:37.156+0000] {logging_mixin.py:151} INFO - [2024-10-18T23:35:37.155+0000] {dag.py:3722} INFO - Setting next_dagrun for example_branch_datetime_operator to 2024-10-17T00:00:00+00:00, run_after=2024-10-18T00:00:00+00:00
[2024-10-18T23:35:37.166+0000] {logging_mixin.py:151} INFO - [2024-10-18T23:35:37.166+0000] {dag.py:3722} INFO - Setting next_dagrun for example_branch_datetime_operator_2 to 2024-10-17T00:00:00+00:00, run_after=2024-10-18T00:00:00+00:00
[2024-10-18T23:35:37.172+0000] {logging_mixin.py:151} INFO - [2024-10-18T23:35:37.171+0000] {dag.py:3722} INFO - Setting next_dagrun for example_branch_datetime_operator_3 to 2024-10-17T00:00:00+00:00, run_after=2024-10-18T00:00:00+00:00
[2024-10-18T23:35:37.206+0000] {processor.py:179} INFO - Processing /home/airflow/.local/lib/python3.8/site-packages/airflow/example_dags/example_branch_datetime_operator.py took 0.191 seconds
[2024-10-18T23:36:08.509+0000] {processor.py:157} INFO - Started process (PID=546) to work on /home/airflow/.local/lib/python3.8/site-packages/airflow/example_dags/example_branch_datetime_operator.py
[2024-10-18T23:36:08.521+0000] {processor.py:829} INFO - Processing file /home/airflow/.local/lib/python3.8/site-packages/airflow/example_dags/example_branch_datetime_operator.py for tasks to queue
[2024-10-18T23:36:08.530+0000] {logging_mixin.py:151} INFO - [2024-10-18T23:36:08.529+0000] {dagbag.py:536} INFO - Filling up the DagBag from /home/airflow/.local/lib/python3.8/site-packages/airflow/example_dags/example_branch_datetime_operator.py
[2024-10-18T23:36:08.589+0000] {processor.py:839} INFO - DAG(s) dict_keys(['example_branch_datetime_operator_3', 'example_branch_datetime_operator_2', 'example_branch_datetime_operator']) retrieved from /home/airflow/.local/lib/python3.8/site-packages/airflow/example_dags/example_branch_datetime_operator.py
[2024-10-18T23:36:08.684+0000] {logging_mixin.py:151} INFO - [2024-10-18T23:36:08.684+0000] {dag.py:2941} INFO - Sync 3 DAGs
[2024-10-18T23:36:08.756+0000] {logging_mixin.py:151} INFO - [2024-10-18T23:36:08.754+0000] {dag.py:3722} INFO - Setting next_dagrun for example_branch_datetime_operator to 2024-10-17T00:00:00+00:00, run_after=2024-10-18T00:00:00+00:00
[2024-10-18T23:36:08.779+0000] {logging_mixin.py:151} INFO - [2024-10-18T23:36:08.779+0000] {dag.py:3722} INFO - Setting next_dagrun for example_branch_datetime_operator_2 to 2024-10-17T00:00:00+00:00, run_after=2024-10-18T00:00:00+00:00
[2024-10-18T23:36:08.789+0000] {logging_mixin.py:151} INFO - [2024-10-18T23:36:08.788+0000] {dag.py:3722} INFO - Setting next_dagrun for example_branch_datetime_operator_3 to 2024-10-17T00:00:00+00:00, run_after=2024-10-18T00:00:00+00:00
[2024-10-18T23:36:08.880+0000] {processor.py:179} INFO - Processing /home/airflow/.local/lib/python3.8/site-packages/airflow/example_dags/example_branch_datetime_operator.py took 0.396 seconds
[2024-10-18T23:39:01.135+0000] {processor.py:157} INFO - Started process (PID=115) to work on /home/airflow/.local/lib/python3.8/site-packages/airflow/example_dags/example_branch_datetime_operator.py
[2024-10-18T23:39:01.137+0000] {processor.py:829} INFO - Processing file /home/airflow/.local/lib/python3.8/site-packages/airflow/example_dags/example_branch_datetime_operator.py for tasks to queue
[2024-10-18T23:39:01.145+0000] {logging_mixin.py:151} INFO - [2024-10-18T23:39:01.144+0000] {dagbag.py:536} INFO - Filling up the DagBag from /home/airflow/.local/lib/python3.8/site-packages/airflow/example_dags/example_branch_datetime_operator.py
[2024-10-18T23:39:01.248+0000] {processor.py:839} INFO - DAG(s) dict_keys(['example_branch_datetime_operator_3', 'example_branch_datetime_operator', 'example_branch_datetime_operator_2']) retrieved from /home/airflow/.local/lib/python3.8/site-packages/airflow/example_dags/example_branch_datetime_operator.py
[2024-10-18T23:39:01.410+0000] {logging_mixin.py:151} INFO - [2024-10-18T23:39:01.410+0000] {dag.py:2941} INFO - Sync 3 DAGs
[2024-10-18T23:39:01.471+0000] {logging_mixin.py:151} INFO - [2024-10-18T23:39:01.471+0000] {dag.py:3722} INFO - Setting next_dagrun for example_branch_datetime_operator to 2024-10-17T00:00:00+00:00, run_after=2024-10-18T00:00:00+00:00
[2024-10-18T23:39:01.484+0000] {logging_mixin.py:151} INFO - [2024-10-18T23:39:01.484+0000] {dag.py:3722} INFO - Setting next_dagrun for example_branch_datetime_operator_2 to 2024-10-17T00:00:00+00:00, run_after=2024-10-18T00:00:00+00:00
[2024-10-18T23:39:01.494+0000] {logging_mixin.py:151} INFO - [2024-10-18T23:39:01.494+0000] {dag.py:3722} INFO - Setting next_dagrun for example_branch_datetime_operator_3 to 2024-10-17T00:00:00+00:00, run_after=2024-10-18T00:00:00+00:00
[2024-10-18T23:39:01.538+0000] {processor.py:179} INFO - Processing /home/airflow/.local/lib/python3.8/site-packages/airflow/example_dags/example_branch_datetime_operator.py took 0.411 seconds
[2024-10-18T23:39:31.775+0000] {processor.py:157} INFO - Started process (PID=169) to work on /home/airflow/.local/lib/python3.8/site-packages/airflow/example_dags/example_branch_datetime_operator.py
[2024-10-18T23:39:31.777+0000] {processor.py:829} INFO - Processing file /home/airflow/.local/lib/python3.8/site-packages/airflow/example_dags/example_branch_datetime_operator.py for tasks to queue
[2024-10-18T23:39:31.782+0000] {logging_mixin.py:151} INFO - [2024-10-18T23:39:31.781+0000] {dagbag.py:536} INFO - Filling up the DagBag from /home/airflow/.local/lib/python3.8/site-packages/airflow/example_dags/example_branch_datetime_operator.py
[2024-10-18T23:39:31.814+0000] {processor.py:839} INFO - DAG(s) dict_keys(['example_branch_datetime_operator_3', 'example_branch_datetime_operator_2', 'example_branch_datetime_operator']) retrieved from /home/airflow/.local/lib/python3.8/site-packages/airflow/example_dags/example_branch_datetime_operator.py
[2024-10-18T23:39:31.888+0000] {logging_mixin.py:151} INFO - [2024-10-18T23:39:31.888+0000] {dag.py:2941} INFO - Sync 3 DAGs
[2024-10-18T23:39:31.943+0000] {logging_mixin.py:151} INFO - [2024-10-18T23:39:31.942+0000] {dag.py:3722} INFO - Setting next_dagrun for example_branch_datetime_operator to 2024-10-17T00:00:00+00:00, run_after=2024-10-18T00:00:00+00:00
[2024-10-18T23:39:31.954+0000] {logging_mixin.py:151} INFO - [2024-10-18T23:39:31.953+0000] {dag.py:3722} INFO - Setting next_dagrun for example_branch_datetime_operator_2 to 2024-10-17T00:00:00+00:00, run_after=2024-10-18T00:00:00+00:00
[2024-10-18T23:39:31.962+0000] {logging_mixin.py:151} INFO - [2024-10-18T23:39:31.961+0000] {dag.py:3722} INFO - Setting next_dagrun for example_branch_datetime_operator_3 to 2024-10-17T00:00:00+00:00, run_after=2024-10-18T00:00:00+00:00
[2024-10-18T23:39:32.004+0000] {processor.py:179} INFO - Processing /home/airflow/.local/lib/python3.8/site-packages/airflow/example_dags/example_branch_datetime_operator.py took 0.237 seconds
[2024-10-18T23:40:02.497+0000] {processor.py:157} INFO - Started process (PID=223) to work on /home/airflow/.local/lib/python3.8/site-packages/airflow/example_dags/example_branch_datetime_operator.py
[2024-10-18T23:40:02.503+0000] {processor.py:829} INFO - Processing file /home/airflow/.local/lib/python3.8/site-packages/airflow/example_dags/example_branch_datetime_operator.py for tasks to queue
[2024-10-18T23:40:02.514+0000] {logging_mixin.py:151} INFO - [2024-10-18T23:40:02.508+0000] {dagbag.py:536} INFO - Filling up the DagBag from /home/airflow/.local/lib/python3.8/site-packages/airflow/example_dags/example_branch_datetime_operator.py
[2024-10-18T23:40:02.537+0000] {processor.py:839} INFO - DAG(s) dict_keys(['example_branch_datetime_operator', 'example_branch_datetime_operator_2', 'example_branch_datetime_operator_3']) retrieved from /home/airflow/.local/lib/python3.8/site-packages/airflow/example_dags/example_branch_datetime_operator.py
[2024-10-18T23:40:02.592+0000] {logging_mixin.py:151} INFO - [2024-10-18T23:40:02.592+0000] {dag.py:2941} INFO - Sync 3 DAGs
[2024-10-18T23:40:02.641+0000] {logging_mixin.py:151} INFO - [2024-10-18T23:40:02.641+0000] {dag.py:3722} INFO - Setting next_dagrun for example_branch_datetime_operator to 2024-10-17T00:00:00+00:00, run_after=2024-10-18T00:00:00+00:00
[2024-10-18T23:40:02.653+0000] {logging_mixin.py:151} INFO - [2024-10-18T23:40:02.653+0000] {dag.py:3722} INFO - Setting next_dagrun for example_branch_datetime_operator_2 to 2024-10-17T00:00:00+00:00, run_after=2024-10-18T00:00:00+00:00
[2024-10-18T23:40:02.657+0000] {logging_mixin.py:151} INFO - [2024-10-18T23:40:02.657+0000] {dag.py:3722} INFO - Setting next_dagrun for example_branch_datetime_operator_3 to 2024-10-17T00:00:00+00:00, run_after=2024-10-18T00:00:00+00:00
[2024-10-18T23:40:02.710+0000] {processor.py:179} INFO - Processing /home/airflow/.local/lib/python3.8/site-packages/airflow/example_dags/example_branch_datetime_operator.py took 0.221 seconds
[2024-10-18T23:41:19.617+0000] {processor.py:157} INFO - Started process (PID=307) to work on /home/airflow/.local/lib/python3.8/site-packages/airflow/example_dags/example_branch_datetime_operator.py
[2024-10-18T23:41:19.619+0000] {processor.py:829} INFO - Processing file /home/airflow/.local/lib/python3.8/site-packages/airflow/example_dags/example_branch_datetime_operator.py for tasks to queue
[2024-10-18T23:41:19.633+0000] {logging_mixin.py:151} INFO - [2024-10-18T23:41:19.632+0000] {dagbag.py:536} INFO - Filling up the DagBag from /home/airflow/.local/lib/python3.8/site-packages/airflow/example_dags/example_branch_datetime_operator.py
[2024-10-18T23:41:19.703+0000] {processor.py:839} INFO - DAG(s) dict_keys(['example_branch_datetime_operator_3', 'example_branch_datetime_operator', 'example_branch_datetime_operator_2']) retrieved from /home/airflow/.local/lib/python3.8/site-packages/airflow/example_dags/example_branch_datetime_operator.py
[2024-10-18T23:41:19.818+0000] {logging_mixin.py:151} INFO - [2024-10-18T23:41:19.816+0000] {dag.py:2941} INFO - Sync 3 DAGs
[2024-10-18T23:41:19.894+0000] {logging_mixin.py:151} INFO - [2024-10-18T23:41:19.894+0000] {dag.py:3722} INFO - Setting next_dagrun for example_branch_datetime_operator to 2024-10-17T00:00:00+00:00, run_after=2024-10-18T00:00:00+00:00
[2024-10-18T23:41:19.912+0000] {logging_mixin.py:151} INFO - [2024-10-18T23:41:19.912+0000] {dag.py:3722} INFO - Setting next_dagrun for example_branch_datetime_operator_2 to 2024-10-17T00:00:00+00:00, run_after=2024-10-18T00:00:00+00:00
[2024-10-18T23:41:19.926+0000] {logging_mixin.py:151} INFO - [2024-10-18T23:41:19.925+0000] {dag.py:3722} INFO - Setting next_dagrun for example_branch_datetime_operator_3 to 2024-10-17T00:00:00+00:00, run_after=2024-10-18T00:00:00+00:00
[2024-10-18T23:41:19.977+0000] {processor.py:179} INFO - Processing /home/airflow/.local/lib/python3.8/site-packages/airflow/example_dags/example_branch_datetime_operator.py took 0.374 seconds
[2024-10-18T23:42:37.553+0000] {processor.py:157} INFO - Started process (PID=376) to work on /home/airflow/.local/lib/python3.8/site-packages/airflow/example_dags/example_branch_datetime_operator.py
[2024-10-18T23:42:37.572+0000] {processor.py:829} INFO - Processing file /home/airflow/.local/lib/python3.8/site-packages/airflow/example_dags/example_branch_datetime_operator.py for tasks to queue
[2024-10-18T23:42:37.577+0000] {logging_mixin.py:151} INFO - [2024-10-18T23:42:37.577+0000] {dagbag.py:536} INFO - Filling up the DagBag from /home/airflow/.local/lib/python3.8/site-packages/airflow/example_dags/example_branch_datetime_operator.py
[2024-10-18T23:42:37.842+0000] {processor.py:839} INFO - DAG(s) dict_keys(['example_branch_datetime_operator_2', 'example_branch_datetime_operator_3', 'example_branch_datetime_operator']) retrieved from /home/airflow/.local/lib/python3.8/site-packages/airflow/example_dags/example_branch_datetime_operator.py
[2024-10-18T23:42:38.275+0000] {logging_mixin.py:151} INFO - [2024-10-18T23:42:38.253+0000] {dag.py:2941} INFO - Sync 3 DAGs
[2024-10-18T23:42:38.620+0000] {logging_mixin.py:151} INFO - [2024-10-18T23:42:38.615+0000] {dag.py:3722} INFO - Setting next_dagrun for example_branch_datetime_operator to 2024-10-17T00:00:00+00:00, run_after=2024-10-18T00:00:00+00:00
[2024-10-18T23:42:38.669+0000] {logging_mixin.py:151} INFO - [2024-10-18T23:42:38.669+0000] {dag.py:3722} INFO - Setting next_dagrun for example_branch_datetime_operator_2 to 2024-10-17T00:00:00+00:00, run_after=2024-10-18T00:00:00+00:00
[2024-10-18T23:42:38.703+0000] {logging_mixin.py:151} INFO - [2024-10-18T23:42:38.703+0000] {dag.py:3722} INFO - Setting next_dagrun for example_branch_datetime_operator_3 to 2024-10-17T00:00:00+00:00, run_after=2024-10-18T00:00:00+00:00
[2024-10-18T23:42:38.979+0000] {processor.py:179} INFO - Processing /home/airflow/.local/lib/python3.8/site-packages/airflow/example_dags/example_branch_datetime_operator.py took 1.446 seconds
[2024-10-18T23:43:34.338+0000] {processor.py:157} INFO - Started process (PID=432) to work on /home/airflow/.local/lib/python3.8/site-packages/airflow/example_dags/example_branch_datetime_operator.py
[2024-10-18T23:43:34.342+0000] {processor.py:829} INFO - Processing file /home/airflow/.local/lib/python3.8/site-packages/airflow/example_dags/example_branch_datetime_operator.py for tasks to queue
[2024-10-18T23:43:34.355+0000] {logging_mixin.py:151} INFO - [2024-10-18T23:43:34.354+0000] {dagbag.py:536} INFO - Filling up the DagBag from /home/airflow/.local/lib/python3.8/site-packages/airflow/example_dags/example_branch_datetime_operator.py
[2024-10-18T23:43:34.491+0000] {processor.py:839} INFO - DAG(s) dict_keys(['example_branch_datetime_operator_3', 'example_branch_datetime_operator', 'example_branch_datetime_operator_2']) retrieved from /home/airflow/.local/lib/python3.8/site-packages/airflow/example_dags/example_branch_datetime_operator.py
[2024-10-18T23:43:34.771+0000] {logging_mixin.py:151} INFO - [2024-10-18T23:43:34.771+0000] {dag.py:2941} INFO - Sync 3 DAGs
[2024-10-18T23:43:34.902+0000] {logging_mixin.py:151} INFO - [2024-10-18T23:43:34.902+0000] {dag.py:3722} INFO - Setting next_dagrun for example_branch_datetime_operator to 2024-10-17T00:00:00+00:00, run_after=2024-10-18T00:00:00+00:00
[2024-10-18T23:43:35.218+0000] {logging_mixin.py:151} INFO - [2024-10-18T23:43:35.218+0000] {dag.py:3722} INFO - Setting next_dagrun for example_branch_datetime_operator_2 to 2024-10-17T00:00:00+00:00, run_after=2024-10-18T00:00:00+00:00
[2024-10-18T23:43:35.291+0000] {logging_mixin.py:151} INFO - [2024-10-18T23:43:35.290+0000] {dag.py:3722} INFO - Setting next_dagrun for example_branch_datetime_operator_3 to 2024-10-17T00:00:00+00:00, run_after=2024-10-18T00:00:00+00:00
[2024-10-18T23:43:35.862+0000] {processor.py:179} INFO - Processing /home/airflow/.local/lib/python3.8/site-packages/airflow/example_dags/example_branch_datetime_operator.py took 1.554 seconds
[2024-10-18T23:44:06.708+0000] {processor.py:157} INFO - Started process (PID=486) to work on /home/airflow/.local/lib/python3.8/site-packages/airflow/example_dags/example_branch_datetime_operator.py
[2024-10-18T23:44:06.710+0000] {processor.py:829} INFO - Processing file /home/airflow/.local/lib/python3.8/site-packages/airflow/example_dags/example_branch_datetime_operator.py for tasks to queue
[2024-10-18T23:44:06.715+0000] {logging_mixin.py:151} INFO - [2024-10-18T23:44:06.714+0000] {dagbag.py:536} INFO - Filling up the DagBag from /home/airflow/.local/lib/python3.8/site-packages/airflow/example_dags/example_branch_datetime_operator.py
[2024-10-18T23:44:06.754+0000] {processor.py:839} INFO - DAG(s) dict_keys(['example_branch_datetime_operator', 'example_branch_datetime_operator_3', 'example_branch_datetime_operator_2']) retrieved from /home/airflow/.local/lib/python3.8/site-packages/airflow/example_dags/example_branch_datetime_operator.py
[2024-10-18T23:44:06.832+0000] {logging_mixin.py:151} INFO - [2024-10-18T23:44:06.832+0000] {dag.py:2941} INFO - Sync 3 DAGs
[2024-10-18T23:44:06.885+0000] {logging_mixin.py:151} INFO - [2024-10-18T23:44:06.884+0000] {dag.py:3722} INFO - Setting next_dagrun for example_branch_datetime_operator to 2024-10-17T00:00:00+00:00, run_after=2024-10-18T00:00:00+00:00
[2024-10-18T23:44:06.898+0000] {logging_mixin.py:151} INFO - [2024-10-18T23:44:06.897+0000] {dag.py:3722} INFO - Setting next_dagrun for example_branch_datetime_operator_2 to 2024-10-17T00:00:00+00:00, run_after=2024-10-18T00:00:00+00:00
[2024-10-18T23:44:06.904+0000] {logging_mixin.py:151} INFO - [2024-10-18T23:44:06.904+0000] {dag.py:3722} INFO - Setting next_dagrun for example_branch_datetime_operator_3 to 2024-10-17T00:00:00+00:00, run_after=2024-10-18T00:00:00+00:00
[2024-10-18T23:44:06.942+0000] {processor.py:179} INFO - Processing /home/airflow/.local/lib/python3.8/site-packages/airflow/example_dags/example_branch_datetime_operator.py took 0.242 seconds
[2024-10-18T23:44:37.296+0000] {processor.py:157} INFO - Started process (PID=540) to work on /home/airflow/.local/lib/python3.8/site-packages/airflow/example_dags/example_branch_datetime_operator.py
[2024-10-18T23:44:37.302+0000] {processor.py:829} INFO - Processing file /home/airflow/.local/lib/python3.8/site-packages/airflow/example_dags/example_branch_datetime_operator.py for tasks to queue
[2024-10-18T23:44:37.307+0000] {logging_mixin.py:151} INFO - [2024-10-18T23:44:37.306+0000] {dagbag.py:536} INFO - Filling up the DagBag from /home/airflow/.local/lib/python3.8/site-packages/airflow/example_dags/example_branch_datetime_operator.py
[2024-10-18T23:44:37.334+0000] {processor.py:839} INFO - DAG(s) dict_keys(['example_branch_datetime_operator_3', 'example_branch_datetime_operator_2', 'example_branch_datetime_operator']) retrieved from /home/airflow/.local/lib/python3.8/site-packages/airflow/example_dags/example_branch_datetime_operator.py
[2024-10-18T23:44:37.396+0000] {logging_mixin.py:151} INFO - [2024-10-18T23:44:37.395+0000] {dag.py:2941} INFO - Sync 3 DAGs
[2024-10-18T23:44:37.455+0000] {logging_mixin.py:151} INFO - [2024-10-18T23:44:37.454+0000] {dag.py:3722} INFO - Setting next_dagrun for example_branch_datetime_operator to 2024-10-17T00:00:00+00:00, run_after=2024-10-18T00:00:00+00:00
[2024-10-18T23:44:37.481+0000] {logging_mixin.py:151} INFO - [2024-10-18T23:44:37.481+0000] {dag.py:3722} INFO - Setting next_dagrun for example_branch_datetime_operator_2 to 2024-10-17T00:00:00+00:00, run_after=2024-10-18T00:00:00+00:00
[2024-10-18T23:44:37.488+0000] {logging_mixin.py:151} INFO - [2024-10-18T23:44:37.488+0000] {dag.py:3722} INFO - Setting next_dagrun for example_branch_datetime_operator_3 to 2024-10-17T00:00:00+00:00, run_after=2024-10-18T00:00:00+00:00
[2024-10-18T23:44:37.549+0000] {processor.py:179} INFO - Processing /home/airflow/.local/lib/python3.8/site-packages/airflow/example_dags/example_branch_datetime_operator.py took 0.266 seconds
[2024-10-18T23:45:10.601+0000] {processor.py:157} INFO - Started process (PID=594) to work on /home/airflow/.local/lib/python3.8/site-packages/airflow/example_dags/example_branch_datetime_operator.py
[2024-10-18T23:45:10.603+0000] {processor.py:829} INFO - Processing file /home/airflow/.local/lib/python3.8/site-packages/airflow/example_dags/example_branch_datetime_operator.py for tasks to queue
[2024-10-18T23:45:10.607+0000] {logging_mixin.py:151} INFO - [2024-10-18T23:45:10.607+0000] {dagbag.py:536} INFO - Filling up the DagBag from /home/airflow/.local/lib/python3.8/site-packages/airflow/example_dags/example_branch_datetime_operator.py
[2024-10-18T23:45:10.634+0000] {processor.py:839} INFO - DAG(s) dict_keys(['example_branch_datetime_operator_2', 'example_branch_datetime_operator_3', 'example_branch_datetime_operator']) retrieved from /home/airflow/.local/lib/python3.8/site-packages/airflow/example_dags/example_branch_datetime_operator.py
[2024-10-18T23:45:10.699+0000] {logging_mixin.py:151} INFO - [2024-10-18T23:45:10.698+0000] {dag.py:2941} INFO - Sync 3 DAGs
[2024-10-18T23:45:10.743+0000] {logging_mixin.py:151} INFO - [2024-10-18T23:45:10.743+0000] {dag.py:3722} INFO - Setting next_dagrun for example_branch_datetime_operator to 2024-10-17T00:00:00+00:00, run_after=2024-10-18T00:00:00+00:00
[2024-10-18T23:45:10.753+0000] {logging_mixin.py:151} INFO - [2024-10-18T23:45:10.753+0000] {dag.py:3722} INFO - Setting next_dagrun for example_branch_datetime_operator_2 to 2024-10-17T00:00:00+00:00, run_after=2024-10-18T00:00:00+00:00
[2024-10-18T23:45:10.757+0000] {logging_mixin.py:151} INFO - [2024-10-18T23:45:10.757+0000] {dag.py:3722} INFO - Setting next_dagrun for example_branch_datetime_operator_3 to 2024-10-17T00:00:00+00:00, run_after=2024-10-18T00:00:00+00:00
[2024-10-18T23:45:10.809+0000] {processor.py:179} INFO - Processing /home/airflow/.local/lib/python3.8/site-packages/airflow/example_dags/example_branch_datetime_operator.py took 0.214 seconds
[2024-10-18T23:45:41.466+0000] {processor.py:157} INFO - Started process (PID=646) to work on /home/airflow/.local/lib/python3.8/site-packages/airflow/example_dags/example_branch_datetime_operator.py
[2024-10-18T23:45:41.468+0000] {processor.py:829} INFO - Processing file /home/airflow/.local/lib/python3.8/site-packages/airflow/example_dags/example_branch_datetime_operator.py for tasks to queue
[2024-10-18T23:45:41.472+0000] {logging_mixin.py:151} INFO - [2024-10-18T23:45:41.471+0000] {dagbag.py:536} INFO - Filling up the DagBag from /home/airflow/.local/lib/python3.8/site-packages/airflow/example_dags/example_branch_datetime_operator.py
[2024-10-18T23:45:41.505+0000] {processor.py:839} INFO - DAG(s) dict_keys(['example_branch_datetime_operator_3', 'example_branch_datetime_operator_2', 'example_branch_datetime_operator']) retrieved from /home/airflow/.local/lib/python3.8/site-packages/airflow/example_dags/example_branch_datetime_operator.py
[2024-10-18T23:45:41.579+0000] {logging_mixin.py:151} INFO - [2024-10-18T23:45:41.578+0000] {dag.py:2941} INFO - Sync 3 DAGs
[2024-10-18T23:45:41.641+0000] {logging_mixin.py:151} INFO - [2024-10-18T23:45:41.641+0000] {dag.py:3722} INFO - Setting next_dagrun for example_branch_datetime_operator to 2024-10-17T00:00:00+00:00, run_after=2024-10-18T00:00:00+00:00
[2024-10-18T23:45:41.654+0000] {logging_mixin.py:151} INFO - [2024-10-18T23:45:41.653+0000] {dag.py:3722} INFO - Setting next_dagrun for example_branch_datetime_operator_2 to 2024-10-17T00:00:00+00:00, run_after=2024-10-18T00:00:00+00:00
[2024-10-18T23:45:41.665+0000] {logging_mixin.py:151} INFO - [2024-10-18T23:45:41.664+0000] {dag.py:3722} INFO - Setting next_dagrun for example_branch_datetime_operator_3 to 2024-10-17T00:00:00+00:00, run_after=2024-10-18T00:00:00+00:00
[2024-10-18T23:45:41.849+0000] {processor.py:179} INFO - Processing /home/airflow/.local/lib/python3.8/site-packages/airflow/example_dags/example_branch_datetime_operator.py took 0.398 seconds
[2024-10-18T23:46:12.132+0000] {processor.py:157} INFO - Started process (PID=699) to work on /home/airflow/.local/lib/python3.8/site-packages/airflow/example_dags/example_branch_datetime_operator.py
[2024-10-18T23:46:12.135+0000] {processor.py:829} INFO - Processing file /home/airflow/.local/lib/python3.8/site-packages/airflow/example_dags/example_branch_datetime_operator.py for tasks to queue
[2024-10-18T23:46:12.143+0000] {logging_mixin.py:151} INFO - [2024-10-18T23:46:12.142+0000] {dagbag.py:536} INFO - Filling up the DagBag from /home/airflow/.local/lib/python3.8/site-packages/airflow/example_dags/example_branch_datetime_operator.py
[2024-10-18T23:46:12.175+0000] {processor.py:839} INFO - DAG(s) dict_keys(['example_branch_datetime_operator_3', 'example_branch_datetime_operator', 'example_branch_datetime_operator_2']) retrieved from /home/airflow/.local/lib/python3.8/site-packages/airflow/example_dags/example_branch_datetime_operator.py
[2024-10-18T23:46:12.273+0000] {logging_mixin.py:151} INFO - [2024-10-18T23:46:12.273+0000] {dag.py:2941} INFO - Sync 3 DAGs
[2024-10-18T23:46:12.383+0000] {logging_mixin.py:151} INFO - [2024-10-18T23:46:12.382+0000] {dag.py:3722} INFO - Setting next_dagrun for example_branch_datetime_operator to 2024-10-17T00:00:00+00:00, run_after=2024-10-18T00:00:00+00:00
[2024-10-18T23:46:12.407+0000] {logging_mixin.py:151} INFO - [2024-10-18T23:46:12.406+0000] {dag.py:3722} INFO - Setting next_dagrun for example_branch_datetime_operator_2 to 2024-10-17T00:00:00+00:00, run_after=2024-10-18T00:00:00+00:00
[2024-10-18T23:46:12.428+0000] {logging_mixin.py:151} INFO - [2024-10-18T23:46:12.426+0000] {dag.py:3722} INFO - Setting next_dagrun for example_branch_datetime_operator_3 to 2024-10-17T00:00:00+00:00, run_after=2024-10-18T00:00:00+00:00
[2024-10-18T23:46:12.511+0000] {processor.py:179} INFO - Processing /home/airflow/.local/lib/python3.8/site-packages/airflow/example_dags/example_branch_datetime_operator.py took 0.390 seconds
[2024-10-18T23:46:42.830+0000] {processor.py:157} INFO - Started process (PID=753) to work on /home/airflow/.local/lib/python3.8/site-packages/airflow/example_dags/example_branch_datetime_operator.py
[2024-10-18T23:46:42.832+0000] {processor.py:829} INFO - Processing file /home/airflow/.local/lib/python3.8/site-packages/airflow/example_dags/example_branch_datetime_operator.py for tasks to queue
[2024-10-18T23:46:42.835+0000] {logging_mixin.py:151} INFO - [2024-10-18T23:46:42.835+0000] {dagbag.py:536} INFO - Filling up the DagBag from /home/airflow/.local/lib/python3.8/site-packages/airflow/example_dags/example_branch_datetime_operator.py
[2024-10-18T23:46:42.852+0000] {processor.py:839} INFO - DAG(s) dict_keys(['example_branch_datetime_operator_2', 'example_branch_datetime_operator', 'example_branch_datetime_operator_3']) retrieved from /home/airflow/.local/lib/python3.8/site-packages/airflow/example_dags/example_branch_datetime_operator.py
[2024-10-18T23:46:42.917+0000] {logging_mixin.py:151} INFO - [2024-10-18T23:46:42.916+0000] {dag.py:2941} INFO - Sync 3 DAGs
[2024-10-18T23:46:42.957+0000] {logging_mixin.py:151} INFO - [2024-10-18T23:46:42.956+0000] {dag.py:3722} INFO - Setting next_dagrun for example_branch_datetime_operator to 2024-10-17T00:00:00+00:00, run_after=2024-10-18T00:00:00+00:00
[2024-10-18T23:46:42.979+0000] {logging_mixin.py:151} INFO - [2024-10-18T23:46:42.979+0000] {dag.py:3722} INFO - Setting next_dagrun for example_branch_datetime_operator_2 to 2024-10-17T00:00:00+00:00, run_after=2024-10-18T00:00:00+00:00
[2024-10-18T23:46:42.986+0000] {logging_mixin.py:151} INFO - [2024-10-18T23:46:42.986+0000] {dag.py:3722} INFO - Setting next_dagrun for example_branch_datetime_operator_3 to 2024-10-17T00:00:00+00:00, run_after=2024-10-18T00:00:00+00:00
[2024-10-18T23:46:43.035+0000] {processor.py:179} INFO - Processing /home/airflow/.local/lib/python3.8/site-packages/airflow/example_dags/example_branch_datetime_operator.py took 0.213 seconds
[2024-10-18T23:47:14.287+0000] {processor.py:157} INFO - Started process (PID=809) to work on /home/airflow/.local/lib/python3.8/site-packages/airflow/example_dags/example_branch_datetime_operator.py
[2024-10-18T23:47:14.291+0000] {processor.py:829} INFO - Processing file /home/airflow/.local/lib/python3.8/site-packages/airflow/example_dags/example_branch_datetime_operator.py for tasks to queue
[2024-10-18T23:47:14.299+0000] {logging_mixin.py:151} INFO - [2024-10-18T23:47:14.298+0000] {dagbag.py:536} INFO - Filling up the DagBag from /home/airflow/.local/lib/python3.8/site-packages/airflow/example_dags/example_branch_datetime_operator.py
[2024-10-18T23:47:14.339+0000] {processor.py:839} INFO - DAG(s) dict_keys(['example_branch_datetime_operator_3', 'example_branch_datetime_operator_2', 'example_branch_datetime_operator']) retrieved from /home/airflow/.local/lib/python3.8/site-packages/airflow/example_dags/example_branch_datetime_operator.py
[2024-10-18T23:47:14.456+0000] {logging_mixin.py:151} INFO - [2024-10-18T23:47:14.455+0000] {dag.py:2941} INFO - Sync 3 DAGs
[2024-10-18T23:47:14.542+0000] {logging_mixin.py:151} INFO - [2024-10-18T23:47:14.541+0000] {dag.py:3722} INFO - Setting next_dagrun for example_branch_datetime_operator to 2024-10-17T00:00:00+00:00, run_after=2024-10-18T00:00:00+00:00
[2024-10-18T23:47:14.554+0000] {logging_mixin.py:151} INFO - [2024-10-18T23:47:14.554+0000] {dag.py:3722} INFO - Setting next_dagrun for example_branch_datetime_operator_2 to 2024-10-17T00:00:00+00:00, run_after=2024-10-18T00:00:00+00:00
[2024-10-18T23:47:14.559+0000] {logging_mixin.py:151} INFO - [2024-10-18T23:47:14.559+0000] {dag.py:3722} INFO - Setting next_dagrun for example_branch_datetime_operator_3 to 2024-10-17T00:00:00+00:00, run_after=2024-10-18T00:00:00+00:00
[2024-10-18T23:47:14.596+0000] {processor.py:179} INFO - Processing /home/airflow/.local/lib/python3.8/site-packages/airflow/example_dags/example_branch_datetime_operator.py took 0.319 seconds
[2024-10-18T23:47:57.969+0000] {processor.py:157} INFO - Started process (PID=878) to work on /home/airflow/.local/lib/python3.8/site-packages/airflow/example_dags/example_branch_datetime_operator.py
[2024-10-18T23:47:58.003+0000] {processor.py:829} INFO - Processing file /home/airflow/.local/lib/python3.8/site-packages/airflow/example_dags/example_branch_datetime_operator.py for tasks to queue
[2024-10-18T23:47:58.007+0000] {logging_mixin.py:151} INFO - [2024-10-18T23:47:58.007+0000] {dagbag.py:536} INFO - Filling up the DagBag from /home/airflow/.local/lib/python3.8/site-packages/airflow/example_dags/example_branch_datetime_operator.py
[2024-10-18T23:47:58.114+0000] {processor.py:839} INFO - DAG(s) dict_keys(['example_branch_datetime_operator', 'example_branch_datetime_operator_3', 'example_branch_datetime_operator_2']) retrieved from /home/airflow/.local/lib/python3.8/site-packages/airflow/example_dags/example_branch_datetime_operator.py
[2024-10-18T23:47:58.530+0000] {logging_mixin.py:151} INFO - [2024-10-18T23:47:58.530+0000] {dag.py:2941} INFO - Sync 3 DAGs
[2024-10-18T23:47:58.612+0000] {logging_mixin.py:151} INFO - [2024-10-18T23:47:58.612+0000] {dag.py:3722} INFO - Setting next_dagrun for example_branch_datetime_operator to 2024-10-17T00:00:00+00:00, run_after=2024-10-18T00:00:00+00:00
[2024-10-18T23:47:58.630+0000] {logging_mixin.py:151} INFO - [2024-10-18T23:47:58.630+0000] {dag.py:3722} INFO - Setting next_dagrun for example_branch_datetime_operator_2 to 2024-10-17T00:00:00+00:00, run_after=2024-10-18T00:00:00+00:00
[2024-10-18T23:47:58.643+0000] {logging_mixin.py:151} INFO - [2024-10-18T23:47:58.643+0000] {dag.py:3722} INFO - Setting next_dagrun for example_branch_datetime_operator_3 to 2024-10-17T00:00:00+00:00, run_after=2024-10-18T00:00:00+00:00
[2024-10-18T23:47:58.693+0000] {processor.py:179} INFO - Processing /home/airflow/.local/lib/python3.8/site-packages/airflow/example_dags/example_branch_datetime_operator.py took 0.806 seconds
[2024-10-18T23:48:28.925+0000] {processor.py:157} INFO - Started process (PID=932) to work on /home/airflow/.local/lib/python3.8/site-packages/airflow/example_dags/example_branch_datetime_operator.py
[2024-10-18T23:48:28.927+0000] {processor.py:829} INFO - Processing file /home/airflow/.local/lib/python3.8/site-packages/airflow/example_dags/example_branch_datetime_operator.py for tasks to queue
[2024-10-18T23:48:28.931+0000] {logging_mixin.py:151} INFO - [2024-10-18T23:48:28.931+0000] {dagbag.py:536} INFO - Filling up the DagBag from /home/airflow/.local/lib/python3.8/site-packages/airflow/example_dags/example_branch_datetime_operator.py
[2024-10-18T23:48:28.958+0000] {processor.py:839} INFO - DAG(s) dict_keys(['example_branch_datetime_operator_3', 'example_branch_datetime_operator_2', 'example_branch_datetime_operator']) retrieved from /home/airflow/.local/lib/python3.8/site-packages/airflow/example_dags/example_branch_datetime_operator.py
[2024-10-18T23:48:29.048+0000] {logging_mixin.py:151} INFO - [2024-10-18T23:48:29.047+0000] {dag.py:2941} INFO - Sync 3 DAGs
[2024-10-18T23:48:29.131+0000] {logging_mixin.py:151} INFO - [2024-10-18T23:48:29.130+0000] {dag.py:3722} INFO - Setting next_dagrun for example_branch_datetime_operator to 2024-10-17T00:00:00+00:00, run_after=2024-10-18T00:00:00+00:00
[2024-10-18T23:48:29.142+0000] {logging_mixin.py:151} INFO - [2024-10-18T23:48:29.142+0000] {dag.py:3722} INFO - Setting next_dagrun for example_branch_datetime_operator_2 to 2024-10-17T00:00:00+00:00, run_after=2024-10-18T00:00:00+00:00
[2024-10-18T23:48:29.149+0000] {logging_mixin.py:151} INFO - [2024-10-18T23:48:29.148+0000] {dag.py:3722} INFO - Setting next_dagrun for example_branch_datetime_operator_3 to 2024-10-17T00:00:00+00:00, run_after=2024-10-18T00:00:00+00:00
[2024-10-18T23:48:29.224+0000] {processor.py:179} INFO - Processing /home/airflow/.local/lib/python3.8/site-packages/airflow/example_dags/example_branch_datetime_operator.py took 0.305 seconds
[2024-10-18T23:49:05.180+0000] {processor.py:157} INFO - Started process (PID=984) to work on /home/airflow/.local/lib/python3.8/site-packages/airflow/example_dags/example_branch_datetime_operator.py
[2024-10-18T23:49:05.182+0000] {processor.py:829} INFO - Processing file /home/airflow/.local/lib/python3.8/site-packages/airflow/example_dags/example_branch_datetime_operator.py for tasks to queue
[2024-10-18T23:49:05.187+0000] {logging_mixin.py:151} INFO - [2024-10-18T23:49:05.186+0000] {dagbag.py:536} INFO - Filling up the DagBag from /home/airflow/.local/lib/python3.8/site-packages/airflow/example_dags/example_branch_datetime_operator.py
[2024-10-18T23:49:05.235+0000] {processor.py:839} INFO - DAG(s) dict_keys(['example_branch_datetime_operator', 'example_branch_datetime_operator_2', 'example_branch_datetime_operator_3']) retrieved from /home/airflow/.local/lib/python3.8/site-packages/airflow/example_dags/example_branch_datetime_operator.py
[2024-10-18T23:49:05.565+0000] {logging_mixin.py:151} INFO - [2024-10-18T23:49:05.564+0000] {dag.py:2941} INFO - Sync 3 DAGs
[2024-10-18T23:49:05.669+0000] {logging_mixin.py:151} INFO - [2024-10-18T23:49:05.668+0000] {dag.py:3722} INFO - Setting next_dagrun for example_branch_datetime_operator to 2024-10-17T00:00:00+00:00, run_after=2024-10-18T00:00:00+00:00
[2024-10-18T23:49:05.726+0000] {logging_mixin.py:151} INFO - [2024-10-18T23:49:05.726+0000] {dag.py:3722} INFO - Setting next_dagrun for example_branch_datetime_operator_2 to 2024-10-17T00:00:00+00:00, run_after=2024-10-18T00:00:00+00:00
[2024-10-18T23:49:05.747+0000] {logging_mixin.py:151} INFO - [2024-10-18T23:49:05.745+0000] {dag.py:3722} INFO - Setting next_dagrun for example_branch_datetime_operator_3 to 2024-10-17T00:00:00+00:00, run_after=2024-10-18T00:00:00+00:00
[2024-10-18T23:49:06.584+0000] {processor.py:179} INFO - Processing /home/airflow/.local/lib/python3.8/site-packages/airflow/example_dags/example_branch_datetime_operator.py took 1.413 seconds
[2024-10-18T23:50:09.556+0000] {processor.py:157} INFO - Started process (PID=1048) to work on /home/airflow/.local/lib/python3.8/site-packages/airflow/example_dags/example_branch_datetime_operator.py
[2024-10-18T23:50:09.574+0000] {processor.py:829} INFO - Processing file /home/airflow/.local/lib/python3.8/site-packages/airflow/example_dags/example_branch_datetime_operator.py for tasks to queue
[2024-10-18T23:50:09.588+0000] {logging_mixin.py:151} INFO - [2024-10-18T23:50:09.583+0000] {dagbag.py:536} INFO - Filling up the DagBag from /home/airflow/.local/lib/python3.8/site-packages/airflow/example_dags/example_branch_datetime_operator.py
[2024-10-18T23:50:09.692+0000] {processor.py:839} INFO - DAG(s) dict_keys(['example_branch_datetime_operator_3', 'example_branch_datetime_operator', 'example_branch_datetime_operator_2']) retrieved from /home/airflow/.local/lib/python3.8/site-packages/airflow/example_dags/example_branch_datetime_operator.py
[2024-10-18T23:50:09.971+0000] {logging_mixin.py:151} INFO - [2024-10-18T23:50:09.970+0000] {dag.py:2941} INFO - Sync 3 DAGs
[2024-10-18T23:50:10.151+0000] {logging_mixin.py:151} INFO - [2024-10-18T23:50:10.151+0000] {dag.py:3722} INFO - Setting next_dagrun for example_branch_datetime_operator to 2024-10-17T00:00:00+00:00, run_after=2024-10-18T00:00:00+00:00
[2024-10-18T23:50:10.167+0000] {logging_mixin.py:151} INFO - [2024-10-18T23:50:10.167+0000] {dag.py:3722} INFO - Setting next_dagrun for example_branch_datetime_operator_2 to 2024-10-17T00:00:00+00:00, run_after=2024-10-18T00:00:00+00:00
[2024-10-18T23:50:10.179+0000] {logging_mixin.py:151} INFO - [2024-10-18T23:50:10.179+0000] {dag.py:3722} INFO - Setting next_dagrun for example_branch_datetime_operator_3 to 2024-10-17T00:00:00+00:00, run_after=2024-10-18T00:00:00+00:00
[2024-10-18T23:50:10.245+0000] {processor.py:179} INFO - Processing /home/airflow/.local/lib/python3.8/site-packages/airflow/example_dags/example_branch_datetime_operator.py took 0.721 seconds
[2024-10-18T23:50:40.991+0000] {processor.py:157} INFO - Started process (PID=1101) to work on /home/airflow/.local/lib/python3.8/site-packages/airflow/example_dags/example_branch_datetime_operator.py
[2024-10-18T23:50:40.994+0000] {processor.py:829} INFO - Processing file /home/airflow/.local/lib/python3.8/site-packages/airflow/example_dags/example_branch_datetime_operator.py for tasks to queue
[2024-10-18T23:50:41.006+0000] {logging_mixin.py:151} INFO - [2024-10-18T23:50:41.005+0000] {dagbag.py:536} INFO - Filling up the DagBag from /home/airflow/.local/lib/python3.8/site-packages/airflow/example_dags/example_branch_datetime_operator.py
[2024-10-18T23:50:41.079+0000] {processor.py:839} INFO - DAG(s) dict_keys(['example_branch_datetime_operator_2', 'example_branch_datetime_operator', 'example_branch_datetime_operator_3']) retrieved from /home/airflow/.local/lib/python3.8/site-packages/airflow/example_dags/example_branch_datetime_operator.py
[2024-10-18T23:50:41.248+0000] {logging_mixin.py:151} INFO - [2024-10-18T23:50:41.247+0000] {dag.py:2941} INFO - Sync 3 DAGs
[2024-10-18T23:50:41.364+0000] {logging_mixin.py:151} INFO - [2024-10-18T23:50:41.363+0000] {dag.py:3722} INFO - Setting next_dagrun for example_branch_datetime_operator to 2024-10-17T00:00:00+00:00, run_after=2024-10-18T00:00:00+00:00
[2024-10-18T23:50:41.395+0000] {logging_mixin.py:151} INFO - [2024-10-18T23:50:41.393+0000] {dag.py:3722} INFO - Setting next_dagrun for example_branch_datetime_operator_2 to 2024-10-17T00:00:00+00:00, run_after=2024-10-18T00:00:00+00:00
[2024-10-18T23:50:41.409+0000] {logging_mixin.py:151} INFO - [2024-10-18T23:50:41.408+0000] {dag.py:3722} INFO - Setting next_dagrun for example_branch_datetime_operator_3 to 2024-10-17T00:00:00+00:00, run_after=2024-10-18T00:00:00+00:00
[2024-10-18T23:50:41.489+0000] {processor.py:179} INFO - Processing /home/airflow/.local/lib/python3.8/site-packages/airflow/example_dags/example_branch_datetime_operator.py took 0.508 seconds
[2024-10-18T23:51:12.427+0000] {processor.py:157} INFO - Started process (PID=1154) to work on /home/airflow/.local/lib/python3.8/site-packages/airflow/example_dags/example_branch_datetime_operator.py
[2024-10-18T23:51:12.431+0000] {processor.py:829} INFO - Processing file /home/airflow/.local/lib/python3.8/site-packages/airflow/example_dags/example_branch_datetime_operator.py for tasks to queue
[2024-10-18T23:51:12.440+0000] {logging_mixin.py:151} INFO - [2024-10-18T23:51:12.439+0000] {dagbag.py:536} INFO - Filling up the DagBag from /home/airflow/.local/lib/python3.8/site-packages/airflow/example_dags/example_branch_datetime_operator.py
[2024-10-18T23:51:12.488+0000] {processor.py:839} INFO - DAG(s) dict_keys(['example_branch_datetime_operator_3', 'example_branch_datetime_operator_2', 'example_branch_datetime_operator']) retrieved from /home/airflow/.local/lib/python3.8/site-packages/airflow/example_dags/example_branch_datetime_operator.py
[2024-10-18T23:51:12.625+0000] {logging_mixin.py:151} INFO - [2024-10-18T23:51:12.622+0000] {dag.py:2941} INFO - Sync 3 DAGs
[2024-10-18T23:51:12.719+0000] {logging_mixin.py:151} INFO - [2024-10-18T23:51:12.719+0000] {dag.py:3722} INFO - Setting next_dagrun for example_branch_datetime_operator to 2024-10-17T00:00:00+00:00, run_after=2024-10-18T00:00:00+00:00
[2024-10-18T23:51:12.731+0000] {logging_mixin.py:151} INFO - [2024-10-18T23:51:12.730+0000] {dag.py:3722} INFO - Setting next_dagrun for example_branch_datetime_operator_2 to 2024-10-17T00:00:00+00:00, run_after=2024-10-18T00:00:00+00:00
[2024-10-18T23:51:12.736+0000] {logging_mixin.py:151} INFO - [2024-10-18T23:51:12.736+0000] {dag.py:3722} INFO - Setting next_dagrun for example_branch_datetime_operator_3 to 2024-10-17T00:00:00+00:00, run_after=2024-10-18T00:00:00+00:00
[2024-10-18T23:51:12.774+0000] {processor.py:179} INFO - Processing /home/airflow/.local/lib/python3.8/site-packages/airflow/example_dags/example_branch_datetime_operator.py took 0.367 seconds
[2024-10-18T23:51:43.144+0000] {processor.py:157} INFO - Started process (PID=1208) to work on /home/airflow/.local/lib/python3.8/site-packages/airflow/example_dags/example_branch_datetime_operator.py
[2024-10-18T23:51:43.148+0000] {processor.py:829} INFO - Processing file /home/airflow/.local/lib/python3.8/site-packages/airflow/example_dags/example_branch_datetime_operator.py for tasks to queue
[2024-10-18T23:51:43.153+0000] {logging_mixin.py:151} INFO - [2024-10-18T23:51:43.152+0000] {dagbag.py:536} INFO - Filling up the DagBag from /home/airflow/.local/lib/python3.8/site-packages/airflow/example_dags/example_branch_datetime_operator.py
[2024-10-18T23:51:43.197+0000] {processor.py:839} INFO - DAG(s) dict_keys(['example_branch_datetime_operator_2', 'example_branch_datetime_operator_3', 'example_branch_datetime_operator']) retrieved from /home/airflow/.local/lib/python3.8/site-packages/airflow/example_dags/example_branch_datetime_operator.py
[2024-10-18T23:51:43.302+0000] {logging_mixin.py:151} INFO - [2024-10-18T23:51:43.302+0000] {dag.py:2941} INFO - Sync 3 DAGs
[2024-10-18T23:51:43.613+0000] {logging_mixin.py:151} INFO - [2024-10-18T23:51:43.613+0000] {dag.py:3722} INFO - Setting next_dagrun for example_branch_datetime_operator to 2024-10-17T00:00:00+00:00, run_after=2024-10-18T00:00:00+00:00
[2024-10-18T23:51:43.623+0000] {logging_mixin.py:151} INFO - [2024-10-18T23:51:43.622+0000] {dag.py:3722} INFO - Setting next_dagrun for example_branch_datetime_operator_2 to 2024-10-17T00:00:00+00:00, run_after=2024-10-18T00:00:00+00:00
[2024-10-18T23:51:43.630+0000] {logging_mixin.py:151} INFO - [2024-10-18T23:51:43.628+0000] {dag.py:3722} INFO - Setting next_dagrun for example_branch_datetime_operator_3 to 2024-10-17T00:00:00+00:00, run_after=2024-10-18T00:00:00+00:00
[2024-10-18T23:51:43.658+0000] {processor.py:179} INFO - Processing /home/airflow/.local/lib/python3.8/site-packages/airflow/example_dags/example_branch_datetime_operator.py took 0.524 seconds
[2024-10-18T23:52:13.918+0000] {processor.py:157} INFO - Started process (PID=1262) to work on /home/airflow/.local/lib/python3.8/site-packages/airflow/example_dags/example_branch_datetime_operator.py
[2024-10-18T23:52:13.921+0000] {processor.py:829} INFO - Processing file /home/airflow/.local/lib/python3.8/site-packages/airflow/example_dags/example_branch_datetime_operator.py for tasks to queue
[2024-10-18T23:52:13.929+0000] {logging_mixin.py:151} INFO - [2024-10-18T23:52:13.928+0000] {dagbag.py:536} INFO - Filling up the DagBag from /home/airflow/.local/lib/python3.8/site-packages/airflow/example_dags/example_branch_datetime_operator.py
[2024-10-18T23:52:14.081+0000] {processor.py:839} INFO - DAG(s) dict_keys(['example_branch_datetime_operator', 'example_branch_datetime_operator_2', 'example_branch_datetime_operator_3']) retrieved from /home/airflow/.local/lib/python3.8/site-packages/airflow/example_dags/example_branch_datetime_operator.py
[2024-10-18T23:52:14.303+0000] {logging_mixin.py:151} INFO - [2024-10-18T23:52:14.303+0000] {dag.py:2941} INFO - Sync 3 DAGs
[2024-10-18T23:52:14.375+0000] {logging_mixin.py:151} INFO - [2024-10-18T23:52:14.375+0000] {dag.py:3722} INFO - Setting next_dagrun for example_branch_datetime_operator to 2024-10-17T00:00:00+00:00, run_after=2024-10-18T00:00:00+00:00
[2024-10-18T23:52:14.390+0000] {logging_mixin.py:151} INFO - [2024-10-18T23:52:14.390+0000] {dag.py:3722} INFO - Setting next_dagrun for example_branch_datetime_operator_2 to 2024-10-17T00:00:00+00:00, run_after=2024-10-18T00:00:00+00:00
[2024-10-18T23:52:14.396+0000] {logging_mixin.py:151} INFO - [2024-10-18T23:52:14.396+0000] {dag.py:3722} INFO - Setting next_dagrun for example_branch_datetime_operator_3 to 2024-10-17T00:00:00+00:00, run_after=2024-10-18T00:00:00+00:00
[2024-10-18T23:52:14.463+0000] {processor.py:179} INFO - Processing /home/airflow/.local/lib/python3.8/site-packages/airflow/example_dags/example_branch_datetime_operator.py took 0.552 seconds
[2024-10-18T23:52:44.612+0000] {processor.py:157} INFO - Started process (PID=1315) to work on /home/airflow/.local/lib/python3.8/site-packages/airflow/example_dags/example_branch_datetime_operator.py
[2024-10-18T23:52:44.615+0000] {processor.py:829} INFO - Processing file /home/airflow/.local/lib/python3.8/site-packages/airflow/example_dags/example_branch_datetime_operator.py for tasks to queue
[2024-10-18T23:52:44.630+0000] {logging_mixin.py:151} INFO - [2024-10-18T23:52:44.629+0000] {dagbag.py:536} INFO - Filling up the DagBag from /home/airflow/.local/lib/python3.8/site-packages/airflow/example_dags/example_branch_datetime_operator.py
[2024-10-18T23:52:44.662+0000] {processor.py:839} INFO - DAG(s) dict_keys(['example_branch_datetime_operator_2', 'example_branch_datetime_operator', 'example_branch_datetime_operator_3']) retrieved from /home/airflow/.local/lib/python3.8/site-packages/airflow/example_dags/example_branch_datetime_operator.py
[2024-10-18T23:52:44.772+0000] {logging_mixin.py:151} INFO - [2024-10-18T23:52:44.771+0000] {dag.py:2941} INFO - Sync 3 DAGs
[2024-10-18T23:52:44.822+0000] {logging_mixin.py:151} INFO - [2024-10-18T23:52:44.821+0000] {dag.py:3722} INFO - Setting next_dagrun for example_branch_datetime_operator to 2024-10-17T00:00:00+00:00, run_after=2024-10-18T00:00:00+00:00
[2024-10-18T23:52:44.833+0000] {logging_mixin.py:151} INFO - [2024-10-18T23:52:44.833+0000] {dag.py:3722} INFO - Setting next_dagrun for example_branch_datetime_operator_2 to 2024-10-17T00:00:00+00:00, run_after=2024-10-18T00:00:00+00:00
[2024-10-18T23:52:44.840+0000] {logging_mixin.py:151} INFO - [2024-10-18T23:52:44.840+0000] {dag.py:3722} INFO - Setting next_dagrun for example_branch_datetime_operator_3 to 2024-10-17T00:00:00+00:00, run_after=2024-10-18T00:00:00+00:00
[2024-10-18T23:52:44.891+0000] {processor.py:179} INFO - Processing /home/airflow/.local/lib/python3.8/site-packages/airflow/example_dags/example_branch_datetime_operator.py took 0.286 seconds
[2024-10-18T23:53:47.717+0000] {processor.py:157} INFO - Started process (PID=1386) to work on /home/airflow/.local/lib/python3.8/site-packages/airflow/example_dags/example_branch_datetime_operator.py
[2024-10-18T23:53:47.726+0000] {processor.py:829} INFO - Processing file /home/airflow/.local/lib/python3.8/site-packages/airflow/example_dags/example_branch_datetime_operator.py for tasks to queue
[2024-10-18T23:53:47.733+0000] {logging_mixin.py:151} INFO - [2024-10-18T23:53:47.733+0000] {dagbag.py:536} INFO - Filling up the DagBag from /home/airflow/.local/lib/python3.8/site-packages/airflow/example_dags/example_branch_datetime_operator.py
[2024-10-18T23:53:47.782+0000] {processor.py:839} INFO - DAG(s) dict_keys(['example_branch_datetime_operator', 'example_branch_datetime_operator_2', 'example_branch_datetime_operator_3']) retrieved from /home/airflow/.local/lib/python3.8/site-packages/airflow/example_dags/example_branch_datetime_operator.py
[2024-10-18T23:53:47.998+0000] {logging_mixin.py:151} INFO - [2024-10-18T23:53:47.998+0000] {dag.py:2941} INFO - Sync 3 DAGs
[2024-10-18T23:53:48.052+0000] {logging_mixin.py:151} INFO - [2024-10-18T23:53:48.051+0000] {dag.py:3722} INFO - Setting next_dagrun for example_branch_datetime_operator to 2024-10-17T00:00:00+00:00, run_after=2024-10-18T00:00:00+00:00
[2024-10-18T23:53:48.068+0000] {logging_mixin.py:151} INFO - [2024-10-18T23:53:48.068+0000] {dag.py:3722} INFO - Setting next_dagrun for example_branch_datetime_operator_2 to 2024-10-17T00:00:00+00:00, run_after=2024-10-18T00:00:00+00:00
[2024-10-18T23:53:48.089+0000] {logging_mixin.py:151} INFO - [2024-10-18T23:53:48.085+0000] {dag.py:3722} INFO - Setting next_dagrun for example_branch_datetime_operator_3 to 2024-10-17T00:00:00+00:00, run_after=2024-10-18T00:00:00+00:00
[2024-10-18T23:53:48.184+0000] {processor.py:179} INFO - Processing /home/airflow/.local/lib/python3.8/site-packages/airflow/example_dags/example_branch_datetime_operator.py took 0.486 seconds
[2024-10-18T23:54:18.675+0000] {processor.py:157} INFO - Started process (PID=1440) to work on /home/airflow/.local/lib/python3.8/site-packages/airflow/example_dags/example_branch_datetime_operator.py
[2024-10-18T23:54:18.678+0000] {processor.py:829} INFO - Processing file /home/airflow/.local/lib/python3.8/site-packages/airflow/example_dags/example_branch_datetime_operator.py for tasks to queue
[2024-10-18T23:54:18.686+0000] {logging_mixin.py:151} INFO - [2024-10-18T23:54:18.684+0000] {dagbag.py:536} INFO - Filling up the DagBag from /home/airflow/.local/lib/python3.8/site-packages/airflow/example_dags/example_branch_datetime_operator.py
[2024-10-18T23:54:18.859+0000] {processor.py:839} INFO - DAG(s) dict_keys(['example_branch_datetime_operator_3', 'example_branch_datetime_operator_2', 'example_branch_datetime_operator']) retrieved from /home/airflow/.local/lib/python3.8/site-packages/airflow/example_dags/example_branch_datetime_operator.py
[2024-10-18T23:54:19.003+0000] {logging_mixin.py:151} INFO - [2024-10-18T23:54:19.002+0000] {dag.py:2941} INFO - Sync 3 DAGs
[2024-10-18T23:54:19.355+0000] {logging_mixin.py:151} INFO - [2024-10-18T23:54:19.355+0000] {dag.py:3722} INFO - Setting next_dagrun for example_branch_datetime_operator to 2024-10-17T00:00:00+00:00, run_after=2024-10-18T00:00:00+00:00
[2024-10-18T23:54:19.376+0000] {logging_mixin.py:151} INFO - [2024-10-18T23:54:19.375+0000] {dag.py:3722} INFO - Setting next_dagrun for example_branch_datetime_operator_2 to 2024-10-17T00:00:00+00:00, run_after=2024-10-18T00:00:00+00:00
[2024-10-18T23:54:19.391+0000] {logging_mixin.py:151} INFO - [2024-10-18T23:54:19.390+0000] {dag.py:3722} INFO - Setting next_dagrun for example_branch_datetime_operator_3 to 2024-10-17T00:00:00+00:00, run_after=2024-10-18T00:00:00+00:00
[2024-10-18T23:54:19.601+0000] {processor.py:179} INFO - Processing /home/airflow/.local/lib/python3.8/site-packages/airflow/example_dags/example_branch_datetime_operator.py took 0.934 seconds
[2024-10-18T23:54:50.200+0000] {processor.py:157} INFO - Started process (PID=1494) to work on /home/airflow/.local/lib/python3.8/site-packages/airflow/example_dags/example_branch_datetime_operator.py
[2024-10-18T23:54:50.203+0000] {processor.py:829} INFO - Processing file /home/airflow/.local/lib/python3.8/site-packages/airflow/example_dags/example_branch_datetime_operator.py for tasks to queue
[2024-10-18T23:54:50.208+0000] {logging_mixin.py:151} INFO - [2024-10-18T23:54:50.207+0000] {dagbag.py:536} INFO - Filling up the DagBag from /home/airflow/.local/lib/python3.8/site-packages/airflow/example_dags/example_branch_datetime_operator.py
[2024-10-18T23:54:50.235+0000] {processor.py:839} INFO - DAG(s) dict_keys(['example_branch_datetime_operator', 'example_branch_datetime_operator_3', 'example_branch_datetime_operator_2']) retrieved from /home/airflow/.local/lib/python3.8/site-packages/airflow/example_dags/example_branch_datetime_operator.py
[2024-10-18T23:54:50.329+0000] {logging_mixin.py:151} INFO - [2024-10-18T23:54:50.328+0000] {dag.py:2941} INFO - Sync 3 DAGs
[2024-10-18T23:54:50.382+0000] {logging_mixin.py:151} INFO - [2024-10-18T23:54:50.381+0000] {dag.py:3722} INFO - Setting next_dagrun for example_branch_datetime_operator to 2024-10-17T00:00:00+00:00, run_after=2024-10-18T00:00:00+00:00
[2024-10-18T23:54:50.396+0000] {logging_mixin.py:151} INFO - [2024-10-18T23:54:50.395+0000] {dag.py:3722} INFO - Setting next_dagrun for example_branch_datetime_operator_2 to 2024-10-17T00:00:00+00:00, run_after=2024-10-18T00:00:00+00:00
[2024-10-18T23:54:50.406+0000] {logging_mixin.py:151} INFO - [2024-10-18T23:54:50.405+0000] {dag.py:3722} INFO - Setting next_dagrun for example_branch_datetime_operator_3 to 2024-10-17T00:00:00+00:00, run_after=2024-10-18T00:00:00+00:00
[2024-10-18T23:54:50.450+0000] {processor.py:179} INFO - Processing /home/airflow/.local/lib/python3.8/site-packages/airflow/example_dags/example_branch_datetime_operator.py took 0.259 seconds
[2024-10-18T23:55:22.073+0000] {processor.py:157} INFO - Started process (PID=1546) to work on /home/airflow/.local/lib/python3.8/site-packages/airflow/example_dags/example_branch_datetime_operator.py
[2024-10-18T23:55:22.077+0000] {processor.py:829} INFO - Processing file /home/airflow/.local/lib/python3.8/site-packages/airflow/example_dags/example_branch_datetime_operator.py for tasks to queue
[2024-10-18T23:55:22.085+0000] {logging_mixin.py:151} INFO - [2024-10-18T23:55:22.084+0000] {dagbag.py:536} INFO - Filling up the DagBag from /home/airflow/.local/lib/python3.8/site-packages/airflow/example_dags/example_branch_datetime_operator.py
[2024-10-18T23:55:22.118+0000] {processor.py:839} INFO - DAG(s) dict_keys(['example_branch_datetime_operator', 'example_branch_datetime_operator_3', 'example_branch_datetime_operator_2']) retrieved from /home/airflow/.local/lib/python3.8/site-packages/airflow/example_dags/example_branch_datetime_operator.py
[2024-10-18T23:55:22.194+0000] {logging_mixin.py:151} INFO - [2024-10-18T23:55:22.193+0000] {dag.py:2941} INFO - Sync 3 DAGs
[2024-10-18T23:55:22.368+0000] {logging_mixin.py:151} INFO - [2024-10-18T23:55:22.367+0000] {dag.py:3722} INFO - Setting next_dagrun for example_branch_datetime_operator to 2024-10-17T00:00:00+00:00, run_after=2024-10-18T00:00:00+00:00
[2024-10-18T23:55:22.380+0000] {logging_mixin.py:151} INFO - [2024-10-18T23:55:22.380+0000] {dag.py:3722} INFO - Setting next_dagrun for example_branch_datetime_operator_2 to 2024-10-17T00:00:00+00:00, run_after=2024-10-18T00:00:00+00:00
[2024-10-18T23:55:22.389+0000] {logging_mixin.py:151} INFO - [2024-10-18T23:55:22.389+0000] {dag.py:3722} INFO - Setting next_dagrun for example_branch_datetime_operator_3 to 2024-10-17T00:00:00+00:00, run_after=2024-10-18T00:00:00+00:00
[2024-10-18T23:55:22.508+0000] {processor.py:179} INFO - Processing /home/airflow/.local/lib/python3.8/site-packages/airflow/example_dags/example_branch_datetime_operator.py took 0.443 seconds
[2024-10-18T23:55:58.277+0000] {processor.py:157} INFO - Started process (PID=1599) to work on /home/airflow/.local/lib/python3.8/site-packages/airflow/example_dags/example_branch_datetime_operator.py
[2024-10-18T23:55:58.282+0000] {processor.py:829} INFO - Processing file /home/airflow/.local/lib/python3.8/site-packages/airflow/example_dags/example_branch_datetime_operator.py for tasks to queue
[2024-10-18T23:55:58.293+0000] {logging_mixin.py:151} INFO - [2024-10-18T23:55:58.292+0000] {dagbag.py:536} INFO - Filling up the DagBag from /home/airflow/.local/lib/python3.8/site-packages/airflow/example_dags/example_branch_datetime_operator.py
[2024-10-18T23:55:58.386+0000] {processor.py:839} INFO - DAG(s) dict_keys(['example_branch_datetime_operator_3', 'example_branch_datetime_operator_2', 'example_branch_datetime_operator']) retrieved from /home/airflow/.local/lib/python3.8/site-packages/airflow/example_dags/example_branch_datetime_operator.py
[2024-10-18T23:55:58.881+0000] {logging_mixin.py:151} INFO - [2024-10-18T23:55:58.881+0000] {dag.py:2941} INFO - Sync 3 DAGs
[2024-10-18T23:55:58.951+0000] {logging_mixin.py:151} INFO - [2024-10-18T23:55:58.951+0000] {dag.py:3722} INFO - Setting next_dagrun for example_branch_datetime_operator to 2024-10-17T00:00:00+00:00, run_after=2024-10-18T00:00:00+00:00
[2024-10-18T23:55:58.963+0000] {logging_mixin.py:151} INFO - [2024-10-18T23:55:58.963+0000] {dag.py:3722} INFO - Setting next_dagrun for example_branch_datetime_operator_2 to 2024-10-17T00:00:00+00:00, run_after=2024-10-18T00:00:00+00:00
[2024-10-18T23:55:58.980+0000] {logging_mixin.py:151} INFO - [2024-10-18T23:55:58.979+0000] {dag.py:3722} INFO - Setting next_dagrun for example_branch_datetime_operator_3 to 2024-10-17T00:00:00+00:00, run_after=2024-10-18T00:00:00+00:00
[2024-10-18T23:55:59.037+0000] {processor.py:179} INFO - Processing /home/airflow/.local/lib/python3.8/site-packages/airflow/example_dags/example_branch_datetime_operator.py took 0.777 seconds
[2024-10-18T23:56:31.667+0000] {processor.py:157} INFO - Started process (PID=1658) to work on /home/airflow/.local/lib/python3.8/site-packages/airflow/example_dags/example_branch_datetime_operator.py
[2024-10-18T23:56:31.668+0000] {processor.py:829} INFO - Processing file /home/airflow/.local/lib/python3.8/site-packages/airflow/example_dags/example_branch_datetime_operator.py for tasks to queue
[2024-10-18T23:56:31.676+0000] {logging_mixin.py:151} INFO - [2024-10-18T23:56:31.675+0000] {dagbag.py:536} INFO - Filling up the DagBag from /home/airflow/.local/lib/python3.8/site-packages/airflow/example_dags/example_branch_datetime_operator.py
[2024-10-18T23:56:31.711+0000] {processor.py:839} INFO - DAG(s) dict_keys(['example_branch_datetime_operator_2', 'example_branch_datetime_operator', 'example_branch_datetime_operator_3']) retrieved from /home/airflow/.local/lib/python3.8/site-packages/airflow/example_dags/example_branch_datetime_operator.py
[2024-10-18T23:56:31.796+0000] {logging_mixin.py:151} INFO - [2024-10-18T23:56:31.795+0000] {dag.py:2941} INFO - Sync 3 DAGs
[2024-10-18T23:56:31.852+0000] {logging_mixin.py:151} INFO - [2024-10-18T23:56:31.852+0000] {dag.py:3722} INFO - Setting next_dagrun for example_branch_datetime_operator to 2024-10-17T00:00:00+00:00, run_after=2024-10-18T00:00:00+00:00
[2024-10-18T23:56:31.869+0000] {logging_mixin.py:151} INFO - [2024-10-18T23:56:31.869+0000] {dag.py:3722} INFO - Setting next_dagrun for example_branch_datetime_operator_2 to 2024-10-17T00:00:00+00:00, run_after=2024-10-18T00:00:00+00:00
[2024-10-18T23:56:31.877+0000] {logging_mixin.py:151} INFO - [2024-10-18T23:56:31.877+0000] {dag.py:3722} INFO - Setting next_dagrun for example_branch_datetime_operator_3 to 2024-10-17T00:00:00+00:00, run_after=2024-10-18T00:00:00+00:00
[2024-10-18T23:56:32.062+0000] {processor.py:179} INFO - Processing /home/airflow/.local/lib/python3.8/site-packages/airflow/example_dags/example_branch_datetime_operator.py took 0.408 seconds
[2024-10-18T23:57:17.982+0000] {processor.py:157} INFO - Started process (PID=1722) to work on /home/airflow/.local/lib/python3.8/site-packages/airflow/example_dags/example_branch_datetime_operator.py
[2024-10-18T23:57:17.985+0000] {processor.py:829} INFO - Processing file /home/airflow/.local/lib/python3.8/site-packages/airflow/example_dags/example_branch_datetime_operator.py for tasks to queue
[2024-10-18T23:57:18.002+0000] {logging_mixin.py:151} INFO - [2024-10-18T23:57:18.000+0000] {dagbag.py:536} INFO - Filling up the DagBag from /home/airflow/.local/lib/python3.8/site-packages/airflow/example_dags/example_branch_datetime_operator.py
[2024-10-18T23:57:18.059+0000] {processor.py:839} INFO - DAG(s) dict_keys(['example_branch_datetime_operator', 'example_branch_datetime_operator_2', 'example_branch_datetime_operator_3']) retrieved from /home/airflow/.local/lib/python3.8/site-packages/airflow/example_dags/example_branch_datetime_operator.py
[2024-10-18T23:57:18.282+0000] {logging_mixin.py:151} INFO - [2024-10-18T23:57:18.281+0000] {dag.py:2941} INFO - Sync 3 DAGs
[2024-10-18T23:57:18.379+0000] {logging_mixin.py:151} INFO - [2024-10-18T23:57:18.379+0000] {dag.py:3722} INFO - Setting next_dagrun for example_branch_datetime_operator to 2024-10-17T00:00:00+00:00, run_after=2024-10-18T00:00:00+00:00
[2024-10-18T23:57:18.404+0000] {logging_mixin.py:151} INFO - [2024-10-18T23:57:18.404+0000] {dag.py:3722} INFO - Setting next_dagrun for example_branch_datetime_operator_2 to 2024-10-17T00:00:00+00:00, run_after=2024-10-18T00:00:00+00:00
[2024-10-18T23:57:18.414+0000] {logging_mixin.py:151} INFO - [2024-10-18T23:57:18.413+0000] {dag.py:3722} INFO - Setting next_dagrun for example_branch_datetime_operator_3 to 2024-10-17T00:00:00+00:00, run_after=2024-10-18T00:00:00+00:00
[2024-10-18T23:57:18.476+0000] {processor.py:179} INFO - Processing /home/airflow/.local/lib/python3.8/site-packages/airflow/example_dags/example_branch_datetime_operator.py took 0.502 seconds
[2024-10-18T23:57:49.116+0000] {processor.py:157} INFO - Started process (PID=1776) to work on /home/airflow/.local/lib/python3.8/site-packages/airflow/example_dags/example_branch_datetime_operator.py
[2024-10-18T23:57:49.118+0000] {processor.py:829} INFO - Processing file /home/airflow/.local/lib/python3.8/site-packages/airflow/example_dags/example_branch_datetime_operator.py for tasks to queue
[2024-10-18T23:57:49.122+0000] {logging_mixin.py:151} INFO - [2024-10-18T23:57:49.122+0000] {dagbag.py:536} INFO - Filling up the DagBag from /home/airflow/.local/lib/python3.8/site-packages/airflow/example_dags/example_branch_datetime_operator.py
[2024-10-18T23:57:49.144+0000] {processor.py:839} INFO - DAG(s) dict_keys(['example_branch_datetime_operator_3', 'example_branch_datetime_operator_2', 'example_branch_datetime_operator']) retrieved from /home/airflow/.local/lib/python3.8/site-packages/airflow/example_dags/example_branch_datetime_operator.py
[2024-10-18T23:57:49.258+0000] {logging_mixin.py:151} INFO - [2024-10-18T23:57:49.258+0000] {dag.py:2941} INFO - Sync 3 DAGs
[2024-10-18T23:57:49.316+0000] {logging_mixin.py:151} INFO - [2024-10-18T23:57:49.315+0000] {dag.py:3722} INFO - Setting next_dagrun for example_branch_datetime_operator to 2024-10-17T00:00:00+00:00, run_after=2024-10-18T00:00:00+00:00
[2024-10-18T23:57:49.325+0000] {logging_mixin.py:151} INFO - [2024-10-18T23:57:49.324+0000] {dag.py:3722} INFO - Setting next_dagrun for example_branch_datetime_operator_2 to 2024-10-17T00:00:00+00:00, run_after=2024-10-18T00:00:00+00:00
[2024-10-18T23:57:49.331+0000] {logging_mixin.py:151} INFO - [2024-10-18T23:57:49.330+0000] {dag.py:3722} INFO - Setting next_dagrun for example_branch_datetime_operator_3 to 2024-10-17T00:00:00+00:00, run_after=2024-10-18T00:00:00+00:00
[2024-10-18T23:57:49.364+0000] {processor.py:179} INFO - Processing /home/airflow/.local/lib/python3.8/site-packages/airflow/example_dags/example_branch_datetime_operator.py took 0.252 seconds
[2024-10-18T23:58:19.513+0000] {processor.py:157} INFO - Started process (PID=1830) to work on /home/airflow/.local/lib/python3.8/site-packages/airflow/example_dags/example_branch_datetime_operator.py
[2024-10-18T23:58:19.515+0000] {processor.py:829} INFO - Processing file /home/airflow/.local/lib/python3.8/site-packages/airflow/example_dags/example_branch_datetime_operator.py for tasks to queue
[2024-10-18T23:58:19.520+0000] {logging_mixin.py:151} INFO - [2024-10-18T23:58:19.519+0000] {dagbag.py:536} INFO - Filling up the DagBag from /home/airflow/.local/lib/python3.8/site-packages/airflow/example_dags/example_branch_datetime_operator.py
[2024-10-18T23:58:19.536+0000] {processor.py:839} INFO - DAG(s) dict_keys(['example_branch_datetime_operator', 'example_branch_datetime_operator_2', 'example_branch_datetime_operator_3']) retrieved from /home/airflow/.local/lib/python3.8/site-packages/airflow/example_dags/example_branch_datetime_operator.py
[2024-10-18T23:58:19.581+0000] {logging_mixin.py:151} INFO - [2024-10-18T23:58:19.581+0000] {dag.py:2941} INFO - Sync 3 DAGs
[2024-10-18T23:58:19.619+0000] {logging_mixin.py:151} INFO - [2024-10-18T23:58:19.619+0000] {dag.py:3722} INFO - Setting next_dagrun for example_branch_datetime_operator to 2024-10-17T00:00:00+00:00, run_after=2024-10-18T00:00:00+00:00
[2024-10-18T23:58:19.627+0000] {logging_mixin.py:151} INFO - [2024-10-18T23:58:19.627+0000] {dag.py:3722} INFO - Setting next_dagrun for example_branch_datetime_operator_2 to 2024-10-17T00:00:00+00:00, run_after=2024-10-18T00:00:00+00:00
[2024-10-18T23:58:19.633+0000] {logging_mixin.py:151} INFO - [2024-10-18T23:58:19.633+0000] {dag.py:3722} INFO - Setting next_dagrun for example_branch_datetime_operator_3 to 2024-10-17T00:00:00+00:00, run_after=2024-10-18T00:00:00+00:00
[2024-10-18T23:58:19.659+0000] {processor.py:179} INFO - Processing /home/airflow/.local/lib/python3.8/site-packages/airflow/example_dags/example_branch_datetime_operator.py took 0.152 seconds
[2024-10-18T23:58:52.004+0000] {processor.py:157} INFO - Started process (PID=1884) to work on /home/airflow/.local/lib/python3.8/site-packages/airflow/example_dags/example_branch_datetime_operator.py
[2024-10-18T23:58:52.076+0000] {processor.py:829} INFO - Processing file /home/airflow/.local/lib/python3.8/site-packages/airflow/example_dags/example_branch_datetime_operator.py for tasks to queue
[2024-10-18T23:58:52.116+0000] {logging_mixin.py:151} INFO - [2024-10-18T23:58:52.115+0000] {dagbag.py:536} INFO - Filling up the DagBag from /home/airflow/.local/lib/python3.8/site-packages/airflow/example_dags/example_branch_datetime_operator.py
[2024-10-18T23:58:52.733+0000] {processor.py:839} INFO - DAG(s) dict_keys(['example_branch_datetime_operator_2', 'example_branch_datetime_operator_3', 'example_branch_datetime_operator']) retrieved from /home/airflow/.local/lib/python3.8/site-packages/airflow/example_dags/example_branch_datetime_operator.py
[2024-10-18T23:58:53.557+0000] {logging_mixin.py:151} INFO - [2024-10-18T23:58:53.551+0000] {dag.py:2941} INFO - Sync 3 DAGs
[2024-10-18T23:58:53.640+0000] {logging_mixin.py:151} INFO - [2024-10-18T23:58:53.639+0000] {dag.py:3722} INFO - Setting next_dagrun for example_branch_datetime_operator to 2024-10-17T00:00:00+00:00, run_after=2024-10-18T00:00:00+00:00
[2024-10-18T23:58:53.655+0000] {logging_mixin.py:151} INFO - [2024-10-18T23:58:53.654+0000] {dag.py:3722} INFO - Setting next_dagrun for example_branch_datetime_operator_2 to 2024-10-17T00:00:00+00:00, run_after=2024-10-18T00:00:00+00:00
[2024-10-18T23:58:53.664+0000] {logging_mixin.py:151} INFO - [2024-10-18T23:58:53.663+0000] {dag.py:3722} INFO - Setting next_dagrun for example_branch_datetime_operator_3 to 2024-10-17T00:00:00+00:00, run_after=2024-10-18T00:00:00+00:00
[2024-10-18T23:58:53.738+0000] {processor.py:179} INFO - Processing /home/airflow/.local/lib/python3.8/site-packages/airflow/example_dags/example_branch_datetime_operator.py took 1.836 seconds
[2024-10-18T23:59:24.187+0000] {processor.py:157} INFO - Started process (PID=1937) to work on /home/airflow/.local/lib/python3.8/site-packages/airflow/example_dags/example_branch_datetime_operator.py
[2024-10-18T23:59:24.193+0000] {processor.py:829} INFO - Processing file /home/airflow/.local/lib/python3.8/site-packages/airflow/example_dags/example_branch_datetime_operator.py for tasks to queue
[2024-10-18T23:59:24.203+0000] {logging_mixin.py:151} INFO - [2024-10-18T23:59:24.202+0000] {dagbag.py:536} INFO - Filling up the DagBag from /home/airflow/.local/lib/python3.8/site-packages/airflow/example_dags/example_branch_datetime_operator.py
[2024-10-18T23:59:24.242+0000] {processor.py:839} INFO - DAG(s) dict_keys(['example_branch_datetime_operator_2', 'example_branch_datetime_operator_3', 'example_branch_datetime_operator']) retrieved from /home/airflow/.local/lib/python3.8/site-packages/airflow/example_dags/example_branch_datetime_operator.py
[2024-10-18T23:59:24.320+0000] {logging_mixin.py:151} INFO - [2024-10-18T23:59:24.320+0000] {dag.py:2941} INFO - Sync 3 DAGs
[2024-10-18T23:59:24.401+0000] {logging_mixin.py:151} INFO - [2024-10-18T23:59:24.401+0000] {dag.py:3722} INFO - Setting next_dagrun for example_branch_datetime_operator to 2024-10-17T00:00:00+00:00, run_after=2024-10-18T00:00:00+00:00
[2024-10-18T23:59:24.417+0000] {logging_mixin.py:151} INFO - [2024-10-18T23:59:24.417+0000] {dag.py:3722} INFO - Setting next_dagrun for example_branch_datetime_operator_2 to 2024-10-17T00:00:00+00:00, run_after=2024-10-18T00:00:00+00:00
[2024-10-18T23:59:24.429+0000] {logging_mixin.py:151} INFO - [2024-10-18T23:59:24.429+0000] {dag.py:3722} INFO - Setting next_dagrun for example_branch_datetime_operator_3 to 2024-10-17T00:00:00+00:00, run_after=2024-10-18T00:00:00+00:00
[2024-10-18T23:59:24.477+0000] {processor.py:179} INFO - Processing /home/airflow/.local/lib/python3.8/site-packages/airflow/example_dags/example_branch_datetime_operator.py took 0.298 seconds
[2024-10-18T23:59:55.398+0000] {processor.py:157} INFO - Started process (PID=1992) to work on /home/airflow/.local/lib/python3.8/site-packages/airflow/example_dags/example_branch_datetime_operator.py
[2024-10-18T23:59:55.402+0000] {processor.py:829} INFO - Processing file /home/airflow/.local/lib/python3.8/site-packages/airflow/example_dags/example_branch_datetime_operator.py for tasks to queue
[2024-10-18T23:59:55.409+0000] {logging_mixin.py:151} INFO - [2024-10-18T23:59:55.408+0000] {dagbag.py:536} INFO - Filling up the DagBag from /home/airflow/.local/lib/python3.8/site-packages/airflow/example_dags/example_branch_datetime_operator.py
[2024-10-18T23:59:55.457+0000] {processor.py:839} INFO - DAG(s) dict_keys(['example_branch_datetime_operator_3', 'example_branch_datetime_operator_2', 'example_branch_datetime_operator']) retrieved from /home/airflow/.local/lib/python3.8/site-packages/airflow/example_dags/example_branch_datetime_operator.py
[2024-10-18T23:59:55.583+0000] {logging_mixin.py:151} INFO - [2024-10-18T23:59:55.582+0000] {dag.py:2941} INFO - Sync 3 DAGs
[2024-10-18T23:59:55.632+0000] {logging_mixin.py:151} INFO - [2024-10-18T23:59:55.631+0000] {dag.py:3722} INFO - Setting next_dagrun for example_branch_datetime_operator to 2024-10-17T00:00:00+00:00, run_after=2024-10-18T00:00:00+00:00
[2024-10-18T23:59:55.645+0000] {logging_mixin.py:151} INFO - [2024-10-18T23:59:55.644+0000] {dag.py:3722} INFO - Setting next_dagrun for example_branch_datetime_operator_2 to 2024-10-17T00:00:00+00:00, run_after=2024-10-18T00:00:00+00:00
[2024-10-18T23:59:55.649+0000] {logging_mixin.py:151} INFO - [2024-10-18T23:59:55.649+0000] {dag.py:3722} INFO - Setting next_dagrun for example_branch_datetime_operator_3 to 2024-10-17T00:00:00+00:00, run_after=2024-10-18T00:00:00+00:00
[2024-10-18T23:59:55.701+0000] {processor.py:179} INFO - Processing /home/airflow/.local/lib/python3.8/site-packages/airflow/example_dags/example_branch_datetime_operator.py took 0.314 seconds
