[2024-10-18T23:31:55.296+0000] {processor.py:157} INFO - Started process (PID=108) to work on /home/airflow/.local/lib/python3.8/site-packages/airflow/example_dags/example_branch_day_of_week_operator.py
[2024-10-18T23:31:55.300+0000] {processor.py:829} INFO - Processing file /home/airflow/.local/lib/python3.8/site-packages/airflow/example_dags/example_branch_day_of_week_operator.py for tasks to queue
[2024-10-18T23:31:55.304+0000] {logging_mixin.py:151} INFO - [2024-10-18T23:31:55.304+0000] {dagbag.py:536} INFO - Filling up the DagBag from /home/airflow/.local/lib/python3.8/site-packages/airflow/example_dags/example_branch_day_of_week_operator.py
[2024-10-18T23:31:55.330+0000] {processor.py:839} INFO - DAG(s) dict_keys(['example_weekday_branch_operator']) retrieved from /home/airflow/.local/lib/python3.8/site-packages/airflow/example_dags/example_branch_day_of_week_operator.py
[2024-10-18T23:31:55.363+0000] {logging_mixin.py:151} INFO - [2024-10-18T23:31:55.363+0000] {dag.py:2941} INFO - Sync 1 DAGs
[2024-10-18T23:31:55.434+0000] {logging_mixin.py:151} INFO - [2024-10-18T23:31:55.434+0000] {dag.py:3722} INFO - Setting next_dagrun for example_weekday_branch_operator to 2024-10-17T00:00:00+00:00, run_after=2024-10-18T00:00:00+00:00
[2024-10-18T23:31:55.622+0000] {processor.py:179} INFO - Processing /home/airflow/.local/lib/python3.8/site-packages/airflow/example_dags/example_branch_day_of_week_operator.py took 0.342 seconds
[2024-10-18T23:32:26.677+0000] {processor.py:157} INFO - Started process (PID=162) to work on /home/airflow/.local/lib/python3.8/site-packages/airflow/example_dags/example_branch_day_of_week_operator.py
[2024-10-18T23:32:26.679+0000] {processor.py:829} INFO - Processing file /home/airflow/.local/lib/python3.8/site-packages/airflow/example_dags/example_branch_day_of_week_operator.py for tasks to queue
[2024-10-18T23:32:26.685+0000] {logging_mixin.py:151} INFO - [2024-10-18T23:32:26.684+0000] {dagbag.py:536} INFO - Filling up the DagBag from /home/airflow/.local/lib/python3.8/site-packages/airflow/example_dags/example_branch_day_of_week_operator.py
[2024-10-18T23:32:26.707+0000] {processor.py:839} INFO - DAG(s) dict_keys(['example_weekday_branch_operator']) retrieved from /home/airflow/.local/lib/python3.8/site-packages/airflow/example_dags/example_branch_day_of_week_operator.py
[2024-10-18T23:32:26.752+0000] {logging_mixin.py:151} INFO - [2024-10-18T23:32:26.751+0000] {dag.py:2941} INFO - Sync 1 DAGs
[2024-10-18T23:32:26.818+0000] {logging_mixin.py:151} INFO - [2024-10-18T23:32:26.817+0000] {dag.py:3722} INFO - Setting next_dagrun for example_weekday_branch_operator to 2024-10-17T00:00:00+00:00, run_after=2024-10-18T00:00:00+00:00
[2024-10-18T23:32:26.861+0000] {processor.py:179} INFO - Processing /home/airflow/.local/lib/python3.8/site-packages/airflow/example_dags/example_branch_day_of_week_operator.py took 0.195 seconds
[2024-10-18T23:32:57.578+0000] {processor.py:157} INFO - Started process (PID=216) to work on /home/airflow/.local/lib/python3.8/site-packages/airflow/example_dags/example_branch_day_of_week_operator.py
[2024-10-18T23:32:57.580+0000] {processor.py:829} INFO - Processing file /home/airflow/.local/lib/python3.8/site-packages/airflow/example_dags/example_branch_day_of_week_operator.py for tasks to queue
[2024-10-18T23:32:57.585+0000] {logging_mixin.py:151} INFO - [2024-10-18T23:32:57.585+0000] {dagbag.py:536} INFO - Filling up the DagBag from /home/airflow/.local/lib/python3.8/site-packages/airflow/example_dags/example_branch_day_of_week_operator.py
[2024-10-18T23:32:57.864+0000] {processor.py:839} INFO - DAG(s) dict_keys(['example_weekday_branch_operator']) retrieved from /home/airflow/.local/lib/python3.8/site-packages/airflow/example_dags/example_branch_day_of_week_operator.py
[2024-10-18T23:32:57.977+0000] {logging_mixin.py:151} INFO - [2024-10-18T23:32:57.977+0000] {dag.py:2941} INFO - Sync 1 DAGs
[2024-10-18T23:32:58.022+0000] {logging_mixin.py:151} INFO - [2024-10-18T23:32:58.022+0000] {dag.py:3722} INFO - Setting next_dagrun for example_weekday_branch_operator to 2024-10-17T00:00:00+00:00, run_after=2024-10-18T00:00:00+00:00
[2024-10-18T23:32:58.064+0000] {processor.py:179} INFO - Processing /home/airflow/.local/lib/python3.8/site-packages/airflow/example_dags/example_branch_day_of_week_operator.py took 0.494 seconds
[2024-10-18T23:33:28.647+0000] {processor.py:157} INFO - Started process (PID=270) to work on /home/airflow/.local/lib/python3.8/site-packages/airflow/example_dags/example_branch_day_of_week_operator.py
[2024-10-18T23:33:28.649+0000] {processor.py:829} INFO - Processing file /home/airflow/.local/lib/python3.8/site-packages/airflow/example_dags/example_branch_day_of_week_operator.py for tasks to queue
[2024-10-18T23:33:28.654+0000] {logging_mixin.py:151} INFO - [2024-10-18T23:33:28.654+0000] {dagbag.py:536} INFO - Filling up the DagBag from /home/airflow/.local/lib/python3.8/site-packages/airflow/example_dags/example_branch_day_of_week_operator.py
[2024-10-18T23:33:28.673+0000] {processor.py:839} INFO - DAG(s) dict_keys(['example_weekday_branch_operator']) retrieved from /home/airflow/.local/lib/python3.8/site-packages/airflow/example_dags/example_branch_day_of_week_operator.py
[2024-10-18T23:33:28.728+0000] {logging_mixin.py:151} INFO - [2024-10-18T23:33:28.728+0000] {dag.py:2941} INFO - Sync 1 DAGs
[2024-10-18T23:33:28.801+0000] {logging_mixin.py:151} INFO - [2024-10-18T23:33:28.801+0000] {dag.py:3722} INFO - Setting next_dagrun for example_weekday_branch_operator to 2024-10-17T00:00:00+00:00, run_after=2024-10-18T00:00:00+00:00
[2024-10-18T23:33:28.862+0000] {processor.py:179} INFO - Processing /home/airflow/.local/lib/python3.8/site-packages/airflow/example_dags/example_branch_day_of_week_operator.py took 0.227 seconds
[2024-10-18T23:33:59.686+0000] {processor.py:157} INFO - Started process (PID=324) to work on /home/airflow/.local/lib/python3.8/site-packages/airflow/example_dags/example_branch_day_of_week_operator.py
[2024-10-18T23:33:59.688+0000] {processor.py:829} INFO - Processing file /home/airflow/.local/lib/python3.8/site-packages/airflow/example_dags/example_branch_day_of_week_operator.py for tasks to queue
[2024-10-18T23:33:59.694+0000] {logging_mixin.py:151} INFO - [2024-10-18T23:33:59.694+0000] {dagbag.py:536} INFO - Filling up the DagBag from /home/airflow/.local/lib/python3.8/site-packages/airflow/example_dags/example_branch_day_of_week_operator.py
[2024-10-18T23:33:59.716+0000] {processor.py:839} INFO - DAG(s) dict_keys(['example_weekday_branch_operator']) retrieved from /home/airflow/.local/lib/python3.8/site-packages/airflow/example_dags/example_branch_day_of_week_operator.py
[2024-10-18T23:33:59.773+0000] {logging_mixin.py:151} INFO - [2024-10-18T23:33:59.773+0000] {dag.py:2941} INFO - Sync 1 DAGs
[2024-10-18T23:33:59.834+0000] {logging_mixin.py:151} INFO - [2024-10-18T23:33:59.834+0000] {dag.py:3722} INFO - Setting next_dagrun for example_weekday_branch_operator to 2024-10-17T00:00:00+00:00, run_after=2024-10-18T00:00:00+00:00
[2024-10-18T23:33:59.879+0000] {processor.py:179} INFO - Processing /home/airflow/.local/lib/python3.8/site-packages/airflow/example_dags/example_branch_day_of_week_operator.py took 0.211 seconds
[2024-10-18T23:34:29.948+0000] {processor.py:157} INFO - Started process (PID=377) to work on /home/airflow/.local/lib/python3.8/site-packages/airflow/example_dags/example_branch_day_of_week_operator.py
[2024-10-18T23:34:29.950+0000] {processor.py:829} INFO - Processing file /home/airflow/.local/lib/python3.8/site-packages/airflow/example_dags/example_branch_day_of_week_operator.py for tasks to queue
[2024-10-18T23:34:29.955+0000] {logging_mixin.py:151} INFO - [2024-10-18T23:34:29.954+0000] {dagbag.py:536} INFO - Filling up the DagBag from /home/airflow/.local/lib/python3.8/site-packages/airflow/example_dags/example_branch_day_of_week_operator.py
[2024-10-18T23:34:29.973+0000] {processor.py:839} INFO - DAG(s) dict_keys(['example_weekday_branch_operator']) retrieved from /home/airflow/.local/lib/python3.8/site-packages/airflow/example_dags/example_branch_day_of_week_operator.py
[2024-10-18T23:34:30.018+0000] {logging_mixin.py:151} INFO - [2024-10-18T23:34:30.018+0000] {dag.py:2941} INFO - Sync 1 DAGs
[2024-10-18T23:34:30.066+0000] {logging_mixin.py:151} INFO - [2024-10-18T23:34:30.065+0000] {dag.py:3722} INFO - Setting next_dagrun for example_weekday_branch_operator to 2024-10-17T00:00:00+00:00, run_after=2024-10-18T00:00:00+00:00
[2024-10-18T23:34:30.109+0000] {processor.py:179} INFO - Processing /home/airflow/.local/lib/python3.8/site-packages/airflow/example_dags/example_branch_day_of_week_operator.py took 0.168 seconds
[2024-10-18T23:35:00.413+0000] {processor.py:157} INFO - Started process (PID=431) to work on /home/airflow/.local/lib/python3.8/site-packages/airflow/example_dags/example_branch_day_of_week_operator.py
[2024-10-18T23:35:00.415+0000] {processor.py:829} INFO - Processing file /home/airflow/.local/lib/python3.8/site-packages/airflow/example_dags/example_branch_day_of_week_operator.py for tasks to queue
[2024-10-18T23:35:00.422+0000] {logging_mixin.py:151} INFO - [2024-10-18T23:35:00.421+0000] {dagbag.py:536} INFO - Filling up the DagBag from /home/airflow/.local/lib/python3.8/site-packages/airflow/example_dags/example_branch_day_of_week_operator.py
[2024-10-18T23:35:00.440+0000] {processor.py:839} INFO - DAG(s) dict_keys(['example_weekday_branch_operator']) retrieved from /home/airflow/.local/lib/python3.8/site-packages/airflow/example_dags/example_branch_day_of_week_operator.py
[2024-10-18T23:35:00.482+0000] {logging_mixin.py:151} INFO - [2024-10-18T23:35:00.481+0000] {dag.py:2941} INFO - Sync 1 DAGs
[2024-10-18T23:35:00.519+0000] {logging_mixin.py:151} INFO - [2024-10-18T23:35:00.519+0000] {dag.py:3722} INFO - Setting next_dagrun for example_weekday_branch_operator to 2024-10-17T00:00:00+00:00, run_after=2024-10-18T00:00:00+00:00
[2024-10-18T23:35:00.550+0000] {processor.py:179} INFO - Processing /home/airflow/.local/lib/python3.8/site-packages/airflow/example_dags/example_branch_day_of_week_operator.py took 0.143 seconds
[2024-10-18T23:35:31.092+0000] {processor.py:157} INFO - Started process (PID=482) to work on /home/airflow/.local/lib/python3.8/site-packages/airflow/example_dags/example_branch_day_of_week_operator.py
[2024-10-18T23:35:31.095+0000] {processor.py:829} INFO - Processing file /home/airflow/.local/lib/python3.8/site-packages/airflow/example_dags/example_branch_day_of_week_operator.py for tasks to queue
[2024-10-18T23:35:31.107+0000] {logging_mixin.py:151} INFO - [2024-10-18T23:35:31.107+0000] {dagbag.py:536} INFO - Filling up the DagBag from /home/airflow/.local/lib/python3.8/site-packages/airflow/example_dags/example_branch_day_of_week_operator.py
[2024-10-18T23:35:31.156+0000] {processor.py:839} INFO - DAG(s) dict_keys(['example_weekday_branch_operator']) retrieved from /home/airflow/.local/lib/python3.8/site-packages/airflow/example_dags/example_branch_day_of_week_operator.py
[2024-10-18T23:35:31.241+0000] {logging_mixin.py:151} INFO - [2024-10-18T23:35:31.240+0000] {dag.py:2941} INFO - Sync 1 DAGs
[2024-10-18T23:35:31.324+0000] {logging_mixin.py:151} INFO - [2024-10-18T23:35:31.323+0000] {dag.py:3722} INFO - Setting next_dagrun for example_weekday_branch_operator to 2024-10-17T00:00:00+00:00, run_after=2024-10-18T00:00:00+00:00
[2024-10-18T23:35:31.373+0000] {processor.py:179} INFO - Processing /home/airflow/.local/lib/python3.8/site-packages/airflow/example_dags/example_branch_day_of_week_operator.py took 0.290 seconds
[2024-10-18T23:36:01.630+0000] {processor.py:157} INFO - Started process (PID=536) to work on /home/airflow/.local/lib/python3.8/site-packages/airflow/example_dags/example_branch_day_of_week_operator.py
[2024-10-18T23:36:01.632+0000] {processor.py:829} INFO - Processing file /home/airflow/.local/lib/python3.8/site-packages/airflow/example_dags/example_branch_day_of_week_operator.py for tasks to queue
[2024-10-18T23:36:01.637+0000] {logging_mixin.py:151} INFO - [2024-10-18T23:36:01.637+0000] {dagbag.py:536} INFO - Filling up the DagBag from /home/airflow/.local/lib/python3.8/site-packages/airflow/example_dags/example_branch_day_of_week_operator.py
[2024-10-18T23:36:01.656+0000] {processor.py:839} INFO - DAG(s) dict_keys(['example_weekday_branch_operator']) retrieved from /home/airflow/.local/lib/python3.8/site-packages/airflow/example_dags/example_branch_day_of_week_operator.py
[2024-10-18T23:36:01.712+0000] {logging_mixin.py:151} INFO - [2024-10-18T23:36:01.712+0000] {dag.py:2941} INFO - Sync 1 DAGs
[2024-10-18T23:36:01.759+0000] {logging_mixin.py:151} INFO - [2024-10-18T23:36:01.758+0000] {dag.py:3722} INFO - Setting next_dagrun for example_weekday_branch_operator to 2024-10-17T00:00:00+00:00, run_after=2024-10-18T00:00:00+00:00
[2024-10-18T23:36:01.811+0000] {processor.py:179} INFO - Processing /home/airflow/.local/lib/python3.8/site-packages/airflow/example_dags/example_branch_day_of_week_operator.py took 0.188 seconds
[2024-10-18T23:38:59.170+0000] {processor.py:157} INFO - Started process (PID=108) to work on /home/airflow/.local/lib/python3.8/site-packages/airflow/example_dags/example_branch_day_of_week_operator.py
[2024-10-18T23:38:59.174+0000] {processor.py:829} INFO - Processing file /home/airflow/.local/lib/python3.8/site-packages/airflow/example_dags/example_branch_day_of_week_operator.py for tasks to queue
[2024-10-18T23:38:59.183+0000] {logging_mixin.py:151} INFO - [2024-10-18T23:38:59.182+0000] {dagbag.py:536} INFO - Filling up the DagBag from /home/airflow/.local/lib/python3.8/site-packages/airflow/example_dags/example_branch_day_of_week_operator.py
[2024-10-18T23:38:59.229+0000] {processor.py:839} INFO - DAG(s) dict_keys(['example_weekday_branch_operator']) retrieved from /home/airflow/.local/lib/python3.8/site-packages/airflow/example_dags/example_branch_day_of_week_operator.py
[2024-10-18T23:38:59.346+0000] {logging_mixin.py:151} INFO - [2024-10-18T23:38:59.344+0000] {dag.py:2941} INFO - Sync 1 DAGs
[2024-10-18T23:38:59.478+0000] {logging_mixin.py:151} INFO - [2024-10-18T23:38:59.477+0000] {dag.py:3722} INFO - Setting next_dagrun for example_weekday_branch_operator to 2024-10-17T00:00:00+00:00, run_after=2024-10-18T00:00:00+00:00
[2024-10-18T23:38:59.556+0000] {processor.py:179} INFO - Processing /home/airflow/.local/lib/python3.8/site-packages/airflow/example_dags/example_branch_day_of_week_operator.py took 0.396 seconds
[2024-10-18T23:39:30.031+0000] {processor.py:157} INFO - Started process (PID=162) to work on /home/airflow/.local/lib/python3.8/site-packages/airflow/example_dags/example_branch_day_of_week_operator.py
[2024-10-18T23:39:30.033+0000] {processor.py:829} INFO - Processing file /home/airflow/.local/lib/python3.8/site-packages/airflow/example_dags/example_branch_day_of_week_operator.py for tasks to queue
[2024-10-18T23:39:30.038+0000] {logging_mixin.py:151} INFO - [2024-10-18T23:39:30.038+0000] {dagbag.py:536} INFO - Filling up the DagBag from /home/airflow/.local/lib/python3.8/site-packages/airflow/example_dags/example_branch_day_of_week_operator.py
[2024-10-18T23:39:30.073+0000] {processor.py:839} INFO - DAG(s) dict_keys(['example_weekday_branch_operator']) retrieved from /home/airflow/.local/lib/python3.8/site-packages/airflow/example_dags/example_branch_day_of_week_operator.py
[2024-10-18T23:39:30.162+0000] {logging_mixin.py:151} INFO - [2024-10-18T23:39:30.161+0000] {dag.py:2941} INFO - Sync 1 DAGs
[2024-10-18T23:39:30.295+0000] {logging_mixin.py:151} INFO - [2024-10-18T23:39:30.294+0000] {dag.py:3722} INFO - Setting next_dagrun for example_weekday_branch_operator to 2024-10-17T00:00:00+00:00, run_after=2024-10-18T00:00:00+00:00
[2024-10-18T23:39:30.370+0000] {processor.py:179} INFO - Processing /home/airflow/.local/lib/python3.8/site-packages/airflow/example_dags/example_branch_day_of_week_operator.py took 0.352 seconds
[2024-10-18T23:40:00.726+0000] {processor.py:157} INFO - Started process (PID=216) to work on /home/airflow/.local/lib/python3.8/site-packages/airflow/example_dags/example_branch_day_of_week_operator.py
[2024-10-18T23:40:00.729+0000] {processor.py:829} INFO - Processing file /home/airflow/.local/lib/python3.8/site-packages/airflow/example_dags/example_branch_day_of_week_operator.py for tasks to queue
[2024-10-18T23:40:00.735+0000] {logging_mixin.py:151} INFO - [2024-10-18T23:40:00.734+0000] {dagbag.py:536} INFO - Filling up the DagBag from /home/airflow/.local/lib/python3.8/site-packages/airflow/example_dags/example_branch_day_of_week_operator.py
[2024-10-18T23:40:00.755+0000] {processor.py:839} INFO - DAG(s) dict_keys(['example_weekday_branch_operator']) retrieved from /home/airflow/.local/lib/python3.8/site-packages/airflow/example_dags/example_branch_day_of_week_operator.py
[2024-10-18T23:40:00.809+0000] {logging_mixin.py:151} INFO - [2024-10-18T23:40:00.809+0000] {dag.py:2941} INFO - Sync 1 DAGs
[2024-10-18T23:40:00.888+0000] {logging_mixin.py:151} INFO - [2024-10-18T23:40:00.888+0000] {dag.py:3722} INFO - Setting next_dagrun for example_weekday_branch_operator to 2024-10-17T00:00:00+00:00, run_after=2024-10-18T00:00:00+00:00
[2024-10-18T23:40:00.998+0000] {processor.py:179} INFO - Processing /home/airflow/.local/lib/python3.8/site-packages/airflow/example_dags/example_branch_day_of_week_operator.py took 0.281 seconds
[2024-10-18T23:41:04.097+0000] {processor.py:157} INFO - Started process (PID=276) to work on /home/airflow/.local/lib/python3.8/site-packages/airflow/example_dags/example_branch_day_of_week_operator.py
[2024-10-18T23:41:04.107+0000] {processor.py:829} INFO - Processing file /home/airflow/.local/lib/python3.8/site-packages/airflow/example_dags/example_branch_day_of_week_operator.py for tasks to queue
[2024-10-18T23:41:04.117+0000] {logging_mixin.py:151} INFO - [2024-10-18T23:41:04.115+0000] {dagbag.py:536} INFO - Filling up the DagBag from /home/airflow/.local/lib/python3.8/site-packages/airflow/example_dags/example_branch_day_of_week_operator.py
[2024-10-18T23:41:04.190+0000] {processor.py:839} INFO - DAG(s) dict_keys(['example_weekday_branch_operator']) retrieved from /home/airflow/.local/lib/python3.8/site-packages/airflow/example_dags/example_branch_day_of_week_operator.py
[2024-10-18T23:41:05.560+0000] {logging_mixin.py:151} INFO - [2024-10-18T23:41:05.559+0000] {dag.py:2941} INFO - Sync 1 DAGs
[2024-10-18T23:41:05.681+0000] {logging_mixin.py:151} INFO - [2024-10-18T23:41:05.681+0000] {dag.py:3722} INFO - Setting next_dagrun for example_weekday_branch_operator to 2024-10-17T00:00:00+00:00, run_after=2024-10-18T00:00:00+00:00
[2024-10-18T23:41:06.067+0000] {processor.py:179} INFO - Processing /home/airflow/.local/lib/python3.8/site-packages/airflow/example_dags/example_branch_day_of_week_operator.py took 2.012 seconds
[2024-10-18T23:41:36.740+0000] {processor.py:157} INFO - Started process (PID=330) to work on /home/airflow/.local/lib/python3.8/site-packages/airflow/example_dags/example_branch_day_of_week_operator.py
[2024-10-18T23:41:36.743+0000] {processor.py:829} INFO - Processing file /home/airflow/.local/lib/python3.8/site-packages/airflow/example_dags/example_branch_day_of_week_operator.py for tasks to queue
[2024-10-18T23:41:36.748+0000] {logging_mixin.py:151} INFO - [2024-10-18T23:41:36.747+0000] {dagbag.py:536} INFO - Filling up the DagBag from /home/airflow/.local/lib/python3.8/site-packages/airflow/example_dags/example_branch_day_of_week_operator.py
[2024-10-18T23:41:36.772+0000] {processor.py:839} INFO - DAG(s) dict_keys(['example_weekday_branch_operator']) retrieved from /home/airflow/.local/lib/python3.8/site-packages/airflow/example_dags/example_branch_day_of_week_operator.py
[2024-10-18T23:41:36.846+0000] {logging_mixin.py:151} INFO - [2024-10-18T23:41:36.845+0000] {dag.py:2941} INFO - Sync 1 DAGs
[2024-10-18T23:41:36.911+0000] {logging_mixin.py:151} INFO - [2024-10-18T23:41:36.911+0000] {dag.py:3722} INFO - Setting next_dagrun for example_weekday_branch_operator to 2024-10-17T00:00:00+00:00, run_after=2024-10-18T00:00:00+00:00
[2024-10-18T23:41:36.960+0000] {processor.py:179} INFO - Processing /home/airflow/.local/lib/python3.8/site-packages/airflow/example_dags/example_branch_day_of_week_operator.py took 0.228 seconds
[2024-10-18T23:43:22.320+0000] {processor.py:157} INFO - Started process (PID=416) to work on /home/airflow/.local/lib/python3.8/site-packages/airflow/example_dags/example_branch_day_of_week_operator.py
[2024-10-18T23:43:22.322+0000] {processor.py:829} INFO - Processing file /home/airflow/.local/lib/python3.8/site-packages/airflow/example_dags/example_branch_day_of_week_operator.py for tasks to queue
[2024-10-18T23:43:22.328+0000] {logging_mixin.py:151} INFO - [2024-10-18T23:43:22.327+0000] {dagbag.py:536} INFO - Filling up the DagBag from /home/airflow/.local/lib/python3.8/site-packages/airflow/example_dags/example_branch_day_of_week_operator.py
[2024-10-18T23:43:22.358+0000] {processor.py:839} INFO - DAG(s) dict_keys(['example_weekday_branch_operator']) retrieved from /home/airflow/.local/lib/python3.8/site-packages/airflow/example_dags/example_branch_day_of_week_operator.py
[2024-10-18T23:43:22.573+0000] {logging_mixin.py:151} INFO - [2024-10-18T23:43:22.572+0000] {dag.py:2941} INFO - Sync 1 DAGs
[2024-10-18T23:43:22.629+0000] {logging_mixin.py:151} INFO - [2024-10-18T23:43:22.628+0000] {dag.py:3722} INFO - Setting next_dagrun for example_weekday_branch_operator to 2024-10-17T00:00:00+00:00, run_after=2024-10-18T00:00:00+00:00
[2024-10-18T23:43:22.678+0000] {processor.py:179} INFO - Processing /home/airflow/.local/lib/python3.8/site-packages/airflow/example_dags/example_branch_day_of_week_operator.py took 0.369 seconds
[2024-10-18T23:43:56.775+0000] {processor.py:157} INFO - Started process (PID=470) to work on /home/airflow/.local/lib/python3.8/site-packages/airflow/example_dags/example_branch_day_of_week_operator.py
[2024-10-18T23:43:56.779+0000] {processor.py:829} INFO - Processing file /home/airflow/.local/lib/python3.8/site-packages/airflow/example_dags/example_branch_day_of_week_operator.py for tasks to queue
[2024-10-18T23:43:56.787+0000] {logging_mixin.py:151} INFO - [2024-10-18T23:43:56.787+0000] {dagbag.py:536} INFO - Filling up the DagBag from /home/airflow/.local/lib/python3.8/site-packages/airflow/example_dags/example_branch_day_of_week_operator.py
[2024-10-18T23:43:56.818+0000] {processor.py:839} INFO - DAG(s) dict_keys(['example_weekday_branch_operator']) retrieved from /home/airflow/.local/lib/python3.8/site-packages/airflow/example_dags/example_branch_day_of_week_operator.py
[2024-10-18T23:43:56.882+0000] {logging_mixin.py:151} INFO - [2024-10-18T23:43:56.882+0000] {dag.py:2941} INFO - Sync 1 DAGs
[2024-10-18T23:43:56.956+0000] {logging_mixin.py:151} INFO - [2024-10-18T23:43:56.955+0000] {dag.py:3722} INFO - Setting next_dagrun for example_weekday_branch_operator to 2024-10-17T00:00:00+00:00, run_after=2024-10-18T00:00:00+00:00
[2024-10-18T23:43:57.005+0000] {processor.py:179} INFO - Processing /home/airflow/.local/lib/python3.8/site-packages/airflow/example_dags/example_branch_day_of_week_operator.py took 0.244 seconds
[2024-10-18T23:44:32.949+0000] {processor.py:157} INFO - Started process (PID=525) to work on /home/airflow/.local/lib/python3.8/site-packages/airflow/example_dags/example_branch_day_of_week_operator.py
[2024-10-18T23:44:32.952+0000] {processor.py:829} INFO - Processing file /home/airflow/.local/lib/python3.8/site-packages/airflow/example_dags/example_branch_day_of_week_operator.py for tasks to queue
[2024-10-18T23:44:32.957+0000] {logging_mixin.py:151} INFO - [2024-10-18T23:44:32.957+0000] {dagbag.py:536} INFO - Filling up the DagBag from /home/airflow/.local/lib/python3.8/site-packages/airflow/example_dags/example_branch_day_of_week_operator.py
[2024-10-18T23:44:32.974+0000] {processor.py:839} INFO - DAG(s) dict_keys(['example_weekday_branch_operator']) retrieved from /home/airflow/.local/lib/python3.8/site-packages/airflow/example_dags/example_branch_day_of_week_operator.py
[2024-10-18T23:44:33.032+0000] {logging_mixin.py:151} INFO - [2024-10-18T23:44:33.032+0000] {dag.py:2941} INFO - Sync 1 DAGs
[2024-10-18T23:44:33.092+0000] {logging_mixin.py:151} INFO - [2024-10-18T23:44:33.092+0000] {dag.py:3722} INFO - Setting next_dagrun for example_weekday_branch_operator to 2024-10-17T00:00:00+00:00, run_after=2024-10-18T00:00:00+00:00
[2024-10-18T23:44:33.183+0000] {processor.py:179} INFO - Processing /home/airflow/.local/lib/python3.8/site-packages/airflow/example_dags/example_branch_day_of_week_operator.py took 0.240 seconds
[2024-10-18T23:45:04.166+0000] {processor.py:157} INFO - Started process (PID=577) to work on /home/airflow/.local/lib/python3.8/site-packages/airflow/example_dags/example_branch_day_of_week_operator.py
[2024-10-18T23:45:04.169+0000] {processor.py:829} INFO - Processing file /home/airflow/.local/lib/python3.8/site-packages/airflow/example_dags/example_branch_day_of_week_operator.py for tasks to queue
[2024-10-18T23:45:04.182+0000] {logging_mixin.py:151} INFO - [2024-10-18T23:45:04.181+0000] {dagbag.py:536} INFO - Filling up the DagBag from /home/airflow/.local/lib/python3.8/site-packages/airflow/example_dags/example_branch_day_of_week_operator.py
[2024-10-18T23:45:04.246+0000] {processor.py:839} INFO - DAG(s) dict_keys(['example_weekday_branch_operator']) retrieved from /home/airflow/.local/lib/python3.8/site-packages/airflow/example_dags/example_branch_day_of_week_operator.py
[2024-10-18T23:45:04.374+0000] {logging_mixin.py:151} INFO - [2024-10-18T23:45:04.373+0000] {dag.py:2941} INFO - Sync 1 DAGs
[2024-10-18T23:45:04.438+0000] {logging_mixin.py:151} INFO - [2024-10-18T23:45:04.438+0000] {dag.py:3722} INFO - Setting next_dagrun for example_weekday_branch_operator to 2024-10-17T00:00:00+00:00, run_after=2024-10-18T00:00:00+00:00
[2024-10-18T23:45:04.508+0000] {processor.py:179} INFO - Processing /home/airflow/.local/lib/python3.8/site-packages/airflow/example_dags/example_branch_day_of_week_operator.py took 0.359 seconds
[2024-10-18T23:45:34.676+0000] {processor.py:157} INFO - Started process (PID=630) to work on /home/airflow/.local/lib/python3.8/site-packages/airflow/example_dags/example_branch_day_of_week_operator.py
[2024-10-18T23:45:34.679+0000] {processor.py:829} INFO - Processing file /home/airflow/.local/lib/python3.8/site-packages/airflow/example_dags/example_branch_day_of_week_operator.py for tasks to queue
[2024-10-18T23:45:34.684+0000] {logging_mixin.py:151} INFO - [2024-10-18T23:45:34.683+0000] {dagbag.py:536} INFO - Filling up the DagBag from /home/airflow/.local/lib/python3.8/site-packages/airflow/example_dags/example_branch_day_of_week_operator.py
[2024-10-18T23:45:34.703+0000] {processor.py:839} INFO - DAG(s) dict_keys(['example_weekday_branch_operator']) retrieved from /home/airflow/.local/lib/python3.8/site-packages/airflow/example_dags/example_branch_day_of_week_operator.py
[2024-10-18T23:45:34.763+0000] {logging_mixin.py:151} INFO - [2024-10-18T23:45:34.763+0000] {dag.py:2941} INFO - Sync 1 DAGs
[2024-10-18T23:45:34.815+0000] {logging_mixin.py:151} INFO - [2024-10-18T23:45:34.814+0000] {dag.py:3722} INFO - Setting next_dagrun for example_weekday_branch_operator to 2024-10-17T00:00:00+00:00, run_after=2024-10-18T00:00:00+00:00
[2024-10-18T23:45:34.851+0000] {processor.py:179} INFO - Processing /home/airflow/.local/lib/python3.8/site-packages/airflow/example_dags/example_branch_day_of_week_operator.py took 0.184 seconds
[2024-10-18T23:46:05.121+0000] {processor.py:157} INFO - Started process (PID=683) to work on /home/airflow/.local/lib/python3.8/site-packages/airflow/example_dags/example_branch_day_of_week_operator.py
[2024-10-18T23:46:05.123+0000] {processor.py:829} INFO - Processing file /home/airflow/.local/lib/python3.8/site-packages/airflow/example_dags/example_branch_day_of_week_operator.py for tasks to queue
[2024-10-18T23:46:05.131+0000] {logging_mixin.py:151} INFO - [2024-10-18T23:46:05.131+0000] {dagbag.py:536} INFO - Filling up the DagBag from /home/airflow/.local/lib/python3.8/site-packages/airflow/example_dags/example_branch_day_of_week_operator.py
[2024-10-18T23:46:05.160+0000] {processor.py:839} INFO - DAG(s) dict_keys(['example_weekday_branch_operator']) retrieved from /home/airflow/.local/lib/python3.8/site-packages/airflow/example_dags/example_branch_day_of_week_operator.py
[2024-10-18T23:46:05.254+0000] {logging_mixin.py:151} INFO - [2024-10-18T23:46:05.254+0000] {dag.py:2941} INFO - Sync 1 DAGs
[2024-10-18T23:46:05.315+0000] {logging_mixin.py:151} INFO - [2024-10-18T23:46:05.315+0000] {dag.py:3722} INFO - Setting next_dagrun for example_weekday_branch_operator to 2024-10-17T00:00:00+00:00, run_after=2024-10-18T00:00:00+00:00
[2024-10-18T23:46:05.373+0000] {processor.py:179} INFO - Processing /home/airflow/.local/lib/python3.8/site-packages/airflow/example_dags/example_branch_day_of_week_operator.py took 0.263 seconds
[2024-10-18T23:46:36.220+0000] {processor.py:157} INFO - Started process (PID=737) to work on /home/airflow/.local/lib/python3.8/site-packages/airflow/example_dags/example_branch_day_of_week_operator.py
[2024-10-18T23:46:36.224+0000] {processor.py:829} INFO - Processing file /home/airflow/.local/lib/python3.8/site-packages/airflow/example_dags/example_branch_day_of_week_operator.py for tasks to queue
[2024-10-18T23:46:36.231+0000] {logging_mixin.py:151} INFO - [2024-10-18T23:46:36.231+0000] {dagbag.py:536} INFO - Filling up the DagBag from /home/airflow/.local/lib/python3.8/site-packages/airflow/example_dags/example_branch_day_of_week_operator.py
[2024-10-18T23:46:36.257+0000] {processor.py:839} INFO - DAG(s) dict_keys(['example_weekday_branch_operator']) retrieved from /home/airflow/.local/lib/python3.8/site-packages/airflow/example_dags/example_branch_day_of_week_operator.py
[2024-10-18T23:46:36.327+0000] {logging_mixin.py:151} INFO - [2024-10-18T23:46:36.327+0000] {dag.py:2941} INFO - Sync 1 DAGs
[2024-10-18T23:46:36.414+0000] {logging_mixin.py:151} INFO - [2024-10-18T23:46:36.413+0000] {dag.py:3722} INFO - Setting next_dagrun for example_weekday_branch_operator to 2024-10-17T00:00:00+00:00, run_after=2024-10-18T00:00:00+00:00
[2024-10-18T23:46:36.454+0000] {processor.py:179} INFO - Processing /home/airflow/.local/lib/python3.8/site-packages/airflow/example_dags/example_branch_day_of_week_operator.py took 0.244 seconds
[2024-10-18T23:47:07.025+0000] {processor.py:157} INFO - Started process (PID=790) to work on /home/airflow/.local/lib/python3.8/site-packages/airflow/example_dags/example_branch_day_of_week_operator.py
[2024-10-18T23:47:07.026+0000] {processor.py:829} INFO - Processing file /home/airflow/.local/lib/python3.8/site-packages/airflow/example_dags/example_branch_day_of_week_operator.py for tasks to queue
[2024-10-18T23:47:07.031+0000] {logging_mixin.py:151} INFO - [2024-10-18T23:47:07.030+0000] {dagbag.py:536} INFO - Filling up the DagBag from /home/airflow/.local/lib/python3.8/site-packages/airflow/example_dags/example_branch_day_of_week_operator.py
[2024-10-18T23:47:07.076+0000] {processor.py:839} INFO - DAG(s) dict_keys(['example_weekday_branch_operator']) retrieved from /home/airflow/.local/lib/python3.8/site-packages/airflow/example_dags/example_branch_day_of_week_operator.py
[2024-10-18T23:47:07.193+0000] {logging_mixin.py:151} INFO - [2024-10-18T23:47:07.192+0000] {dag.py:2941} INFO - Sync 1 DAGs
[2024-10-18T23:47:07.325+0000] {logging_mixin.py:151} INFO - [2024-10-18T23:47:07.324+0000] {dag.py:3722} INFO - Setting next_dagrun for example_weekday_branch_operator to 2024-10-17T00:00:00+00:00, run_after=2024-10-18T00:00:00+00:00
[2024-10-18T23:47:07.370+0000] {processor.py:179} INFO - Processing /home/airflow/.local/lib/python3.8/site-packages/airflow/example_dags/example_branch_day_of_week_operator.py took 0.352 seconds
[2024-10-18T23:47:37.585+0000] {processor.py:157} INFO - Started process (PID=844) to work on /home/airflow/.local/lib/python3.8/site-packages/airflow/example_dags/example_branch_day_of_week_operator.py
[2024-10-18T23:47:37.589+0000] {processor.py:829} INFO - Processing file /home/airflow/.local/lib/python3.8/site-packages/airflow/example_dags/example_branch_day_of_week_operator.py for tasks to queue
[2024-10-18T23:47:37.599+0000] {logging_mixin.py:151} INFO - [2024-10-18T23:47:37.593+0000] {dagbag.py:536} INFO - Filling up the DagBag from /home/airflow/.local/lib/python3.8/site-packages/airflow/example_dags/example_branch_day_of_week_operator.py
[2024-10-18T23:47:37.654+0000] {processor.py:839} INFO - DAG(s) dict_keys(['example_weekday_branch_operator']) retrieved from /home/airflow/.local/lib/python3.8/site-packages/airflow/example_dags/example_branch_day_of_week_operator.py
[2024-10-18T23:47:37.813+0000] {logging_mixin.py:151} INFO - [2024-10-18T23:47:37.812+0000] {dag.py:2941} INFO - Sync 1 DAGs
[2024-10-18T23:47:37.916+0000] {logging_mixin.py:151} INFO - [2024-10-18T23:47:37.916+0000] {dag.py:3722} INFO - Setting next_dagrun for example_weekday_branch_operator to 2024-10-17T00:00:00+00:00, run_after=2024-10-18T00:00:00+00:00
[2024-10-18T23:47:37.989+0000] {processor.py:179} INFO - Processing /home/airflow/.local/lib/python3.8/site-packages/airflow/example_dags/example_branch_day_of_week_operator.py took 0.412 seconds
[2024-10-18T23:48:08.713+0000] {processor.py:157} INFO - Started process (PID=898) to work on /home/airflow/.local/lib/python3.8/site-packages/airflow/example_dags/example_branch_day_of_week_operator.py
[2024-10-18T23:48:08.716+0000] {processor.py:829} INFO - Processing file /home/airflow/.local/lib/python3.8/site-packages/airflow/example_dags/example_branch_day_of_week_operator.py for tasks to queue
[2024-10-18T23:48:08.723+0000] {logging_mixin.py:151} INFO - [2024-10-18T23:48:08.722+0000] {dagbag.py:536} INFO - Filling up the DagBag from /home/airflow/.local/lib/python3.8/site-packages/airflow/example_dags/example_branch_day_of_week_operator.py
[2024-10-18T23:48:08.744+0000] {processor.py:839} INFO - DAG(s) dict_keys(['example_weekday_branch_operator']) retrieved from /home/airflow/.local/lib/python3.8/site-packages/airflow/example_dags/example_branch_day_of_week_operator.py
[2024-10-18T23:48:08.798+0000] {logging_mixin.py:151} INFO - [2024-10-18T23:48:08.797+0000] {dag.py:2941} INFO - Sync 1 DAGs
[2024-10-18T23:48:08.859+0000] {logging_mixin.py:151} INFO - [2024-10-18T23:48:08.859+0000] {dag.py:3722} INFO - Setting next_dagrun for example_weekday_branch_operator to 2024-10-17T00:00:00+00:00, run_after=2024-10-18T00:00:00+00:00
[2024-10-18T23:48:08.920+0000] {processor.py:179} INFO - Processing /home/airflow/.local/lib/python3.8/site-packages/airflow/example_dags/example_branch_day_of_week_operator.py took 0.219 seconds
[2024-10-18T23:48:47.796+0000] {processor.py:157} INFO - Started process (PID=950) to work on /home/airflow/.local/lib/python3.8/site-packages/airflow/example_dags/example_branch_day_of_week_operator.py
[2024-10-18T23:48:47.799+0000] {processor.py:829} INFO - Processing file /home/airflow/.local/lib/python3.8/site-packages/airflow/example_dags/example_branch_day_of_week_operator.py for tasks to queue
[2024-10-18T23:48:47.826+0000] {logging_mixin.py:151} INFO - [2024-10-18T23:48:47.807+0000] {dagbag.py:536} INFO - Filling up the DagBag from /home/airflow/.local/lib/python3.8/site-packages/airflow/example_dags/example_branch_day_of_week_operator.py
[2024-10-18T23:48:47.931+0000] {processor.py:839} INFO - DAG(s) dict_keys(['example_weekday_branch_operator']) retrieved from /home/airflow/.local/lib/python3.8/site-packages/airflow/example_dags/example_branch_day_of_week_operator.py
[2024-10-18T23:48:48.189+0000] {logging_mixin.py:151} INFO - [2024-10-18T23:48:48.189+0000] {dag.py:2941} INFO - Sync 1 DAGs
[2024-10-18T23:48:48.636+0000] {logging_mixin.py:151} INFO - [2024-10-18T23:48:48.632+0000] {dag.py:3722} INFO - Setting next_dagrun for example_weekday_branch_operator to 2024-10-17T00:00:00+00:00, run_after=2024-10-18T00:00:00+00:00
[2024-10-18T23:48:48.819+0000] {processor.py:179} INFO - Processing /home/airflow/.local/lib/python3.8/site-packages/airflow/example_dags/example_branch_day_of_week_operator.py took 1.069 seconds
[2024-10-18T23:49:20.326+0000] {processor.py:157} INFO - Started process (PID=1003) to work on /home/airflow/.local/lib/python3.8/site-packages/airflow/example_dags/example_branch_day_of_week_operator.py
[2024-10-18T23:49:20.330+0000] {processor.py:829} INFO - Processing file /home/airflow/.local/lib/python3.8/site-packages/airflow/example_dags/example_branch_day_of_week_operator.py for tasks to queue
[2024-10-18T23:49:20.348+0000] {logging_mixin.py:151} INFO - [2024-10-18T23:49:20.345+0000] {dagbag.py:536} INFO - Filling up the DagBag from /home/airflow/.local/lib/python3.8/site-packages/airflow/example_dags/example_branch_day_of_week_operator.py
[2024-10-18T23:49:20.923+0000] {processor.py:839} INFO - DAG(s) dict_keys(['example_weekday_branch_operator']) retrieved from /home/airflow/.local/lib/python3.8/site-packages/airflow/example_dags/example_branch_day_of_week_operator.py
[2024-10-18T23:49:23.337+0000] {logging_mixin.py:151} INFO - [2024-10-18T23:49:23.301+0000] {dag.py:2941} INFO - Sync 1 DAGs
[2024-10-18T23:49:23.717+0000] {logging_mixin.py:151} INFO - [2024-10-18T23:49:23.716+0000] {dag.py:3722} INFO - Setting next_dagrun for example_weekday_branch_operator to 2024-10-17T00:00:00+00:00, run_after=2024-10-18T00:00:00+00:00
[2024-10-18T23:49:24.448+0000] {processor.py:179} INFO - Processing /home/airflow/.local/lib/python3.8/site-packages/airflow/example_dags/example_branch_day_of_week_operator.py took 4.246 seconds
[2024-10-18T23:50:24.558+0000] {processor.py:157} INFO - Started process (PID=1075) to work on /home/airflow/.local/lib/python3.8/site-packages/airflow/example_dags/example_branch_day_of_week_operator.py
[2024-10-18T23:50:24.560+0000] {processor.py:829} INFO - Processing file /home/airflow/.local/lib/python3.8/site-packages/airflow/example_dags/example_branch_day_of_week_operator.py for tasks to queue
[2024-10-18T23:50:24.567+0000] {logging_mixin.py:151} INFO - [2024-10-18T23:50:24.566+0000] {dagbag.py:536} INFO - Filling up the DagBag from /home/airflow/.local/lib/python3.8/site-packages/airflow/example_dags/example_branch_day_of_week_operator.py
[2024-10-18T23:50:24.611+0000] {processor.py:839} INFO - DAG(s) dict_keys(['example_weekday_branch_operator']) retrieved from /home/airflow/.local/lib/python3.8/site-packages/airflow/example_dags/example_branch_day_of_week_operator.py
[2024-10-18T23:50:24.776+0000] {logging_mixin.py:151} INFO - [2024-10-18T23:50:24.775+0000] {dag.py:2941} INFO - Sync 1 DAGs
[2024-10-18T23:50:24.842+0000] {logging_mixin.py:151} INFO - [2024-10-18T23:50:24.842+0000] {dag.py:3722} INFO - Setting next_dagrun for example_weekday_branch_operator to 2024-10-17T00:00:00+00:00, run_after=2024-10-18T00:00:00+00:00
[2024-10-18T23:50:24.881+0000] {processor.py:179} INFO - Processing /home/airflow/.local/lib/python3.8/site-packages/airflow/example_dags/example_branch_day_of_week_operator.py took 0.325 seconds
[2024-10-18T23:50:55.595+0000] {processor.py:157} INFO - Started process (PID=1128) to work on /home/airflow/.local/lib/python3.8/site-packages/airflow/example_dags/example_branch_day_of_week_operator.py
[2024-10-18T23:50:55.597+0000] {processor.py:829} INFO - Processing file /home/airflow/.local/lib/python3.8/site-packages/airflow/example_dags/example_branch_day_of_week_operator.py for tasks to queue
[2024-10-18T23:50:55.604+0000] {logging_mixin.py:151} INFO - [2024-10-18T23:50:55.604+0000] {dagbag.py:536} INFO - Filling up the DagBag from /home/airflow/.local/lib/python3.8/site-packages/airflow/example_dags/example_branch_day_of_week_operator.py
[2024-10-18T23:50:55.637+0000] {processor.py:839} INFO - DAG(s) dict_keys(['example_weekday_branch_operator']) retrieved from /home/airflow/.local/lib/python3.8/site-packages/airflow/example_dags/example_branch_day_of_week_operator.py
[2024-10-18T23:50:55.749+0000] {logging_mixin.py:151} INFO - [2024-10-18T23:50:55.749+0000] {dag.py:2941} INFO - Sync 1 DAGs
[2024-10-18T23:50:55.820+0000] {logging_mixin.py:151} INFO - [2024-10-18T23:50:55.820+0000] {dag.py:3722} INFO - Setting next_dagrun for example_weekday_branch_operator to 2024-10-17T00:00:00+00:00, run_after=2024-10-18T00:00:00+00:00
[2024-10-18T23:50:56.180+0000] {processor.py:179} INFO - Processing /home/airflow/.local/lib/python3.8/site-packages/airflow/example_dags/example_branch_day_of_week_operator.py took 0.598 seconds
[2024-10-18T23:51:26.290+0000] {processor.py:157} INFO - Started process (PID=1180) to work on /home/airflow/.local/lib/python3.8/site-packages/airflow/example_dags/example_branch_day_of_week_operator.py
[2024-10-18T23:51:26.292+0000] {processor.py:829} INFO - Processing file /home/airflow/.local/lib/python3.8/site-packages/airflow/example_dags/example_branch_day_of_week_operator.py for tasks to queue
[2024-10-18T23:51:26.295+0000] {logging_mixin.py:151} INFO - [2024-10-18T23:51:26.295+0000] {dagbag.py:536} INFO - Filling up the DagBag from /home/airflow/.local/lib/python3.8/site-packages/airflow/example_dags/example_branch_day_of_week_operator.py
[2024-10-18T23:51:26.317+0000] {processor.py:839} INFO - DAG(s) dict_keys(['example_weekday_branch_operator']) retrieved from /home/airflow/.local/lib/python3.8/site-packages/airflow/example_dags/example_branch_day_of_week_operator.py
[2024-10-18T23:51:26.359+0000] {logging_mixin.py:151} INFO - [2024-10-18T23:51:26.359+0000] {dag.py:2941} INFO - Sync 1 DAGs
[2024-10-18T23:51:26.404+0000] {logging_mixin.py:151} INFO - [2024-10-18T23:51:26.403+0000] {dag.py:3722} INFO - Setting next_dagrun for example_weekday_branch_operator to 2024-10-17T00:00:00+00:00, run_after=2024-10-18T00:00:00+00:00
[2024-10-18T23:51:26.448+0000] {processor.py:179} INFO - Processing /home/airflow/.local/lib/python3.8/site-packages/airflow/example_dags/example_branch_day_of_week_operator.py took 0.164 seconds
[2024-10-18T23:51:57.164+0000] {processor.py:157} INFO - Started process (PID=1234) to work on /home/airflow/.local/lib/python3.8/site-packages/airflow/example_dags/example_branch_day_of_week_operator.py
[2024-10-18T23:51:57.166+0000] {processor.py:829} INFO - Processing file /home/airflow/.local/lib/python3.8/site-packages/airflow/example_dags/example_branch_day_of_week_operator.py for tasks to queue
[2024-10-18T23:51:57.170+0000] {logging_mixin.py:151} INFO - [2024-10-18T23:51:57.169+0000] {dagbag.py:536} INFO - Filling up the DagBag from /home/airflow/.local/lib/python3.8/site-packages/airflow/example_dags/example_branch_day_of_week_operator.py
[2024-10-18T23:51:57.183+0000] {processor.py:839} INFO - DAG(s) dict_keys(['example_weekday_branch_operator']) retrieved from /home/airflow/.local/lib/python3.8/site-packages/airflow/example_dags/example_branch_day_of_week_operator.py
[2024-10-18T23:51:57.222+0000] {logging_mixin.py:151} INFO - [2024-10-18T23:51:57.221+0000] {dag.py:2941} INFO - Sync 1 DAGs
[2024-10-18T23:51:57.264+0000] {logging_mixin.py:151} INFO - [2024-10-18T23:51:57.264+0000] {dag.py:3722} INFO - Setting next_dagrun for example_weekday_branch_operator to 2024-10-17T00:00:00+00:00, run_after=2024-10-18T00:00:00+00:00
[2024-10-18T23:51:57.300+0000] {processor.py:179} INFO - Processing /home/airflow/.local/lib/python3.8/site-packages/airflow/example_dags/example_branch_day_of_week_operator.py took 0.142 seconds
[2024-10-18T23:52:30.378+0000] {processor.py:157} INFO - Started process (PID=1295) to work on /home/airflow/.local/lib/python3.8/site-packages/airflow/example_dags/example_branch_day_of_week_operator.py
[2024-10-18T23:52:30.379+0000] {processor.py:829} INFO - Processing file /home/airflow/.local/lib/python3.8/site-packages/airflow/example_dags/example_branch_day_of_week_operator.py for tasks to queue
[2024-10-18T23:52:30.384+0000] {logging_mixin.py:151} INFO - [2024-10-18T23:52:30.384+0000] {dagbag.py:536} INFO - Filling up the DagBag from /home/airflow/.local/lib/python3.8/site-packages/airflow/example_dags/example_branch_day_of_week_operator.py
[2024-10-18T23:52:30.405+0000] {processor.py:839} INFO - DAG(s) dict_keys(['example_weekday_branch_operator']) retrieved from /home/airflow/.local/lib/python3.8/site-packages/airflow/example_dags/example_branch_day_of_week_operator.py
[2024-10-18T23:52:30.445+0000] {logging_mixin.py:151} INFO - [2024-10-18T23:52:30.444+0000] {dag.py:2941} INFO - Sync 1 DAGs
[2024-10-18T23:52:30.730+0000] {logging_mixin.py:151} INFO - [2024-10-18T23:52:30.730+0000] {dag.py:3722} INFO - Setting next_dagrun for example_weekday_branch_operator to 2024-10-17T00:00:00+00:00, run_after=2024-10-18T00:00:00+00:00
[2024-10-18T23:52:30.765+0000] {processor.py:179} INFO - Processing /home/airflow/.local/lib/python3.8/site-packages/airflow/example_dags/example_branch_day_of_week_operator.py took 0.394 seconds
[2024-10-18T23:53:02.688+0000] {processor.py:157} INFO - Started process (PID=1349) to work on /home/airflow/.local/lib/python3.8/site-packages/airflow/example_dags/example_branch_day_of_week_operator.py
[2024-10-18T23:53:02.700+0000] {processor.py:829} INFO - Processing file /home/airflow/.local/lib/python3.8/site-packages/airflow/example_dags/example_branch_day_of_week_operator.py for tasks to queue
[2024-10-18T23:53:02.745+0000] {logging_mixin.py:151} INFO - [2024-10-18T23:53:02.736+0000] {dagbag.py:536} INFO - Filling up the DagBag from /home/airflow/.local/lib/python3.8/site-packages/airflow/example_dags/example_branch_day_of_week_operator.py
[2024-10-18T23:53:02.881+0000] {processor.py:839} INFO - DAG(s) dict_keys(['example_weekday_branch_operator']) retrieved from /home/airflow/.local/lib/python3.8/site-packages/airflow/example_dags/example_branch_day_of_week_operator.py
[2024-10-18T23:53:03.104+0000] {logging_mixin.py:151} INFO - [2024-10-18T23:53:03.103+0000] {dag.py:2941} INFO - Sync 1 DAGs
[2024-10-18T23:53:03.365+0000] {logging_mixin.py:151} INFO - [2024-10-18T23:53:03.364+0000] {dag.py:3722} INFO - Setting next_dagrun for example_weekday_branch_operator to 2024-10-17T00:00:00+00:00, run_after=2024-10-18T00:00:00+00:00
[2024-10-18T23:53:04.220+0000] {processor.py:179} INFO - Processing /home/airflow/.local/lib/python3.8/site-packages/airflow/example_dags/example_branch_day_of_week_operator.py took 1.604 seconds
[2024-10-18T23:53:55.614+0000] {processor.py:157} INFO - Started process (PID=1412) to work on /home/airflow/.local/lib/python3.8/site-packages/airflow/example_dags/example_branch_day_of_week_operator.py
[2024-10-18T23:53:55.616+0000] {processor.py:829} INFO - Processing file /home/airflow/.local/lib/python3.8/site-packages/airflow/example_dags/example_branch_day_of_week_operator.py for tasks to queue
[2024-10-18T23:53:55.619+0000] {logging_mixin.py:151} INFO - [2024-10-18T23:53:55.619+0000] {dagbag.py:536} INFO - Filling up the DagBag from /home/airflow/.local/lib/python3.8/site-packages/airflow/example_dags/example_branch_day_of_week_operator.py
[2024-10-18T23:53:55.635+0000] {processor.py:839} INFO - DAG(s) dict_keys(['example_weekday_branch_operator']) retrieved from /home/airflow/.local/lib/python3.8/site-packages/airflow/example_dags/example_branch_day_of_week_operator.py
[2024-10-18T23:53:55.689+0000] {logging_mixin.py:151} INFO - [2024-10-18T23:53:55.689+0000] {dag.py:2941} INFO - Sync 1 DAGs
[2024-10-18T23:53:55.749+0000] {logging_mixin.py:151} INFO - [2024-10-18T23:53:55.748+0000] {dag.py:3722} INFO - Setting next_dagrun for example_weekday_branch_operator to 2024-10-17T00:00:00+00:00, run_after=2024-10-18T00:00:00+00:00
[2024-10-18T23:53:55.799+0000] {processor.py:179} INFO - Processing /home/airflow/.local/lib/python3.8/site-packages/airflow/example_dags/example_branch_day_of_week_operator.py took 0.191 seconds
[2024-10-18T23:54:27.600+0000] {processor.py:157} INFO - Started process (PID=1467) to work on /home/airflow/.local/lib/python3.8/site-packages/airflow/example_dags/example_branch_day_of_week_operator.py
[2024-10-18T23:54:27.602+0000] {processor.py:829} INFO - Processing file /home/airflow/.local/lib/python3.8/site-packages/airflow/example_dags/example_branch_day_of_week_operator.py for tasks to queue
[2024-10-18T23:54:27.606+0000] {logging_mixin.py:151} INFO - [2024-10-18T23:54:27.606+0000] {dagbag.py:536} INFO - Filling up the DagBag from /home/airflow/.local/lib/python3.8/site-packages/airflow/example_dags/example_branch_day_of_week_operator.py
[2024-10-18T23:54:27.628+0000] {processor.py:839} INFO - DAG(s) dict_keys(['example_weekday_branch_operator']) retrieved from /home/airflow/.local/lib/python3.8/site-packages/airflow/example_dags/example_branch_day_of_week_operator.py
[2024-10-18T23:54:27.936+0000] {logging_mixin.py:151} INFO - [2024-10-18T23:54:27.936+0000] {dag.py:2941} INFO - Sync 1 DAGs
[2024-10-18T23:54:27.987+0000] {logging_mixin.py:151} INFO - [2024-10-18T23:54:27.987+0000] {dag.py:3722} INFO - Setting next_dagrun for example_weekday_branch_operator to 2024-10-17T00:00:00+00:00, run_after=2024-10-18T00:00:00+00:00
[2024-10-18T23:54:28.037+0000] {processor.py:179} INFO - Processing /home/airflow/.local/lib/python3.8/site-packages/airflow/example_dags/example_branch_day_of_week_operator.py took 0.444 seconds
[2024-10-18T23:55:02.741+0000] {processor.py:157} INFO - Started process (PID=1521) to work on /home/airflow/.local/lib/python3.8/site-packages/airflow/example_dags/example_branch_day_of_week_operator.py
[2024-10-18T23:55:02.743+0000] {processor.py:829} INFO - Processing file /home/airflow/.local/lib/python3.8/site-packages/airflow/example_dags/example_branch_day_of_week_operator.py for tasks to queue
[2024-10-18T23:55:02.777+0000] {logging_mixin.py:151} INFO - [2024-10-18T23:55:02.776+0000] {dagbag.py:536} INFO - Filling up the DagBag from /home/airflow/.local/lib/python3.8/site-packages/airflow/example_dags/example_branch_day_of_week_operator.py
[2024-10-18T23:55:02.850+0000] {processor.py:839} INFO - DAG(s) dict_keys(['example_weekday_branch_operator']) retrieved from /home/airflow/.local/lib/python3.8/site-packages/airflow/example_dags/example_branch_day_of_week_operator.py
[2024-10-18T23:55:02.956+0000] {logging_mixin.py:151} INFO - [2024-10-18T23:55:02.955+0000] {dag.py:2941} INFO - Sync 1 DAGs
[2024-10-18T23:55:03.103+0000] {logging_mixin.py:151} INFO - [2024-10-18T23:55:03.102+0000] {dag.py:3722} INFO - Setting next_dagrun for example_weekday_branch_operator to 2024-10-17T00:00:00+00:00, run_after=2024-10-18T00:00:00+00:00
[2024-10-18T23:55:03.274+0000] {processor.py:179} INFO - Processing /home/airflow/.local/lib/python3.8/site-packages/airflow/example_dags/example_branch_day_of_week_operator.py took 0.552 seconds
[2024-10-18T23:55:34.174+0000] {processor.py:157} INFO - Started process (PID=1581) to work on /home/airflow/.local/lib/python3.8/site-packages/airflow/example_dags/example_branch_day_of_week_operator.py
[2024-10-18T23:55:34.176+0000] {processor.py:829} INFO - Processing file /home/airflow/.local/lib/python3.8/site-packages/airflow/example_dags/example_branch_day_of_week_operator.py for tasks to queue
[2024-10-18T23:55:34.181+0000] {logging_mixin.py:151} INFO - [2024-10-18T23:55:34.180+0000] {dagbag.py:536} INFO - Filling up the DagBag from /home/airflow/.local/lib/python3.8/site-packages/airflow/example_dags/example_branch_day_of_week_operator.py
[2024-10-18T23:55:34.195+0000] {processor.py:839} INFO - DAG(s) dict_keys(['example_weekday_branch_operator']) retrieved from /home/airflow/.local/lib/python3.8/site-packages/airflow/example_dags/example_branch_day_of_week_operator.py
[2024-10-18T23:55:34.230+0000] {logging_mixin.py:151} INFO - [2024-10-18T23:55:34.229+0000] {dag.py:2941} INFO - Sync 1 DAGs
[2024-10-18T23:55:34.272+0000] {logging_mixin.py:151} INFO - [2024-10-18T23:55:34.272+0000] {dag.py:3722} INFO - Setting next_dagrun for example_weekday_branch_operator to 2024-10-17T00:00:00+00:00, run_after=2024-10-18T00:00:00+00:00
[2024-10-18T23:55:34.312+0000] {processor.py:179} INFO - Processing /home/airflow/.local/lib/python3.8/site-packages/airflow/example_dags/example_branch_day_of_week_operator.py took 0.142 seconds
[2024-10-18T23:56:11.445+0000] {processor.py:157} INFO - Started process (PID=1637) to work on /home/airflow/.local/lib/python3.8/site-packages/airflow/example_dags/example_branch_day_of_week_operator.py
[2024-10-18T23:56:11.448+0000] {processor.py:829} INFO - Processing file /home/airflow/.local/lib/python3.8/site-packages/airflow/example_dags/example_branch_day_of_week_operator.py for tasks to queue
[2024-10-18T23:56:11.457+0000] {logging_mixin.py:151} INFO - [2024-10-18T23:56:11.456+0000] {dagbag.py:536} INFO - Filling up the DagBag from /home/airflow/.local/lib/python3.8/site-packages/airflow/example_dags/example_branch_day_of_week_operator.py
[2024-10-18T23:56:11.516+0000] {processor.py:839} INFO - DAG(s) dict_keys(['example_weekday_branch_operator']) retrieved from /home/airflow/.local/lib/python3.8/site-packages/airflow/example_dags/example_branch_day_of_week_operator.py
[2024-10-18T23:56:11.714+0000] {logging_mixin.py:151} INFO - [2024-10-18T23:56:11.713+0000] {dag.py:2941} INFO - Sync 1 DAGs
[2024-10-18T23:56:11.790+0000] {logging_mixin.py:151} INFO - [2024-10-18T23:56:11.790+0000] {dag.py:3722} INFO - Setting next_dagrun for example_weekday_branch_operator to 2024-10-17T00:00:00+00:00, run_after=2024-10-18T00:00:00+00:00
[2024-10-18T23:56:11.888+0000] {processor.py:179} INFO - Processing /home/airflow/.local/lib/python3.8/site-packages/airflow/example_dags/example_branch_day_of_week_operator.py took 0.455 seconds
[2024-10-18T23:56:42.010+0000] {processor.py:157} INFO - Started process (PID=1690) to work on /home/airflow/.local/lib/python3.8/site-packages/airflow/example_dags/example_branch_day_of_week_operator.py
[2024-10-18T23:56:42.012+0000] {processor.py:829} INFO - Processing file /home/airflow/.local/lib/python3.8/site-packages/airflow/example_dags/example_branch_day_of_week_operator.py for tasks to queue
[2024-10-18T23:56:42.018+0000] {logging_mixin.py:151} INFO - [2024-10-18T23:56:42.018+0000] {dagbag.py:536} INFO - Filling up the DagBag from /home/airflow/.local/lib/python3.8/site-packages/airflow/example_dags/example_branch_day_of_week_operator.py
[2024-10-18T23:56:42.037+0000] {processor.py:839} INFO - DAG(s) dict_keys(['example_weekday_branch_operator']) retrieved from /home/airflow/.local/lib/python3.8/site-packages/airflow/example_dags/example_branch_day_of_week_operator.py
[2024-10-18T23:56:42.113+0000] {logging_mixin.py:151} INFO - [2024-10-18T23:56:42.112+0000] {dag.py:2941} INFO - Sync 1 DAGs
[2024-10-18T23:56:42.163+0000] {logging_mixin.py:151} INFO - [2024-10-18T23:56:42.163+0000] {dag.py:3722} INFO - Setting next_dagrun for example_weekday_branch_operator to 2024-10-17T00:00:00+00:00, run_after=2024-10-18T00:00:00+00:00
[2024-10-18T23:56:42.214+0000] {processor.py:179} INFO - Processing /home/airflow/.local/lib/python3.8/site-packages/airflow/example_dags/example_branch_day_of_week_operator.py took 0.211 seconds
[2024-10-18T23:57:24.623+0000] {processor.py:157} INFO - Started process (PID=1743) to work on /home/airflow/.local/lib/python3.8/site-packages/airflow/example_dags/example_branch_day_of_week_operator.py
[2024-10-18T23:57:24.625+0000] {processor.py:829} INFO - Processing file /home/airflow/.local/lib/python3.8/site-packages/airflow/example_dags/example_branch_day_of_week_operator.py for tasks to queue
[2024-10-18T23:57:24.633+0000] {logging_mixin.py:151} INFO - [2024-10-18T23:57:24.632+0000] {dagbag.py:536} INFO - Filling up the DagBag from /home/airflow/.local/lib/python3.8/site-packages/airflow/example_dags/example_branch_day_of_week_operator.py
[2024-10-18T23:57:24.663+0000] {processor.py:839} INFO - DAG(s) dict_keys(['example_weekday_branch_operator']) retrieved from /home/airflow/.local/lib/python3.8/site-packages/airflow/example_dags/example_branch_day_of_week_operator.py
[2024-10-18T23:57:24.808+0000] {logging_mixin.py:151} INFO - [2024-10-18T23:57:24.805+0000] {dag.py:2941} INFO - Sync 1 DAGs
[2024-10-18T23:57:24.940+0000] {logging_mixin.py:151} INFO - [2024-10-18T23:57:24.940+0000] {dag.py:3722} INFO - Setting next_dagrun for example_weekday_branch_operator to 2024-10-17T00:00:00+00:00, run_after=2024-10-18T00:00:00+00:00
[2024-10-18T23:57:25.026+0000] {processor.py:179} INFO - Processing /home/airflow/.local/lib/python3.8/site-packages/airflow/example_dags/example_branch_day_of_week_operator.py took 0.413 seconds
[2024-10-18T23:57:55.399+0000] {processor.py:157} INFO - Started process (PID=1797) to work on /home/airflow/.local/lib/python3.8/site-packages/airflow/example_dags/example_branch_day_of_week_operator.py
[2024-10-18T23:57:55.401+0000] {processor.py:829} INFO - Processing file /home/airflow/.local/lib/python3.8/site-packages/airflow/example_dags/example_branch_day_of_week_operator.py for tasks to queue
[2024-10-18T23:57:55.408+0000] {logging_mixin.py:151} INFO - [2024-10-18T23:57:55.407+0000] {dagbag.py:536} INFO - Filling up the DagBag from /home/airflow/.local/lib/python3.8/site-packages/airflow/example_dags/example_branch_day_of_week_operator.py
[2024-10-18T23:57:55.491+0000] {processor.py:839} INFO - DAG(s) dict_keys(['example_weekday_branch_operator']) retrieved from /home/airflow/.local/lib/python3.8/site-packages/airflow/example_dags/example_branch_day_of_week_operator.py
[2024-10-18T23:57:55.607+0000] {logging_mixin.py:151} INFO - [2024-10-18T23:57:55.606+0000] {dag.py:2941} INFO - Sync 1 DAGs
[2024-10-18T23:57:55.700+0000] {logging_mixin.py:151} INFO - [2024-10-18T23:57:55.699+0000] {dag.py:3722} INFO - Setting next_dagrun for example_weekday_branch_operator to 2024-10-17T00:00:00+00:00, run_after=2024-10-18T00:00:00+00:00
[2024-10-18T23:57:55.755+0000] {processor.py:179} INFO - Processing /home/airflow/.local/lib/python3.8/site-packages/airflow/example_dags/example_branch_day_of_week_operator.py took 0.328 seconds
[2024-10-18T23:58:26.387+0000] {processor.py:157} INFO - Started process (PID=1851) to work on /home/airflow/.local/lib/python3.8/site-packages/airflow/example_dags/example_branch_day_of_week_operator.py
[2024-10-18T23:58:26.392+0000] {processor.py:829} INFO - Processing file /home/airflow/.local/lib/python3.8/site-packages/airflow/example_dags/example_branch_day_of_week_operator.py for tasks to queue
[2024-10-18T23:58:26.398+0000] {logging_mixin.py:151} INFO - [2024-10-18T23:58:26.397+0000] {dagbag.py:536} INFO - Filling up the DagBag from /home/airflow/.local/lib/python3.8/site-packages/airflow/example_dags/example_branch_day_of_week_operator.py
[2024-10-18T23:58:26.426+0000] {processor.py:839} INFO - DAG(s) dict_keys(['example_weekday_branch_operator']) retrieved from /home/airflow/.local/lib/python3.8/site-packages/airflow/example_dags/example_branch_day_of_week_operator.py
[2024-10-18T23:58:26.511+0000] {logging_mixin.py:151} INFO - [2024-10-18T23:58:26.511+0000] {dag.py:2941} INFO - Sync 1 DAGs
[2024-10-18T23:58:26.603+0000] {logging_mixin.py:151} INFO - [2024-10-18T23:58:26.603+0000] {dag.py:3722} INFO - Setting next_dagrun for example_weekday_branch_operator to 2024-10-17T00:00:00+00:00, run_after=2024-10-18T00:00:00+00:00
[2024-10-18T23:58:26.661+0000] {processor.py:179} INFO - Processing /home/airflow/.local/lib/python3.8/site-packages/airflow/example_dags/example_branch_day_of_week_operator.py took 0.283 seconds
[2024-10-18T23:58:58.392+0000] {processor.py:157} INFO - Started process (PID=1905) to work on /home/airflow/.local/lib/python3.8/site-packages/airflow/example_dags/example_branch_day_of_week_operator.py
[2024-10-18T23:58:58.398+0000] {processor.py:829} INFO - Processing file /home/airflow/.local/lib/python3.8/site-packages/airflow/example_dags/example_branch_day_of_week_operator.py for tasks to queue
[2024-10-18T23:58:58.404+0000] {logging_mixin.py:151} INFO - [2024-10-18T23:58:58.403+0000] {dagbag.py:536} INFO - Filling up the DagBag from /home/airflow/.local/lib/python3.8/site-packages/airflow/example_dags/example_branch_day_of_week_operator.py
[2024-10-18T23:58:58.458+0000] {processor.py:839} INFO - DAG(s) dict_keys(['example_weekday_branch_operator']) retrieved from /home/airflow/.local/lib/python3.8/site-packages/airflow/example_dags/example_branch_day_of_week_operator.py
[2024-10-18T23:58:58.532+0000] {logging_mixin.py:151} INFO - [2024-10-18T23:58:58.530+0000] {dag.py:2941} INFO - Sync 1 DAGs
[2024-10-18T23:58:58.642+0000] {logging_mixin.py:151} INFO - [2024-10-18T23:58:58.639+0000] {dag.py:3722} INFO - Setting next_dagrun for example_weekday_branch_operator to 2024-10-17T00:00:00+00:00, run_after=2024-10-18T00:00:00+00:00
[2024-10-18T23:58:58.800+0000] {processor.py:179} INFO - Processing /home/airflow/.local/lib/python3.8/site-packages/airflow/example_dags/example_branch_day_of_week_operator.py took 0.454 seconds
[2024-10-18T23:59:29.262+0000] {processor.py:157} INFO - Started process (PID=1958) to work on /home/airflow/.local/lib/python3.8/site-packages/airflow/example_dags/example_branch_day_of_week_operator.py
[2024-10-18T23:59:29.264+0000] {processor.py:829} INFO - Processing file /home/airflow/.local/lib/python3.8/site-packages/airflow/example_dags/example_branch_day_of_week_operator.py for tasks to queue
[2024-10-18T23:59:29.268+0000] {logging_mixin.py:151} INFO - [2024-10-18T23:59:29.268+0000] {dagbag.py:536} INFO - Filling up the DagBag from /home/airflow/.local/lib/python3.8/site-packages/airflow/example_dags/example_branch_day_of_week_operator.py
[2024-10-18T23:59:29.284+0000] {processor.py:839} INFO - DAG(s) dict_keys(['example_weekday_branch_operator']) retrieved from /home/airflow/.local/lib/python3.8/site-packages/airflow/example_dags/example_branch_day_of_week_operator.py
[2024-10-18T23:59:29.327+0000] {logging_mixin.py:151} INFO - [2024-10-18T23:59:29.327+0000] {dag.py:2941} INFO - Sync 1 DAGs
[2024-10-18T23:59:29.377+0000] {logging_mixin.py:151} INFO - [2024-10-18T23:59:29.377+0000] {dag.py:3722} INFO - Setting next_dagrun for example_weekday_branch_operator to 2024-10-17T00:00:00+00:00, run_after=2024-10-18T00:00:00+00:00
[2024-10-18T23:59:29.408+0000] {processor.py:179} INFO - Processing /home/airflow/.local/lib/python3.8/site-packages/airflow/example_dags/example_branch_day_of_week_operator.py took 0.152 seconds
