[2024-10-18T23:31:53.237+0000] {processor.py:157} INFO - Started process (PID=102) to work on /home/airflow/.local/lib/python3.8/site-packages/airflow/example_dags/example_sla_dag.py
[2024-10-18T23:31:53.251+0000] {processor.py:829} INFO - Processing file /home/airflow/.local/lib/python3.8/site-packages/airflow/example_dags/example_sla_dag.py for tasks to queue
[2024-10-18T23:31:53.262+0000] {logging_mixin.py:151} INFO - [2024-10-18T23:31:53.261+0000] {dagbag.py:536} INFO - Filling up the DagBag from /home/airflow/.local/lib/python3.8/site-packages/airflow/example_dags/example_sla_dag.py
[2024-10-18T23:31:53.319+0000] {processor.py:839} INFO - DAG(s) dict_keys(['example_sla_dag']) retrieved from /home/airflow/.local/lib/python3.8/site-packages/airflow/example_dags/example_sla_dag.py
[2024-10-18T23:31:53.571+0000] {logging_mixin.py:151} INFO - [2024-10-18T23:31:53.571+0000] {dag.py:2941} INFO - Sync 1 DAGs
[2024-10-18T23:31:53.737+0000] {logging_mixin.py:151} INFO - [2024-10-18T23:31:53.737+0000] {dag.py:3722} INFO - Setting next_dagrun for example_sla_dag to 2024-10-18T23:28:00+00:00, run_after=2024-10-18T23:30:00+00:00
[2024-10-18T23:31:53.788+0000] {processor.py:179} INFO - Processing /home/airflow/.local/lib/python3.8/site-packages/airflow/example_dags/example_sla_dag.py took 0.595 seconds
[2024-10-18T23:32:24.101+0000] {processor.py:157} INFO - Started process (PID=155) to work on /home/airflow/.local/lib/python3.8/site-packages/airflow/example_dags/example_sla_dag.py
[2024-10-18T23:32:24.304+0000] {processor.py:829} INFO - Processing file /home/airflow/.local/lib/python3.8/site-packages/airflow/example_dags/example_sla_dag.py for tasks to queue
[2024-10-18T23:32:24.412+0000] {logging_mixin.py:151} INFO - [2024-10-18T23:32:24.405+0000] {dagbag.py:536} INFO - Filling up the DagBag from /home/airflow/.local/lib/python3.8/site-packages/airflow/example_dags/example_sla_dag.py
[2024-10-18T23:32:24.447+0000] {processor.py:839} INFO - DAG(s) dict_keys(['example_sla_dag']) retrieved from /home/airflow/.local/lib/python3.8/site-packages/airflow/example_dags/example_sla_dag.py
[2024-10-18T23:32:24.540+0000] {logging_mixin.py:151} INFO - [2024-10-18T23:32:24.539+0000] {dag.py:2941} INFO - Sync 1 DAGs
[2024-10-18T23:32:24.656+0000] {logging_mixin.py:151} INFO - [2024-10-18T23:32:24.655+0000] {dag.py:3722} INFO - Setting next_dagrun for example_sla_dag to 2024-10-18T23:30:00+00:00, run_after=2024-10-18T23:32:00+00:00
[2024-10-18T23:32:24.761+0000] {processor.py:179} INFO - Processing /home/airflow/.local/lib/python3.8/site-packages/airflow/example_dags/example_sla_dag.py took 0.677 seconds
[2024-10-18T23:32:54.981+0000] {processor.py:157} INFO - Started process (PID=209) to work on /home/airflow/.local/lib/python3.8/site-packages/airflow/example_dags/example_sla_dag.py
[2024-10-18T23:32:54.983+0000] {processor.py:829} INFO - Processing file /home/airflow/.local/lib/python3.8/site-packages/airflow/example_dags/example_sla_dag.py for tasks to queue
[2024-10-18T23:32:54.989+0000] {logging_mixin.py:151} INFO - [2024-10-18T23:32:54.988+0000] {dagbag.py:536} INFO - Filling up the DagBag from /home/airflow/.local/lib/python3.8/site-packages/airflow/example_dags/example_sla_dag.py
[2024-10-18T23:32:55.004+0000] {processor.py:839} INFO - DAG(s) dict_keys(['example_sla_dag']) retrieved from /home/airflow/.local/lib/python3.8/site-packages/airflow/example_dags/example_sla_dag.py
[2024-10-18T23:32:55.047+0000] {logging_mixin.py:151} INFO - [2024-10-18T23:32:55.047+0000] {dag.py:2941} INFO - Sync 1 DAGs
[2024-10-18T23:32:55.096+0000] {logging_mixin.py:151} INFO - [2024-10-18T23:32:55.096+0000] {dag.py:3722} INFO - Setting next_dagrun for example_sla_dag to 2024-10-18T23:30:00+00:00, run_after=2024-10-18T23:32:00+00:00
[2024-10-18T23:32:55.148+0000] {processor.py:179} INFO - Processing /home/airflow/.local/lib/python3.8/site-packages/airflow/example_dags/example_sla_dag.py took 0.177 seconds
[2024-10-18T23:33:25.322+0000] {processor.py:157} INFO - Started process (PID=263) to work on /home/airflow/.local/lib/python3.8/site-packages/airflow/example_dags/example_sla_dag.py
[2024-10-18T23:33:25.325+0000] {processor.py:829} INFO - Processing file /home/airflow/.local/lib/python3.8/site-packages/airflow/example_dags/example_sla_dag.py for tasks to queue
[2024-10-18T23:33:25.328+0000] {logging_mixin.py:151} INFO - [2024-10-18T23:33:25.328+0000] {dagbag.py:536} INFO - Filling up the DagBag from /home/airflow/.local/lib/python3.8/site-packages/airflow/example_dags/example_sla_dag.py
[2024-10-18T23:33:25.343+0000] {processor.py:839} INFO - DAG(s) dict_keys(['example_sla_dag']) retrieved from /home/airflow/.local/lib/python3.8/site-packages/airflow/example_dags/example_sla_dag.py
[2024-10-18T23:33:25.379+0000] {logging_mixin.py:151} INFO - [2024-10-18T23:33:25.379+0000] {dag.py:2941} INFO - Sync 1 DAGs
[2024-10-18T23:33:25.476+0000] {logging_mixin.py:151} INFO - [2024-10-18T23:33:25.476+0000] {dag.py:3722} INFO - Setting next_dagrun for example_sla_dag to 2024-10-18T23:30:00+00:00, run_after=2024-10-18T23:32:00+00:00
[2024-10-18T23:33:25.672+0000] {processor.py:179} INFO - Processing /home/airflow/.local/lib/python3.8/site-packages/airflow/example_dags/example_sla_dag.py took 0.359 seconds
[2024-10-18T23:33:56.133+0000] {processor.py:157} INFO - Started process (PID=317) to work on /home/airflow/.local/lib/python3.8/site-packages/airflow/example_dags/example_sla_dag.py
[2024-10-18T23:33:56.136+0000] {processor.py:829} INFO - Processing file /home/airflow/.local/lib/python3.8/site-packages/airflow/example_dags/example_sla_dag.py for tasks to queue
[2024-10-18T23:33:56.143+0000] {logging_mixin.py:151} INFO - [2024-10-18T23:33:56.142+0000] {dagbag.py:536} INFO - Filling up the DagBag from /home/airflow/.local/lib/python3.8/site-packages/airflow/example_dags/example_sla_dag.py
[2024-10-18T23:33:56.174+0000] {processor.py:839} INFO - DAG(s) dict_keys(['example_sla_dag']) retrieved from /home/airflow/.local/lib/python3.8/site-packages/airflow/example_dags/example_sla_dag.py
[2024-10-18T23:33:56.436+0000] {logging_mixin.py:151} INFO - [2024-10-18T23:33:56.432+0000] {dag.py:2941} INFO - Sync 1 DAGs
[2024-10-18T23:33:56.742+0000] {logging_mixin.py:151} INFO - [2024-10-18T23:33:56.742+0000] {dag.py:3722} INFO - Setting next_dagrun for example_sla_dag to 2024-10-18T23:30:00+00:00, run_after=2024-10-18T23:32:00+00:00
[2024-10-18T23:33:56.786+0000] {processor.py:179} INFO - Processing /home/airflow/.local/lib/python3.8/site-packages/airflow/example_dags/example_sla_dag.py took 0.662 seconds
[2024-10-18T23:34:27.763+0000] {processor.py:157} INFO - Started process (PID=371) to work on /home/airflow/.local/lib/python3.8/site-packages/airflow/example_dags/example_sla_dag.py
[2024-10-18T23:34:27.765+0000] {processor.py:829} INFO - Processing file /home/airflow/.local/lib/python3.8/site-packages/airflow/example_dags/example_sla_dag.py for tasks to queue
[2024-10-18T23:34:27.770+0000] {logging_mixin.py:151} INFO - [2024-10-18T23:34:27.770+0000] {dagbag.py:536} INFO - Filling up the DagBag from /home/airflow/.local/lib/python3.8/site-packages/airflow/example_dags/example_sla_dag.py
[2024-10-18T23:34:27.789+0000] {processor.py:839} INFO - DAG(s) dict_keys(['example_sla_dag']) retrieved from /home/airflow/.local/lib/python3.8/site-packages/airflow/example_dags/example_sla_dag.py
[2024-10-18T23:34:27.841+0000] {logging_mixin.py:151} INFO - [2024-10-18T23:34:27.840+0000] {dag.py:2941} INFO - Sync 1 DAGs
[2024-10-18T23:34:27.908+0000] {logging_mixin.py:151} INFO - [2024-10-18T23:34:27.907+0000] {dag.py:3722} INFO - Setting next_dagrun for example_sla_dag to 2024-10-18T23:32:00+00:00, run_after=2024-10-18T23:34:00+00:00
[2024-10-18T23:34:27.967+0000] {processor.py:179} INFO - Processing /home/airflow/.local/lib/python3.8/site-packages/airflow/example_dags/example_sla_dag.py took 0.213 seconds
[2024-10-18T23:34:58.415+0000] {processor.py:157} INFO - Started process (PID=423) to work on /home/airflow/.local/lib/python3.8/site-packages/airflow/example_dags/example_sla_dag.py
[2024-10-18T23:34:58.417+0000] {processor.py:829} INFO - Processing file /home/airflow/.local/lib/python3.8/site-packages/airflow/example_dags/example_sla_dag.py for tasks to queue
[2024-10-18T23:34:58.423+0000] {logging_mixin.py:151} INFO - [2024-10-18T23:34:58.423+0000] {dagbag.py:536} INFO - Filling up the DagBag from /home/airflow/.local/lib/python3.8/site-packages/airflow/example_dags/example_sla_dag.py
[2024-10-18T23:34:58.449+0000] {processor.py:839} INFO - DAG(s) dict_keys(['example_sla_dag']) retrieved from /home/airflow/.local/lib/python3.8/site-packages/airflow/example_dags/example_sla_dag.py
[2024-10-18T23:34:58.522+0000] {logging_mixin.py:151} INFO - [2024-10-18T23:34:58.522+0000] {dag.py:2941} INFO - Sync 1 DAGs
[2024-10-18T23:34:58.626+0000] {logging_mixin.py:151} INFO - [2024-10-18T23:34:58.626+0000] {dag.py:3722} INFO - Setting next_dagrun for example_sla_dag to 2024-10-18T23:32:00+00:00, run_after=2024-10-18T23:34:00+00:00
[2024-10-18T23:34:58.689+0000] {processor.py:179} INFO - Processing /home/airflow/.local/lib/python3.8/site-packages/airflow/example_dags/example_sla_dag.py took 0.290 seconds
[2024-10-18T23:35:29.345+0000] {processor.py:157} INFO - Started process (PID=476) to work on /home/airflow/.local/lib/python3.8/site-packages/airflow/example_dags/example_sla_dag.py
[2024-10-18T23:35:29.387+0000] {processor.py:829} INFO - Processing file /home/airflow/.local/lib/python3.8/site-packages/airflow/example_dags/example_sla_dag.py for tasks to queue
[2024-10-18T23:35:29.436+0000] {logging_mixin.py:151} INFO - [2024-10-18T23:35:29.436+0000] {dagbag.py:536} INFO - Filling up the DagBag from /home/airflow/.local/lib/python3.8/site-packages/airflow/example_dags/example_sla_dag.py
[2024-10-18T23:35:29.481+0000] {processor.py:839} INFO - DAG(s) dict_keys(['example_sla_dag']) retrieved from /home/airflow/.local/lib/python3.8/site-packages/airflow/example_dags/example_sla_dag.py
[2024-10-18T23:35:29.587+0000] {logging_mixin.py:151} INFO - [2024-10-18T23:35:29.586+0000] {dag.py:2941} INFO - Sync 1 DAGs
[2024-10-18T23:35:29.688+0000] {logging_mixin.py:151} INFO - [2024-10-18T23:35:29.688+0000] {dag.py:3722} INFO - Setting next_dagrun for example_sla_dag to 2024-10-18T23:32:00+00:00, run_after=2024-10-18T23:34:00+00:00
[2024-10-18T23:35:29.778+0000] {processor.py:179} INFO - Processing /home/airflow/.local/lib/python3.8/site-packages/airflow/example_dags/example_sla_dag.py took 0.455 seconds
[2024-10-18T23:36:00.540+0000] {processor.py:157} INFO - Started process (PID=530) to work on /home/airflow/.local/lib/python3.8/site-packages/airflow/example_dags/example_sla_dag.py
[2024-10-18T23:36:00.566+0000] {processor.py:829} INFO - Processing file /home/airflow/.local/lib/python3.8/site-packages/airflow/example_dags/example_sla_dag.py for tasks to queue
[2024-10-18T23:36:00.576+0000] {logging_mixin.py:151} INFO - [2024-10-18T23:36:00.575+0000] {dagbag.py:536} INFO - Filling up the DagBag from /home/airflow/.local/lib/python3.8/site-packages/airflow/example_dags/example_sla_dag.py
[2024-10-18T23:36:00.614+0000] {processor.py:839} INFO - DAG(s) dict_keys(['example_sla_dag']) retrieved from /home/airflow/.local/lib/python3.8/site-packages/airflow/example_dags/example_sla_dag.py
[2024-10-18T23:36:00.695+0000] {logging_mixin.py:151} INFO - [2024-10-18T23:36:00.693+0000] {dag.py:2941} INFO - Sync 1 DAGs
[2024-10-18T23:36:00.803+0000] {logging_mixin.py:151} INFO - [2024-10-18T23:36:00.803+0000] {dag.py:3722} INFO - Setting next_dagrun for example_sla_dag to 2024-10-18T23:34:00+00:00, run_after=2024-10-18T23:36:00+00:00
[2024-10-18T23:36:00.879+0000] {processor.py:179} INFO - Processing /home/airflow/.local/lib/python3.8/site-packages/airflow/example_dags/example_sla_dag.py took 0.353 seconds
[2024-10-18T23:38:57.385+0000] {processor.py:157} INFO - Started process (PID=102) to work on /home/airflow/.local/lib/python3.8/site-packages/airflow/example_dags/example_sla_dag.py
[2024-10-18T23:38:57.389+0000] {processor.py:829} INFO - Processing file /home/airflow/.local/lib/python3.8/site-packages/airflow/example_dags/example_sla_dag.py for tasks to queue
[2024-10-18T23:38:57.395+0000] {logging_mixin.py:151} INFO - [2024-10-18T23:38:57.394+0000] {dagbag.py:536} INFO - Filling up the DagBag from /home/airflow/.local/lib/python3.8/site-packages/airflow/example_dags/example_sla_dag.py
[2024-10-18T23:38:57.420+0000] {processor.py:839} INFO - DAG(s) dict_keys(['example_sla_dag']) retrieved from /home/airflow/.local/lib/python3.8/site-packages/airflow/example_dags/example_sla_dag.py
[2024-10-18T23:38:57.484+0000] {logging_mixin.py:151} INFO - [2024-10-18T23:38:57.483+0000] {dag.py:2941} INFO - Sync 1 DAGs
[2024-10-18T23:38:57.562+0000] {logging_mixin.py:151} INFO - [2024-10-18T23:38:57.561+0000] {dag.py:3722} INFO - Setting next_dagrun for example_sla_dag to 2024-10-18T23:36:00+00:00, run_after=2024-10-18T23:38:00+00:00
[2024-10-18T23:38:57.625+0000] {processor.py:179} INFO - Processing /home/airflow/.local/lib/python3.8/site-packages/airflow/example_dags/example_sla_dag.py took 0.249 seconds
[2024-10-18T23:39:28.484+0000] {processor.py:157} INFO - Started process (PID=156) to work on /home/airflow/.local/lib/python3.8/site-packages/airflow/example_dags/example_sla_dag.py
[2024-10-18T23:39:28.485+0000] {processor.py:829} INFO - Processing file /home/airflow/.local/lib/python3.8/site-packages/airflow/example_dags/example_sla_dag.py for tasks to queue
[2024-10-18T23:39:28.488+0000] {logging_mixin.py:151} INFO - [2024-10-18T23:39:28.488+0000] {dagbag.py:536} INFO - Filling up the DagBag from /home/airflow/.local/lib/python3.8/site-packages/airflow/example_dags/example_sla_dag.py
[2024-10-18T23:39:28.516+0000] {processor.py:839} INFO - DAG(s) dict_keys(['example_sla_dag']) retrieved from /home/airflow/.local/lib/python3.8/site-packages/airflow/example_dags/example_sla_dag.py
[2024-10-18T23:39:28.556+0000] {logging_mixin.py:151} INFO - [2024-10-18T23:39:28.555+0000] {dag.py:2941} INFO - Sync 1 DAGs
[2024-10-18T23:39:28.665+0000] {logging_mixin.py:151} INFO - [2024-10-18T23:39:28.665+0000] {dag.py:3722} INFO - Setting next_dagrun for example_sla_dag to 2024-10-18T23:36:00+00:00, run_after=2024-10-18T23:38:00+00:00
[2024-10-18T23:39:28.745+0000] {processor.py:179} INFO - Processing /home/airflow/.local/lib/python3.8/site-packages/airflow/example_dags/example_sla_dag.py took 0.269 seconds
[2024-10-18T23:39:59.442+0000] {processor.py:157} INFO - Started process (PID=209) to work on /home/airflow/.local/lib/python3.8/site-packages/airflow/example_dags/example_sla_dag.py
[2024-10-18T23:39:59.449+0000] {processor.py:829} INFO - Processing file /home/airflow/.local/lib/python3.8/site-packages/airflow/example_dags/example_sla_dag.py for tasks to queue
[2024-10-18T23:39:59.457+0000] {logging_mixin.py:151} INFO - [2024-10-18T23:39:59.455+0000] {dagbag.py:536} INFO - Filling up the DagBag from /home/airflow/.local/lib/python3.8/site-packages/airflow/example_dags/example_sla_dag.py
[2024-10-18T23:39:59.481+0000] {processor.py:839} INFO - DAG(s) dict_keys(['example_sla_dag']) retrieved from /home/airflow/.local/lib/python3.8/site-packages/airflow/example_dags/example_sla_dag.py
[2024-10-18T23:39:59.530+0000] {logging_mixin.py:151} INFO - [2024-10-18T23:39:59.530+0000] {dag.py:2941} INFO - Sync 1 DAGs
[2024-10-18T23:39:59.592+0000] {logging_mixin.py:151} INFO - [2024-10-18T23:39:59.592+0000] {dag.py:3722} INFO - Setting next_dagrun for example_sla_dag to 2024-10-18T23:36:00+00:00, run_after=2024-10-18T23:38:00+00:00
[2024-10-18T23:39:59.637+0000] {processor.py:179} INFO - Processing /home/airflow/.local/lib/python3.8/site-packages/airflow/example_dags/example_sla_dag.py took 0.204 seconds
[2024-10-18T23:40:35.495+0000] {processor.py:157} INFO - Started process (PID=264) to work on /home/airflow/.local/lib/python3.8/site-packages/airflow/example_dags/example_sla_dag.py
[2024-10-18T23:40:35.497+0000] {processor.py:829} INFO - Processing file /home/airflow/.local/lib/python3.8/site-packages/airflow/example_dags/example_sla_dag.py for tasks to queue
[2024-10-18T23:40:35.592+0000] {logging_mixin.py:151} INFO - [2024-10-18T23:40:35.580+0000] {dagbag.py:536} INFO - Filling up the DagBag from /home/airflow/.local/lib/python3.8/site-packages/airflow/example_dags/example_sla_dag.py
[2024-10-18T23:40:35.851+0000] {processor.py:839} INFO - DAG(s) dict_keys(['example_sla_dag']) retrieved from /home/airflow/.local/lib/python3.8/site-packages/airflow/example_dags/example_sla_dag.py
[2024-10-18T23:40:52.794+0000] {logging_mixin.py:151} INFO - [2024-10-18T23:40:52.794+0000] {dag.py:2941} INFO - Sync 1 DAGs
[2024-10-18T23:40:56.036+0000] {logging_mixin.py:151} INFO - [2024-10-18T23:40:55.905+0000] {dag.py:3722} INFO - Setting next_dagrun for example_sla_dag to 2024-10-18T23:38:00+00:00, run_after=2024-10-18T23:40:00+00:00
[2024-10-18T23:40:57.394+0000] {processor.py:179} INFO - Processing /home/airflow/.local/lib/python3.8/site-packages/airflow/example_dags/example_sla_dag.py took 22.131 seconds
[2024-10-18T23:41:27.945+0000] {processor.py:157} INFO - Started process (PID=316) to work on /home/airflow/.local/lib/python3.8/site-packages/airflow/example_dags/example_sla_dag.py
[2024-10-18T23:41:27.946+0000] {processor.py:829} INFO - Processing file /home/airflow/.local/lib/python3.8/site-packages/airflow/example_dags/example_sla_dag.py for tasks to queue
[2024-10-18T23:41:27.952+0000] {logging_mixin.py:151} INFO - [2024-10-18T23:41:27.950+0000] {dagbag.py:536} INFO - Filling up the DagBag from /home/airflow/.local/lib/python3.8/site-packages/airflow/example_dags/example_sla_dag.py
[2024-10-18T23:41:28.004+0000] {processor.py:839} INFO - DAG(s) dict_keys(['example_sla_dag']) retrieved from /home/airflow/.local/lib/python3.8/site-packages/airflow/example_dags/example_sla_dag.py
[2024-10-18T23:41:28.087+0000] {logging_mixin.py:151} INFO - [2024-10-18T23:41:28.087+0000] {dag.py:2941} INFO - Sync 1 DAGs
[2024-10-18T23:41:28.223+0000] {logging_mixin.py:151} INFO - [2024-10-18T23:41:28.222+0000] {dag.py:3722} INFO - Setting next_dagrun for example_sla_dag to 2024-10-18T23:38:00+00:00, run_after=2024-10-18T23:40:00+00:00
[2024-10-18T23:41:28.326+0000] {processor.py:179} INFO - Processing /home/airflow/.local/lib/python3.8/site-packages/airflow/example_dags/example_sla_dag.py took 0.386 seconds
[2024-10-18T23:42:33.262+0000] {processor.py:157} INFO - Started process (PID=366) to work on /home/airflow/.local/lib/python3.8/site-packages/airflow/example_dags/example_sla_dag.py
[2024-10-18T23:42:33.265+0000] {processor.py:829} INFO - Processing file /home/airflow/.local/lib/python3.8/site-packages/airflow/example_dags/example_sla_dag.py for tasks to queue
[2024-10-18T23:42:33.276+0000] {logging_mixin.py:151} INFO - [2024-10-18T23:42:33.274+0000] {dagbag.py:536} INFO - Filling up the DagBag from /home/airflow/.local/lib/python3.8/site-packages/airflow/example_dags/example_sla_dag.py
[2024-10-18T23:42:33.323+0000] {processor.py:839} INFO - DAG(s) dict_keys(['example_sla_dag']) retrieved from /home/airflow/.local/lib/python3.8/site-packages/airflow/example_dags/example_sla_dag.py
[2024-10-18T23:42:33.507+0000] {logging_mixin.py:151} INFO - [2024-10-18T23:42:33.507+0000] {dag.py:2941} INFO - Sync 1 DAGs
[2024-10-18T23:42:34.009+0000] {logging_mixin.py:151} INFO - [2024-10-18T23:42:34.008+0000] {dag.py:3722} INFO - Setting next_dagrun for example_sla_dag to 2024-10-18T23:40:00+00:00, run_after=2024-10-18T23:42:00+00:00
[2024-10-18T23:42:34.918+0000] {processor.py:179} INFO - Processing /home/airflow/.local/lib/python3.8/site-packages/airflow/example_dags/example_sla_dag.py took 1.729 seconds
[2024-10-18T23:43:32.475+0000] {processor.py:157} INFO - Started process (PID=428) to work on /home/airflow/.local/lib/python3.8/site-packages/airflow/example_dags/example_sla_dag.py
[2024-10-18T23:43:32.488+0000] {processor.py:829} INFO - Processing file /home/airflow/.local/lib/python3.8/site-packages/airflow/example_dags/example_sla_dag.py for tasks to queue
[2024-10-18T23:43:32.506+0000] {logging_mixin.py:151} INFO - [2024-10-18T23:43:32.506+0000] {dagbag.py:536} INFO - Filling up the DagBag from /home/airflow/.local/lib/python3.8/site-packages/airflow/example_dags/example_sla_dag.py
[2024-10-18T23:43:32.549+0000] {processor.py:839} INFO - DAG(s) dict_keys(['example_sla_dag']) retrieved from /home/airflow/.local/lib/python3.8/site-packages/airflow/example_dags/example_sla_dag.py
[2024-10-18T23:43:32.713+0000] {logging_mixin.py:151} INFO - [2024-10-18T23:43:32.713+0000] {dag.py:2941} INFO - Sync 1 DAGs
[2024-10-18T23:43:32.859+0000] {logging_mixin.py:151} INFO - [2024-10-18T23:43:32.859+0000] {dag.py:3722} INFO - Setting next_dagrun for example_sla_dag to 2024-10-18T23:40:00+00:00, run_after=2024-10-18T23:42:00+00:00
[2024-10-18T23:43:32.937+0000] {processor.py:179} INFO - Processing /home/airflow/.local/lib/python3.8/site-packages/airflow/example_dags/example_sla_dag.py took 0.493 seconds
[2024-10-18T23:44:03.562+0000] {processor.py:157} INFO - Started process (PID=482) to work on /home/airflow/.local/lib/python3.8/site-packages/airflow/example_dags/example_sla_dag.py
[2024-10-18T23:44:03.567+0000] {processor.py:829} INFO - Processing file /home/airflow/.local/lib/python3.8/site-packages/airflow/example_dags/example_sla_dag.py for tasks to queue
[2024-10-18T23:44:03.587+0000] {logging_mixin.py:151} INFO - [2024-10-18T23:44:03.586+0000] {dagbag.py:536} INFO - Filling up the DagBag from /home/airflow/.local/lib/python3.8/site-packages/airflow/example_dags/example_sla_dag.py
[2024-10-18T23:44:03.644+0000] {processor.py:839} INFO - DAG(s) dict_keys(['example_sla_dag']) retrieved from /home/airflow/.local/lib/python3.8/site-packages/airflow/example_dags/example_sla_dag.py
[2024-10-18T23:44:03.752+0000] {logging_mixin.py:151} INFO - [2024-10-18T23:44:03.740+0000] {dag.py:2941} INFO - Sync 1 DAGs
[2024-10-18T23:44:03.914+0000] {logging_mixin.py:151} INFO - [2024-10-18T23:44:03.914+0000] {dag.py:3722} INFO - Setting next_dagrun for example_sla_dag to 2024-10-18T23:42:00+00:00, run_after=2024-10-18T23:44:00+00:00
[2024-10-18T23:44:04.027+0000] {processor.py:179} INFO - Processing /home/airflow/.local/lib/python3.8/site-packages/airflow/example_dags/example_sla_dag.py took 0.497 seconds
[2024-10-18T23:44:35.531+0000] {processor.py:157} INFO - Started process (PID=536) to work on /home/airflow/.local/lib/python3.8/site-packages/airflow/example_dags/example_sla_dag.py
[2024-10-18T23:44:35.535+0000] {processor.py:829} INFO - Processing file /home/airflow/.local/lib/python3.8/site-packages/airflow/example_dags/example_sla_dag.py for tasks to queue
[2024-10-18T23:44:35.544+0000] {logging_mixin.py:151} INFO - [2024-10-18T23:44:35.543+0000] {dagbag.py:536} INFO - Filling up the DagBag from /home/airflow/.local/lib/python3.8/site-packages/airflow/example_dags/example_sla_dag.py
[2024-10-18T23:44:35.584+0000] {processor.py:839} INFO - DAG(s) dict_keys(['example_sla_dag']) retrieved from /home/airflow/.local/lib/python3.8/site-packages/airflow/example_dags/example_sla_dag.py
[2024-10-18T23:44:35.727+0000] {logging_mixin.py:151} INFO - [2024-10-18T23:44:35.726+0000] {dag.py:2941} INFO - Sync 1 DAGs
[2024-10-18T23:44:35.805+0000] {logging_mixin.py:151} INFO - [2024-10-18T23:44:35.804+0000] {dag.py:3722} INFO - Setting next_dagrun for example_sla_dag to 2024-10-18T23:42:00+00:00, run_after=2024-10-18T23:44:00+00:00
[2024-10-18T23:44:35.850+0000] {processor.py:179} INFO - Processing /home/airflow/.local/lib/python3.8/site-packages/airflow/example_dags/example_sla_dag.py took 0.334 seconds
[2024-10-18T23:45:08.305+0000] {processor.py:157} INFO - Started process (PID=586) to work on /home/airflow/.local/lib/python3.8/site-packages/airflow/example_dags/example_sla_dag.py
[2024-10-18T23:45:08.308+0000] {processor.py:829} INFO - Processing file /home/airflow/.local/lib/python3.8/site-packages/airflow/example_dags/example_sla_dag.py for tasks to queue
[2024-10-18T23:45:08.313+0000] {logging_mixin.py:151} INFO - [2024-10-18T23:45:08.312+0000] {dagbag.py:536} INFO - Filling up the DagBag from /home/airflow/.local/lib/python3.8/site-packages/airflow/example_dags/example_sla_dag.py
[2024-10-18T23:45:08.395+0000] {processor.py:839} INFO - DAG(s) dict_keys(['example_sla_dag']) retrieved from /home/airflow/.local/lib/python3.8/site-packages/airflow/example_dags/example_sla_dag.py
[2024-10-18T23:45:08.501+0000] {logging_mixin.py:151} INFO - [2024-10-18T23:45:08.500+0000] {dag.py:2941} INFO - Sync 1 DAGs
[2024-10-18T23:45:08.577+0000] {logging_mixin.py:151} INFO - [2024-10-18T23:45:08.576+0000] {dag.py:3722} INFO - Setting next_dagrun for example_sla_dag to 2024-10-18T23:42:00+00:00, run_after=2024-10-18T23:44:00+00:00
[2024-10-18T23:45:08.647+0000] {processor.py:179} INFO - Processing /home/airflow/.local/lib/python3.8/site-packages/airflow/example_dags/example_sla_dag.py took 0.348 seconds
[2024-10-18T23:45:39.389+0000] {processor.py:157} INFO - Started process (PID=639) to work on /home/airflow/.local/lib/python3.8/site-packages/airflow/example_dags/example_sla_dag.py
[2024-10-18T23:45:39.391+0000] {processor.py:829} INFO - Processing file /home/airflow/.local/lib/python3.8/site-packages/airflow/example_dags/example_sla_dag.py for tasks to queue
[2024-10-18T23:45:39.396+0000] {logging_mixin.py:151} INFO - [2024-10-18T23:45:39.395+0000] {dagbag.py:536} INFO - Filling up the DagBag from /home/airflow/.local/lib/python3.8/site-packages/airflow/example_dags/example_sla_dag.py
[2024-10-18T23:45:39.418+0000] {processor.py:839} INFO - DAG(s) dict_keys(['example_sla_dag']) retrieved from /home/airflow/.local/lib/python3.8/site-packages/airflow/example_dags/example_sla_dag.py
[2024-10-18T23:45:39.481+0000] {logging_mixin.py:151} INFO - [2024-10-18T23:45:39.481+0000] {dag.py:2941} INFO - Sync 1 DAGs
[2024-10-18T23:45:39.533+0000] {logging_mixin.py:151} INFO - [2024-10-18T23:45:39.533+0000] {dag.py:3722} INFO - Setting next_dagrun for example_sla_dag to 2024-10-18T23:42:00+00:00, run_after=2024-10-18T23:44:00+00:00
[2024-10-18T23:45:39.572+0000] {processor.py:179} INFO - Processing /home/airflow/.local/lib/python3.8/site-packages/airflow/example_dags/example_sla_dag.py took 0.190 seconds
[2024-10-18T23:46:09.668+0000] {processor.py:157} INFO - Started process (PID=692) to work on /home/airflow/.local/lib/python3.8/site-packages/airflow/example_dags/example_sla_dag.py
[2024-10-18T23:46:09.670+0000] {processor.py:829} INFO - Processing file /home/airflow/.local/lib/python3.8/site-packages/airflow/example_dags/example_sla_dag.py for tasks to queue
[2024-10-18T23:46:09.675+0000] {logging_mixin.py:151} INFO - [2024-10-18T23:46:09.674+0000] {dagbag.py:536} INFO - Filling up the DagBag from /home/airflow/.local/lib/python3.8/site-packages/airflow/example_dags/example_sla_dag.py
[2024-10-18T23:46:09.693+0000] {processor.py:839} INFO - DAG(s) dict_keys(['example_sla_dag']) retrieved from /home/airflow/.local/lib/python3.8/site-packages/airflow/example_dags/example_sla_dag.py
[2024-10-18T23:46:09.731+0000] {logging_mixin.py:151} INFO - [2024-10-18T23:46:09.730+0000] {dag.py:2941} INFO - Sync 1 DAGs
[2024-10-18T23:46:09.812+0000] {logging_mixin.py:151} INFO - [2024-10-18T23:46:09.812+0000] {dag.py:3722} INFO - Setting next_dagrun for example_sla_dag to 2024-10-18T23:44:00+00:00, run_after=2024-10-18T23:46:00+00:00
[2024-10-18T23:46:09.849+0000] {processor.py:179} INFO - Processing /home/airflow/.local/lib/python3.8/site-packages/airflow/example_dags/example_sla_dag.py took 0.188 seconds
[2024-10-18T23:46:40.523+0000] {processor.py:157} INFO - Started process (PID=745) to work on /home/airflow/.local/lib/python3.8/site-packages/airflow/example_dags/example_sla_dag.py
[2024-10-18T23:46:40.525+0000] {processor.py:829} INFO - Processing file /home/airflow/.local/lib/python3.8/site-packages/airflow/example_dags/example_sla_dag.py for tasks to queue
[2024-10-18T23:46:40.530+0000] {logging_mixin.py:151} INFO - [2024-10-18T23:46:40.530+0000] {dagbag.py:536} INFO - Filling up the DagBag from /home/airflow/.local/lib/python3.8/site-packages/airflow/example_dags/example_sla_dag.py
[2024-10-18T23:46:40.548+0000] {processor.py:839} INFO - DAG(s) dict_keys(['example_sla_dag']) retrieved from /home/airflow/.local/lib/python3.8/site-packages/airflow/example_dags/example_sla_dag.py
[2024-10-18T23:46:40.591+0000] {logging_mixin.py:151} INFO - [2024-10-18T23:46:40.591+0000] {dag.py:2941} INFO - Sync 1 DAGs
[2024-10-18T23:46:40.641+0000] {logging_mixin.py:151} INFO - [2024-10-18T23:46:40.641+0000] {dag.py:3722} INFO - Setting next_dagrun for example_sla_dag to 2024-10-18T23:44:00+00:00, run_after=2024-10-18T23:46:00+00:00
[2024-10-18T23:46:40.679+0000] {processor.py:179} INFO - Processing /home/airflow/.local/lib/python3.8/site-packages/airflow/example_dags/example_sla_dag.py took 0.163 seconds
[2024-10-18T23:47:11.329+0000] {processor.py:157} INFO - Started process (PID=797) to work on /home/airflow/.local/lib/python3.8/site-packages/airflow/example_dags/example_sla_dag.py
[2024-10-18T23:47:11.331+0000] {processor.py:829} INFO - Processing file /home/airflow/.local/lib/python3.8/site-packages/airflow/example_dags/example_sla_dag.py for tasks to queue
[2024-10-18T23:47:11.336+0000] {logging_mixin.py:151} INFO - [2024-10-18T23:47:11.335+0000] {dagbag.py:536} INFO - Filling up the DagBag from /home/airflow/.local/lib/python3.8/site-packages/airflow/example_dags/example_sla_dag.py
[2024-10-18T23:47:11.355+0000] {processor.py:839} INFO - DAG(s) dict_keys(['example_sla_dag']) retrieved from /home/airflow/.local/lib/python3.8/site-packages/airflow/example_dags/example_sla_dag.py
[2024-10-18T23:47:11.390+0000] {logging_mixin.py:151} INFO - [2024-10-18T23:47:11.390+0000] {dag.py:2941} INFO - Sync 1 DAGs
[2024-10-18T23:47:11.433+0000] {logging_mixin.py:151} INFO - [2024-10-18T23:47:11.433+0000] {dag.py:3722} INFO - Setting next_dagrun for example_sla_dag to 2024-10-18T23:44:00+00:00, run_after=2024-10-18T23:46:00+00:00
[2024-10-18T23:47:11.470+0000] {processor.py:179} INFO - Processing /home/airflow/.local/lib/python3.8/site-packages/airflow/example_dags/example_sla_dag.py took 0.147 seconds
[2024-10-18T23:47:42.511+0000] {processor.py:157} INFO - Started process (PID=851) to work on /home/airflow/.local/lib/python3.8/site-packages/airflow/example_dags/example_sla_dag.py
[2024-10-18T23:47:42.512+0000] {processor.py:829} INFO - Processing file /home/airflow/.local/lib/python3.8/site-packages/airflow/example_dags/example_sla_dag.py for tasks to queue
[2024-10-18T23:47:42.517+0000] {logging_mixin.py:151} INFO - [2024-10-18T23:47:42.516+0000] {dagbag.py:536} INFO - Filling up the DagBag from /home/airflow/.local/lib/python3.8/site-packages/airflow/example_dags/example_sla_dag.py
[2024-10-18T23:47:42.542+0000] {processor.py:839} INFO - DAG(s) dict_keys(['example_sla_dag']) retrieved from /home/airflow/.local/lib/python3.8/site-packages/airflow/example_dags/example_sla_dag.py
[2024-10-18T23:47:42.604+0000] {logging_mixin.py:151} INFO - [2024-10-18T23:47:42.604+0000] {dag.py:2941} INFO - Sync 1 DAGs
[2024-10-18T23:47:42.761+0000] {logging_mixin.py:151} INFO - [2024-10-18T23:47:42.760+0000] {dag.py:3722} INFO - Setting next_dagrun for example_sla_dag to 2024-10-18T23:44:00+00:00, run_after=2024-10-18T23:46:00+00:00
[2024-10-18T23:47:42.828+0000] {processor.py:179} INFO - Processing /home/airflow/.local/lib/python3.8/site-packages/airflow/example_dags/example_sla_dag.py took 0.325 seconds
[2024-10-18T23:48:13.628+0000] {processor.py:157} INFO - Started process (PID=905) to work on /home/airflow/.local/lib/python3.8/site-packages/airflow/example_dags/example_sla_dag.py
[2024-10-18T23:48:13.633+0000] {processor.py:829} INFO - Processing file /home/airflow/.local/lib/python3.8/site-packages/airflow/example_dags/example_sla_dag.py for tasks to queue
[2024-10-18T23:48:13.640+0000] {logging_mixin.py:151} INFO - [2024-10-18T23:48:13.639+0000] {dagbag.py:536} INFO - Filling up the DagBag from /home/airflow/.local/lib/python3.8/site-packages/airflow/example_dags/example_sla_dag.py
[2024-10-18T23:48:13.660+0000] {processor.py:839} INFO - DAG(s) dict_keys(['example_sla_dag']) retrieved from /home/airflow/.local/lib/python3.8/site-packages/airflow/example_dags/example_sla_dag.py
[2024-10-18T23:48:13.717+0000] {logging_mixin.py:151} INFO - [2024-10-18T23:48:13.716+0000] {dag.py:2941} INFO - Sync 1 DAGs
[2024-10-18T23:48:13.776+0000] {logging_mixin.py:151} INFO - [2024-10-18T23:48:13.776+0000] {dag.py:3722} INFO - Setting next_dagrun for example_sla_dag to 2024-10-18T23:46:00+00:00, run_after=2024-10-18T23:48:00+00:00
[2024-10-18T23:48:13.821+0000] {processor.py:179} INFO - Processing /home/airflow/.local/lib/python3.8/site-packages/airflow/example_dags/example_sla_dag.py took 0.203 seconds
[2024-10-18T23:48:57.420+0000] {processor.py:157} INFO - Started process (PID=968) to work on /home/airflow/.local/lib/python3.8/site-packages/airflow/example_dags/example_sla_dag.py
[2024-10-18T23:48:57.424+0000] {processor.py:829} INFO - Processing file /home/airflow/.local/lib/python3.8/site-packages/airflow/example_dags/example_sla_dag.py for tasks to queue
[2024-10-18T23:48:57.430+0000] {logging_mixin.py:151} INFO - [2024-10-18T23:48:57.428+0000] {dagbag.py:536} INFO - Filling up the DagBag from /home/airflow/.local/lib/python3.8/site-packages/airflow/example_dags/example_sla_dag.py
[2024-10-18T23:48:57.491+0000] {processor.py:839} INFO - DAG(s) dict_keys(['example_sla_dag']) retrieved from /home/airflow/.local/lib/python3.8/site-packages/airflow/example_dags/example_sla_dag.py
[2024-10-18T23:48:57.580+0000] {logging_mixin.py:151} INFO - [2024-10-18T23:48:57.580+0000] {dag.py:2941} INFO - Sync 1 DAGs
[2024-10-18T23:48:57.739+0000] {logging_mixin.py:151} INFO - [2024-10-18T23:48:57.739+0000] {dag.py:3722} INFO - Setting next_dagrun for example_sla_dag to 2024-10-18T23:46:00+00:00, run_after=2024-10-18T23:48:00+00:00
[2024-10-18T23:48:57.847+0000] {processor.py:179} INFO - Processing /home/airflow/.local/lib/python3.8/site-packages/airflow/example_dags/example_sla_dag.py took 0.444 seconds
[2024-10-18T23:49:35.803+0000] {processor.py:157} INFO - Started process (PID=1020) to work on /home/airflow/.local/lib/python3.8/site-packages/airflow/example_dags/example_sla_dag.py
[2024-10-18T23:49:35.810+0000] {processor.py:829} INFO - Processing file /home/airflow/.local/lib/python3.8/site-packages/airflow/example_dags/example_sla_dag.py for tasks to queue
[2024-10-18T23:49:35.820+0000] {logging_mixin.py:151} INFO - [2024-10-18T23:49:35.819+0000] {dagbag.py:536} INFO - Filling up the DagBag from /home/airflow/.local/lib/python3.8/site-packages/airflow/example_dags/example_sla_dag.py
[2024-10-18T23:49:35.871+0000] {processor.py:839} INFO - DAG(s) dict_keys(['example_sla_dag']) retrieved from /home/airflow/.local/lib/python3.8/site-packages/airflow/example_dags/example_sla_dag.py
[2024-10-18T23:49:36.698+0000] {logging_mixin.py:151} INFO - [2024-10-18T23:49:36.686+0000] {dag.py:2941} INFO - Sync 1 DAGs
[2024-10-18T23:49:36.904+0000] {logging_mixin.py:151} INFO - [2024-10-18T23:49:36.903+0000] {dag.py:3722} INFO - Setting next_dagrun for example_sla_dag to 2024-10-18T23:46:00+00:00, run_after=2024-10-18T23:48:00+00:00
[2024-10-18T23:49:37.462+0000] {processor.py:179} INFO - Processing /home/airflow/.local/lib/python3.8/site-packages/airflow/example_dags/example_sla_dag.py took 1.673 seconds
[2024-10-18T23:50:21.470+0000] {processor.py:157} INFO - Started process (PID=1069) to work on /home/airflow/.local/lib/python3.8/site-packages/airflow/example_dags/example_sla_dag.py
[2024-10-18T23:50:21.475+0000] {processor.py:829} INFO - Processing file /home/airflow/.local/lib/python3.8/site-packages/airflow/example_dags/example_sla_dag.py for tasks to queue
[2024-10-18T23:50:21.486+0000] {logging_mixin.py:151} INFO - [2024-10-18T23:50:21.485+0000] {dagbag.py:536} INFO - Filling up the DagBag from /home/airflow/.local/lib/python3.8/site-packages/airflow/example_dags/example_sla_dag.py
[2024-10-18T23:50:21.590+0000] {processor.py:839} INFO - DAG(s) dict_keys(['example_sla_dag']) retrieved from /home/airflow/.local/lib/python3.8/site-packages/airflow/example_dags/example_sla_dag.py
[2024-10-18T23:50:21.839+0000] {logging_mixin.py:151} INFO - [2024-10-18T23:50:21.830+0000] {dag.py:2941} INFO - Sync 1 DAGs
[2024-10-18T23:50:22.780+0000] {logging_mixin.py:151} INFO - [2024-10-18T23:50:22.776+0000] {dag.py:3722} INFO - Setting next_dagrun for example_sla_dag to 2024-10-18T23:48:00+00:00, run_after=2024-10-18T23:50:00+00:00
[2024-10-18T23:50:23.035+0000] {processor.py:179} INFO - Processing /home/airflow/.local/lib/python3.8/site-packages/airflow/example_dags/example_sla_dag.py took 1.583 seconds
[2024-10-18T23:50:53.947+0000] {processor.py:157} INFO - Started process (PID=1122) to work on /home/airflow/.local/lib/python3.8/site-packages/airflow/example_dags/example_sla_dag.py
[2024-10-18T23:50:53.950+0000] {processor.py:829} INFO - Processing file /home/airflow/.local/lib/python3.8/site-packages/airflow/example_dags/example_sla_dag.py for tasks to queue
[2024-10-18T23:50:53.957+0000] {logging_mixin.py:151} INFO - [2024-10-18T23:50:53.956+0000] {dagbag.py:536} INFO - Filling up the DagBag from /home/airflow/.local/lib/python3.8/site-packages/airflow/example_dags/example_sla_dag.py
[2024-10-18T23:50:53.980+0000] {processor.py:839} INFO - DAG(s) dict_keys(['example_sla_dag']) retrieved from /home/airflow/.local/lib/python3.8/site-packages/airflow/example_dags/example_sla_dag.py
[2024-10-18T23:50:54.033+0000] {logging_mixin.py:151} INFO - [2024-10-18T23:50:54.029+0000] {dag.py:2941} INFO - Sync 1 DAGs
[2024-10-18T23:50:54.087+0000] {logging_mixin.py:151} INFO - [2024-10-18T23:50:54.087+0000] {dag.py:3722} INFO - Setting next_dagrun for example_sla_dag to 2024-10-18T23:48:00+00:00, run_after=2024-10-18T23:50:00+00:00
[2024-10-18T23:50:54.124+0000] {processor.py:179} INFO - Processing /home/airflow/.local/lib/python3.8/site-packages/airflow/example_dags/example_sla_dag.py took 0.186 seconds
[2024-10-18T23:51:24.719+0000] {processor.py:157} INFO - Started process (PID=1174) to work on /home/airflow/.local/lib/python3.8/site-packages/airflow/example_dags/example_sla_dag.py
[2024-10-18T23:51:24.730+0000] {processor.py:829} INFO - Processing file /home/airflow/.local/lib/python3.8/site-packages/airflow/example_dags/example_sla_dag.py for tasks to queue
[2024-10-18T23:51:24.749+0000] {logging_mixin.py:151} INFO - [2024-10-18T23:51:24.746+0000] {dagbag.py:536} INFO - Filling up the DagBag from /home/airflow/.local/lib/python3.8/site-packages/airflow/example_dags/example_sla_dag.py
[2024-10-18T23:51:24.790+0000] {processor.py:839} INFO - DAG(s) dict_keys(['example_sla_dag']) retrieved from /home/airflow/.local/lib/python3.8/site-packages/airflow/example_dags/example_sla_dag.py
[2024-10-18T23:51:24.848+0000] {logging_mixin.py:151} INFO - [2024-10-18T23:51:24.848+0000] {dag.py:2941} INFO - Sync 1 DAGs
[2024-10-18T23:51:24.924+0000] {logging_mixin.py:151} INFO - [2024-10-18T23:51:24.924+0000] {dag.py:3722} INFO - Setting next_dagrun for example_sla_dag to 2024-10-18T23:48:00+00:00, run_after=2024-10-18T23:50:00+00:00
[2024-10-18T23:51:24.965+0000] {processor.py:179} INFO - Processing /home/airflow/.local/lib/python3.8/site-packages/airflow/example_dags/example_sla_dag.py took 0.254 seconds
[2024-10-18T23:51:55.326+0000] {processor.py:157} INFO - Started process (PID=1228) to work on /home/airflow/.local/lib/python3.8/site-packages/airflow/example_dags/example_sla_dag.py
[2024-10-18T23:51:55.330+0000] {processor.py:829} INFO - Processing file /home/airflow/.local/lib/python3.8/site-packages/airflow/example_dags/example_sla_dag.py for tasks to queue
[2024-10-18T23:51:55.333+0000] {logging_mixin.py:151} INFO - [2024-10-18T23:51:55.333+0000] {dagbag.py:536} INFO - Filling up the DagBag from /home/airflow/.local/lib/python3.8/site-packages/airflow/example_dags/example_sla_dag.py
[2024-10-18T23:51:55.357+0000] {processor.py:839} INFO - DAG(s) dict_keys(['example_sla_dag']) retrieved from /home/airflow/.local/lib/python3.8/site-packages/airflow/example_dags/example_sla_dag.py
[2024-10-18T23:51:55.416+0000] {logging_mixin.py:151} INFO - [2024-10-18T23:51:55.415+0000] {dag.py:2941} INFO - Sync 1 DAGs
[2024-10-18T23:51:55.495+0000] {logging_mixin.py:151} INFO - [2024-10-18T23:51:55.494+0000] {dag.py:3722} INFO - Setting next_dagrun for example_sla_dag to 2024-10-18T23:48:00+00:00, run_after=2024-10-18T23:50:00+00:00
[2024-10-18T23:51:55.544+0000] {processor.py:179} INFO - Processing /home/airflow/.local/lib/python3.8/site-packages/airflow/example_dags/example_sla_dag.py took 0.224 seconds
[2024-10-18T23:52:26.285+0000] {processor.py:157} INFO - Started process (PID=1282) to work on /home/airflow/.local/lib/python3.8/site-packages/airflow/example_dags/example_sla_dag.py
[2024-10-18T23:52:26.295+0000] {processor.py:829} INFO - Processing file /home/airflow/.local/lib/python3.8/site-packages/airflow/example_dags/example_sla_dag.py for tasks to queue
[2024-10-18T23:52:26.300+0000] {logging_mixin.py:151} INFO - [2024-10-18T23:52:26.299+0000] {dagbag.py:536} INFO - Filling up the DagBag from /home/airflow/.local/lib/python3.8/site-packages/airflow/example_dags/example_sla_dag.py
[2024-10-18T23:52:26.336+0000] {processor.py:839} INFO - DAG(s) dict_keys(['example_sla_dag']) retrieved from /home/airflow/.local/lib/python3.8/site-packages/airflow/example_dags/example_sla_dag.py
[2024-10-18T23:52:26.423+0000] {logging_mixin.py:151} INFO - [2024-10-18T23:52:26.423+0000] {dag.py:2941} INFO - Sync 1 DAGs
[2024-10-18T23:52:27.389+0000] {logging_mixin.py:151} INFO - [2024-10-18T23:52:27.387+0000] {dag.py:3722} INFO - Setting next_dagrun for example_sla_dag to 2024-10-18T23:50:00+00:00, run_after=2024-10-18T23:52:00+00:00
[2024-10-18T23:52:27.438+0000] {processor.py:179} INFO - Processing /home/airflow/.local/lib/python3.8/site-packages/airflow/example_dags/example_sla_dag.py took 1.173 seconds
[2024-10-18T23:52:58.322+0000] {processor.py:157} INFO - Started process (PID=1335) to work on /home/airflow/.local/lib/python3.8/site-packages/airflow/example_dags/example_sla_dag.py
[2024-10-18T23:52:58.336+0000] {processor.py:829} INFO - Processing file /home/airflow/.local/lib/python3.8/site-packages/airflow/example_dags/example_sla_dag.py for tasks to queue
[2024-10-18T23:52:58.346+0000] {logging_mixin.py:151} INFO - [2024-10-18T23:52:58.345+0000] {dagbag.py:536} INFO - Filling up the DagBag from /home/airflow/.local/lib/python3.8/site-packages/airflow/example_dags/example_sla_dag.py
[2024-10-18T23:52:58.429+0000] {processor.py:839} INFO - DAG(s) dict_keys(['example_sla_dag']) retrieved from /home/airflow/.local/lib/python3.8/site-packages/airflow/example_dags/example_sla_dag.py
[2024-10-18T23:52:58.538+0000] {logging_mixin.py:151} INFO - [2024-10-18T23:52:58.537+0000] {dag.py:2941} INFO - Sync 1 DAGs
[2024-10-18T23:52:58.604+0000] {logging_mixin.py:151} INFO - [2024-10-18T23:52:58.604+0000] {dag.py:3722} INFO - Setting next_dagrun for example_sla_dag to 2024-10-18T23:50:00+00:00, run_after=2024-10-18T23:52:00+00:00
[2024-10-18T23:52:58.649+0000] {processor.py:179} INFO - Processing /home/airflow/.local/lib/python3.8/site-packages/airflow/example_dags/example_sla_dag.py took 0.335 seconds
[2024-10-18T23:53:54.150+0000] {processor.py:157} INFO - Started process (PID=1406) to work on /home/airflow/.local/lib/python3.8/site-packages/airflow/example_dags/example_sla_dag.py
[2024-10-18T23:53:54.155+0000] {processor.py:829} INFO - Processing file /home/airflow/.local/lib/python3.8/site-packages/airflow/example_dags/example_sla_dag.py for tasks to queue
[2024-10-18T23:53:54.164+0000] {logging_mixin.py:151} INFO - [2024-10-18T23:53:54.164+0000] {dagbag.py:536} INFO - Filling up the DagBag from /home/airflow/.local/lib/python3.8/site-packages/airflow/example_dags/example_sla_dag.py
[2024-10-18T23:53:54.223+0000] {processor.py:839} INFO - DAG(s) dict_keys(['example_sla_dag']) retrieved from /home/airflow/.local/lib/python3.8/site-packages/airflow/example_dags/example_sla_dag.py
[2024-10-18T23:53:54.303+0000] {logging_mixin.py:151} INFO - [2024-10-18T23:53:54.302+0000] {dag.py:2941} INFO - Sync 1 DAGs
[2024-10-18T23:53:54.386+0000] {logging_mixin.py:151} INFO - [2024-10-18T23:53:54.386+0000] {dag.py:3722} INFO - Setting next_dagrun for example_sla_dag to 2024-10-18T23:50:00+00:00, run_after=2024-10-18T23:52:00+00:00
[2024-10-18T23:53:54.437+0000] {processor.py:179} INFO - Processing /home/airflow/.local/lib/python3.8/site-packages/airflow/example_dags/example_sla_dag.py took 0.294 seconds
[2024-10-18T23:54:24.855+0000] {processor.py:157} INFO - Started process (PID=1459) to work on /home/airflow/.local/lib/python3.8/site-packages/airflow/example_dags/example_sla_dag.py
[2024-10-18T23:54:24.857+0000] {processor.py:829} INFO - Processing file /home/airflow/.local/lib/python3.8/site-packages/airflow/example_dags/example_sla_dag.py for tasks to queue
[2024-10-18T23:54:24.870+0000] {logging_mixin.py:151} INFO - [2024-10-18T23:54:24.866+0000] {dagbag.py:536} INFO - Filling up the DagBag from /home/airflow/.local/lib/python3.8/site-packages/airflow/example_dags/example_sla_dag.py
[2024-10-18T23:54:24.917+0000] {processor.py:839} INFO - DAG(s) dict_keys(['example_sla_dag']) retrieved from /home/airflow/.local/lib/python3.8/site-packages/airflow/example_dags/example_sla_dag.py
[2024-10-18T23:54:25.321+0000] {logging_mixin.py:151} INFO - [2024-10-18T23:54:25.320+0000] {dag.py:2941} INFO - Sync 1 DAGs
[2024-10-18T23:54:25.409+0000] {logging_mixin.py:151} INFO - [2024-10-18T23:54:25.409+0000] {dag.py:3722} INFO - Setting next_dagrun for example_sla_dag to 2024-10-18T23:52:00+00:00, run_after=2024-10-18T23:54:00+00:00
[2024-10-18T23:54:25.484+0000] {processor.py:179} INFO - Processing /home/airflow/.local/lib/python3.8/site-packages/airflow/example_dags/example_sla_dag.py took 0.638 seconds
[2024-10-18T23:55:00.447+0000] {processor.py:157} INFO - Started process (PID=1514) to work on /home/airflow/.local/lib/python3.8/site-packages/airflow/example_dags/example_sla_dag.py
[2024-10-18T23:55:00.450+0000] {processor.py:829} INFO - Processing file /home/airflow/.local/lib/python3.8/site-packages/airflow/example_dags/example_sla_dag.py for tasks to queue
[2024-10-18T23:55:00.459+0000] {logging_mixin.py:151} INFO - [2024-10-18T23:55:00.457+0000] {dagbag.py:536} INFO - Filling up the DagBag from /home/airflow/.local/lib/python3.8/site-packages/airflow/example_dags/example_sla_dag.py
[2024-10-18T23:55:00.494+0000] {processor.py:839} INFO - DAG(s) dict_keys(['example_sla_dag']) retrieved from /home/airflow/.local/lib/python3.8/site-packages/airflow/example_dags/example_sla_dag.py
[2024-10-18T23:55:00.650+0000] {logging_mixin.py:151} INFO - [2024-10-18T23:55:00.649+0000] {dag.py:2941} INFO - Sync 1 DAGs
[2024-10-18T23:55:00.939+0000] {logging_mixin.py:151} INFO - [2024-10-18T23:55:00.937+0000] {dag.py:3722} INFO - Setting next_dagrun for example_sla_dag to 2024-10-18T23:52:00+00:00, run_after=2024-10-18T23:54:00+00:00
[2024-10-18T23:55:00.990+0000] {processor.py:179} INFO - Processing /home/airflow/.local/lib/python3.8/site-packages/airflow/example_dags/example_sla_dag.py took 0.551 seconds
[2024-10-18T23:55:31.955+0000] {processor.py:157} INFO - Started process (PID=1567) to work on /home/airflow/.local/lib/python3.8/site-packages/airflow/example_dags/example_sla_dag.py
[2024-10-18T23:55:31.971+0000] {processor.py:829} INFO - Processing file /home/airflow/.local/lib/python3.8/site-packages/airflow/example_dags/example_sla_dag.py for tasks to queue
[2024-10-18T23:55:31.976+0000] {logging_mixin.py:151} INFO - [2024-10-18T23:55:31.976+0000] {dagbag.py:536} INFO - Filling up the DagBag from /home/airflow/.local/lib/python3.8/site-packages/airflow/example_dags/example_sla_dag.py
[2024-10-18T23:55:32.037+0000] {processor.py:839} INFO - DAG(s) dict_keys(['example_sla_dag']) retrieved from /home/airflow/.local/lib/python3.8/site-packages/airflow/example_dags/example_sla_dag.py
[2024-10-18T23:55:32.127+0000] {logging_mixin.py:151} INFO - [2024-10-18T23:55:32.127+0000] {dag.py:2941} INFO - Sync 1 DAGs
[2024-10-18T23:55:32.218+0000] {logging_mixin.py:151} INFO - [2024-10-18T23:55:32.218+0000] {dag.py:3722} INFO - Setting next_dagrun for example_sla_dag to 2024-10-18T23:52:00+00:00, run_after=2024-10-18T23:54:00+00:00
[2024-10-18T23:55:32.291+0000] {processor.py:179} INFO - Processing /home/airflow/.local/lib/python3.8/site-packages/airflow/example_dags/example_sla_dag.py took 0.351 seconds
[2024-10-18T23:56:08.698+0000] {processor.py:157} INFO - Started process (PID=1631) to work on /home/airflow/.local/lib/python3.8/site-packages/airflow/example_dags/example_sla_dag.py
[2024-10-18T23:56:08.702+0000] {processor.py:829} INFO - Processing file /home/airflow/.local/lib/python3.8/site-packages/airflow/example_dags/example_sla_dag.py for tasks to queue
[2024-10-18T23:56:08.715+0000] {logging_mixin.py:151} INFO - [2024-10-18T23:56:08.713+0000] {dagbag.py:536} INFO - Filling up the DagBag from /home/airflow/.local/lib/python3.8/site-packages/airflow/example_dags/example_sla_dag.py
[2024-10-18T23:56:08.880+0000] {processor.py:839} INFO - DAG(s) dict_keys(['example_sla_dag']) retrieved from /home/airflow/.local/lib/python3.8/site-packages/airflow/example_dags/example_sla_dag.py
[2024-10-18T23:56:09.141+0000] {logging_mixin.py:151} INFO - [2024-10-18T23:56:09.141+0000] {dag.py:2941} INFO - Sync 1 DAGs
[2024-10-18T23:56:09.301+0000] {logging_mixin.py:151} INFO - [2024-10-18T23:56:09.300+0000] {dag.py:3722} INFO - Setting next_dagrun for example_sla_dag to 2024-10-18T23:54:00+00:00, run_after=2024-10-18T23:56:00+00:00
[2024-10-18T23:56:09.761+0000] {processor.py:179} INFO - Processing /home/airflow/.local/lib/python3.8/site-packages/airflow/example_dags/example_sla_dag.py took 1.088 seconds
[2024-10-18T23:56:41.027+0000] {processor.py:157} INFO - Started process (PID=1683) to work on /home/airflow/.local/lib/python3.8/site-packages/airflow/example_dags/example_sla_dag.py
[2024-10-18T23:56:41.030+0000] {processor.py:829} INFO - Processing file /home/airflow/.local/lib/python3.8/site-packages/airflow/example_dags/example_sla_dag.py for tasks to queue
[2024-10-18T23:56:41.034+0000] {logging_mixin.py:151} INFO - [2024-10-18T23:56:41.034+0000] {dagbag.py:536} INFO - Filling up the DagBag from /home/airflow/.local/lib/python3.8/site-packages/airflow/example_dags/example_sla_dag.py
[2024-10-18T23:56:41.056+0000] {processor.py:839} INFO - DAG(s) dict_keys(['example_sla_dag']) retrieved from /home/airflow/.local/lib/python3.8/site-packages/airflow/example_dags/example_sla_dag.py
[2024-10-18T23:56:41.105+0000] {logging_mixin.py:151} INFO - [2024-10-18T23:56:41.105+0000] {dag.py:2941} INFO - Sync 1 DAGs
[2024-10-18T23:56:41.174+0000] {logging_mixin.py:151} INFO - [2024-10-18T23:56:41.174+0000] {dag.py:3722} INFO - Setting next_dagrun for example_sla_dag to 2024-10-18T23:54:00+00:00, run_after=2024-10-18T23:56:00+00:00
[2024-10-18T23:56:41.206+0000] {processor.py:179} INFO - Processing /home/airflow/.local/lib/python3.8/site-packages/airflow/example_dags/example_sla_dag.py took 0.186 seconds
[2024-10-18T23:57:21.603+0000] {processor.py:157} INFO - Started process (PID=1737) to work on /home/airflow/.local/lib/python3.8/site-packages/airflow/example_dags/example_sla_dag.py
[2024-10-18T23:57:21.611+0000] {processor.py:829} INFO - Processing file /home/airflow/.local/lib/python3.8/site-packages/airflow/example_dags/example_sla_dag.py for tasks to queue
[2024-10-18T23:57:21.621+0000] {logging_mixin.py:151} INFO - [2024-10-18T23:57:21.620+0000] {dagbag.py:536} INFO - Filling up the DagBag from /home/airflow/.local/lib/python3.8/site-packages/airflow/example_dags/example_sla_dag.py
[2024-10-18T23:57:21.650+0000] {processor.py:839} INFO - DAG(s) dict_keys(['example_sla_dag']) retrieved from /home/airflow/.local/lib/python3.8/site-packages/airflow/example_dags/example_sla_dag.py
[2024-10-18T23:57:21.751+0000] {logging_mixin.py:151} INFO - [2024-10-18T23:57:21.751+0000] {dag.py:2941} INFO - Sync 1 DAGs
[2024-10-18T23:57:21.853+0000] {logging_mixin.py:151} INFO - [2024-10-18T23:57:21.852+0000] {dag.py:3722} INFO - Setting next_dagrun for example_sla_dag to 2024-10-18T23:54:00+00:00, run_after=2024-10-18T23:56:00+00:00
[2024-10-18T23:57:21.945+0000] {processor.py:179} INFO - Processing /home/airflow/.local/lib/python3.8/site-packages/airflow/example_dags/example_sla_dag.py took 0.356 seconds
[2024-10-18T23:57:53.325+0000] {processor.py:157} INFO - Started process (PID=1791) to work on /home/airflow/.local/lib/python3.8/site-packages/airflow/example_dags/example_sla_dag.py
[2024-10-18T23:57:53.341+0000] {processor.py:829} INFO - Processing file /home/airflow/.local/lib/python3.8/site-packages/airflow/example_dags/example_sla_dag.py for tasks to queue
[2024-10-18T23:57:53.377+0000] {logging_mixin.py:151} INFO - [2024-10-18T23:57:53.376+0000] {dagbag.py:536} INFO - Filling up the DagBag from /home/airflow/.local/lib/python3.8/site-packages/airflow/example_dags/example_sla_dag.py
[2024-10-18T23:57:53.437+0000] {processor.py:839} INFO - DAG(s) dict_keys(['example_sla_dag']) retrieved from /home/airflow/.local/lib/python3.8/site-packages/airflow/example_dags/example_sla_dag.py
[2024-10-18T23:57:53.776+0000] {logging_mixin.py:151} INFO - [2024-10-18T23:57:53.775+0000] {dag.py:2941} INFO - Sync 1 DAGs
[2024-10-18T23:57:54.021+0000] {logging_mixin.py:151} INFO - [2024-10-18T23:57:54.020+0000] {dag.py:3722} INFO - Setting next_dagrun for example_sla_dag to 2024-10-18T23:54:00+00:00, run_after=2024-10-18T23:56:00+00:00
[2024-10-18T23:57:54.173+0000] {processor.py:179} INFO - Processing /home/airflow/.local/lib/python3.8/site-packages/airflow/example_dags/example_sla_dag.py took 0.882 seconds
[2024-10-18T23:58:24.529+0000] {processor.py:157} INFO - Started process (PID=1844) to work on /home/airflow/.local/lib/python3.8/site-packages/airflow/example_dags/example_sla_dag.py
[2024-10-18T23:58:24.531+0000] {processor.py:829} INFO - Processing file /home/airflow/.local/lib/python3.8/site-packages/airflow/example_dags/example_sla_dag.py for tasks to queue
[2024-10-18T23:58:24.535+0000] {logging_mixin.py:151} INFO - [2024-10-18T23:58:24.535+0000] {dagbag.py:536} INFO - Filling up the DagBag from /home/airflow/.local/lib/python3.8/site-packages/airflow/example_dags/example_sla_dag.py
[2024-10-18T23:58:24.551+0000] {processor.py:839} INFO - DAG(s) dict_keys(['example_sla_dag']) retrieved from /home/airflow/.local/lib/python3.8/site-packages/airflow/example_dags/example_sla_dag.py
[2024-10-18T23:58:24.589+0000] {logging_mixin.py:151} INFO - [2024-10-18T23:58:24.588+0000] {dag.py:2941} INFO - Sync 1 DAGs
[2024-10-18T23:58:24.638+0000] {logging_mixin.py:151} INFO - [2024-10-18T23:58:24.637+0000] {dag.py:3722} INFO - Setting next_dagrun for example_sla_dag to 2024-10-18T23:56:00+00:00, run_after=2024-10-18T23:58:00+00:00
[2024-10-18T23:58:24.678+0000] {processor.py:179} INFO - Processing /home/airflow/.local/lib/python3.8/site-packages/airflow/example_dags/example_sla_dag.py took 0.155 seconds
[2024-10-18T23:58:56.589+0000] {processor.py:157} INFO - Started process (PID=1899) to work on /home/airflow/.local/lib/python3.8/site-packages/airflow/example_dags/example_sla_dag.py
[2024-10-18T23:58:56.595+0000] {processor.py:829} INFO - Processing file /home/airflow/.local/lib/python3.8/site-packages/airflow/example_dags/example_sla_dag.py for tasks to queue
[2024-10-18T23:58:56.604+0000] {logging_mixin.py:151} INFO - [2024-10-18T23:58:56.603+0000] {dagbag.py:536} INFO - Filling up the DagBag from /home/airflow/.local/lib/python3.8/site-packages/airflow/example_dags/example_sla_dag.py
[2024-10-18T23:58:56.626+0000] {processor.py:839} INFO - DAG(s) dict_keys(['example_sla_dag']) retrieved from /home/airflow/.local/lib/python3.8/site-packages/airflow/example_dags/example_sla_dag.py
[2024-10-18T23:58:56.695+0000] {logging_mixin.py:151} INFO - [2024-10-18T23:58:56.693+0000] {dag.py:2941} INFO - Sync 1 DAGs
[2024-10-18T23:58:56.845+0000] {logging_mixin.py:151} INFO - [2024-10-18T23:58:56.845+0000] {dag.py:3722} INFO - Setting next_dagrun for example_sla_dag to 2024-10-18T23:56:00+00:00, run_after=2024-10-18T23:58:00+00:00
[2024-10-18T23:58:56.906+0000] {processor.py:179} INFO - Processing /home/airflow/.local/lib/python3.8/site-packages/airflow/example_dags/example_sla_dag.py took 0.326 seconds
[2024-10-18T23:59:27.048+0000] {processor.py:157} INFO - Started process (PID=1951) to work on /home/airflow/.local/lib/python3.8/site-packages/airflow/example_dags/example_sla_dag.py
[2024-10-18T23:59:27.050+0000] {processor.py:829} INFO - Processing file /home/airflow/.local/lib/python3.8/site-packages/airflow/example_dags/example_sla_dag.py for tasks to queue
[2024-10-18T23:59:27.054+0000] {logging_mixin.py:151} INFO - [2024-10-18T23:59:27.053+0000] {dagbag.py:536} INFO - Filling up the DagBag from /home/airflow/.local/lib/python3.8/site-packages/airflow/example_dags/example_sla_dag.py
[2024-10-18T23:59:27.066+0000] {processor.py:839} INFO - DAG(s) dict_keys(['example_sla_dag']) retrieved from /home/airflow/.local/lib/python3.8/site-packages/airflow/example_dags/example_sla_dag.py
[2024-10-18T23:59:27.101+0000] {logging_mixin.py:151} INFO - [2024-10-18T23:59:27.100+0000] {dag.py:2941} INFO - Sync 1 DAGs
[2024-10-18T23:59:27.156+0000] {logging_mixin.py:151} INFO - [2024-10-18T23:59:27.155+0000] {dag.py:3722} INFO - Setting next_dagrun for example_sla_dag to 2024-10-18T23:56:00+00:00, run_after=2024-10-18T23:58:00+00:00
[2024-10-18T23:59:27.191+0000] {processor.py:179} INFO - Processing /home/airflow/.local/lib/python3.8/site-packages/airflow/example_dags/example_sla_dag.py took 0.148 seconds
[2024-10-18T23:59:57.872+0000] {processor.py:157} INFO - Started process (PID=2005) to work on /home/airflow/.local/lib/python3.8/site-packages/airflow/example_dags/example_sla_dag.py
[2024-10-18T23:59:57.876+0000] {processor.py:829} INFO - Processing file /home/airflow/.local/lib/python3.8/site-packages/airflow/example_dags/example_sla_dag.py for tasks to queue
[2024-10-18T23:59:57.884+0000] {logging_mixin.py:151} INFO - [2024-10-18T23:59:57.883+0000] {dagbag.py:536} INFO - Filling up the DagBag from /home/airflow/.local/lib/python3.8/site-packages/airflow/example_dags/example_sla_dag.py
[2024-10-18T23:59:57.904+0000] {processor.py:839} INFO - DAG(s) dict_keys(['example_sla_dag']) retrieved from /home/airflow/.local/lib/python3.8/site-packages/airflow/example_dags/example_sla_dag.py
[2024-10-18T23:59:57.959+0000] {logging_mixin.py:151} INFO - [2024-10-18T23:59:57.958+0000] {dag.py:2941} INFO - Sync 1 DAGs
[2024-10-18T23:59:58.025+0000] {logging_mixin.py:151} INFO - [2024-10-18T23:59:58.025+0000] {dag.py:3722} INFO - Setting next_dagrun for example_sla_dag to 2024-10-18T23:56:00+00:00, run_after=2024-10-18T23:58:00+00:00
[2024-10-18T23:59:58.097+0000] {processor.py:179} INFO - Processing /home/airflow/.local/lib/python3.8/site-packages/airflow/example_dags/example_sla_dag.py took 0.232 seconds
