[2024-10-18T23:31:54.241+0000] {processor.py:157} INFO - Started process (PID=104) to work on /home/airflow/.local/lib/python3.8/site-packages/airflow/example_dags/example_latest_only.py
[2024-10-18T23:31:54.245+0000] {processor.py:829} INFO - Processing file /home/airflow/.local/lib/python3.8/site-packages/airflow/example_dags/example_latest_only.py for tasks to queue
[2024-10-18T23:31:54.251+0000] {logging_mixin.py:151} INFO - [2024-10-18T23:31:54.250+0000] {dagbag.py:536} INFO - Filling up the DagBag from /home/airflow/.local/lib/python3.8/site-packages/airflow/example_dags/example_latest_only.py
[2024-10-18T23:31:54.266+0000] {processor.py:839} INFO - DAG(s) dict_keys(['latest_only']) retrieved from /home/airflow/.local/lib/python3.8/site-packages/airflow/example_dags/example_latest_only.py
[2024-10-18T23:31:54.342+0000] {logging_mixin.py:151} INFO - [2024-10-18T23:31:54.341+0000] {dag.py:2941} INFO - Sync 1 DAGs
[2024-10-18T23:31:54.425+0000] {logging_mixin.py:151} INFO - [2024-10-18T23:31:54.424+0000] {dag.py:3722} INFO - Setting next_dagrun for latest_only to 2024-10-18T19:31:54.424113+00:00, run_after=2024-10-18T23:31:54.424113+00:00
[2024-10-18T23:31:54.522+0000] {processor.py:179} INFO - Processing /home/airflow/.local/lib/python3.8/site-packages/airflow/example_dags/example_latest_only.py took 0.290 seconds
[2024-10-18T23:32:24.841+0000] {processor.py:157} INFO - Started process (PID=157) to work on /home/airflow/.local/lib/python3.8/site-packages/airflow/example_dags/example_latest_only.py
[2024-10-18T23:32:24.843+0000] {processor.py:829} INFO - Processing file /home/airflow/.local/lib/python3.8/site-packages/airflow/example_dags/example_latest_only.py for tasks to queue
[2024-10-18T23:32:24.851+0000] {logging_mixin.py:151} INFO - [2024-10-18T23:32:24.851+0000] {dagbag.py:536} INFO - Filling up the DagBag from /home/airflow/.local/lib/python3.8/site-packages/airflow/example_dags/example_latest_only.py
[2024-10-18T23:32:24.863+0000] {processor.py:839} INFO - DAG(s) dict_keys(['latest_only']) retrieved from /home/airflow/.local/lib/python3.8/site-packages/airflow/example_dags/example_latest_only.py
[2024-10-18T23:32:24.928+0000] {logging_mixin.py:151} INFO - [2024-10-18T23:32:24.927+0000] {dag.py:2941} INFO - Sync 1 DAGs
[2024-10-18T23:32:25.039+0000] {logging_mixin.py:151} INFO - [2024-10-18T23:32:25.038+0000] {dag.py:3722} INFO - Setting next_dagrun for latest_only to 2024-10-18T19:32:25.037523+00:00, run_after=2024-10-18T23:32:25.037523+00:00
[2024-10-18T23:32:25.080+0000] {processor.py:179} INFO - Processing /home/airflow/.local/lib/python3.8/site-packages/airflow/example_dags/example_latest_only.py took 0.246 seconds
[2024-10-18T23:32:55.207+0000] {processor.py:157} INFO - Started process (PID=211) to work on /home/airflow/.local/lib/python3.8/site-packages/airflow/example_dags/example_latest_only.py
[2024-10-18T23:32:55.209+0000] {processor.py:829} INFO - Processing file /home/airflow/.local/lib/python3.8/site-packages/airflow/example_dags/example_latest_only.py for tasks to queue
[2024-10-18T23:32:55.216+0000] {logging_mixin.py:151} INFO - [2024-10-18T23:32:55.215+0000] {dagbag.py:536} INFO - Filling up the DagBag from /home/airflow/.local/lib/python3.8/site-packages/airflow/example_dags/example_latest_only.py
[2024-10-18T23:32:55.326+0000] {processor.py:839} INFO - DAG(s) dict_keys(['latest_only']) retrieved from /home/airflow/.local/lib/python3.8/site-packages/airflow/example_dags/example_latest_only.py
[2024-10-18T23:32:55.470+0000] {logging_mixin.py:151} INFO - [2024-10-18T23:32:55.469+0000] {dag.py:2941} INFO - Sync 1 DAGs
[2024-10-18T23:32:55.521+0000] {logging_mixin.py:151} INFO - [2024-10-18T23:32:55.520+0000] {dag.py:3722} INFO - Setting next_dagrun for latest_only to 2024-10-18T19:32:55.520097+00:00, run_after=2024-10-18T23:32:55.520097+00:00
[2024-10-18T23:32:55.586+0000] {processor.py:179} INFO - Processing /home/airflow/.local/lib/python3.8/site-packages/airflow/example_dags/example_latest_only.py took 0.386 seconds
[2024-10-18T23:33:25.763+0000] {processor.py:157} INFO - Started process (PID=265) to work on /home/airflow/.local/lib/python3.8/site-packages/airflow/example_dags/example_latest_only.py
[2024-10-18T23:33:25.780+0000] {processor.py:829} INFO - Processing file /home/airflow/.local/lib/python3.8/site-packages/airflow/example_dags/example_latest_only.py for tasks to queue
[2024-10-18T23:33:25.784+0000] {logging_mixin.py:151} INFO - [2024-10-18T23:33:25.784+0000] {dagbag.py:536} INFO - Filling up the DagBag from /home/airflow/.local/lib/python3.8/site-packages/airflow/example_dags/example_latest_only.py
[2024-10-18T23:33:25.795+0000] {processor.py:839} INFO - DAG(s) dict_keys(['latest_only']) retrieved from /home/airflow/.local/lib/python3.8/site-packages/airflow/example_dags/example_latest_only.py
[2024-10-18T23:33:25.852+0000] {logging_mixin.py:151} INFO - [2024-10-18T23:33:25.851+0000] {dag.py:2941} INFO - Sync 1 DAGs
[2024-10-18T23:33:25.911+0000] {logging_mixin.py:151} INFO - [2024-10-18T23:33:25.911+0000] {dag.py:3722} INFO - Setting next_dagrun for latest_only to 2024-10-18T19:33:25.910894+00:00, run_after=2024-10-18T23:33:25.910894+00:00
[2024-10-18T23:33:25.956+0000] {processor.py:179} INFO - Processing /home/airflow/.local/lib/python3.8/site-packages/airflow/example_dags/example_latest_only.py took 0.203 seconds
[2024-10-18T23:33:56.840+0000] {processor.py:157} INFO - Started process (PID=319) to work on /home/airflow/.local/lib/python3.8/site-packages/airflow/example_dags/example_latest_only.py
[2024-10-18T23:33:56.842+0000] {processor.py:829} INFO - Processing file /home/airflow/.local/lib/python3.8/site-packages/airflow/example_dags/example_latest_only.py for tasks to queue
[2024-10-18T23:33:56.849+0000] {logging_mixin.py:151} INFO - [2024-10-18T23:33:56.848+0000] {dagbag.py:536} INFO - Filling up the DagBag from /home/airflow/.local/lib/python3.8/site-packages/airflow/example_dags/example_latest_only.py
[2024-10-18T23:33:56.863+0000] {processor.py:839} INFO - DAG(s) dict_keys(['latest_only']) retrieved from /home/airflow/.local/lib/python3.8/site-packages/airflow/example_dags/example_latest_only.py
[2024-10-18T23:33:56.911+0000] {logging_mixin.py:151} INFO - [2024-10-18T23:33:56.910+0000] {dag.py:2941} INFO - Sync 1 DAGs
[2024-10-18T23:33:56.965+0000] {logging_mixin.py:151} INFO - [2024-10-18T23:33:56.964+0000] {dag.py:3722} INFO - Setting next_dagrun for latest_only to 2024-10-18T19:33:56.963893+00:00, run_after=2024-10-18T23:33:56.963893+00:00
[2024-10-18T23:33:57.010+0000] {processor.py:179} INFO - Processing /home/airflow/.local/lib/python3.8/site-packages/airflow/example_dags/example_latest_only.py took 0.179 seconds
[2024-10-18T23:34:28.003+0000] {processor.py:157} INFO - Started process (PID=373) to work on /home/airflow/.local/lib/python3.8/site-packages/airflow/example_dags/example_latest_only.py
[2024-10-18T23:34:28.006+0000] {processor.py:829} INFO - Processing file /home/airflow/.local/lib/python3.8/site-packages/airflow/example_dags/example_latest_only.py for tasks to queue
[2024-10-18T23:34:28.012+0000] {logging_mixin.py:151} INFO - [2024-10-18T23:34:28.011+0000] {dagbag.py:536} INFO - Filling up the DagBag from /home/airflow/.local/lib/python3.8/site-packages/airflow/example_dags/example_latest_only.py
[2024-10-18T23:34:28.027+0000] {processor.py:839} INFO - DAG(s) dict_keys(['latest_only']) retrieved from /home/airflow/.local/lib/python3.8/site-packages/airflow/example_dags/example_latest_only.py
[2024-10-18T23:34:28.071+0000] {logging_mixin.py:151} INFO - [2024-10-18T23:34:28.071+0000] {dag.py:2941} INFO - Sync 1 DAGs
[2024-10-18T23:34:28.131+0000] {logging_mixin.py:151} INFO - [2024-10-18T23:34:28.130+0000] {dag.py:3722} INFO - Setting next_dagrun for latest_only to 2024-10-18T19:34:28.130236+00:00, run_after=2024-10-18T23:34:28.130236+00:00
[2024-10-18T23:34:28.200+0000] {processor.py:179} INFO - Processing /home/airflow/.local/lib/python3.8/site-packages/airflow/example_dags/example_latest_only.py took 0.203 seconds
[2024-10-18T23:34:58.713+0000] {processor.py:157} INFO - Started process (PID=425) to work on /home/airflow/.local/lib/python3.8/site-packages/airflow/example_dags/example_latest_only.py
[2024-10-18T23:34:58.715+0000] {processor.py:829} INFO - Processing file /home/airflow/.local/lib/python3.8/site-packages/airflow/example_dags/example_latest_only.py for tasks to queue
[2024-10-18T23:34:58.719+0000] {logging_mixin.py:151} INFO - [2024-10-18T23:34:58.718+0000] {dagbag.py:536} INFO - Filling up the DagBag from /home/airflow/.local/lib/python3.8/site-packages/airflow/example_dags/example_latest_only.py
[2024-10-18T23:34:58.729+0000] {processor.py:839} INFO - DAG(s) dict_keys(['latest_only']) retrieved from /home/airflow/.local/lib/python3.8/site-packages/airflow/example_dags/example_latest_only.py
[2024-10-18T23:34:58.774+0000] {logging_mixin.py:151} INFO - [2024-10-18T23:34:58.773+0000] {dag.py:2941} INFO - Sync 1 DAGs
[2024-10-18T23:34:58.819+0000] {logging_mixin.py:151} INFO - [2024-10-18T23:34:58.819+0000] {dag.py:3722} INFO - Setting next_dagrun for latest_only to 2024-10-18T19:34:58.818784+00:00, run_after=2024-10-18T23:34:58.818784+00:00
[2024-10-18T23:34:58.852+0000] {processor.py:179} INFO - Processing /home/airflow/.local/lib/python3.8/site-packages/airflow/example_dags/example_latest_only.py took 0.151 seconds
[2024-10-18T23:35:29.874+0000] {processor.py:157} INFO - Started process (PID=478) to work on /home/airflow/.local/lib/python3.8/site-packages/airflow/example_dags/example_latest_only.py
[2024-10-18T23:35:29.876+0000] {processor.py:829} INFO - Processing file /home/airflow/.local/lib/python3.8/site-packages/airflow/example_dags/example_latest_only.py for tasks to queue
[2024-10-18T23:35:29.882+0000] {logging_mixin.py:151} INFO - [2024-10-18T23:35:29.882+0000] {dagbag.py:536} INFO - Filling up the DagBag from /home/airflow/.local/lib/python3.8/site-packages/airflow/example_dags/example_latest_only.py
[2024-10-18T23:35:29.897+0000] {processor.py:839} INFO - DAG(s) dict_keys(['latest_only']) retrieved from /home/airflow/.local/lib/python3.8/site-packages/airflow/example_dags/example_latest_only.py
[2024-10-18T23:35:29.979+0000] {logging_mixin.py:151} INFO - [2024-10-18T23:35:29.979+0000] {dag.py:2941} INFO - Sync 1 DAGs
[2024-10-18T23:35:30.058+0000] {logging_mixin.py:151} INFO - [2024-10-18T23:35:30.057+0000] {dag.py:3722} INFO - Setting next_dagrun for latest_only to 2024-10-18T19:35:30.056658+00:00, run_after=2024-10-18T23:35:30.056658+00:00
[2024-10-18T23:35:30.131+0000] {processor.py:179} INFO - Processing /home/airflow/.local/lib/python3.8/site-packages/airflow/example_dags/example_latest_only.py took 0.285 seconds
[2024-10-18T23:36:00.980+0000] {processor.py:157} INFO - Started process (PID=532) to work on /home/airflow/.local/lib/python3.8/site-packages/airflow/example_dags/example_latest_only.py
[2024-10-18T23:36:00.983+0000] {processor.py:829} INFO - Processing file /home/airflow/.local/lib/python3.8/site-packages/airflow/example_dags/example_latest_only.py for tasks to queue
[2024-10-18T23:36:00.990+0000] {logging_mixin.py:151} INFO - [2024-10-18T23:36:00.989+0000] {dagbag.py:536} INFO - Filling up the DagBag from /home/airflow/.local/lib/python3.8/site-packages/airflow/example_dags/example_latest_only.py
[2024-10-18T23:36:01.007+0000] {processor.py:839} INFO - DAG(s) dict_keys(['latest_only']) retrieved from /home/airflow/.local/lib/python3.8/site-packages/airflow/example_dags/example_latest_only.py
[2024-10-18T23:36:01.092+0000] {logging_mixin.py:151} INFO - [2024-10-18T23:36:01.092+0000] {dag.py:2941} INFO - Sync 1 DAGs
[2024-10-18T23:36:01.175+0000] {logging_mixin.py:151} INFO - [2024-10-18T23:36:01.174+0000] {dag.py:3722} INFO - Setting next_dagrun for latest_only to 2024-10-18T19:36:01.173519+00:00, run_after=2024-10-18T23:36:01.173519+00:00
[2024-10-18T23:36:01.229+0000] {processor.py:179} INFO - Processing /home/airflow/.local/lib/python3.8/site-packages/airflow/example_dags/example_latest_only.py took 0.261 seconds
[2024-10-18T23:38:58.119+0000] {processor.py:157} INFO - Started process (PID=104) to work on /home/airflow/.local/lib/python3.8/site-packages/airflow/example_dags/example_latest_only.py
[2024-10-18T23:38:58.127+0000] {processor.py:829} INFO - Processing file /home/airflow/.local/lib/python3.8/site-packages/airflow/example_dags/example_latest_only.py for tasks to queue
[2024-10-18T23:38:58.158+0000] {logging_mixin.py:151} INFO - [2024-10-18T23:38:58.157+0000] {dagbag.py:536} INFO - Filling up the DagBag from /home/airflow/.local/lib/python3.8/site-packages/airflow/example_dags/example_latest_only.py
[2024-10-18T23:38:58.184+0000] {processor.py:839} INFO - DAG(s) dict_keys(['latest_only']) retrieved from /home/airflow/.local/lib/python3.8/site-packages/airflow/example_dags/example_latest_only.py
[2024-10-18T23:38:58.309+0000] {logging_mixin.py:151} INFO - [2024-10-18T23:38:58.308+0000] {dag.py:2941} INFO - Sync 1 DAGs
[2024-10-18T23:38:58.420+0000] {logging_mixin.py:151} INFO - [2024-10-18T23:38:58.420+0000] {dag.py:3722} INFO - Setting next_dagrun for latest_only to 2024-10-18T19:38:58.419628+00:00, run_after=2024-10-18T23:38:58.419628+00:00
[2024-10-18T23:38:58.499+0000] {processor.py:179} INFO - Processing /home/airflow/.local/lib/python3.8/site-packages/airflow/example_dags/example_latest_only.py took 0.393 seconds
[2024-10-18T23:39:29.082+0000] {processor.py:157} INFO - Started process (PID=158) to work on /home/airflow/.local/lib/python3.8/site-packages/airflow/example_dags/example_latest_only.py
[2024-10-18T23:39:29.085+0000] {processor.py:829} INFO - Processing file /home/airflow/.local/lib/python3.8/site-packages/airflow/example_dags/example_latest_only.py for tasks to queue
[2024-10-18T23:39:29.092+0000] {logging_mixin.py:151} INFO - [2024-10-18T23:39:29.090+0000] {dagbag.py:536} INFO - Filling up the DagBag from /home/airflow/.local/lib/python3.8/site-packages/airflow/example_dags/example_latest_only.py
[2024-10-18T23:39:29.106+0000] {processor.py:839} INFO - DAG(s) dict_keys(['latest_only']) retrieved from /home/airflow/.local/lib/python3.8/site-packages/airflow/example_dags/example_latest_only.py
[2024-10-18T23:39:29.184+0000] {logging_mixin.py:151} INFO - [2024-10-18T23:39:29.183+0000] {dag.py:2941} INFO - Sync 1 DAGs
[2024-10-18T23:39:29.227+0000] {logging_mixin.py:151} INFO - [2024-10-18T23:39:29.227+0000] {dag.py:3722} INFO - Setting next_dagrun for latest_only to 2024-10-18T19:39:29.226403+00:00, run_after=2024-10-18T23:39:29.226403+00:00
[2024-10-18T23:39:29.291+0000] {processor.py:179} INFO - Processing /home/airflow/.local/lib/python3.8/site-packages/airflow/example_dags/example_latest_only.py took 0.218 seconds
[2024-10-18T23:39:59.679+0000] {processor.py:157} INFO - Started process (PID=211) to work on /home/airflow/.local/lib/python3.8/site-packages/airflow/example_dags/example_latest_only.py
[2024-10-18T23:39:59.681+0000] {processor.py:829} INFO - Processing file /home/airflow/.local/lib/python3.8/site-packages/airflow/example_dags/example_latest_only.py for tasks to queue
[2024-10-18T23:39:59.685+0000] {logging_mixin.py:151} INFO - [2024-10-18T23:39:59.684+0000] {dagbag.py:536} INFO - Filling up the DagBag from /home/airflow/.local/lib/python3.8/site-packages/airflow/example_dags/example_latest_only.py
[2024-10-18T23:39:59.702+0000] {processor.py:839} INFO - DAG(s) dict_keys(['latest_only']) retrieved from /home/airflow/.local/lib/python3.8/site-packages/airflow/example_dags/example_latest_only.py
[2024-10-18T23:39:59.749+0000] {logging_mixin.py:151} INFO - [2024-10-18T23:39:59.749+0000] {dag.py:2941} INFO - Sync 1 DAGs
[2024-10-18T23:39:59.797+0000] {logging_mixin.py:151} INFO - [2024-10-18T23:39:59.797+0000] {dag.py:3722} INFO - Setting next_dagrun for latest_only to 2024-10-18T19:39:59.796845+00:00, run_after=2024-10-18T23:39:59.796845+00:00
[2024-10-18T23:39:59.852+0000] {processor.py:179} INFO - Processing /home/airflow/.local/lib/python3.8/site-packages/airflow/example_dags/example_latest_only.py took 0.179 seconds
[2024-10-18T23:41:00.820+0000] {processor.py:157} INFO - Started process (PID=272) to work on /home/airflow/.local/lib/python3.8/site-packages/airflow/example_dags/example_latest_only.py
[2024-10-18T23:41:00.826+0000] {processor.py:829} INFO - Processing file /home/airflow/.local/lib/python3.8/site-packages/airflow/example_dags/example_latest_only.py for tasks to queue
[2024-10-18T23:41:00.841+0000] {logging_mixin.py:151} INFO - [2024-10-18T23:41:00.833+0000] {dagbag.py:536} INFO - Filling up the DagBag from /home/airflow/.local/lib/python3.8/site-packages/airflow/example_dags/example_latest_only.py
[2024-10-18T23:41:00.961+0000] {processor.py:839} INFO - DAG(s) dict_keys(['latest_only']) retrieved from /home/airflow/.local/lib/python3.8/site-packages/airflow/example_dags/example_latest_only.py
[2024-10-18T23:41:02.315+0000] {logging_mixin.py:151} INFO - [2024-10-18T23:41:02.315+0000] {dag.py:2941} INFO - Sync 1 DAGs
[2024-10-18T23:41:02.532+0000] {logging_mixin.py:151} INFO - [2024-10-18T23:41:02.531+0000] {dag.py:3722} INFO - Setting next_dagrun for latest_only to 2024-10-18T19:41:02.518510+00:00, run_after=2024-10-18T23:41:02.518510+00:00
[2024-10-18T23:41:02.659+0000] {processor.py:179} INFO - Processing /home/airflow/.local/lib/python3.8/site-packages/airflow/example_dags/example_latest_only.py took 1.856 seconds
[2024-10-18T23:41:33.012+0000] {processor.py:157} INFO - Started process (PID=326) to work on /home/airflow/.local/lib/python3.8/site-packages/airflow/example_dags/example_latest_only.py
[2024-10-18T23:41:33.025+0000] {processor.py:829} INFO - Processing file /home/airflow/.local/lib/python3.8/site-packages/airflow/example_dags/example_latest_only.py for tasks to queue
[2024-10-18T23:41:33.035+0000] {logging_mixin.py:151} INFO - [2024-10-18T23:41:33.035+0000] {dagbag.py:536} INFO - Filling up the DagBag from /home/airflow/.local/lib/python3.8/site-packages/airflow/example_dags/example_latest_only.py
[2024-10-18T23:41:33.677+0000] {processor.py:839} INFO - DAG(s) dict_keys(['latest_only']) retrieved from /home/airflow/.local/lib/python3.8/site-packages/airflow/example_dags/example_latest_only.py
[2024-10-18T23:41:34.776+0000] {logging_mixin.py:151} INFO - [2024-10-18T23:41:34.766+0000] {dag.py:2941} INFO - Sync 1 DAGs
[2024-10-18T23:41:34.899+0000] {logging_mixin.py:151} INFO - [2024-10-18T23:41:34.898+0000] {dag.py:3722} INFO - Setting next_dagrun for latest_only to 2024-10-18T19:41:34.895893+00:00, run_after=2024-10-18T23:41:34.895893+00:00
[2024-10-18T23:41:34.992+0000] {processor.py:179} INFO - Processing /home/airflow/.local/lib/python3.8/site-packages/airflow/example_dags/example_latest_only.py took 2.003 seconds
[2024-10-18T23:43:18.228+0000] {processor.py:157} INFO - Started process (PID=412) to work on /home/airflow/.local/lib/python3.8/site-packages/airflow/example_dags/example_latest_only.py
[2024-10-18T23:43:18.233+0000] {processor.py:829} INFO - Processing file /home/airflow/.local/lib/python3.8/site-packages/airflow/example_dags/example_latest_only.py for tasks to queue
[2024-10-18T23:43:18.241+0000] {logging_mixin.py:151} INFO - [2024-10-18T23:43:18.241+0000] {dagbag.py:536} INFO - Filling up the DagBag from /home/airflow/.local/lib/python3.8/site-packages/airflow/example_dags/example_latest_only.py
[2024-10-18T23:43:18.282+0000] {processor.py:839} INFO - DAG(s) dict_keys(['latest_only']) retrieved from /home/airflow/.local/lib/python3.8/site-packages/airflow/example_dags/example_latest_only.py
[2024-10-18T23:43:18.516+0000] {logging_mixin.py:151} INFO - [2024-10-18T23:43:18.516+0000] {dag.py:2941} INFO - Sync 1 DAGs
[2024-10-18T23:43:18.834+0000] {logging_mixin.py:151} INFO - [2024-10-18T23:43:18.833+0000] {dag.py:3722} INFO - Setting next_dagrun for latest_only to 2024-10-18T19:43:18.833003+00:00, run_after=2024-10-18T23:43:18.833003+00:00
[2024-10-18T23:43:19.072+0000] {processor.py:179} INFO - Processing /home/airflow/.local/lib/python3.8/site-packages/airflow/example_dags/example_latest_only.py took 0.861 seconds
[2024-10-18T23:43:54.671+0000] {processor.py:157} INFO - Started process (PID=465) to work on /home/airflow/.local/lib/python3.8/site-packages/airflow/example_dags/example_latest_only.py
[2024-10-18T23:43:54.674+0000] {processor.py:829} INFO - Processing file /home/airflow/.local/lib/python3.8/site-packages/airflow/example_dags/example_latest_only.py for tasks to queue
[2024-10-18T23:43:54.686+0000] {logging_mixin.py:151} INFO - [2024-10-18T23:43:54.684+0000] {dagbag.py:536} INFO - Filling up the DagBag from /home/airflow/.local/lib/python3.8/site-packages/airflow/example_dags/example_latest_only.py
[2024-10-18T23:43:54.720+0000] {processor.py:839} INFO - DAG(s) dict_keys(['latest_only']) retrieved from /home/airflow/.local/lib/python3.8/site-packages/airflow/example_dags/example_latest_only.py
[2024-10-18T23:43:54.876+0000] {logging_mixin.py:151} INFO - [2024-10-18T23:43:54.876+0000] {dag.py:2941} INFO - Sync 1 DAGs
[2024-10-18T23:43:54.960+0000] {logging_mixin.py:151} INFO - [2024-10-18T23:43:54.959+0000] {dag.py:3722} INFO - Setting next_dagrun for latest_only to 2024-10-18T19:43:54.959452+00:00, run_after=2024-10-18T23:43:54.959452+00:00
[2024-10-18T23:43:55.024+0000] {processor.py:179} INFO - Processing /home/airflow/.local/lib/python3.8/site-packages/airflow/example_dags/example_latest_only.py took 0.382 seconds
[2024-10-18T23:44:25.168+0000] {processor.py:157} INFO - Started process (PID=517) to work on /home/airflow/.local/lib/python3.8/site-packages/airflow/example_dags/example_latest_only.py
[2024-10-18T23:44:25.170+0000] {processor.py:829} INFO - Processing file /home/airflow/.local/lib/python3.8/site-packages/airflow/example_dags/example_latest_only.py for tasks to queue
[2024-10-18T23:44:25.176+0000] {logging_mixin.py:151} INFO - [2024-10-18T23:44:25.176+0000] {dagbag.py:536} INFO - Filling up the DagBag from /home/airflow/.local/lib/python3.8/site-packages/airflow/example_dags/example_latest_only.py
[2024-10-18T23:44:25.191+0000] {processor.py:839} INFO - DAG(s) dict_keys(['latest_only']) retrieved from /home/airflow/.local/lib/python3.8/site-packages/airflow/example_dags/example_latest_only.py
[2024-10-18T23:44:25.297+0000] {logging_mixin.py:151} INFO - [2024-10-18T23:44:25.297+0000] {dag.py:2941} INFO - Sync 1 DAGs
[2024-10-18T23:44:25.503+0000] {logging_mixin.py:151} INFO - [2024-10-18T23:44:25.502+0000] {dag.py:3722} INFO - Setting next_dagrun for latest_only to 2024-10-18T19:44:25.485602+00:00, run_after=2024-10-18T23:44:25.485602+00:00
[2024-10-18T23:44:25.665+0000] {processor.py:179} INFO - Processing /home/airflow/.local/lib/python3.8/site-packages/airflow/example_dags/example_latest_only.py took 0.525 seconds
[2024-10-18T23:44:56.014+0000] {processor.py:157} INFO - Started process (PID=571) to work on /home/airflow/.local/lib/python3.8/site-packages/airflow/example_dags/example_latest_only.py
[2024-10-18T23:44:56.035+0000] {processor.py:829} INFO - Processing file /home/airflow/.local/lib/python3.8/site-packages/airflow/example_dags/example_latest_only.py for tasks to queue
[2024-10-18T23:44:56.048+0000] {logging_mixin.py:151} INFO - [2024-10-18T23:44:56.046+0000] {dagbag.py:536} INFO - Filling up the DagBag from /home/airflow/.local/lib/python3.8/site-packages/airflow/example_dags/example_latest_only.py
[2024-10-18T23:44:56.064+0000] {processor.py:839} INFO - DAG(s) dict_keys(['latest_only']) retrieved from /home/airflow/.local/lib/python3.8/site-packages/airflow/example_dags/example_latest_only.py
[2024-10-18T23:44:56.219+0000] {logging_mixin.py:151} INFO - [2024-10-18T23:44:56.218+0000] {dag.py:2941} INFO - Sync 1 DAGs
[2024-10-18T23:44:56.283+0000] {logging_mixin.py:151} INFO - [2024-10-18T23:44:56.282+0000] {dag.py:3722} INFO - Setting next_dagrun for latest_only to 2024-10-18T19:44:56.281969+00:00, run_after=2024-10-18T23:44:56.281969+00:00
[2024-10-18T23:44:56.352+0000] {processor.py:179} INFO - Processing /home/airflow/.local/lib/python3.8/site-packages/airflow/example_dags/example_latest_only.py took 0.370 seconds
[2024-10-18T23:45:26.662+0000] {processor.py:157} INFO - Started process (PID=625) to work on /home/airflow/.local/lib/python3.8/site-packages/airflow/example_dags/example_latest_only.py
[2024-10-18T23:45:26.665+0000] {processor.py:829} INFO - Processing file /home/airflow/.local/lib/python3.8/site-packages/airflow/example_dags/example_latest_only.py for tasks to queue
[2024-10-18T23:45:26.672+0000] {logging_mixin.py:151} INFO - [2024-10-18T23:45:26.670+0000] {dagbag.py:536} INFO - Filling up the DagBag from /home/airflow/.local/lib/python3.8/site-packages/airflow/example_dags/example_latest_only.py
[2024-10-18T23:45:26.688+0000] {processor.py:839} INFO - DAG(s) dict_keys(['latest_only']) retrieved from /home/airflow/.local/lib/python3.8/site-packages/airflow/example_dags/example_latest_only.py
[2024-10-18T23:45:26.812+0000] {logging_mixin.py:151} INFO - [2024-10-18T23:45:26.812+0000] {dag.py:2941} INFO - Sync 1 DAGs
[2024-10-18T23:45:26.884+0000] {logging_mixin.py:151} INFO - [2024-10-18T23:45:26.883+0000] {dag.py:3722} INFO - Setting next_dagrun for latest_only to 2024-10-18T19:45:26.882697+00:00, run_after=2024-10-18T23:45:26.882697+00:00
[2024-10-18T23:45:26.952+0000] {processor.py:179} INFO - Processing /home/airflow/.local/lib/python3.8/site-packages/airflow/example_dags/example_latest_only.py took 0.299 seconds
[2024-10-18T23:45:57.296+0000] {processor.py:157} INFO - Started process (PID=678) to work on /home/airflow/.local/lib/python3.8/site-packages/airflow/example_dags/example_latest_only.py
[2024-10-18T23:45:57.297+0000] {processor.py:829} INFO - Processing file /home/airflow/.local/lib/python3.8/site-packages/airflow/example_dags/example_latest_only.py for tasks to queue
[2024-10-18T23:45:57.303+0000] {logging_mixin.py:151} INFO - [2024-10-18T23:45:57.302+0000] {dagbag.py:536} INFO - Filling up the DagBag from /home/airflow/.local/lib/python3.8/site-packages/airflow/example_dags/example_latest_only.py
[2024-10-18T23:45:57.314+0000] {processor.py:839} INFO - DAG(s) dict_keys(['latest_only']) retrieved from /home/airflow/.local/lib/python3.8/site-packages/airflow/example_dags/example_latest_only.py
[2024-10-18T23:45:57.357+0000] {logging_mixin.py:151} INFO - [2024-10-18T23:45:57.357+0000] {dag.py:2941} INFO - Sync 1 DAGs
[2024-10-18T23:45:57.408+0000] {logging_mixin.py:151} INFO - [2024-10-18T23:45:57.408+0000] {dag.py:3722} INFO - Setting next_dagrun for latest_only to 2024-10-18T19:45:57.407660+00:00, run_after=2024-10-18T23:45:57.407660+00:00
[2024-10-18T23:45:57.477+0000] {processor.py:179} INFO - Processing /home/airflow/.local/lib/python3.8/site-packages/airflow/example_dags/example_latest_only.py took 0.189 seconds
[2024-10-18T23:46:28.448+0000] {processor.py:157} INFO - Started process (PID=732) to work on /home/airflow/.local/lib/python3.8/site-packages/airflow/example_dags/example_latest_only.py
[2024-10-18T23:46:28.451+0000] {processor.py:829} INFO - Processing file /home/airflow/.local/lib/python3.8/site-packages/airflow/example_dags/example_latest_only.py for tasks to queue
[2024-10-18T23:46:28.456+0000] {logging_mixin.py:151} INFO - [2024-10-18T23:46:28.456+0000] {dagbag.py:536} INFO - Filling up the DagBag from /home/airflow/.local/lib/python3.8/site-packages/airflow/example_dags/example_latest_only.py
[2024-10-18T23:46:28.478+0000] {processor.py:839} INFO - DAG(s) dict_keys(['latest_only']) retrieved from /home/airflow/.local/lib/python3.8/site-packages/airflow/example_dags/example_latest_only.py
[2024-10-18T23:46:28.536+0000] {logging_mixin.py:151} INFO - [2024-10-18T23:46:28.536+0000] {dag.py:2941} INFO - Sync 1 DAGs
[2024-10-18T23:46:28.593+0000] {logging_mixin.py:151} INFO - [2024-10-18T23:46:28.592+0000] {dag.py:3722} INFO - Setting next_dagrun for latest_only to 2024-10-18T19:46:28.592010+00:00, run_after=2024-10-18T23:46:28.592010+00:00
[2024-10-18T23:46:28.682+0000] {processor.py:179} INFO - Processing /home/airflow/.local/lib/python3.8/site-packages/airflow/example_dags/example_latest_only.py took 0.246 seconds
[2024-10-18T23:46:59.199+0000] {processor.py:157} INFO - Started process (PID=785) to work on /home/airflow/.local/lib/python3.8/site-packages/airflow/example_dags/example_latest_only.py
[2024-10-18T23:46:59.203+0000] {processor.py:829} INFO - Processing file /home/airflow/.local/lib/python3.8/site-packages/airflow/example_dags/example_latest_only.py for tasks to queue
[2024-10-18T23:46:59.214+0000] {logging_mixin.py:151} INFO - [2024-10-18T23:46:59.213+0000] {dagbag.py:536} INFO - Filling up the DagBag from /home/airflow/.local/lib/python3.8/site-packages/airflow/example_dags/example_latest_only.py
[2024-10-18T23:46:59.238+0000] {processor.py:839} INFO - DAG(s) dict_keys(['latest_only']) retrieved from /home/airflow/.local/lib/python3.8/site-packages/airflow/example_dags/example_latest_only.py
[2024-10-18T23:46:59.349+0000] {logging_mixin.py:151} INFO - [2024-10-18T23:46:59.348+0000] {dag.py:2941} INFO - Sync 1 DAGs
[2024-10-18T23:46:59.422+0000] {logging_mixin.py:151} INFO - [2024-10-18T23:46:59.422+0000] {dag.py:3722} INFO - Setting next_dagrun for latest_only to 2024-10-18T19:46:59.421518+00:00, run_after=2024-10-18T23:46:59.421518+00:00
[2024-10-18T23:46:59.490+0000] {processor.py:179} INFO - Processing /home/airflow/.local/lib/python3.8/site-packages/airflow/example_dags/example_latest_only.py took 0.315 seconds
[2024-10-18T23:47:29.984+0000] {processor.py:157} INFO - Started process (PID=839) to work on /home/airflow/.local/lib/python3.8/site-packages/airflow/example_dags/example_latest_only.py
[2024-10-18T23:47:29.987+0000] {processor.py:829} INFO - Processing file /home/airflow/.local/lib/python3.8/site-packages/airflow/example_dags/example_latest_only.py for tasks to queue
[2024-10-18T23:47:29.994+0000] {logging_mixin.py:151} INFO - [2024-10-18T23:47:29.993+0000] {dagbag.py:536} INFO - Filling up the DagBag from /home/airflow/.local/lib/python3.8/site-packages/airflow/example_dags/example_latest_only.py
[2024-10-18T23:47:30.014+0000] {processor.py:839} INFO - DAG(s) dict_keys(['latest_only']) retrieved from /home/airflow/.local/lib/python3.8/site-packages/airflow/example_dags/example_latest_only.py
[2024-10-18T23:47:30.096+0000] {logging_mixin.py:151} INFO - [2024-10-18T23:47:30.095+0000] {dag.py:2941} INFO - Sync 1 DAGs
[2024-10-18T23:47:30.168+0000] {logging_mixin.py:151} INFO - [2024-10-18T23:47:30.168+0000] {dag.py:3722} INFO - Setting next_dagrun for latest_only to 2024-10-18T19:47:30.167995+00:00, run_after=2024-10-18T23:47:30.167995+00:00
[2024-10-18T23:47:30.220+0000] {processor.py:179} INFO - Processing /home/airflow/.local/lib/python3.8/site-packages/airflow/example_dags/example_latest_only.py took 0.254 seconds
[2024-10-18T23:48:05.328+0000] {processor.py:157} INFO - Started process (PID=893) to work on /home/airflow/.local/lib/python3.8/site-packages/airflow/example_dags/example_latest_only.py
[2024-10-18T23:48:05.330+0000] {processor.py:829} INFO - Processing file /home/airflow/.local/lib/python3.8/site-packages/airflow/example_dags/example_latest_only.py for tasks to queue
[2024-10-18T23:48:05.342+0000] {logging_mixin.py:151} INFO - [2024-10-18T23:48:05.333+0000] {dagbag.py:536} INFO - Filling up the DagBag from /home/airflow/.local/lib/python3.8/site-packages/airflow/example_dags/example_latest_only.py
[2024-10-18T23:48:05.377+0000] {processor.py:839} INFO - DAG(s) dict_keys(['latest_only']) retrieved from /home/airflow/.local/lib/python3.8/site-packages/airflow/example_dags/example_latest_only.py
[2024-10-18T23:48:06.526+0000] {logging_mixin.py:151} INFO - [2024-10-18T23:48:06.516+0000] {dag.py:2941} INFO - Sync 1 DAGs
[2024-10-18T23:48:06.607+0000] {logging_mixin.py:151} INFO - [2024-10-18T23:48:06.606+0000] {dag.py:3722} INFO - Setting next_dagrun for latest_only to 2024-10-18T19:48:06.604717+00:00, run_after=2024-10-18T23:48:06.604717+00:00
[2024-10-18T23:48:06.729+0000] {processor.py:179} INFO - Processing /home/airflow/.local/lib/python3.8/site-packages/airflow/example_dags/example_latest_only.py took 1.412 seconds
[2024-10-18T23:48:42.603+0000] {processor.py:157} INFO - Started process (PID=946) to work on /home/airflow/.local/lib/python3.8/site-packages/airflow/example_dags/example_latest_only.py
[2024-10-18T23:48:42.606+0000] {processor.py:829} INFO - Processing file /home/airflow/.local/lib/python3.8/site-packages/airflow/example_dags/example_latest_only.py for tasks to queue
[2024-10-18T23:48:42.616+0000] {logging_mixin.py:151} INFO - [2024-10-18T23:48:42.612+0000] {dagbag.py:536} INFO - Filling up the DagBag from /home/airflow/.local/lib/python3.8/site-packages/airflow/example_dags/example_latest_only.py
[2024-10-18T23:48:42.656+0000] {processor.py:839} INFO - DAG(s) dict_keys(['latest_only']) retrieved from /home/airflow/.local/lib/python3.8/site-packages/airflow/example_dags/example_latest_only.py
[2024-10-18T23:48:43.294+0000] {logging_mixin.py:151} INFO - [2024-10-18T23:48:43.291+0000] {dag.py:2941} INFO - Sync 1 DAGs
[2024-10-18T23:48:43.397+0000] {logging_mixin.py:151} INFO - [2024-10-18T23:48:43.397+0000] {dag.py:3722} INFO - Setting next_dagrun for latest_only to 2024-10-18T19:48:43.395072+00:00, run_after=2024-10-18T23:48:43.395072+00:00
[2024-10-18T23:48:43.554+0000] {processor.py:179} INFO - Processing /home/airflow/.local/lib/python3.8/site-packages/airflow/example_dags/example_latest_only.py took 0.966 seconds
[2024-10-18T23:49:14.298+0000] {processor.py:157} INFO - Started process (PID=998) to work on /home/airflow/.local/lib/python3.8/site-packages/airflow/example_dags/example_latest_only.py
[2024-10-18T23:49:14.302+0000] {processor.py:829} INFO - Processing file /home/airflow/.local/lib/python3.8/site-packages/airflow/example_dags/example_latest_only.py for tasks to queue
[2024-10-18T23:49:14.313+0000] {logging_mixin.py:151} INFO - [2024-10-18T23:49:14.312+0000] {dagbag.py:536} INFO - Filling up the DagBag from /home/airflow/.local/lib/python3.8/site-packages/airflow/example_dags/example_latest_only.py
[2024-10-18T23:49:14.390+0000] {processor.py:839} INFO - DAG(s) dict_keys(['latest_only']) retrieved from /home/airflow/.local/lib/python3.8/site-packages/airflow/example_dags/example_latest_only.py
[2024-10-18T23:49:14.849+0000] {logging_mixin.py:151} INFO - [2024-10-18T23:49:14.829+0000] {dag.py:2941} INFO - Sync 1 DAGs
[2024-10-18T23:49:15.676+0000] {logging_mixin.py:151} INFO - [2024-10-18T23:49:15.663+0000] {dag.py:3722} INFO - Setting next_dagrun for latest_only to 2024-10-18T19:49:15.654834+00:00, run_after=2024-10-18T23:49:15.654834+00:00
[2024-10-18T23:49:15.901+0000] {processor.py:179} INFO - Processing /home/airflow/.local/lib/python3.8/site-packages/airflow/example_dags/example_latest_only.py took 1.617 seconds
[2024-10-18T23:50:23.510+0000] {processor.py:157} INFO - Started process (PID=1071) to work on /home/airflow/.local/lib/python3.8/site-packages/airflow/example_dags/example_latest_only.py
[2024-10-18T23:50:23.514+0000] {processor.py:829} INFO - Processing file /home/airflow/.local/lib/python3.8/site-packages/airflow/example_dags/example_latest_only.py for tasks to queue
[2024-10-18T23:50:23.518+0000] {logging_mixin.py:151} INFO - [2024-10-18T23:50:23.517+0000] {dagbag.py:536} INFO - Filling up the DagBag from /home/airflow/.local/lib/python3.8/site-packages/airflow/example_dags/example_latest_only.py
[2024-10-18T23:50:23.544+0000] {processor.py:839} INFO - DAG(s) dict_keys(['latest_only']) retrieved from /home/airflow/.local/lib/python3.8/site-packages/airflow/example_dags/example_latest_only.py
[2024-10-18T23:50:23.631+0000] {logging_mixin.py:151} INFO - [2024-10-18T23:50:23.630+0000] {dag.py:2941} INFO - Sync 1 DAGs
[2024-10-18T23:50:23.753+0000] {logging_mixin.py:151} INFO - [2024-10-18T23:50:23.752+0000] {dag.py:3722} INFO - Setting next_dagrun for latest_only to 2024-10-18T19:50:23.722504+00:00, run_after=2024-10-18T23:50:23.722504+00:00
[2024-10-18T23:50:23.831+0000] {processor.py:179} INFO - Processing /home/airflow/.local/lib/python3.8/site-packages/airflow/example_dags/example_latest_only.py took 0.330 seconds
[2024-10-18T23:50:54.463+0000] {processor.py:157} INFO - Started process (PID=1124) to work on /home/airflow/.local/lib/python3.8/site-packages/airflow/example_dags/example_latest_only.py
[2024-10-18T23:50:54.469+0000] {processor.py:829} INFO - Processing file /home/airflow/.local/lib/python3.8/site-packages/airflow/example_dags/example_latest_only.py for tasks to queue
[2024-10-18T23:50:54.478+0000] {logging_mixin.py:151} INFO - [2024-10-18T23:50:54.477+0000] {dagbag.py:536} INFO - Filling up the DagBag from /home/airflow/.local/lib/python3.8/site-packages/airflow/example_dags/example_latest_only.py
[2024-10-18T23:50:54.496+0000] {processor.py:839} INFO - DAG(s) dict_keys(['latest_only']) retrieved from /home/airflow/.local/lib/python3.8/site-packages/airflow/example_dags/example_latest_only.py
[2024-10-18T23:50:54.587+0000] {logging_mixin.py:151} INFO - [2024-10-18T23:50:54.587+0000] {dag.py:2941} INFO - Sync 1 DAGs
[2024-10-18T23:50:54.647+0000] {logging_mixin.py:151} INFO - [2024-10-18T23:50:54.646+0000] {dag.py:3722} INFO - Setting next_dagrun for latest_only to 2024-10-18T19:50:54.645947+00:00, run_after=2024-10-18T23:50:54.645947+00:00
[2024-10-18T23:50:54.710+0000] {processor.py:179} INFO - Processing /home/airflow/.local/lib/python3.8/site-packages/airflow/example_dags/example_latest_only.py took 0.261 seconds
[2024-10-18T23:51:25.001+0000] {processor.py:157} INFO - Started process (PID=1176) to work on /home/airflow/.local/lib/python3.8/site-packages/airflow/example_dags/example_latest_only.py
[2024-10-18T23:51:25.003+0000] {processor.py:829} INFO - Processing file /home/airflow/.local/lib/python3.8/site-packages/airflow/example_dags/example_latest_only.py for tasks to queue
[2024-10-18T23:51:25.007+0000] {logging_mixin.py:151} INFO - [2024-10-18T23:51:25.006+0000] {dagbag.py:536} INFO - Filling up the DagBag from /home/airflow/.local/lib/python3.8/site-packages/airflow/example_dags/example_latest_only.py
[2024-10-18T23:51:25.015+0000] {processor.py:839} INFO - DAG(s) dict_keys(['latest_only']) retrieved from /home/airflow/.local/lib/python3.8/site-packages/airflow/example_dags/example_latest_only.py
[2024-10-18T23:51:25.057+0000] {logging_mixin.py:151} INFO - [2024-10-18T23:51:25.057+0000] {dag.py:2941} INFO - Sync 1 DAGs
[2024-10-18T23:51:25.104+0000] {logging_mixin.py:151} INFO - [2024-10-18T23:51:25.104+0000] {dag.py:3722} INFO - Setting next_dagrun for latest_only to 2024-10-18T19:51:25.103809+00:00, run_after=2024-10-18T23:51:25.103809+00:00
[2024-10-18T23:51:25.146+0000] {processor.py:179} INFO - Processing /home/airflow/.local/lib/python3.8/site-packages/airflow/example_dags/example_latest_only.py took 0.150 seconds
[2024-10-18T23:51:55.596+0000] {processor.py:157} INFO - Started process (PID=1230) to work on /home/airflow/.local/lib/python3.8/site-packages/airflow/example_dags/example_latest_only.py
[2024-10-18T23:51:55.598+0000] {processor.py:829} INFO - Processing file /home/airflow/.local/lib/python3.8/site-packages/airflow/example_dags/example_latest_only.py for tasks to queue
[2024-10-18T23:51:55.603+0000] {logging_mixin.py:151} INFO - [2024-10-18T23:51:55.603+0000] {dagbag.py:536} INFO - Filling up the DagBag from /home/airflow/.local/lib/python3.8/site-packages/airflow/example_dags/example_latest_only.py
[2024-10-18T23:51:55.619+0000] {processor.py:839} INFO - DAG(s) dict_keys(['latest_only']) retrieved from /home/airflow/.local/lib/python3.8/site-packages/airflow/example_dags/example_latest_only.py
[2024-10-18T23:51:55.667+0000] {logging_mixin.py:151} INFO - [2024-10-18T23:51:55.666+0000] {dag.py:2941} INFO - Sync 1 DAGs
[2024-10-18T23:51:55.719+0000] {logging_mixin.py:151} INFO - [2024-10-18T23:51:55.718+0000] {dag.py:3722} INFO - Setting next_dagrun for latest_only to 2024-10-18T19:51:55.717904+00:00, run_after=2024-10-18T23:51:55.717904+00:00
[2024-10-18T23:51:55.754+0000] {processor.py:179} INFO - Processing /home/airflow/.local/lib/python3.8/site-packages/airflow/example_dags/example_latest_only.py took 0.165 seconds
[2024-10-18T23:52:27.534+0000] {processor.py:157} INFO - Started process (PID=1284) to work on /home/airflow/.local/lib/python3.8/site-packages/airflow/example_dags/example_latest_only.py
[2024-10-18T23:52:27.537+0000] {processor.py:829} INFO - Processing file /home/airflow/.local/lib/python3.8/site-packages/airflow/example_dags/example_latest_only.py for tasks to queue
[2024-10-18T23:52:27.545+0000] {logging_mixin.py:151} INFO - [2024-10-18T23:52:27.544+0000] {dagbag.py:536} INFO - Filling up the DagBag from /home/airflow/.local/lib/python3.8/site-packages/airflow/example_dags/example_latest_only.py
[2024-10-18T23:52:27.562+0000] {processor.py:839} INFO - DAG(s) dict_keys(['latest_only']) retrieved from /home/airflow/.local/lib/python3.8/site-packages/airflow/example_dags/example_latest_only.py
[2024-10-18T23:52:27.675+0000] {logging_mixin.py:151} INFO - [2024-10-18T23:52:27.674+0000] {dag.py:2941} INFO - Sync 1 DAGs
[2024-10-18T23:52:27.996+0000] {logging_mixin.py:151} INFO - [2024-10-18T23:52:27.996+0000] {dag.py:3722} INFO - Setting next_dagrun for latest_only to 2024-10-18T19:52:27.995690+00:00, run_after=2024-10-18T23:52:27.995690+00:00
[2024-10-18T23:52:28.029+0000] {processor.py:179} INFO - Processing /home/airflow/.local/lib/python3.8/site-packages/airflow/example_dags/example_latest_only.py took 0.504 seconds
[2024-10-18T23:52:58.687+0000] {processor.py:157} INFO - Started process (PID=1337) to work on /home/airflow/.local/lib/python3.8/site-packages/airflow/example_dags/example_latest_only.py
[2024-10-18T23:52:58.689+0000] {processor.py:829} INFO - Processing file /home/airflow/.local/lib/python3.8/site-packages/airflow/example_dags/example_latest_only.py for tasks to queue
[2024-10-18T23:52:58.693+0000] {logging_mixin.py:151} INFO - [2024-10-18T23:52:58.693+0000] {dagbag.py:536} INFO - Filling up the DagBag from /home/airflow/.local/lib/python3.8/site-packages/airflow/example_dags/example_latest_only.py
[2024-10-18T23:52:58.709+0000] {processor.py:839} INFO - DAG(s) dict_keys(['latest_only']) retrieved from /home/airflow/.local/lib/python3.8/site-packages/airflow/example_dags/example_latest_only.py
[2024-10-18T23:52:58.757+0000] {logging_mixin.py:151} INFO - [2024-10-18T23:52:58.757+0000] {dag.py:2941} INFO - Sync 1 DAGs
[2024-10-18T23:52:58.800+0000] {logging_mixin.py:151} INFO - [2024-10-18T23:52:58.799+0000] {dag.py:3722} INFO - Setting next_dagrun for latest_only to 2024-10-18T19:52:58.799213+00:00, run_after=2024-10-18T23:52:58.799213+00:00
[2024-10-18T23:52:58.849+0000] {processor.py:179} INFO - Processing /home/airflow/.local/lib/python3.8/site-packages/airflow/example_dags/example_latest_only.py took 0.166 seconds
[2024-10-18T23:53:54.687+0000] {processor.py:157} INFO - Started process (PID=1408) to work on /home/airflow/.local/lib/python3.8/site-packages/airflow/example_dags/example_latest_only.py
[2024-10-18T23:53:54.688+0000] {processor.py:829} INFO - Processing file /home/airflow/.local/lib/python3.8/site-packages/airflow/example_dags/example_latest_only.py for tasks to queue
[2024-10-18T23:53:54.692+0000] {logging_mixin.py:151} INFO - [2024-10-18T23:53:54.692+0000] {dagbag.py:536} INFO - Filling up the DagBag from /home/airflow/.local/lib/python3.8/site-packages/airflow/example_dags/example_latest_only.py
[2024-10-18T23:53:54.722+0000] {processor.py:839} INFO - DAG(s) dict_keys(['latest_only']) retrieved from /home/airflow/.local/lib/python3.8/site-packages/airflow/example_dags/example_latest_only.py
[2024-10-18T23:53:54.860+0000] {logging_mixin.py:151} INFO - [2024-10-18T23:53:54.860+0000] {dag.py:2941} INFO - Sync 1 DAGs
[2024-10-18T23:53:54.937+0000] {logging_mixin.py:151} INFO - [2024-10-18T23:53:54.936+0000] {dag.py:3722} INFO - Setting next_dagrun for latest_only to 2024-10-18T19:53:54.933495+00:00, run_after=2024-10-18T23:53:54.933495+00:00
[2024-10-18T23:53:54.995+0000] {processor.py:179} INFO - Processing /home/airflow/.local/lib/python3.8/site-packages/airflow/example_dags/example_latest_only.py took 0.308 seconds
[2024-10-18T23:54:26.040+0000] {processor.py:157} INFO - Started process (PID=1462) to work on /home/airflow/.local/lib/python3.8/site-packages/airflow/example_dags/example_latest_only.py
[2024-10-18T23:54:26.041+0000] {processor.py:829} INFO - Processing file /home/airflow/.local/lib/python3.8/site-packages/airflow/example_dags/example_latest_only.py for tasks to queue
[2024-10-18T23:54:26.046+0000] {logging_mixin.py:151} INFO - [2024-10-18T23:54:26.045+0000] {dagbag.py:536} INFO - Filling up the DagBag from /home/airflow/.local/lib/python3.8/site-packages/airflow/example_dags/example_latest_only.py
[2024-10-18T23:54:26.060+0000] {processor.py:839} INFO - DAG(s) dict_keys(['latest_only']) retrieved from /home/airflow/.local/lib/python3.8/site-packages/airflow/example_dags/example_latest_only.py
[2024-10-18T23:54:26.431+0000] {logging_mixin.py:151} INFO - [2024-10-18T23:54:26.431+0000] {dag.py:2941} INFO - Sync 1 DAGs
[2024-10-18T23:54:26.483+0000] {logging_mixin.py:151} INFO - [2024-10-18T23:54:26.483+0000] {dag.py:3722} INFO - Setting next_dagrun for latest_only to 2024-10-18T19:54:26.480678+00:00, run_after=2024-10-18T23:54:26.480678+00:00
[2024-10-18T23:54:26.519+0000] {processor.py:179} INFO - Processing /home/airflow/.local/lib/python3.8/site-packages/airflow/example_dags/example_latest_only.py took 0.489 seconds
[2024-10-18T23:55:01.605+0000] {processor.py:157} INFO - Started process (PID=1516) to work on /home/airflow/.local/lib/python3.8/site-packages/airflow/example_dags/example_latest_only.py
[2024-10-18T23:55:01.609+0000] {processor.py:829} INFO - Processing file /home/airflow/.local/lib/python3.8/site-packages/airflow/example_dags/example_latest_only.py for tasks to queue
[2024-10-18T23:55:01.625+0000] {logging_mixin.py:151} INFO - [2024-10-18T23:55:01.624+0000] {dagbag.py:536} INFO - Filling up the DagBag from /home/airflow/.local/lib/python3.8/site-packages/airflow/example_dags/example_latest_only.py
[2024-10-18T23:55:01.644+0000] {processor.py:839} INFO - DAG(s) dict_keys(['latest_only']) retrieved from /home/airflow/.local/lib/python3.8/site-packages/airflow/example_dags/example_latest_only.py
[2024-10-18T23:55:01.700+0000] {logging_mixin.py:151} INFO - [2024-10-18T23:55:01.700+0000] {dag.py:2941} INFO - Sync 1 DAGs
[2024-10-18T23:55:01.768+0000] {logging_mixin.py:151} INFO - [2024-10-18T23:55:01.768+0000] {dag.py:3722} INFO - Setting next_dagrun for latest_only to 2024-10-18T19:55:01.767942+00:00, run_after=2024-10-18T23:55:01.767942+00:00
[2024-10-18T23:55:01.822+0000] {processor.py:179} INFO - Processing /home/airflow/.local/lib/python3.8/site-packages/airflow/example_dags/example_latest_only.py took 0.251 seconds
[2024-10-18T23:55:33.387+0000] {processor.py:157} INFO - Started process (PID=1569) to work on /home/airflow/.local/lib/python3.8/site-packages/airflow/example_dags/example_latest_only.py
[2024-10-18T23:55:33.390+0000] {processor.py:829} INFO - Processing file /home/airflow/.local/lib/python3.8/site-packages/airflow/example_dags/example_latest_only.py for tasks to queue
[2024-10-18T23:55:33.404+0000] {logging_mixin.py:151} INFO - [2024-10-18T23:55:33.403+0000] {dagbag.py:536} INFO - Filling up the DagBag from /home/airflow/.local/lib/python3.8/site-packages/airflow/example_dags/example_latest_only.py
[2024-10-18T23:55:33.428+0000] {processor.py:839} INFO - DAG(s) dict_keys(['latest_only']) retrieved from /home/airflow/.local/lib/python3.8/site-packages/airflow/example_dags/example_latest_only.py
[2024-10-18T23:55:33.506+0000] {logging_mixin.py:151} INFO - [2024-10-18T23:55:33.505+0000] {dag.py:2941} INFO - Sync 1 DAGs
[2024-10-18T23:55:33.568+0000] {logging_mixin.py:151} INFO - [2024-10-18T23:55:33.567+0000] {dag.py:3722} INFO - Setting next_dagrun for latest_only to 2024-10-18T19:55:33.567216+00:00, run_after=2024-10-18T23:55:33.567216+00:00
[2024-10-18T23:55:33.642+0000] {processor.py:179} INFO - Processing /home/airflow/.local/lib/python3.8/site-packages/airflow/example_dags/example_latest_only.py took 0.273 seconds
[2024-10-18T23:56:10.580+0000] {processor.py:157} INFO - Started process (PID=1633) to work on /home/airflow/.local/lib/python3.8/site-packages/airflow/example_dags/example_latest_only.py
[2024-10-18T23:56:10.591+0000] {processor.py:829} INFO - Processing file /home/airflow/.local/lib/python3.8/site-packages/airflow/example_dags/example_latest_only.py for tasks to queue
[2024-10-18T23:56:10.603+0000] {logging_mixin.py:151} INFO - [2024-10-18T23:56:10.602+0000] {dagbag.py:536} INFO - Filling up the DagBag from /home/airflow/.local/lib/python3.8/site-packages/airflow/example_dags/example_latest_only.py
[2024-10-18T23:56:10.626+0000] {processor.py:839} INFO - DAG(s) dict_keys(['latest_only']) retrieved from /home/airflow/.local/lib/python3.8/site-packages/airflow/example_dags/example_latest_only.py
[2024-10-18T23:56:10.777+0000] {logging_mixin.py:151} INFO - [2024-10-18T23:56:10.776+0000] {dag.py:2941} INFO - Sync 1 DAGs
[2024-10-18T23:56:10.899+0000] {logging_mixin.py:151} INFO - [2024-10-18T23:56:10.898+0000] {dag.py:3722} INFO - Setting next_dagrun for latest_only to 2024-10-18T19:56:10.894114+00:00, run_after=2024-10-18T23:56:10.894114+00:00
[2024-10-18T23:56:10.940+0000] {processor.py:179} INFO - Processing /home/airflow/.local/lib/python3.8/site-packages/airflow/example_dags/example_latest_only.py took 0.374 seconds
[2024-10-18T23:56:41.264+0000] {processor.py:157} INFO - Started process (PID=1685) to work on /home/airflow/.local/lib/python3.8/site-packages/airflow/example_dags/example_latest_only.py
[2024-10-18T23:56:41.268+0000] {processor.py:829} INFO - Processing file /home/airflow/.local/lib/python3.8/site-packages/airflow/example_dags/example_latest_only.py for tasks to queue
[2024-10-18T23:56:41.274+0000] {logging_mixin.py:151} INFO - [2024-10-18T23:56:41.273+0000] {dagbag.py:536} INFO - Filling up the DagBag from /home/airflow/.local/lib/python3.8/site-packages/airflow/example_dags/example_latest_only.py
[2024-10-18T23:56:41.288+0000] {processor.py:839} INFO - DAG(s) dict_keys(['latest_only']) retrieved from /home/airflow/.local/lib/python3.8/site-packages/airflow/example_dags/example_latest_only.py
[2024-10-18T23:56:41.332+0000] {logging_mixin.py:151} INFO - [2024-10-18T23:56:41.332+0000] {dag.py:2941} INFO - Sync 1 DAGs
[2024-10-18T23:56:41.382+0000] {logging_mixin.py:151} INFO - [2024-10-18T23:56:41.382+0000] {dag.py:3722} INFO - Setting next_dagrun for latest_only to 2024-10-18T19:56:41.381959+00:00, run_after=2024-10-18T23:56:41.381959+00:00
[2024-10-18T23:56:41.431+0000] {processor.py:179} INFO - Processing /home/airflow/.local/lib/python3.8/site-packages/airflow/example_dags/example_latest_only.py took 0.173 seconds
[2024-10-18T23:57:22.746+0000] {processor.py:157} INFO - Started process (PID=1739) to work on /home/airflow/.local/lib/python3.8/site-packages/airflow/example_dags/example_latest_only.py
[2024-10-18T23:57:22.767+0000] {processor.py:829} INFO - Processing file /home/airflow/.local/lib/python3.8/site-packages/airflow/example_dags/example_latest_only.py for tasks to queue
[2024-10-18T23:57:22.815+0000] {logging_mixin.py:151} INFO - [2024-10-18T23:57:22.772+0000] {dagbag.py:536} INFO - Filling up the DagBag from /home/airflow/.local/lib/python3.8/site-packages/airflow/example_dags/example_latest_only.py
[2024-10-18T23:57:22.867+0000] {processor.py:839} INFO - DAG(s) dict_keys(['latest_only']) retrieved from /home/airflow/.local/lib/python3.8/site-packages/airflow/example_dags/example_latest_only.py
[2024-10-18T23:57:23.169+0000] {logging_mixin.py:151} INFO - [2024-10-18T23:57:23.123+0000] {dag.py:2941} INFO - Sync 1 DAGs
[2024-10-18T23:57:23.528+0000] {logging_mixin.py:151} INFO - [2024-10-18T23:57:23.517+0000] {dag.py:3722} INFO - Setting next_dagrun for latest_only to 2024-10-18T19:57:23.487399+00:00, run_after=2024-10-18T23:57:23.487399+00:00
[2024-10-18T23:57:23.804+0000] {processor.py:179} INFO - Processing /home/airflow/.local/lib/python3.8/site-packages/airflow/example_dags/example_latest_only.py took 1.096 seconds
[2024-10-18T23:57:54.559+0000] {processor.py:157} INFO - Started process (PID=1793) to work on /home/airflow/.local/lib/python3.8/site-packages/airflow/example_dags/example_latest_only.py
[2024-10-18T23:57:54.561+0000] {processor.py:829} INFO - Processing file /home/airflow/.local/lib/python3.8/site-packages/airflow/example_dags/example_latest_only.py for tasks to queue
[2024-10-18T23:57:54.567+0000] {logging_mixin.py:151} INFO - [2024-10-18T23:57:54.566+0000] {dagbag.py:536} INFO - Filling up the DagBag from /home/airflow/.local/lib/python3.8/site-packages/airflow/example_dags/example_latest_only.py
[2024-10-18T23:57:54.581+0000] {processor.py:839} INFO - DAG(s) dict_keys(['latest_only']) retrieved from /home/airflow/.local/lib/python3.8/site-packages/airflow/example_dags/example_latest_only.py
[2024-10-18T23:57:54.691+0000] {logging_mixin.py:151} INFO - [2024-10-18T23:57:54.690+0000] {dag.py:2941} INFO - Sync 1 DAGs
[2024-10-18T23:57:54.754+0000] {logging_mixin.py:151} INFO - [2024-10-18T23:57:54.754+0000] {dag.py:3722} INFO - Setting next_dagrun for latest_only to 2024-10-18T19:57:54.753246+00:00, run_after=2024-10-18T23:57:54.753246+00:00
[2024-10-18T23:57:54.807+0000] {processor.py:179} INFO - Processing /home/airflow/.local/lib/python3.8/site-packages/airflow/example_dags/example_latest_only.py took 0.254 seconds
[2024-10-18T23:58:25.008+0000] {processor.py:157} INFO - Started process (PID=1847) to work on /home/airflow/.local/lib/python3.8/site-packages/airflow/example_dags/example_latest_only.py
[2024-10-18T23:58:25.011+0000] {processor.py:829} INFO - Processing file /home/airflow/.local/lib/python3.8/site-packages/airflow/example_dags/example_latest_only.py for tasks to queue
[2024-10-18T23:58:25.017+0000] {logging_mixin.py:151} INFO - [2024-10-18T23:58:25.016+0000] {dagbag.py:536} INFO - Filling up the DagBag from /home/airflow/.local/lib/python3.8/site-packages/airflow/example_dags/example_latest_only.py
[2024-10-18T23:58:25.041+0000] {processor.py:839} INFO - DAG(s) dict_keys(['latest_only']) retrieved from /home/airflow/.local/lib/python3.8/site-packages/airflow/example_dags/example_latest_only.py
[2024-10-18T23:58:25.087+0000] {logging_mixin.py:151} INFO - [2024-10-18T23:58:25.086+0000] {dag.py:2941} INFO - Sync 1 DAGs
[2024-10-18T23:58:25.129+0000] {logging_mixin.py:151} INFO - [2024-10-18T23:58:25.129+0000] {dag.py:3722} INFO - Setting next_dagrun for latest_only to 2024-10-18T19:58:25.128775+00:00, run_after=2024-10-18T23:58:25.128775+00:00
[2024-10-18T23:58:25.173+0000] {processor.py:179} INFO - Processing /home/airflow/.local/lib/python3.8/site-packages/airflow/example_dags/example_latest_only.py took 0.171 seconds
[2024-10-18T23:58:57.177+0000] {processor.py:157} INFO - Started process (PID=1901) to work on /home/airflow/.local/lib/python3.8/site-packages/airflow/example_dags/example_latest_only.py
[2024-10-18T23:58:57.185+0000] {processor.py:829} INFO - Processing file /home/airflow/.local/lib/python3.8/site-packages/airflow/example_dags/example_latest_only.py for tasks to queue
[2024-10-18T23:58:57.195+0000] {logging_mixin.py:151} INFO - [2024-10-18T23:58:57.194+0000] {dagbag.py:536} INFO - Filling up the DagBag from /home/airflow/.local/lib/python3.8/site-packages/airflow/example_dags/example_latest_only.py
[2024-10-18T23:58:57.211+0000] {processor.py:839} INFO - DAG(s) dict_keys(['latest_only']) retrieved from /home/airflow/.local/lib/python3.8/site-packages/airflow/example_dags/example_latest_only.py
[2024-10-18T23:58:57.287+0000] {logging_mixin.py:151} INFO - [2024-10-18T23:58:57.286+0000] {dag.py:2941} INFO - Sync 1 DAGs
[2024-10-18T23:58:57.403+0000] {logging_mixin.py:151} INFO - [2024-10-18T23:58:57.398+0000] {dag.py:3722} INFO - Setting next_dagrun for latest_only to 2024-10-18T19:58:57.395872+00:00, run_after=2024-10-18T23:58:57.395872+00:00
[2024-10-18T23:58:57.551+0000] {processor.py:179} INFO - Processing /home/airflow/.local/lib/python3.8/site-packages/airflow/example_dags/example_latest_only.py took 0.384 seconds
[2024-10-18T23:59:27.823+0000] {processor.py:157} INFO - Started process (PID=1954) to work on /home/airflow/.local/lib/python3.8/site-packages/airflow/example_dags/example_latest_only.py
[2024-10-18T23:59:27.825+0000] {processor.py:829} INFO - Processing file /home/airflow/.local/lib/python3.8/site-packages/airflow/example_dags/example_latest_only.py for tasks to queue
[2024-10-18T23:59:27.828+0000] {logging_mixin.py:151} INFO - [2024-10-18T23:59:27.828+0000] {dagbag.py:536} INFO - Filling up the DagBag from /home/airflow/.local/lib/python3.8/site-packages/airflow/example_dags/example_latest_only.py
[2024-10-18T23:59:27.839+0000] {processor.py:839} INFO - DAG(s) dict_keys(['latest_only']) retrieved from /home/airflow/.local/lib/python3.8/site-packages/airflow/example_dags/example_latest_only.py
[2024-10-18T23:59:27.879+0000] {logging_mixin.py:151} INFO - [2024-10-18T23:59:27.878+0000] {dag.py:2941} INFO - Sync 1 DAGs
[2024-10-18T23:59:27.922+0000] {logging_mixin.py:151} INFO - [2024-10-18T23:59:27.921+0000] {dag.py:3722} INFO - Setting next_dagrun for latest_only to 2024-10-18T19:59:27.921536+00:00, run_after=2024-10-18T23:59:27.921536+00:00
[2024-10-18T23:59:27.961+0000] {processor.py:179} INFO - Processing /home/airflow/.local/lib/python3.8/site-packages/airflow/example_dags/example_latest_only.py took 0.143 seconds
[2024-10-18T23:59:58.310+0000] {processor.py:157} INFO - Started process (PID=2008) to work on /home/airflow/.local/lib/python3.8/site-packages/airflow/example_dags/example_latest_only.py
[2024-10-18T23:59:58.312+0000] {processor.py:829} INFO - Processing file /home/airflow/.local/lib/python3.8/site-packages/airflow/example_dags/example_latest_only.py for tasks to queue
[2024-10-18T23:59:58.316+0000] {logging_mixin.py:151} INFO - [2024-10-18T23:59:58.315+0000] {dagbag.py:536} INFO - Filling up the DagBag from /home/airflow/.local/lib/python3.8/site-packages/airflow/example_dags/example_latest_only.py
[2024-10-18T23:59:58.326+0000] {processor.py:839} INFO - DAG(s) dict_keys(['latest_only']) retrieved from /home/airflow/.local/lib/python3.8/site-packages/airflow/example_dags/example_latest_only.py
[2024-10-18T23:59:58.373+0000] {logging_mixin.py:151} INFO - [2024-10-18T23:59:58.372+0000] {dag.py:2941} INFO - Sync 1 DAGs
[2024-10-18T23:59:58.431+0000] {logging_mixin.py:151} INFO - [2024-10-18T23:59:58.431+0000] {dag.py:3722} INFO - Setting next_dagrun for latest_only to 2024-10-18T19:59:58.430939+00:00, run_after=2024-10-18T23:59:58.430939+00:00
[2024-10-18T23:59:58.487+0000] {processor.py:179} INFO - Processing /home/airflow/.local/lib/python3.8/site-packages/airflow/example_dags/example_latest_only.py took 0.183 seconds
