[2024-10-18T23:31:52.673+0000] {processor.py:157} INFO - Started process (PID=101) to work on /home/airflow/.local/lib/python3.8/site-packages/airflow/example_dags/example_sensor_decorator.py
[2024-10-18T23:31:52.676+0000] {processor.py:829} INFO - Processing file /home/airflow/.local/lib/python3.8/site-packages/airflow/example_dags/example_sensor_decorator.py for tasks to queue
[2024-10-18T23:31:52.681+0000] {logging_mixin.py:151} INFO - [2024-10-18T23:31:52.679+0000] {dagbag.py:536} INFO - Filling up the DagBag from /home/airflow/.local/lib/python3.8/site-packages/airflow/example_dags/example_sensor_decorator.py
[2024-10-18T23:31:52.720+0000] {processor.py:839} INFO - DAG(s) dict_keys(['example_sensor_decorator']) retrieved from /home/airflow/.local/lib/python3.8/site-packages/airflow/example_dags/example_sensor_decorator.py
[2024-10-18T23:31:52.800+0000] {logging_mixin.py:151} INFO - [2024-10-18T23:31:52.799+0000] {dag.py:2941} INFO - Sync 1 DAGs
[2024-10-18T23:31:52.884+0000] {logging_mixin.py:151} INFO - [2024-10-18T23:31:52.884+0000] {dag.py:3722} INFO - Setting next_dagrun for example_sensor_decorator to None, run_after=None
[2024-10-18T23:31:53.074+0000] {processor.py:179} INFO - Processing /home/airflow/.local/lib/python3.8/site-packages/airflow/example_dags/example_sensor_decorator.py took 0.412 seconds
[2024-10-18T23:32:23.782+0000] {processor.py:157} INFO - Started process (PID=154) to work on /home/airflow/.local/lib/python3.8/site-packages/airflow/example_dags/example_sensor_decorator.py
[2024-10-18T23:32:23.784+0000] {processor.py:829} INFO - Processing file /home/airflow/.local/lib/python3.8/site-packages/airflow/example_dags/example_sensor_decorator.py for tasks to queue
[2024-10-18T23:32:23.788+0000] {logging_mixin.py:151} INFO - [2024-10-18T23:32:23.788+0000] {dagbag.py:536} INFO - Filling up the DagBag from /home/airflow/.local/lib/python3.8/site-packages/airflow/example_dags/example_sensor_decorator.py
[2024-10-18T23:32:23.813+0000] {processor.py:839} INFO - DAG(s) dict_keys(['example_sensor_decorator']) retrieved from /home/airflow/.local/lib/python3.8/site-packages/airflow/example_dags/example_sensor_decorator.py
[2024-10-18T23:32:23.884+0000] {logging_mixin.py:151} INFO - [2024-10-18T23:32:23.884+0000] {dag.py:2941} INFO - Sync 1 DAGs
[2024-10-18T23:32:23.962+0000] {logging_mixin.py:151} INFO - [2024-10-18T23:32:23.962+0000] {dag.py:3722} INFO - Setting next_dagrun for example_sensor_decorator to None, run_after=None
[2024-10-18T23:32:24.021+0000] {processor.py:179} INFO - Processing /home/airflow/.local/lib/python3.8/site-packages/airflow/example_dags/example_sensor_decorator.py took 0.259 seconds
[2024-10-18T23:32:54.470+0000] {processor.py:157} INFO - Started process (PID=207) to work on /home/airflow/.local/lib/python3.8/site-packages/airflow/example_dags/example_sensor_decorator.py
[2024-10-18T23:32:54.472+0000] {processor.py:829} INFO - Processing file /home/airflow/.local/lib/python3.8/site-packages/airflow/example_dags/example_sensor_decorator.py for tasks to queue
[2024-10-18T23:32:54.476+0000] {logging_mixin.py:151} INFO - [2024-10-18T23:32:54.475+0000] {dagbag.py:536} INFO - Filling up the DagBag from /home/airflow/.local/lib/python3.8/site-packages/airflow/example_dags/example_sensor_decorator.py
[2024-10-18T23:32:54.494+0000] {processor.py:839} INFO - DAG(s) dict_keys(['example_sensor_decorator']) retrieved from /home/airflow/.local/lib/python3.8/site-packages/airflow/example_dags/example_sensor_decorator.py
[2024-10-18T23:32:54.643+0000] {logging_mixin.py:151} INFO - [2024-10-18T23:32:54.643+0000] {dag.py:2941} INFO - Sync 1 DAGs
[2024-10-18T23:32:54.667+0000] {logging_mixin.py:151} INFO - [2024-10-18T23:32:54.667+0000] {dag.py:3722} INFO - Setting next_dagrun for example_sensor_decorator to None, run_after=None
[2024-10-18T23:32:54.707+0000] {processor.py:179} INFO - Processing /home/airflow/.local/lib/python3.8/site-packages/airflow/example_dags/example_sensor_decorator.py took 0.243 seconds
[2024-10-18T23:33:24.841+0000] {processor.py:157} INFO - Started process (PID=261) to work on /home/airflow/.local/lib/python3.8/site-packages/airflow/example_dags/example_sensor_decorator.py
[2024-10-18T23:33:24.846+0000] {processor.py:829} INFO - Processing file /home/airflow/.local/lib/python3.8/site-packages/airflow/example_dags/example_sensor_decorator.py for tasks to queue
[2024-10-18T23:33:24.850+0000] {logging_mixin.py:151} INFO - [2024-10-18T23:33:24.850+0000] {dagbag.py:536} INFO - Filling up the DagBag from /home/airflow/.local/lib/python3.8/site-packages/airflow/example_dags/example_sensor_decorator.py
[2024-10-18T23:33:24.869+0000] {processor.py:839} INFO - DAG(s) dict_keys(['example_sensor_decorator']) retrieved from /home/airflow/.local/lib/python3.8/site-packages/airflow/example_dags/example_sensor_decorator.py
[2024-10-18T23:33:24.928+0000] {logging_mixin.py:151} INFO - [2024-10-18T23:33:24.928+0000] {dag.py:2941} INFO - Sync 1 DAGs
[2024-10-18T23:33:24.963+0000] {logging_mixin.py:151} INFO - [2024-10-18T23:33:24.962+0000] {dag.py:3722} INFO - Setting next_dagrun for example_sensor_decorator to None, run_after=None
[2024-10-18T23:33:25.014+0000] {processor.py:179} INFO - Processing /home/airflow/.local/lib/python3.8/site-packages/airflow/example_dags/example_sensor_decorator.py took 0.181 seconds
[2024-10-18T23:33:55.990+0000] {processor.py:157} INFO - Started process (PID=316) to work on /home/airflow/.local/lib/python3.8/site-packages/airflow/example_dags/example_sensor_decorator.py
[2024-10-18T23:33:55.993+0000] {processor.py:829} INFO - Processing file /home/airflow/.local/lib/python3.8/site-packages/airflow/example_dags/example_sensor_decorator.py for tasks to queue
[2024-10-18T23:33:56.002+0000] {logging_mixin.py:151} INFO - [2024-10-18T23:33:56.001+0000] {dagbag.py:536} INFO - Filling up the DagBag from /home/airflow/.local/lib/python3.8/site-packages/airflow/example_dags/example_sensor_decorator.py
[2024-10-18T23:33:56.022+0000] {processor.py:839} INFO - DAG(s) dict_keys(['example_sensor_decorator']) retrieved from /home/airflow/.local/lib/python3.8/site-packages/airflow/example_dags/example_sensor_decorator.py
[2024-10-18T23:33:56.093+0000] {logging_mixin.py:151} INFO - [2024-10-18T23:33:56.092+0000] {dag.py:2941} INFO - Sync 1 DAGs
[2024-10-18T23:33:56.143+0000] {logging_mixin.py:151} INFO - [2024-10-18T23:33:56.143+0000] {dag.py:3722} INFO - Setting next_dagrun for example_sensor_decorator to None, run_after=None
[2024-10-18T23:33:56.283+0000] {processor.py:179} INFO - Processing /home/airflow/.local/lib/python3.8/site-packages/airflow/example_dags/example_sensor_decorator.py took 0.302 seconds
[2024-10-18T23:34:26.749+0000] {processor.py:157} INFO - Started process (PID=368) to work on /home/airflow/.local/lib/python3.8/site-packages/airflow/example_dags/example_sensor_decorator.py
[2024-10-18T23:34:26.751+0000] {processor.py:829} INFO - Processing file /home/airflow/.local/lib/python3.8/site-packages/airflow/example_dags/example_sensor_decorator.py for tasks to queue
[2024-10-18T23:34:26.757+0000] {logging_mixin.py:151} INFO - [2024-10-18T23:34:26.755+0000] {dagbag.py:536} INFO - Filling up the DagBag from /home/airflow/.local/lib/python3.8/site-packages/airflow/example_dags/example_sensor_decorator.py
[2024-10-18T23:34:26.769+0000] {processor.py:839} INFO - DAG(s) dict_keys(['example_sensor_decorator']) retrieved from /home/airflow/.local/lib/python3.8/site-packages/airflow/example_dags/example_sensor_decorator.py
[2024-10-18T23:34:26.811+0000] {logging_mixin.py:151} INFO - [2024-10-18T23:34:26.810+0000] {dag.py:2941} INFO - Sync 1 DAGs
[2024-10-18T23:34:26.836+0000] {logging_mixin.py:151} INFO - [2024-10-18T23:34:26.835+0000] {dag.py:3722} INFO - Setting next_dagrun for example_sensor_decorator to None, run_after=None
[2024-10-18T23:34:26.873+0000] {processor.py:179} INFO - Processing /home/airflow/.local/lib/python3.8/site-packages/airflow/example_dags/example_sensor_decorator.py took 0.131 seconds
[2024-10-18T23:34:57.354+0000] {processor.py:157} INFO - Started process (PID=422) to work on /home/airflow/.local/lib/python3.8/site-packages/airflow/example_dags/example_sensor_decorator.py
[2024-10-18T23:34:57.357+0000] {processor.py:829} INFO - Processing file /home/airflow/.local/lib/python3.8/site-packages/airflow/example_dags/example_sensor_decorator.py for tasks to queue
[2024-10-18T23:34:57.365+0000] {logging_mixin.py:151} INFO - [2024-10-18T23:34:57.364+0000] {dagbag.py:536} INFO - Filling up the DagBag from /home/airflow/.local/lib/python3.8/site-packages/airflow/example_dags/example_sensor_decorator.py
[2024-10-18T23:34:57.381+0000] {processor.py:839} INFO - DAG(s) dict_keys(['example_sensor_decorator']) retrieved from /home/airflow/.local/lib/python3.8/site-packages/airflow/example_dags/example_sensor_decorator.py
[2024-10-18T23:34:57.439+0000] {logging_mixin.py:151} INFO - [2024-10-18T23:34:57.438+0000] {dag.py:2941} INFO - Sync 1 DAGs
[2024-10-18T23:34:57.478+0000] {logging_mixin.py:151} INFO - [2024-10-18T23:34:57.478+0000] {dag.py:3722} INFO - Setting next_dagrun for example_sensor_decorator to None, run_after=None
[2024-10-18T23:34:57.522+0000] {processor.py:179} INFO - Processing /home/airflow/.local/lib/python3.8/site-packages/airflow/example_dags/example_sensor_decorator.py took 0.176 seconds
[2024-10-18T23:35:28.226+0000] {processor.py:157} INFO - Started process (PID=475) to work on /home/airflow/.local/lib/python3.8/site-packages/airflow/example_dags/example_sensor_decorator.py
[2024-10-18T23:35:28.231+0000] {processor.py:829} INFO - Processing file /home/airflow/.local/lib/python3.8/site-packages/airflow/example_dags/example_sensor_decorator.py for tasks to queue
[2024-10-18T23:35:28.238+0000] {logging_mixin.py:151} INFO - [2024-10-18T23:35:28.237+0000] {dagbag.py:536} INFO - Filling up the DagBag from /home/airflow/.local/lib/python3.8/site-packages/airflow/example_dags/example_sensor_decorator.py
[2024-10-18T23:35:28.255+0000] {processor.py:839} INFO - DAG(s) dict_keys(['example_sensor_decorator']) retrieved from /home/airflow/.local/lib/python3.8/site-packages/airflow/example_dags/example_sensor_decorator.py
[2024-10-18T23:35:28.303+0000] {logging_mixin.py:151} INFO - [2024-10-18T23:35:28.302+0000] {dag.py:2941} INFO - Sync 1 DAGs
[2024-10-18T23:35:28.330+0000] {logging_mixin.py:151} INFO - [2024-10-18T23:35:28.330+0000] {dag.py:3722} INFO - Setting next_dagrun for example_sensor_decorator to None, run_after=None
[2024-10-18T23:35:28.370+0000] {processor.py:179} INFO - Processing /home/airflow/.local/lib/python3.8/site-packages/airflow/example_dags/example_sensor_decorator.py took 0.175 seconds
[2024-10-18T23:35:59.474+0000] {processor.py:157} INFO - Started process (PID=529) to work on /home/airflow/.local/lib/python3.8/site-packages/airflow/example_dags/example_sensor_decorator.py
[2024-10-18T23:35:59.479+0000] {processor.py:829} INFO - Processing file /home/airflow/.local/lib/python3.8/site-packages/airflow/example_dags/example_sensor_decorator.py for tasks to queue
[2024-10-18T23:35:59.487+0000] {logging_mixin.py:151} INFO - [2024-10-18T23:35:59.484+0000] {dagbag.py:536} INFO - Filling up the DagBag from /home/airflow/.local/lib/python3.8/site-packages/airflow/example_dags/example_sensor_decorator.py
[2024-10-18T23:35:59.527+0000] {processor.py:839} INFO - DAG(s) dict_keys(['example_sensor_decorator']) retrieved from /home/airflow/.local/lib/python3.8/site-packages/airflow/example_dags/example_sensor_decorator.py
[2024-10-18T23:35:59.630+0000] {logging_mixin.py:151} INFO - [2024-10-18T23:35:59.630+0000] {dag.py:2941} INFO - Sync 1 DAGs
[2024-10-18T23:35:59.677+0000] {logging_mixin.py:151} INFO - [2024-10-18T23:35:59.677+0000] {dag.py:3722} INFO - Setting next_dagrun for example_sensor_decorator to None, run_after=None
[2024-10-18T23:35:59.735+0000] {processor.py:179} INFO - Processing /home/airflow/.local/lib/python3.8/site-packages/airflow/example_dags/example_sensor_decorator.py took 0.289 seconds
[2024-10-18T23:38:57.077+0000] {processor.py:157} INFO - Started process (PID=101) to work on /home/airflow/.local/lib/python3.8/site-packages/airflow/example_dags/example_sensor_decorator.py
[2024-10-18T23:38:57.080+0000] {processor.py:829} INFO - Processing file /home/airflow/.local/lib/python3.8/site-packages/airflow/example_dags/example_sensor_decorator.py for tasks to queue
[2024-10-18T23:38:57.087+0000] {logging_mixin.py:151} INFO - [2024-10-18T23:38:57.086+0000] {dagbag.py:536} INFO - Filling up the DagBag from /home/airflow/.local/lib/python3.8/site-packages/airflow/example_dags/example_sensor_decorator.py
[2024-10-18T23:38:57.129+0000] {processor.py:839} INFO - DAG(s) dict_keys(['example_sensor_decorator']) retrieved from /home/airflow/.local/lib/python3.8/site-packages/airflow/example_dags/example_sensor_decorator.py
[2024-10-18T23:38:57.209+0000] {logging_mixin.py:151} INFO - [2024-10-18T23:38:57.208+0000] {dag.py:2941} INFO - Sync 1 DAGs
[2024-10-18T23:38:57.257+0000] {logging_mixin.py:151} INFO - [2024-10-18T23:38:57.257+0000] {dag.py:3722} INFO - Setting next_dagrun for example_sensor_decorator to None, run_after=None
[2024-10-18T23:38:57.303+0000] {processor.py:179} INFO - Processing /home/airflow/.local/lib/python3.8/site-packages/airflow/example_dags/example_sensor_decorator.py took 0.236 seconds
[2024-10-18T23:39:27.447+0000] {processor.py:157} INFO - Started process (PID=154) to work on /home/airflow/.local/lib/python3.8/site-packages/airflow/example_dags/example_sensor_decorator.py
[2024-10-18T23:39:27.449+0000] {processor.py:829} INFO - Processing file /home/airflow/.local/lib/python3.8/site-packages/airflow/example_dags/example_sensor_decorator.py for tasks to queue
[2024-10-18T23:39:27.454+0000] {logging_mixin.py:151} INFO - [2024-10-18T23:39:27.454+0000] {dagbag.py:536} INFO - Filling up the DagBag from /home/airflow/.local/lib/python3.8/site-packages/airflow/example_dags/example_sensor_decorator.py
[2024-10-18T23:39:27.473+0000] {processor.py:839} INFO - DAG(s) dict_keys(['example_sensor_decorator']) retrieved from /home/airflow/.local/lib/python3.8/site-packages/airflow/example_dags/example_sensor_decorator.py
[2024-10-18T23:39:27.514+0000] {logging_mixin.py:151} INFO - [2024-10-18T23:39:27.514+0000] {dag.py:2941} INFO - Sync 1 DAGs
[2024-10-18T23:39:27.538+0000] {logging_mixin.py:151} INFO - [2024-10-18T23:39:27.538+0000] {dag.py:3722} INFO - Setting next_dagrun for example_sensor_decorator to None, run_after=None
[2024-10-18T23:39:27.578+0000] {processor.py:179} INFO - Processing /home/airflow/.local/lib/python3.8/site-packages/airflow/example_dags/example_sensor_decorator.py took 0.138 seconds
[2024-10-18T23:39:58.314+0000] {processor.py:157} INFO - Started process (PID=208) to work on /home/airflow/.local/lib/python3.8/site-packages/airflow/example_dags/example_sensor_decorator.py
[2024-10-18T23:39:58.318+0000] {processor.py:829} INFO - Processing file /home/airflow/.local/lib/python3.8/site-packages/airflow/example_dags/example_sensor_decorator.py for tasks to queue
[2024-10-18T23:39:58.326+0000] {logging_mixin.py:151} INFO - [2024-10-18T23:39:58.325+0000] {dagbag.py:536} INFO - Filling up the DagBag from /home/airflow/.local/lib/python3.8/site-packages/airflow/example_dags/example_sensor_decorator.py
[2024-10-18T23:39:58.351+0000] {processor.py:839} INFO - DAG(s) dict_keys(['example_sensor_decorator']) retrieved from /home/airflow/.local/lib/python3.8/site-packages/airflow/example_dags/example_sensor_decorator.py
[2024-10-18T23:39:58.401+0000] {logging_mixin.py:151} INFO - [2024-10-18T23:39:58.399+0000] {dag.py:2941} INFO - Sync 1 DAGs
[2024-10-18T23:39:58.438+0000] {logging_mixin.py:151} INFO - [2024-10-18T23:39:58.438+0000] {dag.py:3722} INFO - Setting next_dagrun for example_sensor_decorator to None, run_after=None
[2024-10-18T23:39:58.510+0000] {processor.py:179} INFO - Processing /home/airflow/.local/lib/python3.8/site-packages/airflow/example_dags/example_sensor_decorator.py took 0.205 seconds
[2024-10-18T23:40:32.299+0000] {processor.py:157} INFO - Started process (PID=262) to work on /home/airflow/.local/lib/python3.8/site-packages/airflow/example_dags/example_sensor_decorator.py
[2024-10-18T23:40:32.303+0000] {processor.py:829} INFO - Processing file /home/airflow/.local/lib/python3.8/site-packages/airflow/example_dags/example_sensor_decorator.py for tasks to queue
[2024-10-18T23:40:32.307+0000] {logging_mixin.py:151} INFO - [2024-10-18T23:40:32.307+0000] {dagbag.py:536} INFO - Filling up the DagBag from /home/airflow/.local/lib/python3.8/site-packages/airflow/example_dags/example_sensor_decorator.py
[2024-10-18T23:40:32.382+0000] {processor.py:839} INFO - DAG(s) dict_keys(['example_sensor_decorator']) retrieved from /home/airflow/.local/lib/python3.8/site-packages/airflow/example_dags/example_sensor_decorator.py
[2024-10-18T23:40:33.979+0000] {logging_mixin.py:151} INFO - [2024-10-18T23:40:33.856+0000] {dag.py:2941} INFO - Sync 1 DAGs
[2024-10-18T23:40:34.115+0000] {logging_mixin.py:151} INFO - [2024-10-18T23:40:34.115+0000] {dag.py:3722} INFO - Setting next_dagrun for example_sensor_decorator to None, run_after=None
[2024-10-18T23:40:34.368+0000] {processor.py:179} INFO - Processing /home/airflow/.local/lib/python3.8/site-packages/airflow/example_dags/example_sensor_decorator.py took 2.086 seconds
[2024-10-18T23:41:18.130+0000] {processor.py:157} INFO - Started process (PID=304) to work on /home/airflow/.local/lib/python3.8/site-packages/airflow/example_dags/example_sensor_decorator.py
[2024-10-18T23:41:18.132+0000] {processor.py:829} INFO - Processing file /home/airflow/.local/lib/python3.8/site-packages/airflow/example_dags/example_sensor_decorator.py for tasks to queue
[2024-10-18T23:41:18.137+0000] {logging_mixin.py:151} INFO - [2024-10-18T23:41:18.137+0000] {dagbag.py:536} INFO - Filling up the DagBag from /home/airflow/.local/lib/python3.8/site-packages/airflow/example_dags/example_sensor_decorator.py
[2024-10-18T23:41:18.164+0000] {processor.py:839} INFO - DAG(s) dict_keys(['example_sensor_decorator']) retrieved from /home/airflow/.local/lib/python3.8/site-packages/airflow/example_dags/example_sensor_decorator.py
[2024-10-18T23:41:18.555+0000] {logging_mixin.py:151} INFO - [2024-10-18T23:41:18.554+0000] {dag.py:2941} INFO - Sync 1 DAGs
[2024-10-18T23:41:18.658+0000] {logging_mixin.py:151} INFO - [2024-10-18T23:41:18.653+0000] {dag.py:3722} INFO - Setting next_dagrun for example_sensor_decorator to None, run_after=None
[2024-10-18T23:41:18.909+0000] {processor.py:179} INFO - Processing /home/airflow/.local/lib/python3.8/site-packages/airflow/example_dags/example_sensor_decorator.py took 0.788 seconds
[2024-10-18T23:42:32.529+0000] {processor.py:157} INFO - Started process (PID=365) to work on /home/airflow/.local/lib/python3.8/site-packages/airflow/example_dags/example_sensor_decorator.py
[2024-10-18T23:42:32.536+0000] {processor.py:829} INFO - Processing file /home/airflow/.local/lib/python3.8/site-packages/airflow/example_dags/example_sensor_decorator.py for tasks to queue
[2024-10-18T23:42:32.546+0000] {logging_mixin.py:151} INFO - [2024-10-18T23:42:32.539+0000] {dagbag.py:536} INFO - Filling up the DagBag from /home/airflow/.local/lib/python3.8/site-packages/airflow/example_dags/example_sensor_decorator.py
[2024-10-18T23:42:32.655+0000] {processor.py:839} INFO - DAG(s) dict_keys(['example_sensor_decorator']) retrieved from /home/airflow/.local/lib/python3.8/site-packages/airflow/example_dags/example_sensor_decorator.py
[2024-10-18T23:42:33.331+0000] {logging_mixin.py:151} INFO - [2024-10-18T23:42:33.330+0000] {dag.py:2941} INFO - Sync 1 DAGs
[2024-10-18T23:42:33.413+0000] {logging_mixin.py:151} INFO - [2024-10-18T23:42:33.412+0000] {dag.py:3722} INFO - Setting next_dagrun for example_sensor_decorator to None, run_after=None
[2024-10-18T23:42:33.551+0000] {processor.py:179} INFO - Processing /home/airflow/.local/lib/python3.8/site-packages/airflow/example_dags/example_sensor_decorator.py took 1.059 seconds
[2024-10-18T23:43:31.959+0000] {processor.py:157} INFO - Started process (PID=427) to work on /home/airflow/.local/lib/python3.8/site-packages/airflow/example_dags/example_sensor_decorator.py
[2024-10-18T23:43:31.966+0000] {processor.py:829} INFO - Processing file /home/airflow/.local/lib/python3.8/site-packages/airflow/example_dags/example_sensor_decorator.py for tasks to queue
[2024-10-18T23:43:32.056+0000] {logging_mixin.py:151} INFO - [2024-10-18T23:43:32.047+0000] {dagbag.py:536} INFO - Filling up the DagBag from /home/airflow/.local/lib/python3.8/site-packages/airflow/example_dags/example_sensor_decorator.py
[2024-10-18T23:43:32.126+0000] {processor.py:839} INFO - DAG(s) dict_keys(['example_sensor_decorator']) retrieved from /home/airflow/.local/lib/python3.8/site-packages/airflow/example_dags/example_sensor_decorator.py
[2024-10-18T23:43:32.247+0000] {logging_mixin.py:151} INFO - [2024-10-18T23:43:32.246+0000] {dag.py:2941} INFO - Sync 1 DAGs
[2024-10-18T23:43:32.360+0000] {logging_mixin.py:151} INFO - [2024-10-18T23:43:32.357+0000] {dag.py:3722} INFO - Setting next_dagrun for example_sensor_decorator to None, run_after=None
[2024-10-18T23:43:32.569+0000] {processor.py:179} INFO - Processing /home/airflow/.local/lib/python3.8/site-packages/airflow/example_dags/example_sensor_decorator.py took 0.653 seconds
[2024-10-18T23:44:03.475+0000] {processor.py:157} INFO - Started process (PID=481) to work on /home/airflow/.local/lib/python3.8/site-packages/airflow/example_dags/example_sensor_decorator.py
[2024-10-18T23:44:03.480+0000] {processor.py:829} INFO - Processing file /home/airflow/.local/lib/python3.8/site-packages/airflow/example_dags/example_sensor_decorator.py for tasks to queue
[2024-10-18T23:44:03.487+0000] {logging_mixin.py:151} INFO - [2024-10-18T23:44:03.487+0000] {dagbag.py:536} INFO - Filling up the DagBag from /home/airflow/.local/lib/python3.8/site-packages/airflow/example_dags/example_sensor_decorator.py
[2024-10-18T23:44:03.521+0000] {processor.py:839} INFO - DAG(s) dict_keys(['example_sensor_decorator']) retrieved from /home/airflow/.local/lib/python3.8/site-packages/airflow/example_dags/example_sensor_decorator.py
[2024-10-18T23:44:03.643+0000] {logging_mixin.py:151} INFO - [2024-10-18T23:44:03.643+0000] {dag.py:2941} INFO - Sync 1 DAGs
[2024-10-18T23:44:03.696+0000] {logging_mixin.py:151} INFO - [2024-10-18T23:44:03.682+0000] {dag.py:3722} INFO - Setting next_dagrun for example_sensor_decorator to None, run_after=None
[2024-10-18T23:44:03.761+0000] {processor.py:179} INFO - Processing /home/airflow/.local/lib/python3.8/site-packages/airflow/example_dags/example_sensor_decorator.py took 0.298 seconds
[2024-10-18T23:44:35.239+0000] {processor.py:157} INFO - Started process (PID=535) to work on /home/airflow/.local/lib/python3.8/site-packages/airflow/example_dags/example_sensor_decorator.py
[2024-10-18T23:44:35.240+0000] {processor.py:829} INFO - Processing file /home/airflow/.local/lib/python3.8/site-packages/airflow/example_dags/example_sensor_decorator.py for tasks to queue
[2024-10-18T23:44:35.246+0000] {logging_mixin.py:151} INFO - [2024-10-18T23:44:35.245+0000] {dagbag.py:536} INFO - Filling up the DagBag from /home/airflow/.local/lib/python3.8/site-packages/airflow/example_dags/example_sensor_decorator.py
[2024-10-18T23:44:35.267+0000] {processor.py:839} INFO - DAG(s) dict_keys(['example_sensor_decorator']) retrieved from /home/airflow/.local/lib/python3.8/site-packages/airflow/example_dags/example_sensor_decorator.py
[2024-10-18T23:44:35.311+0000] {logging_mixin.py:151} INFO - [2024-10-18T23:44:35.311+0000] {dag.py:2941} INFO - Sync 1 DAGs
[2024-10-18T23:44:35.343+0000] {logging_mixin.py:151} INFO - [2024-10-18T23:44:35.343+0000] {dag.py:3722} INFO - Setting next_dagrun for example_sensor_decorator to None, run_after=None
[2024-10-18T23:44:35.384+0000] {processor.py:179} INFO - Processing /home/airflow/.local/lib/python3.8/site-packages/airflow/example_dags/example_sensor_decorator.py took 0.160 seconds
[2024-10-18T23:45:08.018+0000] {processor.py:157} INFO - Started process (PID=585) to work on /home/airflow/.local/lib/python3.8/site-packages/airflow/example_dags/example_sensor_decorator.py
[2024-10-18T23:45:08.022+0000] {processor.py:829} INFO - Processing file /home/airflow/.local/lib/python3.8/site-packages/airflow/example_dags/example_sensor_decorator.py for tasks to queue
[2024-10-18T23:45:08.037+0000] {logging_mixin.py:151} INFO - [2024-10-18T23:45:08.032+0000] {dagbag.py:536} INFO - Filling up the DagBag from /home/airflow/.local/lib/python3.8/site-packages/airflow/example_dags/example_sensor_decorator.py
[2024-10-18T23:45:08.106+0000] {processor.py:839} INFO - DAG(s) dict_keys(['example_sensor_decorator']) retrieved from /home/airflow/.local/lib/python3.8/site-packages/airflow/example_dags/example_sensor_decorator.py
[2024-10-18T23:45:08.161+0000] {logging_mixin.py:151} INFO - [2024-10-18T23:45:08.161+0000] {dag.py:2941} INFO - Sync 1 DAGs
[2024-10-18T23:45:08.202+0000] {logging_mixin.py:151} INFO - [2024-10-18T23:45:08.201+0000] {dag.py:3722} INFO - Setting next_dagrun for example_sensor_decorator to None, run_after=None
[2024-10-18T23:45:08.245+0000] {processor.py:179} INFO - Processing /home/airflow/.local/lib/python3.8/site-packages/airflow/example_dags/example_sensor_decorator.py took 0.235 seconds
[2024-10-18T23:45:38.372+0000] {processor.py:157} INFO - Started process (PID=638) to work on /home/airflow/.local/lib/python3.8/site-packages/airflow/example_dags/example_sensor_decorator.py
[2024-10-18T23:45:38.374+0000] {processor.py:829} INFO - Processing file /home/airflow/.local/lib/python3.8/site-packages/airflow/example_dags/example_sensor_decorator.py for tasks to queue
[2024-10-18T23:45:38.379+0000] {logging_mixin.py:151} INFO - [2024-10-18T23:45:38.379+0000] {dagbag.py:536} INFO - Filling up the DagBag from /home/airflow/.local/lib/python3.8/site-packages/airflow/example_dags/example_sensor_decorator.py
[2024-10-18T23:45:38.416+0000] {processor.py:839} INFO - DAG(s) dict_keys(['example_sensor_decorator']) retrieved from /home/airflow/.local/lib/python3.8/site-packages/airflow/example_dags/example_sensor_decorator.py
[2024-10-18T23:45:38.456+0000] {logging_mixin.py:151} INFO - [2024-10-18T23:45:38.456+0000] {dag.py:2941} INFO - Sync 1 DAGs
[2024-10-18T23:45:38.486+0000] {logging_mixin.py:151} INFO - [2024-10-18T23:45:38.485+0000] {dag.py:3722} INFO - Setting next_dagrun for example_sensor_decorator to None, run_after=None
[2024-10-18T23:45:38.599+0000] {processor.py:179} INFO - Processing /home/airflow/.local/lib/python3.8/site-packages/airflow/example_dags/example_sensor_decorator.py took 0.235 seconds
[2024-10-18T23:46:09.243+0000] {processor.py:157} INFO - Started process (PID=690) to work on /home/airflow/.local/lib/python3.8/site-packages/airflow/example_dags/example_sensor_decorator.py
[2024-10-18T23:46:09.246+0000] {processor.py:829} INFO - Processing file /home/airflow/.local/lib/python3.8/site-packages/airflow/example_dags/example_sensor_decorator.py for tasks to queue
[2024-10-18T23:46:09.253+0000] {logging_mixin.py:151} INFO - [2024-10-18T23:46:09.252+0000] {dagbag.py:536} INFO - Filling up the DagBag from /home/airflow/.local/lib/python3.8/site-packages/airflow/example_dags/example_sensor_decorator.py
[2024-10-18T23:46:09.270+0000] {processor.py:839} INFO - DAG(s) dict_keys(['example_sensor_decorator']) retrieved from /home/airflow/.local/lib/python3.8/site-packages/airflow/example_dags/example_sensor_decorator.py
[2024-10-18T23:46:09.307+0000] {logging_mixin.py:151} INFO - [2024-10-18T23:46:09.307+0000] {dag.py:2941} INFO - Sync 1 DAGs
[2024-10-18T23:46:09.337+0000] {logging_mixin.py:151} INFO - [2024-10-18T23:46:09.336+0000] {dag.py:3722} INFO - Setting next_dagrun for example_sensor_decorator to None, run_after=None
[2024-10-18T23:46:09.384+0000] {processor.py:179} INFO - Processing /home/airflow/.local/lib/python3.8/site-packages/airflow/example_dags/example_sensor_decorator.py took 0.152 seconds
[2024-10-18T23:46:39.487+0000] {processor.py:157} INFO - Started process (PID=743) to work on /home/airflow/.local/lib/python3.8/site-packages/airflow/example_dags/example_sensor_decorator.py
[2024-10-18T23:46:39.490+0000] {processor.py:829} INFO - Processing file /home/airflow/.local/lib/python3.8/site-packages/airflow/example_dags/example_sensor_decorator.py for tasks to queue
[2024-10-18T23:46:39.495+0000] {logging_mixin.py:151} INFO - [2024-10-18T23:46:39.494+0000] {dagbag.py:536} INFO - Filling up the DagBag from /home/airflow/.local/lib/python3.8/site-packages/airflow/example_dags/example_sensor_decorator.py
[2024-10-18T23:46:39.509+0000] {processor.py:839} INFO - DAG(s) dict_keys(['example_sensor_decorator']) retrieved from /home/airflow/.local/lib/python3.8/site-packages/airflow/example_dags/example_sensor_decorator.py
[2024-10-18T23:46:39.548+0000] {logging_mixin.py:151} INFO - [2024-10-18T23:46:39.547+0000] {dag.py:2941} INFO - Sync 1 DAGs
[2024-10-18T23:46:39.570+0000] {logging_mixin.py:151} INFO - [2024-10-18T23:46:39.570+0000] {dag.py:3722} INFO - Setting next_dagrun for example_sensor_decorator to None, run_after=None
[2024-10-18T23:46:39.607+0000] {processor.py:179} INFO - Processing /home/airflow/.local/lib/python3.8/site-packages/airflow/example_dags/example_sensor_decorator.py took 0.126 seconds
[2024-10-18T23:47:11.135+0000] {processor.py:157} INFO - Started process (PID=796) to work on /home/airflow/.local/lib/python3.8/site-packages/airflow/example_dags/example_sensor_decorator.py
[2024-10-18T23:47:11.138+0000] {processor.py:829} INFO - Processing file /home/airflow/.local/lib/python3.8/site-packages/airflow/example_dags/example_sensor_decorator.py for tasks to queue
[2024-10-18T23:47:11.144+0000] {logging_mixin.py:151} INFO - [2024-10-18T23:47:11.143+0000] {dagbag.py:536} INFO - Filling up the DagBag from /home/airflow/.local/lib/python3.8/site-packages/airflow/example_dags/example_sensor_decorator.py
[2024-10-18T23:47:11.167+0000] {processor.py:839} INFO - DAG(s) dict_keys(['example_sensor_decorator']) retrieved from /home/airflow/.local/lib/python3.8/site-packages/airflow/example_dags/example_sensor_decorator.py
[2024-10-18T23:47:11.220+0000] {logging_mixin.py:151} INFO - [2024-10-18T23:47:11.219+0000] {dag.py:2941} INFO - Sync 1 DAGs
[2024-10-18T23:47:11.246+0000] {logging_mixin.py:151} INFO - [2024-10-18T23:47:11.246+0000] {dag.py:3722} INFO - Setting next_dagrun for example_sensor_decorator to None, run_after=None
[2024-10-18T23:47:11.286+0000] {processor.py:179} INFO - Processing /home/airflow/.local/lib/python3.8/site-packages/airflow/example_dags/example_sensor_decorator.py took 0.162 seconds
[2024-10-18T23:47:41.936+0000] {processor.py:157} INFO - Started process (PID=850) to work on /home/airflow/.local/lib/python3.8/site-packages/airflow/example_dags/example_sensor_decorator.py
[2024-10-18T23:47:41.938+0000] {processor.py:829} INFO - Processing file /home/airflow/.local/lib/python3.8/site-packages/airflow/example_dags/example_sensor_decorator.py for tasks to queue
[2024-10-18T23:47:41.946+0000] {logging_mixin.py:151} INFO - [2024-10-18T23:47:41.944+0000] {dagbag.py:536} INFO - Filling up the DagBag from /home/airflow/.local/lib/python3.8/site-packages/airflow/example_dags/example_sensor_decorator.py
[2024-10-18T23:47:41.971+0000] {processor.py:839} INFO - DAG(s) dict_keys(['example_sensor_decorator']) retrieved from /home/airflow/.local/lib/python3.8/site-packages/airflow/example_dags/example_sensor_decorator.py
[2024-10-18T23:47:42.147+0000] {logging_mixin.py:151} INFO - [2024-10-18T23:47:42.146+0000] {dag.py:2941} INFO - Sync 1 DAGs
[2024-10-18T23:47:42.298+0000] {logging_mixin.py:151} INFO - [2024-10-18T23:47:42.297+0000] {dag.py:3722} INFO - Setting next_dagrun for example_sensor_decorator to None, run_after=None
[2024-10-18T23:47:42.438+0000] {processor.py:179} INFO - Processing /home/airflow/.local/lib/python3.8/site-packages/airflow/example_dags/example_sensor_decorator.py took 0.512 seconds
[2024-10-18T23:48:12.606+0000] {processor.py:157} INFO - Started process (PID=904) to work on /home/airflow/.local/lib/python3.8/site-packages/airflow/example_dags/example_sensor_decorator.py
[2024-10-18T23:48:12.607+0000] {processor.py:829} INFO - Processing file /home/airflow/.local/lib/python3.8/site-packages/airflow/example_dags/example_sensor_decorator.py for tasks to queue
[2024-10-18T23:48:12.611+0000] {logging_mixin.py:151} INFO - [2024-10-18T23:48:12.610+0000] {dagbag.py:536} INFO - Filling up the DagBag from /home/airflow/.local/lib/python3.8/site-packages/airflow/example_dags/example_sensor_decorator.py
[2024-10-18T23:48:12.622+0000] {processor.py:839} INFO - DAG(s) dict_keys(['example_sensor_decorator']) retrieved from /home/airflow/.local/lib/python3.8/site-packages/airflow/example_dags/example_sensor_decorator.py
[2024-10-18T23:48:12.668+0000] {logging_mixin.py:151} INFO - [2024-10-18T23:48:12.668+0000] {dag.py:2941} INFO - Sync 1 DAGs
[2024-10-18T23:48:12.693+0000] {logging_mixin.py:151} INFO - [2024-10-18T23:48:12.693+0000] {dag.py:3722} INFO - Setting next_dagrun for example_sensor_decorator to None, run_after=None
[2024-10-18T23:48:12.741+0000] {processor.py:179} INFO - Processing /home/airflow/.local/lib/python3.8/site-packages/airflow/example_dags/example_sensor_decorator.py took 0.141 seconds
[2024-10-18T23:48:57.180+0000] {processor.py:157} INFO - Started process (PID=967) to work on /home/airflow/.local/lib/python3.8/site-packages/airflow/example_dags/example_sensor_decorator.py
[2024-10-18T23:48:57.182+0000] {processor.py:829} INFO - Processing file /home/airflow/.local/lib/python3.8/site-packages/airflow/example_dags/example_sensor_decorator.py for tasks to queue
[2024-10-18T23:48:57.188+0000] {logging_mixin.py:151} INFO - [2024-10-18T23:48:57.185+0000] {dagbag.py:536} INFO - Filling up the DagBag from /home/airflow/.local/lib/python3.8/site-packages/airflow/example_dags/example_sensor_decorator.py
[2024-10-18T23:48:57.203+0000] {processor.py:839} INFO - DAG(s) dict_keys(['example_sensor_decorator']) retrieved from /home/airflow/.local/lib/python3.8/site-packages/airflow/example_dags/example_sensor_decorator.py
[2024-10-18T23:48:57.253+0000] {logging_mixin.py:151} INFO - [2024-10-18T23:48:57.252+0000] {dag.py:2941} INFO - Sync 1 DAGs
[2024-10-18T23:48:57.287+0000] {logging_mixin.py:151} INFO - [2024-10-18T23:48:57.285+0000] {dag.py:3722} INFO - Setting next_dagrun for example_sensor_decorator to None, run_after=None
[2024-10-18T23:48:57.331+0000] {processor.py:179} INFO - Processing /home/airflow/.local/lib/python3.8/site-packages/airflow/example_dags/example_sensor_decorator.py took 0.160 seconds
[2024-10-18T23:49:34.786+0000] {processor.py:157} INFO - Started process (PID=1019) to work on /home/airflow/.local/lib/python3.8/site-packages/airflow/example_dags/example_sensor_decorator.py
[2024-10-18T23:49:34.799+0000] {processor.py:829} INFO - Processing file /home/airflow/.local/lib/python3.8/site-packages/airflow/example_dags/example_sensor_decorator.py for tasks to queue
[2024-10-18T23:49:34.869+0000] {logging_mixin.py:151} INFO - [2024-10-18T23:49:34.844+0000] {dagbag.py:536} INFO - Filling up the DagBag from /home/airflow/.local/lib/python3.8/site-packages/airflow/example_dags/example_sensor_decorator.py
[2024-10-18T23:49:34.950+0000] {processor.py:839} INFO - DAG(s) dict_keys(['example_sensor_decorator']) retrieved from /home/airflow/.local/lib/python3.8/site-packages/airflow/example_dags/example_sensor_decorator.py
[2024-10-18T23:49:35.790+0000] {logging_mixin.py:151} INFO - [2024-10-18T23:49:35.762+0000] {dag.py:2941} INFO - Sync 1 DAGs
[2024-10-18T23:49:36.207+0000] {logging_mixin.py:151} INFO - [2024-10-18T23:49:36.169+0000] {dag.py:3722} INFO - Setting next_dagrun for example_sensor_decorator to None, run_after=None
[2024-10-18T23:49:36.743+0000] {processor.py:179} INFO - Processing /home/airflow/.local/lib/python3.8/site-packages/airflow/example_dags/example_sensor_decorator.py took 1.986 seconds
[2024-10-18T23:50:20.885+0000] {processor.py:157} INFO - Started process (PID=1068) to work on /home/airflow/.local/lib/python3.8/site-packages/airflow/example_dags/example_sensor_decorator.py
[2024-10-18T23:50:20.887+0000] {processor.py:829} INFO - Processing file /home/airflow/.local/lib/python3.8/site-packages/airflow/example_dags/example_sensor_decorator.py for tasks to queue
[2024-10-18T23:50:20.894+0000] {logging_mixin.py:151} INFO - [2024-10-18T23:50:20.893+0000] {dagbag.py:536} INFO - Filling up the DagBag from /home/airflow/.local/lib/python3.8/site-packages/airflow/example_dags/example_sensor_decorator.py
[2024-10-18T23:50:20.937+0000] {processor.py:839} INFO - DAG(s) dict_keys(['example_sensor_decorator']) retrieved from /home/airflow/.local/lib/python3.8/site-packages/airflow/example_dags/example_sensor_decorator.py
[2024-10-18T23:50:21.033+0000] {logging_mixin.py:151} INFO - [2024-10-18T23:50:21.033+0000] {dag.py:2941} INFO - Sync 1 DAGs
[2024-10-18T23:50:21.083+0000] {logging_mixin.py:151} INFO - [2024-10-18T23:50:21.083+0000] {dag.py:3722} INFO - Setting next_dagrun for example_sensor_decorator to None, run_after=None
[2024-10-18T23:50:21.164+0000] {processor.py:179} INFO - Processing /home/airflow/.local/lib/python3.8/site-packages/airflow/example_dags/example_sensor_decorator.py took 0.289 seconds
[2024-10-18T23:50:51.593+0000] {processor.py:157} INFO - Started process (PID=1120) to work on /home/airflow/.local/lib/python3.8/site-packages/airflow/example_dags/example_sensor_decorator.py
[2024-10-18T23:50:51.595+0000] {processor.py:829} INFO - Processing file /home/airflow/.local/lib/python3.8/site-packages/airflow/example_dags/example_sensor_decorator.py for tasks to queue
[2024-10-18T23:50:51.601+0000] {logging_mixin.py:151} INFO - [2024-10-18T23:50:51.601+0000] {dagbag.py:536} INFO - Filling up the DagBag from /home/airflow/.local/lib/python3.8/site-packages/airflow/example_dags/example_sensor_decorator.py
[2024-10-18T23:50:51.647+0000] {processor.py:839} INFO - DAG(s) dict_keys(['example_sensor_decorator']) retrieved from /home/airflow/.local/lib/python3.8/site-packages/airflow/example_dags/example_sensor_decorator.py
[2024-10-18T23:50:51.731+0000] {logging_mixin.py:151} INFO - [2024-10-18T23:50:51.731+0000] {dag.py:2941} INFO - Sync 1 DAGs
[2024-10-18T23:50:51.784+0000] {logging_mixin.py:151} INFO - [2024-10-18T23:50:51.784+0000] {dag.py:3722} INFO - Setting next_dagrun for example_sensor_decorator to None, run_after=None
[2024-10-18T23:50:51.841+0000] {processor.py:179} INFO - Processing /home/airflow/.local/lib/python3.8/site-packages/airflow/example_dags/example_sensor_decorator.py took 0.278 seconds
[2024-10-18T23:51:22.517+0000] {processor.py:157} INFO - Started process (PID=1173) to work on /home/airflow/.local/lib/python3.8/site-packages/airflow/example_dags/example_sensor_decorator.py
[2024-10-18T23:51:22.520+0000] {processor.py:829} INFO - Processing file /home/airflow/.local/lib/python3.8/site-packages/airflow/example_dags/example_sensor_decorator.py for tasks to queue
[2024-10-18T23:51:22.529+0000] {logging_mixin.py:151} INFO - [2024-10-18T23:51:22.527+0000] {dagbag.py:536} INFO - Filling up the DagBag from /home/airflow/.local/lib/python3.8/site-packages/airflow/example_dags/example_sensor_decorator.py
[2024-10-18T23:51:22.547+0000] {processor.py:839} INFO - DAG(s) dict_keys(['example_sensor_decorator']) retrieved from /home/airflow/.local/lib/python3.8/site-packages/airflow/example_dags/example_sensor_decorator.py
[2024-10-18T23:51:22.594+0000] {logging_mixin.py:151} INFO - [2024-10-18T23:51:22.594+0000] {dag.py:2941} INFO - Sync 1 DAGs
[2024-10-18T23:51:22.622+0000] {logging_mixin.py:151} INFO - [2024-10-18T23:51:22.622+0000] {dag.py:3722} INFO - Setting next_dagrun for example_sensor_decorator to None, run_after=None
[2024-10-18T23:51:22.705+0000] {processor.py:179} INFO - Processing /home/airflow/.local/lib/python3.8/site-packages/airflow/example_dags/example_sensor_decorator.py took 0.202 seconds
[2024-10-18T23:51:53.285+0000] {processor.py:157} INFO - Started process (PID=1227) to work on /home/airflow/.local/lib/python3.8/site-packages/airflow/example_dags/example_sensor_decorator.py
[2024-10-18T23:51:53.288+0000] {processor.py:829} INFO - Processing file /home/airflow/.local/lib/python3.8/site-packages/airflow/example_dags/example_sensor_decorator.py for tasks to queue
[2024-10-18T23:51:53.299+0000] {logging_mixin.py:151} INFO - [2024-10-18T23:51:53.298+0000] {dagbag.py:536} INFO - Filling up the DagBag from /home/airflow/.local/lib/python3.8/site-packages/airflow/example_dags/example_sensor_decorator.py
[2024-10-18T23:51:53.329+0000] {processor.py:839} INFO - DAG(s) dict_keys(['example_sensor_decorator']) retrieved from /home/airflow/.local/lib/python3.8/site-packages/airflow/example_dags/example_sensor_decorator.py
[2024-10-18T23:51:53.397+0000] {logging_mixin.py:151} INFO - [2024-10-18T23:51:53.396+0000] {dag.py:2941} INFO - Sync 1 DAGs
[2024-10-18T23:51:53.455+0000] {logging_mixin.py:151} INFO - [2024-10-18T23:51:53.455+0000] {dag.py:3722} INFO - Setting next_dagrun for example_sensor_decorator to None, run_after=None
[2024-10-18T23:51:53.523+0000] {processor.py:179} INFO - Processing /home/airflow/.local/lib/python3.8/site-packages/airflow/example_dags/example_sensor_decorator.py took 0.247 seconds
[2024-10-18T23:52:23.630+0000] {processor.py:157} INFO - Started process (PID=1281) to work on /home/airflow/.local/lib/python3.8/site-packages/airflow/example_dags/example_sensor_decorator.py
[2024-10-18T23:52:23.632+0000] {processor.py:829} INFO - Processing file /home/airflow/.local/lib/python3.8/site-packages/airflow/example_dags/example_sensor_decorator.py for tasks to queue
[2024-10-18T23:52:23.639+0000] {logging_mixin.py:151} INFO - [2024-10-18T23:52:23.638+0000] {dagbag.py:536} INFO - Filling up the DagBag from /home/airflow/.local/lib/python3.8/site-packages/airflow/example_dags/example_sensor_decorator.py
[2024-10-18T23:52:23.656+0000] {processor.py:839} INFO - DAG(s) dict_keys(['example_sensor_decorator']) retrieved from /home/airflow/.local/lib/python3.8/site-packages/airflow/example_dags/example_sensor_decorator.py
[2024-10-18T23:52:23.735+0000] {logging_mixin.py:151} INFO - [2024-10-18T23:52:23.734+0000] {dag.py:2941} INFO - Sync 1 DAGs
[2024-10-18T23:52:23.771+0000] {logging_mixin.py:151} INFO - [2024-10-18T23:52:23.771+0000] {dag.py:3722} INFO - Setting next_dagrun for example_sensor_decorator to None, run_after=None
[2024-10-18T23:52:24.181+0000] {processor.py:179} INFO - Processing /home/airflow/.local/lib/python3.8/site-packages/airflow/example_dags/example_sensor_decorator.py took 0.562 seconds
[2024-10-18T23:52:55.088+0000] {processor.py:157} INFO - Started process (PID=1334) to work on /home/airflow/.local/lib/python3.8/site-packages/airflow/example_dags/example_sensor_decorator.py
[2024-10-18T23:52:55.090+0000] {processor.py:829} INFO - Processing file /home/airflow/.local/lib/python3.8/site-packages/airflow/example_dags/example_sensor_decorator.py for tasks to queue
[2024-10-18T23:52:55.093+0000] {logging_mixin.py:151} INFO - [2024-10-18T23:52:55.093+0000] {dagbag.py:536} INFO - Filling up the DagBag from /home/airflow/.local/lib/python3.8/site-packages/airflow/example_dags/example_sensor_decorator.py
[2024-10-18T23:52:55.106+0000] {processor.py:839} INFO - DAG(s) dict_keys(['example_sensor_decorator']) retrieved from /home/airflow/.local/lib/python3.8/site-packages/airflow/example_dags/example_sensor_decorator.py
[2024-10-18T23:52:55.168+0000] {logging_mixin.py:151} INFO - [2024-10-18T23:52:55.168+0000] {dag.py:2941} INFO - Sync 1 DAGs
[2024-10-18T23:52:55.189+0000] {logging_mixin.py:151} INFO - [2024-10-18T23:52:55.189+0000] {dag.py:3722} INFO - Setting next_dagrun for example_sensor_decorator to None, run_after=None
[2024-10-18T23:52:55.227+0000] {processor.py:179} INFO - Processing /home/airflow/.local/lib/python3.8/site-packages/airflow/example_dags/example_sensor_decorator.py took 0.145 seconds
[2024-10-18T23:53:53.827+0000] {processor.py:157} INFO - Started process (PID=1405) to work on /home/airflow/.local/lib/python3.8/site-packages/airflow/example_dags/example_sensor_decorator.py
[2024-10-18T23:53:53.829+0000] {processor.py:829} INFO - Processing file /home/airflow/.local/lib/python3.8/site-packages/airflow/example_dags/example_sensor_decorator.py for tasks to queue
[2024-10-18T23:53:53.833+0000] {logging_mixin.py:151} INFO - [2024-10-18T23:53:53.833+0000] {dagbag.py:536} INFO - Filling up the DagBag from /home/airflow/.local/lib/python3.8/site-packages/airflow/example_dags/example_sensor_decorator.py
[2024-10-18T23:53:53.854+0000] {processor.py:839} INFO - DAG(s) dict_keys(['example_sensor_decorator']) retrieved from /home/airflow/.local/lib/python3.8/site-packages/airflow/example_dags/example_sensor_decorator.py
[2024-10-18T23:53:53.934+0000] {logging_mixin.py:151} INFO - [2024-10-18T23:53:53.933+0000] {dag.py:2941} INFO - Sync 1 DAGs
[2024-10-18T23:53:53.981+0000] {logging_mixin.py:151} INFO - [2024-10-18T23:53:53.980+0000] {dag.py:3722} INFO - Setting next_dagrun for example_sensor_decorator to None, run_after=None
[2024-10-18T23:53:54.079+0000] {processor.py:179} INFO - Processing /home/airflow/.local/lib/python3.8/site-packages/airflow/example_dags/example_sensor_decorator.py took 0.264 seconds
[2024-10-18T23:54:24.748+0000] {processor.py:157} INFO - Started process (PID=1458) to work on /home/airflow/.local/lib/python3.8/site-packages/airflow/example_dags/example_sensor_decorator.py
[2024-10-18T23:54:24.751+0000] {processor.py:829} INFO - Processing file /home/airflow/.local/lib/python3.8/site-packages/airflow/example_dags/example_sensor_decorator.py for tasks to queue
[2024-10-18T23:54:24.757+0000] {logging_mixin.py:151} INFO - [2024-10-18T23:54:24.756+0000] {dagbag.py:536} INFO - Filling up the DagBag from /home/airflow/.local/lib/python3.8/site-packages/airflow/example_dags/example_sensor_decorator.py
[2024-10-18T23:54:24.803+0000] {processor.py:839} INFO - DAG(s) dict_keys(['example_sensor_decorator']) retrieved from /home/airflow/.local/lib/python3.8/site-packages/airflow/example_dags/example_sensor_decorator.py
[2024-10-18T23:54:25.237+0000] {logging_mixin.py:151} INFO - [2024-10-18T23:54:25.236+0000] {dag.py:2941} INFO - Sync 1 DAGs
[2024-10-18T23:54:25.262+0000] {logging_mixin.py:151} INFO - [2024-10-18T23:54:25.262+0000] {dag.py:3722} INFO - Setting next_dagrun for example_sensor_decorator to None, run_after=None
[2024-10-18T23:54:25.305+0000] {processor.py:179} INFO - Processing /home/airflow/.local/lib/python3.8/site-packages/airflow/example_dags/example_sensor_decorator.py took 0.566 seconds
[2024-10-18T23:55:00.112+0000] {processor.py:157} INFO - Started process (PID=1513) to work on /home/airflow/.local/lib/python3.8/site-packages/airflow/example_dags/example_sensor_decorator.py
[2024-10-18T23:55:00.115+0000] {processor.py:829} INFO - Processing file /home/airflow/.local/lib/python3.8/site-packages/airflow/example_dags/example_sensor_decorator.py for tasks to queue
[2024-10-18T23:55:00.125+0000] {logging_mixin.py:151} INFO - [2024-10-18T23:55:00.124+0000] {dagbag.py:536} INFO - Filling up the DagBag from /home/airflow/.local/lib/python3.8/site-packages/airflow/example_dags/example_sensor_decorator.py
[2024-10-18T23:55:00.153+0000] {processor.py:839} INFO - DAG(s) dict_keys(['example_sensor_decorator']) retrieved from /home/airflow/.local/lib/python3.8/site-packages/airflow/example_dags/example_sensor_decorator.py
[2024-10-18T23:55:00.228+0000] {logging_mixin.py:151} INFO - [2024-10-18T23:55:00.227+0000] {dag.py:2941} INFO - Sync 1 DAGs
[2024-10-18T23:55:00.286+0000] {logging_mixin.py:151} INFO - [2024-10-18T23:55:00.285+0000] {dag.py:3722} INFO - Setting next_dagrun for example_sensor_decorator to None, run_after=None
[2024-10-18T23:55:00.350+0000] {processor.py:179} INFO - Processing /home/airflow/.local/lib/python3.8/site-packages/airflow/example_dags/example_sensor_decorator.py took 0.247 seconds
[2024-10-18T23:55:30.825+0000] {processor.py:157} INFO - Started process (PID=1565) to work on /home/airflow/.local/lib/python3.8/site-packages/airflow/example_dags/example_sensor_decorator.py
[2024-10-18T23:55:30.830+0000] {processor.py:829} INFO - Processing file /home/airflow/.local/lib/python3.8/site-packages/airflow/example_dags/example_sensor_decorator.py for tasks to queue
[2024-10-18T23:55:30.835+0000] {logging_mixin.py:151} INFO - [2024-10-18T23:55:30.834+0000] {dagbag.py:536} INFO - Filling up the DagBag from /home/airflow/.local/lib/python3.8/site-packages/airflow/example_dags/example_sensor_decorator.py
[2024-10-18T23:55:30.849+0000] {processor.py:839} INFO - DAG(s) dict_keys(['example_sensor_decorator']) retrieved from /home/airflow/.local/lib/python3.8/site-packages/airflow/example_dags/example_sensor_decorator.py
[2024-10-18T23:55:30.888+0000] {logging_mixin.py:151} INFO - [2024-10-18T23:55:30.887+0000] {dag.py:2941} INFO - Sync 1 DAGs
[2024-10-18T23:55:30.916+0000] {logging_mixin.py:151} INFO - [2024-10-18T23:55:30.916+0000] {dag.py:3722} INFO - Setting next_dagrun for example_sensor_decorator to None, run_after=None
[2024-10-18T23:55:30.956+0000] {processor.py:179} INFO - Processing /home/airflow/.local/lib/python3.8/site-packages/airflow/example_dags/example_sensor_decorator.py took 0.137 seconds
[2024-10-18T23:56:05.733+0000] {processor.py:157} INFO - Started process (PID=1625) to work on /home/airflow/.local/lib/python3.8/site-packages/airflow/example_dags/example_sensor_decorator.py
[2024-10-18T23:56:05.746+0000] {processor.py:829} INFO - Processing file /home/airflow/.local/lib/python3.8/site-packages/airflow/example_dags/example_sensor_decorator.py for tasks to queue
[2024-10-18T23:56:05.853+0000] {logging_mixin.py:151} INFO - [2024-10-18T23:56:05.835+0000] {dagbag.py:536} INFO - Filling up the DagBag from /home/airflow/.local/lib/python3.8/site-packages/airflow/example_dags/example_sensor_decorator.py
[2024-10-18T23:56:06.002+0000] {processor.py:839} INFO - DAG(s) dict_keys(['example_sensor_decorator']) retrieved from /home/airflow/.local/lib/python3.8/site-packages/airflow/example_dags/example_sensor_decorator.py
[2024-10-18T23:56:06.258+0000] {logging_mixin.py:151} INFO - [2024-10-18T23:56:06.258+0000] {dag.py:2941} INFO - Sync 1 DAGs
[2024-10-18T23:56:06.386+0000] {logging_mixin.py:151} INFO - [2024-10-18T23:56:06.385+0000] {dag.py:3722} INFO - Setting next_dagrun for example_sensor_decorator to None, run_after=None
[2024-10-18T23:56:06.728+0000] {processor.py:179} INFO - Processing /home/airflow/.local/lib/python3.8/site-packages/airflow/example_dags/example_sensor_decorator.py took 1.017 seconds
[2024-10-18T23:56:39.142+0000] {processor.py:157} INFO - Started process (PID=1678) to work on /home/airflow/.local/lib/python3.8/site-packages/airflow/example_dags/example_sensor_decorator.py
[2024-10-18T23:56:39.145+0000] {processor.py:829} INFO - Processing file /home/airflow/.local/lib/python3.8/site-packages/airflow/example_dags/example_sensor_decorator.py for tasks to queue
[2024-10-18T23:56:39.154+0000] {logging_mixin.py:151} INFO - [2024-10-18T23:56:39.153+0000] {dagbag.py:536} INFO - Filling up the DagBag from /home/airflow/.local/lib/python3.8/site-packages/airflow/example_dags/example_sensor_decorator.py
[2024-10-18T23:56:39.172+0000] {processor.py:839} INFO - DAG(s) dict_keys(['example_sensor_decorator']) retrieved from /home/airflow/.local/lib/python3.8/site-packages/airflow/example_dags/example_sensor_decorator.py
[2024-10-18T23:56:39.248+0000] {logging_mixin.py:151} INFO - [2024-10-18T23:56:39.247+0000] {dag.py:2941} INFO - Sync 1 DAGs
[2024-10-18T23:56:39.288+0000] {logging_mixin.py:151} INFO - [2024-10-18T23:56:39.287+0000] {dag.py:3722} INFO - Setting next_dagrun for example_sensor_decorator to None, run_after=None
[2024-10-18T23:56:39.349+0000] {processor.py:179} INFO - Processing /home/airflow/.local/lib/python3.8/site-packages/airflow/example_dags/example_sensor_decorator.py took 0.214 seconds
[2024-10-18T23:57:21.283+0000] {processor.py:157} INFO - Started process (PID=1736) to work on /home/airflow/.local/lib/python3.8/site-packages/airflow/example_dags/example_sensor_decorator.py
[2024-10-18T23:57:21.286+0000] {processor.py:829} INFO - Processing file /home/airflow/.local/lib/python3.8/site-packages/airflow/example_dags/example_sensor_decorator.py for tasks to queue
[2024-10-18T23:57:21.296+0000] {logging_mixin.py:151} INFO - [2024-10-18T23:57:21.295+0000] {dagbag.py:536} INFO - Filling up the DagBag from /home/airflow/.local/lib/python3.8/site-packages/airflow/example_dags/example_sensor_decorator.py
[2024-10-18T23:57:21.317+0000] {processor.py:839} INFO - DAG(s) dict_keys(['example_sensor_decorator']) retrieved from /home/airflow/.local/lib/python3.8/site-packages/airflow/example_dags/example_sensor_decorator.py
[2024-10-18T23:57:21.369+0000] {logging_mixin.py:151} INFO - [2024-10-18T23:57:21.368+0000] {dag.py:2941} INFO - Sync 1 DAGs
[2024-10-18T23:57:21.432+0000] {logging_mixin.py:151} INFO - [2024-10-18T23:57:21.432+0000] {dag.py:3722} INFO - Setting next_dagrun for example_sensor_decorator to None, run_after=None
[2024-10-18T23:57:21.511+0000] {processor.py:179} INFO - Processing /home/airflow/.local/lib/python3.8/site-packages/airflow/example_dags/example_sensor_decorator.py took 0.246 seconds
[2024-10-18T23:57:53.006+0000] {processor.py:157} INFO - Started process (PID=1789) to work on /home/airflow/.local/lib/python3.8/site-packages/airflow/example_dags/example_sensor_decorator.py
[2024-10-18T23:57:53.010+0000] {processor.py:829} INFO - Processing file /home/airflow/.local/lib/python3.8/site-packages/airflow/example_dags/example_sensor_decorator.py for tasks to queue
[2024-10-18T23:57:53.016+0000] {logging_mixin.py:151} INFO - [2024-10-18T23:57:53.016+0000] {dagbag.py:536} INFO - Filling up the DagBag from /home/airflow/.local/lib/python3.8/site-packages/airflow/example_dags/example_sensor_decorator.py
[2024-10-18T23:57:53.036+0000] {processor.py:839} INFO - DAG(s) dict_keys(['example_sensor_decorator']) retrieved from /home/airflow/.local/lib/python3.8/site-packages/airflow/example_dags/example_sensor_decorator.py
[2024-10-18T23:57:53.127+0000] {logging_mixin.py:151} INFO - [2024-10-18T23:57:53.126+0000] {dag.py:2941} INFO - Sync 1 DAGs
[2024-10-18T23:57:53.159+0000] {logging_mixin.py:151} INFO - [2024-10-18T23:57:53.159+0000] {dag.py:3722} INFO - Setting next_dagrun for example_sensor_decorator to None, run_after=None
[2024-10-18T23:57:53.234+0000] {processor.py:179} INFO - Processing /home/airflow/.local/lib/python3.8/site-packages/airflow/example_dags/example_sensor_decorator.py took 0.238 seconds
[2024-10-18T23:58:23.476+0000] {processor.py:157} INFO - Started process (PID=1843) to work on /home/airflow/.local/lib/python3.8/site-packages/airflow/example_dags/example_sensor_decorator.py
[2024-10-18T23:58:23.479+0000] {processor.py:829} INFO - Processing file /home/airflow/.local/lib/python3.8/site-packages/airflow/example_dags/example_sensor_decorator.py for tasks to queue
[2024-10-18T23:58:23.487+0000] {logging_mixin.py:151} INFO - [2024-10-18T23:58:23.486+0000] {dagbag.py:536} INFO - Filling up the DagBag from /home/airflow/.local/lib/python3.8/site-packages/airflow/example_dags/example_sensor_decorator.py
[2024-10-18T23:58:23.503+0000] {processor.py:839} INFO - DAG(s) dict_keys(['example_sensor_decorator']) retrieved from /home/airflow/.local/lib/python3.8/site-packages/airflow/example_dags/example_sensor_decorator.py
[2024-10-18T23:58:23.541+0000] {logging_mixin.py:151} INFO - [2024-10-18T23:58:23.541+0000] {dag.py:2941} INFO - Sync 1 DAGs
[2024-10-18T23:58:23.566+0000] {logging_mixin.py:151} INFO - [2024-10-18T23:58:23.566+0000] {dag.py:3722} INFO - Setting next_dagrun for example_sensor_decorator to None, run_after=None
[2024-10-18T23:58:23.597+0000] {processor.py:179} INFO - Processing /home/airflow/.local/lib/python3.8/site-packages/airflow/example_dags/example_sensor_decorator.py took 0.128 seconds
[2024-10-18T23:58:56.257+0000] {processor.py:157} INFO - Started process (PID=1898) to work on /home/airflow/.local/lib/python3.8/site-packages/airflow/example_dags/example_sensor_decorator.py
[2024-10-18T23:58:56.259+0000] {processor.py:829} INFO - Processing file /home/airflow/.local/lib/python3.8/site-packages/airflow/example_dags/example_sensor_decorator.py for tasks to queue
[2024-10-18T23:58:56.268+0000] {logging_mixin.py:151} INFO - [2024-10-18T23:58:56.267+0000] {dagbag.py:536} INFO - Filling up the DagBag from /home/airflow/.local/lib/python3.8/site-packages/airflow/example_dags/example_sensor_decorator.py
[2024-10-18T23:58:56.283+0000] {processor.py:839} INFO - DAG(s) dict_keys(['example_sensor_decorator']) retrieved from /home/airflow/.local/lib/python3.8/site-packages/airflow/example_dags/example_sensor_decorator.py
[2024-10-18T23:58:56.393+0000] {logging_mixin.py:151} INFO - [2024-10-18T23:58:56.392+0000] {dag.py:2941} INFO - Sync 1 DAGs
[2024-10-18T23:58:56.453+0000] {logging_mixin.py:151} INFO - [2024-10-18T23:58:56.452+0000] {dag.py:3722} INFO - Setting next_dagrun for example_sensor_decorator to None, run_after=None
[2024-10-18T23:58:56.511+0000] {processor.py:179} INFO - Processing /home/airflow/.local/lib/python3.8/site-packages/airflow/example_dags/example_sensor_decorator.py took 0.265 seconds
[2024-10-18T23:59:26.894+0000] {processor.py:157} INFO - Started process (PID=1950) to work on /home/airflow/.local/lib/python3.8/site-packages/airflow/example_dags/example_sensor_decorator.py
[2024-10-18T23:59:26.897+0000] {processor.py:829} INFO - Processing file /home/airflow/.local/lib/python3.8/site-packages/airflow/example_dags/example_sensor_decorator.py for tasks to queue
[2024-10-18T23:59:26.902+0000] {logging_mixin.py:151} INFO - [2024-10-18T23:59:26.902+0000] {dagbag.py:536} INFO - Filling up the DagBag from /home/airflow/.local/lib/python3.8/site-packages/airflow/example_dags/example_sensor_decorator.py
[2024-10-18T23:59:26.918+0000] {processor.py:839} INFO - DAG(s) dict_keys(['example_sensor_decorator']) retrieved from /home/airflow/.local/lib/python3.8/site-packages/airflow/example_dags/example_sensor_decorator.py
[2024-10-18T23:59:26.959+0000] {logging_mixin.py:151} INFO - [2024-10-18T23:59:26.958+0000] {dag.py:2941} INFO - Sync 1 DAGs
[2024-10-18T23:59:26.981+0000] {logging_mixin.py:151} INFO - [2024-10-18T23:59:26.981+0000] {dag.py:3722} INFO - Setting next_dagrun for example_sensor_decorator to None, run_after=None
[2024-10-18T23:59:27.014+0000] {processor.py:179} INFO - Processing /home/airflow/.local/lib/python3.8/site-packages/airflow/example_dags/example_sensor_decorator.py took 0.128 seconds
[2024-10-18T23:59:57.845+0000] {processor.py:157} INFO - Started process (PID=2004) to work on /home/airflow/.local/lib/python3.8/site-packages/airflow/example_dags/example_sensor_decorator.py
[2024-10-18T23:59:57.848+0000] {processor.py:829} INFO - Processing file /home/airflow/.local/lib/python3.8/site-packages/airflow/example_dags/example_sensor_decorator.py for tasks to queue
[2024-10-18T23:59:57.853+0000] {logging_mixin.py:151} INFO - [2024-10-18T23:59:57.853+0000] {dagbag.py:536} INFO - Filling up the DagBag from /home/airflow/.local/lib/python3.8/site-packages/airflow/example_dags/example_sensor_decorator.py
[2024-10-18T23:59:57.867+0000] {processor.py:839} INFO - DAG(s) dict_keys(['example_sensor_decorator']) retrieved from /home/airflow/.local/lib/python3.8/site-packages/airflow/example_dags/example_sensor_decorator.py
[2024-10-18T23:59:57.917+0000] {logging_mixin.py:151} INFO - [2024-10-18T23:59:57.916+0000] {dag.py:2941} INFO - Sync 1 DAGs
[2024-10-18T23:59:57.954+0000] {logging_mixin.py:151} INFO - [2024-10-18T23:59:57.954+0000] {dag.py:3722} INFO - Setting next_dagrun for example_sensor_decorator to None, run_after=None
[2024-10-18T23:59:58.003+0000] {processor.py:179} INFO - Processing /home/airflow/.local/lib/python3.8/site-packages/airflow/example_dags/example_sensor_decorator.py took 0.165 seconds
