[2024-10-18T23:31:52.431+0000] {processor.py:157} INFO - Started process (PID=100) to work on /home/airflow/.local/lib/python3.8/site-packages/airflow/example_dags/example_dag_decorator.py
[2024-10-18T23:31:52.433+0000] {processor.py:829} INFO - Processing file /home/airflow/.local/lib/python3.8/site-packages/airflow/example_dags/example_dag_decorator.py for tasks to queue
[2024-10-18T23:31:52.437+0000] {logging_mixin.py:151} INFO - [2024-10-18T23:31:52.437+0000] {dagbag.py:536} INFO - Filling up the DagBag from /home/airflow/.local/lib/python3.8/site-packages/airflow/example_dags/example_dag_decorator.py
[2024-10-18T23:31:54.620+0000] {processor.py:839} INFO - DAG(s) dict_keys(['example_dag_decorator']) retrieved from /home/airflow/.local/lib/python3.8/site-packages/airflow/example_dags/example_dag_decorator.py
[2024-10-18T23:31:54.655+0000] {logging_mixin.py:151} INFO - [2024-10-18T23:31:54.655+0000] {dag.py:2941} INFO - Sync 1 DAGs
[2024-10-18T23:31:54.699+0000] {logging_mixin.py:151} INFO - [2024-10-18T23:31:54.699+0000] {dag.py:3722} INFO - Setting next_dagrun for example_dag_decorator to None, run_after=None
[2024-10-18T23:31:54.826+0000] {processor.py:179} INFO - Processing /home/airflow/.local/lib/python3.8/site-packages/airflow/example_dags/example_dag_decorator.py took 2.400 seconds
[2024-10-18T23:32:25.026+0000] {processor.py:157} INFO - Started process (PID=158) to work on /home/airflow/.local/lib/python3.8/site-packages/airflow/example_dags/example_dag_decorator.py
[2024-10-18T23:32:25.029+0000] {processor.py:829} INFO - Processing file /home/airflow/.local/lib/python3.8/site-packages/airflow/example_dags/example_dag_decorator.py for tasks to queue
[2024-10-18T23:32:25.034+0000] {logging_mixin.py:151} INFO - [2024-10-18T23:32:25.034+0000] {dagbag.py:536} INFO - Filling up the DagBag from /home/airflow/.local/lib/python3.8/site-packages/airflow/example_dags/example_dag_decorator.py
[2024-10-18T23:32:25.368+0000] {processor.py:839} INFO - DAG(s) dict_keys(['example_dag_decorator']) retrieved from /home/airflow/.local/lib/python3.8/site-packages/airflow/example_dags/example_dag_decorator.py
[2024-10-18T23:32:25.762+0000] {logging_mixin.py:151} INFO - [2024-10-18T23:32:25.762+0000] {dag.py:2941} INFO - Sync 1 DAGs
[2024-10-18T23:32:25.795+0000] {logging_mixin.py:151} INFO - [2024-10-18T23:32:25.795+0000] {dag.py:3722} INFO - Setting next_dagrun for example_dag_decorator to None, run_after=None
[2024-10-18T23:32:26.603+0000] {processor.py:179} INFO - Processing /home/airflow/.local/lib/python3.8/site-packages/airflow/example_dags/example_dag_decorator.py took 1.583 seconds
[2024-10-18T23:32:56.762+0000] {processor.py:157} INFO - Started process (PID=213) to work on /home/airflow/.local/lib/python3.8/site-packages/airflow/example_dags/example_dag_decorator.py
[2024-10-18T23:32:56.765+0000] {processor.py:829} INFO - Processing file /home/airflow/.local/lib/python3.8/site-packages/airflow/example_dags/example_dag_decorator.py for tasks to queue
[2024-10-18T23:32:56.801+0000] {logging_mixin.py:151} INFO - [2024-10-18T23:32:56.781+0000] {dagbag.py:536} INFO - Filling up the DagBag from /home/airflow/.local/lib/python3.8/site-packages/airflow/example_dags/example_dag_decorator.py
[2024-10-18T23:32:57.290+0000] {processor.py:839} INFO - DAG(s) dict_keys(['example_dag_decorator']) retrieved from /home/airflow/.local/lib/python3.8/site-packages/airflow/example_dags/example_dag_decorator.py
[2024-10-18T23:32:58.042+0000] {logging_mixin.py:151} INFO - [2024-10-18T23:32:58.042+0000] {dag.py:2941} INFO - Sync 1 DAGs
[2024-10-18T23:32:58.068+0000] {logging_mixin.py:151} INFO - [2024-10-18T23:32:58.067+0000] {dag.py:3722} INFO - Setting next_dagrun for example_dag_decorator to None, run_after=None
[2024-10-18T23:32:58.140+0000] {processor.py:179} INFO - Processing /home/airflow/.local/lib/python3.8/site-packages/airflow/example_dags/example_dag_decorator.py took 1.429 seconds
[2024-10-18T23:33:28.630+0000] {processor.py:157} INFO - Started process (PID=269) to work on /home/airflow/.local/lib/python3.8/site-packages/airflow/example_dags/example_dag_decorator.py
[2024-10-18T23:33:28.633+0000] {processor.py:829} INFO - Processing file /home/airflow/.local/lib/python3.8/site-packages/airflow/example_dags/example_dag_decorator.py for tasks to queue
[2024-10-18T23:33:28.642+0000] {logging_mixin.py:151} INFO - [2024-10-18T23:33:28.642+0000] {dagbag.py:536} INFO - Filling up the DagBag from /home/airflow/.local/lib/python3.8/site-packages/airflow/example_dags/example_dag_decorator.py
[2024-10-18T23:33:28.849+0000] {processor.py:839} INFO - DAG(s) dict_keys(['example_dag_decorator']) retrieved from /home/airflow/.local/lib/python3.8/site-packages/airflow/example_dags/example_dag_decorator.py
[2024-10-18T23:33:29.294+0000] {logging_mixin.py:151} INFO - [2024-10-18T23:33:29.293+0000] {dag.py:2941} INFO - Sync 1 DAGs
[2024-10-18T23:33:29.311+0000] {logging_mixin.py:151} INFO - [2024-10-18T23:33:29.311+0000] {dag.py:3722} INFO - Setting next_dagrun for example_dag_decorator to None, run_after=None
[2024-10-18T23:33:29.343+0000] {processor.py:179} INFO - Processing /home/airflow/.local/lib/python3.8/site-packages/airflow/example_dags/example_dag_decorator.py took 0.725 seconds
[2024-10-18T23:33:59.657+0000] {processor.py:157} INFO - Started process (PID=323) to work on /home/airflow/.local/lib/python3.8/site-packages/airflow/example_dags/example_dag_decorator.py
[2024-10-18T23:33:59.660+0000] {processor.py:829} INFO - Processing file /home/airflow/.local/lib/python3.8/site-packages/airflow/example_dags/example_dag_decorator.py for tasks to queue
[2024-10-18T23:33:59.669+0000] {logging_mixin.py:151} INFO - [2024-10-18T23:33:59.668+0000] {dagbag.py:536} INFO - Filling up the DagBag from /home/airflow/.local/lib/python3.8/site-packages/airflow/example_dags/example_dag_decorator.py
[2024-10-18T23:33:59.858+0000] {processor.py:839} INFO - DAG(s) dict_keys(['example_dag_decorator']) retrieved from /home/airflow/.local/lib/python3.8/site-packages/airflow/example_dags/example_dag_decorator.py
[2024-10-18T23:34:00.224+0000] {logging_mixin.py:151} INFO - [2024-10-18T23:34:00.223+0000] {dag.py:2941} INFO - Sync 1 DAGs
[2024-10-18T23:34:00.265+0000] {logging_mixin.py:151} INFO - [2024-10-18T23:34:00.265+0000] {dag.py:3722} INFO - Setting next_dagrun for example_dag_decorator to None, run_after=None
[2024-10-18T23:34:00.763+0000] {processor.py:179} INFO - Processing /home/airflow/.local/lib/python3.8/site-packages/airflow/example_dags/example_dag_decorator.py took 1.114 seconds
[2024-10-18T23:34:30.964+0000] {processor.py:157} INFO - Started process (PID=378) to work on /home/airflow/.local/lib/python3.8/site-packages/airflow/example_dags/example_dag_decorator.py
[2024-10-18T23:34:30.968+0000] {processor.py:829} INFO - Processing file /home/airflow/.local/lib/python3.8/site-packages/airflow/example_dags/example_dag_decorator.py for tasks to queue
[2024-10-18T23:34:30.974+0000] {logging_mixin.py:151} INFO - [2024-10-18T23:34:30.974+0000] {dagbag.py:536} INFO - Filling up the DagBag from /home/airflow/.local/lib/python3.8/site-packages/airflow/example_dags/example_dag_decorator.py
[2024-10-18T23:34:31.126+0000] {processor.py:839} INFO - DAG(s) dict_keys(['example_dag_decorator']) retrieved from /home/airflow/.local/lib/python3.8/site-packages/airflow/example_dags/example_dag_decorator.py
[2024-10-18T23:34:31.182+0000] {logging_mixin.py:151} INFO - [2024-10-18T23:34:31.181+0000] {dag.py:2941} INFO - Sync 1 DAGs
[2024-10-18T23:34:31.211+0000] {logging_mixin.py:151} INFO - [2024-10-18T23:34:31.211+0000] {dag.py:3722} INFO - Setting next_dagrun for example_dag_decorator to None, run_after=None
[2024-10-18T23:34:31.265+0000] {processor.py:179} INFO - Processing /home/airflow/.local/lib/python3.8/site-packages/airflow/example_dags/example_dag_decorator.py took 0.310 seconds
[2024-10-18T23:35:01.436+0000] {processor.py:157} INFO - Started process (PID=432) to work on /home/airflow/.local/lib/python3.8/site-packages/airflow/example_dags/example_dag_decorator.py
[2024-10-18T23:35:01.438+0000] {processor.py:829} INFO - Processing file /home/airflow/.local/lib/python3.8/site-packages/airflow/example_dags/example_dag_decorator.py for tasks to queue
[2024-10-18T23:35:01.444+0000] {logging_mixin.py:151} INFO - [2024-10-18T23:35:01.443+0000] {dagbag.py:536} INFO - Filling up the DagBag from /home/airflow/.local/lib/python3.8/site-packages/airflow/example_dags/example_dag_decorator.py
[2024-10-18T23:35:01.681+0000] {processor.py:839} INFO - DAG(s) dict_keys(['example_dag_decorator']) retrieved from /home/airflow/.local/lib/python3.8/site-packages/airflow/example_dags/example_dag_decorator.py
[2024-10-18T23:35:02.288+0000] {logging_mixin.py:151} INFO - [2024-10-18T23:35:02.288+0000] {dag.py:2941} INFO - Sync 1 DAGs
[2024-10-18T23:35:02.319+0000] {logging_mixin.py:151} INFO - [2024-10-18T23:35:02.319+0000] {dag.py:3722} INFO - Setting next_dagrun for example_dag_decorator to None, run_after=None
[2024-10-18T23:35:02.368+0000] {processor.py:179} INFO - Processing /home/airflow/.local/lib/python3.8/site-packages/airflow/example_dags/example_dag_decorator.py took 0.942 seconds
[2024-10-18T23:35:32.672+0000] {processor.py:157} INFO - Started process (PID=487) to work on /home/airflow/.local/lib/python3.8/site-packages/airflow/example_dags/example_dag_decorator.py
[2024-10-18T23:35:32.675+0000] {processor.py:829} INFO - Processing file /home/airflow/.local/lib/python3.8/site-packages/airflow/example_dags/example_dag_decorator.py for tasks to queue
[2024-10-18T23:35:32.681+0000] {logging_mixin.py:151} INFO - [2024-10-18T23:35:32.680+0000] {dagbag.py:536} INFO - Filling up the DagBag from /home/airflow/.local/lib/python3.8/site-packages/airflow/example_dags/example_dag_decorator.py
[2024-10-18T23:35:32.914+0000] {processor.py:839} INFO - DAG(s) dict_keys(['example_dag_decorator']) retrieved from /home/airflow/.local/lib/python3.8/site-packages/airflow/example_dags/example_dag_decorator.py
[2024-10-18T23:35:33.241+0000] {logging_mixin.py:151} INFO - [2024-10-18T23:35:33.240+0000] {dag.py:2941} INFO - Sync 1 DAGs
[2024-10-18T23:35:33.688+0000] {logging_mixin.py:151} INFO - [2024-10-18T23:35:33.688+0000] {dag.py:3722} INFO - Setting next_dagrun for example_dag_decorator to None, run_after=None
[2024-10-18T23:35:33.733+0000] {processor.py:179} INFO - Processing /home/airflow/.local/lib/python3.8/site-packages/airflow/example_dags/example_dag_decorator.py took 1.069 seconds
[2024-10-18T23:36:03.841+0000] {processor.py:157} INFO - Started process (PID=541) to work on /home/airflow/.local/lib/python3.8/site-packages/airflow/example_dags/example_dag_decorator.py
[2024-10-18T23:36:03.843+0000] {processor.py:829} INFO - Processing file /home/airflow/.local/lib/python3.8/site-packages/airflow/example_dags/example_dag_decorator.py for tasks to queue
[2024-10-18T23:36:03.855+0000] {logging_mixin.py:151} INFO - [2024-10-18T23:36:03.854+0000] {dagbag.py:536} INFO - Filling up the DagBag from /home/airflow/.local/lib/python3.8/site-packages/airflow/example_dags/example_dag_decorator.py
[2024-10-18T23:36:04.416+0000] {processor.py:839} INFO - DAG(s) dict_keys(['example_dag_decorator']) retrieved from /home/airflow/.local/lib/python3.8/site-packages/airflow/example_dags/example_dag_decorator.py
[2024-10-18T23:36:05.186+0000] {logging_mixin.py:151} INFO - [2024-10-18T23:36:05.185+0000] {dag.py:2941} INFO - Sync 1 DAGs
[2024-10-18T23:36:05.214+0000] {logging_mixin.py:151} INFO - [2024-10-18T23:36:05.213+0000] {dag.py:3722} INFO - Setting next_dagrun for example_dag_decorator to None, run_after=None
[2024-10-18T23:36:05.276+0000] {processor.py:179} INFO - Processing /home/airflow/.local/lib/python3.8/site-packages/airflow/example_dags/example_dag_decorator.py took 1.445 seconds
[2024-10-18T23:38:56.721+0000] {processor.py:157} INFO - Started process (PID=100) to work on /home/airflow/.local/lib/python3.8/site-packages/airflow/example_dags/example_dag_decorator.py
[2024-10-18T23:38:56.724+0000] {processor.py:829} INFO - Processing file /home/airflow/.local/lib/python3.8/site-packages/airflow/example_dags/example_dag_decorator.py for tasks to queue
[2024-10-18T23:38:56.731+0000] {logging_mixin.py:151} INFO - [2024-10-18T23:38:56.731+0000] {dagbag.py:536} INFO - Filling up the DagBag from /home/airflow/.local/lib/python3.8/site-packages/airflow/example_dags/example_dag_decorator.py
[2024-10-18T23:38:57.261+0000] {processor.py:839} INFO - DAG(s) dict_keys(['example_dag_decorator']) retrieved from /home/airflow/.local/lib/python3.8/site-packages/airflow/example_dags/example_dag_decorator.py
[2024-10-18T23:38:57.602+0000] {logging_mixin.py:151} INFO - [2024-10-18T23:38:57.599+0000] {dag.py:2941} INFO - Sync 1 DAGs
[2024-10-18T23:38:58.088+0000] {logging_mixin.py:151} INFO - [2024-10-18T23:38:58.088+0000] {dag.py:3722} INFO - Setting next_dagrun for example_dag_decorator to None, run_after=None
[2024-10-18T23:38:58.168+0000] {processor.py:179} INFO - Processing /home/airflow/.local/lib/python3.8/site-packages/airflow/example_dags/example_dag_decorator.py took 1.457 seconds
[2024-10-18T23:39:28.465+0000] {processor.py:157} INFO - Started process (PID=155) to work on /home/airflow/.local/lib/python3.8/site-packages/airflow/example_dags/example_dag_decorator.py
[2024-10-18T23:39:28.467+0000] {processor.py:829} INFO - Processing file /home/airflow/.local/lib/python3.8/site-packages/airflow/example_dags/example_dag_decorator.py for tasks to queue
[2024-10-18T23:39:28.472+0000] {logging_mixin.py:151} INFO - [2024-10-18T23:39:28.471+0000] {dagbag.py:536} INFO - Filling up the DagBag from /home/airflow/.local/lib/python3.8/site-packages/airflow/example_dags/example_dag_decorator.py
[2024-10-18T23:39:28.987+0000] {processor.py:839} INFO - DAG(s) dict_keys(['example_dag_decorator']) retrieved from /home/airflow/.local/lib/python3.8/site-packages/airflow/example_dags/example_dag_decorator.py
[2024-10-18T23:39:29.776+0000] {logging_mixin.py:151} INFO - [2024-10-18T23:39:29.776+0000] {dag.py:2941} INFO - Sync 1 DAGs
[2024-10-18T23:39:29.807+0000] {logging_mixin.py:151} INFO - [2024-10-18T23:39:29.806+0000] {dag.py:3722} INFO - Setting next_dagrun for example_dag_decorator to None, run_after=None
[2024-10-18T23:39:29.852+0000] {processor.py:179} INFO - Processing /home/airflow/.local/lib/python3.8/site-packages/airflow/example_dags/example_dag_decorator.py took 1.394 seconds
[2024-10-18T23:39:59.909+0000] {processor.py:157} INFO - Started process (PID=212) to work on /home/airflow/.local/lib/python3.8/site-packages/airflow/example_dags/example_dag_decorator.py
[2024-10-18T23:39:59.911+0000] {processor.py:829} INFO - Processing file /home/airflow/.local/lib/python3.8/site-packages/airflow/example_dags/example_dag_decorator.py for tasks to queue
[2024-10-18T23:39:59.919+0000] {logging_mixin.py:151} INFO - [2024-10-18T23:39:59.918+0000] {dagbag.py:536} INFO - Filling up the DagBag from /home/airflow/.local/lib/python3.8/site-packages/airflow/example_dags/example_dag_decorator.py
[2024-10-18T23:40:00.552+0000] {processor.py:839} INFO - DAG(s) dict_keys(['example_dag_decorator']) retrieved from /home/airflow/.local/lib/python3.8/site-packages/airflow/example_dags/example_dag_decorator.py
[2024-10-18T23:40:01.416+0000] {logging_mixin.py:151} INFO - [2024-10-18T23:40:01.415+0000] {dag.py:2941} INFO - Sync 1 DAGs
[2024-10-18T23:40:01.444+0000] {logging_mixin.py:151} INFO - [2024-10-18T23:40:01.443+0000] {dag.py:3722} INFO - Setting next_dagrun for example_dag_decorator to None, run_after=None
[2024-10-18T23:40:01.485+0000] {processor.py:179} INFO - Processing /home/airflow/.local/lib/python3.8/site-packages/airflow/example_dags/example_dag_decorator.py took 1.588 seconds
[2024-10-18T23:40:32.437+0000] {processor.py:157} INFO - Started process (PID=263) to work on /home/airflow/.local/lib/python3.8/site-packages/airflow/example_dags/example_dag_decorator.py
[2024-10-18T23:40:32.439+0000] {processor.py:829} INFO - Processing file /home/airflow/.local/lib/python3.8/site-packages/airflow/example_dags/example_dag_decorator.py for tasks to queue
[2024-10-18T23:40:32.445+0000] {logging_mixin.py:151} INFO - [2024-10-18T23:40:32.444+0000] {dagbag.py:536} INFO - Filling up the DagBag from /home/airflow/.local/lib/python3.8/site-packages/airflow/example_dags/example_dag_decorator.py
[2024-10-18T23:40:35.471+0000] {processor.py:839} INFO - DAG(s) dict_keys(['example_dag_decorator']) retrieved from /home/airflow/.local/lib/python3.8/site-packages/airflow/example_dags/example_dag_decorator.py
[2024-10-18T23:40:59.844+0000] {logging_mixin.py:151} INFO - [2024-10-18T23:40:59.819+0000] {dag.py:2941} INFO - Sync 1 DAGs
[2024-10-18T23:41:00.841+0000] {logging_mixin.py:151} INFO - [2024-10-18T23:41:00.803+0000] {dag.py:3722} INFO - Setting next_dagrun for example_dag_decorator to None, run_after=None
[2024-10-18T23:41:01.534+0000] {processor.py:179} INFO - Processing /home/airflow/.local/lib/python3.8/site-packages/airflow/example_dags/example_dag_decorator.py took 29.270 seconds
[2024-10-18T23:41:32.757+0000] {processor.py:157} INFO - Started process (PID=325) to work on /home/airflow/.local/lib/python3.8/site-packages/airflow/example_dags/example_dag_decorator.py
[2024-10-18T23:41:32.760+0000] {processor.py:829} INFO - Processing file /home/airflow/.local/lib/python3.8/site-packages/airflow/example_dags/example_dag_decorator.py for tasks to queue
[2024-10-18T23:41:32.830+0000] {logging_mixin.py:151} INFO - [2024-10-18T23:41:32.829+0000] {dagbag.py:536} INFO - Filling up the DagBag from /home/airflow/.local/lib/python3.8/site-packages/airflow/example_dags/example_dag_decorator.py
[2024-10-18T23:41:35.149+0000] {processor.py:839} INFO - DAG(s) dict_keys(['example_dag_decorator']) retrieved from /home/airflow/.local/lib/python3.8/site-packages/airflow/example_dags/example_dag_decorator.py
[2024-10-18T23:41:36.341+0000] {logging_mixin.py:151} INFO - [2024-10-18T23:41:36.341+0000] {dag.py:2941} INFO - Sync 1 DAGs
[2024-10-18T23:41:36.374+0000] {logging_mixin.py:151} INFO - [2024-10-18T23:41:36.374+0000] {dag.py:3722} INFO - Setting next_dagrun for example_dag_decorator to None, run_after=None
[2024-10-18T23:41:36.681+0000] {processor.py:179} INFO - Processing /home/airflow/.local/lib/python3.8/site-packages/airflow/example_dags/example_dag_decorator.py took 4.024 seconds
[2024-10-18T23:43:17.761+0000] {processor.py:157} INFO - Started process (PID=411) to work on /home/airflow/.local/lib/python3.8/site-packages/airflow/example_dags/example_dag_decorator.py
[2024-10-18T23:43:17.763+0000] {processor.py:829} INFO - Processing file /home/airflow/.local/lib/python3.8/site-packages/airflow/example_dags/example_dag_decorator.py for tasks to queue
[2024-10-18T23:43:17.774+0000] {logging_mixin.py:151} INFO - [2024-10-18T23:43:17.773+0000] {dagbag.py:536} INFO - Filling up the DagBag from /home/airflow/.local/lib/python3.8/site-packages/airflow/example_dags/example_dag_decorator.py
[2024-10-18T23:43:18.554+0000] {processor.py:839} INFO - DAG(s) dict_keys(['example_dag_decorator']) retrieved from /home/airflow/.local/lib/python3.8/site-packages/airflow/example_dags/example_dag_decorator.py
[2024-10-18T23:43:21.363+0000] {logging_mixin.py:151} INFO - [2024-10-18T23:43:21.361+0000] {dag.py:2941} INFO - Sync 1 DAGs
[2024-10-18T23:43:21.405+0000] {logging_mixin.py:151} INFO - [2024-10-18T23:43:21.403+0000] {dag.py:3722} INFO - Setting next_dagrun for example_dag_decorator to None, run_after=None
[2024-10-18T23:43:22.222+0000] {processor.py:179} INFO - Processing /home/airflow/.local/lib/python3.8/site-packages/airflow/example_dags/example_dag_decorator.py took 4.469 seconds
[2024-10-18T23:43:55.095+0000] {processor.py:157} INFO - Started process (PID=466) to work on /home/airflow/.local/lib/python3.8/site-packages/airflow/example_dags/example_dag_decorator.py
[2024-10-18T23:43:55.115+0000] {processor.py:829} INFO - Processing file /home/airflow/.local/lib/python3.8/site-packages/airflow/example_dags/example_dag_decorator.py for tasks to queue
[2024-10-18T23:43:55.119+0000] {logging_mixin.py:151} INFO - [2024-10-18T23:43:55.118+0000] {dagbag.py:536} INFO - Filling up the DagBag from /home/airflow/.local/lib/python3.8/site-packages/airflow/example_dags/example_dag_decorator.py
[2024-10-18T23:43:55.810+0000] {processor.py:839} INFO - DAG(s) dict_keys(['example_dag_decorator']) retrieved from /home/airflow/.local/lib/python3.8/site-packages/airflow/example_dags/example_dag_decorator.py
[2024-10-18T23:43:56.994+0000] {logging_mixin.py:151} INFO - [2024-10-18T23:43:56.994+0000] {dag.py:2941} INFO - Sync 1 DAGs
[2024-10-18T23:43:57.039+0000] {logging_mixin.py:151} INFO - [2024-10-18T23:43:57.038+0000] {dag.py:3722} INFO - Setting next_dagrun for example_dag_decorator to None, run_after=None
[2024-10-18T23:43:57.133+0000] {processor.py:179} INFO - Processing /home/airflow/.local/lib/python3.8/site-packages/airflow/example_dags/example_dag_decorator.py took 2.045 seconds
[2024-10-18T23:44:28.353+0000] {processor.py:157} INFO - Started process (PID=522) to work on /home/airflow/.local/lib/python3.8/site-packages/airflow/example_dags/example_dag_decorator.py
[2024-10-18T23:44:28.368+0000] {processor.py:829} INFO - Processing file /home/airflow/.local/lib/python3.8/site-packages/airflow/example_dags/example_dag_decorator.py for tasks to queue
[2024-10-18T23:44:28.380+0000] {logging_mixin.py:151} INFO - [2024-10-18T23:44:28.379+0000] {dagbag.py:536} INFO - Filling up the DagBag from /home/airflow/.local/lib/python3.8/site-packages/airflow/example_dags/example_dag_decorator.py
[2024-10-18T23:44:29.684+0000] {processor.py:839} INFO - DAG(s) dict_keys(['example_dag_decorator']) retrieved from /home/airflow/.local/lib/python3.8/site-packages/airflow/example_dags/example_dag_decorator.py
[2024-10-18T23:44:31.619+0000] {logging_mixin.py:151} INFO - [2024-10-18T23:44:31.618+0000] {dag.py:2941} INFO - Sync 1 DAGs
[2024-10-18T23:44:31.636+0000] {logging_mixin.py:151} INFO - [2024-10-18T23:44:31.636+0000] {dag.py:3722} INFO - Setting next_dagrun for example_dag_decorator to None, run_after=None
[2024-10-18T23:44:31.700+0000] {processor.py:179} INFO - Processing /home/airflow/.local/lib/python3.8/site-packages/airflow/example_dags/example_dag_decorator.py took 3.405 seconds
[2024-10-18T23:45:02.318+0000] {processor.py:157} INFO - Started process (PID=575) to work on /home/airflow/.local/lib/python3.8/site-packages/airflow/example_dags/example_dag_decorator.py
[2024-10-18T23:45:02.321+0000] {processor.py:829} INFO - Processing file /home/airflow/.local/lib/python3.8/site-packages/airflow/example_dags/example_dag_decorator.py for tasks to queue
[2024-10-18T23:45:02.328+0000] {logging_mixin.py:151} INFO - [2024-10-18T23:45:02.327+0000] {dagbag.py:536} INFO - Filling up the DagBag from /home/airflow/.local/lib/python3.8/site-packages/airflow/example_dags/example_dag_decorator.py
[2024-10-18T23:45:03.443+0000] {processor.py:839} INFO - DAG(s) dict_keys(['example_dag_decorator']) retrieved from /home/airflow/.local/lib/python3.8/site-packages/airflow/example_dags/example_dag_decorator.py
[2024-10-18T23:45:05.052+0000] {logging_mixin.py:151} INFO - [2024-10-18T23:45:05.052+0000] {dag.py:2941} INFO - Sync 1 DAGs
[2024-10-18T23:45:06.399+0000] {logging_mixin.py:151} INFO - [2024-10-18T23:45:06.399+0000] {dag.py:3722} INFO - Setting next_dagrun for example_dag_decorator to None, run_after=None
[2024-10-18T23:45:06.525+0000] {processor.py:179} INFO - Processing /home/airflow/.local/lib/python3.8/site-packages/airflow/example_dags/example_dag_decorator.py took 4.219 seconds
[2024-10-18T23:45:36.943+0000] {processor.py:157} INFO - Started process (PID=633) to work on /home/airflow/.local/lib/python3.8/site-packages/airflow/example_dags/example_dag_decorator.py
[2024-10-18T23:45:36.945+0000] {processor.py:829} INFO - Processing file /home/airflow/.local/lib/python3.8/site-packages/airflow/example_dags/example_dag_decorator.py for tasks to queue
[2024-10-18T23:45:36.950+0000] {logging_mixin.py:151} INFO - [2024-10-18T23:45:36.950+0000] {dagbag.py:536} INFO - Filling up the DagBag from /home/airflow/.local/lib/python3.8/site-packages/airflow/example_dags/example_dag_decorator.py
[2024-10-18T23:45:37.199+0000] {processor.py:839} INFO - DAG(s) dict_keys(['example_dag_decorator']) retrieved from /home/airflow/.local/lib/python3.8/site-packages/airflow/example_dags/example_dag_decorator.py
[2024-10-18T23:45:37.780+0000] {logging_mixin.py:151} INFO - [2024-10-18T23:45:37.780+0000] {dag.py:2941} INFO - Sync 1 DAGs
[2024-10-18T23:45:37.795+0000] {logging_mixin.py:151} INFO - [2024-10-18T23:45:37.795+0000] {dag.py:3722} INFO - Setting next_dagrun for example_dag_decorator to None, run_after=None
[2024-10-18T23:45:37.837+0000] {processor.py:179} INFO - Processing /home/airflow/.local/lib/python3.8/site-packages/airflow/example_dags/example_dag_decorator.py took 0.902 seconds
[2024-10-18T23:46:09.228+0000] {processor.py:157} INFO - Started process (PID=689) to work on /home/airflow/.local/lib/python3.8/site-packages/airflow/example_dags/example_dag_decorator.py
[2024-10-18T23:46:09.230+0000] {processor.py:829} INFO - Processing file /home/airflow/.local/lib/python3.8/site-packages/airflow/example_dags/example_dag_decorator.py for tasks to queue
[2024-10-18T23:46:09.236+0000] {logging_mixin.py:151} INFO - [2024-10-18T23:46:09.235+0000] {dagbag.py:536} INFO - Filling up the DagBag from /home/airflow/.local/lib/python3.8/site-packages/airflow/example_dags/example_dag_decorator.py
[2024-10-18T23:46:09.463+0000] {processor.py:839} INFO - DAG(s) dict_keys(['example_dag_decorator']) retrieved from /home/airflow/.local/lib/python3.8/site-packages/airflow/example_dags/example_dag_decorator.py
[2024-10-18T23:46:10.021+0000] {logging_mixin.py:151} INFO - [2024-10-18T23:46:10.019+0000] {dag.py:2941} INFO - Sync 1 DAGs
[2024-10-18T23:46:10.042+0000] {logging_mixin.py:151} INFO - [2024-10-18T23:46:10.041+0000] {dag.py:3722} INFO - Setting next_dagrun for example_dag_decorator to None, run_after=None
[2024-10-18T23:46:10.081+0000] {processor.py:179} INFO - Processing /home/airflow/.local/lib/python3.8/site-packages/airflow/example_dags/example_dag_decorator.py took 0.864 seconds
[2024-10-18T23:46:40.511+0000] {processor.py:157} INFO - Started process (PID=744) to work on /home/airflow/.local/lib/python3.8/site-packages/airflow/example_dags/example_dag_decorator.py
[2024-10-18T23:46:40.513+0000] {processor.py:829} INFO - Processing file /home/airflow/.local/lib/python3.8/site-packages/airflow/example_dags/example_dag_decorator.py for tasks to queue
[2024-10-18T23:46:40.518+0000] {logging_mixin.py:151} INFO - [2024-10-18T23:46:40.518+0000] {dagbag.py:536} INFO - Filling up the DagBag from /home/airflow/.local/lib/python3.8/site-packages/airflow/example_dags/example_dag_decorator.py
[2024-10-18T23:46:40.696+0000] {processor.py:839} INFO - DAG(s) dict_keys(['example_dag_decorator']) retrieved from /home/airflow/.local/lib/python3.8/site-packages/airflow/example_dags/example_dag_decorator.py
[2024-10-18T23:46:41.258+0000] {logging_mixin.py:151} INFO - [2024-10-18T23:46:41.258+0000] {dag.py:2941} INFO - Sync 1 DAGs
[2024-10-18T23:46:41.283+0000] {logging_mixin.py:151} INFO - [2024-10-18T23:46:41.282+0000] {dag.py:3722} INFO - Setting next_dagrun for example_dag_decorator to None, run_after=None
[2024-10-18T23:46:41.316+0000] {processor.py:179} INFO - Processing /home/airflow/.local/lib/python3.8/site-packages/airflow/example_dags/example_dag_decorator.py took 0.814 seconds
[2024-10-18T23:47:11.667+0000] {processor.py:157} INFO - Started process (PID=799) to work on /home/airflow/.local/lib/python3.8/site-packages/airflow/example_dags/example_dag_decorator.py
[2024-10-18T23:47:11.669+0000] {processor.py:829} INFO - Processing file /home/airflow/.local/lib/python3.8/site-packages/airflow/example_dags/example_dag_decorator.py for tasks to queue
[2024-10-18T23:47:11.673+0000] {logging_mixin.py:151} INFO - [2024-10-18T23:47:11.672+0000] {dagbag.py:536} INFO - Filling up the DagBag from /home/airflow/.local/lib/python3.8/site-packages/airflow/example_dags/example_dag_decorator.py
[2024-10-18T23:47:11.891+0000] {processor.py:839} INFO - DAG(s) dict_keys(['example_dag_decorator']) retrieved from /home/airflow/.local/lib/python3.8/site-packages/airflow/example_dags/example_dag_decorator.py
[2024-10-18T23:47:13.044+0000] {logging_mixin.py:151} INFO - [2024-10-18T23:47:13.043+0000] {dag.py:2941} INFO - Sync 1 DAGs
[2024-10-18T23:47:13.096+0000] {logging_mixin.py:151} INFO - [2024-10-18T23:47:13.095+0000] {dag.py:3722} INFO - Setting next_dagrun for example_dag_decorator to None, run_after=None
[2024-10-18T23:47:13.149+0000] {processor.py:179} INFO - Processing /home/airflow/.local/lib/python3.8/site-packages/airflow/example_dags/example_dag_decorator.py took 1.486 seconds
[2024-10-18T23:47:46.020+0000] {processor.py:157} INFO - Started process (PID=865) to work on /home/airflow/.local/lib/python3.8/site-packages/airflow/example_dags/example_dag_decorator.py
[2024-10-18T23:47:46.022+0000] {processor.py:829} INFO - Processing file /home/airflow/.local/lib/python3.8/site-packages/airflow/example_dags/example_dag_decorator.py for tasks to queue
[2024-10-18T23:47:46.029+0000] {logging_mixin.py:151} INFO - [2024-10-18T23:47:46.028+0000] {dagbag.py:536} INFO - Filling up the DagBag from /home/airflow/.local/lib/python3.8/site-packages/airflow/example_dags/example_dag_decorator.py
[2024-10-18T23:47:48.300+0000] {processor.py:839} INFO - DAG(s) dict_keys(['example_dag_decorator']) retrieved from /home/airflow/.local/lib/python3.8/site-packages/airflow/example_dags/example_dag_decorator.py
[2024-10-18T23:47:53.218+0000] {logging_mixin.py:151} INFO - [2024-10-18T23:47:53.184+0000] {dag.py:2941} INFO - Sync 1 DAGs
[2024-10-18T23:47:53.278+0000] {logging_mixin.py:151} INFO - [2024-10-18T23:47:53.276+0000] {dag.py:3722} INFO - Setting next_dagrun for example_dag_decorator to None, run_after=None
[2024-10-18T23:47:53.407+0000] {processor.py:179} INFO - Processing /home/airflow/.local/lib/python3.8/site-packages/airflow/example_dags/example_dag_decorator.py took 7.395 seconds
[2024-10-18T23:48:23.618+0000] {processor.py:157} INFO - Started process (PID=922) to work on /home/airflow/.local/lib/python3.8/site-packages/airflow/example_dags/example_dag_decorator.py
[2024-10-18T23:48:23.620+0000] {processor.py:829} INFO - Processing file /home/airflow/.local/lib/python3.8/site-packages/airflow/example_dags/example_dag_decorator.py for tasks to queue
[2024-10-18T23:48:23.628+0000] {logging_mixin.py:151} INFO - [2024-10-18T23:48:23.627+0000] {dagbag.py:536} INFO - Filling up the DagBag from /home/airflow/.local/lib/python3.8/site-packages/airflow/example_dags/example_dag_decorator.py
[2024-10-18T23:48:24.046+0000] {processor.py:839} INFO - DAG(s) dict_keys(['example_dag_decorator']) retrieved from /home/airflow/.local/lib/python3.8/site-packages/airflow/example_dags/example_dag_decorator.py
[2024-10-18T23:48:25.960+0000] {logging_mixin.py:151} INFO - [2024-10-18T23:48:25.960+0000] {dag.py:2941} INFO - Sync 1 DAGs
[2024-10-18T23:48:26.025+0000] {logging_mixin.py:151} INFO - [2024-10-18T23:48:26.024+0000] {dag.py:3722} INFO - Setting next_dagrun for example_dag_decorator to None, run_after=None
[2024-10-18T23:48:47.049+0000] {processor.py:179} INFO - Processing /home/airflow/.local/lib/python3.8/site-packages/airflow/example_dags/example_dag_decorator.py took 23.449 seconds
[2024-10-18T23:49:17.747+0000] {processor.py:157} INFO - Started process (PID=1001) to work on /home/airflow/.local/lib/python3.8/site-packages/airflow/example_dags/example_dag_decorator.py
[2024-10-18T23:49:17.749+0000] {processor.py:829} INFO - Processing file /home/airflow/.local/lib/python3.8/site-packages/airflow/example_dags/example_dag_decorator.py for tasks to queue
[2024-10-18T23:49:17.772+0000] {logging_mixin.py:151} INFO - [2024-10-18T23:49:17.769+0000] {dagbag.py:536} INFO - Filling up the DagBag from /home/airflow/.local/lib/python3.8/site-packages/airflow/example_dags/example_dag_decorator.py
[2024-10-18T23:49:18.129+0000] {processor.py:839} INFO - DAG(s) dict_keys(['example_dag_decorator']) retrieved from /home/airflow/.local/lib/python3.8/site-packages/airflow/example_dags/example_dag_decorator.py
[2024-10-18T23:49:23.718+0000] {logging_mixin.py:151} INFO - [2024-10-18T23:49:23.674+0000] {dag.py:2941} INFO - Sync 1 DAGs
[2024-10-18T23:49:24.065+0000] {logging_mixin.py:151} INFO - [2024-10-18T23:49:23.964+0000] {dag.py:3722} INFO - Setting next_dagrun for example_dag_decorator to None, run_after=None
[2024-10-18T23:49:24.448+0000] {processor.py:179} INFO - Processing /home/airflow/.local/lib/python3.8/site-packages/airflow/example_dags/example_dag_decorator.py took 6.760 seconds
[2024-10-18T23:50:20.077+0000] {processor.py:157} INFO - Started process (PID=1067) to work on /home/airflow/.local/lib/python3.8/site-packages/airflow/example_dags/example_dag_decorator.py
[2024-10-18T23:50:20.082+0000] {processor.py:829} INFO - Processing file /home/airflow/.local/lib/python3.8/site-packages/airflow/example_dags/example_dag_decorator.py for tasks to queue
[2024-10-18T23:50:20.096+0000] {logging_mixin.py:151} INFO - [2024-10-18T23:50:20.095+0000] {dagbag.py:536} INFO - Filling up the DagBag from /home/airflow/.local/lib/python3.8/site-packages/airflow/example_dags/example_dag_decorator.py
[2024-10-18T23:50:20.620+0000] {processor.py:839} INFO - DAG(s) dict_keys(['example_dag_decorator']) retrieved from /home/airflow/.local/lib/python3.8/site-packages/airflow/example_dags/example_dag_decorator.py
[2024-10-18T23:50:22.733+0000] {logging_mixin.py:151} INFO - [2024-10-18T23:50:22.704+0000] {dag.py:2941} INFO - Sync 1 DAGs
[2024-10-18T23:50:22.807+0000] {logging_mixin.py:151} INFO - [2024-10-18T23:50:22.806+0000] {dag.py:3722} INFO - Setting next_dagrun for example_dag_decorator to None, run_after=None
[2024-10-18T23:50:23.023+0000] {processor.py:179} INFO - Processing /home/airflow/.local/lib/python3.8/site-packages/airflow/example_dags/example_dag_decorator.py took 2.980 seconds
[2024-10-18T23:50:53.933+0000] {processor.py:157} INFO - Started process (PID=1121) to work on /home/airflow/.local/lib/python3.8/site-packages/airflow/example_dags/example_dag_decorator.py
[2024-10-18T23:50:53.935+0000] {processor.py:829} INFO - Processing file /home/airflow/.local/lib/python3.8/site-packages/airflow/example_dags/example_dag_decorator.py for tasks to queue
[2024-10-18T23:50:53.939+0000] {logging_mixin.py:151} INFO - [2024-10-18T23:50:53.938+0000] {dagbag.py:536} INFO - Filling up the DagBag from /home/airflow/.local/lib/python3.8/site-packages/airflow/example_dags/example_dag_decorator.py
[2024-10-18T23:50:54.429+0000] {processor.py:839} INFO - DAG(s) dict_keys(['example_dag_decorator']) retrieved from /home/airflow/.local/lib/python3.8/site-packages/airflow/example_dags/example_dag_decorator.py
[2024-10-18T23:50:54.814+0000] {logging_mixin.py:151} INFO - [2024-10-18T23:50:54.814+0000] {dag.py:2941} INFO - Sync 1 DAGs
[2024-10-18T23:50:54.834+0000] {logging_mixin.py:151} INFO - [2024-10-18T23:50:54.833+0000] {dag.py:3722} INFO - Setting next_dagrun for example_dag_decorator to None, run_after=None
[2024-10-18T23:50:54.892+0000] {processor.py:179} INFO - Processing /home/airflow/.local/lib/python3.8/site-packages/airflow/example_dags/example_dag_decorator.py took 0.964 seconds
[2024-10-18T23:51:25.198+0000] {processor.py:157} INFO - Started process (PID=1177) to work on /home/airflow/.local/lib/python3.8/site-packages/airflow/example_dags/example_dag_decorator.py
[2024-10-18T23:51:25.201+0000] {processor.py:829} INFO - Processing file /home/airflow/.local/lib/python3.8/site-packages/airflow/example_dags/example_dag_decorator.py for tasks to queue
[2024-10-18T23:51:25.208+0000] {logging_mixin.py:151} INFO - [2024-10-18T23:51:25.207+0000] {dagbag.py:536} INFO - Filling up the DagBag from /home/airflow/.local/lib/python3.8/site-packages/airflow/example_dags/example_dag_decorator.py
[2024-10-18T23:51:25.505+0000] {processor.py:839} INFO - DAG(s) dict_keys(['example_dag_decorator']) retrieved from /home/airflow/.local/lib/python3.8/site-packages/airflow/example_dags/example_dag_decorator.py
[2024-10-18T23:51:26.171+0000] {logging_mixin.py:151} INFO - [2024-10-18T23:51:26.170+0000] {dag.py:2941} INFO - Sync 1 DAGs
[2024-10-18T23:51:26.187+0000] {logging_mixin.py:151} INFO - [2024-10-18T23:51:26.187+0000] {dag.py:3722} INFO - Setting next_dagrun for example_dag_decorator to None, run_after=None
[2024-10-18T23:51:26.228+0000] {processor.py:179} INFO - Processing /home/airflow/.local/lib/python3.8/site-packages/airflow/example_dags/example_dag_decorator.py took 1.038 seconds
[2024-10-18T23:51:56.830+0000] {processor.py:157} INFO - Started process (PID=1232) to work on /home/airflow/.local/lib/python3.8/site-packages/airflow/example_dags/example_dag_decorator.py
[2024-10-18T23:51:56.843+0000] {processor.py:829} INFO - Processing file /home/airflow/.local/lib/python3.8/site-packages/airflow/example_dags/example_dag_decorator.py for tasks to queue
[2024-10-18T23:51:56.852+0000] {logging_mixin.py:151} INFO - [2024-10-18T23:51:56.852+0000] {dagbag.py:536} INFO - Filling up the DagBag from /home/airflow/.local/lib/python3.8/site-packages/airflow/example_dags/example_dag_decorator.py
[2024-10-18T23:51:57.167+0000] {processor.py:839} INFO - DAG(s) dict_keys(['example_dag_decorator']) retrieved from /home/airflow/.local/lib/python3.8/site-packages/airflow/example_dags/example_dag_decorator.py
[2024-10-18T23:51:57.641+0000] {logging_mixin.py:151} INFO - [2024-10-18T23:51:57.641+0000] {dag.py:2941} INFO - Sync 1 DAGs
[2024-10-18T23:51:57.655+0000] {logging_mixin.py:151} INFO - [2024-10-18T23:51:57.655+0000] {dag.py:3722} INFO - Setting next_dagrun for example_dag_decorator to None, run_after=None
[2024-10-18T23:51:57.687+0000] {processor.py:179} INFO - Processing /home/airflow/.local/lib/python3.8/site-packages/airflow/example_dags/example_dag_decorator.py took 0.865 seconds
[2024-10-18T23:52:28.573+0000] {processor.py:157} INFO - Started process (PID=1286) to work on /home/airflow/.local/lib/python3.8/site-packages/airflow/example_dags/example_dag_decorator.py
[2024-10-18T23:52:28.577+0000] {processor.py:829} INFO - Processing file /home/airflow/.local/lib/python3.8/site-packages/airflow/example_dags/example_dag_decorator.py for tasks to queue
[2024-10-18T23:52:28.588+0000] {logging_mixin.py:151} INFO - [2024-10-18T23:52:28.586+0000] {dagbag.py:536} INFO - Filling up the DagBag from /home/airflow/.local/lib/python3.8/site-packages/airflow/example_dags/example_dag_decorator.py
[2024-10-18T23:52:29.734+0000] {processor.py:839} INFO - DAG(s) dict_keys(['example_dag_decorator']) retrieved from /home/airflow/.local/lib/python3.8/site-packages/airflow/example_dags/example_dag_decorator.py
[2024-10-18T23:52:30.216+0000] {logging_mixin.py:151} INFO - [2024-10-18T23:52:30.216+0000] {dag.py:2941} INFO - Sync 1 DAGs
[2024-10-18T23:52:30.241+0000] {logging_mixin.py:151} INFO - [2024-10-18T23:52:30.241+0000] {dag.py:3722} INFO - Setting next_dagrun for example_dag_decorator to None, run_after=None
[2024-10-18T23:52:30.325+0000] {processor.py:179} INFO - Processing /home/airflow/.local/lib/python3.8/site-packages/airflow/example_dags/example_dag_decorator.py took 1.764 seconds
[2024-10-18T23:53:01.010+0000] {processor.py:157} INFO - Started process (PID=1347) to work on /home/airflow/.local/lib/python3.8/site-packages/airflow/example_dags/example_dag_decorator.py
[2024-10-18T23:53:01.017+0000] {processor.py:829} INFO - Processing file /home/airflow/.local/lib/python3.8/site-packages/airflow/example_dags/example_dag_decorator.py for tasks to queue
[2024-10-18T23:53:01.024+0000] {logging_mixin.py:151} INFO - [2024-10-18T23:53:01.023+0000] {dagbag.py:536} INFO - Filling up the DagBag from /home/airflow/.local/lib/python3.8/site-packages/airflow/example_dags/example_dag_decorator.py
[2024-10-18T23:53:02.279+0000] {processor.py:839} INFO - DAG(s) dict_keys(['example_dag_decorator']) retrieved from /home/airflow/.local/lib/python3.8/site-packages/airflow/example_dags/example_dag_decorator.py
[2024-10-18T23:53:04.664+0000] {logging_mixin.py:151} INFO - [2024-10-18T23:53:04.663+0000] {dag.py:2941} INFO - Sync 1 DAGs
[2024-10-18T23:53:04.731+0000] {logging_mixin.py:151} INFO - [2024-10-18T23:53:04.731+0000] {dag.py:3722} INFO - Setting next_dagrun for example_dag_decorator to None, run_after=None
[2024-10-18T23:53:04.783+0000] {processor.py:179} INFO - Processing /home/airflow/.local/lib/python3.8/site-packages/airflow/example_dags/example_dag_decorator.py took 3.798 seconds
[2024-10-18T23:53:53.544+0000] {processor.py:157} INFO - Started process (PID=1404) to work on /home/airflow/.local/lib/python3.8/site-packages/airflow/example_dags/example_dag_decorator.py
[2024-10-18T23:53:53.547+0000] {processor.py:829} INFO - Processing file /home/airflow/.local/lib/python3.8/site-packages/airflow/example_dags/example_dag_decorator.py for tasks to queue
[2024-10-18T23:53:53.555+0000] {logging_mixin.py:151} INFO - [2024-10-18T23:53:53.554+0000] {dagbag.py:536} INFO - Filling up the DagBag from /home/airflow/.local/lib/python3.8/site-packages/airflow/example_dags/example_dag_decorator.py
[2024-10-18T23:53:54.013+0000] {processor.py:839} INFO - DAG(s) dict_keys(['example_dag_decorator']) retrieved from /home/airflow/.local/lib/python3.8/site-packages/airflow/example_dags/example_dag_decorator.py
[2024-10-18T23:53:55.001+0000] {logging_mixin.py:151} INFO - [2024-10-18T23:53:55.000+0000] {dag.py:2941} INFO - Sync 1 DAGs
[2024-10-18T23:53:55.032+0000] {logging_mixin.py:151} INFO - [2024-10-18T23:53:55.032+0000] {dag.py:3722} INFO - Setting next_dagrun for example_dag_decorator to None, run_after=None
[2024-10-18T23:53:55.090+0000] {processor.py:179} INFO - Processing /home/airflow/.local/lib/python3.8/site-packages/airflow/example_dags/example_dag_decorator.py took 1.551 seconds
[2024-10-18T23:54:25.579+0000] {processor.py:157} INFO - Started process (PID=1461) to work on /home/airflow/.local/lib/python3.8/site-packages/airflow/example_dags/example_dag_decorator.py
[2024-10-18T23:54:25.583+0000] {processor.py:829} INFO - Processing file /home/airflow/.local/lib/python3.8/site-packages/airflow/example_dags/example_dag_decorator.py for tasks to queue
[2024-10-18T23:54:25.589+0000] {logging_mixin.py:151} INFO - [2024-10-18T23:54:25.588+0000] {dagbag.py:536} INFO - Filling up the DagBag from /home/airflow/.local/lib/python3.8/site-packages/airflow/example_dags/example_dag_decorator.py
[2024-10-18T23:54:26.262+0000] {processor.py:839} INFO - DAG(s) dict_keys(['example_dag_decorator']) retrieved from /home/airflow/.local/lib/python3.8/site-packages/airflow/example_dags/example_dag_decorator.py
[2024-10-18T23:54:26.724+0000] {logging_mixin.py:151} INFO - [2024-10-18T23:54:26.722+0000] {dag.py:2941} INFO - Sync 1 DAGs
[2024-10-18T23:54:26.763+0000] {logging_mixin.py:151} INFO - [2024-10-18T23:54:26.762+0000] {dag.py:3722} INFO - Setting next_dagrun for example_dag_decorator to None, run_after=None
[2024-10-18T23:54:26.806+0000] {processor.py:179} INFO - Processing /home/airflow/.local/lib/python3.8/site-packages/airflow/example_dags/example_dag_decorator.py took 1.239 seconds
[2024-10-18T23:55:00.072+0000] {processor.py:157} INFO - Started process (PID=1512) to work on /home/airflow/.local/lib/python3.8/site-packages/airflow/example_dags/example_dag_decorator.py
[2024-10-18T23:55:00.075+0000] {processor.py:829} INFO - Processing file /home/airflow/.local/lib/python3.8/site-packages/airflow/example_dags/example_dag_decorator.py for tasks to queue
[2024-10-18T23:55:00.082+0000] {logging_mixin.py:151} INFO - [2024-10-18T23:55:00.081+0000] {dagbag.py:536} INFO - Filling up the DagBag from /home/airflow/.local/lib/python3.8/site-packages/airflow/example_dags/example_dag_decorator.py
[2024-10-18T23:55:00.444+0000] {processor.py:839} INFO - DAG(s) dict_keys(['example_dag_decorator']) retrieved from /home/airflow/.local/lib/python3.8/site-packages/airflow/example_dags/example_dag_decorator.py
[2024-10-18T23:55:01.338+0000] {logging_mixin.py:151} INFO - [2024-10-18T23:55:01.338+0000] {dag.py:2941} INFO - Sync 1 DAGs
[2024-10-18T23:55:01.379+0000] {logging_mixin.py:151} INFO - [2024-10-18T23:55:01.378+0000] {dag.py:3722} INFO - Setting next_dagrun for example_dag_decorator to None, run_after=None
[2024-10-18T23:55:01.503+0000] {processor.py:179} INFO - Processing /home/airflow/.local/lib/python3.8/site-packages/airflow/example_dags/example_dag_decorator.py took 1.441 seconds
[2024-10-18T23:55:31.921+0000] {processor.py:157} INFO - Started process (PID=1566) to work on /home/airflow/.local/lib/python3.8/site-packages/airflow/example_dags/example_dag_decorator.py
[2024-10-18T23:55:31.937+0000] {processor.py:829} INFO - Processing file /home/airflow/.local/lib/python3.8/site-packages/airflow/example_dags/example_dag_decorator.py for tasks to queue
[2024-10-18T23:55:31.941+0000] {logging_mixin.py:151} INFO - [2024-10-18T23:55:31.941+0000] {dagbag.py:536} INFO - Filling up the DagBag from /home/airflow/.local/lib/python3.8/site-packages/airflow/example_dags/example_dag_decorator.py
[2024-10-18T23:55:32.692+0000] {processor.py:839} INFO - DAG(s) dict_keys(['example_dag_decorator']) retrieved from /home/airflow/.local/lib/python3.8/site-packages/airflow/example_dags/example_dag_decorator.py
[2024-10-18T23:55:33.207+0000] {logging_mixin.py:151} INFO - [2024-10-18T23:55:33.207+0000] {dag.py:2941} INFO - Sync 1 DAGs
[2024-10-18T23:55:33.239+0000] {logging_mixin.py:151} INFO - [2024-10-18T23:55:33.238+0000] {dag.py:3722} INFO - Setting next_dagrun for example_dag_decorator to None, run_after=None
[2024-10-18T23:55:33.289+0000] {processor.py:179} INFO - Processing /home/airflow/.local/lib/python3.8/site-packages/airflow/example_dags/example_dag_decorator.py took 1.382 seconds
[2024-10-18T23:56:08.512+0000] {processor.py:157} INFO - Started process (PID=1630) to work on /home/airflow/.local/lib/python3.8/site-packages/airflow/example_dags/example_dag_decorator.py
[2024-10-18T23:56:08.516+0000] {processor.py:829} INFO - Processing file /home/airflow/.local/lib/python3.8/site-packages/airflow/example_dags/example_dag_decorator.py for tasks to queue
[2024-10-18T23:56:08.536+0000] {logging_mixin.py:151} INFO - [2024-10-18T23:56:08.535+0000] {dagbag.py:536} INFO - Filling up the DagBag from /home/airflow/.local/lib/python3.8/site-packages/airflow/example_dags/example_dag_decorator.py
[2024-10-18T23:56:09.982+0000] {processor.py:839} INFO - DAG(s) dict_keys(['example_dag_decorator']) retrieved from /home/airflow/.local/lib/python3.8/site-packages/airflow/example_dags/example_dag_decorator.py
[2024-10-18T23:56:10.983+0000] {logging_mixin.py:151} INFO - [2024-10-18T23:56:10.982+0000] {dag.py:2941} INFO - Sync 1 DAGs
[2024-10-18T23:56:11.002+0000] {logging_mixin.py:151} INFO - [2024-10-18T23:56:11.002+0000] {dag.py:3722} INFO - Setting next_dagrun for example_dag_decorator to None, run_after=None
[2024-10-18T23:56:11.043+0000] {processor.py:179} INFO - Processing /home/airflow/.local/lib/python3.8/site-packages/airflow/example_dags/example_dag_decorator.py took 2.599 seconds
[2024-10-18T23:56:41.309+0000] {processor.py:157} INFO - Started process (PID=1686) to work on /home/airflow/.local/lib/python3.8/site-packages/airflow/example_dags/example_dag_decorator.py
[2024-10-18T23:56:41.312+0000] {processor.py:829} INFO - Processing file /home/airflow/.local/lib/python3.8/site-packages/airflow/example_dags/example_dag_decorator.py for tasks to queue
[2024-10-18T23:56:41.316+0000] {logging_mixin.py:151} INFO - [2024-10-18T23:56:41.315+0000] {dagbag.py:536} INFO - Filling up the DagBag from /home/airflow/.local/lib/python3.8/site-packages/airflow/example_dags/example_dag_decorator.py
[2024-10-18T23:56:41.569+0000] {processor.py:839} INFO - DAG(s) dict_keys(['example_dag_decorator']) retrieved from /home/airflow/.local/lib/python3.8/site-packages/airflow/example_dags/example_dag_decorator.py
[2024-10-18T23:56:41.623+0000] {logging_mixin.py:151} INFO - [2024-10-18T23:56:41.623+0000] {dag.py:2941} INFO - Sync 1 DAGs
[2024-10-18T23:56:41.652+0000] {logging_mixin.py:151} INFO - [2024-10-18T23:56:41.651+0000] {dag.py:3722} INFO - Setting next_dagrun for example_dag_decorator to None, run_after=None
[2024-10-18T23:56:41.703+0000] {processor.py:179} INFO - Processing /home/airflow/.local/lib/python3.8/site-packages/airflow/example_dags/example_dag_decorator.py took 0.400 seconds
[2024-10-18T23:57:20.894+0000] {processor.py:157} INFO - Started process (PID=1735) to work on /home/airflow/.local/lib/python3.8/site-packages/airflow/example_dags/example_dag_decorator.py
[2024-10-18T23:57:20.899+0000] {processor.py:829} INFO - Processing file /home/airflow/.local/lib/python3.8/site-packages/airflow/example_dags/example_dag_decorator.py for tasks to queue
[2024-10-18T23:57:20.927+0000] {logging_mixin.py:151} INFO - [2024-10-18T23:57:20.921+0000] {dagbag.py:536} INFO - Filling up the DagBag from /home/airflow/.local/lib/python3.8/site-packages/airflow/example_dags/example_dag_decorator.py
[2024-10-18T23:57:21.277+0000] {processor.py:839} INFO - DAG(s) dict_keys(['example_dag_decorator']) retrieved from /home/airflow/.local/lib/python3.8/site-packages/airflow/example_dags/example_dag_decorator.py
[2024-10-18T23:57:21.874+0000] {logging_mixin.py:151} INFO - [2024-10-18T23:57:21.873+0000] {dag.py:2941} INFO - Sync 1 DAGs
[2024-10-18T23:57:21.910+0000] {logging_mixin.py:151} INFO - [2024-10-18T23:57:21.910+0000] {dag.py:3722} INFO - Setting next_dagrun for example_dag_decorator to None, run_after=None
[2024-10-18T23:57:21.983+0000] {processor.py:179} INFO - Processing /home/airflow/.local/lib/python3.8/site-packages/airflow/example_dags/example_dag_decorator.py took 1.112 seconds
[2024-10-18T23:57:53.069+0000] {processor.py:157} INFO - Started process (PID=1790) to work on /home/airflow/.local/lib/python3.8/site-packages/airflow/example_dags/example_dag_decorator.py
[2024-10-18T23:57:53.071+0000] {processor.py:829} INFO - Processing file /home/airflow/.local/lib/python3.8/site-packages/airflow/example_dags/example_dag_decorator.py for tasks to queue
[2024-10-18T23:57:53.079+0000] {logging_mixin.py:151} INFO - [2024-10-18T23:57:53.078+0000] {dagbag.py:536} INFO - Filling up the DagBag from /home/airflow/.local/lib/python3.8/site-packages/airflow/example_dags/example_dag_decorator.py
[2024-10-18T23:57:54.234+0000] {processor.py:839} INFO - DAG(s) dict_keys(['example_dag_decorator']) retrieved from /home/airflow/.local/lib/python3.8/site-packages/airflow/example_dags/example_dag_decorator.py
[2024-10-18T23:57:54.416+0000] {logging_mixin.py:151} INFO - [2024-10-18T23:57:54.416+0000] {dag.py:2941} INFO - Sync 1 DAGs
[2024-10-18T23:57:54.489+0000] {logging_mixin.py:151} INFO - [2024-10-18T23:57:54.488+0000] {dag.py:3722} INFO - Setting next_dagrun for example_dag_decorator to None, run_after=None
[2024-10-18T23:57:54.554+0000] {processor.py:179} INFO - Processing /home/airflow/.local/lib/python3.8/site-packages/airflow/example_dags/example_dag_decorator.py took 1.498 seconds
[2024-10-18T23:58:24.644+0000] {processor.py:157} INFO - Started process (PID=1845) to work on /home/airflow/.local/lib/python3.8/site-packages/airflow/example_dags/example_dag_decorator.py
[2024-10-18T23:58:24.646+0000] {processor.py:829} INFO - Processing file /home/airflow/.local/lib/python3.8/site-packages/airflow/example_dags/example_dag_decorator.py for tasks to queue
[2024-10-18T23:58:24.651+0000] {logging_mixin.py:151} INFO - [2024-10-18T23:58:24.650+0000] {dagbag.py:536} INFO - Filling up the DagBag from /home/airflow/.local/lib/python3.8/site-packages/airflow/example_dags/example_dag_decorator.py
[2024-10-18T23:58:24.912+0000] {processor.py:839} INFO - DAG(s) dict_keys(['example_dag_decorator']) retrieved from /home/airflow/.local/lib/python3.8/site-packages/airflow/example_dags/example_dag_decorator.py
[2024-10-18T23:58:24.989+0000] {logging_mixin.py:151} INFO - [2024-10-18T23:58:24.988+0000] {dag.py:2941} INFO - Sync 1 DAGs
[2024-10-18T23:58:25.017+0000] {logging_mixin.py:151} INFO - [2024-10-18T23:58:25.016+0000] {dag.py:3722} INFO - Setting next_dagrun for example_dag_decorator to None, run_after=None
[2024-10-18T23:58:25.067+0000] {processor.py:179} INFO - Processing /home/airflow/.local/lib/python3.8/site-packages/airflow/example_dags/example_dag_decorator.py took 0.430 seconds
[2024-10-18T23:58:56.153+0000] {processor.py:157} INFO - Started process (PID=1897) to work on /home/airflow/.local/lib/python3.8/site-packages/airflow/example_dags/example_dag_decorator.py
[2024-10-18T23:58:56.155+0000] {processor.py:829} INFO - Processing file /home/airflow/.local/lib/python3.8/site-packages/airflow/example_dags/example_dag_decorator.py for tasks to queue
[2024-10-18T23:58:56.161+0000] {logging_mixin.py:151} INFO - [2024-10-18T23:58:56.160+0000] {dagbag.py:536} INFO - Filling up the DagBag from /home/airflow/.local/lib/python3.8/site-packages/airflow/example_dags/example_dag_decorator.py
[2024-10-18T23:58:56.471+0000] {processor.py:839} INFO - DAG(s) dict_keys(['example_dag_decorator']) retrieved from /home/airflow/.local/lib/python3.8/site-packages/airflow/example_dags/example_dag_decorator.py
[2024-10-18T23:58:56.979+0000] {logging_mixin.py:151} INFO - [2024-10-18T23:58:56.978+0000] {dag.py:2941} INFO - Sync 1 DAGs
[2024-10-18T23:58:57.035+0000] {logging_mixin.py:151} INFO - [2024-10-18T23:58:57.035+0000] {dag.py:3722} INFO - Setting next_dagrun for example_dag_decorator to None, run_after=None
[2024-10-18T23:58:57.092+0000] {processor.py:179} INFO - Processing /home/airflow/.local/lib/python3.8/site-packages/airflow/example_dags/example_dag_decorator.py took 0.952 seconds
[2024-10-18T23:59:27.236+0000] {processor.py:157} INFO - Started process (PID=1952) to work on /home/airflow/.local/lib/python3.8/site-packages/airflow/example_dags/example_dag_decorator.py
[2024-10-18T23:59:27.239+0000] {processor.py:829} INFO - Processing file /home/airflow/.local/lib/python3.8/site-packages/airflow/example_dags/example_dag_decorator.py for tasks to queue
[2024-10-18T23:59:27.243+0000] {logging_mixin.py:151} INFO - [2024-10-18T23:59:27.243+0000] {dagbag.py:536} INFO - Filling up the DagBag from /home/airflow/.local/lib/python3.8/site-packages/airflow/example_dags/example_dag_decorator.py
[2024-10-18T23:59:27.457+0000] {processor.py:839} INFO - DAG(s) dict_keys(['example_dag_decorator']) retrieved from /home/airflow/.local/lib/python3.8/site-packages/airflow/example_dags/example_dag_decorator.py
[2024-10-18T23:59:27.746+0000] {logging_mixin.py:151} INFO - [2024-10-18T23:59:27.745+0000] {dag.py:2941} INFO - Sync 1 DAGs
[2024-10-18T23:59:27.761+0000] {logging_mixin.py:151} INFO - [2024-10-18T23:59:27.761+0000] {dag.py:3722} INFO - Setting next_dagrun for example_dag_decorator to None, run_after=None
[2024-10-18T23:59:27.790+0000] {processor.py:179} INFO - Processing /home/airflow/.local/lib/python3.8/site-packages/airflow/example_dags/example_dag_decorator.py took 0.560 seconds
[2024-10-18T23:59:58.160+0000] {processor.py:157} INFO - Started process (PID=2007) to work on /home/airflow/.local/lib/python3.8/site-packages/airflow/example_dags/example_dag_decorator.py
[2024-10-18T23:59:58.163+0000] {processor.py:829} INFO - Processing file /home/airflow/.local/lib/python3.8/site-packages/airflow/example_dags/example_dag_decorator.py for tasks to queue
[2024-10-18T23:59:58.171+0000] {logging_mixin.py:151} INFO - [2024-10-18T23:59:58.170+0000] {dagbag.py:536} INFO - Filling up the DagBag from /home/airflow/.local/lib/python3.8/site-packages/airflow/example_dags/example_dag_decorator.py
[2024-10-18T23:59:58.370+0000] {processor.py:839} INFO - DAG(s) dict_keys(['example_dag_decorator']) retrieved from /home/airflow/.local/lib/python3.8/site-packages/airflow/example_dags/example_dag_decorator.py
[2024-10-18T23:59:58.870+0000] {logging_mixin.py:151} INFO - [2024-10-18T23:59:58.869+0000] {dag.py:2941} INFO - Sync 1 DAGs
[2024-10-18T23:59:58.902+0000] {logging_mixin.py:151} INFO - [2024-10-18T23:59:58.902+0000] {dag.py:3722} INFO - Setting next_dagrun for example_dag_decorator to None, run_after=None
[2024-10-18T23:59:58.942+0000] {processor.py:179} INFO - Processing /home/airflow/.local/lib/python3.8/site-packages/airflow/example_dags/example_dag_decorator.py took 0.791 seconds
