[2024-10-18T23:31:37.018+0000] {processor.py:157} INFO - Started process (PID=73) to work on /home/airflow/.local/lib/python3.8/site-packages/airflow/example_dags/example_trigger_target_dag.py
[2024-10-18T23:31:37.031+0000] {processor.py:829} INFO - Processing file /home/airflow/.local/lib/python3.8/site-packages/airflow/example_dags/example_trigger_target_dag.py for tasks to queue
[2024-10-18T23:31:37.036+0000] {logging_mixin.py:151} INFO - [2024-10-18T23:31:37.035+0000] {dagbag.py:536} INFO - Filling up the DagBag from /home/airflow/.local/lib/python3.8/site-packages/airflow/example_dags/example_trigger_target_dag.py
[2024-10-18T23:31:37.172+0000] {processor.py:839} INFO - DAG(s) dict_keys(['example_trigger_target_dag']) retrieved from /home/airflow/.local/lib/python3.8/site-packages/airflow/example_dags/example_trigger_target_dag.py
[2024-10-18T23:31:38.036+0000] {logging_mixin.py:151} INFO - [2024-10-18T23:31:38.036+0000] {dag.py:2941} INFO - Sync 1 DAGs
[2024-10-18T23:31:38.421+0000] {logging_mixin.py:151} INFO - [2024-10-18T23:31:38.420+0000] {dag.py:3722} INFO - Setting next_dagrun for example_trigger_target_dag to None, run_after=None
[2024-10-18T23:31:38.625+0000] {processor.py:179} INFO - Processing /home/airflow/.local/lib/python3.8/site-packages/airflow/example_dags/example_trigger_target_dag.py took 1.640 seconds
[2024-10-18T23:32:10.539+0000] {processor.py:157} INFO - Started process (PID=133) to work on /home/airflow/.local/lib/python3.8/site-packages/airflow/example_dags/example_trigger_target_dag.py
[2024-10-18T23:32:10.541+0000] {processor.py:829} INFO - Processing file /home/airflow/.local/lib/python3.8/site-packages/airflow/example_dags/example_trigger_target_dag.py for tasks to queue
[2024-10-18T23:32:10.545+0000] {logging_mixin.py:151} INFO - [2024-10-18T23:32:10.544+0000] {dagbag.py:536} INFO - Filling up the DagBag from /home/airflow/.local/lib/python3.8/site-packages/airflow/example_dags/example_trigger_target_dag.py
[2024-10-18T23:32:10.563+0000] {processor.py:839} INFO - DAG(s) dict_keys(['example_trigger_target_dag']) retrieved from /home/airflow/.local/lib/python3.8/site-packages/airflow/example_dags/example_trigger_target_dag.py
[2024-10-18T23:32:10.732+0000] {logging_mixin.py:151} INFO - [2024-10-18T23:32:10.731+0000] {dag.py:2941} INFO - Sync 1 DAGs
[2024-10-18T23:32:10.759+0000] {logging_mixin.py:151} INFO - [2024-10-18T23:32:10.759+0000] {dag.py:3722} INFO - Setting next_dagrun for example_trigger_target_dag to None, run_after=None
[2024-10-18T23:32:10.802+0000] {processor.py:179} INFO - Processing /home/airflow/.local/lib/python3.8/site-packages/airflow/example_dags/example_trigger_target_dag.py took 0.268 seconds
[2024-10-18T23:32:41.061+0000] {processor.py:157} INFO - Started process (PID=179) to work on /home/airflow/.local/lib/python3.8/site-packages/airflow/example_dags/example_trigger_target_dag.py
[2024-10-18T23:32:41.071+0000] {processor.py:829} INFO - Processing file /home/airflow/.local/lib/python3.8/site-packages/airflow/example_dags/example_trigger_target_dag.py for tasks to queue
[2024-10-18T23:32:41.091+0000] {logging_mixin.py:151} INFO - [2024-10-18T23:32:41.090+0000] {dagbag.py:536} INFO - Filling up the DagBag from /home/airflow/.local/lib/python3.8/site-packages/airflow/example_dags/example_trigger_target_dag.py
[2024-10-18T23:32:41.109+0000] {processor.py:839} INFO - DAG(s) dict_keys(['example_trigger_target_dag']) retrieved from /home/airflow/.local/lib/python3.8/site-packages/airflow/example_dags/example_trigger_target_dag.py
[2024-10-18T23:32:41.188+0000] {logging_mixin.py:151} INFO - [2024-10-18T23:32:41.187+0000] {dag.py:2941} INFO - Sync 1 DAGs
[2024-10-18T23:32:41.219+0000] {logging_mixin.py:151} INFO - [2024-10-18T23:32:41.219+0000] {dag.py:3722} INFO - Setting next_dagrun for example_trigger_target_dag to None, run_after=None
[2024-10-18T23:32:41.269+0000] {processor.py:179} INFO - Processing /home/airflow/.local/lib/python3.8/site-packages/airflow/example_dags/example_trigger_target_dag.py took 0.219 seconds
[2024-10-18T23:33:12.375+0000] {processor.py:157} INFO - Started process (PID=233) to work on /home/airflow/.local/lib/python3.8/site-packages/airflow/example_dags/example_trigger_target_dag.py
[2024-10-18T23:33:12.379+0000] {processor.py:829} INFO - Processing file /home/airflow/.local/lib/python3.8/site-packages/airflow/example_dags/example_trigger_target_dag.py for tasks to queue
[2024-10-18T23:33:12.387+0000] {logging_mixin.py:151} INFO - [2024-10-18T23:33:12.387+0000] {dagbag.py:536} INFO - Filling up the DagBag from /home/airflow/.local/lib/python3.8/site-packages/airflow/example_dags/example_trigger_target_dag.py
[2024-10-18T23:33:12.424+0000] {processor.py:839} INFO - DAG(s) dict_keys(['example_trigger_target_dag']) retrieved from /home/airflow/.local/lib/python3.8/site-packages/airflow/example_dags/example_trigger_target_dag.py
[2024-10-18T23:33:12.518+0000] {logging_mixin.py:151} INFO - [2024-10-18T23:33:12.517+0000] {dag.py:2941} INFO - Sync 1 DAGs
[2024-10-18T23:33:12.579+0000] {logging_mixin.py:151} INFO - [2024-10-18T23:33:12.578+0000] {dag.py:3722} INFO - Setting next_dagrun for example_trigger_target_dag to None, run_after=None
[2024-10-18T23:33:12.652+0000] {processor.py:179} INFO - Processing /home/airflow/.local/lib/python3.8/site-packages/airflow/example_dags/example_trigger_target_dag.py took 0.284 seconds
[2024-10-18T23:33:43.511+0000] {processor.py:157} INFO - Started process (PID=287) to work on /home/airflow/.local/lib/python3.8/site-packages/airflow/example_dags/example_trigger_target_dag.py
[2024-10-18T23:33:43.513+0000] {processor.py:829} INFO - Processing file /home/airflow/.local/lib/python3.8/site-packages/airflow/example_dags/example_trigger_target_dag.py for tasks to queue
[2024-10-18T23:33:43.518+0000] {logging_mixin.py:151} INFO - [2024-10-18T23:33:43.517+0000] {dagbag.py:536} INFO - Filling up the DagBag from /home/airflow/.local/lib/python3.8/site-packages/airflow/example_dags/example_trigger_target_dag.py
[2024-10-18T23:33:43.530+0000] {processor.py:839} INFO - DAG(s) dict_keys(['example_trigger_target_dag']) retrieved from /home/airflow/.local/lib/python3.8/site-packages/airflow/example_dags/example_trigger_target_dag.py
[2024-10-18T23:33:43.571+0000] {logging_mixin.py:151} INFO - [2024-10-18T23:33:43.571+0000] {dag.py:2941} INFO - Sync 1 DAGs
[2024-10-18T23:33:43.600+0000] {logging_mixin.py:151} INFO - [2024-10-18T23:33:43.600+0000] {dag.py:3722} INFO - Setting next_dagrun for example_trigger_target_dag to None, run_after=None
[2024-10-18T23:33:43.638+0000] {processor.py:179} INFO - Processing /home/airflow/.local/lib/python3.8/site-packages/airflow/example_dags/example_trigger_target_dag.py took 0.135 seconds
[2024-10-18T23:34:13.886+0000] {processor.py:157} INFO - Started process (PID=341) to work on /home/airflow/.local/lib/python3.8/site-packages/airflow/example_dags/example_trigger_target_dag.py
[2024-10-18T23:34:13.889+0000] {processor.py:829} INFO - Processing file /home/airflow/.local/lib/python3.8/site-packages/airflow/example_dags/example_trigger_target_dag.py for tasks to queue
[2024-10-18T23:34:13.900+0000] {logging_mixin.py:151} INFO - [2024-10-18T23:34:13.899+0000] {dagbag.py:536} INFO - Filling up the DagBag from /home/airflow/.local/lib/python3.8/site-packages/airflow/example_dags/example_trigger_target_dag.py
[2024-10-18T23:34:13.920+0000] {processor.py:839} INFO - DAG(s) dict_keys(['example_trigger_target_dag']) retrieved from /home/airflow/.local/lib/python3.8/site-packages/airflow/example_dags/example_trigger_target_dag.py
[2024-10-18T23:34:13.973+0000] {logging_mixin.py:151} INFO - [2024-10-18T23:34:13.973+0000] {dag.py:2941} INFO - Sync 1 DAGs
[2024-10-18T23:34:14.000+0000] {logging_mixin.py:151} INFO - [2024-10-18T23:34:14.000+0000] {dag.py:3722} INFO - Setting next_dagrun for example_trigger_target_dag to None, run_after=None
[2024-10-18T23:34:14.049+0000] {processor.py:179} INFO - Processing /home/airflow/.local/lib/python3.8/site-packages/airflow/example_dags/example_trigger_target_dag.py took 0.172 seconds
[2024-10-18T23:34:44.768+0000] {processor.py:157} INFO - Started process (PID=395) to work on /home/airflow/.local/lib/python3.8/site-packages/airflow/example_dags/example_trigger_target_dag.py
[2024-10-18T23:34:44.771+0000] {processor.py:829} INFO - Processing file /home/airflow/.local/lib/python3.8/site-packages/airflow/example_dags/example_trigger_target_dag.py for tasks to queue
[2024-10-18T23:34:44.786+0000] {logging_mixin.py:151} INFO - [2024-10-18T23:34:44.785+0000] {dagbag.py:536} INFO - Filling up the DagBag from /home/airflow/.local/lib/python3.8/site-packages/airflow/example_dags/example_trigger_target_dag.py
[2024-10-18T23:34:44.805+0000] {processor.py:839} INFO - DAG(s) dict_keys(['example_trigger_target_dag']) retrieved from /home/airflow/.local/lib/python3.8/site-packages/airflow/example_dags/example_trigger_target_dag.py
[2024-10-18T23:34:44.900+0000] {logging_mixin.py:151} INFO - [2024-10-18T23:34:44.900+0000] {dag.py:2941} INFO - Sync 1 DAGs
[2024-10-18T23:34:44.956+0000] {logging_mixin.py:151} INFO - [2024-10-18T23:34:44.956+0000] {dag.py:3722} INFO - Setting next_dagrun for example_trigger_target_dag to None, run_after=None
[2024-10-18T23:34:45.038+0000] {processor.py:179} INFO - Processing /home/airflow/.local/lib/python3.8/site-packages/airflow/example_dags/example_trigger_target_dag.py took 0.282 seconds
[2024-10-18T23:35:15.804+0000] {processor.py:157} INFO - Started process (PID=449) to work on /home/airflow/.local/lib/python3.8/site-packages/airflow/example_dags/example_trigger_target_dag.py
[2024-10-18T23:35:15.806+0000] {processor.py:829} INFO - Processing file /home/airflow/.local/lib/python3.8/site-packages/airflow/example_dags/example_trigger_target_dag.py for tasks to queue
[2024-10-18T23:35:15.812+0000] {logging_mixin.py:151} INFO - [2024-10-18T23:35:15.811+0000] {dagbag.py:536} INFO - Filling up the DagBag from /home/airflow/.local/lib/python3.8/site-packages/airflow/example_dags/example_trigger_target_dag.py
[2024-10-18T23:35:15.823+0000] {processor.py:839} INFO - DAG(s) dict_keys(['example_trigger_target_dag']) retrieved from /home/airflow/.local/lib/python3.8/site-packages/airflow/example_dags/example_trigger_target_dag.py
[2024-10-18T23:35:15.882+0000] {logging_mixin.py:151} INFO - [2024-10-18T23:35:15.881+0000] {dag.py:2941} INFO - Sync 1 DAGs
[2024-10-18T23:35:15.939+0000] {logging_mixin.py:151} INFO - [2024-10-18T23:35:15.939+0000] {dag.py:3722} INFO - Setting next_dagrun for example_trigger_target_dag to None, run_after=None
[2024-10-18T23:35:16.010+0000] {processor.py:179} INFO - Processing /home/airflow/.local/lib/python3.8/site-packages/airflow/example_dags/example_trigger_target_dag.py took 0.213 seconds
[2024-10-18T23:35:46.181+0000] {processor.py:157} INFO - Started process (PID=509) to work on /home/airflow/.local/lib/python3.8/site-packages/airflow/example_dags/example_trigger_target_dag.py
[2024-10-18T23:35:46.183+0000] {processor.py:829} INFO - Processing file /home/airflow/.local/lib/python3.8/site-packages/airflow/example_dags/example_trigger_target_dag.py for tasks to queue
[2024-10-18T23:35:46.189+0000] {logging_mixin.py:151} INFO - [2024-10-18T23:35:46.188+0000] {dagbag.py:536} INFO - Filling up the DagBag from /home/airflow/.local/lib/python3.8/site-packages/airflow/example_dags/example_trigger_target_dag.py
[2024-10-18T23:35:46.200+0000] {processor.py:839} INFO - DAG(s) dict_keys(['example_trigger_target_dag']) retrieved from /home/airflow/.local/lib/python3.8/site-packages/airflow/example_dags/example_trigger_target_dag.py
[2024-10-18T23:35:46.296+0000] {logging_mixin.py:151} INFO - [2024-10-18T23:35:46.296+0000] {dag.py:2941} INFO - Sync 1 DAGs
[2024-10-18T23:35:46.372+0000] {logging_mixin.py:151} INFO - [2024-10-18T23:35:46.371+0000] {dag.py:3722} INFO - Setting next_dagrun for example_trigger_target_dag to None, run_after=None
[2024-10-18T23:35:46.438+0000] {processor.py:179} INFO - Processing /home/airflow/.local/lib/python3.8/site-packages/airflow/example_dags/example_trigger_target_dag.py took 0.264 seconds
[2024-10-18T23:36:17.203+0000] {processor.py:157} INFO - Started process (PID=562) to work on /home/airflow/.local/lib/python3.8/site-packages/airflow/example_dags/example_trigger_target_dag.py
[2024-10-18T23:36:17.206+0000] {processor.py:829} INFO - Processing file /home/airflow/.local/lib/python3.8/site-packages/airflow/example_dags/example_trigger_target_dag.py for tasks to queue
[2024-10-18T23:36:17.215+0000] {logging_mixin.py:151} INFO - [2024-10-18T23:36:17.214+0000] {dagbag.py:536} INFO - Filling up the DagBag from /home/airflow/.local/lib/python3.8/site-packages/airflow/example_dags/example_trigger_target_dag.py
[2024-10-18T23:36:17.236+0000] {processor.py:839} INFO - DAG(s) dict_keys(['example_trigger_target_dag']) retrieved from /home/airflow/.local/lib/python3.8/site-packages/airflow/example_dags/example_trigger_target_dag.py
[2024-10-18T23:36:17.283+0000] {logging_mixin.py:151} INFO - [2024-10-18T23:36:17.282+0000] {dag.py:2941} INFO - Sync 1 DAGs
[2024-10-18T23:36:17.315+0000] {logging_mixin.py:151} INFO - [2024-10-18T23:36:17.314+0000] {dag.py:3722} INFO - Setting next_dagrun for example_trigger_target_dag to None, run_after=None
[2024-10-18T23:36:17.368+0000] {processor.py:179} INFO - Processing /home/airflow/.local/lib/python3.8/site-packages/airflow/example_dags/example_trigger_target_dag.py took 0.185 seconds
[2024-10-18T23:38:47.726+0000] {processor.py:157} INFO - Started process (PID=80) to work on /home/airflow/.local/lib/python3.8/site-packages/airflow/example_dags/example_trigger_target_dag.py
[2024-10-18T23:38:47.731+0000] {processor.py:829} INFO - Processing file /home/airflow/.local/lib/python3.8/site-packages/airflow/example_dags/example_trigger_target_dag.py for tasks to queue
[2024-10-18T23:38:47.741+0000] {logging_mixin.py:151} INFO - [2024-10-18T23:38:47.739+0000] {dagbag.py:536} INFO - Filling up the DagBag from /home/airflow/.local/lib/python3.8/site-packages/airflow/example_dags/example_trigger_target_dag.py
[2024-10-18T23:38:47.812+0000] {processor.py:839} INFO - DAG(s) dict_keys(['example_trigger_target_dag']) retrieved from /home/airflow/.local/lib/python3.8/site-packages/airflow/example_dags/example_trigger_target_dag.py
[2024-10-18T23:38:48.077+0000] {logging_mixin.py:151} INFO - [2024-10-18T23:38:48.077+0000] {dag.py:2941} INFO - Sync 1 DAGs
[2024-10-18T23:38:48.179+0000] {logging_mixin.py:151} INFO - [2024-10-18T23:38:48.176+0000] {dag.py:3722} INFO - Setting next_dagrun for example_trigger_target_dag to None, run_after=None
[2024-10-18T23:38:48.288+0000] {processor.py:179} INFO - Processing /home/airflow/.local/lib/python3.8/site-packages/airflow/example_dags/example_trigger_target_dag.py took 0.579 seconds
[2024-10-18T23:39:18.905+0000] {processor.py:157} INFO - Started process (PID=134) to work on /home/airflow/.local/lib/python3.8/site-packages/airflow/example_dags/example_trigger_target_dag.py
[2024-10-18T23:39:18.908+0000] {processor.py:829} INFO - Processing file /home/airflow/.local/lib/python3.8/site-packages/airflow/example_dags/example_trigger_target_dag.py for tasks to queue
[2024-10-18T23:39:18.919+0000] {logging_mixin.py:151} INFO - [2024-10-18T23:39:18.918+0000] {dagbag.py:536} INFO - Filling up the DagBag from /home/airflow/.local/lib/python3.8/site-packages/airflow/example_dags/example_trigger_target_dag.py
[2024-10-18T23:39:18.936+0000] {processor.py:839} INFO - DAG(s) dict_keys(['example_trigger_target_dag']) retrieved from /home/airflow/.local/lib/python3.8/site-packages/airflow/example_dags/example_trigger_target_dag.py
[2024-10-18T23:39:19.029+0000] {logging_mixin.py:151} INFO - [2024-10-18T23:39:19.028+0000] {dag.py:2941} INFO - Sync 1 DAGs
[2024-10-18T23:39:19.058+0000] {logging_mixin.py:151} INFO - [2024-10-18T23:39:19.058+0000] {dag.py:3722} INFO - Setting next_dagrun for example_trigger_target_dag to None, run_after=None
[2024-10-18T23:39:19.103+0000] {processor.py:179} INFO - Processing /home/airflow/.local/lib/python3.8/site-packages/airflow/example_dags/example_trigger_target_dag.py took 0.205 seconds
[2024-10-18T23:39:49.408+0000] {processor.py:157} INFO - Started process (PID=188) to work on /home/airflow/.local/lib/python3.8/site-packages/airflow/example_dags/example_trigger_target_dag.py
[2024-10-18T23:39:49.410+0000] {processor.py:829} INFO - Processing file /home/airflow/.local/lib/python3.8/site-packages/airflow/example_dags/example_trigger_target_dag.py for tasks to queue
[2024-10-18T23:39:49.417+0000] {logging_mixin.py:151} INFO - [2024-10-18T23:39:49.416+0000] {dagbag.py:536} INFO - Filling up the DagBag from /home/airflow/.local/lib/python3.8/site-packages/airflow/example_dags/example_trigger_target_dag.py
[2024-10-18T23:39:49.436+0000] {processor.py:839} INFO - DAG(s) dict_keys(['example_trigger_target_dag']) retrieved from /home/airflow/.local/lib/python3.8/site-packages/airflow/example_dags/example_trigger_target_dag.py
[2024-10-18T23:39:49.505+0000] {logging_mixin.py:151} INFO - [2024-10-18T23:39:49.504+0000] {dag.py:2941} INFO - Sync 1 DAGs
[2024-10-18T23:39:49.560+0000] {logging_mixin.py:151} INFO - [2024-10-18T23:39:49.559+0000] {dag.py:3722} INFO - Setting next_dagrun for example_trigger_target_dag to None, run_after=None
[2024-10-18T23:39:49.612+0000] {processor.py:179} INFO - Processing /home/airflow/.local/lib/python3.8/site-packages/airflow/example_dags/example_trigger_target_dag.py took 0.215 seconds
[2024-10-18T23:40:20.972+0000] {processor.py:157} INFO - Started process (PID=242) to work on /home/airflow/.local/lib/python3.8/site-packages/airflow/example_dags/example_trigger_target_dag.py
[2024-10-18T23:40:20.974+0000] {processor.py:829} INFO - Processing file /home/airflow/.local/lib/python3.8/site-packages/airflow/example_dags/example_trigger_target_dag.py for tasks to queue
[2024-10-18T23:40:20.977+0000] {logging_mixin.py:151} INFO - [2024-10-18T23:40:20.977+0000] {dagbag.py:536} INFO - Filling up the DagBag from /home/airflow/.local/lib/python3.8/site-packages/airflow/example_dags/example_trigger_target_dag.py
[2024-10-18T23:40:21.017+0000] {processor.py:839} INFO - DAG(s) dict_keys(['example_trigger_target_dag']) retrieved from /home/airflow/.local/lib/python3.8/site-packages/airflow/example_dags/example_trigger_target_dag.py
[2024-10-18T23:40:21.494+0000] {logging_mixin.py:151} INFO - [2024-10-18T23:40:21.493+0000] {dag.py:2941} INFO - Sync 1 DAGs
[2024-10-18T23:40:21.525+0000] {logging_mixin.py:151} INFO - [2024-10-18T23:40:21.524+0000] {dag.py:3722} INFO - Setting next_dagrun for example_trigger_target_dag to None, run_after=None
[2024-10-18T23:40:21.587+0000] {processor.py:179} INFO - Processing /home/airflow/.local/lib/python3.8/site-packages/airflow/example_dags/example_trigger_target_dag.py took 0.623 seconds
[2024-10-18T23:41:12.029+0000] {processor.py:157} INFO - Started process (PID=284) to work on /home/airflow/.local/lib/python3.8/site-packages/airflow/example_dags/example_trigger_target_dag.py
[2024-10-18T23:41:12.031+0000] {processor.py:829} INFO - Processing file /home/airflow/.local/lib/python3.8/site-packages/airflow/example_dags/example_trigger_target_dag.py for tasks to queue
[2024-10-18T23:41:12.037+0000] {logging_mixin.py:151} INFO - [2024-10-18T23:41:12.036+0000] {dagbag.py:536} INFO - Filling up the DagBag from /home/airflow/.local/lib/python3.8/site-packages/airflow/example_dags/example_trigger_target_dag.py
[2024-10-18T23:41:12.075+0000] {processor.py:839} INFO - DAG(s) dict_keys(['example_trigger_target_dag']) retrieved from /home/airflow/.local/lib/python3.8/site-packages/airflow/example_dags/example_trigger_target_dag.py
[2024-10-18T23:41:12.537+0000] {logging_mixin.py:151} INFO - [2024-10-18T23:41:12.536+0000] {dag.py:2941} INFO - Sync 1 DAGs
[2024-10-18T23:41:12.605+0000] {logging_mixin.py:151} INFO - [2024-10-18T23:41:12.604+0000] {dag.py:3722} INFO - Setting next_dagrun for example_trigger_target_dag to None, run_after=None
[2024-10-18T23:41:12.768+0000] {processor.py:179} INFO - Processing /home/airflow/.local/lib/python3.8/site-packages/airflow/example_dags/example_trigger_target_dag.py took 0.753 seconds
[2024-10-18T23:41:43.935+0000] {processor.py:157} INFO - Started process (PID=338) to work on /home/airflow/.local/lib/python3.8/site-packages/airflow/example_dags/example_trigger_target_dag.py
[2024-10-18T23:41:43.939+0000] {processor.py:829} INFO - Processing file /home/airflow/.local/lib/python3.8/site-packages/airflow/example_dags/example_trigger_target_dag.py for tasks to queue
[2024-10-18T23:41:43.945+0000] {logging_mixin.py:151} INFO - [2024-10-18T23:41:43.945+0000] {dagbag.py:536} INFO - Filling up the DagBag from /home/airflow/.local/lib/python3.8/site-packages/airflow/example_dags/example_trigger_target_dag.py
[2024-10-18T23:41:43.969+0000] {processor.py:839} INFO - DAG(s) dict_keys(['example_trigger_target_dag']) retrieved from /home/airflow/.local/lib/python3.8/site-packages/airflow/example_dags/example_trigger_target_dag.py
[2024-10-18T23:41:44.037+0000] {logging_mixin.py:151} INFO - [2024-10-18T23:41:44.036+0000] {dag.py:2941} INFO - Sync 1 DAGs
[2024-10-18T23:41:44.062+0000] {logging_mixin.py:151} INFO - [2024-10-18T23:41:44.062+0000] {dag.py:3722} INFO - Setting next_dagrun for example_trigger_target_dag to None, run_after=None
[2024-10-18T23:41:44.117+0000] {processor.py:179} INFO - Processing /home/airflow/.local/lib/python3.8/site-packages/airflow/example_dags/example_trigger_target_dag.py took 0.195 seconds
[2024-10-18T23:42:58.887+0000] {processor.py:157} INFO - Started process (PID=389) to work on /home/airflow/.local/lib/python3.8/site-packages/airflow/example_dags/example_trigger_target_dag.py
[2024-10-18T23:42:58.891+0000] {processor.py:829} INFO - Processing file /home/airflow/.local/lib/python3.8/site-packages/airflow/example_dags/example_trigger_target_dag.py for tasks to queue
[2024-10-18T23:42:58.918+0000] {logging_mixin.py:151} INFO - [2024-10-18T23:42:58.910+0000] {dagbag.py:536} INFO - Filling up the DagBag from /home/airflow/.local/lib/python3.8/site-packages/airflow/example_dags/example_trigger_target_dag.py
[2024-10-18T23:42:59.059+0000] {processor.py:839} INFO - DAG(s) dict_keys(['example_trigger_target_dag']) retrieved from /home/airflow/.local/lib/python3.8/site-packages/airflow/example_dags/example_trigger_target_dag.py
[2024-10-18T23:42:59.267+0000] {logging_mixin.py:151} INFO - [2024-10-18T23:42:59.265+0000] {dag.py:2941} INFO - Sync 1 DAGs
[2024-10-18T23:42:59.419+0000] {logging_mixin.py:151} INFO - [2024-10-18T23:42:59.418+0000] {dag.py:3722} INFO - Setting next_dagrun for example_trigger_target_dag to None, run_after=None
[2024-10-18T23:42:59.560+0000] {processor.py:179} INFO - Processing /home/airflow/.local/lib/python3.8/site-packages/airflow/example_dags/example_trigger_target_dag.py took 0.687 seconds
[2024-10-18T23:43:37.793+0000] {processor.py:157} INFO - Started process (PID=441) to work on /home/airflow/.local/lib/python3.8/site-packages/airflow/example_dags/example_trigger_target_dag.py
[2024-10-18T23:43:37.806+0000] {processor.py:829} INFO - Processing file /home/airflow/.local/lib/python3.8/site-packages/airflow/example_dags/example_trigger_target_dag.py for tasks to queue
[2024-10-18T23:43:37.825+0000] {logging_mixin.py:151} INFO - [2024-10-18T23:43:37.824+0000] {dagbag.py:536} INFO - Filling up the DagBag from /home/airflow/.local/lib/python3.8/site-packages/airflow/example_dags/example_trigger_target_dag.py
[2024-10-18T23:43:37.872+0000] {processor.py:839} INFO - DAG(s) dict_keys(['example_trigger_target_dag']) retrieved from /home/airflow/.local/lib/python3.8/site-packages/airflow/example_dags/example_trigger_target_dag.py
[2024-10-18T23:43:38.644+0000] {logging_mixin.py:151} INFO - [2024-10-18T23:43:38.643+0000] {dag.py:2941} INFO - Sync 1 DAGs
[2024-10-18T23:43:38.797+0000] {logging_mixin.py:151} INFO - [2024-10-18T23:43:38.796+0000] {dag.py:3722} INFO - Setting next_dagrun for example_trigger_target_dag to None, run_after=None
[2024-10-18T23:43:39.758+0000] {processor.py:179} INFO - Processing /home/airflow/.local/lib/python3.8/site-packages/airflow/example_dags/example_trigger_target_dag.py took 1.989 seconds
[2024-10-18T23:44:09.979+0000] {processor.py:157} INFO - Started process (PID=495) to work on /home/airflow/.local/lib/python3.8/site-packages/airflow/example_dags/example_trigger_target_dag.py
[2024-10-18T23:44:09.983+0000] {processor.py:829} INFO - Processing file /home/airflow/.local/lib/python3.8/site-packages/airflow/example_dags/example_trigger_target_dag.py for tasks to queue
[2024-10-18T23:44:09.988+0000] {logging_mixin.py:151} INFO - [2024-10-18T23:44:09.988+0000] {dagbag.py:536} INFO - Filling up the DagBag from /home/airflow/.local/lib/python3.8/site-packages/airflow/example_dags/example_trigger_target_dag.py
[2024-10-18T23:44:10.020+0000] {processor.py:839} INFO - DAG(s) dict_keys(['example_trigger_target_dag']) retrieved from /home/airflow/.local/lib/python3.8/site-packages/airflow/example_dags/example_trigger_target_dag.py
[2024-10-18T23:44:10.080+0000] {logging_mixin.py:151} INFO - [2024-10-18T23:44:10.079+0000] {dag.py:2941} INFO - Sync 1 DAGs
[2024-10-18T23:44:10.120+0000] {logging_mixin.py:151} INFO - [2024-10-18T23:44:10.119+0000] {dag.py:3722} INFO - Setting next_dagrun for example_trigger_target_dag to None, run_after=None
[2024-10-18T23:44:10.176+0000] {processor.py:179} INFO - Processing /home/airflow/.local/lib/python3.8/site-packages/airflow/example_dags/example_trigger_target_dag.py took 0.205 seconds
[2024-10-18T23:44:40.814+0000] {processor.py:157} INFO - Started process (PID=549) to work on /home/airflow/.local/lib/python3.8/site-packages/airflow/example_dags/example_trigger_target_dag.py
[2024-10-18T23:44:40.816+0000] {processor.py:829} INFO - Processing file /home/airflow/.local/lib/python3.8/site-packages/airflow/example_dags/example_trigger_target_dag.py for tasks to queue
[2024-10-18T23:44:40.822+0000] {logging_mixin.py:151} INFO - [2024-10-18T23:44:40.821+0000] {dagbag.py:536} INFO - Filling up the DagBag from /home/airflow/.local/lib/python3.8/site-packages/airflow/example_dags/example_trigger_target_dag.py
[2024-10-18T23:44:40.837+0000] {processor.py:839} INFO - DAG(s) dict_keys(['example_trigger_target_dag']) retrieved from /home/airflow/.local/lib/python3.8/site-packages/airflow/example_dags/example_trigger_target_dag.py
[2024-10-18T23:44:40.889+0000] {logging_mixin.py:151} INFO - [2024-10-18T23:44:40.888+0000] {dag.py:2941} INFO - Sync 1 DAGs
[2024-10-18T23:44:40.916+0000] {logging_mixin.py:151} INFO - [2024-10-18T23:44:40.915+0000] {dag.py:3722} INFO - Setting next_dagrun for example_trigger_target_dag to None, run_after=None
[2024-10-18T23:44:40.951+0000] {processor.py:179} INFO - Processing /home/airflow/.local/lib/python3.8/site-packages/airflow/example_dags/example_trigger_target_dag.py took 0.142 seconds
[2024-10-18T23:45:11.888+0000] {processor.py:157} INFO - Started process (PID=598) to work on /home/airflow/.local/lib/python3.8/site-packages/airflow/example_dags/example_trigger_target_dag.py
[2024-10-18T23:45:11.890+0000] {processor.py:829} INFO - Processing file /home/airflow/.local/lib/python3.8/site-packages/airflow/example_dags/example_trigger_target_dag.py for tasks to queue
[2024-10-18T23:45:11.899+0000] {logging_mixin.py:151} INFO - [2024-10-18T23:45:11.897+0000] {dagbag.py:536} INFO - Filling up the DagBag from /home/airflow/.local/lib/python3.8/site-packages/airflow/example_dags/example_trigger_target_dag.py
[2024-10-18T23:45:11.920+0000] {processor.py:839} INFO - DAG(s) dict_keys(['example_trigger_target_dag']) retrieved from /home/airflow/.local/lib/python3.8/site-packages/airflow/example_dags/example_trigger_target_dag.py
[2024-10-18T23:45:12.004+0000] {logging_mixin.py:151} INFO - [2024-10-18T23:45:12.003+0000] {dag.py:2941} INFO - Sync 1 DAGs
[2024-10-18T23:45:12.051+0000] {logging_mixin.py:151} INFO - [2024-10-18T23:45:12.051+0000] {dag.py:3722} INFO - Setting next_dagrun for example_trigger_target_dag to None, run_after=None
[2024-10-18T23:45:12.115+0000] {processor.py:179} INFO - Processing /home/airflow/.local/lib/python3.8/site-packages/airflow/example_dags/example_trigger_target_dag.py took 0.240 seconds
[2024-10-18T23:45:42.373+0000] {processor.py:157} INFO - Started process (PID=650) to work on /home/airflow/.local/lib/python3.8/site-packages/airflow/example_dags/example_trigger_target_dag.py
[2024-10-18T23:45:42.374+0000] {processor.py:829} INFO - Processing file /home/airflow/.local/lib/python3.8/site-packages/airflow/example_dags/example_trigger_target_dag.py for tasks to queue
[2024-10-18T23:45:42.379+0000] {logging_mixin.py:151} INFO - [2024-10-18T23:45:42.379+0000] {dagbag.py:536} INFO - Filling up the DagBag from /home/airflow/.local/lib/python3.8/site-packages/airflow/example_dags/example_trigger_target_dag.py
[2024-10-18T23:45:42.400+0000] {processor.py:839} INFO - DAG(s) dict_keys(['example_trigger_target_dag']) retrieved from /home/airflow/.local/lib/python3.8/site-packages/airflow/example_dags/example_trigger_target_dag.py
[2024-10-18T23:45:42.448+0000] {logging_mixin.py:151} INFO - [2024-10-18T23:45:42.448+0000] {dag.py:2941} INFO - Sync 1 DAGs
[2024-10-18T23:45:42.475+0000] {logging_mixin.py:151} INFO - [2024-10-18T23:45:42.475+0000] {dag.py:3722} INFO - Setting next_dagrun for example_trigger_target_dag to None, run_after=None
[2024-10-18T23:45:42.513+0000] {processor.py:179} INFO - Processing /home/airflow/.local/lib/python3.8/site-packages/airflow/example_dags/example_trigger_target_dag.py took 0.149 seconds
[2024-10-18T23:46:12.923+0000] {processor.py:157} INFO - Started process (PID=703) to work on /home/airflow/.local/lib/python3.8/site-packages/airflow/example_dags/example_trigger_target_dag.py
[2024-10-18T23:46:12.926+0000] {processor.py:829} INFO - Processing file /home/airflow/.local/lib/python3.8/site-packages/airflow/example_dags/example_trigger_target_dag.py for tasks to queue
[2024-10-18T23:46:12.934+0000] {logging_mixin.py:151} INFO - [2024-10-18T23:46:12.933+0000] {dagbag.py:536} INFO - Filling up the DagBag from /home/airflow/.local/lib/python3.8/site-packages/airflow/example_dags/example_trigger_target_dag.py
[2024-10-18T23:46:12.955+0000] {processor.py:839} INFO - DAG(s) dict_keys(['example_trigger_target_dag']) retrieved from /home/airflow/.local/lib/python3.8/site-packages/airflow/example_dags/example_trigger_target_dag.py
[2024-10-18T23:46:13.024+0000] {logging_mixin.py:151} INFO - [2024-10-18T23:46:13.024+0000] {dag.py:2941} INFO - Sync 1 DAGs
[2024-10-18T23:46:13.092+0000] {logging_mixin.py:151} INFO - [2024-10-18T23:46:13.091+0000] {dag.py:3722} INFO - Setting next_dagrun for example_trigger_target_dag to None, run_after=None
[2024-10-18T23:46:13.178+0000] {processor.py:179} INFO - Processing /home/airflow/.local/lib/python3.8/site-packages/airflow/example_dags/example_trigger_target_dag.py took 0.267 seconds
[2024-10-18T23:46:43.247+0000] {processor.py:157} INFO - Started process (PID=757) to work on /home/airflow/.local/lib/python3.8/site-packages/airflow/example_dags/example_trigger_target_dag.py
[2024-10-18T23:46:43.249+0000] {processor.py:829} INFO - Processing file /home/airflow/.local/lib/python3.8/site-packages/airflow/example_dags/example_trigger_target_dag.py for tasks to queue
[2024-10-18T23:46:43.253+0000] {logging_mixin.py:151} INFO - [2024-10-18T23:46:43.252+0000] {dagbag.py:536} INFO - Filling up the DagBag from /home/airflow/.local/lib/python3.8/site-packages/airflow/example_dags/example_trigger_target_dag.py
[2024-10-18T23:46:43.267+0000] {processor.py:839} INFO - DAG(s) dict_keys(['example_trigger_target_dag']) retrieved from /home/airflow/.local/lib/python3.8/site-packages/airflow/example_dags/example_trigger_target_dag.py
[2024-10-18T23:46:43.309+0000] {logging_mixin.py:151} INFO - [2024-10-18T23:46:43.308+0000] {dag.py:2941} INFO - Sync 1 DAGs
[2024-10-18T23:46:43.333+0000] {logging_mixin.py:151} INFO - [2024-10-18T23:46:43.333+0000] {dag.py:3722} INFO - Setting next_dagrun for example_trigger_target_dag to None, run_after=None
[2024-10-18T23:46:43.380+0000] {processor.py:179} INFO - Processing /home/airflow/.local/lib/python3.8/site-packages/airflow/example_dags/example_trigger_target_dag.py took 0.140 seconds
[2024-10-18T23:47:13.891+0000] {processor.py:157} INFO - Started process (PID=808) to work on /home/airflow/.local/lib/python3.8/site-packages/airflow/example_dags/example_trigger_target_dag.py
[2024-10-18T23:47:13.894+0000] {processor.py:829} INFO - Processing file /home/airflow/.local/lib/python3.8/site-packages/airflow/example_dags/example_trigger_target_dag.py for tasks to queue
[2024-10-18T23:47:13.915+0000] {logging_mixin.py:151} INFO - [2024-10-18T23:47:13.912+0000] {dagbag.py:536} INFO - Filling up the DagBag from /home/airflow/.local/lib/python3.8/site-packages/airflow/example_dags/example_trigger_target_dag.py
[2024-10-18T23:47:13.942+0000] {processor.py:839} INFO - DAG(s) dict_keys(['example_trigger_target_dag']) retrieved from /home/airflow/.local/lib/python3.8/site-packages/airflow/example_dags/example_trigger_target_dag.py
[2024-10-18T23:47:14.128+0000] {logging_mixin.py:151} INFO - [2024-10-18T23:47:14.128+0000] {dag.py:2941} INFO - Sync 1 DAGs
[2024-10-18T23:47:14.178+0000] {logging_mixin.py:151} INFO - [2024-10-18T23:47:14.178+0000] {dag.py:3722} INFO - Setting next_dagrun for example_trigger_target_dag to None, run_after=None
[2024-10-18T23:47:14.228+0000] {processor.py:179} INFO - Processing /home/airflow/.local/lib/python3.8/site-packages/airflow/example_dags/example_trigger_target_dag.py took 0.359 seconds
[2024-10-18T23:47:45.372+0000] {processor.py:157} INFO - Started process (PID=858) to work on /home/airflow/.local/lib/python3.8/site-packages/airflow/example_dags/example_trigger_target_dag.py
[2024-10-18T23:47:45.379+0000] {processor.py:829} INFO - Processing file /home/airflow/.local/lib/python3.8/site-packages/airflow/example_dags/example_trigger_target_dag.py for tasks to queue
[2024-10-18T23:47:45.391+0000] {logging_mixin.py:151} INFO - [2024-10-18T23:47:45.390+0000] {dagbag.py:536} INFO - Filling up the DagBag from /home/airflow/.local/lib/python3.8/site-packages/airflow/example_dags/example_trigger_target_dag.py
[2024-10-18T23:47:45.440+0000] {processor.py:839} INFO - DAG(s) dict_keys(['example_trigger_target_dag']) retrieved from /home/airflow/.local/lib/python3.8/site-packages/airflow/example_dags/example_trigger_target_dag.py
[2024-10-18T23:47:45.763+0000] {logging_mixin.py:151} INFO - [2024-10-18T23:47:45.763+0000] {dag.py:2941} INFO - Sync 1 DAGs
[2024-10-18T23:47:45.805+0000] {logging_mixin.py:151} INFO - [2024-10-18T23:47:45.804+0000] {dag.py:3722} INFO - Setting next_dagrun for example_trigger_target_dag to None, run_after=None
[2024-10-18T23:47:45.906+0000] {processor.py:179} INFO - Processing /home/airflow/.local/lib/python3.8/site-packages/airflow/example_dags/example_trigger_target_dag.py took 0.548 seconds
[2024-10-18T23:48:16.611+0000] {processor.py:157} INFO - Started process (PID=912) to work on /home/airflow/.local/lib/python3.8/site-packages/airflow/example_dags/example_trigger_target_dag.py
[2024-10-18T23:48:16.612+0000] {processor.py:829} INFO - Processing file /home/airflow/.local/lib/python3.8/site-packages/airflow/example_dags/example_trigger_target_dag.py for tasks to queue
[2024-10-18T23:48:16.616+0000] {logging_mixin.py:151} INFO - [2024-10-18T23:48:16.615+0000] {dagbag.py:536} INFO - Filling up the DagBag from /home/airflow/.local/lib/python3.8/site-packages/airflow/example_dags/example_trigger_target_dag.py
[2024-10-18T23:48:16.636+0000] {processor.py:839} INFO - DAG(s) dict_keys(['example_trigger_target_dag']) retrieved from /home/airflow/.local/lib/python3.8/site-packages/airflow/example_dags/example_trigger_target_dag.py
[2024-10-18T23:48:16.677+0000] {logging_mixin.py:151} INFO - [2024-10-18T23:48:16.677+0000] {dag.py:2941} INFO - Sync 1 DAGs
[2024-10-18T23:48:16.714+0000] {logging_mixin.py:151} INFO - [2024-10-18T23:48:16.714+0000] {dag.py:3722} INFO - Setting next_dagrun for example_trigger_target_dag to None, run_after=None
[2024-10-18T23:48:16.794+0000] {processor.py:179} INFO - Processing /home/airflow/.local/lib/python3.8/site-packages/airflow/example_dags/example_trigger_target_dag.py took 0.188 seconds
[2024-10-18T23:48:54.491+0000] {processor.py:157} INFO - Started process (PID=961) to work on /home/airflow/.local/lib/python3.8/site-packages/airflow/example_dags/example_trigger_target_dag.py
[2024-10-18T23:48:54.502+0000] {processor.py:829} INFO - Processing file /home/airflow/.local/lib/python3.8/site-packages/airflow/example_dags/example_trigger_target_dag.py for tasks to queue
[2024-10-18T23:48:54.513+0000] {logging_mixin.py:151} INFO - [2024-10-18T23:48:54.508+0000] {dagbag.py:536} INFO - Filling up the DagBag from /home/airflow/.local/lib/python3.8/site-packages/airflow/example_dags/example_trigger_target_dag.py
[2024-10-18T23:48:54.574+0000] {processor.py:839} INFO - DAG(s) dict_keys(['example_trigger_target_dag']) retrieved from /home/airflow/.local/lib/python3.8/site-packages/airflow/example_dags/example_trigger_target_dag.py
[2024-10-18T23:48:55.186+0000] {logging_mixin.py:151} INFO - [2024-10-18T23:48:55.156+0000] {dag.py:2941} INFO - Sync 1 DAGs
[2024-10-18T23:48:55.220+0000] {logging_mixin.py:151} INFO - [2024-10-18T23:48:55.220+0000] {dag.py:3722} INFO - Setting next_dagrun for example_trigger_target_dag to None, run_after=None
[2024-10-18T23:48:55.289+0000] {processor.py:179} INFO - Processing /home/airflow/.local/lib/python3.8/site-packages/airflow/example_dags/example_trigger_target_dag.py took 0.824 seconds
[2024-10-18T23:49:26.463+0000] {processor.py:157} INFO - Started process (PID=1013) to work on /home/airflow/.local/lib/python3.8/site-packages/airflow/example_dags/example_trigger_target_dag.py
[2024-10-18T23:49:26.534+0000] {processor.py:829} INFO - Processing file /home/airflow/.local/lib/python3.8/site-packages/airflow/example_dags/example_trigger_target_dag.py for tasks to queue
[2024-10-18T23:49:26.560+0000] {logging_mixin.py:151} INFO - [2024-10-18T23:49:26.545+0000] {dagbag.py:536} INFO - Filling up the DagBag from /home/airflow/.local/lib/python3.8/site-packages/airflow/example_dags/example_trigger_target_dag.py
[2024-10-18T23:49:26.782+0000] {processor.py:839} INFO - DAG(s) dict_keys(['example_trigger_target_dag']) retrieved from /home/airflow/.local/lib/python3.8/site-packages/airflow/example_dags/example_trigger_target_dag.py
[2024-10-18T23:49:27.522+0000] {logging_mixin.py:151} INFO - [2024-10-18T23:49:27.520+0000] {dag.py:2941} INFO - Sync 1 DAGs
[2024-10-18T23:49:27.588+0000] {logging_mixin.py:151} INFO - [2024-10-18T23:49:27.587+0000] {dag.py:3722} INFO - Setting next_dagrun for example_trigger_target_dag to None, run_after=None
[2024-10-18T23:49:27.981+0000] {processor.py:179} INFO - Processing /home/airflow/.local/lib/python3.8/site-packages/airflow/example_dags/example_trigger_target_dag.py took 1.544 seconds
[2024-10-18T23:50:13.810+0000] {processor.py:157} INFO - Started process (PID=1058) to work on /home/airflow/.local/lib/python3.8/site-packages/airflow/example_dags/example_trigger_target_dag.py
[2024-10-18T23:50:13.831+0000] {processor.py:829} INFO - Processing file /home/airflow/.local/lib/python3.8/site-packages/airflow/example_dags/example_trigger_target_dag.py for tasks to queue
[2024-10-18T23:50:13.923+0000] {logging_mixin.py:151} INFO - [2024-10-18T23:50:13.908+0000] {dagbag.py:536} INFO - Filling up the DagBag from /home/airflow/.local/lib/python3.8/site-packages/airflow/example_dags/example_trigger_target_dag.py
[2024-10-18T23:50:13.996+0000] {processor.py:839} INFO - DAG(s) dict_keys(['example_trigger_target_dag']) retrieved from /home/airflow/.local/lib/python3.8/site-packages/airflow/example_dags/example_trigger_target_dag.py
[2024-10-18T23:50:14.311+0000] {logging_mixin.py:151} INFO - [2024-10-18T23:50:14.310+0000] {dag.py:2941} INFO - Sync 1 DAGs
[2024-10-18T23:50:14.419+0000] {logging_mixin.py:151} INFO - [2024-10-18T23:50:14.419+0000] {dag.py:3722} INFO - Setting next_dagrun for example_trigger_target_dag to None, run_after=None
[2024-10-18T23:50:14.549+0000] {processor.py:179} INFO - Processing /home/airflow/.local/lib/python3.8/site-packages/airflow/example_dags/example_trigger_target_dag.py took 0.787 seconds
[2024-10-18T23:50:44.831+0000] {processor.py:157} INFO - Started process (PID=1111) to work on /home/airflow/.local/lib/python3.8/site-packages/airflow/example_dags/example_trigger_target_dag.py
[2024-10-18T23:50:44.834+0000] {processor.py:829} INFO - Processing file /home/airflow/.local/lib/python3.8/site-packages/airflow/example_dags/example_trigger_target_dag.py for tasks to queue
[2024-10-18T23:50:44.838+0000] {logging_mixin.py:151} INFO - [2024-10-18T23:50:44.838+0000] {dagbag.py:536} INFO - Filling up the DagBag from /home/airflow/.local/lib/python3.8/site-packages/airflow/example_dags/example_trigger_target_dag.py
[2024-10-18T23:50:44.852+0000] {processor.py:839} INFO - DAG(s) dict_keys(['example_trigger_target_dag']) retrieved from /home/airflow/.local/lib/python3.8/site-packages/airflow/example_dags/example_trigger_target_dag.py
[2024-10-18T23:50:44.934+0000] {logging_mixin.py:151} INFO - [2024-10-18T23:50:44.933+0000] {dag.py:2941} INFO - Sync 1 DAGs
[2024-10-18T23:50:44.975+0000] {logging_mixin.py:151} INFO - [2024-10-18T23:50:44.975+0000] {dag.py:3722} INFO - Setting next_dagrun for example_trigger_target_dag to None, run_after=None
[2024-10-18T23:50:45.038+0000] {processor.py:179} INFO - Processing /home/airflow/.local/lib/python3.8/site-packages/airflow/example_dags/example_trigger_target_dag.py took 0.214 seconds
[2024-10-18T23:51:15.491+0000] {processor.py:157} INFO - Started process (PID=1164) to work on /home/airflow/.local/lib/python3.8/site-packages/airflow/example_dags/example_trigger_target_dag.py
[2024-10-18T23:51:15.493+0000] {processor.py:829} INFO - Processing file /home/airflow/.local/lib/python3.8/site-packages/airflow/example_dags/example_trigger_target_dag.py for tasks to queue
[2024-10-18T23:51:15.498+0000] {logging_mixin.py:151} INFO - [2024-10-18T23:51:15.498+0000] {dagbag.py:536} INFO - Filling up the DagBag from /home/airflow/.local/lib/python3.8/site-packages/airflow/example_dags/example_trigger_target_dag.py
[2024-10-18T23:51:15.514+0000] {processor.py:839} INFO - DAG(s) dict_keys(['example_trigger_target_dag']) retrieved from /home/airflow/.local/lib/python3.8/site-packages/airflow/example_dags/example_trigger_target_dag.py
[2024-10-18T23:51:15.558+0000] {logging_mixin.py:151} INFO - [2024-10-18T23:51:15.558+0000] {dag.py:2941} INFO - Sync 1 DAGs
[2024-10-18T23:51:15.594+0000] {logging_mixin.py:151} INFO - [2024-10-18T23:51:15.593+0000] {dag.py:3722} INFO - Setting next_dagrun for example_trigger_target_dag to None, run_after=None
[2024-10-18T23:51:15.655+0000] {processor.py:179} INFO - Processing /home/airflow/.local/lib/python3.8/site-packages/airflow/example_dags/example_trigger_target_dag.py took 0.177 seconds
[2024-10-18T23:51:47.769+0000] {processor.py:157} INFO - Started process (PID=1218) to work on /home/airflow/.local/lib/python3.8/site-packages/airflow/example_dags/example_trigger_target_dag.py
[2024-10-18T23:51:47.772+0000] {processor.py:829} INFO - Processing file /home/airflow/.local/lib/python3.8/site-packages/airflow/example_dags/example_trigger_target_dag.py for tasks to queue
[2024-10-18T23:51:47.782+0000] {logging_mixin.py:151} INFO - [2024-10-18T23:51:47.781+0000] {dagbag.py:536} INFO - Filling up the DagBag from /home/airflow/.local/lib/python3.8/site-packages/airflow/example_dags/example_trigger_target_dag.py
[2024-10-18T23:51:47.802+0000] {processor.py:839} INFO - DAG(s) dict_keys(['example_trigger_target_dag']) retrieved from /home/airflow/.local/lib/python3.8/site-packages/airflow/example_dags/example_trigger_target_dag.py
[2024-10-18T23:51:47.889+0000] {logging_mixin.py:151} INFO - [2024-10-18T23:51:47.888+0000] {dag.py:2941} INFO - Sync 1 DAGs
[2024-10-18T23:51:48.495+0000] {logging_mixin.py:151} INFO - [2024-10-18T23:51:48.485+0000] {dag.py:3722} INFO - Setting next_dagrun for example_trigger_target_dag to None, run_after=None
[2024-10-18T23:51:48.615+0000] {processor.py:179} INFO - Processing /home/airflow/.local/lib/python3.8/site-packages/airflow/example_dags/example_trigger_target_dag.py took 0.855 seconds
[2024-10-18T23:52:19.476+0000] {processor.py:157} INFO - Started process (PID=1272) to work on /home/airflow/.local/lib/python3.8/site-packages/airflow/example_dags/example_trigger_target_dag.py
[2024-10-18T23:52:19.481+0000] {processor.py:829} INFO - Processing file /home/airflow/.local/lib/python3.8/site-packages/airflow/example_dags/example_trigger_target_dag.py for tasks to queue
[2024-10-18T23:52:19.488+0000] {logging_mixin.py:151} INFO - [2024-10-18T23:52:19.487+0000] {dagbag.py:536} INFO - Filling up the DagBag from /home/airflow/.local/lib/python3.8/site-packages/airflow/example_dags/example_trigger_target_dag.py
[2024-10-18T23:52:19.505+0000] {processor.py:839} INFO - DAG(s) dict_keys(['example_trigger_target_dag']) retrieved from /home/airflow/.local/lib/python3.8/site-packages/airflow/example_dags/example_trigger_target_dag.py
[2024-10-18T23:52:19.564+0000] {logging_mixin.py:151} INFO - [2024-10-18T23:52:19.564+0000] {dag.py:2941} INFO - Sync 1 DAGs
[2024-10-18T23:52:19.617+0000] {logging_mixin.py:151} INFO - [2024-10-18T23:52:19.616+0000] {dag.py:3722} INFO - Setting next_dagrun for example_trigger_target_dag to None, run_after=None
[2024-10-18T23:52:19.687+0000] {processor.py:179} INFO - Processing /home/airflow/.local/lib/python3.8/site-packages/airflow/example_dags/example_trigger_target_dag.py took 0.230 seconds
[2024-10-18T23:52:49.907+0000] {processor.py:157} INFO - Started process (PID=1324) to work on /home/airflow/.local/lib/python3.8/site-packages/airflow/example_dags/example_trigger_target_dag.py
[2024-10-18T23:52:49.910+0000] {processor.py:829} INFO - Processing file /home/airflow/.local/lib/python3.8/site-packages/airflow/example_dags/example_trigger_target_dag.py for tasks to queue
[2024-10-18T23:52:49.917+0000] {logging_mixin.py:151} INFO - [2024-10-18T23:52:49.915+0000] {dagbag.py:536} INFO - Filling up the DagBag from /home/airflow/.local/lib/python3.8/site-packages/airflow/example_dags/example_trigger_target_dag.py
[2024-10-18T23:52:49.943+0000] {processor.py:839} INFO - DAG(s) dict_keys(['example_trigger_target_dag']) retrieved from /home/airflow/.local/lib/python3.8/site-packages/airflow/example_dags/example_trigger_target_dag.py
[2024-10-18T23:52:50.013+0000] {logging_mixin.py:151} INFO - [2024-10-18T23:52:50.013+0000] {dag.py:2941} INFO - Sync 1 DAGs
[2024-10-18T23:52:50.038+0000] {logging_mixin.py:151} INFO - [2024-10-18T23:52:50.037+0000] {dag.py:3722} INFO - Setting next_dagrun for example_trigger_target_dag to None, run_after=None
[2024-10-18T23:52:50.090+0000] {processor.py:179} INFO - Processing /home/airflow/.local/lib/python3.8/site-packages/airflow/example_dags/example_trigger_target_dag.py took 0.191 seconds
[2024-10-18T23:53:36.490+0000] {processor.py:157} INFO - Started process (PID=1377) to work on /home/airflow/.local/lib/python3.8/site-packages/airflow/example_dags/example_trigger_target_dag.py
[2024-10-18T23:53:36.513+0000] {processor.py:829} INFO - Processing file /home/airflow/.local/lib/python3.8/site-packages/airflow/example_dags/example_trigger_target_dag.py for tasks to queue
[2024-10-18T23:53:36.528+0000] {logging_mixin.py:151} INFO - [2024-10-18T23:53:36.527+0000] {dagbag.py:536} INFO - Filling up the DagBag from /home/airflow/.local/lib/python3.8/site-packages/airflow/example_dags/example_trigger_target_dag.py
[2024-10-18T23:53:36.573+0000] {processor.py:839} INFO - DAG(s) dict_keys(['example_trigger_target_dag']) retrieved from /home/airflow/.local/lib/python3.8/site-packages/airflow/example_dags/example_trigger_target_dag.py
[2024-10-18T23:53:37.054+0000] {logging_mixin.py:151} INFO - [2024-10-18T23:53:37.022+0000] {dag.py:2941} INFO - Sync 1 DAGs
[2024-10-18T23:53:38.140+0000] {logging_mixin.py:151} INFO - [2024-10-18T23:53:38.130+0000] {dag.py:3722} INFO - Setting next_dagrun for example_trigger_target_dag to None, run_after=None
[2024-10-18T23:53:38.316+0000] {processor.py:179} INFO - Processing /home/airflow/.local/lib/python3.8/site-packages/airflow/example_dags/example_trigger_target_dag.py took 1.865 seconds
[2024-10-18T23:54:08.495+0000] {processor.py:157} INFO - Started process (PID=1429) to work on /home/airflow/.local/lib/python3.8/site-packages/airflow/example_dags/example_trigger_target_dag.py
[2024-10-18T23:54:08.499+0000] {processor.py:829} INFO - Processing file /home/airflow/.local/lib/python3.8/site-packages/airflow/example_dags/example_trigger_target_dag.py for tasks to queue
[2024-10-18T23:54:08.506+0000] {logging_mixin.py:151} INFO - [2024-10-18T23:54:08.504+0000] {dagbag.py:536} INFO - Filling up the DagBag from /home/airflow/.local/lib/python3.8/site-packages/airflow/example_dags/example_trigger_target_dag.py
[2024-10-18T23:54:08.522+0000] {processor.py:839} INFO - DAG(s) dict_keys(['example_trigger_target_dag']) retrieved from /home/airflow/.local/lib/python3.8/site-packages/airflow/example_dags/example_trigger_target_dag.py
[2024-10-18T23:54:08.584+0000] {logging_mixin.py:151} INFO - [2024-10-18T23:54:08.583+0000] {dag.py:2941} INFO - Sync 1 DAGs
[2024-10-18T23:54:08.614+0000] {logging_mixin.py:151} INFO - [2024-10-18T23:54:08.613+0000] {dag.py:3722} INFO - Setting next_dagrun for example_trigger_target_dag to None, run_after=None
[2024-10-18T23:54:08.950+0000] {processor.py:179} INFO - Processing /home/airflow/.local/lib/python3.8/site-packages/airflow/example_dags/example_trigger_target_dag.py took 0.462 seconds
[2024-10-18T23:54:39.025+0000] {processor.py:157} INFO - Started process (PID=1483) to work on /home/airflow/.local/lib/python3.8/site-packages/airflow/example_dags/example_trigger_target_dag.py
[2024-10-18T23:54:39.028+0000] {processor.py:829} INFO - Processing file /home/airflow/.local/lib/python3.8/site-packages/airflow/example_dags/example_trigger_target_dag.py for tasks to queue
[2024-10-18T23:54:39.034+0000] {logging_mixin.py:151} INFO - [2024-10-18T23:54:39.034+0000] {dagbag.py:536} INFO - Filling up the DagBag from /home/airflow/.local/lib/python3.8/site-packages/airflow/example_dags/example_trigger_target_dag.py
[2024-10-18T23:54:39.047+0000] {processor.py:839} INFO - DAG(s) dict_keys(['example_trigger_target_dag']) retrieved from /home/airflow/.local/lib/python3.8/site-packages/airflow/example_dags/example_trigger_target_dag.py
[2024-10-18T23:54:39.091+0000] {logging_mixin.py:151} INFO - [2024-10-18T23:54:39.091+0000] {dag.py:2941} INFO - Sync 1 DAGs
[2024-10-18T23:54:39.121+0000] {logging_mixin.py:151} INFO - [2024-10-18T23:54:39.120+0000] {dag.py:3722} INFO - Setting next_dagrun for example_trigger_target_dag to None, run_after=None
[2024-10-18T23:54:39.163+0000] {processor.py:179} INFO - Processing /home/airflow/.local/lib/python3.8/site-packages/airflow/example_dags/example_trigger_target_dag.py took 0.144 seconds
[2024-10-18T23:55:09.914+0000] {processor.py:157} INFO - Started process (PID=1536) to work on /home/airflow/.local/lib/python3.8/site-packages/airflow/example_dags/example_trigger_target_dag.py
[2024-10-18T23:55:09.918+0000] {processor.py:829} INFO - Processing file /home/airflow/.local/lib/python3.8/site-packages/airflow/example_dags/example_trigger_target_dag.py for tasks to queue
[2024-10-18T23:55:09.930+0000] {logging_mixin.py:151} INFO - [2024-10-18T23:55:09.928+0000] {dagbag.py:536} INFO - Filling up the DagBag from /home/airflow/.local/lib/python3.8/site-packages/airflow/example_dags/example_trigger_target_dag.py
[2024-10-18T23:55:09.956+0000] {processor.py:839} INFO - DAG(s) dict_keys(['example_trigger_target_dag']) retrieved from /home/airflow/.local/lib/python3.8/site-packages/airflow/example_dags/example_trigger_target_dag.py
[2024-10-18T23:55:10.306+0000] {logging_mixin.py:151} INFO - [2024-10-18T23:55:10.305+0000] {dag.py:2941} INFO - Sync 1 DAGs
[2024-10-18T23:55:10.383+0000] {logging_mixin.py:151} INFO - [2024-10-18T23:55:10.382+0000] {dag.py:3722} INFO - Setting next_dagrun for example_trigger_target_dag to None, run_after=None
[2024-10-18T23:55:10.482+0000] {processor.py:179} INFO - Processing /home/airflow/.local/lib/python3.8/site-packages/airflow/example_dags/example_trigger_target_dag.py took 0.583 seconds
[2024-10-18T23:55:41.253+0000] {processor.py:157} INFO - Started process (PID=1590) to work on /home/airflow/.local/lib/python3.8/site-packages/airflow/example_dags/example_trigger_target_dag.py
[2024-10-18T23:55:41.255+0000] {processor.py:829} INFO - Processing file /home/airflow/.local/lib/python3.8/site-packages/airflow/example_dags/example_trigger_target_dag.py for tasks to queue
[2024-10-18T23:55:41.260+0000] {logging_mixin.py:151} INFO - [2024-10-18T23:55:41.260+0000] {dagbag.py:536} INFO - Filling up the DagBag from /home/airflow/.local/lib/python3.8/site-packages/airflow/example_dags/example_trigger_target_dag.py
[2024-10-18T23:55:41.273+0000] {processor.py:839} INFO - DAG(s) dict_keys(['example_trigger_target_dag']) retrieved from /home/airflow/.local/lib/python3.8/site-packages/airflow/example_dags/example_trigger_target_dag.py
[2024-10-18T23:55:41.318+0000] {logging_mixin.py:151} INFO - [2024-10-18T23:55:41.318+0000] {dag.py:2941} INFO - Sync 1 DAGs
[2024-10-18T23:55:41.344+0000] {logging_mixin.py:151} INFO - [2024-10-18T23:55:41.344+0000] {dag.py:3722} INFO - Setting next_dagrun for example_trigger_target_dag to None, run_after=None
[2024-10-18T23:55:41.383+0000] {processor.py:179} INFO - Processing /home/airflow/.local/lib/python3.8/site-packages/airflow/example_dags/example_trigger_target_dag.py took 0.138 seconds
[2024-10-18T23:56:13.834+0000] {processor.py:157} INFO - Started process (PID=1644) to work on /home/airflow/.local/lib/python3.8/site-packages/airflow/example_dags/example_trigger_target_dag.py
[2024-10-18T23:56:13.840+0000] {processor.py:829} INFO - Processing file /home/airflow/.local/lib/python3.8/site-packages/airflow/example_dags/example_trigger_target_dag.py for tasks to queue
[2024-10-18T23:56:13.847+0000] {logging_mixin.py:151} INFO - [2024-10-18T23:56:13.847+0000] {dagbag.py:536} INFO - Filling up the DagBag from /home/airflow/.local/lib/python3.8/site-packages/airflow/example_dags/example_trigger_target_dag.py
[2024-10-18T23:56:13.870+0000] {processor.py:839} INFO - DAG(s) dict_keys(['example_trigger_target_dag']) retrieved from /home/airflow/.local/lib/python3.8/site-packages/airflow/example_dags/example_trigger_target_dag.py
[2024-10-18T23:56:13.959+0000] {logging_mixin.py:151} INFO - [2024-10-18T23:56:13.958+0000] {dag.py:2941} INFO - Sync 1 DAGs
[2024-10-18T23:56:13.996+0000] {logging_mixin.py:151} INFO - [2024-10-18T23:56:13.995+0000] {dag.py:3722} INFO - Setting next_dagrun for example_trigger_target_dag to None, run_after=None
[2024-10-18T23:56:14.044+0000] {processor.py:179} INFO - Processing /home/airflow/.local/lib/python3.8/site-packages/airflow/example_dags/example_trigger_target_dag.py took 0.221 seconds
[2024-10-18T23:56:45.028+0000] {processor.py:157} INFO - Started process (PID=1695) to work on /home/airflow/.local/lib/python3.8/site-packages/airflow/example_dags/example_trigger_target_dag.py
[2024-10-18T23:56:45.032+0000] {processor.py:829} INFO - Processing file /home/airflow/.local/lib/python3.8/site-packages/airflow/example_dags/example_trigger_target_dag.py for tasks to queue
[2024-10-18T23:56:45.037+0000] {logging_mixin.py:151} INFO - [2024-10-18T23:56:45.036+0000] {dagbag.py:536} INFO - Filling up the DagBag from /home/airflow/.local/lib/python3.8/site-packages/airflow/example_dags/example_trigger_target_dag.py
[2024-10-18T23:56:45.051+0000] {processor.py:839} INFO - DAG(s) dict_keys(['example_trigger_target_dag']) retrieved from /home/airflow/.local/lib/python3.8/site-packages/airflow/example_dags/example_trigger_target_dag.py
[2024-10-18T23:56:45.228+0000] {logging_mixin.py:151} INFO - [2024-10-18T23:56:45.227+0000] {dag.py:2941} INFO - Sync 1 DAGs
[2024-10-18T23:56:45.339+0000] {logging_mixin.py:151} INFO - [2024-10-18T23:56:45.339+0000] {dag.py:3722} INFO - Setting next_dagrun for example_trigger_target_dag to None, run_after=None
[2024-10-18T23:56:45.437+0000] {processor.py:179} INFO - Processing /home/airflow/.local/lib/python3.8/site-packages/airflow/example_dags/example_trigger_target_dag.py took 0.413 seconds
[2024-10-18T23:57:19.937+0000] {processor.py:157} INFO - Started process (PID=1731) to work on /home/airflow/.local/lib/python3.8/site-packages/airflow/example_dags/example_trigger_target_dag.py
[2024-10-18T23:57:19.941+0000] {processor.py:829} INFO - Processing file /home/airflow/.local/lib/python3.8/site-packages/airflow/example_dags/example_trigger_target_dag.py for tasks to queue
[2024-10-18T23:57:19.954+0000] {logging_mixin.py:151} INFO - [2024-10-18T23:57:19.952+0000] {dagbag.py:536} INFO - Filling up the DagBag from /home/airflow/.local/lib/python3.8/site-packages/airflow/example_dags/example_trigger_target_dag.py
[2024-10-18T23:57:19.997+0000] {processor.py:839} INFO - DAG(s) dict_keys(['example_trigger_target_dag']) retrieved from /home/airflow/.local/lib/python3.8/site-packages/airflow/example_dags/example_trigger_target_dag.py
[2024-10-18T23:57:20.080+0000] {logging_mixin.py:151} INFO - [2024-10-18T23:57:20.080+0000] {dag.py:2941} INFO - Sync 1 DAGs
[2024-10-18T23:57:20.131+0000] {logging_mixin.py:151} INFO - [2024-10-18T23:57:20.130+0000] {dag.py:3722} INFO - Setting next_dagrun for example_trigger_target_dag to None, run_after=None
[2024-10-18T23:57:20.213+0000] {processor.py:179} INFO - Processing /home/airflow/.local/lib/python3.8/site-packages/airflow/example_dags/example_trigger_target_dag.py took 0.302 seconds
[2024-10-18T23:57:51.723+0000] {processor.py:157} INFO - Started process (PID=1785) to work on /home/airflow/.local/lib/python3.8/site-packages/airflow/example_dags/example_trigger_target_dag.py
[2024-10-18T23:57:51.725+0000] {processor.py:829} INFO - Processing file /home/airflow/.local/lib/python3.8/site-packages/airflow/example_dags/example_trigger_target_dag.py for tasks to queue
[2024-10-18T23:57:51.729+0000] {logging_mixin.py:151} INFO - [2024-10-18T23:57:51.729+0000] {dagbag.py:536} INFO - Filling up the DagBag from /home/airflow/.local/lib/python3.8/site-packages/airflow/example_dags/example_trigger_target_dag.py
[2024-10-18T23:57:51.747+0000] {processor.py:839} INFO - DAG(s) dict_keys(['example_trigger_target_dag']) retrieved from /home/airflow/.local/lib/python3.8/site-packages/airflow/example_dags/example_trigger_target_dag.py
[2024-10-18T23:57:51.822+0000] {logging_mixin.py:151} INFO - [2024-10-18T23:57:51.822+0000] {dag.py:2941} INFO - Sync 1 DAGs
[2024-10-18T23:57:51.885+0000] {logging_mixin.py:151} INFO - [2024-10-18T23:57:51.885+0000] {dag.py:3722} INFO - Setting next_dagrun for example_trigger_target_dag to None, run_after=None
[2024-10-18T23:57:51.960+0000] {processor.py:179} INFO - Processing /home/airflow/.local/lib/python3.8/site-packages/airflow/example_dags/example_trigger_target_dag.py took 0.246 seconds
[2024-10-18T23:58:22.762+0000] {processor.py:157} INFO - Started process (PID=1839) to work on /home/airflow/.local/lib/python3.8/site-packages/airflow/example_dags/example_trigger_target_dag.py
[2024-10-18T23:58:22.763+0000] {processor.py:829} INFO - Processing file /home/airflow/.local/lib/python3.8/site-packages/airflow/example_dags/example_trigger_target_dag.py for tasks to queue
[2024-10-18T23:58:22.768+0000] {logging_mixin.py:151} INFO - [2024-10-18T23:58:22.768+0000] {dagbag.py:536} INFO - Filling up the DagBag from /home/airflow/.local/lib/python3.8/site-packages/airflow/example_dags/example_trigger_target_dag.py
[2024-10-18T23:58:22.779+0000] {processor.py:839} INFO - DAG(s) dict_keys(['example_trigger_target_dag']) retrieved from /home/airflow/.local/lib/python3.8/site-packages/airflow/example_dags/example_trigger_target_dag.py
[2024-10-18T23:58:22.822+0000] {logging_mixin.py:151} INFO - [2024-10-18T23:58:22.822+0000] {dag.py:2941} INFO - Sync 1 DAGs
[2024-10-18T23:58:22.856+0000] {logging_mixin.py:151} INFO - [2024-10-18T23:58:22.855+0000] {dag.py:3722} INFO - Setting next_dagrun for example_trigger_target_dag to None, run_after=None
[2024-10-18T23:58:22.904+0000] {processor.py:179} INFO - Processing /home/airflow/.local/lib/python3.8/site-packages/airflow/example_dags/example_trigger_target_dag.py took 0.148 seconds
[2024-10-18T23:58:55.597+0000] {processor.py:157} INFO - Started process (PID=1893) to work on /home/airflow/.local/lib/python3.8/site-packages/airflow/example_dags/example_trigger_target_dag.py
[2024-10-18T23:58:55.598+0000] {processor.py:829} INFO - Processing file /home/airflow/.local/lib/python3.8/site-packages/airflow/example_dags/example_trigger_target_dag.py for tasks to queue
[2024-10-18T23:58:55.604+0000] {logging_mixin.py:151} INFO - [2024-10-18T23:58:55.604+0000] {dagbag.py:536} INFO - Filling up the DagBag from /home/airflow/.local/lib/python3.8/site-packages/airflow/example_dags/example_trigger_target_dag.py
[2024-10-18T23:58:55.625+0000] {processor.py:839} INFO - DAG(s) dict_keys(['example_trigger_target_dag']) retrieved from /home/airflow/.local/lib/python3.8/site-packages/airflow/example_dags/example_trigger_target_dag.py
[2024-10-18T23:58:55.700+0000] {logging_mixin.py:151} INFO - [2024-10-18T23:58:55.700+0000] {dag.py:2941} INFO - Sync 1 DAGs
[2024-10-18T23:58:55.744+0000] {logging_mixin.py:151} INFO - [2024-10-18T23:58:55.744+0000] {dag.py:3722} INFO - Setting next_dagrun for example_trigger_target_dag to None, run_after=None
[2024-10-18T23:58:55.799+0000] {processor.py:179} INFO - Processing /home/airflow/.local/lib/python3.8/site-packages/airflow/example_dags/example_trigger_target_dag.py took 0.205 seconds
[2024-10-18T23:59:26.261+0000] {processor.py:157} INFO - Started process (PID=1946) to work on /home/airflow/.local/lib/python3.8/site-packages/airflow/example_dags/example_trigger_target_dag.py
[2024-10-18T23:59:26.264+0000] {processor.py:829} INFO - Processing file /home/airflow/.local/lib/python3.8/site-packages/airflow/example_dags/example_trigger_target_dag.py for tasks to queue
[2024-10-18T23:59:26.269+0000] {logging_mixin.py:151} INFO - [2024-10-18T23:59:26.268+0000] {dagbag.py:536} INFO - Filling up the DagBag from /home/airflow/.local/lib/python3.8/site-packages/airflow/example_dags/example_trigger_target_dag.py
[2024-10-18T23:59:26.283+0000] {processor.py:839} INFO - DAG(s) dict_keys(['example_trigger_target_dag']) retrieved from /home/airflow/.local/lib/python3.8/site-packages/airflow/example_dags/example_trigger_target_dag.py
[2024-10-18T23:59:26.323+0000] {logging_mixin.py:151} INFO - [2024-10-18T23:59:26.323+0000] {dag.py:2941} INFO - Sync 1 DAGs
[2024-10-18T23:59:26.348+0000] {logging_mixin.py:151} INFO - [2024-10-18T23:59:26.348+0000] {dag.py:3722} INFO - Setting next_dagrun for example_trigger_target_dag to None, run_after=None
[2024-10-18T23:59:26.384+0000] {processor.py:179} INFO - Processing /home/airflow/.local/lib/python3.8/site-packages/airflow/example_dags/example_trigger_target_dag.py took 0.128 seconds
[2024-10-18T23:59:56.812+0000] {processor.py:157} INFO - Started process (PID=1995) to work on /home/airflow/.local/lib/python3.8/site-packages/airflow/example_dags/example_trigger_target_dag.py
[2024-10-18T23:59:56.815+0000] {processor.py:829} INFO - Processing file /home/airflow/.local/lib/python3.8/site-packages/airflow/example_dags/example_trigger_target_dag.py for tasks to queue
[2024-10-18T23:59:56.823+0000] {logging_mixin.py:151} INFO - [2024-10-18T23:59:56.822+0000] {dagbag.py:536} INFO - Filling up the DagBag from /home/airflow/.local/lib/python3.8/site-packages/airflow/example_dags/example_trigger_target_dag.py
[2024-10-18T23:59:56.843+0000] {processor.py:839} INFO - DAG(s) dict_keys(['example_trigger_target_dag']) retrieved from /home/airflow/.local/lib/python3.8/site-packages/airflow/example_dags/example_trigger_target_dag.py
[2024-10-18T23:59:56.918+0000] {logging_mixin.py:151} INFO - [2024-10-18T23:59:56.918+0000] {dag.py:2941} INFO - Sync 1 DAGs
[2024-10-18T23:59:56.953+0000] {logging_mixin.py:151} INFO - [2024-10-18T23:59:56.953+0000] {dag.py:3722} INFO - Setting next_dagrun for example_trigger_target_dag to None, run_after=None
[2024-10-18T23:59:57.003+0000] {processor.py:179} INFO - Processing /home/airflow/.local/lib/python3.8/site-packages/airflow/example_dags/example_trigger_target_dag.py took 0.203 seconds
