[2024-10-18T23:31:56.742+0000] {processor.py:157} INFO - Started process (PID=111) to work on /home/airflow/.local/lib/python3.8/site-packages/airflow/example_dags/example_params_trigger_ui.py
[2024-10-18T23:31:56.746+0000] {processor.py:829} INFO - Processing file /home/airflow/.local/lib/python3.8/site-packages/airflow/example_dags/example_params_trigger_ui.py for tasks to queue
[2024-10-18T23:31:56.753+0000] {logging_mixin.py:151} INFO - [2024-10-18T23:31:56.750+0000] {dagbag.py:536} INFO - Filling up the DagBag from /home/airflow/.local/lib/python3.8/site-packages/airflow/example_dags/example_params_trigger_ui.py
[2024-10-18T23:31:57.648+0000] {processor.py:839} INFO - DAG(s) dict_keys(['example_params_trigger_ui']) retrieved from /home/airflow/.local/lib/python3.8/site-packages/airflow/example_dags/example_params_trigger_ui.py
[2024-10-18T23:31:58.163+0000] {logging_mixin.py:151} INFO - [2024-10-18T23:31:58.162+0000] {dag.py:2941} INFO - Sync 1 DAGs
[2024-10-18T23:31:58.304+0000] {logging_mixin.py:151} INFO - [2024-10-18T23:31:58.303+0000] {dag.py:3722} INFO - Setting next_dagrun for example_params_trigger_ui to None, run_after=None
[2024-10-18T23:31:58.584+0000] {processor.py:179} INFO - Processing /home/airflow/.local/lib/python3.8/site-packages/airflow/example_dags/example_params_trigger_ui.py took 1.853 seconds
[2024-10-18T23:32:29.135+0000] {processor.py:157} INFO - Started process (PID=165) to work on /home/airflow/.local/lib/python3.8/site-packages/airflow/example_dags/example_params_trigger_ui.py
[2024-10-18T23:32:29.147+0000] {processor.py:829} INFO - Processing file /home/airflow/.local/lib/python3.8/site-packages/airflow/example_dags/example_params_trigger_ui.py for tasks to queue
[2024-10-18T23:32:29.164+0000] {logging_mixin.py:151} INFO - [2024-10-18T23:32:29.163+0000] {dagbag.py:536} INFO - Filling up the DagBag from /home/airflow/.local/lib/python3.8/site-packages/airflow/example_dags/example_params_trigger_ui.py
[2024-10-18T23:32:29.241+0000] {processor.py:839} INFO - DAG(s) dict_keys(['example_params_trigger_ui']) retrieved from /home/airflow/.local/lib/python3.8/site-packages/airflow/example_dags/example_params_trigger_ui.py
[2024-10-18T23:32:29.451+0000] {logging_mixin.py:151} INFO - [2024-10-18T23:32:29.451+0000] {dag.py:2941} INFO - Sync 1 DAGs
[2024-10-18T23:32:29.487+0000] {logging_mixin.py:151} INFO - [2024-10-18T23:32:29.486+0000] {dag.py:3722} INFO - Setting next_dagrun for example_params_trigger_ui to None, run_after=None
[2024-10-18T23:32:29.546+0000] {processor.py:179} INFO - Processing /home/airflow/.local/lib/python3.8/site-packages/airflow/example_dags/example_params_trigger_ui.py took 0.446 seconds
[2024-10-18T23:33:00.147+0000] {processor.py:157} INFO - Started process (PID=219) to work on /home/airflow/.local/lib/python3.8/site-packages/airflow/example_dags/example_params_trigger_ui.py
[2024-10-18T23:33:00.149+0000] {processor.py:829} INFO - Processing file /home/airflow/.local/lib/python3.8/site-packages/airflow/example_dags/example_params_trigger_ui.py for tasks to queue
[2024-10-18T23:33:00.154+0000] {logging_mixin.py:151} INFO - [2024-10-18T23:33:00.154+0000] {dagbag.py:536} INFO - Filling up the DagBag from /home/airflow/.local/lib/python3.8/site-packages/airflow/example_dags/example_params_trigger_ui.py
[2024-10-18T23:33:00.195+0000] {processor.py:839} INFO - DAG(s) dict_keys(['example_params_trigger_ui']) retrieved from /home/airflow/.local/lib/python3.8/site-packages/airflow/example_dags/example_params_trigger_ui.py
[2024-10-18T23:33:00.339+0000] {logging_mixin.py:151} INFO - [2024-10-18T23:33:00.339+0000] {dag.py:2941} INFO - Sync 1 DAGs
[2024-10-18T23:33:00.380+0000] {logging_mixin.py:151} INFO - [2024-10-18T23:33:00.379+0000] {dag.py:3722} INFO - Setting next_dagrun for example_params_trigger_ui to None, run_after=None
[2024-10-18T23:33:00.440+0000] {processor.py:179} INFO - Processing /home/airflow/.local/lib/python3.8/site-packages/airflow/example_dags/example_params_trigger_ui.py took 0.300 seconds
[2024-10-18T23:33:30.604+0000] {processor.py:157} INFO - Started process (PID=274) to work on /home/airflow/.local/lib/python3.8/site-packages/airflow/example_dags/example_params_trigger_ui.py
[2024-10-18T23:33:30.608+0000] {processor.py:829} INFO - Processing file /home/airflow/.local/lib/python3.8/site-packages/airflow/example_dags/example_params_trigger_ui.py for tasks to queue
[2024-10-18T23:33:30.615+0000] {logging_mixin.py:151} INFO - [2024-10-18T23:33:30.615+0000] {dagbag.py:536} INFO - Filling up the DagBag from /home/airflow/.local/lib/python3.8/site-packages/airflow/example_dags/example_params_trigger_ui.py
[2024-10-18T23:33:30.684+0000] {processor.py:839} INFO - DAG(s) dict_keys(['example_params_trigger_ui']) retrieved from /home/airflow/.local/lib/python3.8/site-packages/airflow/example_dags/example_params_trigger_ui.py
[2024-10-18T23:33:30.804+0000] {logging_mixin.py:151} INFO - [2024-10-18T23:33:30.803+0000] {dag.py:2941} INFO - Sync 1 DAGs
[2024-10-18T23:33:30.840+0000] {logging_mixin.py:151} INFO - [2024-10-18T23:33:30.840+0000] {dag.py:3722} INFO - Setting next_dagrun for example_params_trigger_ui to None, run_after=None
[2024-10-18T23:33:30.886+0000] {processor.py:179} INFO - Processing /home/airflow/.local/lib/python3.8/site-packages/airflow/example_dags/example_params_trigger_ui.py took 0.298 seconds
[2024-10-18T23:34:01.098+0000] {processor.py:157} INFO - Started process (PID=328) to work on /home/airflow/.local/lib/python3.8/site-packages/airflow/example_dags/example_params_trigger_ui.py
[2024-10-18T23:34:01.103+0000] {processor.py:829} INFO - Processing file /home/airflow/.local/lib/python3.8/site-packages/airflow/example_dags/example_params_trigger_ui.py for tasks to queue
[2024-10-18T23:34:01.108+0000] {logging_mixin.py:151} INFO - [2024-10-18T23:34:01.108+0000] {dagbag.py:536} INFO - Filling up the DagBag from /home/airflow/.local/lib/python3.8/site-packages/airflow/example_dags/example_params_trigger_ui.py
[2024-10-18T23:34:01.177+0000] {processor.py:839} INFO - DAG(s) dict_keys(['example_params_trigger_ui']) retrieved from /home/airflow/.local/lib/python3.8/site-packages/airflow/example_dags/example_params_trigger_ui.py
[2024-10-18T23:34:01.333+0000] {logging_mixin.py:151} INFO - [2024-10-18T23:34:01.333+0000] {dag.py:2941} INFO - Sync 1 DAGs
[2024-10-18T23:34:01.377+0000] {logging_mixin.py:151} INFO - [2024-10-18T23:34:01.376+0000] {dag.py:3722} INFO - Setting next_dagrun for example_params_trigger_ui to None, run_after=None
[2024-10-18T23:34:01.427+0000] {processor.py:179} INFO - Processing /home/airflow/.local/lib/python3.8/site-packages/airflow/example_dags/example_params_trigger_ui.py took 0.343 seconds
[2024-10-18T23:34:31.492+0000] {processor.py:157} INFO - Started process (PID=382) to work on /home/airflow/.local/lib/python3.8/site-packages/airflow/example_dags/example_params_trigger_ui.py
[2024-10-18T23:34:31.494+0000] {processor.py:829} INFO - Processing file /home/airflow/.local/lib/python3.8/site-packages/airflow/example_dags/example_params_trigger_ui.py for tasks to queue
[2024-10-18T23:34:31.499+0000] {logging_mixin.py:151} INFO - [2024-10-18T23:34:31.499+0000] {dagbag.py:536} INFO - Filling up the DagBag from /home/airflow/.local/lib/python3.8/site-packages/airflow/example_dags/example_params_trigger_ui.py
[2024-10-18T23:34:31.542+0000] {processor.py:839} INFO - DAG(s) dict_keys(['example_params_trigger_ui']) retrieved from /home/airflow/.local/lib/python3.8/site-packages/airflow/example_dags/example_params_trigger_ui.py
[2024-10-18T23:34:31.650+0000] {logging_mixin.py:151} INFO - [2024-10-18T23:34:31.650+0000] {dag.py:2941} INFO - Sync 1 DAGs
[2024-10-18T23:34:31.679+0000] {logging_mixin.py:151} INFO - [2024-10-18T23:34:31.678+0000] {dag.py:3722} INFO - Setting next_dagrun for example_params_trigger_ui to None, run_after=None
[2024-10-18T23:34:31.738+0000] {processor.py:179} INFO - Processing /home/airflow/.local/lib/python3.8/site-packages/airflow/example_dags/example_params_trigger_ui.py took 0.254 seconds
[2024-10-18T23:35:02.329+0000] {processor.py:157} INFO - Started process (PID=436) to work on /home/airflow/.local/lib/python3.8/site-packages/airflow/example_dags/example_params_trigger_ui.py
[2024-10-18T23:35:02.332+0000] {processor.py:829} INFO - Processing file /home/airflow/.local/lib/python3.8/site-packages/airflow/example_dags/example_params_trigger_ui.py for tasks to queue
[2024-10-18T23:35:02.337+0000] {logging_mixin.py:151} INFO - [2024-10-18T23:35:02.336+0000] {dagbag.py:536} INFO - Filling up the DagBag from /home/airflow/.local/lib/python3.8/site-packages/airflow/example_dags/example_params_trigger_ui.py
[2024-10-18T23:35:02.386+0000] {processor.py:839} INFO - DAG(s) dict_keys(['example_params_trigger_ui']) retrieved from /home/airflow/.local/lib/python3.8/site-packages/airflow/example_dags/example_params_trigger_ui.py
[2024-10-18T23:35:02.504+0000] {logging_mixin.py:151} INFO - [2024-10-18T23:35:02.503+0000] {dag.py:2941} INFO - Sync 1 DAGs
[2024-10-18T23:35:02.535+0000] {logging_mixin.py:151} INFO - [2024-10-18T23:35:02.534+0000] {dag.py:3722} INFO - Setting next_dagrun for example_params_trigger_ui to None, run_after=None
[2024-10-18T23:35:02.580+0000] {processor.py:179} INFO - Processing /home/airflow/.local/lib/python3.8/site-packages/airflow/example_dags/example_params_trigger_ui.py took 0.260 seconds
[2024-10-18T23:35:32.916+0000] {processor.py:157} INFO - Started process (PID=488) to work on /home/airflow/.local/lib/python3.8/site-packages/airflow/example_dags/example_params_trigger_ui.py
[2024-10-18T23:35:32.918+0000] {processor.py:829} INFO - Processing file /home/airflow/.local/lib/python3.8/site-packages/airflow/example_dags/example_params_trigger_ui.py for tasks to queue
[2024-10-18T23:35:32.924+0000] {logging_mixin.py:151} INFO - [2024-10-18T23:35:32.923+0000] {dagbag.py:536} INFO - Filling up the DagBag from /home/airflow/.local/lib/python3.8/site-packages/airflow/example_dags/example_params_trigger_ui.py
[2024-10-18T23:35:32.969+0000] {processor.py:839} INFO - DAG(s) dict_keys(['example_params_trigger_ui']) retrieved from /home/airflow/.local/lib/python3.8/site-packages/airflow/example_dags/example_params_trigger_ui.py
[2024-10-18T23:35:33.142+0000] {logging_mixin.py:151} INFO - [2024-10-18T23:35:33.140+0000] {dag.py:2941} INFO - Sync 1 DAGs
[2024-10-18T23:35:33.203+0000] {logging_mixin.py:151} INFO - [2024-10-18T23:35:33.203+0000] {dag.py:3722} INFO - Setting next_dagrun for example_params_trigger_ui to None, run_after=None
[2024-10-18T23:35:33.259+0000] {processor.py:179} INFO - Processing /home/airflow/.local/lib/python3.8/site-packages/airflow/example_dags/example_params_trigger_ui.py took 0.352 seconds
[2024-10-18T23:36:04.888+0000] {processor.py:157} INFO - Started process (PID=542) to work on /home/airflow/.local/lib/python3.8/site-packages/airflow/example_dags/example_params_trigger_ui.py
[2024-10-18T23:36:04.890+0000] {processor.py:829} INFO - Processing file /home/airflow/.local/lib/python3.8/site-packages/airflow/example_dags/example_params_trigger_ui.py for tasks to queue
[2024-10-18T23:36:04.895+0000] {logging_mixin.py:151} INFO - [2024-10-18T23:36:04.894+0000] {dagbag.py:536} INFO - Filling up the DagBag from /home/airflow/.local/lib/python3.8/site-packages/airflow/example_dags/example_params_trigger_ui.py
[2024-10-18T23:36:04.939+0000] {processor.py:839} INFO - DAG(s) dict_keys(['example_params_trigger_ui']) retrieved from /home/airflow/.local/lib/python3.8/site-packages/airflow/example_dags/example_params_trigger_ui.py
[2024-10-18T23:36:05.083+0000] {logging_mixin.py:151} INFO - [2024-10-18T23:36:05.083+0000] {dag.py:2941} INFO - Sync 1 DAGs
[2024-10-18T23:36:05.121+0000] {logging_mixin.py:151} INFO - [2024-10-18T23:36:05.120+0000] {dag.py:3722} INFO - Setting next_dagrun for example_params_trigger_ui to None, run_after=None
[2024-10-18T23:36:05.167+0000] {processor.py:179} INFO - Processing /home/airflow/.local/lib/python3.8/site-packages/airflow/example_dags/example_params_trigger_ui.py took 0.288 seconds
[2024-10-18T23:39:00.217+0000] {processor.py:157} INFO - Started process (PID=111) to work on /home/airflow/.local/lib/python3.8/site-packages/airflow/example_dags/example_params_trigger_ui.py
[2024-10-18T23:39:00.219+0000] {processor.py:829} INFO - Processing file /home/airflow/.local/lib/python3.8/site-packages/airflow/example_dags/example_params_trigger_ui.py for tasks to queue
[2024-10-18T23:39:00.226+0000] {logging_mixin.py:151} INFO - [2024-10-18T23:39:00.226+0000] {dagbag.py:536} INFO - Filling up the DagBag from /home/airflow/.local/lib/python3.8/site-packages/airflow/example_dags/example_params_trigger_ui.py
[2024-10-18T23:39:00.292+0000] {processor.py:839} INFO - DAG(s) dict_keys(['example_params_trigger_ui']) retrieved from /home/airflow/.local/lib/python3.8/site-packages/airflow/example_dags/example_params_trigger_ui.py
[2024-10-18T23:39:00.505+0000] {logging_mixin.py:151} INFO - [2024-10-18T23:39:00.504+0000] {dag.py:2941} INFO - Sync 1 DAGs
[2024-10-18T23:39:00.553+0000] {logging_mixin.py:151} INFO - [2024-10-18T23:39:00.552+0000] {dag.py:3722} INFO - Setting next_dagrun for example_params_trigger_ui to None, run_after=None
[2024-10-18T23:39:00.619+0000] {processor.py:179} INFO - Processing /home/airflow/.local/lib/python3.8/site-packages/airflow/example_dags/example_params_trigger_ui.py took 0.412 seconds
[2024-10-18T23:39:30.840+0000] {processor.py:157} INFO - Started process (PID=165) to work on /home/airflow/.local/lib/python3.8/site-packages/airflow/example_dags/example_params_trigger_ui.py
[2024-10-18T23:39:30.842+0000] {processor.py:829} INFO - Processing file /home/airflow/.local/lib/python3.8/site-packages/airflow/example_dags/example_params_trigger_ui.py for tasks to queue
[2024-10-18T23:39:30.846+0000] {logging_mixin.py:151} INFO - [2024-10-18T23:39:30.846+0000] {dagbag.py:536} INFO - Filling up the DagBag from /home/airflow/.local/lib/python3.8/site-packages/airflow/example_dags/example_params_trigger_ui.py
[2024-10-18T23:39:30.885+0000] {processor.py:839} INFO - DAG(s) dict_keys(['example_params_trigger_ui']) retrieved from /home/airflow/.local/lib/python3.8/site-packages/airflow/example_dags/example_params_trigger_ui.py
[2024-10-18T23:39:30.996+0000] {logging_mixin.py:151} INFO - [2024-10-18T23:39:30.996+0000] {dag.py:2941} INFO - Sync 1 DAGs
[2024-10-18T23:39:31.026+0000] {logging_mixin.py:151} INFO - [2024-10-18T23:39:31.026+0000] {dag.py:3722} INFO - Setting next_dagrun for example_params_trigger_ui to None, run_after=None
[2024-10-18T23:39:31.078+0000] {processor.py:179} INFO - Processing /home/airflow/.local/lib/python3.8/site-packages/airflow/example_dags/example_params_trigger_ui.py took 0.251 seconds
[2024-10-18T23:40:01.816+0000] {processor.py:157} INFO - Started process (PID=219) to work on /home/airflow/.local/lib/python3.8/site-packages/airflow/example_dags/example_params_trigger_ui.py
[2024-10-18T23:40:01.819+0000] {processor.py:829} INFO - Processing file /home/airflow/.local/lib/python3.8/site-packages/airflow/example_dags/example_params_trigger_ui.py for tasks to queue
[2024-10-18T23:40:01.822+0000] {logging_mixin.py:151} INFO - [2024-10-18T23:40:01.822+0000] {dagbag.py:536} INFO - Filling up the DagBag from /home/airflow/.local/lib/python3.8/site-packages/airflow/example_dags/example_params_trigger_ui.py
[2024-10-18T23:40:01.877+0000] {processor.py:839} INFO - DAG(s) dict_keys(['example_params_trigger_ui']) retrieved from /home/airflow/.local/lib/python3.8/site-packages/airflow/example_dags/example_params_trigger_ui.py
[2024-10-18T23:40:01.986+0000] {logging_mixin.py:151} INFO - [2024-10-18T23:40:01.985+0000] {dag.py:2941} INFO - Sync 1 DAGs
[2024-10-18T23:40:02.029+0000] {logging_mixin.py:151} INFO - [2024-10-18T23:40:02.028+0000] {dag.py:3722} INFO - Setting next_dagrun for example_params_trigger_ui to None, run_after=None
[2024-10-18T23:40:02.070+0000] {processor.py:179} INFO - Processing /home/airflow/.local/lib/python3.8/site-packages/airflow/example_dags/example_params_trigger_ui.py took 0.278 seconds
[2024-10-18T23:41:07.409+0000] {processor.py:157} INFO - Started process (PID=279) to work on /home/airflow/.local/lib/python3.8/site-packages/airflow/example_dags/example_params_trigger_ui.py
[2024-10-18T23:41:07.417+0000] {processor.py:829} INFO - Processing file /home/airflow/.local/lib/python3.8/site-packages/airflow/example_dags/example_params_trigger_ui.py for tasks to queue
[2024-10-18T23:41:07.430+0000] {logging_mixin.py:151} INFO - [2024-10-18T23:41:07.429+0000] {dagbag.py:536} INFO - Filling up the DagBag from /home/airflow/.local/lib/python3.8/site-packages/airflow/example_dags/example_params_trigger_ui.py
[2024-10-18T23:41:07.542+0000] {processor.py:839} INFO - DAG(s) dict_keys(['example_params_trigger_ui']) retrieved from /home/airflow/.local/lib/python3.8/site-packages/airflow/example_dags/example_params_trigger_ui.py
[2024-10-18T23:41:08.012+0000] {logging_mixin.py:151} INFO - [2024-10-18T23:41:08.011+0000] {dag.py:2941} INFO - Sync 1 DAGs
[2024-10-18T23:41:08.104+0000] {logging_mixin.py:151} INFO - [2024-10-18T23:41:08.104+0000] {dag.py:3722} INFO - Setting next_dagrun for example_params_trigger_ui to None, run_after=None
[2024-10-18T23:41:08.185+0000] {processor.py:179} INFO - Processing /home/airflow/.local/lib/python3.8/site-packages/airflow/example_dags/example_params_trigger_ui.py took 0.868 seconds
[2024-10-18T23:41:38.583+0000] {processor.py:157} INFO - Started process (PID=333) to work on /home/airflow/.local/lib/python3.8/site-packages/airflow/example_dags/example_params_trigger_ui.py
[2024-10-18T23:41:38.585+0000] {processor.py:829} INFO - Processing file /home/airflow/.local/lib/python3.8/site-packages/airflow/example_dags/example_params_trigger_ui.py for tasks to queue
[2024-10-18T23:41:38.588+0000] {logging_mixin.py:151} INFO - [2024-10-18T23:41:38.588+0000] {dagbag.py:536} INFO - Filling up the DagBag from /home/airflow/.local/lib/python3.8/site-packages/airflow/example_dags/example_params_trigger_ui.py
[2024-10-18T23:41:38.739+0000] {processor.py:839} INFO - DAG(s) dict_keys(['example_params_trigger_ui']) retrieved from /home/airflow/.local/lib/python3.8/site-packages/airflow/example_dags/example_params_trigger_ui.py
[2024-10-18T23:41:39.070+0000] {logging_mixin.py:151} INFO - [2024-10-18T23:41:39.070+0000] {dag.py:2941} INFO - Sync 1 DAGs
[2024-10-18T23:41:39.102+0000] {logging_mixin.py:151} INFO - [2024-10-18T23:41:39.101+0000] {dag.py:3722} INFO - Setting next_dagrun for example_params_trigger_ui to None, run_after=None
[2024-10-18T23:41:39.138+0000] {processor.py:179} INFO - Processing /home/airflow/.local/lib/python3.8/site-packages/airflow/example_dags/example_params_trigger_ui.py took 0.566 seconds
[2024-10-18T23:43:23.646+0000] {processor.py:157} INFO - Started process (PID=419) to work on /home/airflow/.local/lib/python3.8/site-packages/airflow/example_dags/example_params_trigger_ui.py
[2024-10-18T23:43:23.648+0000] {processor.py:829} INFO - Processing file /home/airflow/.local/lib/python3.8/site-packages/airflow/example_dags/example_params_trigger_ui.py for tasks to queue
[2024-10-18T23:43:23.673+0000] {logging_mixin.py:151} INFO - [2024-10-18T23:43:23.666+0000] {dagbag.py:536} INFO - Filling up the DagBag from /home/airflow/.local/lib/python3.8/site-packages/airflow/example_dags/example_params_trigger_ui.py
[2024-10-18T23:43:24.122+0000] {processor.py:839} INFO - DAG(s) dict_keys(['example_params_trigger_ui']) retrieved from /home/airflow/.local/lib/python3.8/site-packages/airflow/example_dags/example_params_trigger_ui.py
[2024-10-18T23:43:25.042+0000] {logging_mixin.py:151} INFO - [2024-10-18T23:43:25.041+0000] {dag.py:2941} INFO - Sync 1 DAGs
[2024-10-18T23:43:25.122+0000] {logging_mixin.py:151} INFO - [2024-10-18T23:43:25.121+0000] {dag.py:3722} INFO - Setting next_dagrun for example_params_trigger_ui to None, run_after=None
[2024-10-18T23:43:25.927+0000] {processor.py:179} INFO - Processing /home/airflow/.local/lib/python3.8/site-packages/airflow/example_dags/example_params_trigger_ui.py took 2.487 seconds
[2024-10-18T23:43:58.070+0000] {processor.py:157} INFO - Started process (PID=475) to work on /home/airflow/.local/lib/python3.8/site-packages/airflow/example_dags/example_params_trigger_ui.py
[2024-10-18T23:43:58.072+0000] {processor.py:829} INFO - Processing file /home/airflow/.local/lib/python3.8/site-packages/airflow/example_dags/example_params_trigger_ui.py for tasks to queue
[2024-10-18T23:43:58.082+0000] {logging_mixin.py:151} INFO - [2024-10-18T23:43:58.081+0000] {dagbag.py:536} INFO - Filling up the DagBag from /home/airflow/.local/lib/python3.8/site-packages/airflow/example_dags/example_params_trigger_ui.py
[2024-10-18T23:43:58.148+0000] {processor.py:839} INFO - DAG(s) dict_keys(['example_params_trigger_ui']) retrieved from /home/airflow/.local/lib/python3.8/site-packages/airflow/example_dags/example_params_trigger_ui.py
[2024-10-18T23:43:58.279+0000] {logging_mixin.py:151} INFO - [2024-10-18T23:43:58.279+0000] {dag.py:2941} INFO - Sync 1 DAGs
[2024-10-18T23:43:58.301+0000] {logging_mixin.py:151} INFO - [2024-10-18T23:43:58.301+0000] {dag.py:3722} INFO - Setting next_dagrun for example_params_trigger_ui to None, run_after=None
[2024-10-18T23:43:58.338+0000] {processor.py:179} INFO - Processing /home/airflow/.local/lib/python3.8/site-packages/airflow/example_dags/example_params_trigger_ui.py took 0.285 seconds
[2024-10-18T23:44:34.841+0000] {processor.py:157} INFO - Started process (PID=533) to work on /home/airflow/.local/lib/python3.8/site-packages/airflow/example_dags/example_params_trigger_ui.py
[2024-10-18T23:44:34.843+0000] {processor.py:829} INFO - Processing file /home/airflow/.local/lib/python3.8/site-packages/airflow/example_dags/example_params_trigger_ui.py for tasks to queue
[2024-10-18T23:44:34.851+0000] {logging_mixin.py:151} INFO - [2024-10-18T23:44:34.851+0000] {dagbag.py:536} INFO - Filling up the DagBag from /home/airflow/.local/lib/python3.8/site-packages/airflow/example_dags/example_params_trigger_ui.py
[2024-10-18T23:44:34.899+0000] {processor.py:839} INFO - DAG(s) dict_keys(['example_params_trigger_ui']) retrieved from /home/airflow/.local/lib/python3.8/site-packages/airflow/example_dags/example_params_trigger_ui.py
[2024-10-18T23:44:35.118+0000] {logging_mixin.py:151} INFO - [2024-10-18T23:44:35.118+0000] {dag.py:2941} INFO - Sync 1 DAGs
[2024-10-18T23:44:35.152+0000] {logging_mixin.py:151} INFO - [2024-10-18T23:44:35.152+0000] {dag.py:3722} INFO - Setting next_dagrun for example_params_trigger_ui to None, run_after=None
[2024-10-18T23:44:35.185+0000] {processor.py:179} INFO - Processing /home/airflow/.local/lib/python3.8/site-packages/airflow/example_dags/example_params_trigger_ui.py took 0.351 seconds
[2024-10-18T23:45:09.531+0000] {processor.py:157} INFO - Started process (PID=590) to work on /home/airflow/.local/lib/python3.8/site-packages/airflow/example_dags/example_params_trigger_ui.py
[2024-10-18T23:45:09.532+0000] {processor.py:829} INFO - Processing file /home/airflow/.local/lib/python3.8/site-packages/airflow/example_dags/example_params_trigger_ui.py for tasks to queue
[2024-10-18T23:45:09.540+0000] {logging_mixin.py:151} INFO - [2024-10-18T23:45:09.538+0000] {dagbag.py:536} INFO - Filling up the DagBag from /home/airflow/.local/lib/python3.8/site-packages/airflow/example_dags/example_params_trigger_ui.py
[2024-10-18T23:45:09.584+0000] {processor.py:839} INFO - DAG(s) dict_keys(['example_params_trigger_ui']) retrieved from /home/airflow/.local/lib/python3.8/site-packages/airflow/example_dags/example_params_trigger_ui.py
[2024-10-18T23:45:09.695+0000] {logging_mixin.py:151} INFO - [2024-10-18T23:45:09.694+0000] {dag.py:2941} INFO - Sync 1 DAGs
[2024-10-18T23:45:09.719+0000] {logging_mixin.py:151} INFO - [2024-10-18T23:45:09.718+0000] {dag.py:3722} INFO - Setting next_dagrun for example_params_trigger_ui to None, run_after=None
[2024-10-18T23:45:09.759+0000] {processor.py:179} INFO - Processing /home/airflow/.local/lib/python3.8/site-packages/airflow/example_dags/example_params_trigger_ui.py took 0.234 seconds
[2024-10-18T23:45:39.842+0000] {processor.py:157} INFO - Started process (PID=642) to work on /home/airflow/.local/lib/python3.8/site-packages/airflow/example_dags/example_params_trigger_ui.py
[2024-10-18T23:45:39.844+0000] {processor.py:829} INFO - Processing file /home/airflow/.local/lib/python3.8/site-packages/airflow/example_dags/example_params_trigger_ui.py for tasks to queue
[2024-10-18T23:45:39.848+0000] {logging_mixin.py:151} INFO - [2024-10-18T23:45:39.848+0000] {dagbag.py:536} INFO - Filling up the DagBag from /home/airflow/.local/lib/python3.8/site-packages/airflow/example_dags/example_params_trigger_ui.py
[2024-10-18T23:45:39.898+0000] {processor.py:839} INFO - DAG(s) dict_keys(['example_params_trigger_ui']) retrieved from /home/airflow/.local/lib/python3.8/site-packages/airflow/example_dags/example_params_trigger_ui.py
[2024-10-18T23:45:40.026+0000] {logging_mixin.py:151} INFO - [2024-10-18T23:45:40.025+0000] {dag.py:2941} INFO - Sync 1 DAGs
[2024-10-18T23:45:40.052+0000] {logging_mixin.py:151} INFO - [2024-10-18T23:45:40.051+0000] {dag.py:3722} INFO - Setting next_dagrun for example_params_trigger_ui to None, run_after=None
[2024-10-18T23:45:40.089+0000] {processor.py:179} INFO - Processing /home/airflow/.local/lib/python3.8/site-packages/airflow/example_dags/example_params_trigger_ui.py took 0.254 seconds
[2024-10-18T23:46:10.136+0000] {processor.py:157} INFO - Started process (PID=695) to work on /home/airflow/.local/lib/python3.8/site-packages/airflow/example_dags/example_params_trigger_ui.py
[2024-10-18T23:46:10.138+0000] {processor.py:829} INFO - Processing file /home/airflow/.local/lib/python3.8/site-packages/airflow/example_dags/example_params_trigger_ui.py for tasks to queue
[2024-10-18T23:46:10.142+0000] {logging_mixin.py:151} INFO - [2024-10-18T23:46:10.142+0000] {dagbag.py:536} INFO - Filling up the DagBag from /home/airflow/.local/lib/python3.8/site-packages/airflow/example_dags/example_params_trigger_ui.py
[2024-10-18T23:46:10.182+0000] {processor.py:839} INFO - DAG(s) dict_keys(['example_params_trigger_ui']) retrieved from /home/airflow/.local/lib/python3.8/site-packages/airflow/example_dags/example_params_trigger_ui.py
[2024-10-18T23:46:10.272+0000] {logging_mixin.py:151} INFO - [2024-10-18T23:46:10.272+0000] {dag.py:2941} INFO - Sync 1 DAGs
[2024-10-18T23:46:10.295+0000] {logging_mixin.py:151} INFO - [2024-10-18T23:46:10.295+0000] {dag.py:3722} INFO - Setting next_dagrun for example_params_trigger_ui to None, run_after=None
[2024-10-18T23:46:10.332+0000] {processor.py:179} INFO - Processing /home/airflow/.local/lib/python3.8/site-packages/airflow/example_dags/example_params_trigger_ui.py took 0.202 seconds
[2024-10-18T23:46:41.356+0000] {processor.py:157} INFO - Started process (PID=749) to work on /home/airflow/.local/lib/python3.8/site-packages/airflow/example_dags/example_params_trigger_ui.py
[2024-10-18T23:46:41.358+0000] {processor.py:829} INFO - Processing file /home/airflow/.local/lib/python3.8/site-packages/airflow/example_dags/example_params_trigger_ui.py for tasks to queue
[2024-10-18T23:46:41.363+0000] {logging_mixin.py:151} INFO - [2024-10-18T23:46:41.362+0000] {dagbag.py:536} INFO - Filling up the DagBag from /home/airflow/.local/lib/python3.8/site-packages/airflow/example_dags/example_params_trigger_ui.py
[2024-10-18T23:46:41.395+0000] {processor.py:839} INFO - DAG(s) dict_keys(['example_params_trigger_ui']) retrieved from /home/airflow/.local/lib/python3.8/site-packages/airflow/example_dags/example_params_trigger_ui.py
[2024-10-18T23:46:41.498+0000] {logging_mixin.py:151} INFO - [2024-10-18T23:46:41.498+0000] {dag.py:2941} INFO - Sync 1 DAGs
[2024-10-18T23:46:41.522+0000] {logging_mixin.py:151} INFO - [2024-10-18T23:46:41.521+0000] {dag.py:3722} INFO - Setting next_dagrun for example_params_trigger_ui to None, run_after=None
[2024-10-18T23:46:41.556+0000] {processor.py:179} INFO - Processing /home/airflow/.local/lib/python3.8/site-packages/airflow/example_dags/example_params_trigger_ui.py took 0.206 seconds
[2024-10-18T23:47:12.294+0000] {processor.py:157} INFO - Started process (PID=802) to work on /home/airflow/.local/lib/python3.8/site-packages/airflow/example_dags/example_params_trigger_ui.py
[2024-10-18T23:47:12.299+0000] {processor.py:829} INFO - Processing file /home/airflow/.local/lib/python3.8/site-packages/airflow/example_dags/example_params_trigger_ui.py for tasks to queue
[2024-10-18T23:47:12.311+0000] {logging_mixin.py:151} INFO - [2024-10-18T23:47:12.308+0000] {dagbag.py:536} INFO - Filling up the DagBag from /home/airflow/.local/lib/python3.8/site-packages/airflow/example_dags/example_params_trigger_ui.py
[2024-10-18T23:47:12.395+0000] {processor.py:839} INFO - DAG(s) dict_keys(['example_params_trigger_ui']) retrieved from /home/airflow/.local/lib/python3.8/site-packages/airflow/example_dags/example_params_trigger_ui.py
[2024-10-18T23:47:12.587+0000] {logging_mixin.py:151} INFO - [2024-10-18T23:47:12.586+0000] {dag.py:2941} INFO - Sync 1 DAGs
[2024-10-18T23:47:12.643+0000] {logging_mixin.py:151} INFO - [2024-10-18T23:47:12.642+0000] {dag.py:3722} INFO - Setting next_dagrun for example_params_trigger_ui to None, run_after=None
[2024-10-18T23:47:12.790+0000] {processor.py:179} INFO - Processing /home/airflow/.local/lib/python3.8/site-packages/airflow/example_dags/example_params_trigger_ui.py took 0.507 seconds
[2024-10-18T23:47:43.582+0000] {processor.py:157} INFO - Started process (PID=855) to work on /home/airflow/.local/lib/python3.8/site-packages/airflow/example_dags/example_params_trigger_ui.py
[2024-10-18T23:47:43.587+0000] {processor.py:829} INFO - Processing file /home/airflow/.local/lib/python3.8/site-packages/airflow/example_dags/example_params_trigger_ui.py for tasks to queue
[2024-10-18T23:47:43.597+0000] {logging_mixin.py:151} INFO - [2024-10-18T23:47:43.596+0000] {dagbag.py:536} INFO - Filling up the DagBag from /home/airflow/.local/lib/python3.8/site-packages/airflow/example_dags/example_params_trigger_ui.py
[2024-10-18T23:47:43.676+0000] {processor.py:839} INFO - DAG(s) dict_keys(['example_params_trigger_ui']) retrieved from /home/airflow/.local/lib/python3.8/site-packages/airflow/example_dags/example_params_trigger_ui.py
[2024-10-18T23:47:44.127+0000] {logging_mixin.py:151} INFO - [2024-10-18T23:47:44.127+0000] {dag.py:2941} INFO - Sync 1 DAGs
[2024-10-18T23:47:44.483+0000] {logging_mixin.py:151} INFO - [2024-10-18T23:47:44.437+0000] {dag.py:3722} INFO - Setting next_dagrun for example_params_trigger_ui to None, run_after=None
[2024-10-18T23:47:44.746+0000] {processor.py:179} INFO - Processing /home/airflow/.local/lib/python3.8/site-packages/airflow/example_dags/example_params_trigger_ui.py took 1.178 seconds
[2024-10-18T23:48:14.984+0000] {processor.py:157} INFO - Started process (PID=909) to work on /home/airflow/.local/lib/python3.8/site-packages/airflow/example_dags/example_params_trigger_ui.py
[2024-10-18T23:48:14.986+0000] {processor.py:829} INFO - Processing file /home/airflow/.local/lib/python3.8/site-packages/airflow/example_dags/example_params_trigger_ui.py for tasks to queue
[2024-10-18T23:48:14.992+0000] {logging_mixin.py:151} INFO - [2024-10-18T23:48:14.991+0000] {dagbag.py:536} INFO - Filling up the DagBag from /home/airflow/.local/lib/python3.8/site-packages/airflow/example_dags/example_params_trigger_ui.py
[2024-10-18T23:48:15.041+0000] {processor.py:839} INFO - DAG(s) dict_keys(['example_params_trigger_ui']) retrieved from /home/airflow/.local/lib/python3.8/site-packages/airflow/example_dags/example_params_trigger_ui.py
[2024-10-18T23:48:15.191+0000] {logging_mixin.py:151} INFO - [2024-10-18T23:48:15.191+0000] {dag.py:2941} INFO - Sync 1 DAGs
[2024-10-18T23:48:15.225+0000] {logging_mixin.py:151} INFO - [2024-10-18T23:48:15.224+0000] {dag.py:3722} INFO - Setting next_dagrun for example_params_trigger_ui to None, run_after=None
[2024-10-18T23:48:15.286+0000] {processor.py:179} INFO - Processing /home/airflow/.local/lib/python3.8/site-packages/airflow/example_dags/example_params_trigger_ui.py took 0.316 seconds
[2024-10-18T23:48:59.314+0000] {processor.py:157} INFO - Started process (PID=972) to work on /home/airflow/.local/lib/python3.8/site-packages/airflow/example_dags/example_params_trigger_ui.py
[2024-10-18T23:48:59.335+0000] {processor.py:829} INFO - Processing file /home/airflow/.local/lib/python3.8/site-packages/airflow/example_dags/example_params_trigger_ui.py for tasks to queue
[2024-10-18T23:48:59.378+0000] {logging_mixin.py:151} INFO - [2024-10-18T23:48:59.376+0000] {dagbag.py:536} INFO - Filling up the DagBag from /home/airflow/.local/lib/python3.8/site-packages/airflow/example_dags/example_params_trigger_ui.py
[2024-10-18T23:48:59.726+0000] {processor.py:839} INFO - DAG(s) dict_keys(['example_params_trigger_ui']) retrieved from /home/airflow/.local/lib/python3.8/site-packages/airflow/example_dags/example_params_trigger_ui.py
[2024-10-18T23:49:00.348+0000] {logging_mixin.py:151} INFO - [2024-10-18T23:49:00.348+0000] {dag.py:2941} INFO - Sync 1 DAGs
[2024-10-18T23:49:00.541+0000] {logging_mixin.py:151} INFO - [2024-10-18T23:49:00.541+0000] {dag.py:3722} INFO - Setting next_dagrun for example_params_trigger_ui to None, run_after=None
[2024-10-18T23:49:01.154+0000] {processor.py:179} INFO - Processing /home/airflow/.local/lib/python3.8/site-packages/airflow/example_dags/example_params_trigger_ui.py took 1.849 seconds
[2024-10-18T23:50:07.465+0000] {processor.py:157} INFO - Started process (PID=1044) to work on /home/airflow/.local/lib/python3.8/site-packages/airflow/example_dags/example_params_trigger_ui.py
[2024-10-18T23:50:07.470+0000] {processor.py:829} INFO - Processing file /home/airflow/.local/lib/python3.8/site-packages/airflow/example_dags/example_params_trigger_ui.py for tasks to queue
[2024-10-18T23:50:07.510+0000] {logging_mixin.py:151} INFO - [2024-10-18T23:50:07.507+0000] {dagbag.py:536} INFO - Filling up the DagBag from /home/airflow/.local/lib/python3.8/site-packages/airflow/example_dags/example_params_trigger_ui.py
[2024-10-18T23:50:07.578+0000] {processor.py:839} INFO - DAG(s) dict_keys(['example_params_trigger_ui']) retrieved from /home/airflow/.local/lib/python3.8/site-packages/airflow/example_dags/example_params_trigger_ui.py
[2024-10-18T23:50:07.856+0000] {logging_mixin.py:151} INFO - [2024-10-18T23:50:07.856+0000] {dag.py:2941} INFO - Sync 1 DAGs
[2024-10-18T23:50:07.944+0000] {logging_mixin.py:151} INFO - [2024-10-18T23:50:07.941+0000] {dag.py:3722} INFO - Setting next_dagrun for example_params_trigger_ui to None, run_after=None
[2024-10-18T23:50:08.107+0000] {processor.py:179} INFO - Processing /home/airflow/.local/lib/python3.8/site-packages/airflow/example_dags/example_params_trigger_ui.py took 0.667 seconds
[2024-10-18T23:50:38.785+0000] {processor.py:157} INFO - Started process (PID=1097) to work on /home/airflow/.local/lib/python3.8/site-packages/airflow/example_dags/example_params_trigger_ui.py
[2024-10-18T23:50:38.798+0000] {processor.py:829} INFO - Processing file /home/airflow/.local/lib/python3.8/site-packages/airflow/example_dags/example_params_trigger_ui.py for tasks to queue
[2024-10-18T23:50:38.818+0000] {logging_mixin.py:151} INFO - [2024-10-18T23:50:38.818+0000] {dagbag.py:536} INFO - Filling up the DagBag from /home/airflow/.local/lib/python3.8/site-packages/airflow/example_dags/example_params_trigger_ui.py
[2024-10-18T23:50:38.869+0000] {processor.py:839} INFO - DAG(s) dict_keys(['example_params_trigger_ui']) retrieved from /home/airflow/.local/lib/python3.8/site-packages/airflow/example_dags/example_params_trigger_ui.py
[2024-10-18T23:50:39.007+0000] {logging_mixin.py:151} INFO - [2024-10-18T23:50:39.006+0000] {dag.py:2941} INFO - Sync 1 DAGs
[2024-10-18T23:50:39.044+0000] {logging_mixin.py:151} INFO - [2024-10-18T23:50:39.044+0000] {dag.py:3722} INFO - Setting next_dagrun for example_params_trigger_ui to None, run_after=None
[2024-10-18T23:50:39.093+0000] {processor.py:179} INFO - Processing /home/airflow/.local/lib/python3.8/site-packages/airflow/example_dags/example_params_trigger_ui.py took 0.323 seconds
[2024-10-18T23:51:09.193+0000] {processor.py:157} INFO - Started process (PID=1150) to work on /home/airflow/.local/lib/python3.8/site-packages/airflow/example_dags/example_params_trigger_ui.py
[2024-10-18T23:51:09.195+0000] {processor.py:829} INFO - Processing file /home/airflow/.local/lib/python3.8/site-packages/airflow/example_dags/example_params_trigger_ui.py for tasks to queue
[2024-10-18T23:51:09.202+0000] {logging_mixin.py:151} INFO - [2024-10-18T23:51:09.201+0000] {dagbag.py:536} INFO - Filling up the DagBag from /home/airflow/.local/lib/python3.8/site-packages/airflow/example_dags/example_params_trigger_ui.py
[2024-10-18T23:51:09.252+0000] {processor.py:839} INFO - DAG(s) dict_keys(['example_params_trigger_ui']) retrieved from /home/airflow/.local/lib/python3.8/site-packages/airflow/example_dags/example_params_trigger_ui.py
[2024-10-18T23:51:09.414+0000] {logging_mixin.py:151} INFO - [2024-10-18T23:51:09.414+0000] {dag.py:2941} INFO - Sync 1 DAGs
[2024-10-18T23:51:09.513+0000] {logging_mixin.py:151} INFO - [2024-10-18T23:51:09.512+0000] {dag.py:3722} INFO - Setting next_dagrun for example_params_trigger_ui to None, run_after=None
[2024-10-18T23:51:09.588+0000] {processor.py:179} INFO - Processing /home/airflow/.local/lib/python3.8/site-packages/airflow/example_dags/example_params_trigger_ui.py took 0.409 seconds
[2024-10-18T23:51:40.652+0000] {processor.py:157} INFO - Started process (PID=1204) to work on /home/airflow/.local/lib/python3.8/site-packages/airflow/example_dags/example_params_trigger_ui.py
[2024-10-18T23:51:40.656+0000] {processor.py:829} INFO - Processing file /home/airflow/.local/lib/python3.8/site-packages/airflow/example_dags/example_params_trigger_ui.py for tasks to queue
[2024-10-18T23:51:40.661+0000] {logging_mixin.py:151} INFO - [2024-10-18T23:51:40.660+0000] {dagbag.py:536} INFO - Filling up the DagBag from /home/airflow/.local/lib/python3.8/site-packages/airflow/example_dags/example_params_trigger_ui.py
[2024-10-18T23:51:40.707+0000] {processor.py:839} INFO - DAG(s) dict_keys(['example_params_trigger_ui']) retrieved from /home/airflow/.local/lib/python3.8/site-packages/airflow/example_dags/example_params_trigger_ui.py
[2024-10-18T23:51:40.853+0000] {logging_mixin.py:151} INFO - [2024-10-18T23:51:40.853+0000] {dag.py:2941} INFO - Sync 1 DAGs
[2024-10-18T23:51:41.330+0000] {logging_mixin.py:151} INFO - [2024-10-18T23:51:41.329+0000] {dag.py:3722} INFO - Setting next_dagrun for example_params_trigger_ui to None, run_after=None
[2024-10-18T23:51:41.381+0000] {processor.py:179} INFO - Processing /home/airflow/.local/lib/python3.8/site-packages/airflow/example_dags/example_params_trigger_ui.py took 0.738 seconds
[2024-10-18T23:52:11.613+0000] {processor.py:157} INFO - Started process (PID=1258) to work on /home/airflow/.local/lib/python3.8/site-packages/airflow/example_dags/example_params_trigger_ui.py
[2024-10-18T23:52:11.616+0000] {processor.py:829} INFO - Processing file /home/airflow/.local/lib/python3.8/site-packages/airflow/example_dags/example_params_trigger_ui.py for tasks to queue
[2024-10-18T23:52:11.620+0000] {logging_mixin.py:151} INFO - [2024-10-18T23:52:11.619+0000] {dagbag.py:536} INFO - Filling up the DagBag from /home/airflow/.local/lib/python3.8/site-packages/airflow/example_dags/example_params_trigger_ui.py
[2024-10-18T23:52:11.660+0000] {processor.py:839} INFO - DAG(s) dict_keys(['example_params_trigger_ui']) retrieved from /home/airflow/.local/lib/python3.8/site-packages/airflow/example_dags/example_params_trigger_ui.py
[2024-10-18T23:52:12.007+0000] {logging_mixin.py:151} INFO - [2024-10-18T23:52:11.994+0000] {dag.py:2941} INFO - Sync 1 DAGs
[2024-10-18T23:52:12.063+0000] {logging_mixin.py:151} INFO - [2024-10-18T23:52:12.063+0000] {dag.py:3722} INFO - Setting next_dagrun for example_params_trigger_ui to None, run_after=None
[2024-10-18T23:52:12.159+0000] {processor.py:179} INFO - Processing /home/airflow/.local/lib/python3.8/site-packages/airflow/example_dags/example_params_trigger_ui.py took 0.553 seconds
[2024-10-18T23:52:43.261+0000] {processor.py:157} INFO - Started process (PID=1311) to work on /home/airflow/.local/lib/python3.8/site-packages/airflow/example_dags/example_params_trigger_ui.py
[2024-10-18T23:52:43.263+0000] {processor.py:829} INFO - Processing file /home/airflow/.local/lib/python3.8/site-packages/airflow/example_dags/example_params_trigger_ui.py for tasks to queue
[2024-10-18T23:52:43.267+0000] {logging_mixin.py:151} INFO - [2024-10-18T23:52:43.267+0000] {dagbag.py:536} INFO - Filling up the DagBag from /home/airflow/.local/lib/python3.8/site-packages/airflow/example_dags/example_params_trigger_ui.py
[2024-10-18T23:52:43.307+0000] {processor.py:839} INFO - DAG(s) dict_keys(['example_params_trigger_ui']) retrieved from /home/airflow/.local/lib/python3.8/site-packages/airflow/example_dags/example_params_trigger_ui.py
[2024-10-18T23:52:43.408+0000] {logging_mixin.py:151} INFO - [2024-10-18T23:52:43.407+0000] {dag.py:2941} INFO - Sync 1 DAGs
[2024-10-18T23:52:43.429+0000] {logging_mixin.py:151} INFO - [2024-10-18T23:52:43.429+0000] {dag.py:3722} INFO - Setting next_dagrun for example_params_trigger_ui to None, run_after=None
[2024-10-18T23:52:43.463+0000] {processor.py:179} INFO - Processing /home/airflow/.local/lib/python3.8/site-packages/airflow/example_dags/example_params_trigger_ui.py took 0.210 seconds
[2024-10-18T23:53:18.380+0000] {processor.py:157} INFO - Started process (PID=1363) to work on /home/airflow/.local/lib/python3.8/site-packages/airflow/example_dags/example_params_trigger_ui.py
[2024-10-18T23:53:18.406+0000] {processor.py:829} INFO - Processing file /home/airflow/.local/lib/python3.8/site-packages/airflow/example_dags/example_params_trigger_ui.py for tasks to queue
[2024-10-18T23:53:18.448+0000] {logging_mixin.py:151} INFO - [2024-10-18T23:53:18.446+0000] {dagbag.py:536} INFO - Filling up the DagBag from /home/airflow/.local/lib/python3.8/site-packages/airflow/example_dags/example_params_trigger_ui.py
[2024-10-18T23:53:19.058+0000] {processor.py:839} INFO - DAG(s) dict_keys(['example_params_trigger_ui']) retrieved from /home/airflow/.local/lib/python3.8/site-packages/airflow/example_dags/example_params_trigger_ui.py
[2024-10-18T23:53:20.094+0000] {logging_mixin.py:151} INFO - [2024-10-18T23:53:20.056+0000] {dag.py:2941} INFO - Sync 1 DAGs
[2024-10-18T23:53:21.414+0000] {logging_mixin.py:151} INFO - [2024-10-18T23:53:21.385+0000] {dag.py:3722} INFO - Setting next_dagrun for example_params_trigger_ui to None, run_after=None
[2024-10-18T23:53:22.858+0000] {processor.py:179} INFO - Processing /home/airflow/.local/lib/python3.8/site-packages/airflow/example_dags/example_params_trigger_ui.py took 4.497 seconds
[2024-10-18T23:53:56.267+0000] {processor.py:157} INFO - Started process (PID=1416) to work on /home/airflow/.local/lib/python3.8/site-packages/airflow/example_dags/example_params_trigger_ui.py
[2024-10-18T23:53:56.269+0000] {processor.py:829} INFO - Processing file /home/airflow/.local/lib/python3.8/site-packages/airflow/example_dags/example_params_trigger_ui.py for tasks to queue
[2024-10-18T23:53:56.273+0000] {logging_mixin.py:151} INFO - [2024-10-18T23:53:56.273+0000] {dagbag.py:536} INFO - Filling up the DagBag from /home/airflow/.local/lib/python3.8/site-packages/airflow/example_dags/example_params_trigger_ui.py
[2024-10-18T23:53:56.321+0000] {processor.py:839} INFO - DAG(s) dict_keys(['example_params_trigger_ui']) retrieved from /home/airflow/.local/lib/python3.8/site-packages/airflow/example_dags/example_params_trigger_ui.py
[2024-10-18T23:53:56.444+0000] {logging_mixin.py:151} INFO - [2024-10-18T23:53:56.444+0000] {dag.py:2941} INFO - Sync 1 DAGs
[2024-10-18T23:53:56.487+0000] {logging_mixin.py:151} INFO - [2024-10-18T23:53:56.487+0000] {dag.py:3722} INFO - Setting next_dagrun for example_params_trigger_ui to None, run_after=None
[2024-10-18T23:53:56.950+0000] {processor.py:179} INFO - Processing /home/airflow/.local/lib/python3.8/site-packages/airflow/example_dags/example_params_trigger_ui.py took 0.688 seconds
[2024-10-18T23:54:28.669+0000] {processor.py:157} INFO - Started process (PID=1470) to work on /home/airflow/.local/lib/python3.8/site-packages/airflow/example_dags/example_params_trigger_ui.py
[2024-10-18T23:54:28.672+0000] {processor.py:829} INFO - Processing file /home/airflow/.local/lib/python3.8/site-packages/airflow/example_dags/example_params_trigger_ui.py for tasks to queue
[2024-10-18T23:54:28.677+0000] {logging_mixin.py:151} INFO - [2024-10-18T23:54:28.677+0000] {dagbag.py:536} INFO - Filling up the DagBag from /home/airflow/.local/lib/python3.8/site-packages/airflow/example_dags/example_params_trigger_ui.py
[2024-10-18T23:54:28.730+0000] {processor.py:839} INFO - DAG(s) dict_keys(['example_params_trigger_ui']) retrieved from /home/airflow/.local/lib/python3.8/site-packages/airflow/example_dags/example_params_trigger_ui.py
[2024-10-18T23:54:28.871+0000] {logging_mixin.py:151} INFO - [2024-10-18T23:54:28.870+0000] {dag.py:2941} INFO - Sync 1 DAGs
[2024-10-18T23:54:28.990+0000] {logging_mixin.py:151} INFO - [2024-10-18T23:54:28.989+0000] {dag.py:3722} INFO - Setting next_dagrun for example_params_trigger_ui to None, run_after=None
[2024-10-18T23:54:29.026+0000] {processor.py:179} INFO - Processing /home/airflow/.local/lib/python3.8/site-packages/airflow/example_dags/example_params_trigger_ui.py took 0.364 seconds
[2024-10-18T23:55:03.477+0000] {processor.py:157} INFO - Started process (PID=1530) to work on /home/airflow/.local/lib/python3.8/site-packages/airflow/example_dags/example_params_trigger_ui.py
[2024-10-18T23:55:03.480+0000] {processor.py:829} INFO - Processing file /home/airflow/.local/lib/python3.8/site-packages/airflow/example_dags/example_params_trigger_ui.py for tasks to queue
[2024-10-18T23:55:03.488+0000] {logging_mixin.py:151} INFO - [2024-10-18T23:55:03.487+0000] {dagbag.py:536} INFO - Filling up the DagBag from /home/airflow/.local/lib/python3.8/site-packages/airflow/example_dags/example_params_trigger_ui.py
[2024-10-18T23:55:03.559+0000] {processor.py:839} INFO - DAG(s) dict_keys(['example_params_trigger_ui']) retrieved from /home/airflow/.local/lib/python3.8/site-packages/airflow/example_dags/example_params_trigger_ui.py
[2024-10-18T23:55:03.781+0000] {logging_mixin.py:151} INFO - [2024-10-18T23:55:03.781+0000] {dag.py:2941} INFO - Sync 1 DAGs
[2024-10-18T23:55:03.813+0000] {logging_mixin.py:151} INFO - [2024-10-18T23:55:03.812+0000] {dag.py:3722} INFO - Setting next_dagrun for example_params_trigger_ui to None, run_after=None
[2024-10-18T23:55:03.860+0000] {processor.py:179} INFO - Processing /home/airflow/.local/lib/python3.8/site-packages/airflow/example_dags/example_params_trigger_ui.py took 0.391 seconds
[2024-10-18T23:55:34.431+0000] {processor.py:157} INFO - Started process (PID=1584) to work on /home/airflow/.local/lib/python3.8/site-packages/airflow/example_dags/example_params_trigger_ui.py
[2024-10-18T23:55:34.435+0000] {processor.py:829} INFO - Processing file /home/airflow/.local/lib/python3.8/site-packages/airflow/example_dags/example_params_trigger_ui.py for tasks to queue
[2024-10-18T23:55:34.441+0000] {logging_mixin.py:151} INFO - [2024-10-18T23:55:34.441+0000] {dagbag.py:536} INFO - Filling up the DagBag from /home/airflow/.local/lib/python3.8/site-packages/airflow/example_dags/example_params_trigger_ui.py
[2024-10-18T23:55:34.500+0000] {processor.py:839} INFO - DAG(s) dict_keys(['example_params_trigger_ui']) retrieved from /home/airflow/.local/lib/python3.8/site-packages/airflow/example_dags/example_params_trigger_ui.py
[2024-10-18T23:55:34.641+0000] {logging_mixin.py:151} INFO - [2024-10-18T23:55:34.641+0000] {dag.py:2941} INFO - Sync 1 DAGs
[2024-10-18T23:55:34.669+0000] {logging_mixin.py:151} INFO - [2024-10-18T23:55:34.669+0000] {dag.py:3722} INFO - Setting next_dagrun for example_params_trigger_ui to None, run_after=None
[2024-10-18T23:55:34.709+0000] {processor.py:179} INFO - Processing /home/airflow/.local/lib/python3.8/site-packages/airflow/example_dags/example_params_trigger_ui.py took 0.292 seconds
[2024-10-18T23:56:12.661+0000] {processor.py:157} INFO - Started process (PID=1640) to work on /home/airflow/.local/lib/python3.8/site-packages/airflow/example_dags/example_params_trigger_ui.py
[2024-10-18T23:56:12.667+0000] {processor.py:829} INFO - Processing file /home/airflow/.local/lib/python3.8/site-packages/airflow/example_dags/example_params_trigger_ui.py for tasks to queue
[2024-10-18T23:56:12.679+0000] {logging_mixin.py:151} INFO - [2024-10-18T23:56:12.678+0000] {dagbag.py:536} INFO - Filling up the DagBag from /home/airflow/.local/lib/python3.8/site-packages/airflow/example_dags/example_params_trigger_ui.py
[2024-10-18T23:56:12.851+0000] {processor.py:839} INFO - DAG(s) dict_keys(['example_params_trigger_ui']) retrieved from /home/airflow/.local/lib/python3.8/site-packages/airflow/example_dags/example_params_trigger_ui.py
[2024-10-18T23:56:13.207+0000] {logging_mixin.py:151} INFO - [2024-10-18T23:56:13.207+0000] {dag.py:2941} INFO - Sync 1 DAGs
[2024-10-18T23:56:13.307+0000] {logging_mixin.py:151} INFO - [2024-10-18T23:56:13.305+0000] {dag.py:3722} INFO - Setting next_dagrun for example_params_trigger_ui to None, run_after=None
[2024-10-18T23:56:13.410+0000] {processor.py:179} INFO - Processing /home/airflow/.local/lib/python3.8/site-packages/airflow/example_dags/example_params_trigger_ui.py took 0.787 seconds
[2024-10-18T23:56:45.693+0000] {processor.py:157} INFO - Started process (PID=1696) to work on /home/airflow/.local/lib/python3.8/site-packages/airflow/example_dags/example_params_trigger_ui.py
[2024-10-18T23:56:45.705+0000] {processor.py:829} INFO - Processing file /home/airflow/.local/lib/python3.8/site-packages/airflow/example_dags/example_params_trigger_ui.py for tasks to queue
[2024-10-18T23:56:45.728+0000] {logging_mixin.py:151} INFO - [2024-10-18T23:56:45.727+0000] {dagbag.py:536} INFO - Filling up the DagBag from /home/airflow/.local/lib/python3.8/site-packages/airflow/example_dags/example_params_trigger_ui.py
[2024-10-18T23:56:46.208+0000] {processor.py:839} INFO - DAG(s) dict_keys(['example_params_trigger_ui']) retrieved from /home/airflow/.local/lib/python3.8/site-packages/airflow/example_dags/example_params_trigger_ui.py
[2024-10-18T23:56:46.643+0000] {logging_mixin.py:151} INFO - [2024-10-18T23:56:46.643+0000] {dag.py:2941} INFO - Sync 1 DAGs
[2024-10-18T23:56:46.673+0000] {logging_mixin.py:151} INFO - [2024-10-18T23:56:46.673+0000] {dag.py:3722} INFO - Setting next_dagrun for example_params_trigger_ui to None, run_after=None
[2024-10-18T23:56:46.711+0000] {processor.py:179} INFO - Processing /home/airflow/.local/lib/python3.8/site-packages/airflow/example_dags/example_params_trigger_ui.py took 1.058 seconds
[2024-10-18T23:57:26.209+0000] {processor.py:157} INFO - Started process (PID=1746) to work on /home/airflow/.local/lib/python3.8/site-packages/airflow/example_dags/example_params_trigger_ui.py
[2024-10-18T23:57:26.213+0000] {processor.py:829} INFO - Processing file /home/airflow/.local/lib/python3.8/site-packages/airflow/example_dags/example_params_trigger_ui.py for tasks to queue
[2024-10-18T23:57:26.225+0000] {logging_mixin.py:151} INFO - [2024-10-18T23:57:26.219+0000] {dagbag.py:536} INFO - Filling up the DagBag from /home/airflow/.local/lib/python3.8/site-packages/airflow/example_dags/example_params_trigger_ui.py
[2024-10-18T23:57:26.323+0000] {processor.py:839} INFO - DAG(s) dict_keys(['example_params_trigger_ui']) retrieved from /home/airflow/.local/lib/python3.8/site-packages/airflow/example_dags/example_params_trigger_ui.py
[2024-10-18T23:57:27.054+0000] {logging_mixin.py:151} INFO - [2024-10-18T23:57:27.043+0000] {dag.py:2941} INFO - Sync 1 DAGs
[2024-10-18T23:57:27.131+0000] {logging_mixin.py:151} INFO - [2024-10-18T23:57:27.131+0000] {dag.py:3722} INFO - Setting next_dagrun for example_params_trigger_ui to None, run_after=None
[2024-10-18T23:57:27.239+0000] {processor.py:179} INFO - Processing /home/airflow/.local/lib/python3.8/site-packages/airflow/example_dags/example_params_trigger_ui.py took 1.053 seconds
[2024-10-18T23:57:57.443+0000] {processor.py:157} INFO - Started process (PID=1800) to work on /home/airflow/.local/lib/python3.8/site-packages/airflow/example_dags/example_params_trigger_ui.py
[2024-10-18T23:57:57.447+0000] {processor.py:829} INFO - Processing file /home/airflow/.local/lib/python3.8/site-packages/airflow/example_dags/example_params_trigger_ui.py for tasks to queue
[2024-10-18T23:57:57.461+0000] {logging_mixin.py:151} INFO - [2024-10-18T23:57:57.460+0000] {dagbag.py:536} INFO - Filling up the DagBag from /home/airflow/.local/lib/python3.8/site-packages/airflow/example_dags/example_params_trigger_ui.py
[2024-10-18T23:57:57.505+0000] {processor.py:839} INFO - DAG(s) dict_keys(['example_params_trigger_ui']) retrieved from /home/airflow/.local/lib/python3.8/site-packages/airflow/example_dags/example_params_trigger_ui.py
[2024-10-18T23:57:57.849+0000] {logging_mixin.py:151} INFO - [2024-10-18T23:57:57.848+0000] {dag.py:2941} INFO - Sync 1 DAGs
[2024-10-18T23:57:57.905+0000] {logging_mixin.py:151} INFO - [2024-10-18T23:57:57.902+0000] {dag.py:3722} INFO - Setting next_dagrun for example_params_trigger_ui to None, run_after=None
[2024-10-18T23:57:57.951+0000] {processor.py:179} INFO - Processing /home/airflow/.local/lib/python3.8/site-packages/airflow/example_dags/example_params_trigger_ui.py took 0.523 seconds
[2024-10-18T23:58:28.964+0000] {processor.py:157} INFO - Started process (PID=1854) to work on /home/airflow/.local/lib/python3.8/site-packages/airflow/example_dags/example_params_trigger_ui.py
[2024-10-18T23:58:28.967+0000] {processor.py:829} INFO - Processing file /home/airflow/.local/lib/python3.8/site-packages/airflow/example_dags/example_params_trigger_ui.py for tasks to queue
[2024-10-18T23:58:28.975+0000] {logging_mixin.py:151} INFO - [2024-10-18T23:58:28.974+0000] {dagbag.py:536} INFO - Filling up the DagBag from /home/airflow/.local/lib/python3.8/site-packages/airflow/example_dags/example_params_trigger_ui.py
[2024-10-18T23:58:29.081+0000] {processor.py:839} INFO - DAG(s) dict_keys(['example_params_trigger_ui']) retrieved from /home/airflow/.local/lib/python3.8/site-packages/airflow/example_dags/example_params_trigger_ui.py
[2024-10-18T23:58:29.293+0000] {logging_mixin.py:151} INFO - [2024-10-18T23:58:29.293+0000] {dag.py:2941} INFO - Sync 1 DAGs
[2024-10-18T23:58:29.336+0000] {logging_mixin.py:151} INFO - [2024-10-18T23:58:29.335+0000] {dag.py:3722} INFO - Setting next_dagrun for example_params_trigger_ui to None, run_after=None
[2024-10-18T23:58:29.400+0000] {processor.py:179} INFO - Processing /home/airflow/.local/lib/python3.8/site-packages/airflow/example_dags/example_params_trigger_ui.py took 0.446 seconds
[2024-10-18T23:59:00.669+0000] {processor.py:157} INFO - Started process (PID=1908) to work on /home/airflow/.local/lib/python3.8/site-packages/airflow/example_dags/example_params_trigger_ui.py
[2024-10-18T23:59:00.689+0000] {processor.py:829} INFO - Processing file /home/airflow/.local/lib/python3.8/site-packages/airflow/example_dags/example_params_trigger_ui.py for tasks to queue
[2024-10-18T23:59:00.758+0000] {logging_mixin.py:151} INFO - [2024-10-18T23:59:00.757+0000] {dagbag.py:536} INFO - Filling up the DagBag from /home/airflow/.local/lib/python3.8/site-packages/airflow/example_dags/example_params_trigger_ui.py
[2024-10-18T23:59:00.862+0000] {processor.py:839} INFO - DAG(s) dict_keys(['example_params_trigger_ui']) retrieved from /home/airflow/.local/lib/python3.8/site-packages/airflow/example_dags/example_params_trigger_ui.py
[2024-10-18T23:59:01.113+0000] {logging_mixin.py:151} INFO - [2024-10-18T23:59:01.113+0000] {dag.py:2941} INFO - Sync 1 DAGs
[2024-10-18T23:59:01.167+0000] {logging_mixin.py:151} INFO - [2024-10-18T23:59:01.166+0000] {dag.py:3722} INFO - Setting next_dagrun for example_params_trigger_ui to None, run_after=None
[2024-10-18T23:59:01.248+0000] {processor.py:179} INFO - Processing /home/airflow/.local/lib/python3.8/site-packages/airflow/example_dags/example_params_trigger_ui.py took 0.630 seconds
[2024-10-18T23:59:31.550+0000] {processor.py:157} INFO - Started process (PID=1961) to work on /home/airflow/.local/lib/python3.8/site-packages/airflow/example_dags/example_params_trigger_ui.py
[2024-10-18T23:59:31.554+0000] {processor.py:829} INFO - Processing file /home/airflow/.local/lib/python3.8/site-packages/airflow/example_dags/example_params_trigger_ui.py for tasks to queue
[2024-10-18T23:59:31.558+0000] {logging_mixin.py:151} INFO - [2024-10-18T23:59:31.558+0000] {dagbag.py:536} INFO - Filling up the DagBag from /home/airflow/.local/lib/python3.8/site-packages/airflow/example_dags/example_params_trigger_ui.py
[2024-10-18T23:59:31.613+0000] {processor.py:839} INFO - DAG(s) dict_keys(['example_params_trigger_ui']) retrieved from /home/airflow/.local/lib/python3.8/site-packages/airflow/example_dags/example_params_trigger_ui.py
[2024-10-18T23:59:33.461+0000] {logging_mixin.py:151} INFO - [2024-10-18T23:59:33.461+0000] {dag.py:2941} INFO - Sync 1 DAGs
[2024-10-18T23:59:33.510+0000] {logging_mixin.py:151} INFO - [2024-10-18T23:59:33.510+0000] {dag.py:3722} INFO - Setting next_dagrun for example_params_trigger_ui to None, run_after=None
[2024-10-18T23:59:33.567+0000] {processor.py:179} INFO - Processing /home/airflow/.local/lib/python3.8/site-packages/airflow/example_dags/example_params_trigger_ui.py took 2.024 seconds
