[2024-10-18T23:31:38.749+0000] {processor.py:157} INFO - Started process (PID=75) to work on /home/airflow/.local/lib/python3.8/site-packages/airflow/example_dags/example_dynamic_task_mapping_with_no_taskflow_operators.py
[2024-10-18T23:31:38.762+0000] {processor.py:829} INFO - Processing file /home/airflow/.local/lib/python3.8/site-packages/airflow/example_dags/example_dynamic_task_mapping_with_no_taskflow_operators.py for tasks to queue
[2024-10-18T23:31:38.767+0000] {logging_mixin.py:151} INFO - [2024-10-18T23:31:38.767+0000] {dagbag.py:536} INFO - Filling up the DagBag from /home/airflow/.local/lib/python3.8/site-packages/airflow/example_dags/example_dynamic_task_mapping_with_no_taskflow_operators.py
[2024-10-18T23:31:38.849+0000] {processor.py:839} INFO - DAG(s) dict_keys(['example_dynamic_task_mapping_with_no_taskflow_operators']) retrieved from /home/airflow/.local/lib/python3.8/site-packages/airflow/example_dags/example_dynamic_task_mapping_with_no_taskflow_operators.py
[2024-10-18T23:31:39.179+0000] {logging_mixin.py:151} INFO - [2024-10-18T23:31:39.179+0000] {dag.py:2941} INFO - Sync 1 DAGs
[2024-10-18T23:31:39.528+0000] {logging_mixin.py:151} INFO - [2024-10-18T23:31:39.511+0000] {dag.py:3722} INFO - Setting next_dagrun for example_dynamic_task_mapping_with_no_taskflow_operators to 2024-10-17T23:31:39.502321+00:00, run_after=2024-10-18T23:31:39.502321+00:00
[2024-10-18T23:31:39.826+0000] {processor.py:179} INFO - Processing /home/airflow/.local/lib/python3.8/site-packages/airflow/example_dags/example_dynamic_task_mapping_with_no_taskflow_operators.py took 1.100 seconds
[2024-10-18T23:32:11.397+0000] {processor.py:157} INFO - Started process (PID=135) to work on /home/airflow/.local/lib/python3.8/site-packages/airflow/example_dags/example_dynamic_task_mapping_with_no_taskflow_operators.py
[2024-10-18T23:32:11.403+0000] {processor.py:829} INFO - Processing file /home/airflow/.local/lib/python3.8/site-packages/airflow/example_dags/example_dynamic_task_mapping_with_no_taskflow_operators.py for tasks to queue
[2024-10-18T23:32:11.667+0000] {logging_mixin.py:151} INFO - [2024-10-18T23:32:11.485+0000] {dagbag.py:536} INFO - Filling up the DagBag from /home/airflow/.local/lib/python3.8/site-packages/airflow/example_dags/example_dynamic_task_mapping_with_no_taskflow_operators.py
[2024-10-18T23:32:11.933+0000] {processor.py:839} INFO - DAG(s) dict_keys(['example_dynamic_task_mapping_with_no_taskflow_operators']) retrieved from /home/airflow/.local/lib/python3.8/site-packages/airflow/example_dags/example_dynamic_task_mapping_with_no_taskflow_operators.py
[2024-10-18T23:32:12.417+0000] {logging_mixin.py:151} INFO - [2024-10-18T23:32:12.417+0000] {dag.py:2941} INFO - Sync 1 DAGs
[2024-10-18T23:32:12.559+0000] {logging_mixin.py:151} INFO - [2024-10-18T23:32:12.557+0000] {dag.py:3722} INFO - Setting next_dagrun for example_dynamic_task_mapping_with_no_taskflow_operators to 2024-10-17T23:32:12.529329+00:00, run_after=2024-10-18T23:32:12.529329+00:00
[2024-10-18T23:32:12.679+0000] {processor.py:179} INFO - Processing /home/airflow/.local/lib/python3.8/site-packages/airflow/example_dags/example_dynamic_task_mapping_with_no_taskflow_operators.py took 1.295 seconds
[2024-10-18T23:32:43.110+0000] {processor.py:157} INFO - Started process (PID=181) to work on /home/airflow/.local/lib/python3.8/site-packages/airflow/example_dags/example_dynamic_task_mapping_with_no_taskflow_operators.py
[2024-10-18T23:32:43.111+0000] {processor.py:829} INFO - Processing file /home/airflow/.local/lib/python3.8/site-packages/airflow/example_dags/example_dynamic_task_mapping_with_no_taskflow_operators.py for tasks to queue
[2024-10-18T23:32:43.116+0000] {logging_mixin.py:151} INFO - [2024-10-18T23:32:43.116+0000] {dagbag.py:536} INFO - Filling up the DagBag from /home/airflow/.local/lib/python3.8/site-packages/airflow/example_dags/example_dynamic_task_mapping_with_no_taskflow_operators.py
[2024-10-18T23:32:43.137+0000] {processor.py:839} INFO - DAG(s) dict_keys(['example_dynamic_task_mapping_with_no_taskflow_operators']) retrieved from /home/airflow/.local/lib/python3.8/site-packages/airflow/example_dags/example_dynamic_task_mapping_with_no_taskflow_operators.py
[2024-10-18T23:32:43.198+0000] {logging_mixin.py:151} INFO - [2024-10-18T23:32:43.198+0000] {dag.py:2941} INFO - Sync 1 DAGs
[2024-10-18T23:32:43.233+0000] {logging_mixin.py:151} INFO - [2024-10-18T23:32:43.232+0000] {dag.py:3722} INFO - Setting next_dagrun for example_dynamic_task_mapping_with_no_taskflow_operators to 2024-10-17T23:32:43.232618+00:00, run_after=2024-10-18T23:32:43.232618+00:00
[2024-10-18T23:32:43.281+0000] {processor.py:179} INFO - Processing /home/airflow/.local/lib/python3.8/site-packages/airflow/example_dags/example_dynamic_task_mapping_with_no_taskflow_operators.py took 0.177 seconds
[2024-10-18T23:33:13.783+0000] {processor.py:157} INFO - Started process (PID=235) to work on /home/airflow/.local/lib/python3.8/site-packages/airflow/example_dags/example_dynamic_task_mapping_with_no_taskflow_operators.py
[2024-10-18T23:33:13.785+0000] {processor.py:829} INFO - Processing file /home/airflow/.local/lib/python3.8/site-packages/airflow/example_dags/example_dynamic_task_mapping_with_no_taskflow_operators.py for tasks to queue
[2024-10-18T23:33:13.791+0000] {logging_mixin.py:151} INFO - [2024-10-18T23:33:13.790+0000] {dagbag.py:536} INFO - Filling up the DagBag from /home/airflow/.local/lib/python3.8/site-packages/airflow/example_dags/example_dynamic_task_mapping_with_no_taskflow_operators.py
[2024-10-18T23:33:13.812+0000] {processor.py:839} INFO - DAG(s) dict_keys(['example_dynamic_task_mapping_with_no_taskflow_operators']) retrieved from /home/airflow/.local/lib/python3.8/site-packages/airflow/example_dags/example_dynamic_task_mapping_with_no_taskflow_operators.py
[2024-10-18T23:33:13.875+0000] {logging_mixin.py:151} INFO - [2024-10-18T23:33:13.875+0000] {dag.py:2941} INFO - Sync 1 DAGs
[2024-10-18T23:33:13.950+0000] {logging_mixin.py:151} INFO - [2024-10-18T23:33:13.950+0000] {dag.py:3722} INFO - Setting next_dagrun for example_dynamic_task_mapping_with_no_taskflow_operators to 2024-10-17T23:33:13.949277+00:00, run_after=2024-10-18T23:33:13.949277+00:00
[2024-10-18T23:33:14.043+0000] {processor.py:179} INFO - Processing /home/airflow/.local/lib/python3.8/site-packages/airflow/example_dags/example_dynamic_task_mapping_with_no_taskflow_operators.py took 0.272 seconds
[2024-10-18T23:33:44.723+0000] {processor.py:157} INFO - Started process (PID=289) to work on /home/airflow/.local/lib/python3.8/site-packages/airflow/example_dags/example_dynamic_task_mapping_with_no_taskflow_operators.py
[2024-10-18T23:33:44.726+0000] {processor.py:829} INFO - Processing file /home/airflow/.local/lib/python3.8/site-packages/airflow/example_dags/example_dynamic_task_mapping_with_no_taskflow_operators.py for tasks to queue
[2024-10-18T23:33:44.740+0000] {logging_mixin.py:151} INFO - [2024-10-18T23:33:44.739+0000] {dagbag.py:536} INFO - Filling up the DagBag from /home/airflow/.local/lib/python3.8/site-packages/airflow/example_dags/example_dynamic_task_mapping_with_no_taskflow_operators.py
[2024-10-18T23:33:44.760+0000] {processor.py:839} INFO - DAG(s) dict_keys(['example_dynamic_task_mapping_with_no_taskflow_operators']) retrieved from /home/airflow/.local/lib/python3.8/site-packages/airflow/example_dags/example_dynamic_task_mapping_with_no_taskflow_operators.py
[2024-10-18T23:33:44.820+0000] {logging_mixin.py:151} INFO - [2024-10-18T23:33:44.820+0000] {dag.py:2941} INFO - Sync 1 DAGs
[2024-10-18T23:33:44.868+0000] {logging_mixin.py:151} INFO - [2024-10-18T23:33:44.868+0000] {dag.py:3722} INFO - Setting next_dagrun for example_dynamic_task_mapping_with_no_taskflow_operators to 2024-10-17T23:33:44.867906+00:00, run_after=2024-10-18T23:33:44.867906+00:00
[2024-10-18T23:33:44.907+0000] {processor.py:179} INFO - Processing /home/airflow/.local/lib/python3.8/site-packages/airflow/example_dags/example_dynamic_task_mapping_with_no_taskflow_operators.py took 0.192 seconds
[2024-10-18T23:34:15.121+0000] {processor.py:157} INFO - Started process (PID=343) to work on /home/airflow/.local/lib/python3.8/site-packages/airflow/example_dags/example_dynamic_task_mapping_with_no_taskflow_operators.py
[2024-10-18T23:34:15.124+0000] {processor.py:829} INFO - Processing file /home/airflow/.local/lib/python3.8/site-packages/airflow/example_dags/example_dynamic_task_mapping_with_no_taskflow_operators.py for tasks to queue
[2024-10-18T23:34:15.130+0000] {logging_mixin.py:151} INFO - [2024-10-18T23:34:15.129+0000] {dagbag.py:536} INFO - Filling up the DagBag from /home/airflow/.local/lib/python3.8/site-packages/airflow/example_dags/example_dynamic_task_mapping_with_no_taskflow_operators.py
[2024-10-18T23:34:15.143+0000] {processor.py:839} INFO - DAG(s) dict_keys(['example_dynamic_task_mapping_with_no_taskflow_operators']) retrieved from /home/airflow/.local/lib/python3.8/site-packages/airflow/example_dags/example_dynamic_task_mapping_with_no_taskflow_operators.py
[2024-10-18T23:34:15.189+0000] {logging_mixin.py:151} INFO - [2024-10-18T23:34:15.188+0000] {dag.py:2941} INFO - Sync 1 DAGs
[2024-10-18T23:34:15.239+0000] {logging_mixin.py:151} INFO - [2024-10-18T23:34:15.238+0000] {dag.py:3722} INFO - Setting next_dagrun for example_dynamic_task_mapping_with_no_taskflow_operators to 2024-10-17T23:34:15.237872+00:00, run_after=2024-10-18T23:34:15.237872+00:00
[2024-10-18T23:34:15.283+0000] {processor.py:179} INFO - Processing /home/airflow/.local/lib/python3.8/site-packages/airflow/example_dags/example_dynamic_task_mapping_with_no_taskflow_operators.py took 0.171 seconds
[2024-10-18T23:34:46.185+0000] {processor.py:157} INFO - Started process (PID=404) to work on /home/airflow/.local/lib/python3.8/site-packages/airflow/example_dags/example_dynamic_task_mapping_with_no_taskflow_operators.py
[2024-10-18T23:34:46.190+0000] {processor.py:829} INFO - Processing file /home/airflow/.local/lib/python3.8/site-packages/airflow/example_dags/example_dynamic_task_mapping_with_no_taskflow_operators.py for tasks to queue
[2024-10-18T23:34:46.204+0000] {logging_mixin.py:151} INFO - [2024-10-18T23:34:46.203+0000] {dagbag.py:536} INFO - Filling up the DagBag from /home/airflow/.local/lib/python3.8/site-packages/airflow/example_dags/example_dynamic_task_mapping_with_no_taskflow_operators.py
[2024-10-18T23:34:46.246+0000] {processor.py:839} INFO - DAG(s) dict_keys(['example_dynamic_task_mapping_with_no_taskflow_operators']) retrieved from /home/airflow/.local/lib/python3.8/site-packages/airflow/example_dags/example_dynamic_task_mapping_with_no_taskflow_operators.py
[2024-10-18T23:34:46.331+0000] {logging_mixin.py:151} INFO - [2024-10-18T23:34:46.330+0000] {dag.py:2941} INFO - Sync 1 DAGs
[2024-10-18T23:34:46.411+0000] {logging_mixin.py:151} INFO - [2024-10-18T23:34:46.410+0000] {dag.py:3722} INFO - Setting next_dagrun for example_dynamic_task_mapping_with_no_taskflow_operators to 2024-10-17T23:34:46.410113+00:00, run_after=2024-10-18T23:34:46.410113+00:00
[2024-10-18T23:34:46.476+0000] {processor.py:179} INFO - Processing /home/airflow/.local/lib/python3.8/site-packages/airflow/example_dags/example_dynamic_task_mapping_with_no_taskflow_operators.py took 0.298 seconds
[2024-10-18T23:35:17.189+0000] {processor.py:157} INFO - Started process (PID=457) to work on /home/airflow/.local/lib/python3.8/site-packages/airflow/example_dags/example_dynamic_task_mapping_with_no_taskflow_operators.py
[2024-10-18T23:35:17.192+0000] {processor.py:829} INFO - Processing file /home/airflow/.local/lib/python3.8/site-packages/airflow/example_dags/example_dynamic_task_mapping_with_no_taskflow_operators.py for tasks to queue
[2024-10-18T23:35:17.198+0000] {logging_mixin.py:151} INFO - [2024-10-18T23:35:17.197+0000] {dagbag.py:536} INFO - Filling up the DagBag from /home/airflow/.local/lib/python3.8/site-packages/airflow/example_dags/example_dynamic_task_mapping_with_no_taskflow_operators.py
[2024-10-18T23:35:17.215+0000] {processor.py:839} INFO - DAG(s) dict_keys(['example_dynamic_task_mapping_with_no_taskflow_operators']) retrieved from /home/airflow/.local/lib/python3.8/site-packages/airflow/example_dags/example_dynamic_task_mapping_with_no_taskflow_operators.py
[2024-10-18T23:35:17.295+0000] {logging_mixin.py:151} INFO - [2024-10-18T23:35:17.295+0000] {dag.py:2941} INFO - Sync 1 DAGs
[2024-10-18T23:35:17.365+0000] {logging_mixin.py:151} INFO - [2024-10-18T23:35:17.364+0000] {dag.py:3722} INFO - Setting next_dagrun for example_dynamic_task_mapping_with_no_taskflow_operators to 2024-10-17T23:35:17.364334+00:00, run_after=2024-10-18T23:35:17.364334+00:00
[2024-10-18T23:35:17.431+0000] {processor.py:179} INFO - Processing /home/airflow/.local/lib/python3.8/site-packages/airflow/example_dags/example_dynamic_task_mapping_with_no_taskflow_operators.py took 0.253 seconds
[2024-10-18T23:35:47.562+0000] {processor.py:157} INFO - Started process (PID=511) to work on /home/airflow/.local/lib/python3.8/site-packages/airflow/example_dags/example_dynamic_task_mapping_with_no_taskflow_operators.py
[2024-10-18T23:35:47.564+0000] {processor.py:829} INFO - Processing file /home/airflow/.local/lib/python3.8/site-packages/airflow/example_dags/example_dynamic_task_mapping_with_no_taskflow_operators.py for tasks to queue
[2024-10-18T23:35:47.568+0000] {logging_mixin.py:151} INFO - [2024-10-18T23:35:47.568+0000] {dagbag.py:536} INFO - Filling up the DagBag from /home/airflow/.local/lib/python3.8/site-packages/airflow/example_dags/example_dynamic_task_mapping_with_no_taskflow_operators.py
[2024-10-18T23:35:47.590+0000] {processor.py:839} INFO - DAG(s) dict_keys(['example_dynamic_task_mapping_with_no_taskflow_operators']) retrieved from /home/airflow/.local/lib/python3.8/site-packages/airflow/example_dags/example_dynamic_task_mapping_with_no_taskflow_operators.py
[2024-10-18T23:35:47.645+0000] {logging_mixin.py:151} INFO - [2024-10-18T23:35:47.645+0000] {dag.py:2941} INFO - Sync 1 DAGs
[2024-10-18T23:35:47.695+0000] {logging_mixin.py:151} INFO - [2024-10-18T23:35:47.695+0000] {dag.py:3722} INFO - Setting next_dagrun for example_dynamic_task_mapping_with_no_taskflow_operators to 2024-10-17T23:35:47.694695+00:00, run_after=2024-10-18T23:35:47.694695+00:00
[2024-10-18T23:35:47.739+0000] {processor.py:179} INFO - Processing /home/airflow/.local/lib/python3.8/site-packages/airflow/example_dags/example_dynamic_task_mapping_with_no_taskflow_operators.py took 0.186 seconds
[2024-10-18T23:36:18.449+0000] {processor.py:157} INFO - Started process (PID=564) to work on /home/airflow/.local/lib/python3.8/site-packages/airflow/example_dags/example_dynamic_task_mapping_with_no_taskflow_operators.py
[2024-10-18T23:36:18.451+0000] {processor.py:829} INFO - Processing file /home/airflow/.local/lib/python3.8/site-packages/airflow/example_dags/example_dynamic_task_mapping_with_no_taskflow_operators.py for tasks to queue
[2024-10-18T23:36:18.457+0000] {logging_mixin.py:151} INFO - [2024-10-18T23:36:18.456+0000] {dagbag.py:536} INFO - Filling up the DagBag from /home/airflow/.local/lib/python3.8/site-packages/airflow/example_dags/example_dynamic_task_mapping_with_no_taskflow_operators.py
[2024-10-18T23:36:18.483+0000] {processor.py:839} INFO - DAG(s) dict_keys(['example_dynamic_task_mapping_with_no_taskflow_operators']) retrieved from /home/airflow/.local/lib/python3.8/site-packages/airflow/example_dags/example_dynamic_task_mapping_with_no_taskflow_operators.py
[2024-10-18T23:36:18.542+0000] {logging_mixin.py:151} INFO - [2024-10-18T23:36:18.542+0000] {dag.py:2941} INFO - Sync 1 DAGs
[2024-10-18T23:36:18.611+0000] {logging_mixin.py:151} INFO - [2024-10-18T23:36:18.611+0000] {dag.py:3722} INFO - Setting next_dagrun for example_dynamic_task_mapping_with_no_taskflow_operators to 2024-10-17T23:36:18.610742+00:00, run_after=2024-10-18T23:36:18.610742+00:00
[2024-10-18T23:36:18.684+0000] {processor.py:179} INFO - Processing /home/airflow/.local/lib/python3.8/site-packages/airflow/example_dags/example_dynamic_task_mapping_with_no_taskflow_operators.py took 0.245 seconds
[2024-10-18T23:38:48.851+0000] {processor.py:157} INFO - Started process (PID=82) to work on /home/airflow/.local/lib/python3.8/site-packages/airflow/example_dags/example_dynamic_task_mapping_with_no_taskflow_operators.py
[2024-10-18T23:38:48.866+0000] {processor.py:829} INFO - Processing file /home/airflow/.local/lib/python3.8/site-packages/airflow/example_dags/example_dynamic_task_mapping_with_no_taskflow_operators.py for tasks to queue
[2024-10-18T23:38:48.901+0000] {logging_mixin.py:151} INFO - [2024-10-18T23:38:48.892+0000] {dagbag.py:536} INFO - Filling up the DagBag from /home/airflow/.local/lib/python3.8/site-packages/airflow/example_dags/example_dynamic_task_mapping_with_no_taskflow_operators.py
[2024-10-18T23:38:48.984+0000] {processor.py:839} INFO - DAG(s) dict_keys(['example_dynamic_task_mapping_with_no_taskflow_operators']) retrieved from /home/airflow/.local/lib/python3.8/site-packages/airflow/example_dags/example_dynamic_task_mapping_with_no_taskflow_operators.py
[2024-10-18T23:38:49.182+0000] {logging_mixin.py:151} INFO - [2024-10-18T23:38:49.181+0000] {dag.py:2941} INFO - Sync 1 DAGs
[2024-10-18T23:38:49.333+0000] {logging_mixin.py:151} INFO - [2024-10-18T23:38:49.332+0000] {dag.py:3722} INFO - Setting next_dagrun for example_dynamic_task_mapping_with_no_taskflow_operators to 2024-10-17T23:38:49.331823+00:00, run_after=2024-10-18T23:38:49.331823+00:00
[2024-10-18T23:38:49.462+0000] {processor.py:179} INFO - Processing /home/airflow/.local/lib/python3.8/site-packages/airflow/example_dags/example_dynamic_task_mapping_with_no_taskflow_operators.py took 0.648 seconds
[2024-10-18T23:39:20.225+0000] {processor.py:157} INFO - Started process (PID=136) to work on /home/airflow/.local/lib/python3.8/site-packages/airflow/example_dags/example_dynamic_task_mapping_with_no_taskflow_operators.py
[2024-10-18T23:39:20.229+0000] {processor.py:829} INFO - Processing file /home/airflow/.local/lib/python3.8/site-packages/airflow/example_dags/example_dynamic_task_mapping_with_no_taskflow_operators.py for tasks to queue
[2024-10-18T23:39:20.243+0000] {logging_mixin.py:151} INFO - [2024-10-18T23:39:20.242+0000] {dagbag.py:536} INFO - Filling up the DagBag from /home/airflow/.local/lib/python3.8/site-packages/airflow/example_dags/example_dynamic_task_mapping_with_no_taskflow_operators.py
[2024-10-18T23:39:20.572+0000] {processor.py:839} INFO - DAG(s) dict_keys(['example_dynamic_task_mapping_with_no_taskflow_operators']) retrieved from /home/airflow/.local/lib/python3.8/site-packages/airflow/example_dags/example_dynamic_task_mapping_with_no_taskflow_operators.py
[2024-10-18T23:39:20.669+0000] {logging_mixin.py:151} INFO - [2024-10-18T23:39:20.668+0000] {dag.py:2941} INFO - Sync 1 DAGs
[2024-10-18T23:39:20.778+0000] {logging_mixin.py:151} INFO - [2024-10-18T23:39:20.777+0000] {dag.py:3722} INFO - Setting next_dagrun for example_dynamic_task_mapping_with_no_taskflow_operators to 2024-10-17T23:39:20.777081+00:00, run_after=2024-10-18T23:39:20.777081+00:00
[2024-10-18T23:39:20.857+0000] {processor.py:179} INFO - Processing /home/airflow/.local/lib/python3.8/site-packages/airflow/example_dags/example_dynamic_task_mapping_with_no_taskflow_operators.py took 0.658 seconds
[2024-10-18T23:39:51.737+0000] {processor.py:157} INFO - Started process (PID=190) to work on /home/airflow/.local/lib/python3.8/site-packages/airflow/example_dags/example_dynamic_task_mapping_with_no_taskflow_operators.py
[2024-10-18T23:39:51.740+0000] {processor.py:829} INFO - Processing file /home/airflow/.local/lib/python3.8/site-packages/airflow/example_dags/example_dynamic_task_mapping_with_no_taskflow_operators.py for tasks to queue
[2024-10-18T23:39:51.748+0000] {logging_mixin.py:151} INFO - [2024-10-18T23:39:51.744+0000] {dagbag.py:536} INFO - Filling up the DagBag from /home/airflow/.local/lib/python3.8/site-packages/airflow/example_dags/example_dynamic_task_mapping_with_no_taskflow_operators.py
[2024-10-18T23:39:51.798+0000] {processor.py:839} INFO - DAG(s) dict_keys(['example_dynamic_task_mapping_with_no_taskflow_operators']) retrieved from /home/airflow/.local/lib/python3.8/site-packages/airflow/example_dags/example_dynamic_task_mapping_with_no_taskflow_operators.py
[2024-10-18T23:39:52.052+0000] {logging_mixin.py:151} INFO - [2024-10-18T23:39:52.052+0000] {dag.py:2941} INFO - Sync 1 DAGs
[2024-10-18T23:39:52.124+0000] {logging_mixin.py:151} INFO - [2024-10-18T23:39:52.123+0000] {dag.py:3722} INFO - Setting next_dagrun for example_dynamic_task_mapping_with_no_taskflow_operators to 2024-10-17T23:39:52.122763+00:00, run_after=2024-10-18T23:39:52.122763+00:00
[2024-10-18T23:39:52.178+0000] {processor.py:179} INFO - Processing /home/airflow/.local/lib/python3.8/site-packages/airflow/example_dags/example_dynamic_task_mapping_with_no_taskflow_operators.py took 0.456 seconds
[2024-10-18T23:40:22.858+0000] {processor.py:157} INFO - Started process (PID=244) to work on /home/airflow/.local/lib/python3.8/site-packages/airflow/example_dags/example_dynamic_task_mapping_with_no_taskflow_operators.py
[2024-10-18T23:40:22.865+0000] {processor.py:829} INFO - Processing file /home/airflow/.local/lib/python3.8/site-packages/airflow/example_dags/example_dynamic_task_mapping_with_no_taskflow_operators.py for tasks to queue
[2024-10-18T23:40:22.875+0000] {logging_mixin.py:151} INFO - [2024-10-18T23:40:22.868+0000] {dagbag.py:536} INFO - Filling up the DagBag from /home/airflow/.local/lib/python3.8/site-packages/airflow/example_dags/example_dynamic_task_mapping_with_no_taskflow_operators.py
[2024-10-18T23:40:22.940+0000] {processor.py:839} INFO - DAG(s) dict_keys(['example_dynamic_task_mapping_with_no_taskflow_operators']) retrieved from /home/airflow/.local/lib/python3.8/site-packages/airflow/example_dags/example_dynamic_task_mapping_with_no_taskflow_operators.py
[2024-10-18T23:40:23.922+0000] {logging_mixin.py:151} INFO - [2024-10-18T23:40:23.920+0000] {dag.py:2941} INFO - Sync 1 DAGs
[2024-10-18T23:40:24.040+0000] {logging_mixin.py:151} INFO - [2024-10-18T23:40:24.039+0000] {dag.py:3722} INFO - Setting next_dagrun for example_dynamic_task_mapping_with_no_taskflow_operators to 2024-10-17T23:40:24.032206+00:00, run_after=2024-10-18T23:40:24.032206+00:00
[2024-10-18T23:40:24.211+0000] {processor.py:179} INFO - Processing /home/airflow/.local/lib/python3.8/site-packages/airflow/example_dags/example_dynamic_task_mapping_with_no_taskflow_operators.py took 1.388 seconds
[2024-10-18T23:41:12.994+0000] {processor.py:157} INFO - Started process (PID=286) to work on /home/airflow/.local/lib/python3.8/site-packages/airflow/example_dags/example_dynamic_task_mapping_with_no_taskflow_operators.py
[2024-10-18T23:41:12.999+0000] {processor.py:829} INFO - Processing file /home/airflow/.local/lib/python3.8/site-packages/airflow/example_dags/example_dynamic_task_mapping_with_no_taskflow_operators.py for tasks to queue
[2024-10-18T23:41:13.009+0000] {logging_mixin.py:151} INFO - [2024-10-18T23:41:13.008+0000] {dagbag.py:536} INFO - Filling up the DagBag from /home/airflow/.local/lib/python3.8/site-packages/airflow/example_dags/example_dynamic_task_mapping_with_no_taskflow_operators.py
[2024-10-18T23:41:13.053+0000] {processor.py:839} INFO - DAG(s) dict_keys(['example_dynamic_task_mapping_with_no_taskflow_operators']) retrieved from /home/airflow/.local/lib/python3.8/site-packages/airflow/example_dags/example_dynamic_task_mapping_with_no_taskflow_operators.py
[2024-10-18T23:41:13.176+0000] {logging_mixin.py:151} INFO - [2024-10-18T23:41:13.176+0000] {dag.py:2941} INFO - Sync 1 DAGs
[2024-10-18T23:41:13.239+0000] {logging_mixin.py:151} INFO - [2024-10-18T23:41:13.239+0000] {dag.py:3722} INFO - Setting next_dagrun for example_dynamic_task_mapping_with_no_taskflow_operators to 2024-10-17T23:41:13.237740+00:00, run_after=2024-10-18T23:41:13.237740+00:00
[2024-10-18T23:41:13.363+0000] {processor.py:179} INFO - Processing /home/airflow/.local/lib/python3.8/site-packages/airflow/example_dags/example_dynamic_task_mapping_with_no_taskflow_operators.py took 0.431 seconds
[2024-10-18T23:41:44.189+0000] {processor.py:157} INFO - Started process (PID=340) to work on /home/airflow/.local/lib/python3.8/site-packages/airflow/example_dags/example_dynamic_task_mapping_with_no_taskflow_operators.py
[2024-10-18T23:41:44.191+0000] {processor.py:829} INFO - Processing file /home/airflow/.local/lib/python3.8/site-packages/airflow/example_dags/example_dynamic_task_mapping_with_no_taskflow_operators.py for tasks to queue
[2024-10-18T23:41:44.201+0000] {logging_mixin.py:151} INFO - [2024-10-18T23:41:44.200+0000] {dagbag.py:536} INFO - Filling up the DagBag from /home/airflow/.local/lib/python3.8/site-packages/airflow/example_dags/example_dynamic_task_mapping_with_no_taskflow_operators.py
[2024-10-18T23:41:44.232+0000] {processor.py:839} INFO - DAG(s) dict_keys(['example_dynamic_task_mapping_with_no_taskflow_operators']) retrieved from /home/airflow/.local/lib/python3.8/site-packages/airflow/example_dags/example_dynamic_task_mapping_with_no_taskflow_operators.py
[2024-10-18T23:41:44.418+0000] {logging_mixin.py:151} INFO - [2024-10-18T23:41:44.418+0000] {dag.py:2941} INFO - Sync 1 DAGs
[2024-10-18T23:41:44.591+0000] {logging_mixin.py:151} INFO - [2024-10-18T23:41:44.590+0000] {dag.py:3722} INFO - Setting next_dagrun for example_dynamic_task_mapping_with_no_taskflow_operators to 2024-10-17T23:41:44.590681+00:00, run_after=2024-10-18T23:41:44.590681+00:00
[2024-10-18T23:41:45.183+0000] {processor.py:179} INFO - Processing /home/airflow/.local/lib/python3.8/site-packages/airflow/example_dags/example_dynamic_task_mapping_with_no_taskflow_operators.py took 1.001 seconds
[2024-10-18T23:43:08.156+0000] {processor.py:157} INFO - Started process (PID=391) to work on /home/airflow/.local/lib/python3.8/site-packages/airflow/example_dags/example_dynamic_task_mapping_with_no_taskflow_operators.py
[2024-10-18T23:43:08.183+0000] {processor.py:829} INFO - Processing file /home/airflow/.local/lib/python3.8/site-packages/airflow/example_dags/example_dynamic_task_mapping_with_no_taskflow_operators.py for tasks to queue
[2024-10-18T23:43:08.207+0000] {logging_mixin.py:151} INFO - [2024-10-18T23:43:08.206+0000] {dagbag.py:536} INFO - Filling up the DagBag from /home/airflow/.local/lib/python3.8/site-packages/airflow/example_dags/example_dynamic_task_mapping_with_no_taskflow_operators.py
[2024-10-18T23:43:08.298+0000] {processor.py:839} INFO - DAG(s) dict_keys(['example_dynamic_task_mapping_with_no_taskflow_operators']) retrieved from /home/airflow/.local/lib/python3.8/site-packages/airflow/example_dags/example_dynamic_task_mapping_with_no_taskflow_operators.py
[2024-10-18T23:43:08.656+0000] {logging_mixin.py:151} INFO - [2024-10-18T23:43:08.656+0000] {dag.py:2941} INFO - Sync 1 DAGs
[2024-10-18T23:43:09.240+0000] {logging_mixin.py:151} INFO - [2024-10-18T23:43:09.239+0000] {dag.py:3722} INFO - Setting next_dagrun for example_dynamic_task_mapping_with_no_taskflow_operators to 2024-10-17T23:43:09.196797+00:00, run_after=2024-10-18T23:43:09.196797+00:00
[2024-10-18T23:43:09.526+0000] {processor.py:179} INFO - Processing /home/airflow/.local/lib/python3.8/site-packages/airflow/example_dags/example_dynamic_task_mapping_with_no_taskflow_operators.py took 1.398 seconds
[2024-10-18T23:43:40.022+0000] {processor.py:157} INFO - Started process (PID=443) to work on /home/airflow/.local/lib/python3.8/site-packages/airflow/example_dags/example_dynamic_task_mapping_with_no_taskflow_operators.py
[2024-10-18T23:43:40.064+0000] {processor.py:829} INFO - Processing file /home/airflow/.local/lib/python3.8/site-packages/airflow/example_dags/example_dynamic_task_mapping_with_no_taskflow_operators.py for tasks to queue
[2024-10-18T23:43:40.193+0000] {logging_mixin.py:151} INFO - [2024-10-18T23:43:40.193+0000] {dagbag.py:536} INFO - Filling up the DagBag from /home/airflow/.local/lib/python3.8/site-packages/airflow/example_dags/example_dynamic_task_mapping_with_no_taskflow_operators.py
[2024-10-18T23:43:40.298+0000] {processor.py:839} INFO - DAG(s) dict_keys(['example_dynamic_task_mapping_with_no_taskflow_operators']) retrieved from /home/airflow/.local/lib/python3.8/site-packages/airflow/example_dags/example_dynamic_task_mapping_with_no_taskflow_operators.py
[2024-10-18T23:43:40.500+0000] {logging_mixin.py:151} INFO - [2024-10-18T23:43:40.498+0000] {dag.py:2941} INFO - Sync 1 DAGs
[2024-10-18T23:43:40.779+0000] {logging_mixin.py:151} INFO - [2024-10-18T23:43:40.778+0000] {dag.py:3722} INFO - Setting next_dagrun for example_dynamic_task_mapping_with_no_taskflow_operators to 2024-10-17T23:43:40.778351+00:00, run_after=2024-10-18T23:43:40.778351+00:00
[2024-10-18T23:43:41.096+0000] {processor.py:179} INFO - Processing /home/airflow/.local/lib/python3.8/site-packages/airflow/example_dags/example_dynamic_task_mapping_with_no_taskflow_operators.py took 1.126 seconds
[2024-10-18T23:44:11.291+0000] {processor.py:157} INFO - Started process (PID=497) to work on /home/airflow/.local/lib/python3.8/site-packages/airflow/example_dags/example_dynamic_task_mapping_with_no_taskflow_operators.py
[2024-10-18T23:44:11.293+0000] {processor.py:829} INFO - Processing file /home/airflow/.local/lib/python3.8/site-packages/airflow/example_dags/example_dynamic_task_mapping_with_no_taskflow_operators.py for tasks to queue
[2024-10-18T23:44:11.297+0000] {logging_mixin.py:151} INFO - [2024-10-18T23:44:11.297+0000] {dagbag.py:536} INFO - Filling up the DagBag from /home/airflow/.local/lib/python3.8/site-packages/airflow/example_dags/example_dynamic_task_mapping_with_no_taskflow_operators.py
[2024-10-18T23:44:11.312+0000] {processor.py:839} INFO - DAG(s) dict_keys(['example_dynamic_task_mapping_with_no_taskflow_operators']) retrieved from /home/airflow/.local/lib/python3.8/site-packages/airflow/example_dags/example_dynamic_task_mapping_with_no_taskflow_operators.py
[2024-10-18T23:44:11.376+0000] {logging_mixin.py:151} INFO - [2024-10-18T23:44:11.376+0000] {dag.py:2941} INFO - Sync 1 DAGs
[2024-10-18T23:44:11.421+0000] {logging_mixin.py:151} INFO - [2024-10-18T23:44:11.421+0000] {dag.py:3722} INFO - Setting next_dagrun for example_dynamic_task_mapping_with_no_taskflow_operators to 2024-10-17T23:44:11.421172+00:00, run_after=2024-10-18T23:44:11.421172+00:00
[2024-10-18T23:44:11.460+0000] {processor.py:179} INFO - Processing /home/airflow/.local/lib/python3.8/site-packages/airflow/example_dags/example_dynamic_task_mapping_with_no_taskflow_operators.py took 0.176 seconds
[2024-10-18T23:44:41.871+0000] {processor.py:157} INFO - Started process (PID=551) to work on /home/airflow/.local/lib/python3.8/site-packages/airflow/example_dags/example_dynamic_task_mapping_with_no_taskflow_operators.py
[2024-10-18T23:44:41.876+0000] {processor.py:829} INFO - Processing file /home/airflow/.local/lib/python3.8/site-packages/airflow/example_dags/example_dynamic_task_mapping_with_no_taskflow_operators.py for tasks to queue
[2024-10-18T23:44:41.881+0000] {logging_mixin.py:151} INFO - [2024-10-18T23:44:41.880+0000] {dagbag.py:536} INFO - Filling up the DagBag from /home/airflow/.local/lib/python3.8/site-packages/airflow/example_dags/example_dynamic_task_mapping_with_no_taskflow_operators.py
[2024-10-18T23:44:41.896+0000] {processor.py:839} INFO - DAG(s) dict_keys(['example_dynamic_task_mapping_with_no_taskflow_operators']) retrieved from /home/airflow/.local/lib/python3.8/site-packages/airflow/example_dags/example_dynamic_task_mapping_with_no_taskflow_operators.py
[2024-10-18T23:44:41.936+0000] {logging_mixin.py:151} INFO - [2024-10-18T23:44:41.936+0000] {dag.py:2941} INFO - Sync 1 DAGs
[2024-10-18T23:44:41.990+0000] {logging_mixin.py:151} INFO - [2024-10-18T23:44:41.989+0000] {dag.py:3722} INFO - Setting next_dagrun for example_dynamic_task_mapping_with_no_taskflow_operators to 2024-10-17T23:44:41.989106+00:00, run_after=2024-10-18T23:44:41.989106+00:00
[2024-10-18T23:44:42.023+0000] {processor.py:179} INFO - Processing /home/airflow/.local/lib/python3.8/site-packages/airflow/example_dags/example_dynamic_task_mapping_with_no_taskflow_operators.py took 0.160 seconds
[2024-10-18T23:45:13.280+0000] {processor.py:157} INFO - Started process (PID=611) to work on /home/airflow/.local/lib/python3.8/site-packages/airflow/example_dags/example_dynamic_task_mapping_with_no_taskflow_operators.py
[2024-10-18T23:45:13.283+0000] {processor.py:829} INFO - Processing file /home/airflow/.local/lib/python3.8/site-packages/airflow/example_dags/example_dynamic_task_mapping_with_no_taskflow_operators.py for tasks to queue
[2024-10-18T23:45:13.318+0000] {logging_mixin.py:151} INFO - [2024-10-18T23:45:13.294+0000] {dagbag.py:536} INFO - Filling up the DagBag from /home/airflow/.local/lib/python3.8/site-packages/airflow/example_dags/example_dynamic_task_mapping_with_no_taskflow_operators.py
[2024-10-18T23:45:13.349+0000] {processor.py:839} INFO - DAG(s) dict_keys(['example_dynamic_task_mapping_with_no_taskflow_operators']) retrieved from /home/airflow/.local/lib/python3.8/site-packages/airflow/example_dags/example_dynamic_task_mapping_with_no_taskflow_operators.py
[2024-10-18T23:45:13.393+0000] {logging_mixin.py:151} INFO - [2024-10-18T23:45:13.393+0000] {dag.py:2941} INFO - Sync 1 DAGs
[2024-10-18T23:45:13.484+0000] {logging_mixin.py:151} INFO - [2024-10-18T23:45:13.483+0000] {dag.py:3722} INFO - Setting next_dagrun for example_dynamic_task_mapping_with_no_taskflow_operators to 2024-10-17T23:45:13.473049+00:00, run_after=2024-10-18T23:45:13.473049+00:00
[2024-10-18T23:45:13.547+0000] {processor.py:179} INFO - Processing /home/airflow/.local/lib/python3.8/site-packages/airflow/example_dags/example_dynamic_task_mapping_with_no_taskflow_operators.py took 0.277 seconds
[2024-10-18T23:45:44.083+0000] {processor.py:157} INFO - Started process (PID=660) to work on /home/airflow/.local/lib/python3.8/site-packages/airflow/example_dags/example_dynamic_task_mapping_with_no_taskflow_operators.py
[2024-10-18T23:45:44.085+0000] {processor.py:829} INFO - Processing file /home/airflow/.local/lib/python3.8/site-packages/airflow/example_dags/example_dynamic_task_mapping_with_no_taskflow_operators.py for tasks to queue
[2024-10-18T23:45:44.089+0000] {logging_mixin.py:151} INFO - [2024-10-18T23:45:44.088+0000] {dagbag.py:536} INFO - Filling up the DagBag from /home/airflow/.local/lib/python3.8/site-packages/airflow/example_dags/example_dynamic_task_mapping_with_no_taskflow_operators.py
[2024-10-18T23:45:44.111+0000] {processor.py:839} INFO - DAG(s) dict_keys(['example_dynamic_task_mapping_with_no_taskflow_operators']) retrieved from /home/airflow/.local/lib/python3.8/site-packages/airflow/example_dags/example_dynamic_task_mapping_with_no_taskflow_operators.py
[2024-10-18T23:45:44.191+0000] {logging_mixin.py:151} INFO - [2024-10-18T23:45:44.190+0000] {dag.py:2941} INFO - Sync 1 DAGs
[2024-10-18T23:45:44.298+0000] {logging_mixin.py:151} INFO - [2024-10-18T23:45:44.297+0000] {dag.py:3722} INFO - Setting next_dagrun for example_dynamic_task_mapping_with_no_taskflow_operators to 2024-10-17T23:45:44.296645+00:00, run_after=2024-10-18T23:45:44.296645+00:00
[2024-10-18T23:45:44.449+0000] {processor.py:179} INFO - Processing /home/airflow/.local/lib/python3.8/site-packages/airflow/example_dags/example_dynamic_task_mapping_with_no_taskflow_operators.py took 0.372 seconds
[2024-10-18T23:46:14.664+0000] {processor.py:157} INFO - Started process (PID=713) to work on /home/airflow/.local/lib/python3.8/site-packages/airflow/example_dags/example_dynamic_task_mapping_with_no_taskflow_operators.py
[2024-10-18T23:46:14.666+0000] {processor.py:829} INFO - Processing file /home/airflow/.local/lib/python3.8/site-packages/airflow/example_dags/example_dynamic_task_mapping_with_no_taskflow_operators.py for tasks to queue
[2024-10-18T23:46:14.674+0000] {logging_mixin.py:151} INFO - [2024-10-18T23:46:14.674+0000] {dagbag.py:536} INFO - Filling up the DagBag from /home/airflow/.local/lib/python3.8/site-packages/airflow/example_dags/example_dynamic_task_mapping_with_no_taskflow_operators.py
[2024-10-18T23:46:14.690+0000] {processor.py:839} INFO - DAG(s) dict_keys(['example_dynamic_task_mapping_with_no_taskflow_operators']) retrieved from /home/airflow/.local/lib/python3.8/site-packages/airflow/example_dags/example_dynamic_task_mapping_with_no_taskflow_operators.py
[2024-10-18T23:46:14.749+0000] {logging_mixin.py:151} INFO - [2024-10-18T23:46:14.749+0000] {dag.py:2941} INFO - Sync 1 DAGs
[2024-10-18T23:46:14.797+0000] {logging_mixin.py:151} INFO - [2024-10-18T23:46:14.796+0000] {dag.py:3722} INFO - Setting next_dagrun for example_dynamic_task_mapping_with_no_taskflow_operators to 2024-10-17T23:46:14.796537+00:00, run_after=2024-10-18T23:46:14.796537+00:00
[2024-10-18T23:46:14.874+0000] {processor.py:179} INFO - Processing /home/airflow/.local/lib/python3.8/site-packages/airflow/example_dags/example_dynamic_task_mapping_with_no_taskflow_operators.py took 0.222 seconds
[2024-10-18T23:46:45.472+0000] {processor.py:157} INFO - Started process (PID=766) to work on /home/airflow/.local/lib/python3.8/site-packages/airflow/example_dags/example_dynamic_task_mapping_with_no_taskflow_operators.py
[2024-10-18T23:46:45.474+0000] {processor.py:829} INFO - Processing file /home/airflow/.local/lib/python3.8/site-packages/airflow/example_dags/example_dynamic_task_mapping_with_no_taskflow_operators.py for tasks to queue
[2024-10-18T23:46:45.483+0000] {logging_mixin.py:151} INFO - [2024-10-18T23:46:45.482+0000] {dagbag.py:536} INFO - Filling up the DagBag from /home/airflow/.local/lib/python3.8/site-packages/airflow/example_dags/example_dynamic_task_mapping_with_no_taskflow_operators.py
[2024-10-18T23:46:45.495+0000] {processor.py:839} INFO - DAG(s) dict_keys(['example_dynamic_task_mapping_with_no_taskflow_operators']) retrieved from /home/airflow/.local/lib/python3.8/site-packages/airflow/example_dags/example_dynamic_task_mapping_with_no_taskflow_operators.py
[2024-10-18T23:46:45.543+0000] {logging_mixin.py:151} INFO - [2024-10-18T23:46:45.542+0000] {dag.py:2941} INFO - Sync 1 DAGs
[2024-10-18T23:46:45.657+0000] {logging_mixin.py:151} INFO - [2024-10-18T23:46:45.656+0000] {dag.py:3722} INFO - Setting next_dagrun for example_dynamic_task_mapping_with_no_taskflow_operators to 2024-10-17T23:46:45.656296+00:00, run_after=2024-10-18T23:46:45.656296+00:00
[2024-10-18T23:46:45.706+0000] {processor.py:179} INFO - Processing /home/airflow/.local/lib/python3.8/site-packages/airflow/example_dags/example_dynamic_task_mapping_with_no_taskflow_operators.py took 0.241 seconds
[2024-10-18T23:47:16.103+0000] {processor.py:157} INFO - Started process (PID=820) to work on /home/airflow/.local/lib/python3.8/site-packages/airflow/example_dags/example_dynamic_task_mapping_with_no_taskflow_operators.py
[2024-10-18T23:47:16.105+0000] {processor.py:829} INFO - Processing file /home/airflow/.local/lib/python3.8/site-packages/airflow/example_dags/example_dynamic_task_mapping_with_no_taskflow_operators.py for tasks to queue
[2024-10-18T23:47:16.114+0000] {logging_mixin.py:151} INFO - [2024-10-18T23:47:16.112+0000] {dagbag.py:536} INFO - Filling up the DagBag from /home/airflow/.local/lib/python3.8/site-packages/airflow/example_dags/example_dynamic_task_mapping_with_no_taskflow_operators.py
[2024-10-18T23:47:16.137+0000] {processor.py:839} INFO - DAG(s) dict_keys(['example_dynamic_task_mapping_with_no_taskflow_operators']) retrieved from /home/airflow/.local/lib/python3.8/site-packages/airflow/example_dags/example_dynamic_task_mapping_with_no_taskflow_operators.py
[2024-10-18T23:47:16.189+0000] {logging_mixin.py:151} INFO - [2024-10-18T23:47:16.188+0000] {dag.py:2941} INFO - Sync 1 DAGs
[2024-10-18T23:47:16.241+0000] {logging_mixin.py:151} INFO - [2024-10-18T23:47:16.240+0000] {dag.py:3722} INFO - Setting next_dagrun for example_dynamic_task_mapping_with_no_taskflow_operators to 2024-10-17T23:47:16.240186+00:00, run_after=2024-10-18T23:47:16.240186+00:00
[2024-10-18T23:47:16.295+0000] {processor.py:179} INFO - Processing /home/airflow/.local/lib/python3.8/site-packages/airflow/example_dags/example_dynamic_task_mapping_with_no_taskflow_operators.py took 0.209 seconds
[2024-10-18T23:47:54.928+0000] {processor.py:157} INFO - Started process (PID=871) to work on /home/airflow/.local/lib/python3.8/site-packages/airflow/example_dags/example_dynamic_task_mapping_with_no_taskflow_operators.py
[2024-10-18T23:47:54.930+0000] {processor.py:829} INFO - Processing file /home/airflow/.local/lib/python3.8/site-packages/airflow/example_dags/example_dynamic_task_mapping_with_no_taskflow_operators.py for tasks to queue
[2024-10-18T23:47:54.937+0000] {logging_mixin.py:151} INFO - [2024-10-18T23:47:54.935+0000] {dagbag.py:536} INFO - Filling up the DagBag from /home/airflow/.local/lib/python3.8/site-packages/airflow/example_dags/example_dynamic_task_mapping_with_no_taskflow_operators.py
[2024-10-18T23:47:54.969+0000] {processor.py:839} INFO - DAG(s) dict_keys(['example_dynamic_task_mapping_with_no_taskflow_operators']) retrieved from /home/airflow/.local/lib/python3.8/site-packages/airflow/example_dags/example_dynamic_task_mapping_with_no_taskflow_operators.py
[2024-10-18T23:47:55.187+0000] {logging_mixin.py:151} INFO - [2024-10-18T23:47:55.186+0000] {dag.py:2941} INFO - Sync 1 DAGs
[2024-10-18T23:47:55.277+0000] {logging_mixin.py:151} INFO - [2024-10-18T23:47:55.276+0000] {dag.py:3722} INFO - Setting next_dagrun for example_dynamic_task_mapping_with_no_taskflow_operators to 2024-10-17T23:47:55.274819+00:00, run_after=2024-10-18T23:47:55.274819+00:00
[2024-10-18T23:47:55.386+0000] {processor.py:179} INFO - Processing /home/airflow/.local/lib/python3.8/site-packages/airflow/example_dags/example_dynamic_task_mapping_with_no_taskflow_operators.py took 0.470 seconds
[2024-10-18T23:48:26.618+0000] {processor.py:157} INFO - Started process (PID=925) to work on /home/airflow/.local/lib/python3.8/site-packages/airflow/example_dags/example_dynamic_task_mapping_with_no_taskflow_operators.py
[2024-10-18T23:48:26.622+0000] {processor.py:829} INFO - Processing file /home/airflow/.local/lib/python3.8/site-packages/airflow/example_dags/example_dynamic_task_mapping_with_no_taskflow_operators.py for tasks to queue
[2024-10-18T23:48:26.626+0000] {logging_mixin.py:151} INFO - [2024-10-18T23:48:26.625+0000] {dagbag.py:536} INFO - Filling up the DagBag from /home/airflow/.local/lib/python3.8/site-packages/airflow/example_dags/example_dynamic_task_mapping_with_no_taskflow_operators.py
[2024-10-18T23:48:26.659+0000] {processor.py:839} INFO - DAG(s) dict_keys(['example_dynamic_task_mapping_with_no_taskflow_operators']) retrieved from /home/airflow/.local/lib/python3.8/site-packages/airflow/example_dags/example_dynamic_task_mapping_with_no_taskflow_operators.py
[2024-10-18T23:48:26.799+0000] {logging_mixin.py:151} INFO - [2024-10-18T23:48:26.799+0000] {dag.py:2941} INFO - Sync 1 DAGs
[2024-10-18T23:48:26.892+0000] {logging_mixin.py:151} INFO - [2024-10-18T23:48:26.891+0000] {dag.py:3722} INFO - Setting next_dagrun for example_dynamic_task_mapping_with_no_taskflow_operators to 2024-10-17T23:48:26.891469+00:00, run_after=2024-10-18T23:48:26.891469+00:00
[2024-10-18T23:48:26.962+0000] {processor.py:179} INFO - Processing /home/airflow/.local/lib/python3.8/site-packages/airflow/example_dags/example_dynamic_task_mapping_with_no_taskflow_operators.py took 0.355 seconds
[2024-10-18T23:49:01.364+0000] {processor.py:157} INFO - Started process (PID=974) to work on /home/airflow/.local/lib/python3.8/site-packages/airflow/example_dags/example_dynamic_task_mapping_with_no_taskflow_operators.py
[2024-10-18T23:49:01.367+0000] {processor.py:829} INFO - Processing file /home/airflow/.local/lib/python3.8/site-packages/airflow/example_dags/example_dynamic_task_mapping_with_no_taskflow_operators.py for tasks to queue
[2024-10-18T23:49:01.372+0000] {logging_mixin.py:151} INFO - [2024-10-18T23:49:01.371+0000] {dagbag.py:536} INFO - Filling up the DagBag from /home/airflow/.local/lib/python3.8/site-packages/airflow/example_dags/example_dynamic_task_mapping_with_no_taskflow_operators.py
[2024-10-18T23:49:01.413+0000] {processor.py:839} INFO - DAG(s) dict_keys(['example_dynamic_task_mapping_with_no_taskflow_operators']) retrieved from /home/airflow/.local/lib/python3.8/site-packages/airflow/example_dags/example_dynamic_task_mapping_with_no_taskflow_operators.py
[2024-10-18T23:49:01.518+0000] {logging_mixin.py:151} INFO - [2024-10-18T23:49:01.518+0000] {dag.py:2941} INFO - Sync 1 DAGs
[2024-10-18T23:49:01.598+0000] {logging_mixin.py:151} INFO - [2024-10-18T23:49:01.597+0000] {dag.py:3722} INFO - Setting next_dagrun for example_dynamic_task_mapping_with_no_taskflow_operators to 2024-10-17T23:49:01.575878+00:00, run_after=2024-10-18T23:49:01.575878+00:00
[2024-10-18T23:49:01.749+0000] {processor.py:179} INFO - Processing /home/airflow/.local/lib/python3.8/site-packages/airflow/example_dags/example_dynamic_task_mapping_with_no_taskflow_operators.py took 0.399 seconds
[2024-10-18T23:49:44.240+0000] {processor.py:157} INFO - Started process (PID=1027) to work on /home/airflow/.local/lib/python3.8/site-packages/airflow/example_dags/example_dynamic_task_mapping_with_no_taskflow_operators.py
[2024-10-18T23:49:44.244+0000] {processor.py:829} INFO - Processing file /home/airflow/.local/lib/python3.8/site-packages/airflow/example_dags/example_dynamic_task_mapping_with_no_taskflow_operators.py for tasks to queue
[2024-10-18T23:49:44.254+0000] {logging_mixin.py:151} INFO - [2024-10-18T23:49:44.252+0000] {dagbag.py:536} INFO - Filling up the DagBag from /home/airflow/.local/lib/python3.8/site-packages/airflow/example_dags/example_dynamic_task_mapping_with_no_taskflow_operators.py
[2024-10-18T23:49:44.310+0000] {processor.py:839} INFO - DAG(s) dict_keys(['example_dynamic_task_mapping_with_no_taskflow_operators']) retrieved from /home/airflow/.local/lib/python3.8/site-packages/airflow/example_dags/example_dynamic_task_mapping_with_no_taskflow_operators.py
[2024-10-18T23:49:45.121+0000] {logging_mixin.py:151} INFO - [2024-10-18T23:49:45.110+0000] {dag.py:2941} INFO - Sync 1 DAGs
[2024-10-18T23:49:45.723+0000] {logging_mixin.py:151} INFO - [2024-10-18T23:49:45.722+0000] {dag.py:3722} INFO - Setting next_dagrun for example_dynamic_task_mapping_with_no_taskflow_operators to 2024-10-17T23:49:45.709440+00:00, run_after=2024-10-18T23:49:45.709440+00:00
[2024-10-18T23:49:45.817+0000] {processor.py:179} INFO - Processing /home/airflow/.local/lib/python3.8/site-packages/airflow/example_dags/example_dynamic_task_mapping_with_no_taskflow_operators.py took 1.593 seconds
[2024-10-18T23:50:25.870+0000] {processor.py:157} INFO - Started process (PID=1079) to work on /home/airflow/.local/lib/python3.8/site-packages/airflow/example_dags/example_dynamic_task_mapping_with_no_taskflow_operators.py
[2024-10-18T23:50:25.874+0000] {processor.py:829} INFO - Processing file /home/airflow/.local/lib/python3.8/site-packages/airflow/example_dags/example_dynamic_task_mapping_with_no_taskflow_operators.py for tasks to queue
[2024-10-18T23:50:25.883+0000] {logging_mixin.py:151} INFO - [2024-10-18T23:50:25.882+0000] {dagbag.py:536} INFO - Filling up the DagBag from /home/airflow/.local/lib/python3.8/site-packages/airflow/example_dags/example_dynamic_task_mapping_with_no_taskflow_operators.py
[2024-10-18T23:50:25.916+0000] {processor.py:839} INFO - DAG(s) dict_keys(['example_dynamic_task_mapping_with_no_taskflow_operators']) retrieved from /home/airflow/.local/lib/python3.8/site-packages/airflow/example_dags/example_dynamic_task_mapping_with_no_taskflow_operators.py
[2024-10-18T23:50:26.001+0000] {logging_mixin.py:151} INFO - [2024-10-18T23:50:26.000+0000] {dag.py:2941} INFO - Sync 1 DAGs
[2024-10-18T23:50:26.085+0000] {logging_mixin.py:151} INFO - [2024-10-18T23:50:26.084+0000] {dag.py:3722} INFO - Setting next_dagrun for example_dynamic_task_mapping_with_no_taskflow_operators to 2024-10-17T23:50:26.080580+00:00, run_after=2024-10-18T23:50:26.080580+00:00
[2024-10-18T23:50:26.160+0000] {processor.py:179} INFO - Processing /home/airflow/.local/lib/python3.8/site-packages/airflow/example_dags/example_dynamic_task_mapping_with_no_taskflow_operators.py took 0.314 seconds
[2024-10-18T23:50:57.270+0000] {processor.py:157} INFO - Started process (PID=1132) to work on /home/airflow/.local/lib/python3.8/site-packages/airflow/example_dags/example_dynamic_task_mapping_with_no_taskflow_operators.py
[2024-10-18T23:50:57.274+0000] {processor.py:829} INFO - Processing file /home/airflow/.local/lib/python3.8/site-packages/airflow/example_dags/example_dynamic_task_mapping_with_no_taskflow_operators.py for tasks to queue
[2024-10-18T23:50:57.279+0000] {logging_mixin.py:151} INFO - [2024-10-18T23:50:57.278+0000] {dagbag.py:536} INFO - Filling up the DagBag from /home/airflow/.local/lib/python3.8/site-packages/airflow/example_dags/example_dynamic_task_mapping_with_no_taskflow_operators.py
[2024-10-18T23:50:57.293+0000] {processor.py:839} INFO - DAG(s) dict_keys(['example_dynamic_task_mapping_with_no_taskflow_operators']) retrieved from /home/airflow/.local/lib/python3.8/site-packages/airflow/example_dags/example_dynamic_task_mapping_with_no_taskflow_operators.py
[2024-10-18T23:50:57.342+0000] {logging_mixin.py:151} INFO - [2024-10-18T23:50:57.342+0000] {dag.py:2941} INFO - Sync 1 DAGs
[2024-10-18T23:50:57.853+0000] {logging_mixin.py:151} INFO - [2024-10-18T23:50:57.853+0000] {dag.py:3722} INFO - Setting next_dagrun for example_dynamic_task_mapping_with_no_taskflow_operators to 2024-10-17T23:50:57.852378+00:00, run_after=2024-10-18T23:50:57.852378+00:00
[2024-10-18T23:50:57.894+0000] {processor.py:179} INFO - Processing /home/airflow/.local/lib/python3.8/site-packages/airflow/example_dags/example_dynamic_task_mapping_with_no_taskflow_operators.py took 0.632 seconds
[2024-10-18T23:51:28.770+0000] {processor.py:157} INFO - Started process (PID=1191) to work on /home/airflow/.local/lib/python3.8/site-packages/airflow/example_dags/example_dynamic_task_mapping_with_no_taskflow_operators.py
[2024-10-18T23:51:28.772+0000] {processor.py:829} INFO - Processing file /home/airflow/.local/lib/python3.8/site-packages/airflow/example_dags/example_dynamic_task_mapping_with_no_taskflow_operators.py for tasks to queue
[2024-10-18T23:51:28.778+0000] {logging_mixin.py:151} INFO - [2024-10-18T23:51:28.777+0000] {dagbag.py:536} INFO - Filling up the DagBag from /home/airflow/.local/lib/python3.8/site-packages/airflow/example_dags/example_dynamic_task_mapping_with_no_taskflow_operators.py
[2024-10-18T23:51:28.791+0000] {processor.py:839} INFO - DAG(s) dict_keys(['example_dynamic_task_mapping_with_no_taskflow_operators']) retrieved from /home/airflow/.local/lib/python3.8/site-packages/airflow/example_dags/example_dynamic_task_mapping_with_no_taskflow_operators.py
[2024-10-18T23:51:28.850+0000] {logging_mixin.py:151} INFO - [2024-10-18T23:51:28.849+0000] {dag.py:2941} INFO - Sync 1 DAGs
[2024-10-18T23:51:28.929+0000] {logging_mixin.py:151} INFO - [2024-10-18T23:51:28.928+0000] {dag.py:3722} INFO - Setting next_dagrun for example_dynamic_task_mapping_with_no_taskflow_operators to 2024-10-17T23:51:28.924615+00:00, run_after=2024-10-18T23:51:28.924615+00:00
[2024-10-18T23:51:28.986+0000] {processor.py:179} INFO - Processing /home/airflow/.local/lib/python3.8/site-packages/airflow/example_dags/example_dynamic_task_mapping_with_no_taskflow_operators.py took 0.223 seconds
[2024-10-18T23:51:59.837+0000] {processor.py:157} INFO - Started process (PID=1246) to work on /home/airflow/.local/lib/python3.8/site-packages/airflow/example_dags/example_dynamic_task_mapping_with_no_taskflow_operators.py
[2024-10-18T23:51:59.839+0000] {processor.py:829} INFO - Processing file /home/airflow/.local/lib/python3.8/site-packages/airflow/example_dags/example_dynamic_task_mapping_with_no_taskflow_operators.py for tasks to queue
[2024-10-18T23:51:59.844+0000] {logging_mixin.py:151} INFO - [2024-10-18T23:51:59.844+0000] {dagbag.py:536} INFO - Filling up the DagBag from /home/airflow/.local/lib/python3.8/site-packages/airflow/example_dags/example_dynamic_task_mapping_with_no_taskflow_operators.py
[2024-10-18T23:51:59.860+0000] {processor.py:839} INFO - DAG(s) dict_keys(['example_dynamic_task_mapping_with_no_taskflow_operators']) retrieved from /home/airflow/.local/lib/python3.8/site-packages/airflow/example_dags/example_dynamic_task_mapping_with_no_taskflow_operators.py
[2024-10-18T23:51:59.910+0000] {logging_mixin.py:151} INFO - [2024-10-18T23:51:59.910+0000] {dag.py:2941} INFO - Sync 1 DAGs
[2024-10-18T23:51:59.957+0000] {logging_mixin.py:151} INFO - [2024-10-18T23:51:59.956+0000] {dag.py:3722} INFO - Setting next_dagrun for example_dynamic_task_mapping_with_no_taskflow_operators to 2024-10-17T23:51:59.956270+00:00, run_after=2024-10-18T23:51:59.956270+00:00
[2024-10-18T23:52:00.003+0000] {processor.py:179} INFO - Processing /home/airflow/.local/lib/python3.8/site-packages/airflow/example_dags/example_dynamic_task_mapping_with_no_taskflow_operators.py took 0.177 seconds
[2024-10-18T23:52:30.816+0000] {processor.py:157} INFO - Started process (PID=1297) to work on /home/airflow/.local/lib/python3.8/site-packages/airflow/example_dags/example_dynamic_task_mapping_with_no_taskflow_operators.py
[2024-10-18T23:52:30.818+0000] {processor.py:829} INFO - Processing file /home/airflow/.local/lib/python3.8/site-packages/airflow/example_dags/example_dynamic_task_mapping_with_no_taskflow_operators.py for tasks to queue
[2024-10-18T23:52:30.822+0000] {logging_mixin.py:151} INFO - [2024-10-18T23:52:30.821+0000] {dagbag.py:536} INFO - Filling up the DagBag from /home/airflow/.local/lib/python3.8/site-packages/airflow/example_dags/example_dynamic_task_mapping_with_no_taskflow_operators.py
[2024-10-18T23:52:30.835+0000] {processor.py:839} INFO - DAG(s) dict_keys(['example_dynamic_task_mapping_with_no_taskflow_operators']) retrieved from /home/airflow/.local/lib/python3.8/site-packages/airflow/example_dags/example_dynamic_task_mapping_with_no_taskflow_operators.py
[2024-10-18T23:52:30.880+0000] {logging_mixin.py:151} INFO - [2024-10-18T23:52:30.879+0000] {dag.py:2941} INFO - Sync 1 DAGs
[2024-10-18T23:52:31.165+0000] {logging_mixin.py:151} INFO - [2024-10-18T23:52:31.165+0000] {dag.py:3722} INFO - Setting next_dagrun for example_dynamic_task_mapping_with_no_taskflow_operators to 2024-10-17T23:52:31.163832+00:00, run_after=2024-10-18T23:52:31.163832+00:00
[2024-10-18T23:52:31.210+0000] {processor.py:179} INFO - Processing /home/airflow/.local/lib/python3.8/site-packages/airflow/example_dags/example_dynamic_task_mapping_with_no_taskflow_operators.py took 0.401 seconds
[2024-10-18T23:53:04.900+0000] {processor.py:157} INFO - Started process (PID=1351) to work on /home/airflow/.local/lib/python3.8/site-packages/airflow/example_dags/example_dynamic_task_mapping_with_no_taskflow_operators.py
[2024-10-18T23:53:04.902+0000] {processor.py:829} INFO - Processing file /home/airflow/.local/lib/python3.8/site-packages/airflow/example_dags/example_dynamic_task_mapping_with_no_taskflow_operators.py for tasks to queue
[2024-10-18T23:53:04.911+0000] {logging_mixin.py:151} INFO - [2024-10-18T23:53:04.908+0000] {dagbag.py:536} INFO - Filling up the DagBag from /home/airflow/.local/lib/python3.8/site-packages/airflow/example_dags/example_dynamic_task_mapping_with_no_taskflow_operators.py
[2024-10-18T23:53:04.938+0000] {processor.py:839} INFO - DAG(s) dict_keys(['example_dynamic_task_mapping_with_no_taskflow_operators']) retrieved from /home/airflow/.local/lib/python3.8/site-packages/airflow/example_dags/example_dynamic_task_mapping_with_no_taskflow_operators.py
[2024-10-18T23:53:04.990+0000] {logging_mixin.py:151} INFO - [2024-10-18T23:53:04.990+0000] {dag.py:2941} INFO - Sync 1 DAGs
[2024-10-18T23:53:05.048+0000] {logging_mixin.py:151} INFO - [2024-10-18T23:53:05.046+0000] {dag.py:3722} INFO - Setting next_dagrun for example_dynamic_task_mapping_with_no_taskflow_operators to 2024-10-17T23:53:05.042997+00:00, run_after=2024-10-18T23:53:05.042997+00:00
[2024-10-18T23:53:06.133+0000] {processor.py:179} INFO - Processing /home/airflow/.local/lib/python3.8/site-packages/airflow/example_dags/example_dynamic_task_mapping_with_no_taskflow_operators.py took 1.243 seconds
[2024-10-18T23:53:49.034+0000] {processor.py:157} INFO - Started process (PID=1394) to work on /home/airflow/.local/lib/python3.8/site-packages/airflow/example_dags/example_dynamic_task_mapping_with_no_taskflow_operators.py
[2024-10-18T23:53:49.037+0000] {processor.py:829} INFO - Processing file /home/airflow/.local/lib/python3.8/site-packages/airflow/example_dags/example_dynamic_task_mapping_with_no_taskflow_operators.py for tasks to queue
[2024-10-18T23:53:49.042+0000] {logging_mixin.py:151} INFO - [2024-10-18T23:53:49.041+0000] {dagbag.py:536} INFO - Filling up the DagBag from /home/airflow/.local/lib/python3.8/site-packages/airflow/example_dags/example_dynamic_task_mapping_with_no_taskflow_operators.py
[2024-10-18T23:53:49.058+0000] {processor.py:839} INFO - DAG(s) dict_keys(['example_dynamic_task_mapping_with_no_taskflow_operators']) retrieved from /home/airflow/.local/lib/python3.8/site-packages/airflow/example_dags/example_dynamic_task_mapping_with_no_taskflow_operators.py
[2024-10-18T23:53:49.106+0000] {logging_mixin.py:151} INFO - [2024-10-18T23:53:49.106+0000] {dag.py:2941} INFO - Sync 1 DAGs
[2024-10-18T23:53:49.172+0000] {logging_mixin.py:151} INFO - [2024-10-18T23:53:49.171+0000] {dag.py:3722} INFO - Setting next_dagrun for example_dynamic_task_mapping_with_no_taskflow_operators to 2024-10-17T23:53:49.170984+00:00, run_after=2024-10-18T23:53:49.170984+00:00
[2024-10-18T23:53:49.213+0000] {processor.py:179} INFO - Processing /home/airflow/.local/lib/python3.8/site-packages/airflow/example_dags/example_dynamic_task_mapping_with_no_taskflow_operators.py took 0.188 seconds
[2024-10-18T23:54:20.783+0000] {processor.py:157} INFO - Started process (PID=1448) to work on /home/airflow/.local/lib/python3.8/site-packages/airflow/example_dags/example_dynamic_task_mapping_with_no_taskflow_operators.py
[2024-10-18T23:54:20.785+0000] {processor.py:829} INFO - Processing file /home/airflow/.local/lib/python3.8/site-packages/airflow/example_dags/example_dynamic_task_mapping_with_no_taskflow_operators.py for tasks to queue
[2024-10-18T23:54:20.791+0000] {logging_mixin.py:151} INFO - [2024-10-18T23:54:20.791+0000] {dagbag.py:536} INFO - Filling up the DagBag from /home/airflow/.local/lib/python3.8/site-packages/airflow/example_dags/example_dynamic_task_mapping_with_no_taskflow_operators.py
[2024-10-18T23:54:20.807+0000] {processor.py:839} INFO - DAG(s) dict_keys(['example_dynamic_task_mapping_with_no_taskflow_operators']) retrieved from /home/airflow/.local/lib/python3.8/site-packages/airflow/example_dags/example_dynamic_task_mapping_with_no_taskflow_operators.py
[2024-10-18T23:54:21.302+0000] {logging_mixin.py:151} INFO - [2024-10-18T23:54:21.302+0000] {dag.py:2941} INFO - Sync 1 DAGs
[2024-10-18T23:54:21.378+0000] {logging_mixin.py:151} INFO - [2024-10-18T23:54:21.377+0000] {dag.py:3722} INFO - Setting next_dagrun for example_dynamic_task_mapping_with_no_taskflow_operators to 2024-10-17T23:54:21.373424+00:00, run_after=2024-10-18T23:54:21.373424+00:00
[2024-10-18T23:54:21.427+0000] {processor.py:179} INFO - Processing /home/airflow/.local/lib/python3.8/site-packages/airflow/example_dags/example_dynamic_task_mapping_with_no_taskflow_operators.py took 0.654 seconds
[2024-10-18T23:54:54.343+0000] {processor.py:157} INFO - Started process (PID=1501) to work on /home/airflow/.local/lib/python3.8/site-packages/airflow/example_dags/example_dynamic_task_mapping_with_no_taskflow_operators.py
[2024-10-18T23:54:54.380+0000] {processor.py:829} INFO - Processing file /home/airflow/.local/lib/python3.8/site-packages/airflow/example_dags/example_dynamic_task_mapping_with_no_taskflow_operators.py for tasks to queue
[2024-10-18T23:54:54.429+0000] {logging_mixin.py:151} INFO - [2024-10-18T23:54:54.418+0000] {dagbag.py:536} INFO - Filling up the DagBag from /home/airflow/.local/lib/python3.8/site-packages/airflow/example_dags/example_dynamic_task_mapping_with_no_taskflow_operators.py
[2024-10-18T23:54:54.557+0000] {processor.py:839} INFO - DAG(s) dict_keys(['example_dynamic_task_mapping_with_no_taskflow_operators']) retrieved from /home/airflow/.local/lib/python3.8/site-packages/airflow/example_dags/example_dynamic_task_mapping_with_no_taskflow_operators.py
[2024-10-18T23:54:54.913+0000] {logging_mixin.py:151} INFO - [2024-10-18T23:54:54.912+0000] {dag.py:2941} INFO - Sync 1 DAGs
[2024-10-18T23:54:55.318+0000] {logging_mixin.py:151} INFO - [2024-10-18T23:54:55.310+0000] {dag.py:3722} INFO - Setting next_dagrun for example_dynamic_task_mapping_with_no_taskflow_operators to 2024-10-17T23:54:55.296469+00:00, run_after=2024-10-18T23:54:55.296469+00:00
[2024-10-18T23:54:55.484+0000] {processor.py:179} INFO - Processing /home/airflow/.local/lib/python3.8/site-packages/airflow/example_dags/example_dynamic_task_mapping_with_no_taskflow_operators.py took 1.177 seconds
[2024-10-18T23:55:26.337+0000] {processor.py:157} INFO - Started process (PID=1554) to work on /home/airflow/.local/lib/python3.8/site-packages/airflow/example_dags/example_dynamic_task_mapping_with_no_taskflow_operators.py
[2024-10-18T23:55:26.339+0000] {processor.py:829} INFO - Processing file /home/airflow/.local/lib/python3.8/site-packages/airflow/example_dags/example_dynamic_task_mapping_with_no_taskflow_operators.py for tasks to queue
[2024-10-18T23:55:26.345+0000] {logging_mixin.py:151} INFO - [2024-10-18T23:55:26.345+0000] {dagbag.py:536} INFO - Filling up the DagBag from /home/airflow/.local/lib/python3.8/site-packages/airflow/example_dags/example_dynamic_task_mapping_with_no_taskflow_operators.py
[2024-10-18T23:55:26.358+0000] {processor.py:839} INFO - DAG(s) dict_keys(['example_dynamic_task_mapping_with_no_taskflow_operators']) retrieved from /home/airflow/.local/lib/python3.8/site-packages/airflow/example_dags/example_dynamic_task_mapping_with_no_taskflow_operators.py
[2024-10-18T23:55:26.406+0000] {logging_mixin.py:151} INFO - [2024-10-18T23:55:26.405+0000] {dag.py:2941} INFO - Sync 1 DAGs
[2024-10-18T23:55:26.480+0000] {logging_mixin.py:151} INFO - [2024-10-18T23:55:26.480+0000] {dag.py:3722} INFO - Setting next_dagrun for example_dynamic_task_mapping_with_no_taskflow_operators to 2024-10-17T23:55:26.478918+00:00, run_after=2024-10-18T23:55:26.478918+00:00
[2024-10-18T23:55:26.527+0000] {processor.py:179} INFO - Processing /home/airflow/.local/lib/python3.8/site-packages/airflow/example_dags/example_dynamic_task_mapping_with_no_taskflow_operators.py took 0.198 seconds
[2024-10-18T23:55:59.108+0000] {processor.py:157} INFO - Started process (PID=1601) to work on /home/airflow/.local/lib/python3.8/site-packages/airflow/example_dags/example_dynamic_task_mapping_with_no_taskflow_operators.py
[2024-10-18T23:55:59.109+0000] {processor.py:829} INFO - Processing file /home/airflow/.local/lib/python3.8/site-packages/airflow/example_dags/example_dynamic_task_mapping_with_no_taskflow_operators.py for tasks to queue
[2024-10-18T23:55:59.113+0000] {logging_mixin.py:151} INFO - [2024-10-18T23:55:59.113+0000] {dagbag.py:536} INFO - Filling up the DagBag from /home/airflow/.local/lib/python3.8/site-packages/airflow/example_dags/example_dynamic_task_mapping_with_no_taskflow_operators.py
[2024-10-18T23:55:59.129+0000] {processor.py:839} INFO - DAG(s) dict_keys(['example_dynamic_task_mapping_with_no_taskflow_operators']) retrieved from /home/airflow/.local/lib/python3.8/site-packages/airflow/example_dags/example_dynamic_task_mapping_with_no_taskflow_operators.py
[2024-10-18T23:55:59.188+0000] {logging_mixin.py:151} INFO - [2024-10-18T23:55:59.187+0000] {dag.py:2941} INFO - Sync 1 DAGs
[2024-10-18T23:55:59.259+0000] {logging_mixin.py:151} INFO - [2024-10-18T23:55:59.257+0000] {dag.py:3722} INFO - Setting next_dagrun for example_dynamic_task_mapping_with_no_taskflow_operators to 2024-10-17T23:55:59.254884+00:00, run_after=2024-10-18T23:55:59.254884+00:00
[2024-10-18T23:55:59.299+0000] {processor.py:179} INFO - Processing /home/airflow/.local/lib/python3.8/site-packages/airflow/example_dags/example_dynamic_task_mapping_with_no_taskflow_operators.py took 0.204 seconds
[2024-10-18T23:56:30.913+0000] {processor.py:157} INFO - Started process (PID=1653) to work on /home/airflow/.local/lib/python3.8/site-packages/airflow/example_dags/example_dynamic_task_mapping_with_no_taskflow_operators.py
[2024-10-18T23:56:30.915+0000] {processor.py:829} INFO - Processing file /home/airflow/.local/lib/python3.8/site-packages/airflow/example_dags/example_dynamic_task_mapping_with_no_taskflow_operators.py for tasks to queue
[2024-10-18T23:56:30.920+0000] {logging_mixin.py:151} INFO - [2024-10-18T23:56:30.919+0000] {dagbag.py:536} INFO - Filling up the DagBag from /home/airflow/.local/lib/python3.8/site-packages/airflow/example_dags/example_dynamic_task_mapping_with_no_taskflow_operators.py
[2024-10-18T23:56:30.940+0000] {processor.py:839} INFO - DAG(s) dict_keys(['example_dynamic_task_mapping_with_no_taskflow_operators']) retrieved from /home/airflow/.local/lib/python3.8/site-packages/airflow/example_dags/example_dynamic_task_mapping_with_no_taskflow_operators.py
[2024-10-18T23:56:30.995+0000] {logging_mixin.py:151} INFO - [2024-10-18T23:56:30.995+0000] {dag.py:2941} INFO - Sync 1 DAGs
[2024-10-18T23:56:31.030+0000] {logging_mixin.py:151} INFO - [2024-10-18T23:56:31.030+0000] {dag.py:3722} INFO - Setting next_dagrun for example_dynamic_task_mapping_with_no_taskflow_operators to 2024-10-17T23:56:31.027197+00:00, run_after=2024-10-18T23:56:31.027197+00:00
[2024-10-18T23:56:31.061+0000] {processor.py:179} INFO - Processing /home/airflow/.local/lib/python3.8/site-packages/airflow/example_dags/example_dynamic_task_mapping_with_no_taskflow_operators.py took 0.156 seconds
[2024-10-18T23:57:13.103+0000] {processor.py:157} INFO - Started process (PID=1710) to work on /home/airflow/.local/lib/python3.8/site-packages/airflow/example_dags/example_dynamic_task_mapping_with_no_taskflow_operators.py
[2024-10-18T23:57:13.107+0000] {processor.py:829} INFO - Processing file /home/airflow/.local/lib/python3.8/site-packages/airflow/example_dags/example_dynamic_task_mapping_with_no_taskflow_operators.py for tasks to queue
[2024-10-18T23:57:13.121+0000] {logging_mixin.py:151} INFO - [2024-10-18T23:57:13.120+0000] {dagbag.py:536} INFO - Filling up the DagBag from /home/airflow/.local/lib/python3.8/site-packages/airflow/example_dags/example_dynamic_task_mapping_with_no_taskflow_operators.py
[2024-10-18T23:57:13.160+0000] {processor.py:839} INFO - DAG(s) dict_keys(['example_dynamic_task_mapping_with_no_taskflow_operators']) retrieved from /home/airflow/.local/lib/python3.8/site-packages/airflow/example_dags/example_dynamic_task_mapping_with_no_taskflow_operators.py
[2024-10-18T23:57:13.446+0000] {logging_mixin.py:151} INFO - [2024-10-18T23:57:13.431+0000] {dag.py:2941} INFO - Sync 1 DAGs
[2024-10-18T23:57:13.538+0000] {logging_mixin.py:151} INFO - [2024-10-18T23:57:13.537+0000] {dag.py:3722} INFO - Setting next_dagrun for example_dynamic_task_mapping_with_no_taskflow_operators to 2024-10-17T23:57:13.533609+00:00, run_after=2024-10-18T23:57:13.533609+00:00
[2024-10-18T23:57:13.638+0000] {processor.py:179} INFO - Processing /home/airflow/.local/lib/python3.8/site-packages/airflow/example_dags/example_dynamic_task_mapping_with_no_taskflow_operators.py took 0.547 seconds
[2024-10-18T23:57:43.961+0000] {processor.py:157} INFO - Started process (PID=1764) to work on /home/airflow/.local/lib/python3.8/site-packages/airflow/example_dags/example_dynamic_task_mapping_with_no_taskflow_operators.py
[2024-10-18T23:57:43.963+0000] {processor.py:829} INFO - Processing file /home/airflow/.local/lib/python3.8/site-packages/airflow/example_dags/example_dynamic_task_mapping_with_no_taskflow_operators.py for tasks to queue
[2024-10-18T23:57:43.967+0000] {logging_mixin.py:151} INFO - [2024-10-18T23:57:43.967+0000] {dagbag.py:536} INFO - Filling up the DagBag from /home/airflow/.local/lib/python3.8/site-packages/airflow/example_dags/example_dynamic_task_mapping_with_no_taskflow_operators.py
[2024-10-18T23:57:43.984+0000] {processor.py:839} INFO - DAG(s) dict_keys(['example_dynamic_task_mapping_with_no_taskflow_operators']) retrieved from /home/airflow/.local/lib/python3.8/site-packages/airflow/example_dags/example_dynamic_task_mapping_with_no_taskflow_operators.py
[2024-10-18T23:57:44.032+0000] {logging_mixin.py:151} INFO - [2024-10-18T23:57:44.032+0000] {dag.py:2941} INFO - Sync 1 DAGs
[2024-10-18T23:57:44.077+0000] {logging_mixin.py:151} INFO - [2024-10-18T23:57:44.077+0000] {dag.py:3722} INFO - Setting next_dagrun for example_dynamic_task_mapping_with_no_taskflow_operators to 2024-10-17T23:57:44.076370+00:00, run_after=2024-10-18T23:57:44.076370+00:00
[2024-10-18T23:57:44.118+0000] {processor.py:179} INFO - Processing /home/airflow/.local/lib/python3.8/site-packages/airflow/example_dags/example_dynamic_task_mapping_with_no_taskflow_operators.py took 0.166 seconds
[2024-10-18T23:58:14.834+0000] {processor.py:157} INFO - Started process (PID=1818) to work on /home/airflow/.local/lib/python3.8/site-packages/airflow/example_dags/example_dynamic_task_mapping_with_no_taskflow_operators.py
[2024-10-18T23:58:14.836+0000] {processor.py:829} INFO - Processing file /home/airflow/.local/lib/python3.8/site-packages/airflow/example_dags/example_dynamic_task_mapping_with_no_taskflow_operators.py for tasks to queue
[2024-10-18T23:58:14.842+0000] {logging_mixin.py:151} INFO - [2024-10-18T23:58:14.841+0000] {dagbag.py:536} INFO - Filling up the DagBag from /home/airflow/.local/lib/python3.8/site-packages/airflow/example_dags/example_dynamic_task_mapping_with_no_taskflow_operators.py
[2024-10-18T23:58:14.857+0000] {processor.py:839} INFO - DAG(s) dict_keys(['example_dynamic_task_mapping_with_no_taskflow_operators']) retrieved from /home/airflow/.local/lib/python3.8/site-packages/airflow/example_dags/example_dynamic_task_mapping_with_no_taskflow_operators.py
[2024-10-18T23:58:14.911+0000] {logging_mixin.py:151} INFO - [2024-10-18T23:58:14.911+0000] {dag.py:2941} INFO - Sync 1 DAGs
[2024-10-18T23:58:14.962+0000] {logging_mixin.py:151} INFO - [2024-10-18T23:58:14.962+0000] {dag.py:3722} INFO - Setting next_dagrun for example_dynamic_task_mapping_with_no_taskflow_operators to 2024-10-17T23:58:14.961856+00:00, run_after=2024-10-18T23:58:14.961856+00:00
[2024-10-18T23:58:15.022+0000] {processor.py:179} INFO - Processing /home/airflow/.local/lib/python3.8/site-packages/airflow/example_dags/example_dynamic_task_mapping_with_no_taskflow_operators.py took 0.196 seconds
[2024-10-18T23:58:45.767+0000] {processor.py:157} INFO - Started process (PID=1872) to work on /home/airflow/.local/lib/python3.8/site-packages/airflow/example_dags/example_dynamic_task_mapping_with_no_taskflow_operators.py
[2024-10-18T23:58:45.770+0000] {processor.py:829} INFO - Processing file /home/airflow/.local/lib/python3.8/site-packages/airflow/example_dags/example_dynamic_task_mapping_with_no_taskflow_operators.py for tasks to queue
[2024-10-18T23:58:45.793+0000] {logging_mixin.py:151} INFO - [2024-10-18T23:58:45.783+0000] {dagbag.py:536} INFO - Filling up the DagBag from /home/airflow/.local/lib/python3.8/site-packages/airflow/example_dags/example_dynamic_task_mapping_with_no_taskflow_operators.py
[2024-10-18T23:58:45.849+0000] {processor.py:839} INFO - DAG(s) dict_keys(['example_dynamic_task_mapping_with_no_taskflow_operators']) retrieved from /home/airflow/.local/lib/python3.8/site-packages/airflow/example_dags/example_dynamic_task_mapping_with_no_taskflow_operators.py
[2024-10-18T23:58:46.150+0000] {logging_mixin.py:151} INFO - [2024-10-18T23:58:46.149+0000] {dag.py:2941} INFO - Sync 1 DAGs
[2024-10-18T23:58:46.293+0000] {logging_mixin.py:151} INFO - [2024-10-18T23:58:46.293+0000] {dag.py:3722} INFO - Setting next_dagrun for example_dynamic_task_mapping_with_no_taskflow_operators to 2024-10-17T23:58:46.284230+00:00, run_after=2024-10-18T23:58:46.284230+00:00
[2024-10-18T23:58:46.369+0000] {processor.py:179} INFO - Processing /home/airflow/.local/lib/python3.8/site-packages/airflow/example_dags/example_dynamic_task_mapping_with_no_taskflow_operators.py took 0.610 seconds
[2024-10-18T23:59:16.459+0000] {processor.py:157} INFO - Started process (PID=1924) to work on /home/airflow/.local/lib/python3.8/site-packages/airflow/example_dags/example_dynamic_task_mapping_with_no_taskflow_operators.py
[2024-10-18T23:59:16.461+0000] {processor.py:829} INFO - Processing file /home/airflow/.local/lib/python3.8/site-packages/airflow/example_dags/example_dynamic_task_mapping_with_no_taskflow_operators.py for tasks to queue
[2024-10-18T23:59:16.466+0000] {logging_mixin.py:151} INFO - [2024-10-18T23:59:16.464+0000] {dagbag.py:536} INFO - Filling up the DagBag from /home/airflow/.local/lib/python3.8/site-packages/airflow/example_dags/example_dynamic_task_mapping_with_no_taskflow_operators.py
[2024-10-18T23:59:16.485+0000] {processor.py:839} INFO - DAG(s) dict_keys(['example_dynamic_task_mapping_with_no_taskflow_operators']) retrieved from /home/airflow/.local/lib/python3.8/site-packages/airflow/example_dags/example_dynamic_task_mapping_with_no_taskflow_operators.py
[2024-10-18T23:59:16.541+0000] {logging_mixin.py:151} INFO - [2024-10-18T23:59:16.541+0000] {dag.py:2941} INFO - Sync 1 DAGs
[2024-10-18T23:59:16.580+0000] {logging_mixin.py:151} INFO - [2024-10-18T23:59:16.579+0000] {dag.py:3722} INFO - Setting next_dagrun for example_dynamic_task_mapping_with_no_taskflow_operators to 2024-10-17T23:59:16.579130+00:00, run_after=2024-10-18T23:59:16.579130+00:00
[2024-10-18T23:59:16.618+0000] {processor.py:179} INFO - Processing /home/airflow/.local/lib/python3.8/site-packages/airflow/example_dags/example_dynamic_task_mapping_with_no_taskflow_operators.py took 0.166 seconds
[2024-10-18T23:59:46.828+0000] {processor.py:157} INFO - Started process (PID=1978) to work on /home/airflow/.local/lib/python3.8/site-packages/airflow/example_dags/example_dynamic_task_mapping_with_no_taskflow_operators.py
[2024-10-18T23:59:46.834+0000] {processor.py:829} INFO - Processing file /home/airflow/.local/lib/python3.8/site-packages/airflow/example_dags/example_dynamic_task_mapping_with_no_taskflow_operators.py for tasks to queue
[2024-10-18T23:59:46.855+0000] {logging_mixin.py:151} INFO - [2024-10-18T23:59:46.846+0000] {dagbag.py:536} INFO - Filling up the DagBag from /home/airflow/.local/lib/python3.8/site-packages/airflow/example_dags/example_dynamic_task_mapping_with_no_taskflow_operators.py
[2024-10-18T23:59:46.886+0000] {processor.py:839} INFO - DAG(s) dict_keys(['example_dynamic_task_mapping_with_no_taskflow_operators']) retrieved from /home/airflow/.local/lib/python3.8/site-packages/airflow/example_dags/example_dynamic_task_mapping_with_no_taskflow_operators.py
[2024-10-18T23:59:47.017+0000] {logging_mixin.py:151} INFO - [2024-10-18T23:59:47.017+0000] {dag.py:2941} INFO - Sync 1 DAGs
[2024-10-18T23:59:47.083+0000] {logging_mixin.py:151} INFO - [2024-10-18T23:59:47.083+0000] {dag.py:3722} INFO - Setting next_dagrun for example_dynamic_task_mapping_with_no_taskflow_operators to 2024-10-17T23:59:47.081067+00:00, run_after=2024-10-18T23:59:47.081067+00:00
[2024-10-18T23:59:47.132+0000] {processor.py:179} INFO - Processing /home/airflow/.local/lib/python3.8/site-packages/airflow/example_dags/example_dynamic_task_mapping_with_no_taskflow_operators.py took 0.316 seconds
