[2024-10-18T23:31:55.632+0000] {processor.py:157} INFO - Started process (PID=109) to work on /home/airflow/.local/lib/python3.8/site-packages/airflow/example_dags/example_complex.py
[2024-10-18T23:31:55.636+0000] {processor.py:829} INFO - Processing file /home/airflow/.local/lib/python3.8/site-packages/airflow/example_dags/example_complex.py for tasks to queue
[2024-10-18T23:31:55.641+0000] {logging_mixin.py:151} INFO - [2024-10-18T23:31:55.641+0000] {dagbag.py:536} INFO - Filling up the DagBag from /home/airflow/.local/lib/python3.8/site-packages/airflow/example_dags/example_complex.py
[2024-10-18T23:31:55.669+0000] {processor.py:839} INFO - DAG(s) dict_keys(['example_complex']) retrieved from /home/airflow/.local/lib/python3.8/site-packages/airflow/example_dags/example_complex.py
[2024-10-18T23:31:56.000+0000] {logging_mixin.py:151} INFO - [2024-10-18T23:31:55.998+0000] {dag.py:2941} INFO - Sync 1 DAGs
[2024-10-18T23:31:56.060+0000] {logging_mixin.py:151} INFO - [2024-10-18T23:31:56.060+0000] {dag.py:3722} INFO - Setting next_dagrun for example_complex to None, run_after=None
[2024-10-18T23:31:56.370+0000] {processor.py:179} INFO - Processing /home/airflow/.local/lib/python3.8/site-packages/airflow/example_dags/example_complex.py took 0.744 seconds
[2024-10-18T23:32:26.778+0000] {processor.py:157} INFO - Started process (PID=163) to work on /home/airflow/.local/lib/python3.8/site-packages/airflow/example_dags/example_complex.py
[2024-10-18T23:32:26.780+0000] {processor.py:829} INFO - Processing file /home/airflow/.local/lib/python3.8/site-packages/airflow/example_dags/example_complex.py for tasks to queue
[2024-10-18T23:32:26.784+0000] {logging_mixin.py:151} INFO - [2024-10-18T23:32:26.783+0000] {dagbag.py:536} INFO - Filling up the DagBag from /home/airflow/.local/lib/python3.8/site-packages/airflow/example_dags/example_complex.py
[2024-10-18T23:32:26.817+0000] {processor.py:839} INFO - DAG(s) dict_keys(['example_complex']) retrieved from /home/airflow/.local/lib/python3.8/site-packages/airflow/example_dags/example_complex.py
[2024-10-18T23:32:26.915+0000] {logging_mixin.py:151} INFO - [2024-10-18T23:32:26.914+0000] {dag.py:2941} INFO - Sync 1 DAGs
[2024-10-18T23:32:26.944+0000] {logging_mixin.py:151} INFO - [2024-10-18T23:32:26.943+0000] {dag.py:3722} INFO - Setting next_dagrun for example_complex to None, run_after=None
[2024-10-18T23:32:26.986+0000] {processor.py:179} INFO - Processing /home/airflow/.local/lib/python3.8/site-packages/airflow/example_dags/example_complex.py took 0.215 seconds
[2024-10-18T23:32:58.135+0000] {processor.py:157} INFO - Started process (PID=217) to work on /home/airflow/.local/lib/python3.8/site-packages/airflow/example_dags/example_complex.py
[2024-10-18T23:32:58.138+0000] {processor.py:829} INFO - Processing file /home/airflow/.local/lib/python3.8/site-packages/airflow/example_dags/example_complex.py for tasks to queue
[2024-10-18T23:32:58.149+0000] {logging_mixin.py:151} INFO - [2024-10-18T23:32:58.148+0000] {dagbag.py:536} INFO - Filling up the DagBag from /home/airflow/.local/lib/python3.8/site-packages/airflow/example_dags/example_complex.py
[2024-10-18T23:32:58.277+0000] {processor.py:839} INFO - DAG(s) dict_keys(['example_complex']) retrieved from /home/airflow/.local/lib/python3.8/site-packages/airflow/example_dags/example_complex.py
[2024-10-18T23:32:58.782+0000] {logging_mixin.py:151} INFO - [2024-10-18T23:32:58.782+0000] {dag.py:2941} INFO - Sync 1 DAGs
[2024-10-18T23:32:58.923+0000] {logging_mixin.py:151} INFO - [2024-10-18T23:32:58.923+0000] {dag.py:3722} INFO - Setting next_dagrun for example_complex to None, run_after=None
[2024-10-18T23:32:59.064+0000] {processor.py:179} INFO - Processing /home/airflow/.local/lib/python3.8/site-packages/airflow/example_dags/example_complex.py took 0.945 seconds
[2024-10-18T23:33:29.383+0000] {processor.py:157} INFO - Started process (PID=271) to work on /home/airflow/.local/lib/python3.8/site-packages/airflow/example_dags/example_complex.py
[2024-10-18T23:33:29.385+0000] {processor.py:829} INFO - Processing file /home/airflow/.local/lib/python3.8/site-packages/airflow/example_dags/example_complex.py for tasks to queue
[2024-10-18T23:33:29.390+0000] {logging_mixin.py:151} INFO - [2024-10-18T23:33:29.389+0000] {dagbag.py:536} INFO - Filling up the DagBag from /home/airflow/.local/lib/python3.8/site-packages/airflow/example_dags/example_complex.py
[2024-10-18T23:33:29.409+0000] {processor.py:839} INFO - DAG(s) dict_keys(['example_complex']) retrieved from /home/airflow/.local/lib/python3.8/site-packages/airflow/example_dags/example_complex.py
[2024-10-18T23:33:29.461+0000] {logging_mixin.py:151} INFO - [2024-10-18T23:33:29.461+0000] {dag.py:2941} INFO - Sync 1 DAGs
[2024-10-18T23:33:29.482+0000] {logging_mixin.py:151} INFO - [2024-10-18T23:33:29.482+0000] {dag.py:3722} INFO - Setting next_dagrun for example_complex to None, run_after=None
[2024-10-18T23:33:29.521+0000] {processor.py:179} INFO - Processing /home/airflow/.local/lib/python3.8/site-packages/airflow/example_dags/example_complex.py took 0.144 seconds
[2024-10-18T23:33:59.967+0000] {processor.py:157} INFO - Started process (PID=325) to work on /home/airflow/.local/lib/python3.8/site-packages/airflow/example_dags/example_complex.py
[2024-10-18T23:33:59.972+0000] {processor.py:829} INFO - Processing file /home/airflow/.local/lib/python3.8/site-packages/airflow/example_dags/example_complex.py for tasks to queue
[2024-10-18T23:33:59.981+0000] {logging_mixin.py:151} INFO - [2024-10-18T23:33:59.980+0000] {dagbag.py:536} INFO - Filling up the DagBag from /home/airflow/.local/lib/python3.8/site-packages/airflow/example_dags/example_complex.py
[2024-10-18T23:34:00.042+0000] {processor.py:839} INFO - DAG(s) dict_keys(['example_complex']) retrieved from /home/airflow/.local/lib/python3.8/site-packages/airflow/example_dags/example_complex.py
[2024-10-18T23:34:00.148+0000] {logging_mixin.py:151} INFO - [2024-10-18T23:34:00.148+0000] {dag.py:2941} INFO - Sync 1 DAGs
[2024-10-18T23:34:00.190+0000] {logging_mixin.py:151} INFO - [2024-10-18T23:34:00.189+0000] {dag.py:3722} INFO - Setting next_dagrun for example_complex to None, run_after=None
[2024-10-18T23:34:00.263+0000] {processor.py:179} INFO - Processing /home/airflow/.local/lib/python3.8/site-packages/airflow/example_dags/example_complex.py took 0.317 seconds
[2024-10-18T23:34:30.980+0000] {processor.py:157} INFO - Started process (PID=379) to work on /home/airflow/.local/lib/python3.8/site-packages/airflow/example_dags/example_complex.py
[2024-10-18T23:34:30.982+0000] {processor.py:829} INFO - Processing file /home/airflow/.local/lib/python3.8/site-packages/airflow/example_dags/example_complex.py for tasks to queue
[2024-10-18T23:34:30.987+0000] {logging_mixin.py:151} INFO - [2024-10-18T23:34:30.987+0000] {dagbag.py:536} INFO - Filling up the DagBag from /home/airflow/.local/lib/python3.8/site-packages/airflow/example_dags/example_complex.py
[2024-10-18T23:34:31.012+0000] {processor.py:839} INFO - DAG(s) dict_keys(['example_complex']) retrieved from /home/airflow/.local/lib/python3.8/site-packages/airflow/example_dags/example_complex.py
[2024-10-18T23:34:31.078+0000] {logging_mixin.py:151} INFO - [2024-10-18T23:34:31.077+0000] {dag.py:2941} INFO - Sync 1 DAGs
[2024-10-18T23:34:31.105+0000] {logging_mixin.py:151} INFO - [2024-10-18T23:34:31.105+0000] {dag.py:3722} INFO - Setting next_dagrun for example_complex to None, run_after=None
[2024-10-18T23:34:31.157+0000] {processor.py:179} INFO - Processing /home/airflow/.local/lib/python3.8/site-packages/airflow/example_dags/example_complex.py took 0.186 seconds
[2024-10-18T23:35:01.455+0000] {processor.py:157} INFO - Started process (PID=433) to work on /home/airflow/.local/lib/python3.8/site-packages/airflow/example_dags/example_complex.py
[2024-10-18T23:35:01.458+0000] {processor.py:829} INFO - Processing file /home/airflow/.local/lib/python3.8/site-packages/airflow/example_dags/example_complex.py for tasks to queue
[2024-10-18T23:35:01.464+0000] {logging_mixin.py:151} INFO - [2024-10-18T23:35:01.464+0000] {dagbag.py:536} INFO - Filling up the DagBag from /home/airflow/.local/lib/python3.8/site-packages/airflow/example_dags/example_complex.py
[2024-10-18T23:35:01.522+0000] {processor.py:839} INFO - DAG(s) dict_keys(['example_complex']) retrieved from /home/airflow/.local/lib/python3.8/site-packages/airflow/example_dags/example_complex.py
[2024-10-18T23:35:01.617+0000] {logging_mixin.py:151} INFO - [2024-10-18T23:35:01.617+0000] {dag.py:2941} INFO - Sync 1 DAGs
[2024-10-18T23:35:01.647+0000] {logging_mixin.py:151} INFO - [2024-10-18T23:35:01.647+0000] {dag.py:3722} INFO - Setting next_dagrun for example_complex to None, run_after=None
[2024-10-18T23:35:01.692+0000] {processor.py:179} INFO - Processing /home/airflow/.local/lib/python3.8/site-packages/airflow/example_dags/example_complex.py took 0.248 seconds
[2024-10-18T23:35:32.259+0000] {processor.py:157} INFO - Started process (PID=485) to work on /home/airflow/.local/lib/python3.8/site-packages/airflow/example_dags/example_complex.py
[2024-10-18T23:35:32.262+0000] {processor.py:829} INFO - Processing file /home/airflow/.local/lib/python3.8/site-packages/airflow/example_dags/example_complex.py for tasks to queue
[2024-10-18T23:35:32.267+0000] {logging_mixin.py:151} INFO - [2024-10-18T23:35:32.266+0000] {dagbag.py:536} INFO - Filling up the DagBag from /home/airflow/.local/lib/python3.8/site-packages/airflow/example_dags/example_complex.py
[2024-10-18T23:35:32.295+0000] {processor.py:839} INFO - DAG(s) dict_keys(['example_complex']) retrieved from /home/airflow/.local/lib/python3.8/site-packages/airflow/example_dags/example_complex.py
[2024-10-18T23:35:32.390+0000] {logging_mixin.py:151} INFO - [2024-10-18T23:35:32.390+0000] {dag.py:2941} INFO - Sync 1 DAGs
[2024-10-18T23:35:32.525+0000] {logging_mixin.py:151} INFO - [2024-10-18T23:35:32.525+0000] {dag.py:3722} INFO - Setting next_dagrun for example_complex to None, run_after=None
[2024-10-18T23:35:32.589+0000] {processor.py:179} INFO - Processing /home/airflow/.local/lib/python3.8/site-packages/airflow/example_dags/example_complex.py took 0.343 seconds
[2024-10-18T23:36:02.843+0000] {processor.py:157} INFO - Started process (PID=537) to work on /home/airflow/.local/lib/python3.8/site-packages/airflow/example_dags/example_complex.py
[2024-10-18T23:36:02.851+0000] {processor.py:829} INFO - Processing file /home/airflow/.local/lib/python3.8/site-packages/airflow/example_dags/example_complex.py for tasks to queue
[2024-10-18T23:36:02.871+0000] {logging_mixin.py:151} INFO - [2024-10-18T23:36:02.870+0000] {dagbag.py:536} INFO - Filling up the DagBag from /home/airflow/.local/lib/python3.8/site-packages/airflow/example_dags/example_complex.py
[2024-10-18T23:36:02.907+0000] {processor.py:839} INFO - DAG(s) dict_keys(['example_complex']) retrieved from /home/airflow/.local/lib/python3.8/site-packages/airflow/example_dags/example_complex.py
[2024-10-18T23:36:03.025+0000] {logging_mixin.py:151} INFO - [2024-10-18T23:36:03.025+0000] {dag.py:2941} INFO - Sync 1 DAGs
[2024-10-18T23:36:03.067+0000] {logging_mixin.py:151} INFO - [2024-10-18T23:36:03.066+0000] {dag.py:3722} INFO - Setting next_dagrun for example_complex to None, run_after=None
[2024-10-18T23:36:03.143+0000] {processor.py:179} INFO - Processing /home/airflow/.local/lib/python3.8/site-packages/airflow/example_dags/example_complex.py took 0.314 seconds
[2024-10-18T23:38:59.523+0000] {processor.py:157} INFO - Started process (PID=109) to work on /home/airflow/.local/lib/python3.8/site-packages/airflow/example_dags/example_complex.py
[2024-10-18T23:38:59.526+0000] {processor.py:829} INFO - Processing file /home/airflow/.local/lib/python3.8/site-packages/airflow/example_dags/example_complex.py for tasks to queue
[2024-10-18T23:38:59.543+0000] {logging_mixin.py:151} INFO - [2024-10-18T23:38:59.541+0000] {dagbag.py:536} INFO - Filling up the DagBag from /home/airflow/.local/lib/python3.8/site-packages/airflow/example_dags/example_complex.py
[2024-10-18T23:38:59.625+0000] {processor.py:839} INFO - DAG(s) dict_keys(['example_complex']) retrieved from /home/airflow/.local/lib/python3.8/site-packages/airflow/example_dags/example_complex.py
[2024-10-18T23:38:59.798+0000] {logging_mixin.py:151} INFO - [2024-10-18T23:38:59.797+0000] {dag.py:2941} INFO - Sync 1 DAGs
[2024-10-18T23:39:00.021+0000] {logging_mixin.py:151} INFO - [2024-10-18T23:39:00.021+0000] {dag.py:3722} INFO - Setting next_dagrun for example_complex to None, run_after=None
[2024-10-18T23:39:00.104+0000] {processor.py:179} INFO - Processing /home/airflow/.local/lib/python3.8/site-packages/airflow/example_dags/example_complex.py took 0.594 seconds
[2024-10-18T23:39:30.283+0000] {processor.py:157} INFO - Started process (PID=163) to work on /home/airflow/.local/lib/python3.8/site-packages/airflow/example_dags/example_complex.py
[2024-10-18T23:39:30.286+0000] {processor.py:829} INFO - Processing file /home/airflow/.local/lib/python3.8/site-packages/airflow/example_dags/example_complex.py for tasks to queue
[2024-10-18T23:39:30.291+0000] {logging_mixin.py:151} INFO - [2024-10-18T23:39:30.290+0000] {dagbag.py:536} INFO - Filling up the DagBag from /home/airflow/.local/lib/python3.8/site-packages/airflow/example_dags/example_complex.py
[2024-10-18T23:39:30.322+0000] {processor.py:839} INFO - DAG(s) dict_keys(['example_complex']) retrieved from /home/airflow/.local/lib/python3.8/site-packages/airflow/example_dags/example_complex.py
[2024-10-18T23:39:30.523+0000] {logging_mixin.py:151} INFO - [2024-10-18T23:39:30.521+0000] {dag.py:2941} INFO - Sync 1 DAGs
[2024-10-18T23:39:30.578+0000] {logging_mixin.py:151} INFO - [2024-10-18T23:39:30.577+0000] {dag.py:3722} INFO - Setting next_dagrun for example_complex to None, run_after=None
[2024-10-18T23:39:30.714+0000] {processor.py:179} INFO - Processing /home/airflow/.local/lib/python3.8/site-packages/airflow/example_dags/example_complex.py took 0.437 seconds
[2024-10-18T23:40:01.062+0000] {processor.py:157} INFO - Started process (PID=217) to work on /home/airflow/.local/lib/python3.8/site-packages/airflow/example_dags/example_complex.py
[2024-10-18T23:40:01.064+0000] {processor.py:829} INFO - Processing file /home/airflow/.local/lib/python3.8/site-packages/airflow/example_dags/example_complex.py for tasks to queue
[2024-10-18T23:40:01.070+0000] {logging_mixin.py:151} INFO - [2024-10-18T23:40:01.069+0000] {dagbag.py:536} INFO - Filling up the DagBag from /home/airflow/.local/lib/python3.8/site-packages/airflow/example_dags/example_complex.py
[2024-10-18T23:40:01.120+0000] {processor.py:839} INFO - DAG(s) dict_keys(['example_complex']) retrieved from /home/airflow/.local/lib/python3.8/site-packages/airflow/example_dags/example_complex.py
[2024-10-18T23:40:01.228+0000] {logging_mixin.py:151} INFO - [2024-10-18T23:40:01.228+0000] {dag.py:2941} INFO - Sync 1 DAGs
[2024-10-18T23:40:01.275+0000] {logging_mixin.py:151} INFO - [2024-10-18T23:40:01.272+0000] {dag.py:3722} INFO - Setting next_dagrun for example_complex to None, run_after=None
[2024-10-18T23:40:01.347+0000] {processor.py:179} INFO - Processing /home/airflow/.local/lib/python3.8/site-packages/airflow/example_dags/example_complex.py took 0.295 seconds
[2024-10-18T23:41:06.236+0000] {processor.py:157} INFO - Started process (PID=277) to work on /home/airflow/.local/lib/python3.8/site-packages/airflow/example_dags/example_complex.py
[2024-10-18T23:41:06.240+0000] {processor.py:829} INFO - Processing file /home/airflow/.local/lib/python3.8/site-packages/airflow/example_dags/example_complex.py for tasks to queue
[2024-10-18T23:41:06.261+0000] {logging_mixin.py:151} INFO - [2024-10-18T23:41:06.247+0000] {dagbag.py:536} INFO - Filling up the DagBag from /home/airflow/.local/lib/python3.8/site-packages/airflow/example_dags/example_complex.py
[2024-10-18T23:41:06.376+0000] {processor.py:839} INFO - DAG(s) dict_keys(['example_complex']) retrieved from /home/airflow/.local/lib/python3.8/site-packages/airflow/example_dags/example_complex.py
[2024-10-18T23:41:06.992+0000] {logging_mixin.py:151} INFO - [2024-10-18T23:41:06.921+0000] {dag.py:2941} INFO - Sync 1 DAGs
[2024-10-18T23:41:07.138+0000] {logging_mixin.py:151} INFO - [2024-10-18T23:41:07.137+0000] {dag.py:3722} INFO - Setting next_dagrun for example_complex to None, run_after=None
[2024-10-18T23:41:07.247+0000] {processor.py:179} INFO - Processing /home/airflow/.local/lib/python3.8/site-packages/airflow/example_dags/example_complex.py took 1.039 seconds
[2024-10-18T23:41:38.024+0000] {processor.py:157} INFO - Started process (PID=331) to work on /home/airflow/.local/lib/python3.8/site-packages/airflow/example_dags/example_complex.py
[2024-10-18T23:41:38.029+0000] {processor.py:829} INFO - Processing file /home/airflow/.local/lib/python3.8/site-packages/airflow/example_dags/example_complex.py for tasks to queue
[2024-10-18T23:41:38.038+0000] {logging_mixin.py:151} INFO - [2024-10-18T23:41:38.037+0000] {dagbag.py:536} INFO - Filling up the DagBag from /home/airflow/.local/lib/python3.8/site-packages/airflow/example_dags/example_complex.py
[2024-10-18T23:41:38.083+0000] {processor.py:839} INFO - DAG(s) dict_keys(['example_complex']) retrieved from /home/airflow/.local/lib/python3.8/site-packages/airflow/example_dags/example_complex.py
[2024-10-18T23:41:38.338+0000] {logging_mixin.py:151} INFO - [2024-10-18T23:41:38.338+0000] {dag.py:2941} INFO - Sync 1 DAGs
[2024-10-18T23:41:38.417+0000] {logging_mixin.py:151} INFO - [2024-10-18T23:41:38.416+0000] {dag.py:3722} INFO - Setting next_dagrun for example_complex to None, run_after=None
[2024-10-18T23:41:38.478+0000] {processor.py:179} INFO - Processing /home/airflow/.local/lib/python3.8/site-packages/airflow/example_dags/example_complex.py took 0.468 seconds
[2024-10-18T23:43:22.796+0000] {processor.py:157} INFO - Started process (PID=417) to work on /home/airflow/.local/lib/python3.8/site-packages/airflow/example_dags/example_complex.py
[2024-10-18T23:43:22.806+0000] {processor.py:829} INFO - Processing file /home/airflow/.local/lib/python3.8/site-packages/airflow/example_dags/example_complex.py for tasks to queue
[2024-10-18T23:43:22.815+0000] {logging_mixin.py:151} INFO - [2024-10-18T23:43:22.814+0000] {dagbag.py:536} INFO - Filling up the DagBag from /home/airflow/.local/lib/python3.8/site-packages/airflow/example_dags/example_complex.py
[2024-10-18T23:43:22.845+0000] {processor.py:839} INFO - DAG(s) dict_keys(['example_complex']) retrieved from /home/airflow/.local/lib/python3.8/site-packages/airflow/example_dags/example_complex.py
[2024-10-18T23:43:22.903+0000] {logging_mixin.py:151} INFO - [2024-10-18T23:43:22.903+0000] {dag.py:2941} INFO - Sync 1 DAGs
[2024-10-18T23:43:22.930+0000] {logging_mixin.py:151} INFO - [2024-10-18T23:43:22.929+0000] {dag.py:3722} INFO - Setting next_dagrun for example_complex to None, run_after=None
[2024-10-18T23:43:23.013+0000] {processor.py:179} INFO - Processing /home/airflow/.local/lib/python3.8/site-packages/airflow/example_dags/example_complex.py took 0.222 seconds
[2024-10-18T23:43:57.113+0000] {processor.py:157} INFO - Started process (PID=471) to work on /home/airflow/.local/lib/python3.8/site-packages/airflow/example_dags/example_complex.py
[2024-10-18T23:43:57.115+0000] {processor.py:829} INFO - Processing file /home/airflow/.local/lib/python3.8/site-packages/airflow/example_dags/example_complex.py for tasks to queue
[2024-10-18T23:43:57.123+0000] {logging_mixin.py:151} INFO - [2024-10-18T23:43:57.122+0000] {dagbag.py:536} INFO - Filling up the DagBag from /home/airflow/.local/lib/python3.8/site-packages/airflow/example_dags/example_complex.py
[2024-10-18T23:43:57.178+0000] {processor.py:839} INFO - DAG(s) dict_keys(['example_complex']) retrieved from /home/airflow/.local/lib/python3.8/site-packages/airflow/example_dags/example_complex.py
[2024-10-18T23:43:57.335+0000] {logging_mixin.py:151} INFO - [2024-10-18T23:43:57.334+0000] {dag.py:2941} INFO - Sync 1 DAGs
[2024-10-18T23:43:57.398+0000] {logging_mixin.py:151} INFO - [2024-10-18T23:43:57.398+0000] {dag.py:3722} INFO - Setting next_dagrun for example_complex to None, run_after=None
[2024-10-18T23:43:57.457+0000] {processor.py:179} INFO - Processing /home/airflow/.local/lib/python3.8/site-packages/airflow/example_dags/example_complex.py took 0.361 seconds
[2024-10-18T23:44:33.255+0000] {processor.py:157} INFO - Started process (PID=526) to work on /home/airflow/.local/lib/python3.8/site-packages/airflow/example_dags/example_complex.py
[2024-10-18T23:44:33.258+0000] {processor.py:829} INFO - Processing file /home/airflow/.local/lib/python3.8/site-packages/airflow/example_dags/example_complex.py for tasks to queue
[2024-10-18T23:44:33.265+0000] {logging_mixin.py:151} INFO - [2024-10-18T23:44:33.264+0000] {dagbag.py:536} INFO - Filling up the DagBag from /home/airflow/.local/lib/python3.8/site-packages/airflow/example_dags/example_complex.py
[2024-10-18T23:44:33.292+0000] {processor.py:839} INFO - DAG(s) dict_keys(['example_complex']) retrieved from /home/airflow/.local/lib/python3.8/site-packages/airflow/example_dags/example_complex.py
[2024-10-18T23:44:33.386+0000] {logging_mixin.py:151} INFO - [2024-10-18T23:44:33.386+0000] {dag.py:2941} INFO - Sync 1 DAGs
[2024-10-18T23:44:33.426+0000] {logging_mixin.py:151} INFO - [2024-10-18T23:44:33.426+0000] {dag.py:3722} INFO - Setting next_dagrun for example_complex to None, run_after=None
[2024-10-18T23:44:33.467+0000] {processor.py:179} INFO - Processing /home/airflow/.local/lib/python3.8/site-packages/airflow/example_dags/example_complex.py took 0.221 seconds
[2024-10-18T23:45:07.499+0000] {processor.py:157} INFO - Started process (PID=582) to work on /home/airflow/.local/lib/python3.8/site-packages/airflow/example_dags/example_complex.py
[2024-10-18T23:45:07.503+0000] {processor.py:829} INFO - Processing file /home/airflow/.local/lib/python3.8/site-packages/airflow/example_dags/example_complex.py for tasks to queue
[2024-10-18T23:45:07.506+0000] {logging_mixin.py:151} INFO - [2024-10-18T23:45:07.506+0000] {dagbag.py:536} INFO - Filling up the DagBag from /home/airflow/.local/lib/python3.8/site-packages/airflow/example_dags/example_complex.py
[2024-10-18T23:45:07.541+0000] {processor.py:839} INFO - DAG(s) dict_keys(['example_complex']) retrieved from /home/airflow/.local/lib/python3.8/site-packages/airflow/example_dags/example_complex.py
[2024-10-18T23:45:07.631+0000] {logging_mixin.py:151} INFO - [2024-10-18T23:45:07.630+0000] {dag.py:2941} INFO - Sync 1 DAGs
[2024-10-18T23:45:07.656+0000] {logging_mixin.py:151} INFO - [2024-10-18T23:45:07.656+0000] {dag.py:3722} INFO - Setting next_dagrun for example_complex to None, run_after=None
[2024-10-18T23:45:07.728+0000] {processor.py:179} INFO - Processing /home/airflow/.local/lib/python3.8/site-packages/airflow/example_dags/example_complex.py took 0.236 seconds
[2024-10-18T23:45:38.118+0000] {processor.py:157} INFO - Started process (PID=636) to work on /home/airflow/.local/lib/python3.8/site-packages/airflow/example_dags/example_complex.py
[2024-10-18T23:45:38.119+0000] {processor.py:829} INFO - Processing file /home/airflow/.local/lib/python3.8/site-packages/airflow/example_dags/example_complex.py for tasks to queue
[2024-10-18T23:45:38.125+0000] {logging_mixin.py:151} INFO - [2024-10-18T23:45:38.125+0000] {dagbag.py:536} INFO - Filling up the DagBag from /home/airflow/.local/lib/python3.8/site-packages/airflow/example_dags/example_complex.py
[2024-10-18T23:45:38.148+0000] {processor.py:839} INFO - DAG(s) dict_keys(['example_complex']) retrieved from /home/airflow/.local/lib/python3.8/site-packages/airflow/example_dags/example_complex.py
[2024-10-18T23:45:38.197+0000] {logging_mixin.py:151} INFO - [2024-10-18T23:45:38.196+0000] {dag.py:2941} INFO - Sync 1 DAGs
[2024-10-18T23:45:38.215+0000] {logging_mixin.py:151} INFO - [2024-10-18T23:45:38.215+0000] {dag.py:3722} INFO - Setting next_dagrun for example_complex to None, run_after=None
[2024-10-18T23:45:38.282+0000] {processor.py:179} INFO - Processing /home/airflow/.local/lib/python3.8/site-packages/airflow/example_dags/example_complex.py took 0.169 seconds
[2024-10-18T23:46:09.461+0000] {processor.py:157} INFO - Started process (PID=691) to work on /home/airflow/.local/lib/python3.8/site-packages/airflow/example_dags/example_complex.py
[2024-10-18T23:46:09.462+0000] {processor.py:829} INFO - Processing file /home/airflow/.local/lib/python3.8/site-packages/airflow/example_dags/example_complex.py for tasks to queue
[2024-10-18T23:46:09.470+0000] {logging_mixin.py:151} INFO - [2024-10-18T23:46:09.468+0000] {dagbag.py:536} INFO - Filling up the DagBag from /home/airflow/.local/lib/python3.8/site-packages/airflow/example_dags/example_complex.py
[2024-10-18T23:46:09.505+0000] {processor.py:839} INFO - DAG(s) dict_keys(['example_complex']) retrieved from /home/airflow/.local/lib/python3.8/site-packages/airflow/example_dags/example_complex.py
[2024-10-18T23:46:09.564+0000] {logging_mixin.py:151} INFO - [2024-10-18T23:46:09.564+0000] {dag.py:2941} INFO - Sync 1 DAGs
[2024-10-18T23:46:09.589+0000] {logging_mixin.py:151} INFO - [2024-10-18T23:46:09.589+0000] {dag.py:3722} INFO - Setting next_dagrun for example_complex to None, run_after=None
[2024-10-18T23:46:09.624+0000] {processor.py:179} INFO - Processing /home/airflow/.local/lib/python3.8/site-packages/airflow/example_dags/example_complex.py took 0.170 seconds
[2024-10-18T23:46:40.985+0000] {processor.py:157} INFO - Started process (PID=747) to work on /home/airflow/.local/lib/python3.8/site-packages/airflow/example_dags/example_complex.py
[2024-10-18T23:46:40.988+0000] {processor.py:829} INFO - Processing file /home/airflow/.local/lib/python3.8/site-packages/airflow/example_dags/example_complex.py for tasks to queue
[2024-10-18T23:46:40.992+0000] {logging_mixin.py:151} INFO - [2024-10-18T23:46:40.992+0000] {dagbag.py:536} INFO - Filling up the DagBag from /home/airflow/.local/lib/python3.8/site-packages/airflow/example_dags/example_complex.py
[2024-10-18T23:46:41.010+0000] {processor.py:839} INFO - DAG(s) dict_keys(['example_complex']) retrieved from /home/airflow/.local/lib/python3.8/site-packages/airflow/example_dags/example_complex.py
[2024-10-18T23:46:41.061+0000] {logging_mixin.py:151} INFO - [2024-10-18T23:46:41.061+0000] {dag.py:2941} INFO - Sync 1 DAGs
[2024-10-18T23:46:41.083+0000] {logging_mixin.py:151} INFO - [2024-10-18T23:46:41.083+0000] {dag.py:3722} INFO - Setting next_dagrun for example_complex to None, run_after=None
[2024-10-18T23:46:41.118+0000] {processor.py:179} INFO - Processing /home/airflow/.local/lib/python3.8/site-packages/airflow/example_dags/example_complex.py took 0.138 seconds
[2024-10-18T23:47:11.681+0000] {processor.py:157} INFO - Started process (PID=800) to work on /home/airflow/.local/lib/python3.8/site-packages/airflow/example_dags/example_complex.py
[2024-10-18T23:47:11.683+0000] {processor.py:829} INFO - Processing file /home/airflow/.local/lib/python3.8/site-packages/airflow/example_dags/example_complex.py for tasks to queue
[2024-10-18T23:47:11.715+0000] {logging_mixin.py:151} INFO - [2024-10-18T23:47:11.715+0000] {dagbag.py:536} INFO - Filling up the DagBag from /home/airflow/.local/lib/python3.8/site-packages/airflow/example_dags/example_complex.py
[2024-10-18T23:47:11.733+0000] {processor.py:839} INFO - DAG(s) dict_keys(['example_complex']) retrieved from /home/airflow/.local/lib/python3.8/site-packages/airflow/example_dags/example_complex.py
[2024-10-18T23:47:11.789+0000] {logging_mixin.py:151} INFO - [2024-10-18T23:47:11.789+0000] {dag.py:2941} INFO - Sync 1 DAGs
[2024-10-18T23:47:11.819+0000] {logging_mixin.py:151} INFO - [2024-10-18T23:47:11.819+0000] {dag.py:3722} INFO - Setting next_dagrun for example_complex to None, run_after=None
[2024-10-18T23:47:11.877+0000] {processor.py:179} INFO - Processing /home/airflow/.local/lib/python3.8/site-packages/airflow/example_dags/example_complex.py took 0.201 seconds
[2024-10-18T23:47:42.940+0000] {processor.py:157} INFO - Started process (PID=853) to work on /home/airflow/.local/lib/python3.8/site-packages/airflow/example_dags/example_complex.py
[2024-10-18T23:47:42.942+0000] {processor.py:829} INFO - Processing file /home/airflow/.local/lib/python3.8/site-packages/airflow/example_dags/example_complex.py for tasks to queue
[2024-10-18T23:47:42.953+0000] {logging_mixin.py:151} INFO - [2024-10-18T23:47:42.952+0000] {dagbag.py:536} INFO - Filling up the DagBag from /home/airflow/.local/lib/python3.8/site-packages/airflow/example_dags/example_complex.py
[2024-10-18T23:47:43.013+0000] {processor.py:839} INFO - DAG(s) dict_keys(['example_complex']) retrieved from /home/airflow/.local/lib/python3.8/site-packages/airflow/example_dags/example_complex.py
[2024-10-18T23:47:43.193+0000] {logging_mixin.py:151} INFO - [2024-10-18T23:47:43.187+0000] {dag.py:2941} INFO - Sync 1 DAGs
[2024-10-18T23:47:43.316+0000] {logging_mixin.py:151} INFO - [2024-10-18T23:47:43.316+0000] {dag.py:3722} INFO - Setting next_dagrun for example_complex to None, run_after=None
[2024-10-18T23:47:43.372+0000] {processor.py:179} INFO - Processing /home/airflow/.local/lib/python3.8/site-packages/airflow/example_dags/example_complex.py took 0.443 seconds
[2024-10-18T23:48:13.932+0000] {processor.py:157} INFO - Started process (PID=907) to work on /home/airflow/.local/lib/python3.8/site-packages/airflow/example_dags/example_complex.py
[2024-10-18T23:48:13.936+0000] {processor.py:829} INFO - Processing file /home/airflow/.local/lib/python3.8/site-packages/airflow/example_dags/example_complex.py for tasks to queue
[2024-10-18T23:48:13.942+0000] {logging_mixin.py:151} INFO - [2024-10-18T23:48:13.942+0000] {dagbag.py:536} INFO - Filling up the DagBag from /home/airflow/.local/lib/python3.8/site-packages/airflow/example_dags/example_complex.py
[2024-10-18T23:48:13.973+0000] {processor.py:839} INFO - DAG(s) dict_keys(['example_complex']) retrieved from /home/airflow/.local/lib/python3.8/site-packages/airflow/example_dags/example_complex.py
[2024-10-18T23:48:14.064+0000] {logging_mixin.py:151} INFO - [2024-10-18T23:48:14.064+0000] {dag.py:2941} INFO - Sync 1 DAGs
[2024-10-18T23:48:14.099+0000] {logging_mixin.py:151} INFO - [2024-10-18T23:48:14.099+0000] {dag.py:3722} INFO - Setting next_dagrun for example_complex to None, run_after=None
[2024-10-18T23:48:14.147+0000] {processor.py:179} INFO - Processing /home/airflow/.local/lib/python3.8/site-packages/airflow/example_dags/example_complex.py took 0.228 seconds
[2024-10-18T23:48:57.943+0000] {processor.py:157} INFO - Started process (PID=970) to work on /home/airflow/.local/lib/python3.8/site-packages/airflow/example_dags/example_complex.py
[2024-10-18T23:48:57.945+0000] {processor.py:829} INFO - Processing file /home/airflow/.local/lib/python3.8/site-packages/airflow/example_dags/example_complex.py for tasks to queue
[2024-10-18T23:48:57.949+0000] {logging_mixin.py:151} INFO - [2024-10-18T23:48:57.948+0000] {dagbag.py:536} INFO - Filling up the DagBag from /home/airflow/.local/lib/python3.8/site-packages/airflow/example_dags/example_complex.py
[2024-10-18T23:48:58.038+0000] {processor.py:839} INFO - DAG(s) dict_keys(['example_complex']) retrieved from /home/airflow/.local/lib/python3.8/site-packages/airflow/example_dags/example_complex.py
[2024-10-18T23:48:58.426+0000] {logging_mixin.py:151} INFO - [2024-10-18T23:48:58.425+0000] {dag.py:2941} INFO - Sync 1 DAGs
[2024-10-18T23:48:58.498+0000] {logging_mixin.py:151} INFO - [2024-10-18T23:48:58.495+0000] {dag.py:3722} INFO - Setting next_dagrun for example_complex to None, run_after=None
[2024-10-18T23:48:58.984+0000] {processor.py:179} INFO - Processing /home/airflow/.local/lib/python3.8/site-packages/airflow/example_dags/example_complex.py took 1.048 seconds
[2024-10-18T23:49:37.911+0000] {processor.py:157} INFO - Started process (PID=1022) to work on /home/airflow/.local/lib/python3.8/site-packages/airflow/example_dags/example_complex.py
[2024-10-18T23:49:37.920+0000] {processor.py:829} INFO - Processing file /home/airflow/.local/lib/python3.8/site-packages/airflow/example_dags/example_complex.py for tasks to queue
[2024-10-18T23:49:37.946+0000] {logging_mixin.py:151} INFO - [2024-10-18T23:49:37.939+0000] {dagbag.py:536} INFO - Filling up the DagBag from /home/airflow/.local/lib/python3.8/site-packages/airflow/example_dags/example_complex.py
[2024-10-18T23:49:38.158+0000] {processor.py:839} INFO - DAG(s) dict_keys(['example_complex']) retrieved from /home/airflow/.local/lib/python3.8/site-packages/airflow/example_dags/example_complex.py
[2024-10-18T23:49:39.276+0000] {logging_mixin.py:151} INFO - [2024-10-18T23:49:39.255+0000] {dag.py:2941} INFO - Sync 1 DAGs
[2024-10-18T23:49:39.360+0000] {logging_mixin.py:151} INFO - [2024-10-18T23:49:39.346+0000] {dag.py:3722} INFO - Setting next_dagrun for example_complex to None, run_after=None
[2024-10-18T23:49:39.679+0000] {processor.py:179} INFO - Processing /home/airflow/.local/lib/python3.8/site-packages/airflow/example_dags/example_complex.py took 1.805 seconds
[2024-10-18T23:50:24.943+0000] {processor.py:157} INFO - Started process (PID=1076) to work on /home/airflow/.local/lib/python3.8/site-packages/airflow/example_dags/example_complex.py
[2024-10-18T23:50:24.946+0000] {processor.py:829} INFO - Processing file /home/airflow/.local/lib/python3.8/site-packages/airflow/example_dags/example_complex.py for tasks to queue
[2024-10-18T23:50:24.954+0000] {logging_mixin.py:151} INFO - [2024-10-18T23:50:24.952+0000] {dagbag.py:536} INFO - Filling up the DagBag from /home/airflow/.local/lib/python3.8/site-packages/airflow/example_dags/example_complex.py
[2024-10-18T23:50:24.989+0000] {processor.py:839} INFO - DAG(s) dict_keys(['example_complex']) retrieved from /home/airflow/.local/lib/python3.8/site-packages/airflow/example_dags/example_complex.py
[2024-10-18T23:50:25.216+0000] {logging_mixin.py:151} INFO - [2024-10-18T23:50:25.215+0000] {dag.py:2941} INFO - Sync 1 DAGs
[2024-10-18T23:50:25.264+0000] {logging_mixin.py:151} INFO - [2024-10-18T23:50:25.264+0000] {dag.py:3722} INFO - Setting next_dagrun for example_complex to None, run_after=None
[2024-10-18T23:50:25.338+0000] {processor.py:179} INFO - Processing /home/airflow/.local/lib/python3.8/site-packages/airflow/example_dags/example_complex.py took 0.404 seconds
[2024-10-18T23:50:56.219+0000] {processor.py:157} INFO - Started process (PID=1129) to work on /home/airflow/.local/lib/python3.8/site-packages/airflow/example_dags/example_complex.py
[2024-10-18T23:50:56.221+0000] {processor.py:829} INFO - Processing file /home/airflow/.local/lib/python3.8/site-packages/airflow/example_dags/example_complex.py for tasks to queue
[2024-10-18T23:50:56.227+0000] {logging_mixin.py:151} INFO - [2024-10-18T23:50:56.226+0000] {dagbag.py:536} INFO - Filling up the DagBag from /home/airflow/.local/lib/python3.8/site-packages/airflow/example_dags/example_complex.py
[2024-10-18T23:50:56.251+0000] {processor.py:839} INFO - DAG(s) dict_keys(['example_complex']) retrieved from /home/airflow/.local/lib/python3.8/site-packages/airflow/example_dags/example_complex.py
[2024-10-18T23:50:56.346+0000] {logging_mixin.py:151} INFO - [2024-10-18T23:50:56.344+0000] {dag.py:2941} INFO - Sync 1 DAGs
[2024-10-18T23:50:56.395+0000] {logging_mixin.py:151} INFO - [2024-10-18T23:50:56.394+0000] {dag.py:3722} INFO - Setting next_dagrun for example_complex to None, run_after=None
[2024-10-18T23:50:57.004+0000] {processor.py:179} INFO - Processing /home/airflow/.local/lib/python3.8/site-packages/airflow/example_dags/example_complex.py took 0.791 seconds
[2024-10-18T23:51:27.534+0000] {processor.py:157} INFO - Started process (PID=1182) to work on /home/airflow/.local/lib/python3.8/site-packages/airflow/example_dags/example_complex.py
[2024-10-18T23:51:27.536+0000] {processor.py:829} INFO - Processing file /home/airflow/.local/lib/python3.8/site-packages/airflow/example_dags/example_complex.py for tasks to queue
[2024-10-18T23:51:27.541+0000] {logging_mixin.py:151} INFO - [2024-10-18T23:51:27.540+0000] {dagbag.py:536} INFO - Filling up the DagBag from /home/airflow/.local/lib/python3.8/site-packages/airflow/example_dags/example_complex.py
[2024-10-18T23:51:27.560+0000] {processor.py:839} INFO - DAG(s) dict_keys(['example_complex']) retrieved from /home/airflow/.local/lib/python3.8/site-packages/airflow/example_dags/example_complex.py
[2024-10-18T23:51:27.622+0000] {logging_mixin.py:151} INFO - [2024-10-18T23:51:27.622+0000] {dag.py:2941} INFO - Sync 1 DAGs
[2024-10-18T23:51:27.647+0000] {logging_mixin.py:151} INFO - [2024-10-18T23:51:27.647+0000] {dag.py:3722} INFO - Setting next_dagrun for example_complex to None, run_after=None
[2024-10-18T23:51:27.690+0000] {processor.py:179} INFO - Processing /home/airflow/.local/lib/python3.8/site-packages/airflow/example_dags/example_complex.py took 0.162 seconds
[2024-10-18T23:51:58.582+0000] {processor.py:157} INFO - Started process (PID=1236) to work on /home/airflow/.local/lib/python3.8/site-packages/airflow/example_dags/example_complex.py
[2024-10-18T23:51:58.585+0000] {processor.py:829} INFO - Processing file /home/airflow/.local/lib/python3.8/site-packages/airflow/example_dags/example_complex.py for tasks to queue
[2024-10-18T23:51:58.592+0000] {logging_mixin.py:151} INFO - [2024-10-18T23:51:58.591+0000] {dagbag.py:536} INFO - Filling up the DagBag from /home/airflow/.local/lib/python3.8/site-packages/airflow/example_dags/example_complex.py
[2024-10-18T23:51:58.626+0000] {processor.py:839} INFO - DAG(s) dict_keys(['example_complex']) retrieved from /home/airflow/.local/lib/python3.8/site-packages/airflow/example_dags/example_complex.py
[2024-10-18T23:51:58.690+0000] {logging_mixin.py:151} INFO - [2024-10-18T23:51:58.689+0000] {dag.py:2941} INFO - Sync 1 DAGs
[2024-10-18T23:51:58.717+0000] {logging_mixin.py:151} INFO - [2024-10-18T23:51:58.716+0000] {dag.py:3722} INFO - Setting next_dagrun for example_complex to None, run_after=None
[2024-10-18T23:51:58.761+0000] {processor.py:179} INFO - Processing /home/airflow/.local/lib/python3.8/site-packages/airflow/example_dags/example_complex.py took 0.186 seconds
[2024-10-18T23:52:31.764+0000] {processor.py:157} INFO - Started process (PID=1301) to work on /home/airflow/.local/lib/python3.8/site-packages/airflow/example_dags/example_complex.py
[2024-10-18T23:52:31.765+0000] {processor.py:829} INFO - Processing file /home/airflow/.local/lib/python3.8/site-packages/airflow/example_dags/example_complex.py for tasks to queue
[2024-10-18T23:52:31.768+0000] {logging_mixin.py:151} INFO - [2024-10-18T23:52:31.768+0000] {dagbag.py:536} INFO - Filling up the DagBag from /home/airflow/.local/lib/python3.8/site-packages/airflow/example_dags/example_complex.py
[2024-10-18T23:52:31.786+0000] {processor.py:839} INFO - DAG(s) dict_keys(['example_complex']) retrieved from /home/airflow/.local/lib/python3.8/site-packages/airflow/example_dags/example_complex.py
[2024-10-18T23:52:32.070+0000] {logging_mixin.py:151} INFO - [2024-10-18T23:52:32.069+0000] {dag.py:2941} INFO - Sync 1 DAGs
[2024-10-18T23:52:32.090+0000] {logging_mixin.py:151} INFO - [2024-10-18T23:52:32.090+0000] {dag.py:3722} INFO - Setting next_dagrun for example_complex to None, run_after=None
[2024-10-18T23:52:32.117+0000] {processor.py:179} INFO - Processing /home/airflow/.local/lib/python3.8/site-packages/airflow/example_dags/example_complex.py took 0.358 seconds
[2024-10-18T23:53:10.022+0000] {processor.py:157} INFO - Started process (PID=1356) to work on /home/airflow/.local/lib/python3.8/site-packages/airflow/example_dags/example_complex.py
[2024-10-18T23:53:10.025+0000] {processor.py:829} INFO - Processing file /home/airflow/.local/lib/python3.8/site-packages/airflow/example_dags/example_complex.py for tasks to queue
[2024-10-18T23:53:10.035+0000] {logging_mixin.py:151} INFO - [2024-10-18T23:53:10.034+0000] {dagbag.py:536} INFO - Filling up the DagBag from /home/airflow/.local/lib/python3.8/site-packages/airflow/example_dags/example_complex.py
[2024-10-18T23:53:10.093+0000] {processor.py:839} INFO - DAG(s) dict_keys(['example_complex']) retrieved from /home/airflow/.local/lib/python3.8/site-packages/airflow/example_dags/example_complex.py
[2024-10-18T23:53:10.638+0000] {logging_mixin.py:151} INFO - [2024-10-18T23:53:10.608+0000] {dag.py:2941} INFO - Sync 1 DAGs
[2024-10-18T23:53:10.751+0000] {logging_mixin.py:151} INFO - [2024-10-18T23:53:10.747+0000] {dag.py:3722} INFO - Setting next_dagrun for example_complex to None, run_after=None
[2024-10-18T23:53:11.510+0000] {processor.py:179} INFO - Processing /home/airflow/.local/lib/python3.8/site-packages/airflow/example_dags/example_complex.py took 1.505 seconds
[2024-10-18T23:53:55.763+0000] {processor.py:157} INFO - Started process (PID=1413) to work on /home/airflow/.local/lib/python3.8/site-packages/airflow/example_dags/example_complex.py
[2024-10-18T23:53:55.768+0000] {processor.py:829} INFO - Processing file /home/airflow/.local/lib/python3.8/site-packages/airflow/example_dags/example_complex.py for tasks to queue
[2024-10-18T23:53:55.773+0000] {logging_mixin.py:151} INFO - [2024-10-18T23:53:55.772+0000] {dagbag.py:536} INFO - Filling up the DagBag from /home/airflow/.local/lib/python3.8/site-packages/airflow/example_dags/example_complex.py
[2024-10-18T23:53:55.802+0000] {processor.py:839} INFO - DAG(s) dict_keys(['example_complex']) retrieved from /home/airflow/.local/lib/python3.8/site-packages/airflow/example_dags/example_complex.py
[2024-10-18T23:53:55.890+0000] {logging_mixin.py:151} INFO - [2024-10-18T23:53:55.890+0000] {dag.py:2941} INFO - Sync 1 DAGs
[2024-10-18T23:53:55.917+0000] {logging_mixin.py:151} INFO - [2024-10-18T23:53:55.917+0000] {dag.py:3722} INFO - Setting next_dagrun for example_complex to None, run_after=None
[2024-10-18T23:53:56.017+0000] {processor.py:179} INFO - Processing /home/airflow/.local/lib/python3.8/site-packages/airflow/example_dags/example_complex.py took 0.266 seconds
[2024-10-18T23:54:27.854+0000] {processor.py:157} INFO - Started process (PID=1468) to work on /home/airflow/.local/lib/python3.8/site-packages/airflow/example_dags/example_complex.py
[2024-10-18T23:54:27.856+0000] {processor.py:829} INFO - Processing file /home/airflow/.local/lib/python3.8/site-packages/airflow/example_dags/example_complex.py for tasks to queue
[2024-10-18T23:54:27.861+0000] {logging_mixin.py:151} INFO - [2024-10-18T23:54:27.861+0000] {dagbag.py:536} INFO - Filling up the DagBag from /home/airflow/.local/lib/python3.8/site-packages/airflow/example_dags/example_complex.py
[2024-10-18T23:54:28.182+0000] {processor.py:839} INFO - DAG(s) dict_keys(['example_complex']) retrieved from /home/airflow/.local/lib/python3.8/site-packages/airflow/example_dags/example_complex.py
[2024-10-18T23:54:28.256+0000] {logging_mixin.py:151} INFO - [2024-10-18T23:54:28.255+0000] {dag.py:2941} INFO - Sync 1 DAGs
[2024-10-18T23:54:28.279+0000] {logging_mixin.py:151} INFO - [2024-10-18T23:54:28.278+0000] {dag.py:3722} INFO - Setting next_dagrun for example_complex to None, run_after=None
[2024-10-18T23:54:28.316+0000] {processor.py:179} INFO - Processing /home/airflow/.local/lib/python3.8/site-packages/airflow/example_dags/example_complex.py took 0.468 seconds
[2024-10-18T23:55:02.955+0000] {processor.py:157} INFO - Started process (PID=1522) to work on /home/airflow/.local/lib/python3.8/site-packages/airflow/example_dags/example_complex.py
[2024-10-18T23:55:02.957+0000] {processor.py:829} INFO - Processing file /home/airflow/.local/lib/python3.8/site-packages/airflow/example_dags/example_complex.py for tasks to queue
[2024-10-18T23:55:02.964+0000] {logging_mixin.py:151} INFO - [2024-10-18T23:55:02.963+0000] {dagbag.py:536} INFO - Filling up the DagBag from /home/airflow/.local/lib/python3.8/site-packages/airflow/example_dags/example_complex.py
[2024-10-18T23:55:03.004+0000] {processor.py:839} INFO - DAG(s) dict_keys(['example_complex']) retrieved from /home/airflow/.local/lib/python3.8/site-packages/airflow/example_dags/example_complex.py
[2024-10-18T23:55:03.212+0000] {logging_mixin.py:151} INFO - [2024-10-18T23:55:03.212+0000] {dag.py:2941} INFO - Sync 1 DAGs
[2024-10-18T23:55:03.293+0000] {logging_mixin.py:151} INFO - [2024-10-18T23:55:03.286+0000] {dag.py:3722} INFO - Setting next_dagrun for example_complex to None, run_after=None
[2024-10-18T23:55:03.401+0000] {processor.py:179} INFO - Processing /home/airflow/.local/lib/python3.8/site-packages/airflow/example_dags/example_complex.py took 0.456 seconds
[2024-10-18T23:55:34.207+0000] {processor.py:157} INFO - Started process (PID=1582) to work on /home/airflow/.local/lib/python3.8/site-packages/airflow/example_dags/example_complex.py
[2024-10-18T23:55:34.209+0000] {processor.py:829} INFO - Processing file /home/airflow/.local/lib/python3.8/site-packages/airflow/example_dags/example_complex.py for tasks to queue
[2024-10-18T23:55:34.213+0000] {logging_mixin.py:151} INFO - [2024-10-18T23:55:34.212+0000] {dagbag.py:536} INFO - Filling up the DagBag from /home/airflow/.local/lib/python3.8/site-packages/airflow/example_dags/example_complex.py
[2024-10-18T23:55:34.233+0000] {processor.py:839} INFO - DAG(s) dict_keys(['example_complex']) retrieved from /home/airflow/.local/lib/python3.8/site-packages/airflow/example_dags/example_complex.py
[2024-10-18T23:55:34.294+0000] {logging_mixin.py:151} INFO - [2024-10-18T23:55:34.294+0000] {dag.py:2941} INFO - Sync 1 DAGs
[2024-10-18T23:55:34.325+0000] {logging_mixin.py:151} INFO - [2024-10-18T23:55:34.324+0000] {dag.py:3722} INFO - Setting next_dagrun for example_complex to None, run_after=None
[2024-10-18T23:55:34.366+0000] {processor.py:179} INFO - Processing /home/airflow/.local/lib/python3.8/site-packages/airflow/example_dags/example_complex.py took 0.165 seconds
[2024-10-18T23:56:11.898+0000] {processor.py:157} INFO - Started process (PID=1638) to work on /home/airflow/.local/lib/python3.8/site-packages/airflow/example_dags/example_complex.py
[2024-10-18T23:56:11.903+0000] {processor.py:829} INFO - Processing file /home/airflow/.local/lib/python3.8/site-packages/airflow/example_dags/example_complex.py for tasks to queue
[2024-10-18T23:56:11.921+0000] {logging_mixin.py:151} INFO - [2024-10-18T23:56:11.919+0000] {dagbag.py:536} INFO - Filling up the DagBag from /home/airflow/.local/lib/python3.8/site-packages/airflow/example_dags/example_complex.py
[2024-10-18T23:56:12.009+0000] {processor.py:839} INFO - DAG(s) dict_keys(['example_complex']) retrieved from /home/airflow/.local/lib/python3.8/site-packages/airflow/example_dags/example_complex.py
[2024-10-18T23:56:12.150+0000] {logging_mixin.py:151} INFO - [2024-10-18T23:56:12.149+0000] {dag.py:2941} INFO - Sync 1 DAGs
[2024-10-18T23:56:12.216+0000] {logging_mixin.py:151} INFO - [2024-10-18T23:56:12.215+0000] {dag.py:3722} INFO - Setting next_dagrun for example_complex to None, run_after=None
[2024-10-18T23:56:12.326+0000] {processor.py:179} INFO - Processing /home/airflow/.local/lib/python3.8/site-packages/airflow/example_dags/example_complex.py took 0.440 seconds
[2024-10-18T23:56:43.153+0000] {processor.py:157} INFO - Started process (PID=1691) to work on /home/airflow/.local/lib/python3.8/site-packages/airflow/example_dags/example_complex.py
[2024-10-18T23:56:43.173+0000] {processor.py:829} INFO - Processing file /home/airflow/.local/lib/python3.8/site-packages/airflow/example_dags/example_complex.py for tasks to queue
[2024-10-18T23:56:43.282+0000] {logging_mixin.py:151} INFO - [2024-10-18T23:56:43.251+0000] {dagbag.py:536} INFO - Filling up the DagBag from /home/airflow/.local/lib/python3.8/site-packages/airflow/example_dags/example_complex.py
[2024-10-18T23:56:43.453+0000] {processor.py:839} INFO - DAG(s) dict_keys(['example_complex']) retrieved from /home/airflow/.local/lib/python3.8/site-packages/airflow/example_dags/example_complex.py
[2024-10-18T23:56:44.316+0000] {logging_mixin.py:151} INFO - [2024-10-18T23:56:44.316+0000] {dag.py:2941} INFO - Sync 1 DAGs
[2024-10-18T23:56:44.377+0000] {logging_mixin.py:151} INFO - [2024-10-18T23:56:44.377+0000] {dag.py:3722} INFO - Setting next_dagrun for example_complex to None, run_after=None
[2024-10-18T23:56:44.460+0000] {processor.py:179} INFO - Processing /home/airflow/.local/lib/python3.8/site-packages/airflow/example_dags/example_complex.py took 1.320 seconds
[2024-10-18T23:57:25.130+0000] {processor.py:157} INFO - Started process (PID=1744) to work on /home/airflow/.local/lib/python3.8/site-packages/airflow/example_dags/example_complex.py
[2024-10-18T23:57:25.132+0000] {processor.py:829} INFO - Processing file /home/airflow/.local/lib/python3.8/site-packages/airflow/example_dags/example_complex.py for tasks to queue
[2024-10-18T23:57:25.143+0000] {logging_mixin.py:151} INFO - [2024-10-18T23:57:25.142+0000] {dagbag.py:536} INFO - Filling up the DagBag from /home/airflow/.local/lib/python3.8/site-packages/airflow/example_dags/example_complex.py
[2024-10-18T23:57:25.205+0000] {processor.py:839} INFO - DAG(s) dict_keys(['example_complex']) retrieved from /home/airflow/.local/lib/python3.8/site-packages/airflow/example_dags/example_complex.py
[2024-10-18T23:57:25.789+0000] {logging_mixin.py:151} INFO - [2024-10-18T23:57:25.770+0000] {dag.py:2941} INFO - Sync 1 DAGs
[2024-10-18T23:57:25.905+0000] {logging_mixin.py:151} INFO - [2024-10-18T23:57:25.905+0000] {dag.py:3722} INFO - Setting next_dagrun for example_complex to None, run_after=None
[2024-10-18T23:57:26.066+0000] {processor.py:179} INFO - Processing /home/airflow/.local/lib/python3.8/site-packages/airflow/example_dags/example_complex.py took 0.830 seconds
[2024-10-18T23:57:56.824+0000] {processor.py:157} INFO - Started process (PID=1798) to work on /home/airflow/.local/lib/python3.8/site-packages/airflow/example_dags/example_complex.py
[2024-10-18T23:57:56.827+0000] {processor.py:829} INFO - Processing file /home/airflow/.local/lib/python3.8/site-packages/airflow/example_dags/example_complex.py for tasks to queue
[2024-10-18T23:57:56.831+0000] {logging_mixin.py:151} INFO - [2024-10-18T23:57:56.831+0000] {dagbag.py:536} INFO - Filling up the DagBag from /home/airflow/.local/lib/python3.8/site-packages/airflow/example_dags/example_complex.py
[2024-10-18T23:57:56.858+0000] {processor.py:839} INFO - DAG(s) dict_keys(['example_complex']) retrieved from /home/airflow/.local/lib/python3.8/site-packages/airflow/example_dags/example_complex.py
[2024-10-18T23:57:56.997+0000] {logging_mixin.py:151} INFO - [2024-10-18T23:57:56.996+0000] {dag.py:2941} INFO - Sync 1 DAGs
[2024-10-18T23:57:57.031+0000] {logging_mixin.py:151} INFO - [2024-10-18T23:57:57.030+0000] {dag.py:3722} INFO - Setting next_dagrun for example_complex to None, run_after=None
[2024-10-18T23:57:57.077+0000] {processor.py:179} INFO - Processing /home/airflow/.local/lib/python3.8/site-packages/airflow/example_dags/example_complex.py took 0.260 seconds
[2024-10-18T23:58:27.684+0000] {processor.py:157} INFO - Started process (PID=1852) to work on /home/airflow/.local/lib/python3.8/site-packages/airflow/example_dags/example_complex.py
[2024-10-18T23:58:27.687+0000] {processor.py:829} INFO - Processing file /home/airflow/.local/lib/python3.8/site-packages/airflow/example_dags/example_complex.py for tasks to queue
[2024-10-18T23:58:27.693+0000] {logging_mixin.py:151} INFO - [2024-10-18T23:58:27.693+0000] {dagbag.py:536} INFO - Filling up the DagBag from /home/airflow/.local/lib/python3.8/site-packages/airflow/example_dags/example_complex.py
[2024-10-18T23:58:27.722+0000] {processor.py:839} INFO - DAG(s) dict_keys(['example_complex']) retrieved from /home/airflow/.local/lib/python3.8/site-packages/airflow/example_dags/example_complex.py
[2024-10-18T23:58:27.800+0000] {logging_mixin.py:151} INFO - [2024-10-18T23:58:27.800+0000] {dag.py:2941} INFO - Sync 1 DAGs
[2024-10-18T23:58:27.834+0000] {logging_mixin.py:151} INFO - [2024-10-18T23:58:27.833+0000] {dag.py:3722} INFO - Setting next_dagrun for example_complex to None, run_after=None
[2024-10-18T23:58:27.889+0000] {processor.py:179} INFO - Processing /home/airflow/.local/lib/python3.8/site-packages/airflow/example_dags/example_complex.py took 0.211 seconds
[2024-10-18T23:58:58.939+0000] {processor.py:157} INFO - Started process (PID=1906) to work on /home/airflow/.local/lib/python3.8/site-packages/airflow/example_dags/example_complex.py
[2024-10-18T23:58:58.942+0000] {processor.py:829} INFO - Processing file /home/airflow/.local/lib/python3.8/site-packages/airflow/example_dags/example_complex.py for tasks to queue
[2024-10-18T23:58:58.951+0000] {logging_mixin.py:151} INFO - [2024-10-18T23:58:58.950+0000] {dagbag.py:536} INFO - Filling up the DagBag from /home/airflow/.local/lib/python3.8/site-packages/airflow/example_dags/example_complex.py
[2024-10-18T23:58:58.992+0000] {processor.py:839} INFO - DAG(s) dict_keys(['example_complex']) retrieved from /home/airflow/.local/lib/python3.8/site-packages/airflow/example_dags/example_complex.py
[2024-10-18T23:58:59.115+0000] {logging_mixin.py:151} INFO - [2024-10-18T23:58:59.114+0000] {dag.py:2941} INFO - Sync 1 DAGs
[2024-10-18T23:58:59.163+0000] {logging_mixin.py:151} INFO - [2024-10-18T23:58:59.163+0000] {dag.py:3722} INFO - Setting next_dagrun for example_complex to None, run_after=None
[2024-10-18T23:58:59.239+0000] {processor.py:179} INFO - Processing /home/airflow/.local/lib/python3.8/site-packages/airflow/example_dags/example_complex.py took 0.320 seconds
[2024-10-18T23:59:29.307+0000] {processor.py:157} INFO - Started process (PID=1959) to work on /home/airflow/.local/lib/python3.8/site-packages/airflow/example_dags/example_complex.py
[2024-10-18T23:59:29.310+0000] {processor.py:829} INFO - Processing file /home/airflow/.local/lib/python3.8/site-packages/airflow/example_dags/example_complex.py for tasks to queue
[2024-10-18T23:59:29.313+0000] {logging_mixin.py:151} INFO - [2024-10-18T23:59:29.313+0000] {dagbag.py:536} INFO - Filling up the DagBag from /home/airflow/.local/lib/python3.8/site-packages/airflow/example_dags/example_complex.py
[2024-10-18T23:59:29.333+0000] {processor.py:839} INFO - DAG(s) dict_keys(['example_complex']) retrieved from /home/airflow/.local/lib/python3.8/site-packages/airflow/example_dags/example_complex.py
[2024-10-18T23:59:29.390+0000] {logging_mixin.py:151} INFO - [2024-10-18T23:59:29.390+0000] {dag.py:2941} INFO - Sync 1 DAGs
[2024-10-18T23:59:29.412+0000] {logging_mixin.py:151} INFO - [2024-10-18T23:59:29.411+0000] {dag.py:3722} INFO - Setting next_dagrun for example_complex to None, run_after=None
[2024-10-18T23:59:29.460+0000] {processor.py:179} INFO - Processing /home/airflow/.local/lib/python3.8/site-packages/airflow/example_dags/example_complex.py took 0.159 seconds
