[2024-10-18T23:31:55.249+0000] {processor.py:157} INFO - Started process (PID=107) to work on /home/airflow/.local/lib/python3.8/site-packages/airflow/example_dags/example_branch_operator_decorator.py
[2024-10-18T23:31:55.251+0000] {processor.py:829} INFO - Processing file /home/airflow/.local/lib/python3.8/site-packages/airflow/example_dags/example_branch_operator_decorator.py for tasks to queue
[2024-10-18T23:31:55.256+0000] {logging_mixin.py:151} INFO - [2024-10-18T23:31:55.256+0000] {dagbag.py:536} INFO - Filling up the DagBag from /home/airflow/.local/lib/python3.8/site-packages/airflow/example_dags/example_branch_operator_decorator.py
[2024-10-18T23:31:55.290+0000] {processor.py:839} INFO - DAG(s) dict_keys(['example_branch_python_operator_decorator']) retrieved from /home/airflow/.local/lib/python3.8/site-packages/airflow/example_dags/example_branch_operator_decorator.py
[2024-10-18T23:31:55.323+0000] {logging_mixin.py:151} INFO - [2024-10-18T23:31:55.323+0000] {dag.py:2941} INFO - Sync 1 DAGs
[2024-10-18T23:31:55.380+0000] {logging_mixin.py:151} INFO - [2024-10-18T23:31:55.380+0000] {dag.py:3722} INFO - Setting next_dagrun for example_branch_python_operator_decorator to 2024-10-17T00:00:00+00:00, run_after=2024-10-18T00:00:00+00:00
[2024-10-18T23:31:55.560+0000] {processor.py:179} INFO - Processing /home/airflow/.local/lib/python3.8/site-packages/airflow/example_dags/example_branch_operator_decorator.py took 0.321 seconds
[2024-10-18T23:32:26.159+0000] {processor.py:157} INFO - Started process (PID=161) to work on /home/airflow/.local/lib/python3.8/site-packages/airflow/example_dags/example_branch_operator_decorator.py
[2024-10-18T23:32:26.165+0000] {processor.py:829} INFO - Processing file /home/airflow/.local/lib/python3.8/site-packages/airflow/example_dags/example_branch_operator_decorator.py for tasks to queue
[2024-10-18T23:32:26.184+0000] {logging_mixin.py:151} INFO - [2024-10-18T23:32:26.183+0000] {dagbag.py:536} INFO - Filling up the DagBag from /home/airflow/.local/lib/python3.8/site-packages/airflow/example_dags/example_branch_operator_decorator.py
[2024-10-18T23:32:26.303+0000] {processor.py:839} INFO - DAG(s) dict_keys(['example_branch_python_operator_decorator']) retrieved from /home/airflow/.local/lib/python3.8/site-packages/airflow/example_dags/example_branch_operator_decorator.py
[2024-10-18T23:32:26.480+0000] {logging_mixin.py:151} INFO - [2024-10-18T23:32:26.479+0000] {dag.py:2941} INFO - Sync 1 DAGs
[2024-10-18T23:32:26.615+0000] {logging_mixin.py:151} INFO - [2024-10-18T23:32:26.615+0000] {dag.py:3722} INFO - Setting next_dagrun for example_branch_python_operator_decorator to 2024-10-17T00:00:00+00:00, run_after=2024-10-18T00:00:00+00:00
[2024-10-18T23:32:26.716+0000] {processor.py:179} INFO - Processing /home/airflow/.local/lib/python3.8/site-packages/airflow/example_dags/example_branch_operator_decorator.py took 0.601 seconds
[2024-10-18T23:32:57.287+0000] {processor.py:157} INFO - Started process (PID=215) to work on /home/airflow/.local/lib/python3.8/site-packages/airflow/example_dags/example_branch_operator_decorator.py
[2024-10-18T23:32:57.289+0000] {processor.py:829} INFO - Processing file /home/airflow/.local/lib/python3.8/site-packages/airflow/example_dags/example_branch_operator_decorator.py for tasks to queue
[2024-10-18T23:32:57.295+0000] {logging_mixin.py:151} INFO - [2024-10-18T23:32:57.295+0000] {dagbag.py:536} INFO - Filling up the DagBag from /home/airflow/.local/lib/python3.8/site-packages/airflow/example_dags/example_branch_operator_decorator.py
[2024-10-18T23:32:57.329+0000] {processor.py:839} INFO - DAG(s) dict_keys(['example_branch_python_operator_decorator']) retrieved from /home/airflow/.local/lib/python3.8/site-packages/airflow/example_dags/example_branch_operator_decorator.py
[2024-10-18T23:32:57.419+0000] {logging_mixin.py:151} INFO - [2024-10-18T23:32:57.419+0000] {dag.py:2941} INFO - Sync 1 DAGs
[2024-10-18T23:32:57.481+0000] {logging_mixin.py:151} INFO - [2024-10-18T23:32:57.481+0000] {dag.py:3722} INFO - Setting next_dagrun for example_branch_python_operator_decorator to 2024-10-17T00:00:00+00:00, run_after=2024-10-18T00:00:00+00:00
[2024-10-18T23:32:57.530+0000] {processor.py:179} INFO - Processing /home/airflow/.local/lib/python3.8/site-packages/airflow/example_dags/example_branch_operator_decorator.py took 0.250 seconds
[2024-10-18T23:33:27.583+0000] {processor.py:157} INFO - Started process (PID=268) to work on /home/airflow/.local/lib/python3.8/site-packages/airflow/example_dags/example_branch_operator_decorator.py
[2024-10-18T23:33:27.586+0000] {processor.py:829} INFO - Processing file /home/airflow/.local/lib/python3.8/site-packages/airflow/example_dags/example_branch_operator_decorator.py for tasks to queue
[2024-10-18T23:33:27.593+0000] {logging_mixin.py:151} INFO - [2024-10-18T23:33:27.592+0000] {dagbag.py:536} INFO - Filling up the DagBag from /home/airflow/.local/lib/python3.8/site-packages/airflow/example_dags/example_branch_operator_decorator.py
[2024-10-18T23:33:27.619+0000] {processor.py:839} INFO - DAG(s) dict_keys(['example_branch_python_operator_decorator']) retrieved from /home/airflow/.local/lib/python3.8/site-packages/airflow/example_dags/example_branch_operator_decorator.py
[2024-10-18T23:33:27.660+0000] {logging_mixin.py:151} INFO - [2024-10-18T23:33:27.660+0000] {dag.py:2941} INFO - Sync 1 DAGs
[2024-10-18T23:33:27.698+0000] {logging_mixin.py:151} INFO - [2024-10-18T23:33:27.697+0000] {dag.py:3722} INFO - Setting next_dagrun for example_branch_python_operator_decorator to 2024-10-17T00:00:00+00:00, run_after=2024-10-18T00:00:00+00:00
[2024-10-18T23:33:27.740+0000] {processor.py:179} INFO - Processing /home/airflow/.local/lib/python3.8/site-packages/airflow/example_dags/example_branch_operator_decorator.py took 0.166 seconds
[2024-10-18T23:33:58.097+0000] {processor.py:157} INFO - Started process (PID=322) to work on /home/airflow/.local/lib/python3.8/site-packages/airflow/example_dags/example_branch_operator_decorator.py
[2024-10-18T23:33:58.100+0000] {processor.py:829} INFO - Processing file /home/airflow/.local/lib/python3.8/site-packages/airflow/example_dags/example_branch_operator_decorator.py for tasks to queue
[2024-10-18T23:33:58.108+0000] {logging_mixin.py:151} INFO - [2024-10-18T23:33:58.107+0000] {dagbag.py:536} INFO - Filling up the DagBag from /home/airflow/.local/lib/python3.8/site-packages/airflow/example_dags/example_branch_operator_decorator.py
[2024-10-18T23:33:58.232+0000] {processor.py:839} INFO - DAG(s) dict_keys(['example_branch_python_operator_decorator']) retrieved from /home/airflow/.local/lib/python3.8/site-packages/airflow/example_dags/example_branch_operator_decorator.py
[2024-10-18T23:33:58.340+0000] {logging_mixin.py:151} INFO - [2024-10-18T23:33:58.340+0000] {dag.py:2941} INFO - Sync 1 DAGs
[2024-10-18T23:33:58.482+0000] {logging_mixin.py:151} INFO - [2024-10-18T23:33:58.482+0000] {dag.py:3722} INFO - Setting next_dagrun for example_branch_python_operator_decorator to 2024-10-17T00:00:00+00:00, run_after=2024-10-18T00:00:00+00:00
[2024-10-18T23:33:58.557+0000] {processor.py:179} INFO - Processing /home/airflow/.local/lib/python3.8/site-packages/airflow/example_dags/example_branch_operator_decorator.py took 0.472 seconds
[2024-10-18T23:34:28.644+0000] {processor.py:157} INFO - Started process (PID=376) to work on /home/airflow/.local/lib/python3.8/site-packages/airflow/example_dags/example_branch_operator_decorator.py
[2024-10-18T23:34:28.646+0000] {processor.py:829} INFO - Processing file /home/airflow/.local/lib/python3.8/site-packages/airflow/example_dags/example_branch_operator_decorator.py for tasks to queue
[2024-10-18T23:34:28.652+0000] {logging_mixin.py:151} INFO - [2024-10-18T23:34:28.651+0000] {dagbag.py:536} INFO - Filling up the DagBag from /home/airflow/.local/lib/python3.8/site-packages/airflow/example_dags/example_branch_operator_decorator.py
[2024-10-18T23:34:28.680+0000] {processor.py:839} INFO - DAG(s) dict_keys(['example_branch_python_operator_decorator']) retrieved from /home/airflow/.local/lib/python3.8/site-packages/airflow/example_dags/example_branch_operator_decorator.py
[2024-10-18T23:34:28.759+0000] {logging_mixin.py:151} INFO - [2024-10-18T23:34:28.758+0000] {dag.py:2941} INFO - Sync 1 DAGs
[2024-10-18T23:34:28.829+0000] {logging_mixin.py:151} INFO - [2024-10-18T23:34:28.828+0000] {dag.py:3722} INFO - Setting next_dagrun for example_branch_python_operator_decorator to 2024-10-17T00:00:00+00:00, run_after=2024-10-18T00:00:00+00:00
[2024-10-18T23:34:28.893+0000] {processor.py:179} INFO - Processing /home/airflow/.local/lib/python3.8/site-packages/airflow/example_dags/example_branch_operator_decorator.py took 0.258 seconds
[2024-10-18T23:34:59.768+0000] {processor.py:157} INFO - Started process (PID=430) to work on /home/airflow/.local/lib/python3.8/site-packages/airflow/example_dags/example_branch_operator_decorator.py
[2024-10-18T23:34:59.771+0000] {processor.py:829} INFO - Processing file /home/airflow/.local/lib/python3.8/site-packages/airflow/example_dags/example_branch_operator_decorator.py for tasks to queue
[2024-10-18T23:34:59.776+0000] {logging_mixin.py:151} INFO - [2024-10-18T23:34:59.775+0000] {dagbag.py:536} INFO - Filling up the DagBag from /home/airflow/.local/lib/python3.8/site-packages/airflow/example_dags/example_branch_operator_decorator.py
[2024-10-18T23:34:59.801+0000] {processor.py:839} INFO - DAG(s) dict_keys(['example_branch_python_operator_decorator']) retrieved from /home/airflow/.local/lib/python3.8/site-packages/airflow/example_dags/example_branch_operator_decorator.py
[2024-10-18T23:34:59.876+0000] {logging_mixin.py:151} INFO - [2024-10-18T23:34:59.876+0000] {dag.py:2941} INFO - Sync 1 DAGs
[2024-10-18T23:34:59.969+0000] {logging_mixin.py:151} INFO - [2024-10-18T23:34:59.968+0000] {dag.py:3722} INFO - Setting next_dagrun for example_branch_python_operator_decorator to 2024-10-17T00:00:00+00:00, run_after=2024-10-18T00:00:00+00:00
[2024-10-18T23:35:00.027+0000] {processor.py:179} INFO - Processing /home/airflow/.local/lib/python3.8/site-packages/airflow/example_dags/example_branch_operator_decorator.py took 0.266 seconds
[2024-10-18T23:35:30.790+0000] {processor.py:157} INFO - Started process (PID=481) to work on /home/airflow/.local/lib/python3.8/site-packages/airflow/example_dags/example_branch_operator_decorator.py
[2024-10-18T23:35:30.793+0000] {processor.py:829} INFO - Processing file /home/airflow/.local/lib/python3.8/site-packages/airflow/example_dags/example_branch_operator_decorator.py for tasks to queue
[2024-10-18T23:35:30.801+0000] {logging_mixin.py:151} INFO - [2024-10-18T23:35:30.800+0000] {dagbag.py:536} INFO - Filling up the DagBag from /home/airflow/.local/lib/python3.8/site-packages/airflow/example_dags/example_branch_operator_decorator.py
[2024-10-18T23:35:30.855+0000] {processor.py:839} INFO - DAG(s) dict_keys(['example_branch_python_operator_decorator']) retrieved from /home/airflow/.local/lib/python3.8/site-packages/airflow/example_dags/example_branch_operator_decorator.py
[2024-10-18T23:35:30.939+0000] {logging_mixin.py:151} INFO - [2024-10-18T23:35:30.938+0000] {dag.py:2941} INFO - Sync 1 DAGs
[2024-10-18T23:35:31.016+0000] {logging_mixin.py:151} INFO - [2024-10-18T23:35:31.015+0000] {dag.py:3722} INFO - Setting next_dagrun for example_branch_python_operator_decorator to 2024-10-17T00:00:00+00:00, run_after=2024-10-18T00:00:00+00:00
[2024-10-18T23:35:31.104+0000] {processor.py:179} INFO - Processing /home/airflow/.local/lib/python3.8/site-packages/airflow/example_dags/example_branch_operator_decorator.py took 0.324 seconds
[2024-10-18T23:36:01.553+0000] {processor.py:157} INFO - Started process (PID=535) to work on /home/airflow/.local/lib/python3.8/site-packages/airflow/example_dags/example_branch_operator_decorator.py
[2024-10-18T23:36:01.556+0000] {processor.py:829} INFO - Processing file /home/airflow/.local/lib/python3.8/site-packages/airflow/example_dags/example_branch_operator_decorator.py for tasks to queue
[2024-10-18T23:36:01.561+0000] {logging_mixin.py:151} INFO - [2024-10-18T23:36:01.560+0000] {dagbag.py:536} INFO - Filling up the DagBag from /home/airflow/.local/lib/python3.8/site-packages/airflow/example_dags/example_branch_operator_decorator.py
[2024-10-18T23:36:01.585+0000] {processor.py:839} INFO - DAG(s) dict_keys(['example_branch_python_operator_decorator']) retrieved from /home/airflow/.local/lib/python3.8/site-packages/airflow/example_dags/example_branch_operator_decorator.py
[2024-10-18T23:36:01.656+0000] {logging_mixin.py:151} INFO - [2024-10-18T23:36:01.654+0000] {dag.py:2941} INFO - Sync 1 DAGs
[2024-10-18T23:36:01.721+0000] {logging_mixin.py:151} INFO - [2024-10-18T23:36:01.720+0000] {dag.py:3722} INFO - Setting next_dagrun for example_branch_python_operator_decorator to 2024-10-17T00:00:00+00:00, run_after=2024-10-18T00:00:00+00:00
[2024-10-18T23:36:01.764+0000] {processor.py:179} INFO - Processing /home/airflow/.local/lib/python3.8/site-packages/airflow/example_dags/example_branch_operator_decorator.py took 0.220 seconds
[2024-10-18T23:38:58.977+0000] {processor.py:157} INFO - Started process (PID=107) to work on /home/airflow/.local/lib/python3.8/site-packages/airflow/example_dags/example_branch_operator_decorator.py
[2024-10-18T23:38:58.980+0000] {processor.py:829} INFO - Processing file /home/airflow/.local/lib/python3.8/site-packages/airflow/example_dags/example_branch_operator_decorator.py for tasks to queue
[2024-10-18T23:38:58.997+0000] {logging_mixin.py:151} INFO - [2024-10-18T23:38:58.996+0000] {dagbag.py:536} INFO - Filling up the DagBag from /home/airflow/.local/lib/python3.8/site-packages/airflow/example_dags/example_branch_operator_decorator.py
[2024-10-18T23:38:59.059+0000] {processor.py:839} INFO - DAG(s) dict_keys(['example_branch_python_operator_decorator']) retrieved from /home/airflow/.local/lib/python3.8/site-packages/airflow/example_dags/example_branch_operator_decorator.py
[2024-10-18T23:38:59.155+0000] {logging_mixin.py:151} INFO - [2024-10-18T23:38:59.151+0000] {dag.py:2941} INFO - Sync 1 DAGs
[2024-10-18T23:38:59.278+0000] {logging_mixin.py:151} INFO - [2024-10-18T23:38:59.272+0000] {dag.py:3722} INFO - Setting next_dagrun for example_branch_python_operator_decorator to 2024-10-17T00:00:00+00:00, run_after=2024-10-18T00:00:00+00:00
[2024-10-18T23:38:59.360+0000] {processor.py:179} INFO - Processing /home/airflow/.local/lib/python3.8/site-packages/airflow/example_dags/example_branch_operator_decorator.py took 0.396 seconds
[2024-10-18T23:39:29.912+0000] {processor.py:157} INFO - Started process (PID=161) to work on /home/airflow/.local/lib/python3.8/site-packages/airflow/example_dags/example_branch_operator_decorator.py
[2024-10-18T23:39:29.914+0000] {processor.py:829} INFO - Processing file /home/airflow/.local/lib/python3.8/site-packages/airflow/example_dags/example_branch_operator_decorator.py for tasks to queue
[2024-10-18T23:39:29.918+0000] {logging_mixin.py:151} INFO - [2024-10-18T23:39:29.918+0000] {dagbag.py:536} INFO - Filling up the DagBag from /home/airflow/.local/lib/python3.8/site-packages/airflow/example_dags/example_branch_operator_decorator.py
[2024-10-18T23:39:29.954+0000] {processor.py:839} INFO - DAG(s) dict_keys(['example_branch_python_operator_decorator']) retrieved from /home/airflow/.local/lib/python3.8/site-packages/airflow/example_dags/example_branch_operator_decorator.py
[2024-10-18T23:39:30.050+0000] {logging_mixin.py:151} INFO - [2024-10-18T23:39:30.047+0000] {dag.py:2941} INFO - Sync 1 DAGs
[2024-10-18T23:39:30.146+0000] {logging_mixin.py:151} INFO - [2024-10-18T23:39:30.145+0000] {dag.py:3722} INFO - Setting next_dagrun for example_branch_python_operator_decorator to 2024-10-17T00:00:00+00:00, run_after=2024-10-18T00:00:00+00:00
[2024-10-18T23:39:30.209+0000] {processor.py:179} INFO - Processing /home/airflow/.local/lib/python3.8/site-packages/airflow/example_dags/example_branch_operator_decorator.py took 0.304 seconds
[2024-10-18T23:40:00.440+0000] {processor.py:157} INFO - Started process (PID=215) to work on /home/airflow/.local/lib/python3.8/site-packages/airflow/example_dags/example_branch_operator_decorator.py
[2024-10-18T23:40:00.443+0000] {processor.py:829} INFO - Processing file /home/airflow/.local/lib/python3.8/site-packages/airflow/example_dags/example_branch_operator_decorator.py for tasks to queue
[2024-10-18T23:40:00.447+0000] {logging_mixin.py:151} INFO - [2024-10-18T23:40:00.446+0000] {dagbag.py:536} INFO - Filling up the DagBag from /home/airflow/.local/lib/python3.8/site-packages/airflow/example_dags/example_branch_operator_decorator.py
[2024-10-18T23:40:00.488+0000] {processor.py:839} INFO - DAG(s) dict_keys(['example_branch_python_operator_decorator']) retrieved from /home/airflow/.local/lib/python3.8/site-packages/airflow/example_dags/example_branch_operator_decorator.py
[2024-10-18T23:40:00.546+0000] {logging_mixin.py:151} INFO - [2024-10-18T23:40:00.546+0000] {dag.py:2941} INFO - Sync 1 DAGs
[2024-10-18T23:40:00.602+0000] {logging_mixin.py:151} INFO - [2024-10-18T23:40:00.601+0000] {dag.py:3722} INFO - Setting next_dagrun for example_branch_python_operator_decorator to 2024-10-17T00:00:00+00:00, run_after=2024-10-18T00:00:00+00:00
[2024-10-18T23:40:00.669+0000] {processor.py:179} INFO - Processing /home/airflow/.local/lib/python3.8/site-packages/airflow/example_dags/example_branch_operator_decorator.py took 0.240 seconds
[2024-10-18T23:41:03.867+0000] {processor.py:157} INFO - Started process (PID=275) to work on /home/airflow/.local/lib/python3.8/site-packages/airflow/example_dags/example_branch_operator_decorator.py
[2024-10-18T23:41:03.870+0000] {processor.py:829} INFO - Processing file /home/airflow/.local/lib/python3.8/site-packages/airflow/example_dags/example_branch_operator_decorator.py for tasks to queue
[2024-10-18T23:41:03.878+0000] {logging_mixin.py:151} INFO - [2024-10-18T23:41:03.877+0000] {dagbag.py:536} INFO - Filling up the DagBag from /home/airflow/.local/lib/python3.8/site-packages/airflow/example_dags/example_branch_operator_decorator.py
[2024-10-18T23:41:04.166+0000] {processor.py:839} INFO - DAG(s) dict_keys(['example_branch_python_operator_decorator']) retrieved from /home/airflow/.local/lib/python3.8/site-packages/airflow/example_dags/example_branch_operator_decorator.py
[2024-10-18T23:41:05.564+0000] {logging_mixin.py:151} INFO - [2024-10-18T23:41:05.561+0000] {dag.py:2941} INFO - Sync 1 DAGs
[2024-10-18T23:41:05.696+0000] {logging_mixin.py:151} INFO - [2024-10-18T23:41:05.696+0000] {dag.py:3722} INFO - Setting next_dagrun for example_branch_python_operator_decorator to 2024-10-17T00:00:00+00:00, run_after=2024-10-18T00:00:00+00:00
[2024-10-18T23:41:06.098+0000] {processor.py:179} INFO - Processing /home/airflow/.local/lib/python3.8/site-packages/airflow/example_dags/example_branch_operator_decorator.py took 2.258 seconds
[2024-10-18T23:41:36.671+0000] {processor.py:157} INFO - Started process (PID=329) to work on /home/airflow/.local/lib/python3.8/site-packages/airflow/example_dags/example_branch_operator_decorator.py
[2024-10-18T23:41:36.672+0000] {processor.py:829} INFO - Processing file /home/airflow/.local/lib/python3.8/site-packages/airflow/example_dags/example_branch_operator_decorator.py for tasks to queue
[2024-10-18T23:41:36.677+0000] {logging_mixin.py:151} INFO - [2024-10-18T23:41:36.676+0000] {dagbag.py:536} INFO - Filling up the DagBag from /home/airflow/.local/lib/python3.8/site-packages/airflow/example_dags/example_branch_operator_decorator.py
[2024-10-18T23:41:36.736+0000] {processor.py:839} INFO - DAG(s) dict_keys(['example_branch_python_operator_decorator']) retrieved from /home/airflow/.local/lib/python3.8/site-packages/airflow/example_dags/example_branch_operator_decorator.py
[2024-10-18T23:41:36.822+0000] {logging_mixin.py:151} INFO - [2024-10-18T23:41:36.821+0000] {dag.py:2941} INFO - Sync 1 DAGs
[2024-10-18T23:41:36.875+0000] {logging_mixin.py:151} INFO - [2024-10-18T23:41:36.874+0000] {dag.py:3722} INFO - Setting next_dagrun for example_branch_python_operator_decorator to 2024-10-17T00:00:00+00:00, run_after=2024-10-18T00:00:00+00:00
[2024-10-18T23:41:36.912+0000] {processor.py:179} INFO - Processing /home/airflow/.local/lib/python3.8/site-packages/airflow/example_dags/example_branch_operator_decorator.py took 0.252 seconds
[2024-10-18T23:43:22.300+0000] {processor.py:157} INFO - Started process (PID=415) to work on /home/airflow/.local/lib/python3.8/site-packages/airflow/example_dags/example_branch_operator_decorator.py
[2024-10-18T23:43:22.302+0000] {processor.py:829} INFO - Processing file /home/airflow/.local/lib/python3.8/site-packages/airflow/example_dags/example_branch_operator_decorator.py for tasks to queue
[2024-10-18T23:43:22.308+0000] {logging_mixin.py:151} INFO - [2024-10-18T23:43:22.307+0000] {dagbag.py:536} INFO - Filling up the DagBag from /home/airflow/.local/lib/python3.8/site-packages/airflow/example_dags/example_branch_operator_decorator.py
[2024-10-18T23:43:22.437+0000] {processor.py:839} INFO - DAG(s) dict_keys(['example_branch_python_operator_decorator']) retrieved from /home/airflow/.local/lib/python3.8/site-packages/airflow/example_dags/example_branch_operator_decorator.py
[2024-10-18T23:43:22.581+0000] {logging_mixin.py:151} INFO - [2024-10-18T23:43:22.581+0000] {dag.py:2941} INFO - Sync 1 DAGs
[2024-10-18T23:43:22.647+0000] {logging_mixin.py:151} INFO - [2024-10-18T23:43:22.647+0000] {dag.py:3722} INFO - Setting next_dagrun for example_branch_python_operator_decorator to 2024-10-17T00:00:00+00:00, run_after=2024-10-18T00:00:00+00:00
[2024-10-18T23:43:22.728+0000] {processor.py:179} INFO - Processing /home/airflow/.local/lib/python3.8/site-packages/airflow/example_dags/example_branch_operator_decorator.py took 0.438 seconds
[2024-10-18T23:43:56.427+0000] {processor.py:157} INFO - Started process (PID=469) to work on /home/airflow/.local/lib/python3.8/site-packages/airflow/example_dags/example_branch_operator_decorator.py
[2024-10-18T23:43:56.429+0000] {processor.py:829} INFO - Processing file /home/airflow/.local/lib/python3.8/site-packages/airflow/example_dags/example_branch_operator_decorator.py for tasks to queue
[2024-10-18T23:43:56.434+0000] {logging_mixin.py:151} INFO - [2024-10-18T23:43:56.432+0000] {dagbag.py:536} INFO - Filling up the DagBag from /home/airflow/.local/lib/python3.8/site-packages/airflow/example_dags/example_branch_operator_decorator.py
[2024-10-18T23:43:56.457+0000] {processor.py:839} INFO - DAG(s) dict_keys(['example_branch_python_operator_decorator']) retrieved from /home/airflow/.local/lib/python3.8/site-packages/airflow/example_dags/example_branch_operator_decorator.py
[2024-10-18T23:43:56.512+0000] {logging_mixin.py:151} INFO - [2024-10-18T23:43:56.512+0000] {dag.py:2941} INFO - Sync 1 DAGs
[2024-10-18T23:43:56.611+0000] {logging_mixin.py:151} INFO - [2024-10-18T23:43:56.610+0000] {dag.py:3722} INFO - Setting next_dagrun for example_branch_python_operator_decorator to 2024-10-17T00:00:00+00:00, run_after=2024-10-18T00:00:00+00:00
[2024-10-18T23:43:56.666+0000] {processor.py:179} INFO - Processing /home/airflow/.local/lib/python3.8/site-packages/airflow/example_dags/example_branch_operator_decorator.py took 0.245 seconds
[2024-10-18T23:44:32.641+0000] {processor.py:157} INFO - Started process (PID=524) to work on /home/airflow/.local/lib/python3.8/site-packages/airflow/example_dags/example_branch_operator_decorator.py
[2024-10-18T23:44:32.643+0000] {processor.py:829} INFO - Processing file /home/airflow/.local/lib/python3.8/site-packages/airflow/example_dags/example_branch_operator_decorator.py for tasks to queue
[2024-10-18T23:44:32.648+0000] {logging_mixin.py:151} INFO - [2024-10-18T23:44:32.648+0000] {dagbag.py:536} INFO - Filling up the DagBag from /home/airflow/.local/lib/python3.8/site-packages/airflow/example_dags/example_branch_operator_decorator.py
[2024-10-18T23:44:32.722+0000] {processor.py:839} INFO - DAG(s) dict_keys(['example_branch_python_operator_decorator']) retrieved from /home/airflow/.local/lib/python3.8/site-packages/airflow/example_dags/example_branch_operator_decorator.py
[2024-10-18T23:44:32.796+0000] {logging_mixin.py:151} INFO - [2024-10-18T23:44:32.796+0000] {dag.py:2941} INFO - Sync 1 DAGs
[2024-10-18T23:44:32.843+0000] {logging_mixin.py:151} INFO - [2024-10-18T23:44:32.843+0000] {dag.py:3722} INFO - Setting next_dagrun for example_branch_python_operator_decorator to 2024-10-17T00:00:00+00:00, run_after=2024-10-18T00:00:00+00:00
[2024-10-18T23:44:32.891+0000] {processor.py:179} INFO - Processing /home/airflow/.local/lib/python3.8/site-packages/airflow/example_dags/example_branch_operator_decorator.py took 0.256 seconds
[2024-10-18T23:45:03.360+0000] {processor.py:157} INFO - Started process (PID=576) to work on /home/airflow/.local/lib/python3.8/site-packages/airflow/example_dags/example_branch_operator_decorator.py
[2024-10-18T23:45:03.371+0000] {processor.py:829} INFO - Processing file /home/airflow/.local/lib/python3.8/site-packages/airflow/example_dags/example_branch_operator_decorator.py for tasks to queue
[2024-10-18T23:45:03.413+0000] {logging_mixin.py:151} INFO - [2024-10-18T23:45:03.412+0000] {dagbag.py:536} INFO - Filling up the DagBag from /home/airflow/.local/lib/python3.8/site-packages/airflow/example_dags/example_branch_operator_decorator.py
[2024-10-18T23:45:03.584+0000] {processor.py:839} INFO - DAG(s) dict_keys(['example_branch_python_operator_decorator']) retrieved from /home/airflow/.local/lib/python3.8/site-packages/airflow/example_dags/example_branch_operator_decorator.py
[2024-10-18T23:45:03.789+0000] {logging_mixin.py:151} INFO - [2024-10-18T23:45:03.788+0000] {dag.py:2941} INFO - Sync 1 DAGs
[2024-10-18T23:45:03.975+0000] {logging_mixin.py:151} INFO - [2024-10-18T23:45:03.974+0000] {dag.py:3722} INFO - Setting next_dagrun for example_branch_python_operator_decorator to 2024-10-17T00:00:00+00:00, run_after=2024-10-18T00:00:00+00:00
[2024-10-18T23:45:04.070+0000] {processor.py:179} INFO - Processing /home/airflow/.local/lib/python3.8/site-packages/airflow/example_dags/example_branch_operator_decorator.py took 0.740 seconds
[2024-10-18T23:45:34.438+0000] {processor.py:157} INFO - Started process (PID=629) to work on /home/airflow/.local/lib/python3.8/site-packages/airflow/example_dags/example_branch_operator_decorator.py
[2024-10-18T23:45:34.441+0000] {processor.py:829} INFO - Processing file /home/airflow/.local/lib/python3.8/site-packages/airflow/example_dags/example_branch_operator_decorator.py for tasks to queue
[2024-10-18T23:45:34.447+0000] {logging_mixin.py:151} INFO - [2024-10-18T23:45:34.446+0000] {dagbag.py:536} INFO - Filling up the DagBag from /home/airflow/.local/lib/python3.8/site-packages/airflow/example_dags/example_branch_operator_decorator.py
[2024-10-18T23:45:34.480+0000] {processor.py:839} INFO - DAG(s) dict_keys(['example_branch_python_operator_decorator']) retrieved from /home/airflow/.local/lib/python3.8/site-packages/airflow/example_dags/example_branch_operator_decorator.py
[2024-10-18T23:45:34.535+0000] {logging_mixin.py:151} INFO - [2024-10-18T23:45:34.534+0000] {dag.py:2941} INFO - Sync 1 DAGs
[2024-10-18T23:45:34.581+0000] {logging_mixin.py:151} INFO - [2024-10-18T23:45:34.581+0000] {dag.py:3722} INFO - Setting next_dagrun for example_branch_python_operator_decorator to 2024-10-17T00:00:00+00:00, run_after=2024-10-18T00:00:00+00:00
[2024-10-18T23:45:34.619+0000] {processor.py:179} INFO - Processing /home/airflow/.local/lib/python3.8/site-packages/airflow/example_dags/example_branch_operator_decorator.py took 0.190 seconds
[2024-10-18T23:46:05.118+0000] {processor.py:157} INFO - Started process (PID=682) to work on /home/airflow/.local/lib/python3.8/site-packages/airflow/example_dags/example_branch_operator_decorator.py
[2024-10-18T23:46:05.119+0000] {processor.py:829} INFO - Processing file /home/airflow/.local/lib/python3.8/site-packages/airflow/example_dags/example_branch_operator_decorator.py for tasks to queue
[2024-10-18T23:46:05.130+0000] {logging_mixin.py:151} INFO - [2024-10-18T23:46:05.126+0000] {dagbag.py:536} INFO - Filling up the DagBag from /home/airflow/.local/lib/python3.8/site-packages/airflow/example_dags/example_branch_operator_decorator.py
[2024-10-18T23:46:05.166+0000] {processor.py:839} INFO - DAG(s) dict_keys(['example_branch_python_operator_decorator']) retrieved from /home/airflow/.local/lib/python3.8/site-packages/airflow/example_dags/example_branch_operator_decorator.py
[2024-10-18T23:46:05.254+0000] {logging_mixin.py:151} INFO - [2024-10-18T23:46:05.254+0000] {dag.py:2941} INFO - Sync 1 DAGs
[2024-10-18T23:46:05.316+0000] {logging_mixin.py:151} INFO - [2024-10-18T23:46:05.316+0000] {dag.py:3722} INFO - Setting next_dagrun for example_branch_python_operator_decorator to 2024-10-17T00:00:00+00:00, run_after=2024-10-18T00:00:00+00:00
[2024-10-18T23:46:05.388+0000] {processor.py:179} INFO - Processing /home/airflow/.local/lib/python3.8/site-packages/airflow/example_dags/example_branch_operator_decorator.py took 0.285 seconds
[2024-10-18T23:46:36.213+0000] {processor.py:157} INFO - Started process (PID=736) to work on /home/airflow/.local/lib/python3.8/site-packages/airflow/example_dags/example_branch_operator_decorator.py
[2024-10-18T23:46:36.216+0000] {processor.py:829} INFO - Processing file /home/airflow/.local/lib/python3.8/site-packages/airflow/example_dags/example_branch_operator_decorator.py for tasks to queue
[2024-10-18T23:46:36.226+0000] {logging_mixin.py:151} INFO - [2024-10-18T23:46:36.223+0000] {dagbag.py:536} INFO - Filling up the DagBag from /home/airflow/.local/lib/python3.8/site-packages/airflow/example_dags/example_branch_operator_decorator.py
[2024-10-18T23:46:36.260+0000] {processor.py:839} INFO - DAG(s) dict_keys(['example_branch_python_operator_decorator']) retrieved from /home/airflow/.local/lib/python3.8/site-packages/airflow/example_dags/example_branch_operator_decorator.py
[2024-10-18T23:46:36.337+0000] {logging_mixin.py:151} INFO - [2024-10-18T23:46:36.336+0000] {dag.py:2941} INFO - Sync 1 DAGs
[2024-10-18T23:46:36.415+0000] {logging_mixin.py:151} INFO - [2024-10-18T23:46:36.415+0000] {dag.py:3722} INFO - Setting next_dagrun for example_branch_python_operator_decorator to 2024-10-17T00:00:00+00:00, run_after=2024-10-18T00:00:00+00:00
[2024-10-18T23:46:36.463+0000] {processor.py:179} INFO - Processing /home/airflow/.local/lib/python3.8/site-packages/airflow/example_dags/example_branch_operator_decorator.py took 0.262 seconds
[2024-10-18T23:47:07.001+0000] {processor.py:157} INFO - Started process (PID=789) to work on /home/airflow/.local/lib/python3.8/site-packages/airflow/example_dags/example_branch_operator_decorator.py
[2024-10-18T23:47:07.012+0000] {processor.py:829} INFO - Processing file /home/airflow/.local/lib/python3.8/site-packages/airflow/example_dags/example_branch_operator_decorator.py for tasks to queue
[2024-10-18T23:47:07.018+0000] {logging_mixin.py:151} INFO - [2024-10-18T23:47:07.018+0000] {dagbag.py:536} INFO - Filling up the DagBag from /home/airflow/.local/lib/python3.8/site-packages/airflow/example_dags/example_branch_operator_decorator.py
[2024-10-18T23:47:07.095+0000] {processor.py:839} INFO - DAG(s) dict_keys(['example_branch_python_operator_decorator']) retrieved from /home/airflow/.local/lib/python3.8/site-packages/airflow/example_dags/example_branch_operator_decorator.py
[2024-10-18T23:47:07.215+0000] {logging_mixin.py:151} INFO - [2024-10-18T23:47:07.215+0000] {dag.py:2941} INFO - Sync 1 DAGs
[2024-10-18T23:47:07.338+0000] {logging_mixin.py:151} INFO - [2024-10-18T23:47:07.338+0000] {dag.py:3722} INFO - Setting next_dagrun for example_branch_python_operator_decorator to 2024-10-17T00:00:00+00:00, run_after=2024-10-18T00:00:00+00:00
[2024-10-18T23:47:07.385+0000] {processor.py:179} INFO - Processing /home/airflow/.local/lib/python3.8/site-packages/airflow/example_dags/example_branch_operator_decorator.py took 0.391 seconds
[2024-10-18T23:47:37.585+0000] {processor.py:157} INFO - Started process (PID=843) to work on /home/airflow/.local/lib/python3.8/site-packages/airflow/example_dags/example_branch_operator_decorator.py
[2024-10-18T23:47:37.588+0000] {processor.py:829} INFO - Processing file /home/airflow/.local/lib/python3.8/site-packages/airflow/example_dags/example_branch_operator_decorator.py for tasks to queue
[2024-10-18T23:47:37.597+0000] {logging_mixin.py:151} INFO - [2024-10-18T23:47:37.593+0000] {dagbag.py:536} INFO - Filling up the DagBag from /home/airflow/.local/lib/python3.8/site-packages/airflow/example_dags/example_branch_operator_decorator.py
[2024-10-18T23:47:37.668+0000] {processor.py:839} INFO - DAG(s) dict_keys(['example_branch_python_operator_decorator']) retrieved from /home/airflow/.local/lib/python3.8/site-packages/airflow/example_dags/example_branch_operator_decorator.py
[2024-10-18T23:47:37.824+0000] {logging_mixin.py:151} INFO - [2024-10-18T23:47:37.824+0000] {dag.py:2941} INFO - Sync 1 DAGs
[2024-10-18T23:47:37.911+0000] {logging_mixin.py:151} INFO - [2024-10-18T23:47:37.910+0000] {dag.py:3722} INFO - Setting next_dagrun for example_branch_python_operator_decorator to 2024-10-17T00:00:00+00:00, run_after=2024-10-18T00:00:00+00:00
[2024-10-18T23:47:38.004+0000] {processor.py:179} INFO - Processing /home/airflow/.local/lib/python3.8/site-packages/airflow/example_dags/example_branch_operator_decorator.py took 0.438 seconds
[2024-10-18T23:48:08.306+0000] {processor.py:157} INFO - Started process (PID=897) to work on /home/airflow/.local/lib/python3.8/site-packages/airflow/example_dags/example_branch_operator_decorator.py
[2024-10-18T23:48:08.311+0000] {processor.py:829} INFO - Processing file /home/airflow/.local/lib/python3.8/site-packages/airflow/example_dags/example_branch_operator_decorator.py for tasks to queue
[2024-10-18T23:48:08.323+0000] {logging_mixin.py:151} INFO - [2024-10-18T23:48:08.320+0000] {dagbag.py:536} INFO - Filling up the DagBag from /home/airflow/.local/lib/python3.8/site-packages/airflow/example_dags/example_branch_operator_decorator.py
[2024-10-18T23:48:08.369+0000] {processor.py:839} INFO - DAG(s) dict_keys(['example_branch_python_operator_decorator']) retrieved from /home/airflow/.local/lib/python3.8/site-packages/airflow/example_dags/example_branch_operator_decorator.py
[2024-10-18T23:48:08.457+0000] {logging_mixin.py:151} INFO - [2024-10-18T23:48:08.456+0000] {dag.py:2941} INFO - Sync 1 DAGs
[2024-10-18T23:48:08.549+0000] {logging_mixin.py:151} INFO - [2024-10-18T23:48:08.548+0000] {dag.py:3722} INFO - Setting next_dagrun for example_branch_python_operator_decorator to 2024-10-17T00:00:00+00:00, run_after=2024-10-18T00:00:00+00:00
[2024-10-18T23:48:08.598+0000] {processor.py:179} INFO - Processing /home/airflow/.local/lib/python3.8/site-packages/airflow/example_dags/example_branch_operator_decorator.py took 0.307 seconds
[2024-10-18T23:48:45.627+0000] {processor.py:157} INFO - Started process (PID=949) to work on /home/airflow/.local/lib/python3.8/site-packages/airflow/example_dags/example_branch_operator_decorator.py
[2024-10-18T23:48:45.633+0000] {processor.py:829} INFO - Processing file /home/airflow/.local/lib/python3.8/site-packages/airflow/example_dags/example_branch_operator_decorator.py for tasks to queue
[2024-10-18T23:48:45.641+0000] {logging_mixin.py:151} INFO - [2024-10-18T23:48:45.639+0000] {dagbag.py:536} INFO - Filling up the DagBag from /home/airflow/.local/lib/python3.8/site-packages/airflow/example_dags/example_branch_operator_decorator.py
[2024-10-18T23:48:45.706+0000] {processor.py:839} INFO - DAG(s) dict_keys(['example_branch_python_operator_decorator']) retrieved from /home/airflow/.local/lib/python3.8/site-packages/airflow/example_dags/example_branch_operator_decorator.py
[2024-10-18T23:48:45.902+0000] {logging_mixin.py:151} INFO - [2024-10-18T23:48:45.901+0000] {dag.py:2941} INFO - Sync 1 DAGs
[2024-10-18T23:48:46.984+0000] {logging_mixin.py:151} INFO - [2024-10-18T23:48:46.983+0000] {dag.py:3722} INFO - Setting next_dagrun for example_branch_python_operator_decorator to 2024-10-17T00:00:00+00:00, run_after=2024-10-18T00:00:00+00:00
[2024-10-18T23:48:47.155+0000] {processor.py:179} INFO - Processing /home/airflow/.local/lib/python3.8/site-packages/airflow/example_dags/example_branch_operator_decorator.py took 1.544 seconds
[2024-10-18T23:49:17.770+0000] {processor.py:157} INFO - Started process (PID=1002) to work on /home/airflow/.local/lib/python3.8/site-packages/airflow/example_dags/example_branch_operator_decorator.py
[2024-10-18T23:49:17.772+0000] {processor.py:829} INFO - Processing file /home/airflow/.local/lib/python3.8/site-packages/airflow/example_dags/example_branch_operator_decorator.py for tasks to queue
[2024-10-18T23:49:17.779+0000] {logging_mixin.py:151} INFO - [2024-10-18T23:49:17.778+0000] {dagbag.py:536} INFO - Filling up the DagBag from /home/airflow/.local/lib/python3.8/site-packages/airflow/example_dags/example_branch_operator_decorator.py
[2024-10-18T23:49:17.818+0000] {processor.py:839} INFO - DAG(s) dict_keys(['example_branch_python_operator_decorator']) retrieved from /home/airflow/.local/lib/python3.8/site-packages/airflow/example_dags/example_branch_operator_decorator.py
[2024-10-18T23:49:18.080+0000] {logging_mixin.py:151} INFO - [2024-10-18T23:49:18.080+0000] {dag.py:2941} INFO - Sync 1 DAGs
[2024-10-18T23:49:18.199+0000] {logging_mixin.py:151} INFO - [2024-10-18T23:49:18.199+0000] {dag.py:3722} INFO - Setting next_dagrun for example_branch_python_operator_decorator to 2024-10-17T00:00:00+00:00, run_after=2024-10-18T00:00:00+00:00
[2024-10-18T23:49:18.378+0000] {processor.py:179} INFO - Processing /home/airflow/.local/lib/python3.8/site-packages/airflow/example_dags/example_branch_operator_decorator.py took 0.629 seconds
[2024-10-18T23:50:24.494+0000] {processor.py:157} INFO - Started process (PID=1074) to work on /home/airflow/.local/lib/python3.8/site-packages/airflow/example_dags/example_branch_operator_decorator.py
[2024-10-18T23:50:24.505+0000] {processor.py:829} INFO - Processing file /home/airflow/.local/lib/python3.8/site-packages/airflow/example_dags/example_branch_operator_decorator.py for tasks to queue
[2024-10-18T23:50:24.511+0000] {logging_mixin.py:151} INFO - [2024-10-18T23:50:24.511+0000] {dagbag.py:536} INFO - Filling up the DagBag from /home/airflow/.local/lib/python3.8/site-packages/airflow/example_dags/example_branch_operator_decorator.py
[2024-10-18T23:50:24.639+0000] {processor.py:839} INFO - DAG(s) dict_keys(['example_branch_python_operator_decorator']) retrieved from /home/airflow/.local/lib/python3.8/site-packages/airflow/example_dags/example_branch_operator_decorator.py
[2024-10-18T23:50:24.748+0000] {logging_mixin.py:151} INFO - [2024-10-18T23:50:24.748+0000] {dag.py:2941} INFO - Sync 1 DAGs
[2024-10-18T23:50:24.817+0000] {logging_mixin.py:151} INFO - [2024-10-18T23:50:24.816+0000] {dag.py:3722} INFO - Setting next_dagrun for example_branch_python_operator_decorator to 2024-10-17T00:00:00+00:00, run_after=2024-10-18T00:00:00+00:00
[2024-10-18T23:50:24.868+0000] {processor.py:179} INFO - Processing /home/airflow/.local/lib/python3.8/site-packages/airflow/example_dags/example_branch_operator_decorator.py took 0.386 seconds
[2024-10-18T23:50:55.565+0000] {processor.py:157} INFO - Started process (PID=1127) to work on /home/airflow/.local/lib/python3.8/site-packages/airflow/example_dags/example_branch_operator_decorator.py
[2024-10-18T23:50:55.574+0000] {processor.py:829} INFO - Processing file /home/airflow/.local/lib/python3.8/site-packages/airflow/example_dags/example_branch_operator_decorator.py for tasks to queue
[2024-10-18T23:50:55.584+0000] {logging_mixin.py:151} INFO - [2024-10-18T23:50:55.583+0000] {dagbag.py:536} INFO - Filling up the DagBag from /home/airflow/.local/lib/python3.8/site-packages/airflow/example_dags/example_branch_operator_decorator.py
[2024-10-18T23:50:55.619+0000] {processor.py:839} INFO - DAG(s) dict_keys(['example_branch_python_operator_decorator']) retrieved from /home/airflow/.local/lib/python3.8/site-packages/airflow/example_dags/example_branch_operator_decorator.py
[2024-10-18T23:50:55.743+0000] {logging_mixin.py:151} INFO - [2024-10-18T23:50:55.743+0000] {dag.py:2941} INFO - Sync 1 DAGs
[2024-10-18T23:50:55.822+0000] {logging_mixin.py:151} INFO - [2024-10-18T23:50:55.821+0000] {dag.py:3722} INFO - Setting next_dagrun for example_branch_python_operator_decorator to 2024-10-17T00:00:00+00:00, run_after=2024-10-18T00:00:00+00:00
[2024-10-18T23:50:56.197+0000] {processor.py:179} INFO - Processing /home/airflow/.local/lib/python3.8/site-packages/airflow/example_dags/example_branch_operator_decorator.py took 0.655 seconds
[2024-10-18T23:51:26.505+0000] {processor.py:157} INFO - Started process (PID=1181) to work on /home/airflow/.local/lib/python3.8/site-packages/airflow/example_dags/example_branch_operator_decorator.py
[2024-10-18T23:51:26.507+0000] {processor.py:829} INFO - Processing file /home/airflow/.local/lib/python3.8/site-packages/airflow/example_dags/example_branch_operator_decorator.py for tasks to queue
[2024-10-18T23:51:26.528+0000] {logging_mixin.py:151} INFO - [2024-10-18T23:51:26.527+0000] {dagbag.py:536} INFO - Filling up the DagBag from /home/airflow/.local/lib/python3.8/site-packages/airflow/example_dags/example_branch_operator_decorator.py
[2024-10-18T23:51:26.563+0000] {processor.py:839} INFO - DAG(s) dict_keys(['example_branch_python_operator_decorator']) retrieved from /home/airflow/.local/lib/python3.8/site-packages/airflow/example_dags/example_branch_operator_decorator.py
[2024-10-18T23:51:26.658+0000] {logging_mixin.py:151} INFO - [2024-10-18T23:51:26.657+0000] {dag.py:2941} INFO - Sync 1 DAGs
[2024-10-18T23:51:26.716+0000] {logging_mixin.py:151} INFO - [2024-10-18T23:51:26.716+0000] {dag.py:3722} INFO - Setting next_dagrun for example_branch_python_operator_decorator to 2024-10-17T00:00:00+00:00, run_after=2024-10-18T00:00:00+00:00
[2024-10-18T23:51:26.757+0000] {processor.py:179} INFO - Processing /home/airflow/.local/lib/python3.8/site-packages/airflow/example_dags/example_branch_operator_decorator.py took 0.294 seconds
[2024-10-18T23:51:57.355+0000] {processor.py:157} INFO - Started process (PID=1235) to work on /home/airflow/.local/lib/python3.8/site-packages/airflow/example_dags/example_branch_operator_decorator.py
[2024-10-18T23:51:57.357+0000] {processor.py:829} INFO - Processing file /home/airflow/.local/lib/python3.8/site-packages/airflow/example_dags/example_branch_operator_decorator.py for tasks to queue
[2024-10-18T23:51:57.361+0000] {logging_mixin.py:151} INFO - [2024-10-18T23:51:57.360+0000] {dagbag.py:536} INFO - Filling up the DagBag from /home/airflow/.local/lib/python3.8/site-packages/airflow/example_dags/example_branch_operator_decorator.py
[2024-10-18T23:51:57.383+0000] {processor.py:839} INFO - DAG(s) dict_keys(['example_branch_python_operator_decorator']) retrieved from /home/airflow/.local/lib/python3.8/site-packages/airflow/example_dags/example_branch_operator_decorator.py
[2024-10-18T23:51:57.440+0000] {logging_mixin.py:151} INFO - [2024-10-18T23:51:57.440+0000] {dag.py:2941} INFO - Sync 1 DAGs
[2024-10-18T23:51:57.491+0000] {logging_mixin.py:151} INFO - [2024-10-18T23:51:57.490+0000] {dag.py:3722} INFO - Setting next_dagrun for example_branch_python_operator_decorator to 2024-10-17T00:00:00+00:00, run_after=2024-10-18T00:00:00+00:00
[2024-10-18T23:51:57.526+0000] {processor.py:179} INFO - Processing /home/airflow/.local/lib/python3.8/site-packages/airflow/example_dags/example_branch_operator_decorator.py took 0.177 seconds
[2024-10-18T23:52:29.786+0000] {processor.py:157} INFO - Started process (PID=1294) to work on /home/airflow/.local/lib/python3.8/site-packages/airflow/example_dags/example_branch_operator_decorator.py
[2024-10-18T23:52:29.789+0000] {processor.py:829} INFO - Processing file /home/airflow/.local/lib/python3.8/site-packages/airflow/example_dags/example_branch_operator_decorator.py for tasks to queue
[2024-10-18T23:52:29.794+0000] {logging_mixin.py:151} INFO - [2024-10-18T23:52:29.794+0000] {dagbag.py:536} INFO - Filling up the DagBag from /home/airflow/.local/lib/python3.8/site-packages/airflow/example_dags/example_branch_operator_decorator.py
[2024-10-18T23:52:29.838+0000] {processor.py:839} INFO - DAG(s) dict_keys(['example_branch_python_operator_decorator']) retrieved from /home/airflow/.local/lib/python3.8/site-packages/airflow/example_dags/example_branch_operator_decorator.py
[2024-10-18T23:52:29.914+0000] {logging_mixin.py:151} INFO - [2024-10-18T23:52:29.914+0000] {dag.py:2941} INFO - Sync 1 DAGs
[2024-10-18T23:52:30.269+0000] {logging_mixin.py:151} INFO - [2024-10-18T23:52:30.269+0000] {dag.py:3722} INFO - Setting next_dagrun for example_branch_python_operator_decorator to 2024-10-17T00:00:00+00:00, run_after=2024-10-18T00:00:00+00:00
[2024-10-18T23:52:30.315+0000] {processor.py:179} INFO - Processing /home/airflow/.local/lib/python3.8/site-packages/airflow/example_dags/example_branch_operator_decorator.py took 0.560 seconds
[2024-10-18T23:53:01.079+0000] {processor.py:157} INFO - Started process (PID=1348) to work on /home/airflow/.local/lib/python3.8/site-packages/airflow/example_dags/example_branch_operator_decorator.py
[2024-10-18T23:53:01.080+0000] {processor.py:829} INFO - Processing file /home/airflow/.local/lib/python3.8/site-packages/airflow/example_dags/example_branch_operator_decorator.py for tasks to queue
[2024-10-18T23:53:01.083+0000] {logging_mixin.py:151} INFO - [2024-10-18T23:53:01.083+0000] {dagbag.py:536} INFO - Filling up the DagBag from /home/airflow/.local/lib/python3.8/site-packages/airflow/example_dags/example_branch_operator_decorator.py
[2024-10-18T23:53:01.109+0000] {processor.py:839} INFO - DAG(s) dict_keys(['example_branch_python_operator_decorator']) retrieved from /home/airflow/.local/lib/python3.8/site-packages/airflow/example_dags/example_branch_operator_decorator.py
[2024-10-18T23:53:01.170+0000] {logging_mixin.py:151} INFO - [2024-10-18T23:53:01.170+0000] {dag.py:2941} INFO - Sync 1 DAGs
[2024-10-18T23:53:01.230+0000] {logging_mixin.py:151} INFO - [2024-10-18T23:53:01.230+0000] {dag.py:3722} INFO - Setting next_dagrun for example_branch_python_operator_decorator to 2024-10-17T00:00:00+00:00, run_after=2024-10-18T00:00:00+00:00
[2024-10-18T23:53:02.179+0000] {processor.py:179} INFO - Processing /home/airflow/.local/lib/python3.8/site-packages/airflow/example_dags/example_branch_operator_decorator.py took 1.110 seconds
[2024-10-18T23:53:55.469+0000] {processor.py:157} INFO - Started process (PID=1411) to work on /home/airflow/.local/lib/python3.8/site-packages/airflow/example_dags/example_branch_operator_decorator.py
[2024-10-18T23:53:55.475+0000] {processor.py:829} INFO - Processing file /home/airflow/.local/lib/python3.8/site-packages/airflow/example_dags/example_branch_operator_decorator.py for tasks to queue
[2024-10-18T23:53:55.482+0000] {logging_mixin.py:151} INFO - [2024-10-18T23:53:55.482+0000] {dagbag.py:536} INFO - Filling up the DagBag from /home/airflow/.local/lib/python3.8/site-packages/airflow/example_dags/example_branch_operator_decorator.py
[2024-10-18T23:53:55.535+0000] {processor.py:839} INFO - DAG(s) dict_keys(['example_branch_python_operator_decorator']) retrieved from /home/airflow/.local/lib/python3.8/site-packages/airflow/example_dags/example_branch_operator_decorator.py
[2024-10-18T23:53:55.601+0000] {logging_mixin.py:151} INFO - [2024-10-18T23:53:55.600+0000] {dag.py:2941} INFO - Sync 1 DAGs
[2024-10-18T23:53:55.652+0000] {logging_mixin.py:151} INFO - [2024-10-18T23:53:55.652+0000] {dag.py:3722} INFO - Setting next_dagrun for example_branch_python_operator_decorator to 2024-10-17T00:00:00+00:00, run_after=2024-10-18T00:00:00+00:00
[2024-10-18T23:53:55.692+0000] {processor.py:179} INFO - Processing /home/airflow/.local/lib/python3.8/site-packages/airflow/example_dags/example_branch_operator_decorator.py took 0.230 seconds
[2024-10-18T23:54:27.356+0000] {processor.py:157} INFO - Started process (PID=1466) to work on /home/airflow/.local/lib/python3.8/site-packages/airflow/example_dags/example_branch_operator_decorator.py
[2024-10-18T23:54:27.359+0000] {processor.py:829} INFO - Processing file /home/airflow/.local/lib/python3.8/site-packages/airflow/example_dags/example_branch_operator_decorator.py for tasks to queue
[2024-10-18T23:54:27.363+0000] {logging_mixin.py:151} INFO - [2024-10-18T23:54:27.363+0000] {dagbag.py:536} INFO - Filling up the DagBag from /home/airflow/.local/lib/python3.8/site-packages/airflow/example_dags/example_branch_operator_decorator.py
[2024-10-18T23:54:27.388+0000] {processor.py:839} INFO - DAG(s) dict_keys(['example_branch_python_operator_decorator']) retrieved from /home/airflow/.local/lib/python3.8/site-packages/airflow/example_dags/example_branch_operator_decorator.py
[2024-10-18T23:54:27.701+0000] {logging_mixin.py:151} INFO - [2024-10-18T23:54:27.700+0000] {dag.py:2941} INFO - Sync 1 DAGs
[2024-10-18T23:54:27.750+0000] {logging_mixin.py:151} INFO - [2024-10-18T23:54:27.749+0000] {dag.py:3722} INFO - Setting next_dagrun for example_branch_python_operator_decorator to 2024-10-17T00:00:00+00:00, run_after=2024-10-18T00:00:00+00:00
[2024-10-18T23:54:27.792+0000] {processor.py:179} INFO - Processing /home/airflow/.local/lib/python3.8/site-packages/airflow/example_dags/example_branch_operator_decorator.py took 0.443 seconds
[2024-10-18T23:55:02.308+0000] {processor.py:157} INFO - Started process (PID=1520) to work on /home/airflow/.local/lib/python3.8/site-packages/airflow/example_dags/example_branch_operator_decorator.py
[2024-10-18T23:55:02.313+0000] {processor.py:829} INFO - Processing file /home/airflow/.local/lib/python3.8/site-packages/airflow/example_dags/example_branch_operator_decorator.py for tasks to queue
[2024-10-18T23:55:02.321+0000] {logging_mixin.py:151} INFO - [2024-10-18T23:55:02.320+0000] {dagbag.py:536} INFO - Filling up the DagBag from /home/airflow/.local/lib/python3.8/site-packages/airflow/example_dags/example_branch_operator_decorator.py
[2024-10-18T23:55:02.377+0000] {processor.py:839} INFO - DAG(s) dict_keys(['example_branch_python_operator_decorator']) retrieved from /home/airflow/.local/lib/python3.8/site-packages/airflow/example_dags/example_branch_operator_decorator.py
[2024-10-18T23:55:02.482+0000] {logging_mixin.py:151} INFO - [2024-10-18T23:55:02.477+0000] {dag.py:2941} INFO - Sync 1 DAGs
[2024-10-18T23:55:02.679+0000] {logging_mixin.py:151} INFO - [2024-10-18T23:55:02.678+0000] {dag.py:3722} INFO - Setting next_dagrun for example_branch_python_operator_decorator to 2024-10-17T00:00:00+00:00, run_after=2024-10-18T00:00:00+00:00
[2024-10-18T23:55:02.865+0000] {processor.py:179} INFO - Processing /home/airflow/.local/lib/python3.8/site-packages/airflow/example_dags/example_branch_operator_decorator.py took 0.581 seconds
[2024-10-18T23:55:34.005+0000] {processor.py:157} INFO - Started process (PID=1580) to work on /home/airflow/.local/lib/python3.8/site-packages/airflow/example_dags/example_branch_operator_decorator.py
[2024-10-18T23:55:34.007+0000] {processor.py:829} INFO - Processing file /home/airflow/.local/lib/python3.8/site-packages/airflow/example_dags/example_branch_operator_decorator.py for tasks to queue
[2024-10-18T23:55:34.010+0000] {logging_mixin.py:151} INFO - [2024-10-18T23:55:34.010+0000] {dagbag.py:536} INFO - Filling up the DagBag from /home/airflow/.local/lib/python3.8/site-packages/airflow/example_dags/example_branch_operator_decorator.py
[2024-10-18T23:55:34.036+0000] {processor.py:839} INFO - DAG(s) dict_keys(['example_branch_python_operator_decorator']) retrieved from /home/airflow/.local/lib/python3.8/site-packages/airflow/example_dags/example_branch_operator_decorator.py
[2024-10-18T23:55:34.082+0000] {logging_mixin.py:151} INFO - [2024-10-18T23:55:34.081+0000] {dag.py:2941} INFO - Sync 1 DAGs
[2024-10-18T23:55:34.120+0000] {logging_mixin.py:151} INFO - [2024-10-18T23:55:34.120+0000] {dag.py:3722} INFO - Setting next_dagrun for example_branch_python_operator_decorator to 2024-10-17T00:00:00+00:00, run_after=2024-10-18T00:00:00+00:00
[2024-10-18T23:55:34.160+0000] {processor.py:179} INFO - Processing /home/airflow/.local/lib/python3.8/site-packages/airflow/example_dags/example_branch_operator_decorator.py took 0.160 seconds
[2024-10-18T23:56:11.267+0000] {processor.py:157} INFO - Started process (PID=1636) to work on /home/airflow/.local/lib/python3.8/site-packages/airflow/example_dags/example_branch_operator_decorator.py
[2024-10-18T23:56:11.269+0000] {processor.py:829} INFO - Processing file /home/airflow/.local/lib/python3.8/site-packages/airflow/example_dags/example_branch_operator_decorator.py for tasks to queue
[2024-10-18T23:56:11.275+0000] {logging_mixin.py:151} INFO - [2024-10-18T23:56:11.274+0000] {dagbag.py:536} INFO - Filling up the DagBag from /home/airflow/.local/lib/python3.8/site-packages/airflow/example_dags/example_branch_operator_decorator.py
[2024-10-18T23:56:11.327+0000] {processor.py:839} INFO - DAG(s) dict_keys(['example_branch_python_operator_decorator']) retrieved from /home/airflow/.local/lib/python3.8/site-packages/airflow/example_dags/example_branch_operator_decorator.py
[2024-10-18T23:56:11.436+0000] {logging_mixin.py:151} INFO - [2024-10-18T23:56:11.435+0000] {dag.py:2941} INFO - Sync 1 DAGs
[2024-10-18T23:56:11.649+0000] {logging_mixin.py:151} INFO - [2024-10-18T23:56:11.649+0000] {dag.py:3722} INFO - Setting next_dagrun for example_branch_python_operator_decorator to 2024-10-17T00:00:00+00:00, run_after=2024-10-18T00:00:00+00:00
[2024-10-18T23:56:11.775+0000] {processor.py:179} INFO - Processing /home/airflow/.local/lib/python3.8/site-packages/airflow/example_dags/example_branch_operator_decorator.py took 0.517 seconds
[2024-10-18T23:56:42.003+0000] {processor.py:157} INFO - Started process (PID=1689) to work on /home/airflow/.local/lib/python3.8/site-packages/airflow/example_dags/example_branch_operator_decorator.py
[2024-10-18T23:56:42.008+0000] {processor.py:829} INFO - Processing file /home/airflow/.local/lib/python3.8/site-packages/airflow/example_dags/example_branch_operator_decorator.py for tasks to queue
[2024-10-18T23:56:42.014+0000] {logging_mixin.py:151} INFO - [2024-10-18T23:56:42.013+0000] {dagbag.py:536} INFO - Filling up the DagBag from /home/airflow/.local/lib/python3.8/site-packages/airflow/example_dags/example_branch_operator_decorator.py
[2024-10-18T23:56:42.042+0000] {processor.py:839} INFO - DAG(s) dict_keys(['example_branch_python_operator_decorator']) retrieved from /home/airflow/.local/lib/python3.8/site-packages/airflow/example_dags/example_branch_operator_decorator.py
[2024-10-18T23:56:42.108+0000] {logging_mixin.py:151} INFO - [2024-10-18T23:56:42.108+0000] {dag.py:2941} INFO - Sync 1 DAGs
[2024-10-18T23:56:42.163+0000] {logging_mixin.py:151} INFO - [2024-10-18T23:56:42.163+0000] {dag.py:3722} INFO - Setting next_dagrun for example_branch_python_operator_decorator to 2024-10-17T00:00:00+00:00, run_after=2024-10-18T00:00:00+00:00
[2024-10-18T23:56:42.218+0000] {processor.py:179} INFO - Processing /home/airflow/.local/lib/python3.8/site-packages/airflow/example_dags/example_branch_operator_decorator.py took 0.230 seconds
[2024-10-18T23:57:24.444+0000] {processor.py:157} INFO - Started process (PID=1742) to work on /home/airflow/.local/lib/python3.8/site-packages/airflow/example_dags/example_branch_operator_decorator.py
[2024-10-18T23:57:24.452+0000] {processor.py:829} INFO - Processing file /home/airflow/.local/lib/python3.8/site-packages/airflow/example_dags/example_branch_operator_decorator.py for tasks to queue
[2024-10-18T23:57:24.465+0000] {logging_mixin.py:151} INFO - [2024-10-18T23:57:24.464+0000] {dagbag.py:536} INFO - Filling up the DagBag from /home/airflow/.local/lib/python3.8/site-packages/airflow/example_dags/example_branch_operator_decorator.py
[2024-10-18T23:57:24.517+0000] {processor.py:839} INFO - DAG(s) dict_keys(['example_branch_python_operator_decorator']) retrieved from /home/airflow/.local/lib/python3.8/site-packages/airflow/example_dags/example_branch_operator_decorator.py
[2024-10-18T23:57:24.807+0000] {logging_mixin.py:151} INFO - [2024-10-18T23:57:24.806+0000] {dag.py:2941} INFO - Sync 1 DAGs
[2024-10-18T23:57:24.964+0000] {logging_mixin.py:151} INFO - [2024-10-18T23:57:24.964+0000] {dag.py:3722} INFO - Setting next_dagrun for example_branch_python_operator_decorator to 2024-10-17T00:00:00+00:00, run_after=2024-10-18T00:00:00+00:00
[2024-10-18T23:57:25.025+0000] {processor.py:179} INFO - Processing /home/airflow/.local/lib/python3.8/site-packages/airflow/example_dags/example_branch_operator_decorator.py took 0.589 seconds
[2024-10-18T23:57:55.358+0000] {processor.py:157} INFO - Started process (PID=1796) to work on /home/airflow/.local/lib/python3.8/site-packages/airflow/example_dags/example_branch_operator_decorator.py
[2024-10-18T23:57:55.360+0000] {processor.py:829} INFO - Processing file /home/airflow/.local/lib/python3.8/site-packages/airflow/example_dags/example_branch_operator_decorator.py for tasks to queue
[2024-10-18T23:57:55.364+0000] {logging_mixin.py:151} INFO - [2024-10-18T23:57:55.364+0000] {dagbag.py:536} INFO - Filling up the DagBag from /home/airflow/.local/lib/python3.8/site-packages/airflow/example_dags/example_branch_operator_decorator.py
[2024-10-18T23:57:55.401+0000] {processor.py:839} INFO - DAG(s) dict_keys(['example_branch_python_operator_decorator']) retrieved from /home/airflow/.local/lib/python3.8/site-packages/airflow/example_dags/example_branch_operator_decorator.py
[2024-10-18T23:57:55.616+0000] {logging_mixin.py:151} INFO - [2024-10-18T23:57:55.615+0000] {dag.py:2941} INFO - Sync 1 DAGs
[2024-10-18T23:57:55.680+0000] {logging_mixin.py:151} INFO - [2024-10-18T23:57:55.679+0000] {dag.py:3722} INFO - Setting next_dagrun for example_branch_python_operator_decorator to 2024-10-17T00:00:00+00:00, run_after=2024-10-18T00:00:00+00:00
[2024-10-18T23:57:55.723+0000] {processor.py:179} INFO - Processing /home/airflow/.local/lib/python3.8/site-packages/airflow/example_dags/example_branch_operator_decorator.py took 0.341 seconds
[2024-10-18T23:58:26.354+0000] {processor.py:157} INFO - Started process (PID=1850) to work on /home/airflow/.local/lib/python3.8/site-packages/airflow/example_dags/example_branch_operator_decorator.py
[2024-10-18T23:58:26.357+0000] {processor.py:829} INFO - Processing file /home/airflow/.local/lib/python3.8/site-packages/airflow/example_dags/example_branch_operator_decorator.py for tasks to queue
[2024-10-18T23:58:26.363+0000] {logging_mixin.py:151} INFO - [2024-10-18T23:58:26.362+0000] {dagbag.py:536} INFO - Filling up the DagBag from /home/airflow/.local/lib/python3.8/site-packages/airflow/example_dags/example_branch_operator_decorator.py
[2024-10-18T23:58:26.395+0000] {processor.py:839} INFO - DAG(s) dict_keys(['example_branch_python_operator_decorator']) retrieved from /home/airflow/.local/lib/python3.8/site-packages/airflow/example_dags/example_branch_operator_decorator.py
[2024-10-18T23:58:26.472+0000] {logging_mixin.py:151} INFO - [2024-10-18T23:58:26.471+0000] {dag.py:2941} INFO - Sync 1 DAGs
[2024-10-18T23:58:26.555+0000] {logging_mixin.py:151} INFO - [2024-10-18T23:58:26.553+0000] {dag.py:3722} INFO - Setting next_dagrun for example_branch_python_operator_decorator to 2024-10-17T00:00:00+00:00, run_after=2024-10-18T00:00:00+00:00
[2024-10-18T23:58:26.611+0000] {processor.py:179} INFO - Processing /home/airflow/.local/lib/python3.8/site-packages/airflow/example_dags/example_branch_operator_decorator.py took 0.266 seconds
[2024-10-18T23:58:58.302+0000] {processor.py:157} INFO - Started process (PID=1904) to work on /home/airflow/.local/lib/python3.8/site-packages/airflow/example_dags/example_branch_operator_decorator.py
[2024-10-18T23:58:58.305+0000] {processor.py:829} INFO - Processing file /home/airflow/.local/lib/python3.8/site-packages/airflow/example_dags/example_branch_operator_decorator.py for tasks to queue
[2024-10-18T23:58:58.312+0000] {logging_mixin.py:151} INFO - [2024-10-18T23:58:58.311+0000] {dagbag.py:536} INFO - Filling up the DagBag from /home/airflow/.local/lib/python3.8/site-packages/airflow/example_dags/example_branch_operator_decorator.py
[2024-10-18T23:58:58.401+0000] {processor.py:839} INFO - DAG(s) dict_keys(['example_branch_python_operator_decorator']) retrieved from /home/airflow/.local/lib/python3.8/site-packages/airflow/example_dags/example_branch_operator_decorator.py
[2024-10-18T23:58:58.541+0000] {logging_mixin.py:151} INFO - [2024-10-18T23:58:58.540+0000] {dag.py:2941} INFO - Sync 1 DAGs
[2024-10-18T23:58:58.689+0000] {logging_mixin.py:151} INFO - [2024-10-18T23:58:58.689+0000] {dag.py:3722} INFO - Setting next_dagrun for example_branch_python_operator_decorator to 2024-10-17T00:00:00+00:00, run_after=2024-10-18T00:00:00+00:00
[2024-10-18T23:58:58.800+0000] {processor.py:179} INFO - Processing /home/airflow/.local/lib/python3.8/site-packages/airflow/example_dags/example_branch_operator_decorator.py took 0.510 seconds
[2024-10-18T23:59:29.060+0000] {processor.py:157} INFO - Started process (PID=1957) to work on /home/airflow/.local/lib/python3.8/site-packages/airflow/example_dags/example_branch_operator_decorator.py
[2024-10-18T23:59:29.062+0000] {processor.py:829} INFO - Processing file /home/airflow/.local/lib/python3.8/site-packages/airflow/example_dags/example_branch_operator_decorator.py for tasks to queue
[2024-10-18T23:59:29.068+0000] {logging_mixin.py:151} INFO - [2024-10-18T23:59:29.067+0000] {dagbag.py:536} INFO - Filling up the DagBag from /home/airflow/.local/lib/python3.8/site-packages/airflow/example_dags/example_branch_operator_decorator.py
[2024-10-18T23:59:29.091+0000] {processor.py:839} INFO - DAG(s) dict_keys(['example_branch_python_operator_decorator']) retrieved from /home/airflow/.local/lib/python3.8/site-packages/airflow/example_dags/example_branch_operator_decorator.py
[2024-10-18T23:59:29.158+0000] {logging_mixin.py:151} INFO - [2024-10-18T23:59:29.158+0000] {dag.py:2941} INFO - Sync 1 DAGs
[2024-10-18T23:59:29.224+0000] {logging_mixin.py:151} INFO - [2024-10-18T23:59:29.223+0000] {dag.py:3722} INFO - Setting next_dagrun for example_branch_python_operator_decorator to 2024-10-17T00:00:00+00:00, run_after=2024-10-18T00:00:00+00:00
[2024-10-18T23:59:29.262+0000] {processor.py:179} INFO - Processing /home/airflow/.local/lib/python3.8/site-packages/airflow/example_dags/example_branch_operator_decorator.py took 0.210 seconds
[2024-10-18T23:59:59.954+0000] {processor.py:157} INFO - Started process (PID=2011) to work on /home/airflow/.local/lib/python3.8/site-packages/airflow/example_dags/example_branch_operator_decorator.py
[2024-10-18T23:59:59.957+0000] {processor.py:829} INFO - Processing file /home/airflow/.local/lib/python3.8/site-packages/airflow/example_dags/example_branch_operator_decorator.py for tasks to queue
[2024-10-18T23:59:59.962+0000] {logging_mixin.py:151} INFO - [2024-10-18T23:59:59.962+0000] {dagbag.py:536} INFO - Filling up the DagBag from /home/airflow/.local/lib/python3.8/site-packages/airflow/example_dags/example_branch_operator_decorator.py
[2024-10-18T23:59:59.995+0000] {processor.py:839} INFO - DAG(s) dict_keys(['example_branch_python_operator_decorator']) retrieved from /home/airflow/.local/lib/python3.8/site-packages/airflow/example_dags/example_branch_operator_decorator.py
[2024-10-19T00:00:00.068+0000] {logging_mixin.py:151} INFO - [2024-10-19T00:00:00.067+0000] {dag.py:2941} INFO - Sync 1 DAGs
[2024-10-19T00:00:00.136+0000] {logging_mixin.py:151} INFO - [2024-10-19T00:00:00.135+0000] {dag.py:3722} INFO - Setting next_dagrun for example_branch_python_operator_decorator to 2024-10-18T00:00:00+00:00, run_after=2024-10-19T00:00:00+00:00
[2024-10-19T00:00:00.192+0000] {processor.py:179} INFO - Processing /home/airflow/.local/lib/python3.8/site-packages/airflow/example_dags/example_branch_operator_decorator.py took 0.247 seconds
