[2024-10-18T23:31:40.623+0000] {processor.py:157} INFO - Started process (PID=84) to work on /home/airflow/.local/lib/python3.8/site-packages/airflow/example_dags/example_branch_operator.py
[2024-10-18T23:31:40.627+0000] {processor.py:829} INFO - Processing file /home/airflow/.local/lib/python3.8/site-packages/airflow/example_dags/example_branch_operator.py for tasks to queue
[2024-10-18T23:31:40.667+0000] {logging_mixin.py:151} INFO - [2024-10-18T23:31:40.655+0000] {dagbag.py:536} INFO - Filling up the DagBag from /home/airflow/.local/lib/python3.8/site-packages/airflow/example_dags/example_branch_operator.py
[2024-10-18T23:31:40.953+0000] {processor.py:839} INFO - DAG(s) dict_keys(['example_branch_operator']) retrieved from /home/airflow/.local/lib/python3.8/site-packages/airflow/example_dags/example_branch_operator.py
[2024-10-18T23:31:41.396+0000] {logging_mixin.py:151} INFO - [2024-10-18T23:31:41.395+0000] {dag.py:2941} INFO - Sync 1 DAGs
[2024-10-18T23:31:42.155+0000] {logging_mixin.py:151} INFO - [2024-10-18T23:31:42.152+0000] {dag.py:3722} INFO - Setting next_dagrun for example_branch_operator to 2024-10-17T00:00:00+00:00, run_after=2024-10-18T00:00:00+00:00
[2024-10-18T23:31:42.352+0000] {processor.py:179} INFO - Processing /home/airflow/.local/lib/python3.8/site-packages/airflow/example_dags/example_branch_operator.py took 2.120 seconds
[2024-10-18T23:32:14.679+0000] {processor.py:157} INFO - Started process (PID=138) to work on /home/airflow/.local/lib/python3.8/site-packages/airflow/example_dags/example_branch_operator.py
[2024-10-18T23:32:14.698+0000] {processor.py:829} INFO - Processing file /home/airflow/.local/lib/python3.8/site-packages/airflow/example_dags/example_branch_operator.py for tasks to queue
[2024-10-18T23:32:14.738+0000] {logging_mixin.py:151} INFO - [2024-10-18T23:32:14.732+0000] {dagbag.py:536} INFO - Filling up the DagBag from /home/airflow/.local/lib/python3.8/site-packages/airflow/example_dags/example_branch_operator.py
[2024-10-18T23:32:14.926+0000] {processor.py:839} INFO - DAG(s) dict_keys(['example_branch_operator']) retrieved from /home/airflow/.local/lib/python3.8/site-packages/airflow/example_dags/example_branch_operator.py
[2024-10-18T23:32:15.069+0000] {logging_mixin.py:151} INFO - [2024-10-18T23:32:15.069+0000] {dag.py:2941} INFO - Sync 1 DAGs
[2024-10-18T23:32:15.319+0000] {logging_mixin.py:151} INFO - [2024-10-18T23:32:15.317+0000] {dag.py:3722} INFO - Setting next_dagrun for example_branch_operator to 2024-10-17T00:00:00+00:00, run_after=2024-10-18T00:00:00+00:00
[2024-10-18T23:32:15.416+0000] {processor.py:179} INFO - Processing /home/airflow/.local/lib/python3.8/site-packages/airflow/example_dags/example_branch_operator.py took 0.785 seconds
[2024-10-18T23:32:45.603+0000] {processor.py:157} INFO - Started process (PID=190) to work on /home/airflow/.local/lib/python3.8/site-packages/airflow/example_dags/example_branch_operator.py
[2024-10-18T23:32:45.605+0000] {processor.py:829} INFO - Processing file /home/airflow/.local/lib/python3.8/site-packages/airflow/example_dags/example_branch_operator.py for tasks to queue
[2024-10-18T23:32:45.614+0000] {logging_mixin.py:151} INFO - [2024-10-18T23:32:45.613+0000] {dagbag.py:536} INFO - Filling up the DagBag from /home/airflow/.local/lib/python3.8/site-packages/airflow/example_dags/example_branch_operator.py
[2024-10-18T23:32:45.647+0000] {processor.py:839} INFO - DAG(s) dict_keys(['example_branch_operator']) retrieved from /home/airflow/.local/lib/python3.8/site-packages/airflow/example_dags/example_branch_operator.py
[2024-10-18T23:32:45.715+0000] {logging_mixin.py:151} INFO - [2024-10-18T23:32:45.714+0000] {dag.py:2941} INFO - Sync 1 DAGs
[2024-10-18T23:32:45.753+0000] {logging_mixin.py:151} INFO - [2024-10-18T23:32:45.753+0000] {dag.py:3722} INFO - Setting next_dagrun for example_branch_operator to 2024-10-17T00:00:00+00:00, run_after=2024-10-18T00:00:00+00:00
[2024-10-18T23:32:45.794+0000] {processor.py:179} INFO - Processing /home/airflow/.local/lib/python3.8/site-packages/airflow/example_dags/example_branch_operator.py took 0.197 seconds
[2024-10-18T23:33:16.156+0000] {processor.py:157} INFO - Started process (PID=244) to work on /home/airflow/.local/lib/python3.8/site-packages/airflow/example_dags/example_branch_operator.py
[2024-10-18T23:33:16.158+0000] {processor.py:829} INFO - Processing file /home/airflow/.local/lib/python3.8/site-packages/airflow/example_dags/example_branch_operator.py for tasks to queue
[2024-10-18T23:33:16.163+0000] {logging_mixin.py:151} INFO - [2024-10-18T23:33:16.163+0000] {dagbag.py:536} INFO - Filling up the DagBag from /home/airflow/.local/lib/python3.8/site-packages/airflow/example_dags/example_branch_operator.py
[2024-10-18T23:33:16.184+0000] {processor.py:839} INFO - DAG(s) dict_keys(['example_branch_operator']) retrieved from /home/airflow/.local/lib/python3.8/site-packages/airflow/example_dags/example_branch_operator.py
[2024-10-18T23:33:16.329+0000] {logging_mixin.py:151} INFO - [2024-10-18T23:33:16.329+0000] {dag.py:2941} INFO - Sync 1 DAGs
[2024-10-18T23:33:16.522+0000] {logging_mixin.py:151} INFO - [2024-10-18T23:33:16.467+0000] {dag.py:3722} INFO - Setting next_dagrun for example_branch_operator to 2024-10-17T00:00:00+00:00, run_after=2024-10-18T00:00:00+00:00
[2024-10-18T23:33:16.607+0000] {processor.py:179} INFO - Processing /home/airflow/.local/lib/python3.8/site-packages/airflow/example_dags/example_branch_operator.py took 0.458 seconds
[2024-10-18T23:33:46.970+0000] {processor.py:157} INFO - Started process (PID=298) to work on /home/airflow/.local/lib/python3.8/site-packages/airflow/example_dags/example_branch_operator.py
[2024-10-18T23:33:46.971+0000] {processor.py:829} INFO - Processing file /home/airflow/.local/lib/python3.8/site-packages/airflow/example_dags/example_branch_operator.py for tasks to queue
[2024-10-18T23:33:46.976+0000] {logging_mixin.py:151} INFO - [2024-10-18T23:33:46.975+0000] {dagbag.py:536} INFO - Filling up the DagBag from /home/airflow/.local/lib/python3.8/site-packages/airflow/example_dags/example_branch_operator.py
[2024-10-18T23:33:46.992+0000] {processor.py:839} INFO - DAG(s) dict_keys(['example_branch_operator']) retrieved from /home/airflow/.local/lib/python3.8/site-packages/airflow/example_dags/example_branch_operator.py
[2024-10-18T23:33:47.031+0000] {logging_mixin.py:151} INFO - [2024-10-18T23:33:47.031+0000] {dag.py:2941} INFO - Sync 1 DAGs
[2024-10-18T23:33:47.070+0000] {logging_mixin.py:151} INFO - [2024-10-18T23:33:47.070+0000] {dag.py:3722} INFO - Setting next_dagrun for example_branch_operator to 2024-10-17T00:00:00+00:00, run_after=2024-10-18T00:00:00+00:00
[2024-10-18T23:33:47.116+0000] {processor.py:179} INFO - Processing /home/airflow/.local/lib/python3.8/site-packages/airflow/example_dags/example_branch_operator.py took 0.151 seconds
[2024-10-18T23:34:17.378+0000] {processor.py:157} INFO - Started process (PID=352) to work on /home/airflow/.local/lib/python3.8/site-packages/airflow/example_dags/example_branch_operator.py
[2024-10-18T23:34:17.382+0000] {processor.py:829} INFO - Processing file /home/airflow/.local/lib/python3.8/site-packages/airflow/example_dags/example_branch_operator.py for tasks to queue
[2024-10-18T23:34:17.395+0000] {logging_mixin.py:151} INFO - [2024-10-18T23:34:17.394+0000] {dagbag.py:536} INFO - Filling up the DagBag from /home/airflow/.local/lib/python3.8/site-packages/airflow/example_dags/example_branch_operator.py
[2024-10-18T23:34:17.415+0000] {processor.py:839} INFO - DAG(s) dict_keys(['example_branch_operator']) retrieved from /home/airflow/.local/lib/python3.8/site-packages/airflow/example_dags/example_branch_operator.py
[2024-10-18T23:34:17.464+0000] {logging_mixin.py:151} INFO - [2024-10-18T23:34:17.464+0000] {dag.py:2941} INFO - Sync 1 DAGs
[2024-10-18T23:34:17.517+0000] {logging_mixin.py:151} INFO - [2024-10-18T23:34:17.517+0000] {dag.py:3722} INFO - Setting next_dagrun for example_branch_operator to 2024-10-17T00:00:00+00:00, run_after=2024-10-18T00:00:00+00:00
[2024-10-18T23:34:17.561+0000] {processor.py:179} INFO - Processing /home/airflow/.local/lib/python3.8/site-packages/airflow/example_dags/example_branch_operator.py took 0.191 seconds
[2024-10-18T23:34:47.699+0000] {processor.py:157} INFO - Started process (PID=406) to work on /home/airflow/.local/lib/python3.8/site-packages/airflow/example_dags/example_branch_operator.py
[2024-10-18T23:34:47.702+0000] {processor.py:829} INFO - Processing file /home/airflow/.local/lib/python3.8/site-packages/airflow/example_dags/example_branch_operator.py for tasks to queue
[2024-10-18T23:34:47.708+0000] {logging_mixin.py:151} INFO - [2024-10-18T23:34:47.708+0000] {dagbag.py:536} INFO - Filling up the DagBag from /home/airflow/.local/lib/python3.8/site-packages/airflow/example_dags/example_branch_operator.py
[2024-10-18T23:34:47.739+0000] {processor.py:839} INFO - DAG(s) dict_keys(['example_branch_operator']) retrieved from /home/airflow/.local/lib/python3.8/site-packages/airflow/example_dags/example_branch_operator.py
[2024-10-18T23:34:47.808+0000] {logging_mixin.py:151} INFO - [2024-10-18T23:34:47.807+0000] {dag.py:2941} INFO - Sync 1 DAGs
[2024-10-18T23:34:47.886+0000] {logging_mixin.py:151} INFO - [2024-10-18T23:34:47.885+0000] {dag.py:3722} INFO - Setting next_dagrun for example_branch_operator to 2024-10-17T00:00:00+00:00, run_after=2024-10-18T00:00:00+00:00
[2024-10-18T23:34:47.923+0000] {processor.py:179} INFO - Processing /home/airflow/.local/lib/python3.8/site-packages/airflow/example_dags/example_branch_operator.py took 0.236 seconds
[2024-10-18T23:35:18.408+0000] {processor.py:157} INFO - Started process (PID=459) to work on /home/airflow/.local/lib/python3.8/site-packages/airflow/example_dags/example_branch_operator.py
[2024-10-18T23:35:18.411+0000] {processor.py:829} INFO - Processing file /home/airflow/.local/lib/python3.8/site-packages/airflow/example_dags/example_branch_operator.py for tasks to queue
[2024-10-18T23:35:18.420+0000] {logging_mixin.py:151} INFO - [2024-10-18T23:35:18.419+0000] {dagbag.py:536} INFO - Filling up the DagBag from /home/airflow/.local/lib/python3.8/site-packages/airflow/example_dags/example_branch_operator.py
[2024-10-18T23:35:18.449+0000] {processor.py:839} INFO - DAG(s) dict_keys(['example_branch_operator']) retrieved from /home/airflow/.local/lib/python3.8/site-packages/airflow/example_dags/example_branch_operator.py
[2024-10-18T23:35:18.515+0000] {logging_mixin.py:151} INFO - [2024-10-18T23:35:18.514+0000] {dag.py:2941} INFO - Sync 1 DAGs
[2024-10-18T23:35:18.600+0000] {logging_mixin.py:151} INFO - [2024-10-18T23:35:18.599+0000] {dag.py:3722} INFO - Setting next_dagrun for example_branch_operator to 2024-10-17T00:00:00+00:00, run_after=2024-10-18T00:00:00+00:00
[2024-10-18T23:35:18.693+0000] {processor.py:179} INFO - Processing /home/airflow/.local/lib/python3.8/site-packages/airflow/example_dags/example_branch_operator.py took 0.294 seconds
[2024-10-18T23:35:48.794+0000] {processor.py:157} INFO - Started process (PID=512) to work on /home/airflow/.local/lib/python3.8/site-packages/airflow/example_dags/example_branch_operator.py
[2024-10-18T23:35:48.796+0000] {processor.py:829} INFO - Processing file /home/airflow/.local/lib/python3.8/site-packages/airflow/example_dags/example_branch_operator.py for tasks to queue
[2024-10-18T23:35:48.800+0000] {logging_mixin.py:151} INFO - [2024-10-18T23:35:48.800+0000] {dagbag.py:536} INFO - Filling up the DagBag from /home/airflow/.local/lib/python3.8/site-packages/airflow/example_dags/example_branch_operator.py
[2024-10-18T23:35:48.822+0000] {processor.py:839} INFO - DAG(s) dict_keys(['example_branch_operator']) retrieved from /home/airflow/.local/lib/python3.8/site-packages/airflow/example_dags/example_branch_operator.py
[2024-10-18T23:35:48.875+0000] {logging_mixin.py:151} INFO - [2024-10-18T23:35:48.875+0000] {dag.py:2941} INFO - Sync 1 DAGs
[2024-10-18T23:35:48.942+0000] {logging_mixin.py:151} INFO - [2024-10-18T23:35:48.942+0000] {dag.py:3722} INFO - Setting next_dagrun for example_branch_operator to 2024-10-17T00:00:00+00:00, run_after=2024-10-18T00:00:00+00:00
[2024-10-18T23:35:48.992+0000] {processor.py:179} INFO - Processing /home/airflow/.local/lib/python3.8/site-packages/airflow/example_dags/example_branch_operator.py took 0.208 seconds
[2024-10-18T23:36:19.676+0000] {processor.py:157} INFO - Started process (PID=566) to work on /home/airflow/.local/lib/python3.8/site-packages/airflow/example_dags/example_branch_operator.py
[2024-10-18T23:36:19.680+0000] {processor.py:829} INFO - Processing file /home/airflow/.local/lib/python3.8/site-packages/airflow/example_dags/example_branch_operator.py for tasks to queue
[2024-10-18T23:36:19.694+0000] {logging_mixin.py:151} INFO - [2024-10-18T23:36:19.693+0000] {dagbag.py:536} INFO - Filling up the DagBag from /home/airflow/.local/lib/python3.8/site-packages/airflow/example_dags/example_branch_operator.py
[2024-10-18T23:36:19.732+0000] {processor.py:839} INFO - DAG(s) dict_keys(['example_branch_operator']) retrieved from /home/airflow/.local/lib/python3.8/site-packages/airflow/example_dags/example_branch_operator.py
[2024-10-18T23:36:19.904+0000] {logging_mixin.py:151} INFO - [2024-10-18T23:36:19.904+0000] {dag.py:2941} INFO - Sync 1 DAGs
[2024-10-18T23:36:20.074+0000] {logging_mixin.py:151} INFO - [2024-10-18T23:36:20.074+0000] {dag.py:3722} INFO - Setting next_dagrun for example_branch_operator to 2024-10-17T00:00:00+00:00, run_after=2024-10-18T00:00:00+00:00
[2024-10-18T23:36:20.244+0000] {processor.py:179} INFO - Processing /home/airflow/.local/lib/python3.8/site-packages/airflow/example_dags/example_branch_operator.py took 0.588 seconds
[2024-10-18T23:38:49.652+0000] {processor.py:157} INFO - Started process (PID=84) to work on /home/airflow/.local/lib/python3.8/site-packages/airflow/example_dags/example_branch_operator.py
[2024-10-18T23:38:49.659+0000] {processor.py:829} INFO - Processing file /home/airflow/.local/lib/python3.8/site-packages/airflow/example_dags/example_branch_operator.py for tasks to queue
[2024-10-18T23:38:49.689+0000] {logging_mixin.py:151} INFO - [2024-10-18T23:38:49.687+0000] {dagbag.py:536} INFO - Filling up the DagBag from /home/airflow/.local/lib/python3.8/site-packages/airflow/example_dags/example_branch_operator.py
[2024-10-18T23:38:49.778+0000] {processor.py:839} INFO - DAG(s) dict_keys(['example_branch_operator']) retrieved from /home/airflow/.local/lib/python3.8/site-packages/airflow/example_dags/example_branch_operator.py
[2024-10-18T23:38:50.070+0000] {logging_mixin.py:151} INFO - [2024-10-18T23:38:50.065+0000] {dag.py:2941} INFO - Sync 1 DAGs
[2024-10-18T23:38:50.308+0000] {logging_mixin.py:151} INFO - [2024-10-18T23:38:50.308+0000] {dag.py:3722} INFO - Setting next_dagrun for example_branch_operator to 2024-10-17T00:00:00+00:00, run_after=2024-10-18T00:00:00+00:00
[2024-10-18T23:38:50.590+0000] {processor.py:179} INFO - Processing /home/airflow/.local/lib/python3.8/site-packages/airflow/example_dags/example_branch_operator.py took 0.985 seconds
[2024-10-18T23:39:21.435+0000] {processor.py:157} INFO - Started process (PID=138) to work on /home/airflow/.local/lib/python3.8/site-packages/airflow/example_dags/example_branch_operator.py
[2024-10-18T23:39:21.436+0000] {processor.py:829} INFO - Processing file /home/airflow/.local/lib/python3.8/site-packages/airflow/example_dags/example_branch_operator.py for tasks to queue
[2024-10-18T23:39:21.441+0000] {logging_mixin.py:151} INFO - [2024-10-18T23:39:21.441+0000] {dagbag.py:536} INFO - Filling up the DagBag from /home/airflow/.local/lib/python3.8/site-packages/airflow/example_dags/example_branch_operator.py
[2024-10-18T23:39:21.463+0000] {processor.py:839} INFO - DAG(s) dict_keys(['example_branch_operator']) retrieved from /home/airflow/.local/lib/python3.8/site-packages/airflow/example_dags/example_branch_operator.py
[2024-10-18T23:39:21.512+0000] {logging_mixin.py:151} INFO - [2024-10-18T23:39:21.512+0000] {dag.py:2941} INFO - Sync 1 DAGs
[2024-10-18T23:39:21.561+0000] {logging_mixin.py:151} INFO - [2024-10-18T23:39:21.560+0000] {dag.py:3722} INFO - Setting next_dagrun for example_branch_operator to 2024-10-17T00:00:00+00:00, run_after=2024-10-18T00:00:00+00:00
[2024-10-18T23:39:21.611+0000] {processor.py:179} INFO - Processing /home/airflow/.local/lib/python3.8/site-packages/airflow/example_dags/example_branch_operator.py took 0.183 seconds
[2024-10-18T23:39:52.543+0000] {processor.py:157} INFO - Started process (PID=192) to work on /home/airflow/.local/lib/python3.8/site-packages/airflow/example_dags/example_branch_operator.py
[2024-10-18T23:39:52.545+0000] {processor.py:829} INFO - Processing file /home/airflow/.local/lib/python3.8/site-packages/airflow/example_dags/example_branch_operator.py for tasks to queue
[2024-10-18T23:39:52.549+0000] {logging_mixin.py:151} INFO - [2024-10-18T23:39:52.548+0000] {dagbag.py:536} INFO - Filling up the DagBag from /home/airflow/.local/lib/python3.8/site-packages/airflow/example_dags/example_branch_operator.py
[2024-10-18T23:39:52.571+0000] {processor.py:839} INFO - DAG(s) dict_keys(['example_branch_operator']) retrieved from /home/airflow/.local/lib/python3.8/site-packages/airflow/example_dags/example_branch_operator.py
[2024-10-18T23:39:52.609+0000] {logging_mixin.py:151} INFO - [2024-10-18T23:39:52.609+0000] {dag.py:2941} INFO - Sync 1 DAGs
[2024-10-18T23:39:52.643+0000] {logging_mixin.py:151} INFO - [2024-10-18T23:39:52.643+0000] {dag.py:3722} INFO - Setting next_dagrun for example_branch_operator to 2024-10-17T00:00:00+00:00, run_after=2024-10-18T00:00:00+00:00
[2024-10-18T23:39:52.671+0000] {processor.py:179} INFO - Processing /home/airflow/.local/lib/python3.8/site-packages/airflow/example_dags/example_branch_operator.py took 0.133 seconds
[2024-10-18T23:40:25.088+0000] {processor.py:157} INFO - Started process (PID=246) to work on /home/airflow/.local/lib/python3.8/site-packages/airflow/example_dags/example_branch_operator.py
[2024-10-18T23:40:25.091+0000] {processor.py:829} INFO - Processing file /home/airflow/.local/lib/python3.8/site-packages/airflow/example_dags/example_branch_operator.py for tasks to queue
[2024-10-18T23:40:25.100+0000] {logging_mixin.py:151} INFO - [2024-10-18T23:40:25.096+0000] {dagbag.py:536} INFO - Filling up the DagBag from /home/airflow/.local/lib/python3.8/site-packages/airflow/example_dags/example_branch_operator.py
[2024-10-18T23:40:25.146+0000] {processor.py:839} INFO - DAG(s) dict_keys(['example_branch_operator']) retrieved from /home/airflow/.local/lib/python3.8/site-packages/airflow/example_dags/example_branch_operator.py
[2024-10-18T23:40:25.791+0000] {logging_mixin.py:151} INFO - [2024-10-18T23:40:25.791+0000] {dag.py:2941} INFO - Sync 1 DAGs
[2024-10-18T23:40:25.889+0000] {logging_mixin.py:151} INFO - [2024-10-18T23:40:25.889+0000] {dag.py:3722} INFO - Setting next_dagrun for example_branch_operator to 2024-10-17T00:00:00+00:00, run_after=2024-10-18T00:00:00+00:00
[2024-10-18T23:40:26.019+0000] {processor.py:179} INFO - Processing /home/airflow/.local/lib/python3.8/site-packages/airflow/example_dags/example_branch_operator.py took 0.939 seconds
[2024-10-18T23:41:13.620+0000] {processor.py:157} INFO - Started process (PID=288) to work on /home/airflow/.local/lib/python3.8/site-packages/airflow/example_dags/example_branch_operator.py
[2024-10-18T23:41:13.625+0000] {processor.py:829} INFO - Processing file /home/airflow/.local/lib/python3.8/site-packages/airflow/example_dags/example_branch_operator.py for tasks to queue
[2024-10-18T23:41:13.651+0000] {logging_mixin.py:151} INFO - [2024-10-18T23:41:13.646+0000] {dagbag.py:536} INFO - Filling up the DagBag from /home/airflow/.local/lib/python3.8/site-packages/airflow/example_dags/example_branch_operator.py
[2024-10-18T23:41:13.759+0000] {processor.py:839} INFO - DAG(s) dict_keys(['example_branch_operator']) retrieved from /home/airflow/.local/lib/python3.8/site-packages/airflow/example_dags/example_branch_operator.py
[2024-10-18T23:41:13.885+0000] {logging_mixin.py:151} INFO - [2024-10-18T23:41:13.885+0000] {dag.py:2941} INFO - Sync 1 DAGs
[2024-10-18T23:41:14.014+0000] {logging_mixin.py:151} INFO - [2024-10-18T23:41:14.013+0000] {dag.py:3722} INFO - Setting next_dagrun for example_branch_operator to 2024-10-17T00:00:00+00:00, run_after=2024-10-18T00:00:00+00:00
[2024-10-18T23:41:14.078+0000] {processor.py:179} INFO - Processing /home/airflow/.local/lib/python3.8/site-packages/airflow/example_dags/example_branch_operator.py took 0.486 seconds
[2024-10-18T23:41:45.297+0000] {processor.py:157} INFO - Started process (PID=341) to work on /home/airflow/.local/lib/python3.8/site-packages/airflow/example_dags/example_branch_operator.py
[2024-10-18T23:41:45.312+0000] {processor.py:829} INFO - Processing file /home/airflow/.local/lib/python3.8/site-packages/airflow/example_dags/example_branch_operator.py for tasks to queue
[2024-10-18T23:41:45.323+0000] {logging_mixin.py:151} INFO - [2024-10-18T23:41:45.322+0000] {dagbag.py:536} INFO - Filling up the DagBag from /home/airflow/.local/lib/python3.8/site-packages/airflow/example_dags/example_branch_operator.py
[2024-10-18T23:41:45.790+0000] {processor.py:839} INFO - DAG(s) dict_keys(['example_branch_operator']) retrieved from /home/airflow/.local/lib/python3.8/site-packages/airflow/example_dags/example_branch_operator.py
[2024-10-18T23:41:46.424+0000] {logging_mixin.py:151} INFO - [2024-10-18T23:41:46.424+0000] {dag.py:2941} INFO - Sync 1 DAGs
[2024-10-18T23:41:46.520+0000] {logging_mixin.py:151} INFO - [2024-10-18T23:41:46.516+0000] {dag.py:3722} INFO - Setting next_dagrun for example_branch_operator to 2024-10-17T00:00:00+00:00, run_after=2024-10-18T00:00:00+00:00
[2024-10-18T23:41:46.603+0000] {processor.py:179} INFO - Processing /home/airflow/.local/lib/python3.8/site-packages/airflow/example_dags/example_branch_operator.py took 1.739 seconds
[2024-10-18T23:43:10.354+0000] {processor.py:157} INFO - Started process (PID=399) to work on /home/airflow/.local/lib/python3.8/site-packages/airflow/example_dags/example_branch_operator.py
[2024-10-18T23:43:10.360+0000] {processor.py:829} INFO - Processing file /home/airflow/.local/lib/python3.8/site-packages/airflow/example_dags/example_branch_operator.py for tasks to queue
[2024-10-18T23:43:10.365+0000] {logging_mixin.py:151} INFO - [2024-10-18T23:43:10.365+0000] {dagbag.py:536} INFO - Filling up the DagBag from /home/airflow/.local/lib/python3.8/site-packages/airflow/example_dags/example_branch_operator.py
[2024-10-18T23:43:10.461+0000] {processor.py:839} INFO - DAG(s) dict_keys(['example_branch_operator']) retrieved from /home/airflow/.local/lib/python3.8/site-packages/airflow/example_dags/example_branch_operator.py
[2024-10-18T23:43:10.759+0000] {logging_mixin.py:151} INFO - [2024-10-18T23:43:10.758+0000] {dag.py:2941} INFO - Sync 1 DAGs
[2024-10-18T23:43:10.869+0000] {logging_mixin.py:151} INFO - [2024-10-18T23:43:10.869+0000] {dag.py:3722} INFO - Setting next_dagrun for example_branch_operator to 2024-10-17T00:00:00+00:00, run_after=2024-10-18T00:00:00+00:00
[2024-10-18T23:43:11.177+0000] {processor.py:179} INFO - Processing /home/airflow/.local/lib/python3.8/site-packages/airflow/example_dags/example_branch_operator.py took 0.830 seconds
[2024-10-18T23:43:41.451+0000] {processor.py:157} INFO - Started process (PID=451) to work on /home/airflow/.local/lib/python3.8/site-packages/airflow/example_dags/example_branch_operator.py
[2024-10-18T23:43:41.457+0000] {processor.py:829} INFO - Processing file /home/airflow/.local/lib/python3.8/site-packages/airflow/example_dags/example_branch_operator.py for tasks to queue
[2024-10-18T23:43:41.468+0000] {logging_mixin.py:151} INFO - [2024-10-18T23:43:41.467+0000] {dagbag.py:536} INFO - Filling up the DagBag from /home/airflow/.local/lib/python3.8/site-packages/airflow/example_dags/example_branch_operator.py
[2024-10-18T23:43:41.558+0000] {processor.py:839} INFO - DAG(s) dict_keys(['example_branch_operator']) retrieved from /home/airflow/.local/lib/python3.8/site-packages/airflow/example_dags/example_branch_operator.py
[2024-10-18T23:43:41.752+0000] {logging_mixin.py:151} INFO - [2024-10-18T23:43:41.752+0000] {dag.py:2941} INFO - Sync 1 DAGs
[2024-10-18T23:43:41.953+0000] {logging_mixin.py:151} INFO - [2024-10-18T23:43:41.952+0000] {dag.py:3722} INFO - Setting next_dagrun for example_branch_operator to 2024-10-17T00:00:00+00:00, run_after=2024-10-18T00:00:00+00:00
[2024-10-18T23:43:42.745+0000] {processor.py:179} INFO - Processing /home/airflow/.local/lib/python3.8/site-packages/airflow/example_dags/example_branch_operator.py took 1.330 seconds
[2024-10-18T23:44:13.356+0000] {processor.py:157} INFO - Started process (PID=506) to work on /home/airflow/.local/lib/python3.8/site-packages/airflow/example_dags/example_branch_operator.py
[2024-10-18T23:44:13.358+0000] {processor.py:829} INFO - Processing file /home/airflow/.local/lib/python3.8/site-packages/airflow/example_dags/example_branch_operator.py for tasks to queue
[2024-10-18T23:44:13.363+0000] {logging_mixin.py:151} INFO - [2024-10-18T23:44:13.363+0000] {dagbag.py:536} INFO - Filling up the DagBag from /home/airflow/.local/lib/python3.8/site-packages/airflow/example_dags/example_branch_operator.py
[2024-10-18T23:44:13.416+0000] {processor.py:839} INFO - DAG(s) dict_keys(['example_branch_operator']) retrieved from /home/airflow/.local/lib/python3.8/site-packages/airflow/example_dags/example_branch_operator.py
[2024-10-18T23:44:13.458+0000] {logging_mixin.py:151} INFO - [2024-10-18T23:44:13.458+0000] {dag.py:2941} INFO - Sync 1 DAGs
[2024-10-18T23:44:13.501+0000] {logging_mixin.py:151} INFO - [2024-10-18T23:44:13.501+0000] {dag.py:3722} INFO - Setting next_dagrun for example_branch_operator to 2024-10-17T00:00:00+00:00, run_after=2024-10-18T00:00:00+00:00
[2024-10-18T23:44:13.542+0000] {processor.py:179} INFO - Processing /home/airflow/.local/lib/python3.8/site-packages/airflow/example_dags/example_branch_operator.py took 0.195 seconds
[2024-10-18T23:44:44.099+0000] {processor.py:157} INFO - Started process (PID=560) to work on /home/airflow/.local/lib/python3.8/site-packages/airflow/example_dags/example_branch_operator.py
[2024-10-18T23:44:44.102+0000] {processor.py:829} INFO - Processing file /home/airflow/.local/lib/python3.8/site-packages/airflow/example_dags/example_branch_operator.py for tasks to queue
[2024-10-18T23:44:44.107+0000] {logging_mixin.py:151} INFO - [2024-10-18T23:44:44.106+0000] {dagbag.py:536} INFO - Filling up the DagBag from /home/airflow/.local/lib/python3.8/site-packages/airflow/example_dags/example_branch_operator.py
[2024-10-18T23:44:44.134+0000] {processor.py:839} INFO - DAG(s) dict_keys(['example_branch_operator']) retrieved from /home/airflow/.local/lib/python3.8/site-packages/airflow/example_dags/example_branch_operator.py
[2024-10-18T23:44:44.207+0000] {logging_mixin.py:151} INFO - [2024-10-18T23:44:44.207+0000] {dag.py:2941} INFO - Sync 1 DAGs
[2024-10-18T23:44:44.270+0000] {logging_mixin.py:151} INFO - [2024-10-18T23:44:44.270+0000] {dag.py:3722} INFO - Setting next_dagrun for example_branch_operator to 2024-10-17T00:00:00+00:00, run_after=2024-10-18T00:00:00+00:00
[2024-10-18T23:44:44.331+0000] {processor.py:179} INFO - Processing /home/airflow/.local/lib/python3.8/site-packages/airflow/example_dags/example_branch_operator.py took 0.239 seconds
[2024-10-18T23:45:14.653+0000] {processor.py:157} INFO - Started process (PID=614) to work on /home/airflow/.local/lib/python3.8/site-packages/airflow/example_dags/example_branch_operator.py
[2024-10-18T23:45:14.655+0000] {processor.py:829} INFO - Processing file /home/airflow/.local/lib/python3.8/site-packages/airflow/example_dags/example_branch_operator.py for tasks to queue
[2024-10-18T23:45:14.660+0000] {logging_mixin.py:151} INFO - [2024-10-18T23:45:14.659+0000] {dagbag.py:536} INFO - Filling up the DagBag from /home/airflow/.local/lib/python3.8/site-packages/airflow/example_dags/example_branch_operator.py
[2024-10-18T23:45:14.690+0000] {processor.py:839} INFO - DAG(s) dict_keys(['example_branch_operator']) retrieved from /home/airflow/.local/lib/python3.8/site-packages/airflow/example_dags/example_branch_operator.py
[2024-10-18T23:45:14.905+0000] {logging_mixin.py:151} INFO - [2024-10-18T23:45:14.905+0000] {dag.py:2941} INFO - Sync 1 DAGs
[2024-10-18T23:45:15.008+0000] {logging_mixin.py:151} INFO - [2024-10-18T23:45:15.008+0000] {dag.py:3722} INFO - Setting next_dagrun for example_branch_operator to 2024-10-17T00:00:00+00:00, run_after=2024-10-18T00:00:00+00:00
[2024-10-18T23:45:15.068+0000] {processor.py:179} INFO - Processing /home/airflow/.local/lib/python3.8/site-packages/airflow/example_dags/example_branch_operator.py took 0.424 seconds
[2024-10-18T23:45:46.376+0000] {processor.py:157} INFO - Started process (PID=667) to work on /home/airflow/.local/lib/python3.8/site-packages/airflow/example_dags/example_branch_operator.py
[2024-10-18T23:45:46.378+0000] {processor.py:829} INFO - Processing file /home/airflow/.local/lib/python3.8/site-packages/airflow/example_dags/example_branch_operator.py for tasks to queue
[2024-10-18T23:45:46.383+0000] {logging_mixin.py:151} INFO - [2024-10-18T23:45:46.383+0000] {dagbag.py:536} INFO - Filling up the DagBag from /home/airflow/.local/lib/python3.8/site-packages/airflow/example_dags/example_branch_operator.py
[2024-10-18T23:45:46.412+0000] {processor.py:839} INFO - DAG(s) dict_keys(['example_branch_operator']) retrieved from /home/airflow/.local/lib/python3.8/site-packages/airflow/example_dags/example_branch_operator.py
[2024-10-18T23:45:46.489+0000] {logging_mixin.py:151} INFO - [2024-10-18T23:45:46.488+0000] {dag.py:2941} INFO - Sync 1 DAGs
[2024-10-18T23:45:46.540+0000] {logging_mixin.py:151} INFO - [2024-10-18T23:45:46.540+0000] {dag.py:3722} INFO - Setting next_dagrun for example_branch_operator to 2024-10-17T00:00:00+00:00, run_after=2024-10-18T00:00:00+00:00
[2024-10-18T23:45:46.575+0000] {processor.py:179} INFO - Processing /home/airflow/.local/lib/python3.8/site-packages/airflow/example_dags/example_branch_operator.py took 0.205 seconds
[2024-10-18T23:46:17.258+0000] {processor.py:157} INFO - Started process (PID=719) to work on /home/airflow/.local/lib/python3.8/site-packages/airflow/example_dags/example_branch_operator.py
[2024-10-18T23:46:17.260+0000] {processor.py:829} INFO - Processing file /home/airflow/.local/lib/python3.8/site-packages/airflow/example_dags/example_branch_operator.py for tasks to queue
[2024-10-18T23:46:17.266+0000] {logging_mixin.py:151} INFO - [2024-10-18T23:46:17.265+0000] {dagbag.py:536} INFO - Filling up the DagBag from /home/airflow/.local/lib/python3.8/site-packages/airflow/example_dags/example_branch_operator.py
[2024-10-18T23:46:17.290+0000] {processor.py:839} INFO - DAG(s) dict_keys(['example_branch_operator']) retrieved from /home/airflow/.local/lib/python3.8/site-packages/airflow/example_dags/example_branch_operator.py
[2024-10-18T23:46:17.340+0000] {logging_mixin.py:151} INFO - [2024-10-18T23:46:17.340+0000] {dag.py:2941} INFO - Sync 1 DAGs
[2024-10-18T23:46:17.391+0000] {logging_mixin.py:151} INFO - [2024-10-18T23:46:17.391+0000] {dag.py:3722} INFO - Setting next_dagrun for example_branch_operator to 2024-10-17T00:00:00+00:00, run_after=2024-10-18T00:00:00+00:00
[2024-10-18T23:46:17.440+0000] {processor.py:179} INFO - Processing /home/airflow/.local/lib/python3.8/site-packages/airflow/example_dags/example_branch_operator.py took 0.189 seconds
[2024-10-18T23:46:48.090+0000] {processor.py:157} INFO - Started process (PID=772) to work on /home/airflow/.local/lib/python3.8/site-packages/airflow/example_dags/example_branch_operator.py
[2024-10-18T23:46:48.092+0000] {processor.py:829} INFO - Processing file /home/airflow/.local/lib/python3.8/site-packages/airflow/example_dags/example_branch_operator.py for tasks to queue
[2024-10-18T23:46:48.097+0000] {logging_mixin.py:151} INFO - [2024-10-18T23:46:48.097+0000] {dagbag.py:536} INFO - Filling up the DagBag from /home/airflow/.local/lib/python3.8/site-packages/airflow/example_dags/example_branch_operator.py
[2024-10-18T23:46:48.118+0000] {processor.py:839} INFO - DAG(s) dict_keys(['example_branch_operator']) retrieved from /home/airflow/.local/lib/python3.8/site-packages/airflow/example_dags/example_branch_operator.py
[2024-10-18T23:46:48.170+0000] {logging_mixin.py:151} INFO - [2024-10-18T23:46:48.169+0000] {dag.py:2941} INFO - Sync 1 DAGs
[2024-10-18T23:46:48.232+0000] {logging_mixin.py:151} INFO - [2024-10-18T23:46:48.231+0000] {dag.py:3722} INFO - Setting next_dagrun for example_branch_operator to 2024-10-17T00:00:00+00:00, run_after=2024-10-18T00:00:00+00:00
[2024-10-18T23:46:48.282+0000] {processor.py:179} INFO - Processing /home/airflow/.local/lib/python3.8/site-packages/airflow/example_dags/example_branch_operator.py took 0.198 seconds
[2024-10-18T23:47:18.635+0000] {processor.py:157} INFO - Started process (PID=826) to work on /home/airflow/.local/lib/python3.8/site-packages/airflow/example_dags/example_branch_operator.py
[2024-10-18T23:47:18.640+0000] {processor.py:829} INFO - Processing file /home/airflow/.local/lib/python3.8/site-packages/airflow/example_dags/example_branch_operator.py for tasks to queue
[2024-10-18T23:47:18.661+0000] {logging_mixin.py:151} INFO - [2024-10-18T23:47:18.659+0000] {dagbag.py:536} INFO - Filling up the DagBag from /home/airflow/.local/lib/python3.8/site-packages/airflow/example_dags/example_branch_operator.py
[2024-10-18T23:47:18.786+0000] {processor.py:839} INFO - DAG(s) dict_keys(['example_branch_operator']) retrieved from /home/airflow/.local/lib/python3.8/site-packages/airflow/example_dags/example_branch_operator.py
[2024-10-18T23:47:18.911+0000] {logging_mixin.py:151} INFO - [2024-10-18T23:47:18.910+0000] {dag.py:2941} INFO - Sync 1 DAGs
[2024-10-18T23:47:18.990+0000] {logging_mixin.py:151} INFO - [2024-10-18T23:47:18.990+0000] {dag.py:3722} INFO - Setting next_dagrun for example_branch_operator to 2024-10-17T00:00:00+00:00, run_after=2024-10-18T00:00:00+00:00
[2024-10-18T23:47:19.031+0000] {processor.py:179} INFO - Processing /home/airflow/.local/lib/python3.8/site-packages/airflow/example_dags/example_branch_operator.py took 0.428 seconds
[2024-10-18T23:47:55.534+0000] {processor.py:157} INFO - Started process (PID=873) to work on /home/airflow/.local/lib/python3.8/site-packages/airflow/example_dags/example_branch_operator.py
[2024-10-18T23:47:55.536+0000] {processor.py:829} INFO - Processing file /home/airflow/.local/lib/python3.8/site-packages/airflow/example_dags/example_branch_operator.py for tasks to queue
[2024-10-18T23:47:55.542+0000] {logging_mixin.py:151} INFO - [2024-10-18T23:47:55.541+0000] {dagbag.py:536} INFO - Filling up the DagBag from /home/airflow/.local/lib/python3.8/site-packages/airflow/example_dags/example_branch_operator.py
[2024-10-18T23:47:55.630+0000] {processor.py:839} INFO - DAG(s) dict_keys(['example_branch_operator']) retrieved from /home/airflow/.local/lib/python3.8/site-packages/airflow/example_dags/example_branch_operator.py
[2024-10-18T23:47:55.740+0000] {logging_mixin.py:151} INFO - [2024-10-18T23:47:55.739+0000] {dag.py:2941} INFO - Sync 1 DAGs
[2024-10-18T23:47:55.824+0000] {logging_mixin.py:151} INFO - [2024-10-18T23:47:55.824+0000] {dag.py:3722} INFO - Setting next_dagrun for example_branch_operator to 2024-10-17T00:00:00+00:00, run_after=2024-10-18T00:00:00+00:00
[2024-10-18T23:47:55.881+0000] {processor.py:179} INFO - Processing /home/airflow/.local/lib/python3.8/site-packages/airflow/example_dags/example_branch_operator.py took 0.355 seconds
[2024-10-18T23:48:27.563+0000] {processor.py:157} INFO - Started process (PID=927) to work on /home/airflow/.local/lib/python3.8/site-packages/airflow/example_dags/example_branch_operator.py
[2024-10-18T23:48:27.564+0000] {processor.py:829} INFO - Processing file /home/airflow/.local/lib/python3.8/site-packages/airflow/example_dags/example_branch_operator.py for tasks to queue
[2024-10-18T23:48:27.568+0000] {logging_mixin.py:151} INFO - [2024-10-18T23:48:27.568+0000] {dagbag.py:536} INFO - Filling up the DagBag from /home/airflow/.local/lib/python3.8/site-packages/airflow/example_dags/example_branch_operator.py
[2024-10-18T23:48:27.611+0000] {processor.py:839} INFO - DAG(s) dict_keys(['example_branch_operator']) retrieved from /home/airflow/.local/lib/python3.8/site-packages/airflow/example_dags/example_branch_operator.py
[2024-10-18T23:48:27.708+0000] {logging_mixin.py:151} INFO - [2024-10-18T23:48:27.707+0000] {dag.py:2941} INFO - Sync 1 DAGs
[2024-10-18T23:48:27.773+0000] {logging_mixin.py:151} INFO - [2024-10-18T23:48:27.773+0000] {dag.py:3722} INFO - Setting next_dagrun for example_branch_operator to 2024-10-17T00:00:00+00:00, run_after=2024-10-18T00:00:00+00:00
[2024-10-18T23:48:27.818+0000] {processor.py:179} INFO - Processing /home/airflow/.local/lib/python3.8/site-packages/airflow/example_dags/example_branch_operator.py took 0.264 seconds
[2024-10-18T23:49:02.197+0000] {processor.py:157} INFO - Started process (PID=976) to work on /home/airflow/.local/lib/python3.8/site-packages/airflow/example_dags/example_branch_operator.py
[2024-10-18T23:49:02.200+0000] {processor.py:829} INFO - Processing file /home/airflow/.local/lib/python3.8/site-packages/airflow/example_dags/example_branch_operator.py for tasks to queue
[2024-10-18T23:49:02.216+0000] {logging_mixin.py:151} INFO - [2024-10-18T23:49:02.208+0000] {dagbag.py:536} INFO - Filling up the DagBag from /home/airflow/.local/lib/python3.8/site-packages/airflow/example_dags/example_branch_operator.py
[2024-10-18T23:49:02.296+0000] {processor.py:839} INFO - DAG(s) dict_keys(['example_branch_operator']) retrieved from /home/airflow/.local/lib/python3.8/site-packages/airflow/example_dags/example_branch_operator.py
[2024-10-18T23:49:02.414+0000] {logging_mixin.py:151} INFO - [2024-10-18T23:49:02.412+0000] {dag.py:2941} INFO - Sync 1 DAGs
[2024-10-18T23:49:03.036+0000] {logging_mixin.py:151} INFO - [2024-10-18T23:49:03.034+0000] {dag.py:3722} INFO - Setting next_dagrun for example_branch_operator to 2024-10-17T00:00:00+00:00, run_after=2024-10-18T00:00:00+00:00
[2024-10-18T23:49:03.259+0000] {processor.py:179} INFO - Processing /home/airflow/.local/lib/python3.8/site-packages/airflow/example_dags/example_branch_operator.py took 1.074 seconds
[2024-10-18T23:49:47.633+0000] {processor.py:157} INFO - Started process (PID=1029) to work on /home/airflow/.local/lib/python3.8/site-packages/airflow/example_dags/example_branch_operator.py
[2024-10-18T23:49:47.646+0000] {processor.py:829} INFO - Processing file /home/airflow/.local/lib/python3.8/site-packages/airflow/example_dags/example_branch_operator.py for tasks to queue
[2024-10-18T23:49:47.667+0000] {logging_mixin.py:151} INFO - [2024-10-18T23:49:47.656+0000] {dagbag.py:536} INFO - Filling up the DagBag from /home/airflow/.local/lib/python3.8/site-packages/airflow/example_dags/example_branch_operator.py
[2024-10-18T23:49:47.739+0000] {processor.py:839} INFO - DAG(s) dict_keys(['example_branch_operator']) retrieved from /home/airflow/.local/lib/python3.8/site-packages/airflow/example_dags/example_branch_operator.py
[2024-10-18T23:49:48.766+0000] {logging_mixin.py:151} INFO - [2024-10-18T23:49:48.739+0000] {dag.py:2941} INFO - Sync 1 DAGs
[2024-10-18T23:49:48.981+0000] {logging_mixin.py:151} INFO - [2024-10-18T23:49:48.961+0000] {dag.py:3722} INFO - Setting next_dagrun for example_branch_operator to 2024-10-17T00:00:00+00:00, run_after=2024-10-18T00:00:00+00:00
[2024-10-18T23:49:49.685+0000] {processor.py:179} INFO - Processing /home/airflow/.local/lib/python3.8/site-packages/airflow/example_dags/example_branch_operator.py took 2.071 seconds
[2024-10-18T23:50:26.425+0000] {processor.py:157} INFO - Started process (PID=1081) to work on /home/airflow/.local/lib/python3.8/site-packages/airflow/example_dags/example_branch_operator.py
[2024-10-18T23:50:26.434+0000] {processor.py:829} INFO - Processing file /home/airflow/.local/lib/python3.8/site-packages/airflow/example_dags/example_branch_operator.py for tasks to queue
[2024-10-18T23:50:26.482+0000] {logging_mixin.py:151} INFO - [2024-10-18T23:50:26.481+0000] {dagbag.py:536} INFO - Filling up the DagBag from /home/airflow/.local/lib/python3.8/site-packages/airflow/example_dags/example_branch_operator.py
[2024-10-18T23:50:26.580+0000] {processor.py:839} INFO - DAG(s) dict_keys(['example_branch_operator']) retrieved from /home/airflow/.local/lib/python3.8/site-packages/airflow/example_dags/example_branch_operator.py
[2024-10-18T23:50:26.764+0000] {logging_mixin.py:151} INFO - [2024-10-18T23:50:26.763+0000] {dag.py:2941} INFO - Sync 1 DAGs
[2024-10-18T23:50:27.164+0000] {logging_mixin.py:151} INFO - [2024-10-18T23:50:27.158+0000] {dag.py:3722} INFO - Setting next_dagrun for example_branch_operator to 2024-10-17T00:00:00+00:00, run_after=2024-10-18T00:00:00+00:00
[2024-10-18T23:50:27.579+0000] {processor.py:179} INFO - Processing /home/airflow/.local/lib/python3.8/site-packages/airflow/example_dags/example_branch_operator.py took 1.197 seconds
[2024-10-18T23:50:57.955+0000] {processor.py:157} INFO - Started process (PID=1134) to work on /home/airflow/.local/lib/python3.8/site-packages/airflow/example_dags/example_branch_operator.py
[2024-10-18T23:50:57.957+0000] {processor.py:829} INFO - Processing file /home/airflow/.local/lib/python3.8/site-packages/airflow/example_dags/example_branch_operator.py for tasks to queue
[2024-10-18T23:50:57.963+0000] {logging_mixin.py:151} INFO - [2024-10-18T23:50:57.962+0000] {dagbag.py:536} INFO - Filling up the DagBag from /home/airflow/.local/lib/python3.8/site-packages/airflow/example_dags/example_branch_operator.py
[2024-10-18T23:50:57.985+0000] {processor.py:839} INFO - DAG(s) dict_keys(['example_branch_operator']) retrieved from /home/airflow/.local/lib/python3.8/site-packages/airflow/example_dags/example_branch_operator.py
[2024-10-18T23:50:58.026+0000] {logging_mixin.py:151} INFO - [2024-10-18T23:50:58.025+0000] {dag.py:2941} INFO - Sync 1 DAGs
[2024-10-18T23:50:58.320+0000] {logging_mixin.py:151} INFO - [2024-10-18T23:50:58.320+0000] {dag.py:3722} INFO - Setting next_dagrun for example_branch_operator to 2024-10-17T00:00:00+00:00, run_after=2024-10-18T00:00:00+00:00
[2024-10-18T23:50:58.370+0000] {processor.py:179} INFO - Processing /home/airflow/.local/lib/python3.8/site-packages/airflow/example_dags/example_branch_operator.py took 0.423 seconds
[2024-10-18T23:51:29.386+0000] {processor.py:157} INFO - Started process (PID=1194) to work on /home/airflow/.local/lib/python3.8/site-packages/airflow/example_dags/example_branch_operator.py
[2024-10-18T23:51:29.388+0000] {processor.py:829} INFO - Processing file /home/airflow/.local/lib/python3.8/site-packages/airflow/example_dags/example_branch_operator.py for tasks to queue
[2024-10-18T23:51:29.393+0000] {logging_mixin.py:151} INFO - [2024-10-18T23:51:29.392+0000] {dagbag.py:536} INFO - Filling up the DagBag from /home/airflow/.local/lib/python3.8/site-packages/airflow/example_dags/example_branch_operator.py
[2024-10-18T23:51:29.413+0000] {processor.py:839} INFO - DAG(s) dict_keys(['example_branch_operator']) retrieved from /home/airflow/.local/lib/python3.8/site-packages/airflow/example_dags/example_branch_operator.py
[2024-10-18T23:51:29.463+0000] {logging_mixin.py:151} INFO - [2024-10-18T23:51:29.463+0000] {dag.py:2941} INFO - Sync 1 DAGs
[2024-10-18T23:51:29.507+0000] {logging_mixin.py:151} INFO - [2024-10-18T23:51:29.507+0000] {dag.py:3722} INFO - Setting next_dagrun for example_branch_operator to 2024-10-17T00:00:00+00:00, run_after=2024-10-18T00:00:00+00:00
[2024-10-18T23:51:29.767+0000] {processor.py:179} INFO - Processing /home/airflow/.local/lib/python3.8/site-packages/airflow/example_dags/example_branch_operator.py took 0.389 seconds
[2024-10-18T23:52:00.311+0000] {processor.py:157} INFO - Started process (PID=1248) to work on /home/airflow/.local/lib/python3.8/site-packages/airflow/example_dags/example_branch_operator.py
[2024-10-18T23:52:00.314+0000] {processor.py:829} INFO - Processing file /home/airflow/.local/lib/python3.8/site-packages/airflow/example_dags/example_branch_operator.py for tasks to queue
[2024-10-18T23:52:00.319+0000] {logging_mixin.py:151} INFO - [2024-10-18T23:52:00.318+0000] {dagbag.py:536} INFO - Filling up the DagBag from /home/airflow/.local/lib/python3.8/site-packages/airflow/example_dags/example_branch_operator.py
[2024-10-18T23:52:00.338+0000] {processor.py:839} INFO - DAG(s) dict_keys(['example_branch_operator']) retrieved from /home/airflow/.local/lib/python3.8/site-packages/airflow/example_dags/example_branch_operator.py
[2024-10-18T23:52:00.388+0000] {logging_mixin.py:151} INFO - [2024-10-18T23:52:00.387+0000] {dag.py:2941} INFO - Sync 1 DAGs
[2024-10-18T23:52:00.449+0000] {logging_mixin.py:151} INFO - [2024-10-18T23:52:00.448+0000] {dag.py:3722} INFO - Setting next_dagrun for example_branch_operator to 2024-10-17T00:00:00+00:00, run_after=2024-10-18T00:00:00+00:00
[2024-10-18T23:52:00.506+0000] {processor.py:179} INFO - Processing /home/airflow/.local/lib/python3.8/site-packages/airflow/example_dags/example_branch_operator.py took 0.202 seconds
[2024-10-18T23:52:31.271+0000] {processor.py:157} INFO - Started process (PID=1299) to work on /home/airflow/.local/lib/python3.8/site-packages/airflow/example_dags/example_branch_operator.py
[2024-10-18T23:52:31.275+0000] {processor.py:829} INFO - Processing file /home/airflow/.local/lib/python3.8/site-packages/airflow/example_dags/example_branch_operator.py for tasks to queue
[2024-10-18T23:52:31.280+0000] {logging_mixin.py:151} INFO - [2024-10-18T23:52:31.279+0000] {dagbag.py:536} INFO - Filling up the DagBag from /home/airflow/.local/lib/python3.8/site-packages/airflow/example_dags/example_branch_operator.py
[2024-10-18T23:52:31.299+0000] {processor.py:839} INFO - DAG(s) dict_keys(['example_branch_operator']) retrieved from /home/airflow/.local/lib/python3.8/site-packages/airflow/example_dags/example_branch_operator.py
[2024-10-18T23:52:31.352+0000] {logging_mixin.py:151} INFO - [2024-10-18T23:52:31.352+0000] {dag.py:2941} INFO - Sync 1 DAGs
[2024-10-18T23:52:31.646+0000] {logging_mixin.py:151} INFO - [2024-10-18T23:52:31.646+0000] {dag.py:3722} INFO - Setting next_dagrun for example_branch_operator to 2024-10-17T00:00:00+00:00, run_after=2024-10-18T00:00:00+00:00
[2024-10-18T23:52:31.672+0000] {processor.py:179} INFO - Processing /home/airflow/.local/lib/python3.8/site-packages/airflow/example_dags/example_branch_operator.py took 0.407 seconds
[2024-10-18T23:53:06.513+0000] {processor.py:157} INFO - Started process (PID=1353) to work on /home/airflow/.local/lib/python3.8/site-packages/airflow/example_dags/example_branch_operator.py
[2024-10-18T23:53:06.516+0000] {processor.py:829} INFO - Processing file /home/airflow/.local/lib/python3.8/site-packages/airflow/example_dags/example_branch_operator.py for tasks to queue
[2024-10-18T23:53:06.538+0000] {logging_mixin.py:151} INFO - [2024-10-18T23:53:06.535+0000] {dagbag.py:536} INFO - Filling up the DagBag from /home/airflow/.local/lib/python3.8/site-packages/airflow/example_dags/example_branch_operator.py
[2024-10-18T23:53:06.634+0000] {processor.py:839} INFO - DAG(s) dict_keys(['example_branch_operator']) retrieved from /home/airflow/.local/lib/python3.8/site-packages/airflow/example_dags/example_branch_operator.py
[2024-10-18T23:53:06.892+0000] {logging_mixin.py:151} INFO - [2024-10-18T23:53:06.892+0000] {dag.py:2941} INFO - Sync 1 DAGs
[2024-10-18T23:53:06.986+0000] {logging_mixin.py:151} INFO - [2024-10-18T23:53:06.985+0000] {dag.py:3722} INFO - Setting next_dagrun for example_branch_operator to 2024-10-17T00:00:00+00:00, run_after=2024-10-18T00:00:00+00:00
[2024-10-18T23:53:08.150+0000] {processor.py:179} INFO - Processing /home/airflow/.local/lib/python3.8/site-packages/airflow/example_dags/example_branch_operator.py took 1.660 seconds
[2024-10-18T23:53:49.815+0000] {processor.py:157} INFO - Started process (PID=1396) to work on /home/airflow/.local/lib/python3.8/site-packages/airflow/example_dags/example_branch_operator.py
[2024-10-18T23:53:49.818+0000] {processor.py:829} INFO - Processing file /home/airflow/.local/lib/python3.8/site-packages/airflow/example_dags/example_branch_operator.py for tasks to queue
[2024-10-18T23:53:49.827+0000] {logging_mixin.py:151} INFO - [2024-10-18T23:53:49.826+0000] {dagbag.py:536} INFO - Filling up the DagBag from /home/airflow/.local/lib/python3.8/site-packages/airflow/example_dags/example_branch_operator.py
[2024-10-18T23:53:49.846+0000] {processor.py:839} INFO - DAG(s) dict_keys(['example_branch_operator']) retrieved from /home/airflow/.local/lib/python3.8/site-packages/airflow/example_dags/example_branch_operator.py
[2024-10-18T23:53:49.909+0000] {logging_mixin.py:151} INFO - [2024-10-18T23:53:49.909+0000] {dag.py:2941} INFO - Sync 1 DAGs
[2024-10-18T23:53:49.979+0000] {logging_mixin.py:151} INFO - [2024-10-18T23:53:49.979+0000] {dag.py:3722} INFO - Setting next_dagrun for example_branch_operator to 2024-10-17T00:00:00+00:00, run_after=2024-10-18T00:00:00+00:00
[2024-10-18T23:53:50.037+0000] {processor.py:179} INFO - Processing /home/airflow/.local/lib/python3.8/site-packages/airflow/example_dags/example_branch_operator.py took 0.230 seconds
[2024-10-18T23:54:21.802+0000] {processor.py:157} INFO - Started process (PID=1450) to work on /home/airflow/.local/lib/python3.8/site-packages/airflow/example_dags/example_branch_operator.py
[2024-10-18T23:54:21.804+0000] {processor.py:829} INFO - Processing file /home/airflow/.local/lib/python3.8/site-packages/airflow/example_dags/example_branch_operator.py for tasks to queue
[2024-10-18T23:54:21.809+0000] {logging_mixin.py:151} INFO - [2024-10-18T23:54:21.809+0000] {dagbag.py:536} INFO - Filling up the DagBag from /home/airflow/.local/lib/python3.8/site-packages/airflow/example_dags/example_branch_operator.py
[2024-10-18T23:54:21.836+0000] {processor.py:839} INFO - DAG(s) dict_keys(['example_branch_operator']) retrieved from /home/airflow/.local/lib/python3.8/site-packages/airflow/example_dags/example_branch_operator.py
[2024-10-18T23:54:22.151+0000] {logging_mixin.py:151} INFO - [2024-10-18T23:54:22.151+0000] {dag.py:2941} INFO - Sync 1 DAGs
[2024-10-18T23:54:22.193+0000] {logging_mixin.py:151} INFO - [2024-10-18T23:54:22.193+0000] {dag.py:3722} INFO - Setting next_dagrun for example_branch_operator to 2024-10-17T00:00:00+00:00, run_after=2024-10-18T00:00:00+00:00
[2024-10-18T23:54:22.234+0000] {processor.py:179} INFO - Processing /home/airflow/.local/lib/python3.8/site-packages/airflow/example_dags/example_branch_operator.py took 0.439 seconds
[2024-10-18T23:54:56.156+0000] {processor.py:157} INFO - Started process (PID=1503) to work on /home/airflow/.local/lib/python3.8/site-packages/airflow/example_dags/example_branch_operator.py
[2024-10-18T23:54:56.157+0000] {processor.py:829} INFO - Processing file /home/airflow/.local/lib/python3.8/site-packages/airflow/example_dags/example_branch_operator.py for tasks to queue
[2024-10-18T23:54:56.161+0000] {logging_mixin.py:151} INFO - [2024-10-18T23:54:56.160+0000] {dagbag.py:536} INFO - Filling up the DagBag from /home/airflow/.local/lib/python3.8/site-packages/airflow/example_dags/example_branch_operator.py
[2024-10-18T23:54:56.203+0000] {processor.py:839} INFO - DAG(s) dict_keys(['example_branch_operator']) retrieved from /home/airflow/.local/lib/python3.8/site-packages/airflow/example_dags/example_branch_operator.py
[2024-10-18T23:54:56.308+0000] {logging_mixin.py:151} INFO - [2024-10-18T23:54:56.307+0000] {dag.py:2941} INFO - Sync 1 DAGs
[2024-10-18T23:54:56.511+0000] {logging_mixin.py:151} INFO - [2024-10-18T23:54:56.511+0000] {dag.py:3722} INFO - Setting next_dagrun for example_branch_operator to 2024-10-17T00:00:00+00:00, run_after=2024-10-18T00:00:00+00:00
[2024-10-18T23:54:56.648+0000] {processor.py:179} INFO - Processing /home/airflow/.local/lib/python3.8/site-packages/airflow/example_dags/example_branch_operator.py took 0.498 seconds
[2024-10-18T23:55:27.059+0000] {processor.py:157} INFO - Started process (PID=1556) to work on /home/airflow/.local/lib/python3.8/site-packages/airflow/example_dags/example_branch_operator.py
[2024-10-18T23:55:27.067+0000] {processor.py:829} INFO - Processing file /home/airflow/.local/lib/python3.8/site-packages/airflow/example_dags/example_branch_operator.py for tasks to queue
[2024-10-18T23:55:27.090+0000] {logging_mixin.py:151} INFO - [2024-10-18T23:55:27.090+0000] {dagbag.py:536} INFO - Filling up the DagBag from /home/airflow/.local/lib/python3.8/site-packages/airflow/example_dags/example_branch_operator.py
[2024-10-18T23:55:27.143+0000] {processor.py:839} INFO - DAG(s) dict_keys(['example_branch_operator']) retrieved from /home/airflow/.local/lib/python3.8/site-packages/airflow/example_dags/example_branch_operator.py
[2024-10-18T23:55:27.461+0000] {logging_mixin.py:151} INFO - [2024-10-18T23:55:27.460+0000] {dag.py:2941} INFO - Sync 1 DAGs
[2024-10-18T23:55:27.643+0000] {logging_mixin.py:151} INFO - [2024-10-18T23:55:27.642+0000] {dag.py:3722} INFO - Setting next_dagrun for example_branch_operator to 2024-10-17T00:00:00+00:00, run_after=2024-10-18T00:00:00+00:00
[2024-10-18T23:55:27.840+0000] {processor.py:179} INFO - Processing /home/airflow/.local/lib/python3.8/site-packages/airflow/example_dags/example_branch_operator.py took 0.812 seconds
[2024-10-18T23:55:59.411+0000] {processor.py:157} INFO - Started process (PID=1603) to work on /home/airflow/.local/lib/python3.8/site-packages/airflow/example_dags/example_branch_operator.py
[2024-10-18T23:55:59.414+0000] {processor.py:829} INFO - Processing file /home/airflow/.local/lib/python3.8/site-packages/airflow/example_dags/example_branch_operator.py for tasks to queue
[2024-10-18T23:55:59.420+0000] {logging_mixin.py:151} INFO - [2024-10-18T23:55:59.419+0000] {dagbag.py:536} INFO - Filling up the DagBag from /home/airflow/.local/lib/python3.8/site-packages/airflow/example_dags/example_branch_operator.py
[2024-10-18T23:55:59.446+0000] {processor.py:839} INFO - DAG(s) dict_keys(['example_branch_operator']) retrieved from /home/airflow/.local/lib/python3.8/site-packages/airflow/example_dags/example_branch_operator.py
[2024-10-18T23:55:59.528+0000] {logging_mixin.py:151} INFO - [2024-10-18T23:55:59.528+0000] {dag.py:2941} INFO - Sync 1 DAGs
[2024-10-18T23:55:59.582+0000] {logging_mixin.py:151} INFO - [2024-10-18T23:55:59.582+0000] {dag.py:3722} INFO - Setting next_dagrun for example_branch_operator to 2024-10-17T00:00:00+00:00, run_after=2024-10-18T00:00:00+00:00
[2024-10-18T23:55:59.623+0000] {processor.py:179} INFO - Processing /home/airflow/.local/lib/python3.8/site-packages/airflow/example_dags/example_branch_operator.py took 0.224 seconds
[2024-10-18T23:56:31.108+0000] {processor.py:157} INFO - Started process (PID=1655) to work on /home/airflow/.local/lib/python3.8/site-packages/airflow/example_dags/example_branch_operator.py
[2024-10-18T23:56:31.110+0000] {processor.py:829} INFO - Processing file /home/airflow/.local/lib/python3.8/site-packages/airflow/example_dags/example_branch_operator.py for tasks to queue
[2024-10-18T23:56:31.113+0000] {logging_mixin.py:151} INFO - [2024-10-18T23:56:31.113+0000] {dagbag.py:536} INFO - Filling up the DagBag from /home/airflow/.local/lib/python3.8/site-packages/airflow/example_dags/example_branch_operator.py
[2024-10-18T23:56:31.132+0000] {processor.py:839} INFO - DAG(s) dict_keys(['example_branch_operator']) retrieved from /home/airflow/.local/lib/python3.8/site-packages/airflow/example_dags/example_branch_operator.py
[2024-10-18T23:56:31.187+0000] {logging_mixin.py:151} INFO - [2024-10-18T23:56:31.187+0000] {dag.py:2941} INFO - Sync 1 DAGs
[2024-10-18T23:56:31.257+0000] {logging_mixin.py:151} INFO - [2024-10-18T23:56:31.256+0000] {dag.py:3722} INFO - Setting next_dagrun for example_branch_operator to 2024-10-17T00:00:00+00:00, run_after=2024-10-18T00:00:00+00:00
[2024-10-18T23:56:31.308+0000] {processor.py:179} INFO - Processing /home/airflow/.local/lib/python3.8/site-packages/airflow/example_dags/example_branch_operator.py took 0.204 seconds
[2024-10-18T23:57:14.321+0000] {processor.py:157} INFO - Started process (PID=1712) to work on /home/airflow/.local/lib/python3.8/site-packages/airflow/example_dags/example_branch_operator.py
[2024-10-18T23:57:14.333+0000] {processor.py:829} INFO - Processing file /home/airflow/.local/lib/python3.8/site-packages/airflow/example_dags/example_branch_operator.py for tasks to queue
[2024-10-18T23:57:14.348+0000] {logging_mixin.py:151} INFO - [2024-10-18T23:57:14.339+0000] {dagbag.py:536} INFO - Filling up the DagBag from /home/airflow/.local/lib/python3.8/site-packages/airflow/example_dags/example_branch_operator.py
[2024-10-18T23:57:14.413+0000] {processor.py:839} INFO - DAG(s) dict_keys(['example_branch_operator']) retrieved from /home/airflow/.local/lib/python3.8/site-packages/airflow/example_dags/example_branch_operator.py
[2024-10-18T23:57:14.692+0000] {logging_mixin.py:151} INFO - [2024-10-18T23:57:14.692+0000] {dag.py:2941} INFO - Sync 1 DAGs
[2024-10-18T23:57:15.004+0000] {logging_mixin.py:151} INFO - [2024-10-18T23:57:15.004+0000] {dag.py:3722} INFO - Setting next_dagrun for example_branch_operator to 2024-10-17T00:00:00+00:00, run_after=2024-10-18T00:00:00+00:00
[2024-10-18T23:57:15.231+0000] {processor.py:179} INFO - Processing /home/airflow/.local/lib/python3.8/site-packages/airflow/example_dags/example_branch_operator.py took 0.963 seconds
[2024-10-18T23:57:45.329+0000] {processor.py:157} INFO - Started process (PID=1766) to work on /home/airflow/.local/lib/python3.8/site-packages/airflow/example_dags/example_branch_operator.py
[2024-10-18T23:57:45.332+0000] {processor.py:829} INFO - Processing file /home/airflow/.local/lib/python3.8/site-packages/airflow/example_dags/example_branch_operator.py for tasks to queue
[2024-10-18T23:57:45.336+0000] {logging_mixin.py:151} INFO - [2024-10-18T23:57:45.335+0000] {dagbag.py:536} INFO - Filling up the DagBag from /home/airflow/.local/lib/python3.8/site-packages/airflow/example_dags/example_branch_operator.py
[2024-10-18T23:57:45.354+0000] {processor.py:839} INFO - DAG(s) dict_keys(['example_branch_operator']) retrieved from /home/airflow/.local/lib/python3.8/site-packages/airflow/example_dags/example_branch_operator.py
[2024-10-18T23:57:45.398+0000] {logging_mixin.py:151} INFO - [2024-10-18T23:57:45.398+0000] {dag.py:2941} INFO - Sync 1 DAGs
[2024-10-18T23:57:45.493+0000] {logging_mixin.py:151} INFO - [2024-10-18T23:57:45.492+0000] {dag.py:3722} INFO - Setting next_dagrun for example_branch_operator to 2024-10-17T00:00:00+00:00, run_after=2024-10-18T00:00:00+00:00
[2024-10-18T23:57:45.535+0000] {processor.py:179} INFO - Processing /home/airflow/.local/lib/python3.8/site-packages/airflow/example_dags/example_branch_operator.py took 0.211 seconds
[2024-10-18T23:58:15.953+0000] {processor.py:157} INFO - Started process (PID=1820) to work on /home/airflow/.local/lib/python3.8/site-packages/airflow/example_dags/example_branch_operator.py
[2024-10-18T23:58:15.960+0000] {processor.py:829} INFO - Processing file /home/airflow/.local/lib/python3.8/site-packages/airflow/example_dags/example_branch_operator.py for tasks to queue
[2024-10-18T23:58:15.968+0000] {logging_mixin.py:151} INFO - [2024-10-18T23:58:15.966+0000] {dagbag.py:536} INFO - Filling up the DagBag from /home/airflow/.local/lib/python3.8/site-packages/airflow/example_dags/example_branch_operator.py
[2024-10-18T23:58:16.019+0000] {processor.py:839} INFO - DAG(s) dict_keys(['example_branch_operator']) retrieved from /home/airflow/.local/lib/python3.8/site-packages/airflow/example_dags/example_branch_operator.py
[2024-10-18T23:58:16.123+0000] {logging_mixin.py:151} INFO - [2024-10-18T23:58:16.123+0000] {dag.py:2941} INFO - Sync 1 DAGs
[2024-10-18T23:58:16.265+0000] {logging_mixin.py:151} INFO - [2024-10-18T23:58:16.263+0000] {dag.py:3722} INFO - Setting next_dagrun for example_branch_operator to 2024-10-17T00:00:00+00:00, run_after=2024-10-18T00:00:00+00:00
[2024-10-18T23:58:16.357+0000] {processor.py:179} INFO - Processing /home/airflow/.local/lib/python3.8/site-packages/airflow/example_dags/example_branch_operator.py took 0.418 seconds
[2024-10-18T23:58:46.462+0000] {processor.py:157} INFO - Started process (PID=1873) to work on /home/airflow/.local/lib/python3.8/site-packages/airflow/example_dags/example_branch_operator.py
[2024-10-18T23:58:46.465+0000] {processor.py:829} INFO - Processing file /home/airflow/.local/lib/python3.8/site-packages/airflow/example_dags/example_branch_operator.py for tasks to queue
[2024-10-18T23:58:46.475+0000] {logging_mixin.py:151} INFO - [2024-10-18T23:58:46.474+0000] {dagbag.py:536} INFO - Filling up the DagBag from /home/airflow/.local/lib/python3.8/site-packages/airflow/example_dags/example_branch_operator.py
[2024-10-18T23:58:46.502+0000] {processor.py:839} INFO - DAG(s) dict_keys(['example_branch_operator']) retrieved from /home/airflow/.local/lib/python3.8/site-packages/airflow/example_dags/example_branch_operator.py
[2024-10-18T23:58:46.584+0000] {logging_mixin.py:151} INFO - [2024-10-18T23:58:46.583+0000] {dag.py:2941} INFO - Sync 1 DAGs
[2024-10-18T23:58:46.648+0000] {logging_mixin.py:151} INFO - [2024-10-18T23:58:46.647+0000] {dag.py:3722} INFO - Setting next_dagrun for example_branch_operator to 2024-10-17T00:00:00+00:00, run_after=2024-10-18T00:00:00+00:00
[2024-10-18T23:58:46.700+0000] {processor.py:179} INFO - Processing /home/airflow/.local/lib/python3.8/site-packages/airflow/example_dags/example_branch_operator.py took 0.246 seconds
[2024-10-18T23:59:16.879+0000] {processor.py:157} INFO - Started process (PID=1926) to work on /home/airflow/.local/lib/python3.8/site-packages/airflow/example_dags/example_branch_operator.py
[2024-10-18T23:59:16.882+0000] {processor.py:829} INFO - Processing file /home/airflow/.local/lib/python3.8/site-packages/airflow/example_dags/example_branch_operator.py for tasks to queue
[2024-10-18T23:59:16.890+0000] {logging_mixin.py:151} INFO - [2024-10-18T23:59:16.889+0000] {dagbag.py:536} INFO - Filling up the DagBag from /home/airflow/.local/lib/python3.8/site-packages/airflow/example_dags/example_branch_operator.py
[2024-10-18T23:59:16.910+0000] {processor.py:839} INFO - DAG(s) dict_keys(['example_branch_operator']) retrieved from /home/airflow/.local/lib/python3.8/site-packages/airflow/example_dags/example_branch_operator.py
[2024-10-18T23:59:16.987+0000] {logging_mixin.py:151} INFO - [2024-10-18T23:59:16.987+0000] {dag.py:2941} INFO - Sync 1 DAGs
[2024-10-18T23:59:17.062+0000] {logging_mixin.py:151} INFO - [2024-10-18T23:59:17.061+0000] {dag.py:3722} INFO - Setting next_dagrun for example_branch_operator to 2024-10-17T00:00:00+00:00, run_after=2024-10-18T00:00:00+00:00
[2024-10-18T23:59:17.122+0000] {processor.py:179} INFO - Processing /home/airflow/.local/lib/python3.8/site-packages/airflow/example_dags/example_branch_operator.py took 0.252 seconds
[2024-10-18T23:59:47.533+0000] {processor.py:157} INFO - Started process (PID=1980) to work on /home/airflow/.local/lib/python3.8/site-packages/airflow/example_dags/example_branch_operator.py
[2024-10-18T23:59:47.538+0000] {processor.py:829} INFO - Processing file /home/airflow/.local/lib/python3.8/site-packages/airflow/example_dags/example_branch_operator.py for tasks to queue
[2024-10-18T23:59:47.547+0000] {logging_mixin.py:151} INFO - [2024-10-18T23:59:47.545+0000] {dagbag.py:536} INFO - Filling up the DagBag from /home/airflow/.local/lib/python3.8/site-packages/airflow/example_dags/example_branch_operator.py
[2024-10-18T23:59:47.576+0000] {processor.py:839} INFO - DAG(s) dict_keys(['example_branch_operator']) retrieved from /home/airflow/.local/lib/python3.8/site-packages/airflow/example_dags/example_branch_operator.py
[2024-10-18T23:59:47.637+0000] {logging_mixin.py:151} INFO - [2024-10-18T23:59:47.637+0000] {dag.py:2941} INFO - Sync 1 DAGs
[2024-10-18T23:59:47.692+0000] {logging_mixin.py:151} INFO - [2024-10-18T23:59:47.691+0000] {dag.py:3722} INFO - Setting next_dagrun for example_branch_operator to 2024-10-17T00:00:00+00:00, run_after=2024-10-18T00:00:00+00:00
[2024-10-18T23:59:47.755+0000] {processor.py:179} INFO - Processing /home/airflow/.local/lib/python3.8/site-packages/airflow/example_dags/example_branch_operator.py took 0.234 seconds
