[2024-10-18T23:31:51.526+0000] {processor.py:157} INFO - Started process (PID=98) to work on /home/airflow/.local/lib/python3.8/site-packages/airflow/example_dags/example_python_operator.py
[2024-10-18T23:31:51.529+0000] {processor.py:829} INFO - Processing file /home/airflow/.local/lib/python3.8/site-packages/airflow/example_dags/example_python_operator.py for tasks to queue
[2024-10-18T23:31:51.536+0000] {logging_mixin.py:151} INFO - [2024-10-18T23:31:51.535+0000] {dagbag.py:536} INFO - Filling up the DagBag from /home/airflow/.local/lib/python3.8/site-packages/airflow/example_dags/example_python_operator.py
[2024-10-18T23:31:51.659+0000] {processor.py:839} INFO - DAG(s) dict_keys(['example_python_operator']) retrieved from /home/airflow/.local/lib/python3.8/site-packages/airflow/example_dags/example_python_operator.py
[2024-10-18T23:31:52.055+0000] {logging_mixin.py:151} INFO - [2024-10-18T23:31:52.054+0000] {dag.py:2941} INFO - Sync 1 DAGs
[2024-10-18T23:31:52.193+0000] {logging_mixin.py:151} INFO - [2024-10-18T23:31:52.192+0000] {dag.py:3722} INFO - Setting next_dagrun for example_python_operator to None, run_after=None
[2024-10-18T23:31:52.328+0000] {processor.py:179} INFO - Processing /home/airflow/.local/lib/python3.8/site-packages/airflow/example_dags/example_python_operator.py took 0.815 seconds
[2024-10-18T23:32:23.251+0000] {processor.py:157} INFO - Started process (PID=152) to work on /home/airflow/.local/lib/python3.8/site-packages/airflow/example_dags/example_python_operator.py
[2024-10-18T23:32:23.254+0000] {processor.py:829} INFO - Processing file /home/airflow/.local/lib/python3.8/site-packages/airflow/example_dags/example_python_operator.py for tasks to queue
[2024-10-18T23:32:23.259+0000] {logging_mixin.py:151} INFO - [2024-10-18T23:32:23.258+0000] {dagbag.py:536} INFO - Filling up the DagBag from /home/airflow/.local/lib/python3.8/site-packages/airflow/example_dags/example_python_operator.py
[2024-10-18T23:32:23.286+0000] {processor.py:839} INFO - DAG(s) dict_keys(['example_python_operator']) retrieved from /home/airflow/.local/lib/python3.8/site-packages/airflow/example_dags/example_python_operator.py
[2024-10-18T23:32:24.522+0000] {logging_mixin.py:151} INFO - [2024-10-18T23:32:24.522+0000] {dag.py:2941} INFO - Sync 1 DAGs
[2024-10-18T23:32:24.555+0000] {logging_mixin.py:151} INFO - [2024-10-18T23:32:24.555+0000] {dag.py:3722} INFO - Setting next_dagrun for example_python_operator to None, run_after=None
[2024-10-18T23:32:24.615+0000] {processor.py:179} INFO - Processing /home/airflow/.local/lib/python3.8/site-packages/airflow/example_dags/example_python_operator.py took 1.373 seconds
[2024-10-18T23:32:54.752+0000] {processor.py:157} INFO - Started process (PID=208) to work on /home/airflow/.local/lib/python3.8/site-packages/airflow/example_dags/example_python_operator.py
[2024-10-18T23:32:54.755+0000] {processor.py:829} INFO - Processing file /home/airflow/.local/lib/python3.8/site-packages/airflow/example_dags/example_python_operator.py for tasks to queue
[2024-10-18T23:32:54.760+0000] {logging_mixin.py:151} INFO - [2024-10-18T23:32:54.760+0000] {dagbag.py:536} INFO - Filling up the DagBag from /home/airflow/.local/lib/python3.8/site-packages/airflow/example_dags/example_python_operator.py
[2024-10-18T23:32:54.787+0000] {processor.py:839} INFO - DAG(s) dict_keys(['example_python_operator']) retrieved from /home/airflow/.local/lib/python3.8/site-packages/airflow/example_dags/example_python_operator.py
[2024-10-18T23:32:54.842+0000] {logging_mixin.py:151} INFO - [2024-10-18T23:32:54.841+0000] {dag.py:2941} INFO - Sync 1 DAGs
[2024-10-18T23:32:54.870+0000] {logging_mixin.py:151} INFO - [2024-10-18T23:32:54.869+0000] {dag.py:3722} INFO - Setting next_dagrun for example_python_operator to None, run_after=None
[2024-10-18T23:32:54.921+0000] {processor.py:179} INFO - Processing /home/airflow/.local/lib/python3.8/site-packages/airflow/example_dags/example_python_operator.py took 0.175 seconds
[2024-10-18T23:33:25.068+0000] {processor.py:157} INFO - Started process (PID=262) to work on /home/airflow/.local/lib/python3.8/site-packages/airflow/example_dags/example_python_operator.py
[2024-10-18T23:33:25.070+0000] {processor.py:829} INFO - Processing file /home/airflow/.local/lib/python3.8/site-packages/airflow/example_dags/example_python_operator.py for tasks to queue
[2024-10-18T23:33:25.076+0000] {logging_mixin.py:151} INFO - [2024-10-18T23:33:25.075+0000] {dagbag.py:536} INFO - Filling up the DagBag from /home/airflow/.local/lib/python3.8/site-packages/airflow/example_dags/example_python_operator.py
[2024-10-18T23:33:25.105+0000] {processor.py:839} INFO - DAG(s) dict_keys(['example_python_operator']) retrieved from /home/airflow/.local/lib/python3.8/site-packages/airflow/example_dags/example_python_operator.py
[2024-10-18T23:33:25.163+0000] {logging_mixin.py:151} INFO - [2024-10-18T23:33:25.162+0000] {dag.py:2941} INFO - Sync 1 DAGs
[2024-10-18T23:33:25.199+0000] {logging_mixin.py:151} INFO - [2024-10-18T23:33:25.199+0000] {dag.py:3722} INFO - Setting next_dagrun for example_python_operator to None, run_after=None
[2024-10-18T23:33:25.252+0000] {processor.py:179} INFO - Processing /home/airflow/.local/lib/python3.8/site-packages/airflow/example_dags/example_python_operator.py took 0.193 seconds
[2024-10-18T23:33:55.709+0000] {processor.py:157} INFO - Started process (PID=314) to work on /home/airflow/.local/lib/python3.8/site-packages/airflow/example_dags/example_python_operator.py
[2024-10-18T23:33:55.713+0000] {processor.py:829} INFO - Processing file /home/airflow/.local/lib/python3.8/site-packages/airflow/example_dags/example_python_operator.py for tasks to queue
[2024-10-18T23:33:55.718+0000] {logging_mixin.py:151} INFO - [2024-10-18T23:33:55.718+0000] {dagbag.py:536} INFO - Filling up the DagBag from /home/airflow/.local/lib/python3.8/site-packages/airflow/example_dags/example_python_operator.py
[2024-10-18T23:33:55.747+0000] {processor.py:839} INFO - DAG(s) dict_keys(['example_python_operator']) retrieved from /home/airflow/.local/lib/python3.8/site-packages/airflow/example_dags/example_python_operator.py
[2024-10-18T23:33:55.830+0000] {logging_mixin.py:151} INFO - [2024-10-18T23:33:55.830+0000] {dag.py:2941} INFO - Sync 1 DAGs
[2024-10-18T23:33:55.866+0000] {logging_mixin.py:151} INFO - [2024-10-18T23:33:55.866+0000] {dag.py:3722} INFO - Setting next_dagrun for example_python_operator to None, run_after=None
[2024-10-18T23:33:55.924+0000] {processor.py:179} INFO - Processing /home/airflow/.local/lib/python3.8/site-packages/airflow/example_dags/example_python_operator.py took 0.225 seconds
[2024-10-18T23:34:26.456+0000] {processor.py:157} INFO - Started process (PID=366) to work on /home/airflow/.local/lib/python3.8/site-packages/airflow/example_dags/example_python_operator.py
[2024-10-18T23:34:26.460+0000] {processor.py:829} INFO - Processing file /home/airflow/.local/lib/python3.8/site-packages/airflow/example_dags/example_python_operator.py for tasks to queue
[2024-10-18T23:34:26.470+0000] {logging_mixin.py:151} INFO - [2024-10-18T23:34:26.466+0000] {dagbag.py:536} INFO - Filling up the DagBag from /home/airflow/.local/lib/python3.8/site-packages/airflow/example_dags/example_python_operator.py
[2024-10-18T23:34:26.528+0000] {processor.py:839} INFO - DAG(s) dict_keys(['example_python_operator']) retrieved from /home/airflow/.local/lib/python3.8/site-packages/airflow/example_dags/example_python_operator.py
[2024-10-18T23:34:26.614+0000] {logging_mixin.py:151} INFO - [2024-10-18T23:34:26.613+0000] {dag.py:2941} INFO - Sync 1 DAGs
[2024-10-18T23:34:26.656+0000] {logging_mixin.py:151} INFO - [2024-10-18T23:34:26.655+0000] {dag.py:3722} INFO - Setting next_dagrun for example_python_operator to None, run_after=None
[2024-10-18T23:34:26.713+0000] {processor.py:179} INFO - Processing /home/airflow/.local/lib/python3.8/site-packages/airflow/example_dags/example_python_operator.py took 0.270 seconds
[2024-10-18T23:34:57.086+0000] {processor.py:157} INFO - Started process (PID=420) to work on /home/airflow/.local/lib/python3.8/site-packages/airflow/example_dags/example_python_operator.py
[2024-10-18T23:34:57.089+0000] {processor.py:829} INFO - Processing file /home/airflow/.local/lib/python3.8/site-packages/airflow/example_dags/example_python_operator.py for tasks to queue
[2024-10-18T23:34:57.096+0000] {logging_mixin.py:151} INFO - [2024-10-18T23:34:57.095+0000] {dagbag.py:536} INFO - Filling up the DagBag from /home/airflow/.local/lib/python3.8/site-packages/airflow/example_dags/example_python_operator.py
[2024-10-18T23:34:57.126+0000] {processor.py:839} INFO - DAG(s) dict_keys(['example_python_operator']) retrieved from /home/airflow/.local/lib/python3.8/site-packages/airflow/example_dags/example_python_operator.py
[2024-10-18T23:34:57.198+0000] {logging_mixin.py:151} INFO - [2024-10-18T23:34:57.197+0000] {dag.py:2941} INFO - Sync 1 DAGs
[2024-10-18T23:34:57.234+0000] {logging_mixin.py:151} INFO - [2024-10-18T23:34:57.234+0000] {dag.py:3722} INFO - Setting next_dagrun for example_python_operator to None, run_after=None
[2024-10-18T23:34:57.300+0000] {processor.py:179} INFO - Processing /home/airflow/.local/lib/python3.8/site-packages/airflow/example_dags/example_python_operator.py took 0.223 seconds
[2024-10-18T23:35:27.647+0000] {processor.py:157} INFO - Started process (PID=473) to work on /home/airflow/.local/lib/python3.8/site-packages/airflow/example_dags/example_python_operator.py
[2024-10-18T23:35:27.649+0000] {processor.py:829} INFO - Processing file /home/airflow/.local/lib/python3.8/site-packages/airflow/example_dags/example_python_operator.py for tasks to queue
[2024-10-18T23:35:27.655+0000] {logging_mixin.py:151} INFO - [2024-10-18T23:35:27.654+0000] {dagbag.py:536} INFO - Filling up the DagBag from /home/airflow/.local/lib/python3.8/site-packages/airflow/example_dags/example_python_operator.py
[2024-10-18T23:35:27.686+0000] {processor.py:839} INFO - DAG(s) dict_keys(['example_python_operator']) retrieved from /home/airflow/.local/lib/python3.8/site-packages/airflow/example_dags/example_python_operator.py
[2024-10-18T23:35:27.774+0000] {logging_mixin.py:151} INFO - [2024-10-18T23:35:27.773+0000] {dag.py:2941} INFO - Sync 1 DAGs
[2024-10-18T23:35:28.012+0000] {logging_mixin.py:151} INFO - [2024-10-18T23:35:28.007+0000] {dag.py:3722} INFO - Setting next_dagrun for example_python_operator to None, run_after=None
[2024-10-18T23:35:28.096+0000] {processor.py:179} INFO - Processing /home/airflow/.local/lib/python3.8/site-packages/airflow/example_dags/example_python_operator.py took 0.459 seconds
[2024-10-18T23:35:58.717+0000] {processor.py:157} INFO - Started process (PID=527) to work on /home/airflow/.local/lib/python3.8/site-packages/airflow/example_dags/example_python_operator.py
[2024-10-18T23:35:58.762+0000] {processor.py:829} INFO - Processing file /home/airflow/.local/lib/python3.8/site-packages/airflow/example_dags/example_python_operator.py for tasks to queue
[2024-10-18T23:35:58.806+0000] {logging_mixin.py:151} INFO - [2024-10-18T23:35:58.806+0000] {dagbag.py:536} INFO - Filling up the DagBag from /home/airflow/.local/lib/python3.8/site-packages/airflow/example_dags/example_python_operator.py
[2024-10-18T23:35:58.969+0000] {processor.py:839} INFO - DAG(s) dict_keys(['example_python_operator']) retrieved from /home/airflow/.local/lib/python3.8/site-packages/airflow/example_dags/example_python_operator.py
[2024-10-18T23:35:59.094+0000] {logging_mixin.py:151} INFO - [2024-10-18T23:35:59.094+0000] {dag.py:2941} INFO - Sync 1 DAGs
[2024-10-18T23:35:59.182+0000] {logging_mixin.py:151} INFO - [2024-10-18T23:35:59.179+0000] {dag.py:3722} INFO - Setting next_dagrun for example_python_operator to None, run_after=None
[2024-10-18T23:35:59.336+0000] {processor.py:179} INFO - Processing /home/airflow/.local/lib/python3.8/site-packages/airflow/example_dags/example_python_operator.py took 0.665 seconds
[2024-10-18T23:38:56.279+0000] {processor.py:157} INFO - Started process (PID=98) to work on /home/airflow/.local/lib/python3.8/site-packages/airflow/example_dags/example_python_operator.py
[2024-10-18T23:38:56.282+0000] {processor.py:829} INFO - Processing file /home/airflow/.local/lib/python3.8/site-packages/airflow/example_dags/example_python_operator.py for tasks to queue
[2024-10-18T23:38:56.295+0000] {logging_mixin.py:151} INFO - [2024-10-18T23:38:56.294+0000] {dagbag.py:536} INFO - Filling up the DagBag from /home/airflow/.local/lib/python3.8/site-packages/airflow/example_dags/example_python_operator.py
[2024-10-18T23:38:56.334+0000] {processor.py:839} INFO - DAG(s) dict_keys(['example_python_operator']) retrieved from /home/airflow/.local/lib/python3.8/site-packages/airflow/example_dags/example_python_operator.py
[2024-10-18T23:38:56.912+0000] {logging_mixin.py:151} INFO - [2024-10-18T23:38:56.911+0000] {dag.py:2941} INFO - Sync 1 DAGs
[2024-10-18T23:38:56.945+0000] {logging_mixin.py:151} INFO - [2024-10-18T23:38:56.944+0000] {dag.py:3722} INFO - Setting next_dagrun for example_python_operator to None, run_after=None
[2024-10-18T23:38:56.994+0000] {processor.py:179} INFO - Processing /home/airflow/.local/lib/python3.8/site-packages/airflow/example_dags/example_python_operator.py took 0.724 seconds
[2024-10-18T23:39:27.223+0000] {processor.py:157} INFO - Started process (PID=153) to work on /home/airflow/.local/lib/python3.8/site-packages/airflow/example_dags/example_python_operator.py
[2024-10-18T23:39:27.225+0000] {processor.py:829} INFO - Processing file /home/airflow/.local/lib/python3.8/site-packages/airflow/example_dags/example_python_operator.py for tasks to queue
[2024-10-18T23:39:27.234+0000] {logging_mixin.py:151} INFO - [2024-10-18T23:39:27.232+0000] {dagbag.py:536} INFO - Filling up the DagBag from /home/airflow/.local/lib/python3.8/site-packages/airflow/example_dags/example_python_operator.py
[2024-10-18T23:39:27.266+0000] {processor.py:839} INFO - DAG(s) dict_keys(['example_python_operator']) retrieved from /home/airflow/.local/lib/python3.8/site-packages/airflow/example_dags/example_python_operator.py
[2024-10-18T23:39:27.316+0000] {logging_mixin.py:151} INFO - [2024-10-18T23:39:27.316+0000] {dag.py:2941} INFO - Sync 1 DAGs
[2024-10-18T23:39:27.338+0000] {logging_mixin.py:151} INFO - [2024-10-18T23:39:27.338+0000] {dag.py:3722} INFO - Setting next_dagrun for example_python_operator to None, run_after=None
[2024-10-18T23:39:27.380+0000] {processor.py:179} INFO - Processing /home/airflow/.local/lib/python3.8/site-packages/airflow/example_dags/example_python_operator.py took 0.163 seconds
[2024-10-18T23:39:58.014+0000] {processor.py:157} INFO - Started process (PID=206) to work on /home/airflow/.local/lib/python3.8/site-packages/airflow/example_dags/example_python_operator.py
[2024-10-18T23:39:58.016+0000] {processor.py:829} INFO - Processing file /home/airflow/.local/lib/python3.8/site-packages/airflow/example_dags/example_python_operator.py for tasks to queue
[2024-10-18T23:39:58.021+0000] {logging_mixin.py:151} INFO - [2024-10-18T23:39:58.020+0000] {dagbag.py:536} INFO - Filling up the DagBag from /home/airflow/.local/lib/python3.8/site-packages/airflow/example_dags/example_python_operator.py
[2024-10-18T23:39:58.088+0000] {processor.py:839} INFO - DAG(s) dict_keys(['example_python_operator']) retrieved from /home/airflow/.local/lib/python3.8/site-packages/airflow/example_dags/example_python_operator.py
[2024-10-18T23:39:58.142+0000] {logging_mixin.py:151} INFO - [2024-10-18T23:39:58.142+0000] {dag.py:2941} INFO - Sync 1 DAGs
[2024-10-18T23:39:58.167+0000] {logging_mixin.py:151} INFO - [2024-10-18T23:39:58.166+0000] {dag.py:3722} INFO - Setting next_dagrun for example_python_operator to None, run_after=None
[2024-10-18T23:39:58.234+0000] {processor.py:179} INFO - Processing /home/airflow/.local/lib/python3.8/site-packages/airflow/example_dags/example_python_operator.py took 0.228 seconds
[2024-10-18T23:40:29.229+0000] {processor.py:157} INFO - Started process (PID=260) to work on /home/airflow/.local/lib/python3.8/site-packages/airflow/example_dags/example_python_operator.py
[2024-10-18T23:40:29.236+0000] {processor.py:829} INFO - Processing file /home/airflow/.local/lib/python3.8/site-packages/airflow/example_dags/example_python_operator.py for tasks to queue
[2024-10-18T23:40:29.244+0000] {logging_mixin.py:151} INFO - [2024-10-18T23:40:29.243+0000] {dagbag.py:536} INFO - Filling up the DagBag from /home/airflow/.local/lib/python3.8/site-packages/airflow/example_dags/example_python_operator.py
[2024-10-18T23:40:29.548+0000] {processor.py:839} INFO - DAG(s) dict_keys(['example_python_operator']) retrieved from /home/airflow/.local/lib/python3.8/site-packages/airflow/example_dags/example_python_operator.py
[2024-10-18T23:40:30.229+0000] {logging_mixin.py:151} INFO - [2024-10-18T23:40:30.063+0000] {dag.py:2941} INFO - Sync 1 DAGs
[2024-10-18T23:40:30.744+0000] {logging_mixin.py:151} INFO - [2024-10-18T23:40:30.743+0000] {dag.py:3722} INFO - Setting next_dagrun for example_python_operator to None, run_after=None
[2024-10-18T23:40:30.949+0000] {processor.py:179} INFO - Processing /home/airflow/.local/lib/python3.8/site-packages/airflow/example_dags/example_python_operator.py took 1.728 seconds
[2024-10-18T23:41:17.651+0000] {processor.py:157} INFO - Started process (PID=302) to work on /home/airflow/.local/lib/python3.8/site-packages/airflow/example_dags/example_python_operator.py
[2024-10-18T23:41:17.662+0000] {processor.py:829} INFO - Processing file /home/airflow/.local/lib/python3.8/site-packages/airflow/example_dags/example_python_operator.py for tasks to queue
[2024-10-18T23:41:17.669+0000] {logging_mixin.py:151} INFO - [2024-10-18T23:41:17.669+0000] {dagbag.py:536} INFO - Filling up the DagBag from /home/airflow/.local/lib/python3.8/site-packages/airflow/example_dags/example_python_operator.py
[2024-10-18T23:41:17.775+0000] {processor.py:839} INFO - DAG(s) dict_keys(['example_python_operator']) retrieved from /home/airflow/.local/lib/python3.8/site-packages/airflow/example_dags/example_python_operator.py
[2024-10-18T23:41:17.869+0000] {logging_mixin.py:151} INFO - [2024-10-18T23:41:17.869+0000] {dag.py:2941} INFO - Sync 1 DAGs
[2024-10-18T23:41:17.904+0000] {logging_mixin.py:151} INFO - [2024-10-18T23:41:17.903+0000] {dag.py:3722} INFO - Setting next_dagrun for example_python_operator to None, run_after=None
[2024-10-18T23:41:17.972+0000] {processor.py:179} INFO - Processing /home/airflow/.local/lib/python3.8/site-packages/airflow/example_dags/example_python_operator.py took 0.341 seconds
[2024-10-18T23:42:23.802+0000] {processor.py:157} INFO - Started process (PID=363) to work on /home/airflow/.local/lib/python3.8/site-packages/airflow/example_dags/example_python_operator.py
[2024-10-18T23:42:23.815+0000] {processor.py:829} INFO - Processing file /home/airflow/.local/lib/python3.8/site-packages/airflow/example_dags/example_python_operator.py for tasks to queue
[2024-10-18T23:42:23.879+0000] {logging_mixin.py:151} INFO - [2024-10-18T23:42:23.859+0000] {dagbag.py:536} INFO - Filling up the DagBag from /home/airflow/.local/lib/python3.8/site-packages/airflow/example_dags/example_python_operator.py
[2024-10-18T23:42:24.328+0000] {processor.py:839} INFO - DAG(s) dict_keys(['example_python_operator']) retrieved from /home/airflow/.local/lib/python3.8/site-packages/airflow/example_dags/example_python_operator.py
[2024-10-18T23:42:28.049+0000] {logging_mixin.py:151} INFO - [2024-10-18T23:42:28.048+0000] {dag.py:2941} INFO - Sync 1 DAGs
[2024-10-18T23:42:29.628+0000] {logging_mixin.py:151} INFO - [2024-10-18T23:42:29.620+0000] {dag.py:3722} INFO - Setting next_dagrun for example_python_operator to None, run_after=None
[2024-10-18T23:42:31.420+0000] {processor.py:179} INFO - Processing /home/airflow/.local/lib/python3.8/site-packages/airflow/example_dags/example_python_operator.py took 7.636 seconds
[2024-10-18T23:43:28.155+0000] {processor.py:157} INFO - Started process (PID=425) to work on /home/airflow/.local/lib/python3.8/site-packages/airflow/example_dags/example_python_operator.py
[2024-10-18T23:43:28.159+0000] {processor.py:829} INFO - Processing file /home/airflow/.local/lib/python3.8/site-packages/airflow/example_dags/example_python_operator.py for tasks to queue
[2024-10-18T23:43:28.174+0000] {logging_mixin.py:151} INFO - [2024-10-18T23:43:28.171+0000] {dagbag.py:536} INFO - Filling up the DagBag from /home/airflow/.local/lib/python3.8/site-packages/airflow/example_dags/example_python_operator.py
[2024-10-18T23:43:28.685+0000] {processor.py:839} INFO - DAG(s) dict_keys(['example_python_operator']) retrieved from /home/airflow/.local/lib/python3.8/site-packages/airflow/example_dags/example_python_operator.py
[2024-10-18T23:43:29.771+0000] {logging_mixin.py:151} INFO - [2024-10-18T23:43:29.770+0000] {dag.py:2941} INFO - Sync 1 DAGs
[2024-10-18T23:43:30.592+0000] {logging_mixin.py:151} INFO - [2024-10-18T23:43:30.591+0000] {dag.py:3722} INFO - Setting next_dagrun for example_python_operator to None, run_after=None
[2024-10-18T23:43:31.541+0000] {processor.py:179} INFO - Processing /home/airflow/.local/lib/python3.8/site-packages/airflow/example_dags/example_python_operator.py took 3.432 seconds
[2024-10-18T23:44:02.064+0000] {processor.py:157} INFO - Started process (PID=479) to work on /home/airflow/.local/lib/python3.8/site-packages/airflow/example_dags/example_python_operator.py
[2024-10-18T23:44:02.068+0000] {processor.py:829} INFO - Processing file /home/airflow/.local/lib/python3.8/site-packages/airflow/example_dags/example_python_operator.py for tasks to queue
[2024-10-18T23:44:02.076+0000] {logging_mixin.py:151} INFO - [2024-10-18T23:44:02.075+0000] {dagbag.py:536} INFO - Filling up the DagBag from /home/airflow/.local/lib/python3.8/site-packages/airflow/example_dags/example_python_operator.py
[2024-10-18T23:44:02.126+0000] {processor.py:839} INFO - DAG(s) dict_keys(['example_python_operator']) retrieved from /home/airflow/.local/lib/python3.8/site-packages/airflow/example_dags/example_python_operator.py
[2024-10-18T23:44:02.198+0000] {logging_mixin.py:151} INFO - [2024-10-18T23:44:02.197+0000] {dag.py:2941} INFO - Sync 1 DAGs
[2024-10-18T23:44:02.280+0000] {logging_mixin.py:151} INFO - [2024-10-18T23:44:02.279+0000] {dag.py:3722} INFO - Setting next_dagrun for example_python_operator to None, run_after=None
[2024-10-18T23:44:02.360+0000] {processor.py:179} INFO - Processing /home/airflow/.local/lib/python3.8/site-packages/airflow/example_dags/example_python_operator.py took 0.306 seconds
[2024-10-18T23:44:34.232+0000] {processor.py:157} INFO - Started process (PID=530) to work on /home/airflow/.local/lib/python3.8/site-packages/airflow/example_dags/example_python_operator.py
[2024-10-18T23:44:34.234+0000] {processor.py:829} INFO - Processing file /home/airflow/.local/lib/python3.8/site-packages/airflow/example_dags/example_python_operator.py for tasks to queue
[2024-10-18T23:44:34.240+0000] {logging_mixin.py:151} INFO - [2024-10-18T23:44:34.239+0000] {dagbag.py:536} INFO - Filling up the DagBag from /home/airflow/.local/lib/python3.8/site-packages/airflow/example_dags/example_python_operator.py
[2024-10-18T23:44:34.307+0000] {processor.py:839} INFO - DAG(s) dict_keys(['example_python_operator']) retrieved from /home/airflow/.local/lib/python3.8/site-packages/airflow/example_dags/example_python_operator.py
[2024-10-18T23:44:34.425+0000] {logging_mixin.py:151} INFO - [2024-10-18T23:44:34.424+0000] {dag.py:2941} INFO - Sync 1 DAGs
[2024-10-18T23:44:34.461+0000] {logging_mixin.py:151} INFO - [2024-10-18T23:44:34.461+0000] {dag.py:3722} INFO - Setting next_dagrun for example_python_operator to None, run_after=None
[2024-10-18T23:44:34.509+0000] {processor.py:179} INFO - Processing /home/airflow/.local/lib/python3.8/site-packages/airflow/example_dags/example_python_operator.py took 0.285 seconds
[2024-10-18T23:45:07.170+0000] {processor.py:157} INFO - Started process (PID=581) to work on /home/airflow/.local/lib/python3.8/site-packages/airflow/example_dags/example_python_operator.py
[2024-10-18T23:45:07.177+0000] {processor.py:829} INFO - Processing file /home/airflow/.local/lib/python3.8/site-packages/airflow/example_dags/example_python_operator.py for tasks to queue
[2024-10-18T23:45:07.184+0000] {logging_mixin.py:151} INFO - [2024-10-18T23:45:07.184+0000] {dagbag.py:536} INFO - Filling up the DagBag from /home/airflow/.local/lib/python3.8/site-packages/airflow/example_dags/example_python_operator.py
[2024-10-18T23:45:07.231+0000] {processor.py:839} INFO - DAG(s) dict_keys(['example_python_operator']) retrieved from /home/airflow/.local/lib/python3.8/site-packages/airflow/example_dags/example_python_operator.py
[2024-10-18T23:45:07.329+0000] {logging_mixin.py:151} INFO - [2024-10-18T23:45:07.321+0000] {dag.py:2941} INFO - Sync 1 DAGs
[2024-10-18T23:45:07.364+0000] {logging_mixin.py:151} INFO - [2024-10-18T23:45:07.363+0000] {dag.py:3722} INFO - Setting next_dagrun for example_python_operator to None, run_after=None
[2024-10-18T23:45:07.425+0000] {processor.py:179} INFO - Processing /home/airflow/.local/lib/python3.8/site-packages/airflow/example_dags/example_python_operator.py took 0.305 seconds
[2024-10-18T23:45:37.919+0000] {processor.py:157} INFO - Started process (PID=635) to work on /home/airflow/.local/lib/python3.8/site-packages/airflow/example_dags/example_python_operator.py
[2024-10-18T23:45:37.922+0000] {processor.py:829} INFO - Processing file /home/airflow/.local/lib/python3.8/site-packages/airflow/example_dags/example_python_operator.py for tasks to queue
[2024-10-18T23:45:37.930+0000] {logging_mixin.py:151} INFO - [2024-10-18T23:45:37.929+0000] {dagbag.py:536} INFO - Filling up the DagBag from /home/airflow/.local/lib/python3.8/site-packages/airflow/example_dags/example_python_operator.py
[2024-10-18T23:45:37.971+0000] {processor.py:839} INFO - DAG(s) dict_keys(['example_python_operator']) retrieved from /home/airflow/.local/lib/python3.8/site-packages/airflow/example_dags/example_python_operator.py
[2024-10-18T23:45:38.021+0000] {logging_mixin.py:151} INFO - [2024-10-18T23:45:38.020+0000] {dag.py:2941} INFO - Sync 1 DAGs
[2024-10-18T23:45:38.049+0000] {logging_mixin.py:151} INFO - [2024-10-18T23:45:38.049+0000] {dag.py:3722} INFO - Setting next_dagrun for example_python_operator to None, run_after=None
[2024-10-18T23:45:38.079+0000] {processor.py:179} INFO - Processing /home/airflow/.local/lib/python3.8/site-packages/airflow/example_dags/example_python_operator.py took 0.169 seconds
[2024-10-18T23:46:08.757+0000] {processor.py:157} INFO - Started process (PID=687) to work on /home/airflow/.local/lib/python3.8/site-packages/airflow/example_dags/example_python_operator.py
[2024-10-18T23:46:08.759+0000] {processor.py:829} INFO - Processing file /home/airflow/.local/lib/python3.8/site-packages/airflow/example_dags/example_python_operator.py for tasks to queue
[2024-10-18T23:46:08.766+0000] {logging_mixin.py:151} INFO - [2024-10-18T23:46:08.765+0000] {dagbag.py:536} INFO - Filling up the DagBag from /home/airflow/.local/lib/python3.8/site-packages/airflow/example_dags/example_python_operator.py
[2024-10-18T23:46:08.815+0000] {processor.py:839} INFO - DAG(s) dict_keys(['example_python_operator']) retrieved from /home/airflow/.local/lib/python3.8/site-packages/airflow/example_dags/example_python_operator.py
[2024-10-18T23:46:08.888+0000] {logging_mixin.py:151} INFO - [2024-10-18T23:46:08.887+0000] {dag.py:2941} INFO - Sync 1 DAGs
[2024-10-18T23:46:08.914+0000] {logging_mixin.py:151} INFO - [2024-10-18T23:46:08.913+0000] {dag.py:3722} INFO - Setting next_dagrun for example_python_operator to None, run_after=None
[2024-10-18T23:46:08.959+0000] {processor.py:179} INFO - Processing /home/airflow/.local/lib/python3.8/site-packages/airflow/example_dags/example_python_operator.py took 0.208 seconds
[2024-10-18T23:46:39.065+0000] {processor.py:157} INFO - Started process (PID=741) to work on /home/airflow/.local/lib/python3.8/site-packages/airflow/example_dags/example_python_operator.py
[2024-10-18T23:46:39.068+0000] {processor.py:829} INFO - Processing file /home/airflow/.local/lib/python3.8/site-packages/airflow/example_dags/example_python_operator.py for tasks to queue
[2024-10-18T23:46:39.072+0000] {logging_mixin.py:151} INFO - [2024-10-18T23:46:39.072+0000] {dagbag.py:536} INFO - Filling up the DagBag from /home/airflow/.local/lib/python3.8/site-packages/airflow/example_dags/example_python_operator.py
[2024-10-18T23:46:39.096+0000] {processor.py:839} INFO - DAG(s) dict_keys(['example_python_operator']) retrieved from /home/airflow/.local/lib/python3.8/site-packages/airflow/example_dags/example_python_operator.py
[2024-10-18T23:46:39.161+0000] {logging_mixin.py:151} INFO - [2024-10-18T23:46:39.160+0000] {dag.py:2941} INFO - Sync 1 DAGs
[2024-10-18T23:46:39.188+0000] {logging_mixin.py:151} INFO - [2024-10-18T23:46:39.188+0000] {dag.py:3722} INFO - Setting next_dagrun for example_python_operator to None, run_after=None
[2024-10-18T23:46:39.232+0000] {processor.py:179} INFO - Processing /home/airflow/.local/lib/python3.8/site-packages/airflow/example_dags/example_python_operator.py took 0.174 seconds
[2024-10-18T23:47:10.771+0000] {processor.py:157} INFO - Started process (PID=794) to work on /home/airflow/.local/lib/python3.8/site-packages/airflow/example_dags/example_python_operator.py
[2024-10-18T23:47:10.773+0000] {processor.py:829} INFO - Processing file /home/airflow/.local/lib/python3.8/site-packages/airflow/example_dags/example_python_operator.py for tasks to queue
[2024-10-18T23:47:10.779+0000] {logging_mixin.py:151} INFO - [2024-10-18T23:47:10.779+0000] {dagbag.py:536} INFO - Filling up the DagBag from /home/airflow/.local/lib/python3.8/site-packages/airflow/example_dags/example_python_operator.py
[2024-10-18T23:47:10.839+0000] {processor.py:839} INFO - DAG(s) dict_keys(['example_python_operator']) retrieved from /home/airflow/.local/lib/python3.8/site-packages/airflow/example_dags/example_python_operator.py
[2024-10-18T23:47:10.990+0000] {logging_mixin.py:151} INFO - [2024-10-18T23:47:10.990+0000] {dag.py:2941} INFO - Sync 1 DAGs
[2024-10-18T23:47:11.024+0000] {logging_mixin.py:151} INFO - [2024-10-18T23:47:11.024+0000] {dag.py:3722} INFO - Setting next_dagrun for example_python_operator to None, run_after=None
[2024-10-18T23:47:11.066+0000] {processor.py:179} INFO - Processing /home/airflow/.local/lib/python3.8/site-packages/airflow/example_dags/example_python_operator.py took 0.304 seconds
[2024-10-18T23:47:41.668+0000] {processor.py:157} INFO - Started process (PID=848) to work on /home/airflow/.local/lib/python3.8/site-packages/airflow/example_dags/example_python_operator.py
[2024-10-18T23:47:41.671+0000] {processor.py:829} INFO - Processing file /home/airflow/.local/lib/python3.8/site-packages/airflow/example_dags/example_python_operator.py for tasks to queue
[2024-10-18T23:47:41.676+0000] {logging_mixin.py:151} INFO - [2024-10-18T23:47:41.675+0000] {dagbag.py:536} INFO - Filling up the DagBag from /home/airflow/.local/lib/python3.8/site-packages/airflow/example_dags/example_python_operator.py
[2024-10-18T23:47:41.708+0000] {processor.py:839} INFO - DAG(s) dict_keys(['example_python_operator']) retrieved from /home/airflow/.local/lib/python3.8/site-packages/airflow/example_dags/example_python_operator.py
[2024-10-18T23:47:41.761+0000] {logging_mixin.py:151} INFO - [2024-10-18T23:47:41.761+0000] {dag.py:2941} INFO - Sync 1 DAGs
[2024-10-18T23:47:41.794+0000] {logging_mixin.py:151} INFO - [2024-10-18T23:47:41.793+0000] {dag.py:3722} INFO - Setting next_dagrun for example_python_operator to None, run_after=None
[2024-10-18T23:47:41.845+0000] {processor.py:179} INFO - Processing /home/airflow/.local/lib/python3.8/site-packages/airflow/example_dags/example_python_operator.py took 0.187 seconds
[2024-10-18T23:48:12.347+0000] {processor.py:157} INFO - Started process (PID=902) to work on /home/airflow/.local/lib/python3.8/site-packages/airflow/example_dags/example_python_operator.py
[2024-10-18T23:48:12.349+0000] {processor.py:829} INFO - Processing file /home/airflow/.local/lib/python3.8/site-packages/airflow/example_dags/example_python_operator.py for tasks to queue
[2024-10-18T23:48:12.353+0000] {logging_mixin.py:151} INFO - [2024-10-18T23:48:12.352+0000] {dagbag.py:536} INFO - Filling up the DagBag from /home/airflow/.local/lib/python3.8/site-packages/airflow/example_dags/example_python_operator.py
[2024-10-18T23:48:12.400+0000] {processor.py:839} INFO - DAG(s) dict_keys(['example_python_operator']) retrieved from /home/airflow/.local/lib/python3.8/site-packages/airflow/example_dags/example_python_operator.py
[2024-10-18T23:48:12.456+0000] {logging_mixin.py:151} INFO - [2024-10-18T23:48:12.455+0000] {dag.py:2941} INFO - Sync 1 DAGs
[2024-10-18T23:48:12.495+0000] {logging_mixin.py:151} INFO - [2024-10-18T23:48:12.494+0000] {dag.py:3722} INFO - Setting next_dagrun for example_python_operator to None, run_after=None
[2024-10-18T23:48:12.551+0000] {processor.py:179} INFO - Processing /home/airflow/.local/lib/python3.8/site-packages/airflow/example_dags/example_python_operator.py took 0.213 seconds
[2024-10-18T23:48:56.727+0000] {processor.py:157} INFO - Started process (PID=965) to work on /home/airflow/.local/lib/python3.8/site-packages/airflow/example_dags/example_python_operator.py
[2024-10-18T23:48:56.729+0000] {processor.py:829} INFO - Processing file /home/airflow/.local/lib/python3.8/site-packages/airflow/example_dags/example_python_operator.py for tasks to queue
[2024-10-18T23:48:56.733+0000] {logging_mixin.py:151} INFO - [2024-10-18T23:48:56.732+0000] {dagbag.py:536} INFO - Filling up the DagBag from /home/airflow/.local/lib/python3.8/site-packages/airflow/example_dags/example_python_operator.py
[2024-10-18T23:48:56.776+0000] {processor.py:839} INFO - DAG(s) dict_keys(['example_python_operator']) retrieved from /home/airflow/.local/lib/python3.8/site-packages/airflow/example_dags/example_python_operator.py
[2024-10-18T23:48:56.812+0000] {logging_mixin.py:151} INFO - [2024-10-18T23:48:56.811+0000] {dag.py:2941} INFO - Sync 1 DAGs
[2024-10-18T23:48:56.834+0000] {logging_mixin.py:151} INFO - [2024-10-18T23:48:56.834+0000] {dag.py:3722} INFO - Setting next_dagrun for example_python_operator to None, run_after=None
[2024-10-18T23:48:56.893+0000] {processor.py:179} INFO - Processing /home/airflow/.local/lib/python3.8/site-packages/airflow/example_dags/example_python_operator.py took 0.173 seconds
[2024-10-18T23:49:30.370+0000] {processor.py:157} INFO - Started process (PID=1017) to work on /home/airflow/.local/lib/python3.8/site-packages/airflow/example_dags/example_python_operator.py
[2024-10-18T23:49:30.382+0000] {processor.py:829} INFO - Processing file /home/airflow/.local/lib/python3.8/site-packages/airflow/example_dags/example_python_operator.py for tasks to queue
[2024-10-18T23:49:30.406+0000] {logging_mixin.py:151} INFO - [2024-10-18T23:49:30.395+0000] {dagbag.py:536} INFO - Filling up the DagBag from /home/airflow/.local/lib/python3.8/site-packages/airflow/example_dags/example_python_operator.py
[2024-10-18T23:49:30.681+0000] {processor.py:839} INFO - DAG(s) dict_keys(['example_python_operator']) retrieved from /home/airflow/.local/lib/python3.8/site-packages/airflow/example_dags/example_python_operator.py
[2024-10-18T23:49:34.472+0000] {logging_mixin.py:151} INFO - [2024-10-18T23:49:34.442+0000] {dag.py:2941} INFO - Sync 1 DAGs
[2024-10-18T23:49:34.664+0000] {logging_mixin.py:151} INFO - [2024-10-18T23:49:34.600+0000] {dag.py:3722} INFO - Setting next_dagrun for example_python_operator to None, run_after=None
[2024-10-18T23:49:35.624+0000] {processor.py:179} INFO - Processing /home/airflow/.local/lib/python3.8/site-packages/airflow/example_dags/example_python_operator.py took 5.285 seconds
[2024-10-18T23:50:19.047+0000] {processor.py:157} INFO - Started process (PID=1065) to work on /home/airflow/.local/lib/python3.8/site-packages/airflow/example_dags/example_python_operator.py
[2024-10-18T23:50:19.053+0000] {processor.py:829} INFO - Processing file /home/airflow/.local/lib/python3.8/site-packages/airflow/example_dags/example_python_operator.py for tasks to queue
[2024-10-18T23:50:19.065+0000] {logging_mixin.py:151} INFO - [2024-10-18T23:50:19.064+0000] {dagbag.py:536} INFO - Filling up the DagBag from /home/airflow/.local/lib/python3.8/site-packages/airflow/example_dags/example_python_operator.py
[2024-10-18T23:50:19.140+0000] {processor.py:839} INFO - DAG(s) dict_keys(['example_python_operator']) retrieved from /home/airflow/.local/lib/python3.8/site-packages/airflow/example_dags/example_python_operator.py
[2024-10-18T23:50:19.332+0000] {logging_mixin.py:151} INFO - [2024-10-18T23:50:19.332+0000] {dag.py:2941} INFO - Sync 1 DAGs
[2024-10-18T23:50:19.369+0000] {logging_mixin.py:151} INFO - [2024-10-18T23:50:19.368+0000] {dag.py:3722} INFO - Setting next_dagrun for example_python_operator to None, run_after=None
[2024-10-18T23:50:19.816+0000] {processor.py:179} INFO - Processing /home/airflow/.local/lib/python3.8/site-packages/airflow/example_dags/example_python_operator.py took 0.777 seconds
[2024-10-18T23:50:50.103+0000] {processor.py:157} INFO - Started process (PID=1118) to work on /home/airflow/.local/lib/python3.8/site-packages/airflow/example_dags/example_python_operator.py
[2024-10-18T23:50:50.109+0000] {processor.py:829} INFO - Processing file /home/airflow/.local/lib/python3.8/site-packages/airflow/example_dags/example_python_operator.py for tasks to queue
[2024-10-18T23:50:50.120+0000] {logging_mixin.py:151} INFO - [2024-10-18T23:50:50.118+0000] {dagbag.py:536} INFO - Filling up the DagBag from /home/airflow/.local/lib/python3.8/site-packages/airflow/example_dags/example_python_operator.py
[2024-10-18T23:50:50.191+0000] {processor.py:839} INFO - DAG(s) dict_keys(['example_python_operator']) retrieved from /home/airflow/.local/lib/python3.8/site-packages/airflow/example_dags/example_python_operator.py
[2024-10-18T23:50:50.260+0000] {logging_mixin.py:151} INFO - [2024-10-18T23:50:50.260+0000] {dag.py:2941} INFO - Sync 1 DAGs
[2024-10-18T23:50:50.303+0000] {logging_mixin.py:151} INFO - [2024-10-18T23:50:50.302+0000] {dag.py:3722} INFO - Setting next_dagrun for example_python_operator to None, run_after=None
[2024-10-18T23:50:50.361+0000] {processor.py:179} INFO - Processing /home/airflow/.local/lib/python3.8/site-packages/airflow/example_dags/example_python_operator.py took 0.270 seconds
[2024-10-18T23:51:20.409+0000] {processor.py:157} INFO - Started process (PID=1171) to work on /home/airflow/.local/lib/python3.8/site-packages/airflow/example_dags/example_python_operator.py
[2024-10-18T23:51:20.411+0000] {processor.py:829} INFO - Processing file /home/airflow/.local/lib/python3.8/site-packages/airflow/example_dags/example_python_operator.py for tasks to queue
[2024-10-18T23:51:20.417+0000] {logging_mixin.py:151} INFO - [2024-10-18T23:51:20.417+0000] {dagbag.py:536} INFO - Filling up the DagBag from /home/airflow/.local/lib/python3.8/site-packages/airflow/example_dags/example_python_operator.py
[2024-10-18T23:51:20.478+0000] {processor.py:839} INFO - DAG(s) dict_keys(['example_python_operator']) retrieved from /home/airflow/.local/lib/python3.8/site-packages/airflow/example_dags/example_python_operator.py
[2024-10-18T23:51:20.528+0000] {logging_mixin.py:151} INFO - [2024-10-18T23:51:20.527+0000] {dag.py:2941} INFO - Sync 1 DAGs
[2024-10-18T23:51:20.553+0000] {logging_mixin.py:151} INFO - [2024-10-18T23:51:20.553+0000] {dag.py:3722} INFO - Setting next_dagrun for example_python_operator to None, run_after=None
[2024-10-18T23:51:20.592+0000] {processor.py:179} INFO - Processing /home/airflow/.local/lib/python3.8/site-packages/airflow/example_dags/example_python_operator.py took 0.191 seconds
[2024-10-18T23:51:51.936+0000] {processor.py:157} INFO - Started process (PID=1225) to work on /home/airflow/.local/lib/python3.8/site-packages/airflow/example_dags/example_python_operator.py
[2024-10-18T23:51:51.942+0000] {processor.py:829} INFO - Processing file /home/airflow/.local/lib/python3.8/site-packages/airflow/example_dags/example_python_operator.py for tasks to queue
[2024-10-18T23:51:51.950+0000] {logging_mixin.py:151} INFO - [2024-10-18T23:51:51.949+0000] {dagbag.py:536} INFO - Filling up the DagBag from /home/airflow/.local/lib/python3.8/site-packages/airflow/example_dags/example_python_operator.py
[2024-10-18T23:51:52.038+0000] {processor.py:839} INFO - DAG(s) dict_keys(['example_python_operator']) retrieved from /home/airflow/.local/lib/python3.8/site-packages/airflow/example_dags/example_python_operator.py
[2024-10-18T23:51:52.104+0000] {logging_mixin.py:151} INFO - [2024-10-18T23:51:52.104+0000] {dag.py:2941} INFO - Sync 1 DAGs
[2024-10-18T23:51:52.145+0000] {logging_mixin.py:151} INFO - [2024-10-18T23:51:52.144+0000] {dag.py:3722} INFO - Setting next_dagrun for example_python_operator to None, run_after=None
[2024-10-18T23:51:52.199+0000] {processor.py:179} INFO - Processing /home/airflow/.local/lib/python3.8/site-packages/airflow/example_dags/example_python_operator.py took 0.291 seconds
[2024-10-18T23:52:22.319+0000] {processor.py:157} INFO - Started process (PID=1278) to work on /home/airflow/.local/lib/python3.8/site-packages/airflow/example_dags/example_python_operator.py
[2024-10-18T23:52:22.322+0000] {processor.py:829} INFO - Processing file /home/airflow/.local/lib/python3.8/site-packages/airflow/example_dags/example_python_operator.py for tasks to queue
[2024-10-18T23:52:22.329+0000] {logging_mixin.py:151} INFO - [2024-10-18T23:52:22.328+0000] {dagbag.py:536} INFO - Filling up the DagBag from /home/airflow/.local/lib/python3.8/site-packages/airflow/example_dags/example_python_operator.py
[2024-10-18T23:52:22.392+0000] {processor.py:839} INFO - DAG(s) dict_keys(['example_python_operator']) retrieved from /home/airflow/.local/lib/python3.8/site-packages/airflow/example_dags/example_python_operator.py
[2024-10-18T23:52:22.633+0000] {logging_mixin.py:151} INFO - [2024-10-18T23:52:22.632+0000] {dag.py:2941} INFO - Sync 1 DAGs
[2024-10-18T23:52:22.670+0000] {logging_mixin.py:151} INFO - [2024-10-18T23:52:22.669+0000] {dag.py:3722} INFO - Setting next_dagrun for example_python_operator to None, run_after=None
[2024-10-18T23:52:23.017+0000] {processor.py:179} INFO - Processing /home/airflow/.local/lib/python3.8/site-packages/airflow/example_dags/example_python_operator.py took 0.705 seconds
[2024-10-18T23:52:53.991+0000] {processor.py:157} INFO - Started process (PID=1332) to work on /home/airflow/.local/lib/python3.8/site-packages/airflow/example_dags/example_python_operator.py
[2024-10-18T23:52:53.993+0000] {processor.py:829} INFO - Processing file /home/airflow/.local/lib/python3.8/site-packages/airflow/example_dags/example_python_operator.py for tasks to queue
[2024-10-18T23:52:53.997+0000] {logging_mixin.py:151} INFO - [2024-10-18T23:52:53.997+0000] {dagbag.py:536} INFO - Filling up the DagBag from /home/airflow/.local/lib/python3.8/site-packages/airflow/example_dags/example_python_operator.py
[2024-10-18T23:52:54.027+0000] {processor.py:839} INFO - DAG(s) dict_keys(['example_python_operator']) retrieved from /home/airflow/.local/lib/python3.8/site-packages/airflow/example_dags/example_python_operator.py
[2024-10-18T23:52:54.084+0000] {logging_mixin.py:151} INFO - [2024-10-18T23:52:54.084+0000] {dag.py:2941} INFO - Sync 1 DAGs
[2024-10-18T23:52:54.105+0000] {logging_mixin.py:151} INFO - [2024-10-18T23:52:54.104+0000] {dag.py:3722} INFO - Setting next_dagrun for example_python_operator to None, run_after=None
[2024-10-18T23:52:54.138+0000] {processor.py:179} INFO - Processing /home/airflow/.local/lib/python3.8/site-packages/airflow/example_dags/example_python_operator.py took 0.152 seconds
[2024-10-18T23:53:47.330+0000] {processor.py:157} INFO - Started process (PID=1384) to work on /home/airflow/.local/lib/python3.8/site-packages/airflow/example_dags/example_python_operator.py
[2024-10-18T23:53:47.332+0000] {processor.py:829} INFO - Processing file /home/airflow/.local/lib/python3.8/site-packages/airflow/example_dags/example_python_operator.py for tasks to queue
[2024-10-18T23:53:47.336+0000] {logging_mixin.py:151} INFO - [2024-10-18T23:53:47.336+0000] {dagbag.py:536} INFO - Filling up the DagBag from /home/airflow/.local/lib/python3.8/site-packages/airflow/example_dags/example_python_operator.py
[2024-10-18T23:53:47.386+0000] {processor.py:839} INFO - DAG(s) dict_keys(['example_python_operator']) retrieved from /home/airflow/.local/lib/python3.8/site-packages/airflow/example_dags/example_python_operator.py
[2024-10-18T23:53:47.486+0000] {logging_mixin.py:151} INFO - [2024-10-18T23:53:47.486+0000] {dag.py:2941} INFO - Sync 1 DAGs
[2024-10-18T23:53:47.534+0000] {logging_mixin.py:151} INFO - [2024-10-18T23:53:47.533+0000] {dag.py:3722} INFO - Setting next_dagrun for example_python_operator to None, run_after=None
[2024-10-18T23:53:47.644+0000] {processor.py:179} INFO - Processing /home/airflow/.local/lib/python3.8/site-packages/airflow/example_dags/example_python_operator.py took 0.333 seconds
[2024-10-18T23:54:17.826+0000] {processor.py:157} INFO - Started process (PID=1438) to work on /home/airflow/.local/lib/python3.8/site-packages/airflow/example_dags/example_python_operator.py
[2024-10-18T23:54:17.828+0000] {processor.py:829} INFO - Processing file /home/airflow/.local/lib/python3.8/site-packages/airflow/example_dags/example_python_operator.py for tasks to queue
[2024-10-18T23:54:17.832+0000] {logging_mixin.py:151} INFO - [2024-10-18T23:54:17.831+0000] {dagbag.py:536} INFO - Filling up the DagBag from /home/airflow/.local/lib/python3.8/site-packages/airflow/example_dags/example_python_operator.py
[2024-10-18T23:54:17.857+0000] {processor.py:839} INFO - DAG(s) dict_keys(['example_python_operator']) retrieved from /home/airflow/.local/lib/python3.8/site-packages/airflow/example_dags/example_python_operator.py
[2024-10-18T23:54:17.913+0000] {logging_mixin.py:151} INFO - [2024-10-18T23:54:17.912+0000] {dag.py:2941} INFO - Sync 1 DAGs
[2024-10-18T23:54:18.126+0000] {logging_mixin.py:151} INFO - [2024-10-18T23:54:18.126+0000] {dag.py:3722} INFO - Setting next_dagrun for example_python_operator to None, run_after=None
[2024-10-18T23:54:18.164+0000] {processor.py:179} INFO - Processing /home/airflow/.local/lib/python3.8/site-packages/airflow/example_dags/example_python_operator.py took 0.343 seconds
[2024-10-18T23:54:48.777+0000] {processor.py:157} INFO - Started process (PID=1492) to work on /home/airflow/.local/lib/python3.8/site-packages/airflow/example_dags/example_python_operator.py
[2024-10-18T23:54:48.780+0000] {processor.py:829} INFO - Processing file /home/airflow/.local/lib/python3.8/site-packages/airflow/example_dags/example_python_operator.py for tasks to queue
[2024-10-18T23:54:48.786+0000] {logging_mixin.py:151} INFO - [2024-10-18T23:54:48.785+0000] {dagbag.py:536} INFO - Filling up the DagBag from /home/airflow/.local/lib/python3.8/site-packages/airflow/example_dags/example_python_operator.py
[2024-10-18T23:54:48.846+0000] {processor.py:839} INFO - DAG(s) dict_keys(['example_python_operator']) retrieved from /home/airflow/.local/lib/python3.8/site-packages/airflow/example_dags/example_python_operator.py
[2024-10-18T23:54:48.902+0000] {logging_mixin.py:151} INFO - [2024-10-18T23:54:48.901+0000] {dag.py:2941} INFO - Sync 1 DAGs
[2024-10-18T23:54:48.934+0000] {logging_mixin.py:151} INFO - [2024-10-18T23:54:48.934+0000] {dag.py:3722} INFO - Setting next_dagrun for example_python_operator to None, run_after=None
[2024-10-18T23:54:48.991+0000] {processor.py:179} INFO - Processing /home/airflow/.local/lib/python3.8/site-packages/airflow/example_dags/example_python_operator.py took 0.223 seconds
[2024-10-18T23:55:21.457+0000] {processor.py:157} INFO - Started process (PID=1543) to work on /home/airflow/.local/lib/python3.8/site-packages/airflow/example_dags/example_python_operator.py
[2024-10-18T23:55:21.460+0000] {processor.py:829} INFO - Processing file /home/airflow/.local/lib/python3.8/site-packages/airflow/example_dags/example_python_operator.py for tasks to queue
[2024-10-18T23:55:21.469+0000] {logging_mixin.py:151} INFO - [2024-10-18T23:55:21.468+0000] {dagbag.py:536} INFO - Filling up the DagBag from /home/airflow/.local/lib/python3.8/site-packages/airflow/example_dags/example_python_operator.py
[2024-10-18T23:55:21.518+0000] {processor.py:839} INFO - DAG(s) dict_keys(['example_python_operator']) retrieved from /home/airflow/.local/lib/python3.8/site-packages/airflow/example_dags/example_python_operator.py
[2024-10-18T23:55:21.614+0000] {logging_mixin.py:151} INFO - [2024-10-18T23:55:21.613+0000] {dag.py:2941} INFO - Sync 1 DAGs
[2024-10-18T23:55:21.654+0000] {logging_mixin.py:151} INFO - [2024-10-18T23:55:21.653+0000] {dag.py:3722} INFO - Setting next_dagrun for example_python_operator to None, run_after=None
[2024-10-18T23:55:21.724+0000] {processor.py:179} INFO - Processing /home/airflow/.local/lib/python3.8/site-packages/airflow/example_dags/example_python_operator.py took 0.277 seconds
[2024-10-18T23:55:57.016+0000] {processor.py:157} INFO - Started process (PID=1597) to work on /home/airflow/.local/lib/python3.8/site-packages/airflow/example_dags/example_python_operator.py
[2024-10-18T23:55:57.022+0000] {processor.py:829} INFO - Processing file /home/airflow/.local/lib/python3.8/site-packages/airflow/example_dags/example_python_operator.py for tasks to queue
[2024-10-18T23:55:57.031+0000] {logging_mixin.py:151} INFO - [2024-10-18T23:55:57.030+0000] {dagbag.py:536} INFO - Filling up the DagBag from /home/airflow/.local/lib/python3.8/site-packages/airflow/example_dags/example_python_operator.py
[2024-10-18T23:55:57.232+0000] {processor.py:839} INFO - DAG(s) dict_keys(['example_python_operator']) retrieved from /home/airflow/.local/lib/python3.8/site-packages/airflow/example_dags/example_python_operator.py
[2024-10-18T23:55:57.458+0000] {logging_mixin.py:151} INFO - [2024-10-18T23:55:57.450+0000] {dag.py:2941} INFO - Sync 1 DAGs
[2024-10-18T23:55:57.517+0000] {logging_mixin.py:151} INFO - [2024-10-18T23:55:57.517+0000] {dag.py:3722} INFO - Setting next_dagrun for example_python_operator to None, run_after=None
[2024-10-18T23:55:57.625+0000] {processor.py:179} INFO - Processing /home/airflow/.local/lib/python3.8/site-packages/airflow/example_dags/example_python_operator.py took 0.632 seconds
[2024-10-18T23:56:30.090+0000] {processor.py:157} INFO - Started process (PID=1651) to work on /home/airflow/.local/lib/python3.8/site-packages/airflow/example_dags/example_python_operator.py
[2024-10-18T23:56:30.101+0000] {processor.py:829} INFO - Processing file /home/airflow/.local/lib/python3.8/site-packages/airflow/example_dags/example_python_operator.py for tasks to queue
[2024-10-18T23:56:30.116+0000] {logging_mixin.py:151} INFO - [2024-10-18T23:56:30.107+0000] {dagbag.py:536} INFO - Filling up the DagBag from /home/airflow/.local/lib/python3.8/site-packages/airflow/example_dags/example_python_operator.py
[2024-10-18T23:56:30.199+0000] {processor.py:839} INFO - DAG(s) dict_keys(['example_python_operator']) retrieved from /home/airflow/.local/lib/python3.8/site-packages/airflow/example_dags/example_python_operator.py
[2024-10-18T23:56:30.691+0000] {logging_mixin.py:151} INFO - [2024-10-18T23:56:30.673+0000] {dag.py:2941} INFO - Sync 1 DAGs
[2024-10-18T23:56:30.781+0000] {logging_mixin.py:151} INFO - [2024-10-18T23:56:30.781+0000] {dag.py:3722} INFO - Setting next_dagrun for example_python_operator to None, run_after=None
[2024-10-18T23:56:30.839+0000] {processor.py:179} INFO - Processing /home/airflow/.local/lib/python3.8/site-packages/airflow/example_dags/example_python_operator.py took 0.773 seconds
[2024-10-18T23:57:17.520+0000] {processor.py:157} INFO - Started process (PID=1720) to work on /home/airflow/.local/lib/python3.8/site-packages/airflow/example_dags/example_python_operator.py
[2024-10-18T23:57:17.538+0000] {processor.py:829} INFO - Processing file /home/airflow/.local/lib/python3.8/site-packages/airflow/example_dags/example_python_operator.py for tasks to queue
[2024-10-18T23:57:17.552+0000] {logging_mixin.py:151} INFO - [2024-10-18T23:57:17.551+0000] {dagbag.py:536} INFO - Filling up the DagBag from /home/airflow/.local/lib/python3.8/site-packages/airflow/example_dags/example_python_operator.py
[2024-10-18T23:57:17.662+0000] {processor.py:839} INFO - DAG(s) dict_keys(['example_python_operator']) retrieved from /home/airflow/.local/lib/python3.8/site-packages/airflow/example_dags/example_python_operator.py
[2024-10-18T23:57:17.814+0000] {logging_mixin.py:151} INFO - [2024-10-18T23:57:17.814+0000] {dag.py:2941} INFO - Sync 1 DAGs
[2024-10-18T23:57:17.852+0000] {logging_mixin.py:151} INFO - [2024-10-18T23:57:17.852+0000] {dag.py:3722} INFO - Setting next_dagrun for example_python_operator to None, run_after=None
[2024-10-18T23:57:17.900+0000] {processor.py:179} INFO - Processing /home/airflow/.local/lib/python3.8/site-packages/airflow/example_dags/example_python_operator.py took 0.401 seconds
[2024-10-18T23:57:48.833+0000] {processor.py:157} INFO - Started process (PID=1774) to work on /home/airflow/.local/lib/python3.8/site-packages/airflow/example_dags/example_python_operator.py
[2024-10-18T23:57:48.837+0000] {processor.py:829} INFO - Processing file /home/airflow/.local/lib/python3.8/site-packages/airflow/example_dags/example_python_operator.py for tasks to queue
[2024-10-18T23:57:48.842+0000] {logging_mixin.py:151} INFO - [2024-10-18T23:57:48.841+0000] {dagbag.py:536} INFO - Filling up the DagBag from /home/airflow/.local/lib/python3.8/site-packages/airflow/example_dags/example_python_operator.py
[2024-10-18T23:57:48.871+0000] {processor.py:839} INFO - DAG(s) dict_keys(['example_python_operator']) retrieved from /home/airflow/.local/lib/python3.8/site-packages/airflow/example_dags/example_python_operator.py
[2024-10-18T23:57:48.931+0000] {logging_mixin.py:151} INFO - [2024-10-18T23:57:48.931+0000] {dag.py:2941} INFO - Sync 1 DAGs
[2024-10-18T23:57:48.978+0000] {logging_mixin.py:151} INFO - [2024-10-18T23:57:48.978+0000] {dag.py:3722} INFO - Setting next_dagrun for example_python_operator to None, run_after=None
[2024-10-18T23:57:49.054+0000] {processor.py:179} INFO - Processing /home/airflow/.local/lib/python3.8/site-packages/airflow/example_dags/example_python_operator.py took 0.234 seconds
[2024-10-18T23:58:19.353+0000] {processor.py:157} INFO - Started process (PID=1828) to work on /home/airflow/.local/lib/python3.8/site-packages/airflow/example_dags/example_python_operator.py
[2024-10-18T23:58:19.355+0000] {processor.py:829} INFO - Processing file /home/airflow/.local/lib/python3.8/site-packages/airflow/example_dags/example_python_operator.py for tasks to queue
[2024-10-18T23:58:19.358+0000] {logging_mixin.py:151} INFO - [2024-10-18T23:58:19.358+0000] {dagbag.py:536} INFO - Filling up the DagBag from /home/airflow/.local/lib/python3.8/site-packages/airflow/example_dags/example_python_operator.py
[2024-10-18T23:58:19.381+0000] {processor.py:839} INFO - DAG(s) dict_keys(['example_python_operator']) retrieved from /home/airflow/.local/lib/python3.8/site-packages/airflow/example_dags/example_python_operator.py
[2024-10-18T23:58:19.420+0000] {logging_mixin.py:151} INFO - [2024-10-18T23:58:19.420+0000] {dag.py:2941} INFO - Sync 1 DAGs
[2024-10-18T23:58:19.442+0000] {logging_mixin.py:151} INFO - [2024-10-18T23:58:19.442+0000] {dag.py:3722} INFO - Setting next_dagrun for example_python_operator to None, run_after=None
[2024-10-18T23:58:19.474+0000] {processor.py:179} INFO - Processing /home/airflow/.local/lib/python3.8/site-packages/airflow/example_dags/example_python_operator.py took 0.127 seconds
[2024-10-18T23:58:49.942+0000] {processor.py:157} INFO - Started process (PID=1882) to work on /home/airflow/.local/lib/python3.8/site-packages/airflow/example_dags/example_python_operator.py
[2024-10-18T23:58:49.945+0000] {processor.py:829} INFO - Processing file /home/airflow/.local/lib/python3.8/site-packages/airflow/example_dags/example_python_operator.py for tasks to queue
[2024-10-18T23:58:49.951+0000] {logging_mixin.py:151} INFO - [2024-10-18T23:58:49.951+0000] {dagbag.py:536} INFO - Filling up the DagBag from /home/airflow/.local/lib/python3.8/site-packages/airflow/example_dags/example_python_operator.py
[2024-10-18T23:58:49.997+0000] {processor.py:839} INFO - DAG(s) dict_keys(['example_python_operator']) retrieved from /home/airflow/.local/lib/python3.8/site-packages/airflow/example_dags/example_python_operator.py
[2024-10-18T23:58:50.161+0000] {logging_mixin.py:151} INFO - [2024-10-18T23:58:50.159+0000] {dag.py:2941} INFO - Sync 1 DAGs
[2024-10-18T23:58:50.216+0000] {logging_mixin.py:151} INFO - [2024-10-18T23:58:50.215+0000] {dag.py:3722} INFO - Setting next_dagrun for example_python_operator to None, run_after=None
[2024-10-18T23:58:50.351+0000] {processor.py:179} INFO - Processing /home/airflow/.local/lib/python3.8/site-packages/airflow/example_dags/example_python_operator.py took 0.415 seconds
[2024-10-18T23:59:20.969+0000] {processor.py:157} INFO - Started process (PID=1935) to work on /home/airflow/.local/lib/python3.8/site-packages/airflow/example_dags/example_python_operator.py
[2024-10-18T23:59:20.971+0000] {processor.py:829} INFO - Processing file /home/airflow/.local/lib/python3.8/site-packages/airflow/example_dags/example_python_operator.py for tasks to queue
[2024-10-18T23:59:20.978+0000] {logging_mixin.py:151} INFO - [2024-10-18T23:59:20.977+0000] {dagbag.py:536} INFO - Filling up the DagBag from /home/airflow/.local/lib/python3.8/site-packages/airflow/example_dags/example_python_operator.py
[2024-10-18T23:59:21.003+0000] {processor.py:839} INFO - DAG(s) dict_keys(['example_python_operator']) retrieved from /home/airflow/.local/lib/python3.8/site-packages/airflow/example_dags/example_python_operator.py
[2024-10-18T23:59:21.061+0000] {logging_mixin.py:151} INFO - [2024-10-18T23:59:21.061+0000] {dag.py:2941} INFO - Sync 1 DAGs
[2024-10-18T23:59:21.091+0000] {logging_mixin.py:151} INFO - [2024-10-18T23:59:21.091+0000] {dag.py:3722} INFO - Setting next_dagrun for example_python_operator to None, run_after=None
[2024-10-18T23:59:21.134+0000] {processor.py:179} INFO - Processing /home/airflow/.local/lib/python3.8/site-packages/airflow/example_dags/example_python_operator.py took 0.173 seconds
[2024-10-18T23:59:51.803+0000] {processor.py:157} INFO - Started process (PID=1989) to work on /home/airflow/.local/lib/python3.8/site-packages/airflow/example_dags/example_python_operator.py
[2024-10-18T23:59:51.806+0000] {processor.py:829} INFO - Processing file /home/airflow/.local/lib/python3.8/site-packages/airflow/example_dags/example_python_operator.py for tasks to queue
[2024-10-18T23:59:51.811+0000] {logging_mixin.py:151} INFO - [2024-10-18T23:59:51.810+0000] {dagbag.py:536} INFO - Filling up the DagBag from /home/airflow/.local/lib/python3.8/site-packages/airflow/example_dags/example_python_operator.py
[2024-10-18T23:59:51.873+0000] {processor.py:839} INFO - DAG(s) dict_keys(['example_python_operator']) retrieved from /home/airflow/.local/lib/python3.8/site-packages/airflow/example_dags/example_python_operator.py
[2024-10-18T23:59:52.014+0000] {logging_mixin.py:151} INFO - [2024-10-18T23:59:52.013+0000] {dag.py:2941} INFO - Sync 1 DAGs
[2024-10-18T23:59:52.054+0000] {logging_mixin.py:151} INFO - [2024-10-18T23:59:52.054+0000] {dag.py:3722} INFO - Setting next_dagrun for example_python_operator to None, run_after=None
[2024-10-18T23:59:52.112+0000] {processor.py:179} INFO - Processing /home/airflow/.local/lib/python3.8/site-packages/airflow/example_dags/example_python_operator.py took 0.315 seconds
