[2024-10-18T23:31:38.983+0000] {processor.py:157} INFO - Started process (PID=76) to work on /home/airflow/.local/lib/python3.8/site-packages/airflow/example_dags/example_params_ui_tutorial.py
[2024-10-18T23:31:38.988+0000] {processor.py:829} INFO - Processing file /home/airflow/.local/lib/python3.8/site-packages/airflow/example_dags/example_params_ui_tutorial.py for tasks to queue
[2024-10-18T23:31:39.002+0000] {logging_mixin.py:151} INFO - [2024-10-18T23:31:39.001+0000] {dagbag.py:536} INFO - Filling up the DagBag from /home/airflow/.local/lib/python3.8/site-packages/airflow/example_dags/example_params_ui_tutorial.py
[2024-10-18T23:31:39.668+0000] {processor.py:839} INFO - DAG(s) dict_keys(['example_params_ui_tutorial']) retrieved from /home/airflow/.local/lib/python3.8/site-packages/airflow/example_dags/example_params_ui_tutorial.py
[2024-10-18T23:31:40.662+0000] {logging_mixin.py:151} INFO - [2024-10-18T23:31:40.662+0000] {dag.py:2941} INFO - Sync 1 DAGs
[2024-10-18T23:31:40.824+0000] {logging_mixin.py:151} INFO - [2024-10-18T23:31:40.824+0000] {dag.py:3722} INFO - Setting next_dagrun for example_params_ui_tutorial to None, run_after=None
[2024-10-18T23:31:41.410+0000] {processor.py:179} INFO - Processing /home/airflow/.local/lib/python3.8/site-packages/airflow/example_dags/example_params_ui_tutorial.py took 2.451 seconds
[2024-10-18T23:32:12.775+0000] {processor.py:157} INFO - Started process (PID=136) to work on /home/airflow/.local/lib/python3.8/site-packages/airflow/example_dags/example_params_ui_tutorial.py
[2024-10-18T23:32:12.780+0000] {processor.py:829} INFO - Processing file /home/airflow/.local/lib/python3.8/site-packages/airflow/example_dags/example_params_ui_tutorial.py for tasks to queue
[2024-10-18T23:32:12.787+0000] {logging_mixin.py:151} INFO - [2024-10-18T23:32:12.787+0000] {dagbag.py:536} INFO - Filling up the DagBag from /home/airflow/.local/lib/python3.8/site-packages/airflow/example_dags/example_params_ui_tutorial.py
[2024-10-18T23:32:13.244+0000] {processor.py:839} INFO - DAG(s) dict_keys(['example_params_ui_tutorial']) retrieved from /home/airflow/.local/lib/python3.8/site-packages/airflow/example_dags/example_params_ui_tutorial.py
[2024-10-18T23:32:13.468+0000] {logging_mixin.py:151} INFO - [2024-10-18T23:32:13.468+0000] {dag.py:2941} INFO - Sync 1 DAGs
[2024-10-18T23:32:13.528+0000] {logging_mixin.py:151} INFO - [2024-10-18T23:32:13.528+0000] {dag.py:3722} INFO - Setting next_dagrun for example_params_ui_tutorial to None, run_after=None
[2024-10-18T23:32:13.737+0000] {processor.py:179} INFO - Processing /home/airflow/.local/lib/python3.8/site-packages/airflow/example_dags/example_params_ui_tutorial.py took 0.970 seconds
[2024-10-18T23:32:44.290+0000] {processor.py:157} INFO - Started process (PID=182) to work on /home/airflow/.local/lib/python3.8/site-packages/airflow/example_dags/example_params_ui_tutorial.py
[2024-10-18T23:32:44.292+0000] {processor.py:829} INFO - Processing file /home/airflow/.local/lib/python3.8/site-packages/airflow/example_dags/example_params_ui_tutorial.py for tasks to queue
[2024-10-18T23:32:44.296+0000] {logging_mixin.py:151} INFO - [2024-10-18T23:32:44.295+0000] {dagbag.py:536} INFO - Filling up the DagBag from /home/airflow/.local/lib/python3.8/site-packages/airflow/example_dags/example_params_ui_tutorial.py
[2024-10-18T23:32:44.389+0000] {processor.py:839} INFO - DAG(s) dict_keys(['example_params_ui_tutorial']) retrieved from /home/airflow/.local/lib/python3.8/site-packages/airflow/example_dags/example_params_ui_tutorial.py
[2024-10-18T23:32:44.488+0000] {logging_mixin.py:151} INFO - [2024-10-18T23:32:44.488+0000] {dag.py:2941} INFO - Sync 1 DAGs
[2024-10-18T23:32:44.512+0000] {logging_mixin.py:151} INFO - [2024-10-18T23:32:44.512+0000] {dag.py:3722} INFO - Setting next_dagrun for example_params_ui_tutorial to None, run_after=None
[2024-10-18T23:32:44.561+0000] {processor.py:179} INFO - Processing /home/airflow/.local/lib/python3.8/site-packages/airflow/example_dags/example_params_ui_tutorial.py took 0.276 seconds
[2024-10-18T23:33:14.855+0000] {processor.py:157} INFO - Started process (PID=236) to work on /home/airflow/.local/lib/python3.8/site-packages/airflow/example_dags/example_params_ui_tutorial.py
[2024-10-18T23:33:14.857+0000] {processor.py:829} INFO - Processing file /home/airflow/.local/lib/python3.8/site-packages/airflow/example_dags/example_params_ui_tutorial.py for tasks to queue
[2024-10-18T23:33:14.862+0000] {logging_mixin.py:151} INFO - [2024-10-18T23:33:14.861+0000] {dagbag.py:536} INFO - Filling up the DagBag from /home/airflow/.local/lib/python3.8/site-packages/airflow/example_dags/example_params_ui_tutorial.py
[2024-10-18T23:33:14.937+0000] {processor.py:839} INFO - DAG(s) dict_keys(['example_params_ui_tutorial']) retrieved from /home/airflow/.local/lib/python3.8/site-packages/airflow/example_dags/example_params_ui_tutorial.py
[2024-10-18T23:33:15.051+0000] {logging_mixin.py:151} INFO - [2024-10-18T23:33:15.051+0000] {dag.py:2941} INFO - Sync 1 DAGs
[2024-10-18T23:33:15.107+0000] {logging_mixin.py:151} INFO - [2024-10-18T23:33:15.101+0000] {dag.py:3722} INFO - Setting next_dagrun for example_params_ui_tutorial to None, run_after=None
[2024-10-18T23:33:15.224+0000] {processor.py:179} INFO - Processing /home/airflow/.local/lib/python3.8/site-packages/airflow/example_dags/example_params_ui_tutorial.py took 0.374 seconds
[2024-10-18T23:33:45.759+0000] {processor.py:157} INFO - Started process (PID=297) to work on /home/airflow/.local/lib/python3.8/site-packages/airflow/example_dags/example_params_ui_tutorial.py
[2024-10-18T23:33:45.761+0000] {processor.py:829} INFO - Processing file /home/airflow/.local/lib/python3.8/site-packages/airflow/example_dags/example_params_ui_tutorial.py for tasks to queue
[2024-10-18T23:33:45.775+0000] {logging_mixin.py:151} INFO - [2024-10-18T23:33:45.774+0000] {dagbag.py:536} INFO - Filling up the DagBag from /home/airflow/.local/lib/python3.8/site-packages/airflow/example_dags/example_params_ui_tutorial.py
[2024-10-18T23:33:45.877+0000] {processor.py:839} INFO - DAG(s) dict_keys(['example_params_ui_tutorial']) retrieved from /home/airflow/.local/lib/python3.8/site-packages/airflow/example_dags/example_params_ui_tutorial.py
[2024-10-18T23:33:46.025+0000] {logging_mixin.py:151} INFO - [2024-10-18T23:33:46.024+0000] {dag.py:2941} INFO - Sync 1 DAGs
[2024-10-18T23:33:46.078+0000] {logging_mixin.py:151} INFO - [2024-10-18T23:33:46.077+0000] {dag.py:3722} INFO - Setting next_dagrun for example_params_ui_tutorial to None, run_after=None
[2024-10-18T23:33:46.218+0000] {processor.py:179} INFO - Processing /home/airflow/.local/lib/python3.8/site-packages/airflow/example_dags/example_params_ui_tutorial.py took 0.472 seconds
[2024-10-18T23:34:16.373+0000] {processor.py:157} INFO - Started process (PID=351) to work on /home/airflow/.local/lib/python3.8/site-packages/airflow/example_dags/example_params_ui_tutorial.py
[2024-10-18T23:34:16.378+0000] {processor.py:829} INFO - Processing file /home/airflow/.local/lib/python3.8/site-packages/airflow/example_dags/example_params_ui_tutorial.py for tasks to queue
[2024-10-18T23:34:16.387+0000] {logging_mixin.py:151} INFO - [2024-10-18T23:34:16.386+0000] {dagbag.py:536} INFO - Filling up the DagBag from /home/airflow/.local/lib/python3.8/site-packages/airflow/example_dags/example_params_ui_tutorial.py
[2024-10-18T23:34:16.550+0000] {processor.py:839} INFO - DAG(s) dict_keys(['example_params_ui_tutorial']) retrieved from /home/airflow/.local/lib/python3.8/site-packages/airflow/example_dags/example_params_ui_tutorial.py
[2024-10-18T23:34:16.879+0000] {logging_mixin.py:151} INFO - [2024-10-18T23:34:16.879+0000] {dag.py:2941} INFO - Sync 1 DAGs
[2024-10-18T23:34:16.917+0000] {logging_mixin.py:151} INFO - [2024-10-18T23:34:16.917+0000] {dag.py:3722} INFO - Setting next_dagrun for example_params_ui_tutorial to None, run_after=None
[2024-10-18T23:34:16.969+0000] {processor.py:179} INFO - Processing /home/airflow/.local/lib/python3.8/site-packages/airflow/example_dags/example_params_ui_tutorial.py took 0.617 seconds
[2024-10-18T23:34:47.269+0000] {processor.py:157} INFO - Started process (PID=405) to work on /home/airflow/.local/lib/python3.8/site-packages/airflow/example_dags/example_params_ui_tutorial.py
[2024-10-18T23:34:47.271+0000] {processor.py:829} INFO - Processing file /home/airflow/.local/lib/python3.8/site-packages/airflow/example_dags/example_params_ui_tutorial.py for tasks to queue
[2024-10-18T23:34:47.277+0000] {logging_mixin.py:151} INFO - [2024-10-18T23:34:47.276+0000] {dagbag.py:536} INFO - Filling up the DagBag from /home/airflow/.local/lib/python3.8/site-packages/airflow/example_dags/example_params_ui_tutorial.py
[2024-10-18T23:34:47.370+0000] {processor.py:839} INFO - DAG(s) dict_keys(['example_params_ui_tutorial']) retrieved from /home/airflow/.local/lib/python3.8/site-packages/airflow/example_dags/example_params_ui_tutorial.py
[2024-10-18T23:34:47.506+0000] {logging_mixin.py:151} INFO - [2024-10-18T23:34:47.506+0000] {dag.py:2941} INFO - Sync 1 DAGs
[2024-10-18T23:34:47.539+0000] {logging_mixin.py:151} INFO - [2024-10-18T23:34:47.538+0000] {dag.py:3722} INFO - Setting next_dagrun for example_params_ui_tutorial to None, run_after=None
[2024-10-18T23:34:47.618+0000] {processor.py:179} INFO - Processing /home/airflow/.local/lib/python3.8/site-packages/airflow/example_dags/example_params_ui_tutorial.py took 0.358 seconds
[2024-10-18T23:35:18.389+0000] {processor.py:157} INFO - Started process (PID=458) to work on /home/airflow/.local/lib/python3.8/site-packages/airflow/example_dags/example_params_ui_tutorial.py
[2024-10-18T23:35:18.392+0000] {processor.py:829} INFO - Processing file /home/airflow/.local/lib/python3.8/site-packages/airflow/example_dags/example_params_ui_tutorial.py for tasks to queue
[2024-10-18T23:35:18.399+0000] {logging_mixin.py:151} INFO - [2024-10-18T23:35:18.398+0000] {dagbag.py:536} INFO - Filling up the DagBag from /home/airflow/.local/lib/python3.8/site-packages/airflow/example_dags/example_params_ui_tutorial.py
[2024-10-18T23:35:18.505+0000] {processor.py:839} INFO - DAG(s) dict_keys(['example_params_ui_tutorial']) retrieved from /home/airflow/.local/lib/python3.8/site-packages/airflow/example_dags/example_params_ui_tutorial.py
[2024-10-18T23:35:18.774+0000] {logging_mixin.py:151} INFO - [2024-10-18T23:35:18.773+0000] {dag.py:2941} INFO - Sync 1 DAGs
[2024-10-18T23:35:18.808+0000] {logging_mixin.py:151} INFO - [2024-10-18T23:35:18.807+0000] {dag.py:3722} INFO - Setting next_dagrun for example_params_ui_tutorial to None, run_after=None
[2024-10-18T23:35:18.854+0000] {processor.py:179} INFO - Processing /home/airflow/.local/lib/python3.8/site-packages/airflow/example_dags/example_params_ui_tutorial.py took 0.474 seconds
[2024-10-18T23:35:49.039+0000] {processor.py:157} INFO - Started process (PID=513) to work on /home/airflow/.local/lib/python3.8/site-packages/airflow/example_dags/example_params_ui_tutorial.py
[2024-10-18T23:35:49.041+0000] {processor.py:829} INFO - Processing file /home/airflow/.local/lib/python3.8/site-packages/airflow/example_dags/example_params_ui_tutorial.py for tasks to queue
[2024-10-18T23:35:49.046+0000] {logging_mixin.py:151} INFO - [2024-10-18T23:35:49.045+0000] {dagbag.py:536} INFO - Filling up the DagBag from /home/airflow/.local/lib/python3.8/site-packages/airflow/example_dags/example_params_ui_tutorial.py
[2024-10-18T23:35:49.125+0000] {processor.py:839} INFO - DAG(s) dict_keys(['example_params_ui_tutorial']) retrieved from /home/airflow/.local/lib/python3.8/site-packages/airflow/example_dags/example_params_ui_tutorial.py
[2024-10-18T23:35:49.259+0000] {logging_mixin.py:151} INFO - [2024-10-18T23:35:49.259+0000] {dag.py:2941} INFO - Sync 1 DAGs
[2024-10-18T23:35:49.297+0000] {logging_mixin.py:151} INFO - [2024-10-18T23:35:49.297+0000] {dag.py:3722} INFO - Setting next_dagrun for example_params_ui_tutorial to None, run_after=None
[2024-10-18T23:35:49.351+0000] {processor.py:179} INFO - Processing /home/airflow/.local/lib/python3.8/site-packages/airflow/example_dags/example_params_ui_tutorial.py took 0.320 seconds
[2024-10-18T23:36:19.647+0000] {processor.py:157} INFO - Started process (PID=565) to work on /home/airflow/.local/lib/python3.8/site-packages/airflow/example_dags/example_params_ui_tutorial.py
[2024-10-18T23:36:19.649+0000] {processor.py:829} INFO - Processing file /home/airflow/.local/lib/python3.8/site-packages/airflow/example_dags/example_params_ui_tutorial.py for tasks to queue
[2024-10-18T23:36:19.672+0000] {logging_mixin.py:151} INFO - [2024-10-18T23:36:19.659+0000] {dagbag.py:536} INFO - Filling up the DagBag from /home/airflow/.local/lib/python3.8/site-packages/airflow/example_dags/example_params_ui_tutorial.py
[2024-10-18T23:36:19.984+0000] {processor.py:839} INFO - DAG(s) dict_keys(['example_params_ui_tutorial']) retrieved from /home/airflow/.local/lib/python3.8/site-packages/airflow/example_dags/example_params_ui_tutorial.py
[2024-10-18T23:36:20.736+0000] {logging_mixin.py:151} INFO - [2024-10-18T23:36:20.735+0000] {dag.py:2941} INFO - Sync 1 DAGs
[2024-10-18T23:36:20.820+0000] {logging_mixin.py:151} INFO - [2024-10-18T23:36:20.808+0000] {dag.py:3722} INFO - Setting next_dagrun for example_params_ui_tutorial to None, run_after=None
[2024-10-18T23:36:20.967+0000] {processor.py:179} INFO - Processing /home/airflow/.local/lib/python3.8/site-packages/airflow/example_dags/example_params_ui_tutorial.py took 1.333 seconds
[2024-10-18T23:38:49.334+0000] {processor.py:157} INFO - Started process (PID=83) to work on /home/airflow/.local/lib/python3.8/site-packages/airflow/example_dags/example_params_ui_tutorial.py
[2024-10-18T23:38:49.337+0000] {processor.py:829} INFO - Processing file /home/airflow/.local/lib/python3.8/site-packages/airflow/example_dags/example_params_ui_tutorial.py for tasks to queue
[2024-10-18T23:38:49.351+0000] {logging_mixin.py:151} INFO - [2024-10-18T23:38:49.350+0000] {dagbag.py:536} INFO - Filling up the DagBag from /home/airflow/.local/lib/python3.8/site-packages/airflow/example_dags/example_params_ui_tutorial.py
[2024-10-18T23:38:49.614+0000] {processor.py:839} INFO - DAG(s) dict_keys(['example_params_ui_tutorial']) retrieved from /home/airflow/.local/lib/python3.8/site-packages/airflow/example_dags/example_params_ui_tutorial.py
[2024-10-18T23:38:50.123+0000] {logging_mixin.py:151} INFO - [2024-10-18T23:38:50.123+0000] {dag.py:2941} INFO - Sync 1 DAGs
[2024-10-18T23:38:50.232+0000] {logging_mixin.py:151} INFO - [2024-10-18T23:38:50.227+0000] {dag.py:3722} INFO - Setting next_dagrun for example_params_ui_tutorial to None, run_after=None
[2024-10-18T23:38:50.508+0000] {processor.py:179} INFO - Processing /home/airflow/.local/lib/python3.8/site-packages/airflow/example_dags/example_params_ui_tutorial.py took 1.183 seconds
[2024-10-18T23:39:20.972+0000] {processor.py:157} INFO - Started process (PID=137) to work on /home/airflow/.local/lib/python3.8/site-packages/airflow/example_dags/example_params_ui_tutorial.py
[2024-10-18T23:39:20.977+0000] {processor.py:829} INFO - Processing file /home/airflow/.local/lib/python3.8/site-packages/airflow/example_dags/example_params_ui_tutorial.py for tasks to queue
[2024-10-18T23:39:20.983+0000] {logging_mixin.py:151} INFO - [2024-10-18T23:39:20.982+0000] {dagbag.py:536} INFO - Filling up the DagBag from /home/airflow/.local/lib/python3.8/site-packages/airflow/example_dags/example_params_ui_tutorial.py
[2024-10-18T23:39:21.131+0000] {processor.py:839} INFO - DAG(s) dict_keys(['example_params_ui_tutorial']) retrieved from /home/airflow/.local/lib/python3.8/site-packages/airflow/example_dags/example_params_ui_tutorial.py
[2024-10-18T23:39:21.295+0000] {logging_mixin.py:151} INFO - [2024-10-18T23:39:21.295+0000] {dag.py:2941} INFO - Sync 1 DAGs
[2024-10-18T23:39:21.334+0000] {logging_mixin.py:151} INFO - [2024-10-18T23:39:21.333+0000] {dag.py:3722} INFO - Setting next_dagrun for example_params_ui_tutorial to None, run_after=None
[2024-10-18T23:39:21.377+0000] {processor.py:179} INFO - Processing /home/airflow/.local/lib/python3.8/site-packages/airflow/example_dags/example_params_ui_tutorial.py took 0.437 seconds
[2024-10-18T23:39:52.214+0000] {processor.py:157} INFO - Started process (PID=191) to work on /home/airflow/.local/lib/python3.8/site-packages/airflow/example_dags/example_params_ui_tutorial.py
[2024-10-18T23:39:52.216+0000] {processor.py:829} INFO - Processing file /home/airflow/.local/lib/python3.8/site-packages/airflow/example_dags/example_params_ui_tutorial.py for tasks to queue
[2024-10-18T23:39:52.221+0000] {logging_mixin.py:151} INFO - [2024-10-18T23:39:52.220+0000] {dagbag.py:536} INFO - Filling up the DagBag from /home/airflow/.local/lib/python3.8/site-packages/airflow/example_dags/example_params_ui_tutorial.py
[2024-10-18T23:39:52.304+0000] {processor.py:839} INFO - DAG(s) dict_keys(['example_params_ui_tutorial']) retrieved from /home/airflow/.local/lib/python3.8/site-packages/airflow/example_dags/example_params_ui_tutorial.py
[2024-10-18T23:39:52.427+0000] {logging_mixin.py:151} INFO - [2024-10-18T23:39:52.427+0000] {dag.py:2941} INFO - Sync 1 DAGs
[2024-10-18T23:39:52.458+0000] {logging_mixin.py:151} INFO - [2024-10-18T23:39:52.458+0000] {dag.py:3722} INFO - Setting next_dagrun for example_params_ui_tutorial to None, run_after=None
[2024-10-18T23:39:52.497+0000] {processor.py:179} INFO - Processing /home/airflow/.local/lib/python3.8/site-packages/airflow/example_dags/example_params_ui_tutorial.py took 0.290 seconds
[2024-10-18T23:40:24.455+0000] {processor.py:157} INFO - Started process (PID=245) to work on /home/airflow/.local/lib/python3.8/site-packages/airflow/example_dags/example_params_ui_tutorial.py
[2024-10-18T23:40:24.457+0000] {processor.py:829} INFO - Processing file /home/airflow/.local/lib/python3.8/site-packages/airflow/example_dags/example_params_ui_tutorial.py for tasks to queue
[2024-10-18T23:40:24.460+0000] {logging_mixin.py:151} INFO - [2024-10-18T23:40:24.460+0000] {dagbag.py:536} INFO - Filling up the DagBag from /home/airflow/.local/lib/python3.8/site-packages/airflow/example_dags/example_params_ui_tutorial.py
[2024-10-18T23:40:25.261+0000] {processor.py:839} INFO - DAG(s) dict_keys(['example_params_ui_tutorial']) retrieved from /home/airflow/.local/lib/python3.8/site-packages/airflow/example_dags/example_params_ui_tutorial.py
[2024-10-18T23:40:25.857+0000] {logging_mixin.py:151} INFO - [2024-10-18T23:40:25.856+0000] {dag.py:2941} INFO - Sync 1 DAGs
[2024-10-18T23:40:25.879+0000] {logging_mixin.py:151} INFO - [2024-10-18T23:40:25.878+0000] {dag.py:3722} INFO - Setting next_dagrun for example_params_ui_tutorial to None, run_after=None
[2024-10-18T23:40:26.017+0000] {processor.py:179} INFO - Processing /home/airflow/.local/lib/python3.8/site-packages/airflow/example_dags/example_params_ui_tutorial.py took 1.585 seconds
[2024-10-18T23:41:13.270+0000] {processor.py:157} INFO - Started process (PID=287) to work on /home/airflow/.local/lib/python3.8/site-packages/airflow/example_dags/example_params_ui_tutorial.py
[2024-10-18T23:41:13.274+0000] {processor.py:829} INFO - Processing file /home/airflow/.local/lib/python3.8/site-packages/airflow/example_dags/example_params_ui_tutorial.py for tasks to queue
[2024-10-18T23:41:13.283+0000] {logging_mixin.py:151} INFO - [2024-10-18T23:41:13.282+0000] {dagbag.py:536} INFO - Filling up the DagBag from /home/airflow/.local/lib/python3.8/site-packages/airflow/example_dags/example_params_ui_tutorial.py
[2024-10-18T23:41:13.643+0000] {processor.py:839} INFO - DAG(s) dict_keys(['example_params_ui_tutorial']) retrieved from /home/airflow/.local/lib/python3.8/site-packages/airflow/example_dags/example_params_ui_tutorial.py
[2024-10-18T23:41:14.049+0000] {logging_mixin.py:151} INFO - [2024-10-18T23:41:14.048+0000] {dag.py:2941} INFO - Sync 1 DAGs
[2024-10-18T23:41:14.110+0000] {logging_mixin.py:151} INFO - [2024-10-18T23:41:14.109+0000] {dag.py:3722} INFO - Setting next_dagrun for example_params_ui_tutorial to None, run_after=None
[2024-10-18T23:41:14.200+0000] {processor.py:179} INFO - Processing /home/airflow/.local/lib/python3.8/site-packages/airflow/example_dags/example_params_ui_tutorial.py took 0.940 seconds
[2024-10-18T23:41:45.742+0000] {processor.py:157} INFO - Started process (PID=342) to work on /home/airflow/.local/lib/python3.8/site-packages/airflow/example_dags/example_params_ui_tutorial.py
[2024-10-18T23:41:45.827+0000] {processor.py:829} INFO - Processing file /home/airflow/.local/lib/python3.8/site-packages/airflow/example_dags/example_params_ui_tutorial.py for tasks to queue
[2024-10-18T23:41:45.887+0000] {logging_mixin.py:151} INFO - [2024-10-18T23:41:45.871+0000] {dagbag.py:536} INFO - Filling up the DagBag from /home/airflow/.local/lib/python3.8/site-packages/airflow/example_dags/example_params_ui_tutorial.py
[2024-10-18T23:41:46.435+0000] {processor.py:839} INFO - DAG(s) dict_keys(['example_params_ui_tutorial']) retrieved from /home/airflow/.local/lib/python3.8/site-packages/airflow/example_dags/example_params_ui_tutorial.py
[2024-10-18T23:41:46.596+0000] {logging_mixin.py:151} INFO - [2024-10-18T23:41:46.595+0000] {dag.py:2941} INFO - Sync 1 DAGs
[2024-10-18T23:41:46.625+0000] {logging_mixin.py:151} INFO - [2024-10-18T23:41:46.624+0000] {dag.py:3722} INFO - Setting next_dagrun for example_params_ui_tutorial to None, run_after=None
[2024-10-18T23:41:46.774+0000] {processor.py:179} INFO - Processing /home/airflow/.local/lib/python3.8/site-packages/airflow/example_dags/example_params_ui_tutorial.py took 1.081 seconds
[2024-10-18T23:43:09.676+0000] {processor.py:157} INFO - Started process (PID=398) to work on /home/airflow/.local/lib/python3.8/site-packages/airflow/example_dags/example_params_ui_tutorial.py
[2024-10-18T23:43:09.683+0000] {processor.py:829} INFO - Processing file /home/airflow/.local/lib/python3.8/site-packages/airflow/example_dags/example_params_ui_tutorial.py for tasks to queue
[2024-10-18T23:43:09.688+0000] {logging_mixin.py:151} INFO - [2024-10-18T23:43:09.687+0000] {dagbag.py:536} INFO - Filling up the DagBag from /home/airflow/.local/lib/python3.8/site-packages/airflow/example_dags/example_params_ui_tutorial.py
[2024-10-18T23:43:09.901+0000] {processor.py:839} INFO - DAG(s) dict_keys(['example_params_ui_tutorial']) retrieved from /home/airflow/.local/lib/python3.8/site-packages/airflow/example_dags/example_params_ui_tutorial.py
[2024-10-18T23:43:10.099+0000] {logging_mixin.py:151} INFO - [2024-10-18T23:43:10.099+0000] {dag.py:2941} INFO - Sync 1 DAGs
[2024-10-18T23:43:10.183+0000] {logging_mixin.py:151} INFO - [2024-10-18T23:43:10.183+0000] {dag.py:3722} INFO - Setting next_dagrun for example_params_ui_tutorial to None, run_after=None
[2024-10-18T23:43:10.300+0000] {processor.py:179} INFO - Processing /home/airflow/.local/lib/python3.8/site-packages/airflow/example_dags/example_params_ui_tutorial.py took 0.630 seconds
[2024-10-18T23:43:41.005+0000] {processor.py:157} INFO - Started process (PID=444) to work on /home/airflow/.local/lib/python3.8/site-packages/airflow/example_dags/example_params_ui_tutorial.py
[2024-10-18T23:43:41.010+0000] {processor.py:829} INFO - Processing file /home/airflow/.local/lib/python3.8/site-packages/airflow/example_dags/example_params_ui_tutorial.py for tasks to queue
[2024-10-18T23:43:41.020+0000] {logging_mixin.py:151} INFO - [2024-10-18T23:43:41.019+0000] {dagbag.py:536} INFO - Filling up the DagBag from /home/airflow/.local/lib/python3.8/site-packages/airflow/example_dags/example_params_ui_tutorial.py
[2024-10-18T23:43:41.434+0000] {processor.py:839} INFO - DAG(s) dict_keys(['example_params_ui_tutorial']) retrieved from /home/airflow/.local/lib/python3.8/site-packages/airflow/example_dags/example_params_ui_tutorial.py
[2024-10-18T23:43:42.468+0000] {logging_mixin.py:151} INFO - [2024-10-18T23:43:42.468+0000] {dag.py:2941} INFO - Sync 1 DAGs
[2024-10-18T23:43:42.614+0000] {logging_mixin.py:151} INFO - [2024-10-18T23:43:42.614+0000] {dag.py:3722} INFO - Setting next_dagrun for example_params_ui_tutorial to None, run_after=None
[2024-10-18T23:43:42.857+0000] {processor.py:179} INFO - Processing /home/airflow/.local/lib/python3.8/site-packages/airflow/example_dags/example_params_ui_tutorial.py took 1.890 seconds
[2024-10-18T23:44:13.338+0000] {processor.py:157} INFO - Started process (PID=505) to work on /home/airflow/.local/lib/python3.8/site-packages/airflow/example_dags/example_params_ui_tutorial.py
[2024-10-18T23:44:13.345+0000] {processor.py:829} INFO - Processing file /home/airflow/.local/lib/python3.8/site-packages/airflow/example_dags/example_params_ui_tutorial.py for tasks to queue
[2024-10-18T23:44:13.353+0000] {logging_mixin.py:151} INFO - [2024-10-18T23:44:13.353+0000] {dagbag.py:536} INFO - Filling up the DagBag from /home/airflow/.local/lib/python3.8/site-packages/airflow/example_dags/example_params_ui_tutorial.py
[2024-10-18T23:44:13.484+0000] {processor.py:839} INFO - DAG(s) dict_keys(['example_params_ui_tutorial']) retrieved from /home/airflow/.local/lib/python3.8/site-packages/airflow/example_dags/example_params_ui_tutorial.py
[2024-10-18T23:44:13.606+0000] {logging_mixin.py:151} INFO - [2024-10-18T23:44:13.605+0000] {dag.py:2941} INFO - Sync 1 DAGs
[2024-10-18T23:44:13.632+0000] {logging_mixin.py:151} INFO - [2024-10-18T23:44:13.632+0000] {dag.py:3722} INFO - Setting next_dagrun for example_params_ui_tutorial to None, run_after=None
[2024-10-18T23:44:13.684+0000] {processor.py:179} INFO - Processing /home/airflow/.local/lib/python3.8/site-packages/airflow/example_dags/example_params_ui_tutorial.py took 0.355 seconds
[2024-10-18T23:44:44.087+0000] {processor.py:157} INFO - Started process (PID=559) to work on /home/airflow/.local/lib/python3.8/site-packages/airflow/example_dags/example_params_ui_tutorial.py
[2024-10-18T23:44:44.089+0000] {processor.py:829} INFO - Processing file /home/airflow/.local/lib/python3.8/site-packages/airflow/example_dags/example_params_ui_tutorial.py for tasks to queue
[2024-10-18T23:44:44.095+0000] {logging_mixin.py:151} INFO - [2024-10-18T23:44:44.095+0000] {dagbag.py:536} INFO - Filling up the DagBag from /home/airflow/.local/lib/python3.8/site-packages/airflow/example_dags/example_params_ui_tutorial.py
[2024-10-18T23:44:44.205+0000] {processor.py:839} INFO - DAG(s) dict_keys(['example_params_ui_tutorial']) retrieved from /home/airflow/.local/lib/python3.8/site-packages/airflow/example_dags/example_params_ui_tutorial.py
[2024-10-18T23:44:44.381+0000] {logging_mixin.py:151} INFO - [2024-10-18T23:44:44.380+0000] {dag.py:2941} INFO - Sync 1 DAGs
[2024-10-18T23:44:44.427+0000] {logging_mixin.py:151} INFO - [2024-10-18T23:44:44.426+0000] {dag.py:3722} INFO - Setting next_dagrun for example_params_ui_tutorial to None, run_after=None
[2024-10-18T23:44:44.504+0000] {processor.py:179} INFO - Processing /home/airflow/.local/lib/python3.8/site-packages/airflow/example_dags/example_params_ui_tutorial.py took 0.425 seconds
[2024-10-18T23:45:14.620+0000] {processor.py:157} INFO - Started process (PID=613) to work on /home/airflow/.local/lib/python3.8/site-packages/airflow/example_dags/example_params_ui_tutorial.py
[2024-10-18T23:45:14.626+0000] {processor.py:829} INFO - Processing file /home/airflow/.local/lib/python3.8/site-packages/airflow/example_dags/example_params_ui_tutorial.py for tasks to queue
[2024-10-18T23:45:14.637+0000] {logging_mixin.py:151} INFO - [2024-10-18T23:45:14.637+0000] {dagbag.py:536} INFO - Filling up the DagBag from /home/airflow/.local/lib/python3.8/site-packages/airflow/example_dags/example_params_ui_tutorial.py
[2024-10-18T23:45:14.849+0000] {processor.py:839} INFO - DAG(s) dict_keys(['example_params_ui_tutorial']) retrieved from /home/airflow/.local/lib/python3.8/site-packages/airflow/example_dags/example_params_ui_tutorial.py
[2024-10-18T23:45:15.041+0000] {logging_mixin.py:151} INFO - [2024-10-18T23:45:15.040+0000] {dag.py:2941} INFO - Sync 1 DAGs
[2024-10-18T23:45:15.065+0000] {logging_mixin.py:151} INFO - [2024-10-18T23:45:15.065+0000] {dag.py:3722} INFO - Setting next_dagrun for example_params_ui_tutorial to None, run_after=None
[2024-10-18T23:45:15.139+0000] {processor.py:179} INFO - Processing /home/airflow/.local/lib/python3.8/site-packages/airflow/example_dags/example_params_ui_tutorial.py took 0.528 seconds
[2024-10-18T23:45:46.030+0000] {processor.py:157} INFO - Started process (PID=666) to work on /home/airflow/.local/lib/python3.8/site-packages/airflow/example_dags/example_params_ui_tutorial.py
[2024-10-18T23:45:46.033+0000] {processor.py:829} INFO - Processing file /home/airflow/.local/lib/python3.8/site-packages/airflow/example_dags/example_params_ui_tutorial.py for tasks to queue
[2024-10-18T23:45:46.042+0000] {logging_mixin.py:151} INFO - [2024-10-18T23:45:46.040+0000] {dagbag.py:536} INFO - Filling up the DagBag from /home/airflow/.local/lib/python3.8/site-packages/airflow/example_dags/example_params_ui_tutorial.py
[2024-10-18T23:45:46.175+0000] {processor.py:839} INFO - DAG(s) dict_keys(['example_params_ui_tutorial']) retrieved from /home/airflow/.local/lib/python3.8/site-packages/airflow/example_dags/example_params_ui_tutorial.py
[2024-10-18T23:45:46.313+0000] {logging_mixin.py:151} INFO - [2024-10-18T23:45:46.313+0000] {dag.py:2941} INFO - Sync 1 DAGs
[2024-10-18T23:45:46.335+0000] {logging_mixin.py:151} INFO - [2024-10-18T23:45:46.335+0000] {dag.py:3722} INFO - Setting next_dagrun for example_params_ui_tutorial to None, run_after=None
[2024-10-18T23:45:46.376+0000] {processor.py:179} INFO - Processing /home/airflow/.local/lib/python3.8/site-packages/airflow/example_dags/example_params_ui_tutorial.py took 0.362 seconds
[2024-10-18T23:46:17.246+0000] {processor.py:157} INFO - Started process (PID=718) to work on /home/airflow/.local/lib/python3.8/site-packages/airflow/example_dags/example_params_ui_tutorial.py
[2024-10-18T23:46:17.248+0000] {processor.py:829} INFO - Processing file /home/airflow/.local/lib/python3.8/site-packages/airflow/example_dags/example_params_ui_tutorial.py for tasks to queue
[2024-10-18T23:46:17.253+0000] {logging_mixin.py:151} INFO - [2024-10-18T23:46:17.252+0000] {dagbag.py:536} INFO - Filling up the DagBag from /home/airflow/.local/lib/python3.8/site-packages/airflow/example_dags/example_params_ui_tutorial.py
[2024-10-18T23:46:17.347+0000] {processor.py:839} INFO - DAG(s) dict_keys(['example_params_ui_tutorial']) retrieved from /home/airflow/.local/lib/python3.8/site-packages/airflow/example_dags/example_params_ui_tutorial.py
[2024-10-18T23:46:17.481+0000] {logging_mixin.py:151} INFO - [2024-10-18T23:46:17.481+0000] {dag.py:2941} INFO - Sync 1 DAGs
[2024-10-18T23:46:17.513+0000] {logging_mixin.py:151} INFO - [2024-10-18T23:46:17.512+0000] {dag.py:3722} INFO - Setting next_dagrun for example_params_ui_tutorial to None, run_after=None
[2024-10-18T23:46:17.569+0000] {processor.py:179} INFO - Processing /home/airflow/.local/lib/python3.8/site-packages/airflow/example_dags/example_params_ui_tutorial.py took 0.333 seconds
[2024-10-18T23:46:48.077+0000] {processor.py:157} INFO - Started process (PID=771) to work on /home/airflow/.local/lib/python3.8/site-packages/airflow/example_dags/example_params_ui_tutorial.py
[2024-10-18T23:46:48.080+0000] {processor.py:829} INFO - Processing file /home/airflow/.local/lib/python3.8/site-packages/airflow/example_dags/example_params_ui_tutorial.py for tasks to queue
[2024-10-18T23:46:48.084+0000] {logging_mixin.py:151} INFO - [2024-10-18T23:46:48.083+0000] {dagbag.py:536} INFO - Filling up the DagBag from /home/airflow/.local/lib/python3.8/site-packages/airflow/example_dags/example_params_ui_tutorial.py
[2024-10-18T23:46:48.170+0000] {processor.py:839} INFO - DAG(s) dict_keys(['example_params_ui_tutorial']) retrieved from /home/airflow/.local/lib/python3.8/site-packages/airflow/example_dags/example_params_ui_tutorial.py
[2024-10-18T23:46:48.307+0000] {logging_mixin.py:151} INFO - [2024-10-18T23:46:48.307+0000] {dag.py:2941} INFO - Sync 1 DAGs
[2024-10-18T23:46:48.360+0000] {logging_mixin.py:151} INFO - [2024-10-18T23:46:48.359+0000] {dag.py:3722} INFO - Setting next_dagrun for example_params_ui_tutorial to None, run_after=None
[2024-10-18T23:46:48.471+0000] {processor.py:179} INFO - Processing /home/airflow/.local/lib/python3.8/site-packages/airflow/example_dags/example_params_ui_tutorial.py took 0.400 seconds
[2024-10-18T23:47:18.592+0000] {processor.py:157} INFO - Started process (PID=825) to work on /home/airflow/.local/lib/python3.8/site-packages/airflow/example_dags/example_params_ui_tutorial.py
[2024-10-18T23:47:18.596+0000] {processor.py:829} INFO - Processing file /home/airflow/.local/lib/python3.8/site-packages/airflow/example_dags/example_params_ui_tutorial.py for tasks to queue
[2024-10-18T23:47:18.608+0000] {logging_mixin.py:151} INFO - [2024-10-18T23:47:18.607+0000] {dagbag.py:536} INFO - Filling up the DagBag from /home/airflow/.local/lib/python3.8/site-packages/airflow/example_dags/example_params_ui_tutorial.py
[2024-10-18T23:47:18.906+0000] {processor.py:839} INFO - DAG(s) dict_keys(['example_params_ui_tutorial']) retrieved from /home/airflow/.local/lib/python3.8/site-packages/airflow/example_dags/example_params_ui_tutorial.py
[2024-10-18T23:47:19.073+0000] {logging_mixin.py:151} INFO - [2024-10-18T23:47:19.073+0000] {dag.py:2941} INFO - Sync 1 DAGs
[2024-10-18T23:47:19.095+0000] {logging_mixin.py:151} INFO - [2024-10-18T23:47:19.095+0000] {dag.py:3722} INFO - Setting next_dagrun for example_params_ui_tutorial to None, run_after=None
[2024-10-18T23:47:19.127+0000] {processor.py:179} INFO - Processing /home/airflow/.local/lib/python3.8/site-packages/airflow/example_dags/example_params_ui_tutorial.py took 0.543 seconds
[2024-10-18T23:47:55.512+0000] {processor.py:157} INFO - Started process (PID=872) to work on /home/airflow/.local/lib/python3.8/site-packages/airflow/example_dags/example_params_ui_tutorial.py
[2024-10-18T23:47:55.514+0000] {processor.py:829} INFO - Processing file /home/airflow/.local/lib/python3.8/site-packages/airflow/example_dags/example_params_ui_tutorial.py for tasks to queue
[2024-10-18T23:47:55.524+0000] {logging_mixin.py:151} INFO - [2024-10-18T23:47:55.523+0000] {dagbag.py:536} INFO - Filling up the DagBag from /home/airflow/.local/lib/python3.8/site-packages/airflow/example_dags/example_params_ui_tutorial.py
[2024-10-18T23:47:55.711+0000] {processor.py:839} INFO - DAG(s) dict_keys(['example_params_ui_tutorial']) retrieved from /home/airflow/.local/lib/python3.8/site-packages/airflow/example_dags/example_params_ui_tutorial.py
[2024-10-18T23:47:56.003+0000] {logging_mixin.py:151} INFO - [2024-10-18T23:47:56.002+0000] {dag.py:2941} INFO - Sync 1 DAGs
[2024-10-18T23:47:56.103+0000] {logging_mixin.py:151} INFO - [2024-10-18T23:47:56.103+0000] {dag.py:3722} INFO - Setting next_dagrun for example_params_ui_tutorial to None, run_after=None
[2024-10-18T23:47:56.240+0000] {processor.py:179} INFO - Processing /home/airflow/.local/lib/python3.8/site-packages/airflow/example_dags/example_params_ui_tutorial.py took 0.736 seconds
[2024-10-18T23:48:27.015+0000] {processor.py:157} INFO - Started process (PID=926) to work on /home/airflow/.local/lib/python3.8/site-packages/airflow/example_dags/example_params_ui_tutorial.py
[2024-10-18T23:48:27.018+0000] {processor.py:829} INFO - Processing file /home/airflow/.local/lib/python3.8/site-packages/airflow/example_dags/example_params_ui_tutorial.py for tasks to queue
[2024-10-18T23:48:27.023+0000] {logging_mixin.py:151} INFO - [2024-10-18T23:48:27.022+0000] {dagbag.py:536} INFO - Filling up the DagBag from /home/airflow/.local/lib/python3.8/site-packages/airflow/example_dags/example_params_ui_tutorial.py
[2024-10-18T23:48:27.167+0000] {processor.py:839} INFO - DAG(s) dict_keys(['example_params_ui_tutorial']) retrieved from /home/airflow/.local/lib/python3.8/site-packages/airflow/example_dags/example_params_ui_tutorial.py
[2024-10-18T23:48:27.387+0000] {logging_mixin.py:151} INFO - [2024-10-18T23:48:27.386+0000] {dag.py:2941} INFO - Sync 1 DAGs
[2024-10-18T23:48:27.434+0000] {logging_mixin.py:151} INFO - [2024-10-18T23:48:27.434+0000] {dag.py:3722} INFO - Setting next_dagrun for example_params_ui_tutorial to None, run_after=None
[2024-10-18T23:48:27.492+0000] {processor.py:179} INFO - Processing /home/airflow/.local/lib/python3.8/site-packages/airflow/example_dags/example_params_ui_tutorial.py took 0.483 seconds
[2024-10-18T23:49:01.990+0000] {processor.py:157} INFO - Started process (PID=975) to work on /home/airflow/.local/lib/python3.8/site-packages/airflow/example_dags/example_params_ui_tutorial.py
[2024-10-18T23:49:01.993+0000] {processor.py:829} INFO - Processing file /home/airflow/.local/lib/python3.8/site-packages/airflow/example_dags/example_params_ui_tutorial.py for tasks to queue
[2024-10-18T23:49:02.012+0000] {logging_mixin.py:151} INFO - [2024-10-18T23:49:02.008+0000] {dagbag.py:536} INFO - Filling up the DagBag from /home/airflow/.local/lib/python3.8/site-packages/airflow/example_dags/example_params_ui_tutorial.py
[2024-10-18T23:49:02.345+0000] {processor.py:839} INFO - DAG(s) dict_keys(['example_params_ui_tutorial']) retrieved from /home/airflow/.local/lib/python3.8/site-packages/airflow/example_dags/example_params_ui_tutorial.py
[2024-10-18T23:49:02.682+0000] {logging_mixin.py:151} INFO - [2024-10-18T23:49:02.682+0000] {dag.py:2941} INFO - Sync 1 DAGs
[2024-10-18T23:49:03.084+0000] {logging_mixin.py:151} INFO - [2024-10-18T23:49:03.083+0000] {dag.py:3722} INFO - Setting next_dagrun for example_params_ui_tutorial to None, run_after=None
[2024-10-18T23:49:03.306+0000] {processor.py:179} INFO - Processing /home/airflow/.local/lib/python3.8/site-packages/airflow/example_dags/example_params_ui_tutorial.py took 1.333 seconds
[2024-10-18T23:49:45.970+0000] {processor.py:157} INFO - Started process (PID=1028) to work on /home/airflow/.local/lib/python3.8/site-packages/airflow/example_dags/example_params_ui_tutorial.py
[2024-10-18T23:49:45.973+0000] {processor.py:829} INFO - Processing file /home/airflow/.local/lib/python3.8/site-packages/airflow/example_dags/example_params_ui_tutorial.py for tasks to queue
[2024-10-18T23:49:45.981+0000] {logging_mixin.py:151} INFO - [2024-10-18T23:49:45.977+0000] {dagbag.py:536} INFO - Filling up the DagBag from /home/airflow/.local/lib/python3.8/site-packages/airflow/example_dags/example_params_ui_tutorial.py
[2024-10-18T23:49:46.254+0000] {processor.py:839} INFO - DAG(s) dict_keys(['example_params_ui_tutorial']) retrieved from /home/airflow/.local/lib/python3.8/site-packages/airflow/example_dags/example_params_ui_tutorial.py
[2024-10-18T23:49:47.078+0000] {logging_mixin.py:151} INFO - [2024-10-18T23:49:47.064+0000] {dag.py:2941} INFO - Sync 1 DAGs
[2024-10-18T23:49:47.157+0000] {logging_mixin.py:151} INFO - [2024-10-18T23:49:47.155+0000] {dag.py:3722} INFO - Setting next_dagrun for example_params_ui_tutorial to None, run_after=None
[2024-10-18T23:49:47.434+0000] {processor.py:179} INFO - Processing /home/airflow/.local/lib/python3.8/site-packages/airflow/example_dags/example_params_ui_tutorial.py took 1.472 seconds
[2024-10-18T23:50:26.088+0000] {processor.py:157} INFO - Started process (PID=1080) to work on /home/airflow/.local/lib/python3.8/site-packages/airflow/example_dags/example_params_ui_tutorial.py
[2024-10-18T23:50:26.090+0000] {processor.py:829} INFO - Processing file /home/airflow/.local/lib/python3.8/site-packages/airflow/example_dags/example_params_ui_tutorial.py for tasks to queue
[2024-10-18T23:50:26.093+0000] {logging_mixin.py:151} INFO - [2024-10-18T23:50:26.093+0000] {dagbag.py:536} INFO - Filling up the DagBag from /home/airflow/.local/lib/python3.8/site-packages/airflow/example_dags/example_params_ui_tutorial.py
[2024-10-18T23:50:26.432+0000] {processor.py:839} INFO - DAG(s) dict_keys(['example_params_ui_tutorial']) retrieved from /home/airflow/.local/lib/python3.8/site-packages/airflow/example_dags/example_params_ui_tutorial.py
[2024-10-18T23:50:26.999+0000] {logging_mixin.py:151} INFO - [2024-10-18T23:50:26.998+0000] {dag.py:2941} INFO - Sync 1 DAGs
[2024-10-18T23:50:27.160+0000] {logging_mixin.py:151} INFO - [2024-10-18T23:50:27.160+0000] {dag.py:3722} INFO - Setting next_dagrun for example_params_ui_tutorial to None, run_after=None
[2024-10-18T23:50:27.403+0000] {processor.py:179} INFO - Processing /home/airflow/.local/lib/python3.8/site-packages/airflow/example_dags/example_params_ui_tutorial.py took 1.324 seconds
[2024-10-18T23:50:57.810+0000] {processor.py:157} INFO - Started process (PID=1133) to work on /home/airflow/.local/lib/python3.8/site-packages/airflow/example_dags/example_params_ui_tutorial.py
[2024-10-18T23:50:57.812+0000] {processor.py:829} INFO - Processing file /home/airflow/.local/lib/python3.8/site-packages/airflow/example_dags/example_params_ui_tutorial.py for tasks to queue
[2024-10-18T23:50:57.816+0000] {logging_mixin.py:151} INFO - [2024-10-18T23:50:57.816+0000] {dagbag.py:536} INFO - Filling up the DagBag from /home/airflow/.local/lib/python3.8/site-packages/airflow/example_dags/example_params_ui_tutorial.py
[2024-10-18T23:50:57.916+0000] {processor.py:839} INFO - DAG(s) dict_keys(['example_params_ui_tutorial']) retrieved from /home/airflow/.local/lib/python3.8/site-packages/airflow/example_dags/example_params_ui_tutorial.py
[2024-10-18T23:50:58.040+0000] {logging_mixin.py:151} INFO - [2024-10-18T23:50:58.040+0000] {dag.py:2941} INFO - Sync 1 DAGs
[2024-10-18T23:50:58.302+0000] {logging_mixin.py:151} INFO - [2024-10-18T23:50:58.302+0000] {dag.py:3722} INFO - Setting next_dagrun for example_params_ui_tutorial to None, run_after=None
[2024-10-18T23:50:58.350+0000] {processor.py:179} INFO - Processing /home/airflow/.local/lib/python3.8/site-packages/airflow/example_dags/example_params_ui_tutorial.py took 0.546 seconds
[2024-10-18T23:51:29.018+0000] {processor.py:157} INFO - Started process (PID=1193) to work on /home/airflow/.local/lib/python3.8/site-packages/airflow/example_dags/example_params_ui_tutorial.py
[2024-10-18T23:51:29.022+0000] {processor.py:829} INFO - Processing file /home/airflow/.local/lib/python3.8/site-packages/airflow/example_dags/example_params_ui_tutorial.py for tasks to queue
[2024-10-18T23:51:29.025+0000] {logging_mixin.py:151} INFO - [2024-10-18T23:51:29.025+0000] {dagbag.py:536} INFO - Filling up the DagBag from /home/airflow/.local/lib/python3.8/site-packages/airflow/example_dags/example_params_ui_tutorial.py
[2024-10-18T23:51:29.129+0000] {processor.py:839} INFO - DAG(s) dict_keys(['example_params_ui_tutorial']) retrieved from /home/airflow/.local/lib/python3.8/site-packages/airflow/example_dags/example_params_ui_tutorial.py
[2024-10-18T23:51:29.283+0000] {logging_mixin.py:151} INFO - [2024-10-18T23:51:29.283+0000] {dag.py:2941} INFO - Sync 1 DAGs
[2024-10-18T23:51:29.302+0000] {logging_mixin.py:151} INFO - [2024-10-18T23:51:29.302+0000] {dag.py:3722} INFO - Setting next_dagrun for example_params_ui_tutorial to None, run_after=None
[2024-10-18T23:51:29.341+0000] {processor.py:179} INFO - Processing /home/airflow/.local/lib/python3.8/site-packages/airflow/example_dags/example_params_ui_tutorial.py took 0.329 seconds
[2024-10-18T23:52:00.063+0000] {processor.py:157} INFO - Started process (PID=1247) to work on /home/airflow/.local/lib/python3.8/site-packages/airflow/example_dags/example_params_ui_tutorial.py
[2024-10-18T23:52:00.066+0000] {processor.py:829} INFO - Processing file /home/airflow/.local/lib/python3.8/site-packages/airflow/example_dags/example_params_ui_tutorial.py for tasks to queue
[2024-10-18T23:52:00.072+0000] {logging_mixin.py:151} INFO - [2024-10-18T23:52:00.071+0000] {dagbag.py:536} INFO - Filling up the DagBag from /home/airflow/.local/lib/python3.8/site-packages/airflow/example_dags/example_params_ui_tutorial.py
[2024-10-18T23:52:00.127+0000] {processor.py:839} INFO - DAG(s) dict_keys(['example_params_ui_tutorial']) retrieved from /home/airflow/.local/lib/python3.8/site-packages/airflow/example_dags/example_params_ui_tutorial.py
[2024-10-18T23:52:00.211+0000] {logging_mixin.py:151} INFO - [2024-10-18T23:52:00.210+0000] {dag.py:2941} INFO - Sync 1 DAGs
[2024-10-18T23:52:00.233+0000] {logging_mixin.py:151} INFO - [2024-10-18T23:52:00.233+0000] {dag.py:3722} INFO - Setting next_dagrun for example_params_ui_tutorial to None, run_after=None
[2024-10-18T23:52:00.267+0000] {processor.py:179} INFO - Processing /home/airflow/.local/lib/python3.8/site-packages/airflow/example_dags/example_params_ui_tutorial.py took 0.212 seconds
[2024-10-18T23:52:31.239+0000] {processor.py:157} INFO - Started process (PID=1298) to work on /home/airflow/.local/lib/python3.8/site-packages/airflow/example_dags/example_params_ui_tutorial.py
[2024-10-18T23:52:31.241+0000] {processor.py:829} INFO - Processing file /home/airflow/.local/lib/python3.8/site-packages/airflow/example_dags/example_params_ui_tutorial.py for tasks to queue
[2024-10-18T23:52:31.247+0000] {logging_mixin.py:151} INFO - [2024-10-18T23:52:31.247+0000] {dagbag.py:536} INFO - Filling up the DagBag from /home/airflow/.local/lib/python3.8/site-packages/airflow/example_dags/example_params_ui_tutorial.py
[2024-10-18T23:52:31.338+0000] {processor.py:839} INFO - DAG(s) dict_keys(['example_params_ui_tutorial']) retrieved from /home/airflow/.local/lib/python3.8/site-packages/airflow/example_dags/example_params_ui_tutorial.py
[2024-10-18T23:52:31.482+0000] {logging_mixin.py:151} INFO - [2024-10-18T23:52:31.482+0000] {dag.py:2941} INFO - Sync 1 DAGs
[2024-10-18T23:52:31.688+0000] {logging_mixin.py:151} INFO - [2024-10-18T23:52:31.687+0000] {dag.py:3722} INFO - Setting next_dagrun for example_params_ui_tutorial to None, run_after=None
[2024-10-18T23:52:31.721+0000] {processor.py:179} INFO - Processing /home/airflow/.local/lib/python3.8/site-packages/airflow/example_dags/example_params_ui_tutorial.py took 0.490 seconds
[2024-10-18T23:53:05.938+0000] {processor.py:157} INFO - Started process (PID=1352) to work on /home/airflow/.local/lib/python3.8/site-packages/airflow/example_dags/example_params_ui_tutorial.py
[2024-10-18T23:53:05.942+0000] {processor.py:829} INFO - Processing file /home/airflow/.local/lib/python3.8/site-packages/airflow/example_dags/example_params_ui_tutorial.py for tasks to queue
[2024-10-18T23:53:05.951+0000] {logging_mixin.py:151} INFO - [2024-10-18T23:53:05.950+0000] {dagbag.py:536} INFO - Filling up the DagBag from /home/airflow/.local/lib/python3.8/site-packages/airflow/example_dags/example_params_ui_tutorial.py
[2024-10-18T23:53:06.642+0000] {processor.py:839} INFO - DAG(s) dict_keys(['example_params_ui_tutorial']) retrieved from /home/airflow/.local/lib/python3.8/site-packages/airflow/example_dags/example_params_ui_tutorial.py
[2024-10-18T23:53:06.971+0000] {logging_mixin.py:151} INFO - [2024-10-18T23:53:06.971+0000] {dag.py:2941} INFO - Sync 1 DAGs
[2024-10-18T23:53:07.191+0000] {logging_mixin.py:151} INFO - [2024-10-18T23:53:07.191+0000] {dag.py:3722} INFO - Setting next_dagrun for example_params_ui_tutorial to None, run_after=None
[2024-10-18T23:53:08.108+0000] {processor.py:179} INFO - Processing /home/airflow/.local/lib/python3.8/site-packages/airflow/example_dags/example_params_ui_tutorial.py took 2.184 seconds
[2024-10-18T23:53:49.296+0000] {processor.py:157} INFO - Started process (PID=1395) to work on /home/airflow/.local/lib/python3.8/site-packages/airflow/example_dags/example_params_ui_tutorial.py
[2024-10-18T23:53:49.300+0000] {processor.py:829} INFO - Processing file /home/airflow/.local/lib/python3.8/site-packages/airflow/example_dags/example_params_ui_tutorial.py for tasks to queue
[2024-10-18T23:53:49.313+0000] {logging_mixin.py:151} INFO - [2024-10-18T23:53:49.312+0000] {dagbag.py:536} INFO - Filling up the DagBag from /home/airflow/.local/lib/python3.8/site-packages/airflow/example_dags/example_params_ui_tutorial.py
[2024-10-18T23:53:49.574+0000] {processor.py:839} INFO - DAG(s) dict_keys(['example_params_ui_tutorial']) retrieved from /home/airflow/.local/lib/python3.8/site-packages/airflow/example_dags/example_params_ui_tutorial.py
[2024-10-18T23:53:49.695+0000] {logging_mixin.py:151} INFO - [2024-10-18T23:53:49.695+0000] {dag.py:2941} INFO - Sync 1 DAGs
[2024-10-18T23:53:49.727+0000] {logging_mixin.py:151} INFO - [2024-10-18T23:53:49.727+0000] {dag.py:3722} INFO - Setting next_dagrun for example_params_ui_tutorial to None, run_after=None
[2024-10-18T23:53:49.766+0000] {processor.py:179} INFO - Processing /home/airflow/.local/lib/python3.8/site-packages/airflow/example_dags/example_params_ui_tutorial.py took 0.480 seconds
[2024-10-18T23:54:21.466+0000] {processor.py:157} INFO - Started process (PID=1449) to work on /home/airflow/.local/lib/python3.8/site-packages/airflow/example_dags/example_params_ui_tutorial.py
[2024-10-18T23:54:21.470+0000] {processor.py:829} INFO - Processing file /home/airflow/.local/lib/python3.8/site-packages/airflow/example_dags/example_params_ui_tutorial.py for tasks to queue
[2024-10-18T23:54:21.477+0000] {logging_mixin.py:151} INFO - [2024-10-18T23:54:21.476+0000] {dagbag.py:536} INFO - Filling up the DagBag from /home/airflow/.local/lib/python3.8/site-packages/airflow/example_dags/example_params_ui_tutorial.py
[2024-10-18T23:54:21.551+0000] {processor.py:839} INFO - DAG(s) dict_keys(['example_params_ui_tutorial']) retrieved from /home/airflow/.local/lib/python3.8/site-packages/airflow/example_dags/example_params_ui_tutorial.py
[2024-10-18T23:54:21.932+0000] {logging_mixin.py:151} INFO - [2024-10-18T23:54:21.932+0000] {dag.py:2941} INFO - Sync 1 DAGs
[2024-10-18T23:54:21.952+0000] {logging_mixin.py:151} INFO - [2024-10-18T23:54:21.952+0000] {dag.py:3722} INFO - Setting next_dagrun for example_params_ui_tutorial to None, run_after=None
[2024-10-18T23:54:22.007+0000] {processor.py:179} INFO - Processing /home/airflow/.local/lib/python3.8/site-packages/airflow/example_dags/example_params_ui_tutorial.py took 0.549 seconds
[2024-10-18T23:54:55.658+0000] {processor.py:157} INFO - Started process (PID=1502) to work on /home/airflow/.local/lib/python3.8/site-packages/airflow/example_dags/example_params_ui_tutorial.py
[2024-10-18T23:54:55.661+0000] {processor.py:829} INFO - Processing file /home/airflow/.local/lib/python3.8/site-packages/airflow/example_dags/example_params_ui_tutorial.py for tasks to queue
[2024-10-18T23:54:55.684+0000] {logging_mixin.py:151} INFO - [2024-10-18T23:54:55.683+0000] {dagbag.py:536} INFO - Filling up the DagBag from /home/airflow/.local/lib/python3.8/site-packages/airflow/example_dags/example_params_ui_tutorial.py
[2024-10-18T23:54:55.871+0000] {processor.py:839} INFO - DAG(s) dict_keys(['example_params_ui_tutorial']) retrieved from /home/airflow/.local/lib/python3.8/site-packages/airflow/example_dags/example_params_ui_tutorial.py
[2024-10-18T23:54:56.025+0000] {logging_mixin.py:151} INFO - [2024-10-18T23:54:56.024+0000] {dag.py:2941} INFO - Sync 1 DAGs
[2024-10-18T23:54:56.059+0000] {logging_mixin.py:151} INFO - [2024-10-18T23:54:56.059+0000] {dag.py:3722} INFO - Setting next_dagrun for example_params_ui_tutorial to None, run_after=None
[2024-10-18T23:54:56.109+0000] {processor.py:179} INFO - Processing /home/airflow/.local/lib/python3.8/site-packages/airflow/example_dags/example_params_ui_tutorial.py took 0.462 seconds
[2024-10-18T23:55:26.585+0000] {processor.py:157} INFO - Started process (PID=1555) to work on /home/airflow/.local/lib/python3.8/site-packages/airflow/example_dags/example_params_ui_tutorial.py
[2024-10-18T23:55:26.588+0000] {processor.py:829} INFO - Processing file /home/airflow/.local/lib/python3.8/site-packages/airflow/example_dags/example_params_ui_tutorial.py for tasks to queue
[2024-10-18T23:55:26.592+0000] {logging_mixin.py:151} INFO - [2024-10-18T23:55:26.592+0000] {dagbag.py:536} INFO - Filling up the DagBag from /home/airflow/.local/lib/python3.8/site-packages/airflow/example_dags/example_params_ui_tutorial.py
[2024-10-18T23:55:26.666+0000] {processor.py:839} INFO - DAG(s) dict_keys(['example_params_ui_tutorial']) retrieved from /home/airflow/.local/lib/python3.8/site-packages/airflow/example_dags/example_params_ui_tutorial.py
[2024-10-18T23:55:26.824+0000] {logging_mixin.py:151} INFO - [2024-10-18T23:55:26.824+0000] {dag.py:2941} INFO - Sync 1 DAGs
[2024-10-18T23:55:26.868+0000] {logging_mixin.py:151} INFO - [2024-10-18T23:55:26.868+0000] {dag.py:3722} INFO - Setting next_dagrun for example_params_ui_tutorial to None, run_after=None
[2024-10-18T23:55:26.917+0000] {processor.py:179} INFO - Processing /home/airflow/.local/lib/python3.8/site-packages/airflow/example_dags/example_params_ui_tutorial.py took 0.338 seconds
[2024-10-18T23:55:59.386+0000] {processor.py:157} INFO - Started process (PID=1602) to work on /home/airflow/.local/lib/python3.8/site-packages/airflow/example_dags/example_params_ui_tutorial.py
[2024-10-18T23:55:59.389+0000] {processor.py:829} INFO - Processing file /home/airflow/.local/lib/python3.8/site-packages/airflow/example_dags/example_params_ui_tutorial.py for tasks to queue
[2024-10-18T23:55:59.394+0000] {logging_mixin.py:151} INFO - [2024-10-18T23:55:59.393+0000] {dagbag.py:536} INFO - Filling up the DagBag from /home/airflow/.local/lib/python3.8/site-packages/airflow/example_dags/example_params_ui_tutorial.py
[2024-10-18T23:55:59.497+0000] {processor.py:839} INFO - DAG(s) dict_keys(['example_params_ui_tutorial']) retrieved from /home/airflow/.local/lib/python3.8/site-packages/airflow/example_dags/example_params_ui_tutorial.py
[2024-10-18T23:55:59.713+0000] {logging_mixin.py:151} INFO - [2024-10-18T23:55:59.713+0000] {dag.py:2941} INFO - Sync 1 DAGs
[2024-10-18T23:55:59.741+0000] {logging_mixin.py:151} INFO - [2024-10-18T23:55:59.741+0000] {dag.py:3722} INFO - Setting next_dagrun for example_params_ui_tutorial to None, run_after=None
[2024-10-18T23:55:59.786+0000] {processor.py:179} INFO - Processing /home/airflow/.local/lib/python3.8/site-packages/airflow/example_dags/example_params_ui_tutorial.py took 0.409 seconds
[2024-10-18T23:56:31.098+0000] {processor.py:157} INFO - Started process (PID=1654) to work on /home/airflow/.local/lib/python3.8/site-packages/airflow/example_dags/example_params_ui_tutorial.py
[2024-10-18T23:56:31.099+0000] {processor.py:829} INFO - Processing file /home/airflow/.local/lib/python3.8/site-packages/airflow/example_dags/example_params_ui_tutorial.py for tasks to queue
[2024-10-18T23:56:31.103+0000] {logging_mixin.py:151} INFO - [2024-10-18T23:56:31.102+0000] {dagbag.py:536} INFO - Filling up the DagBag from /home/airflow/.local/lib/python3.8/site-packages/airflow/example_dags/example_params_ui_tutorial.py
[2024-10-18T23:56:31.218+0000] {processor.py:839} INFO - DAG(s) dict_keys(['example_params_ui_tutorial']) retrieved from /home/airflow/.local/lib/python3.8/site-packages/airflow/example_dags/example_params_ui_tutorial.py
[2024-10-18T23:56:31.392+0000] {logging_mixin.py:151} INFO - [2024-10-18T23:56:31.390+0000] {dag.py:2941} INFO - Sync 1 DAGs
[2024-10-18T23:56:31.423+0000] {logging_mixin.py:151} INFO - [2024-10-18T23:56:31.422+0000] {dag.py:3722} INFO - Setting next_dagrun for example_params_ui_tutorial to None, run_after=None
[2024-10-18T23:56:31.476+0000] {processor.py:179} INFO - Processing /home/airflow/.local/lib/python3.8/site-packages/airflow/example_dags/example_params_ui_tutorial.py took 0.384 seconds
[2024-10-18T23:57:13.831+0000] {processor.py:157} INFO - Started process (PID=1711) to work on /home/airflow/.local/lib/python3.8/site-packages/airflow/example_dags/example_params_ui_tutorial.py
[2024-10-18T23:57:13.834+0000] {processor.py:829} INFO - Processing file /home/airflow/.local/lib/python3.8/site-packages/airflow/example_dags/example_params_ui_tutorial.py for tasks to queue
[2024-10-18T23:57:13.839+0000] {logging_mixin.py:151} INFO - [2024-10-18T23:57:13.838+0000] {dagbag.py:536} INFO - Filling up the DagBag from /home/airflow/.local/lib/python3.8/site-packages/airflow/example_dags/example_params_ui_tutorial.py
[2024-10-18T23:57:14.003+0000] {processor.py:839} INFO - DAG(s) dict_keys(['example_params_ui_tutorial']) retrieved from /home/airflow/.local/lib/python3.8/site-packages/airflow/example_dags/example_params_ui_tutorial.py
[2024-10-18T23:57:14.492+0000] {logging_mixin.py:151} INFO - [2024-10-18T23:57:14.491+0000] {dag.py:2941} INFO - Sync 1 DAGs
[2024-10-18T23:57:14.580+0000] {logging_mixin.py:151} INFO - [2024-10-18T23:57:14.580+0000] {dag.py:3722} INFO - Setting next_dagrun for example_params_ui_tutorial to None, run_after=None
[2024-10-18T23:57:14.701+0000] {processor.py:179} INFO - Processing /home/airflow/.local/lib/python3.8/site-packages/airflow/example_dags/example_params_ui_tutorial.py took 0.882 seconds
[2024-10-18T23:57:45.001+0000] {processor.py:157} INFO - Started process (PID=1765) to work on /home/airflow/.local/lib/python3.8/site-packages/airflow/example_dags/example_params_ui_tutorial.py
[2024-10-18T23:57:45.005+0000] {processor.py:829} INFO - Processing file /home/airflow/.local/lib/python3.8/site-packages/airflow/example_dags/example_params_ui_tutorial.py for tasks to queue
[2024-10-18T23:57:45.010+0000] {logging_mixin.py:151} INFO - [2024-10-18T23:57:45.009+0000] {dagbag.py:536} INFO - Filling up the DagBag from /home/airflow/.local/lib/python3.8/site-packages/airflow/example_dags/example_params_ui_tutorial.py
[2024-10-18T23:57:45.111+0000] {processor.py:839} INFO - DAG(s) dict_keys(['example_params_ui_tutorial']) retrieved from /home/airflow/.local/lib/python3.8/site-packages/airflow/example_dags/example_params_ui_tutorial.py
[2024-10-18T23:57:45.238+0000] {logging_mixin.py:151} INFO - [2024-10-18T23:57:45.237+0000] {dag.py:2941} INFO - Sync 1 DAGs
[2024-10-18T23:57:45.259+0000] {logging_mixin.py:151} INFO - [2024-10-18T23:57:45.259+0000] {dag.py:3722} INFO - Setting next_dagrun for example_params_ui_tutorial to None, run_after=None
[2024-10-18T23:57:45.295+0000] {processor.py:179} INFO - Processing /home/airflow/.local/lib/python3.8/site-packages/airflow/example_dags/example_params_ui_tutorial.py took 0.306 seconds
[2024-10-18T23:58:15.929+0000] {processor.py:157} INFO - Started process (PID=1819) to work on /home/airflow/.local/lib/python3.8/site-packages/airflow/example_dags/example_params_ui_tutorial.py
[2024-10-18T23:58:15.934+0000] {processor.py:829} INFO - Processing file /home/airflow/.local/lib/python3.8/site-packages/airflow/example_dags/example_params_ui_tutorial.py for tasks to queue
[2024-10-18T23:58:15.941+0000] {logging_mixin.py:151} INFO - [2024-10-18T23:58:15.940+0000] {dagbag.py:536} INFO - Filling up the DagBag from /home/airflow/.local/lib/python3.8/site-packages/airflow/example_dags/example_params_ui_tutorial.py
[2024-10-18T23:58:16.215+0000] {processor.py:839} INFO - DAG(s) dict_keys(['example_params_ui_tutorial']) retrieved from /home/airflow/.local/lib/python3.8/site-packages/airflow/example_dags/example_params_ui_tutorial.py
[2024-10-18T23:58:16.503+0000] {logging_mixin.py:151} INFO - [2024-10-18T23:58:16.503+0000] {dag.py:2941} INFO - Sync 1 DAGs
[2024-10-18T23:58:16.552+0000] {logging_mixin.py:151} INFO - [2024-10-18T23:58:16.552+0000] {dag.py:3722} INFO - Setting next_dagrun for example_params_ui_tutorial to None, run_after=None
[2024-10-18T23:58:16.604+0000] {processor.py:179} INFO - Processing /home/airflow/.local/lib/python3.8/site-packages/airflow/example_dags/example_params_ui_tutorial.py took 0.690 seconds
[2024-10-18T23:58:46.777+0000] {processor.py:157} INFO - Started process (PID=1874) to work on /home/airflow/.local/lib/python3.8/site-packages/airflow/example_dags/example_params_ui_tutorial.py
[2024-10-18T23:58:46.783+0000] {processor.py:829} INFO - Processing file /home/airflow/.local/lib/python3.8/site-packages/airflow/example_dags/example_params_ui_tutorial.py for tasks to queue
[2024-10-18T23:58:46.788+0000] {logging_mixin.py:151} INFO - [2024-10-18T23:58:46.788+0000] {dagbag.py:536} INFO - Filling up the DagBag from /home/airflow/.local/lib/python3.8/site-packages/airflow/example_dags/example_params_ui_tutorial.py
[2024-10-18T23:58:46.892+0000] {processor.py:839} INFO - DAG(s) dict_keys(['example_params_ui_tutorial']) retrieved from /home/airflow/.local/lib/python3.8/site-packages/airflow/example_dags/example_params_ui_tutorial.py
[2024-10-18T23:58:47.024+0000] {logging_mixin.py:151} INFO - [2024-10-18T23:58:47.020+0000] {dag.py:2941} INFO - Sync 1 DAGs
[2024-10-18T23:58:47.061+0000] {logging_mixin.py:151} INFO - [2024-10-18T23:58:47.061+0000] {dag.py:3722} INFO - Setting next_dagrun for example_params_ui_tutorial to None, run_after=None
[2024-10-18T23:58:47.115+0000] {processor.py:179} INFO - Processing /home/airflow/.local/lib/python3.8/site-packages/airflow/example_dags/example_params_ui_tutorial.py took 0.350 seconds
[2024-10-18T23:59:17.189+0000] {processor.py:157} INFO - Started process (PID=1927) to work on /home/airflow/.local/lib/python3.8/site-packages/airflow/example_dags/example_params_ui_tutorial.py
[2024-10-18T23:59:17.192+0000] {processor.py:829} INFO - Processing file /home/airflow/.local/lib/python3.8/site-packages/airflow/example_dags/example_params_ui_tutorial.py for tasks to queue
[2024-10-18T23:59:17.197+0000] {logging_mixin.py:151} INFO - [2024-10-18T23:59:17.197+0000] {dagbag.py:536} INFO - Filling up the DagBag from /home/airflow/.local/lib/python3.8/site-packages/airflow/example_dags/example_params_ui_tutorial.py
[2024-10-18T23:59:17.322+0000] {processor.py:839} INFO - DAG(s) dict_keys(['example_params_ui_tutorial']) retrieved from /home/airflow/.local/lib/python3.8/site-packages/airflow/example_dags/example_params_ui_tutorial.py
[2024-10-18T23:59:17.442+0000] {logging_mixin.py:151} INFO - [2024-10-18T23:59:17.442+0000] {dag.py:2941} INFO - Sync 1 DAGs
[2024-10-18T23:59:17.464+0000] {logging_mixin.py:151} INFO - [2024-10-18T23:59:17.463+0000] {dag.py:3722} INFO - Setting next_dagrun for example_params_ui_tutorial to None, run_after=None
[2024-10-18T23:59:17.497+0000] {processor.py:179} INFO - Processing /home/airflow/.local/lib/python3.8/site-packages/airflow/example_dags/example_params_ui_tutorial.py took 0.315 seconds
[2024-10-18T23:59:47.647+0000] {processor.py:157} INFO - Started process (PID=1981) to work on /home/airflow/.local/lib/python3.8/site-packages/airflow/example_dags/example_params_ui_tutorial.py
[2024-10-18T23:59:47.650+0000] {processor.py:829} INFO - Processing file /home/airflow/.local/lib/python3.8/site-packages/airflow/example_dags/example_params_ui_tutorial.py for tasks to queue
[2024-10-18T23:59:47.659+0000] {logging_mixin.py:151} INFO - [2024-10-18T23:59:47.658+0000] {dagbag.py:536} INFO - Filling up the DagBag from /home/airflow/.local/lib/python3.8/site-packages/airflow/example_dags/example_params_ui_tutorial.py
[2024-10-18T23:59:47.794+0000] {processor.py:839} INFO - DAG(s) dict_keys(['example_params_ui_tutorial']) retrieved from /home/airflow/.local/lib/python3.8/site-packages/airflow/example_dags/example_params_ui_tutorial.py
[2024-10-18T23:59:47.955+0000] {logging_mixin.py:151} INFO - [2024-10-18T23:59:47.954+0000] {dag.py:2941} INFO - Sync 1 DAGs
[2024-10-18T23:59:48.000+0000] {logging_mixin.py:151} INFO - [2024-10-18T23:59:48.000+0000] {dag.py:3722} INFO - Setting next_dagrun for example_params_ui_tutorial to None, run_after=None
[2024-10-18T23:59:48.037+0000] {processor.py:179} INFO - Processing /home/airflow/.local/lib/python3.8/site-packages/airflow/example_dags/example_params_ui_tutorial.py took 0.402 seconds
