[2024-10-18T23:31:43.256+0000] {processor.py:157} INFO - Started process (PID=88) to work on /home/airflow/.local/lib/python3.8/site-packages/airflow/example_dags/example_branch_python_dop_operator_3.py
[2024-10-18T23:31:43.260+0000] {processor.py:829} INFO - Processing file /home/airflow/.local/lib/python3.8/site-packages/airflow/example_dags/example_branch_python_dop_operator_3.py for tasks to queue
[2024-10-18T23:31:43.272+0000] {logging_mixin.py:151} INFO - [2024-10-18T23:31:43.271+0000] {dagbag.py:536} INFO - Filling up the DagBag from /home/airflow/.local/lib/python3.8/site-packages/airflow/example_dags/example_branch_python_dop_operator_3.py
[2024-10-18T23:31:43.325+0000] {processor.py:839} INFO - DAG(s) dict_keys(['example_branch_dop_operator_v3']) retrieved from /home/airflow/.local/lib/python3.8/site-packages/airflow/example_dags/example_branch_python_dop_operator_3.py
[2024-10-18T23:31:43.427+0000] {logging_mixin.py:151} INFO - [2024-10-18T23:31:43.426+0000] {dag.py:2941} INFO - Sync 1 DAGs
[2024-10-18T23:31:44.452+0000] {logging_mixin.py:151} INFO - [2024-10-18T23:31:44.451+0000] {dag.py:3722} INFO - Setting next_dagrun for example_branch_dop_operator_v3 to 2024-10-18T23:30:00+00:00, run_after=2024-10-18T23:31:00+00:00
[2024-10-18T23:31:44.678+0000] {processor.py:179} INFO - Processing /home/airflow/.local/lib/python3.8/site-packages/airflow/example_dags/example_branch_python_dop_operator_3.py took 1.444 seconds
[2024-10-18T23:32:18.267+0000] {processor.py:157} INFO - Started process (PID=142) to work on /home/airflow/.local/lib/python3.8/site-packages/airflow/example_dags/example_branch_python_dop_operator_3.py
[2024-10-18T23:32:18.358+0000] {processor.py:829} INFO - Processing file /home/airflow/.local/lib/python3.8/site-packages/airflow/example_dags/example_branch_python_dop_operator_3.py for tasks to queue
[2024-10-18T23:32:18.398+0000] {logging_mixin.py:151} INFO - [2024-10-18T23:32:18.397+0000] {dagbag.py:536} INFO - Filling up the DagBag from /home/airflow/.local/lib/python3.8/site-packages/airflow/example_dags/example_branch_python_dop_operator_3.py
[2024-10-18T23:32:18.580+0000] {processor.py:839} INFO - DAG(s) dict_keys(['example_branch_dop_operator_v3']) retrieved from /home/airflow/.local/lib/python3.8/site-packages/airflow/example_dags/example_branch_python_dop_operator_3.py
[2024-10-18T23:32:18.716+0000] {logging_mixin.py:151} INFO - [2024-10-18T23:32:18.716+0000] {dag.py:2941} INFO - Sync 1 DAGs
[2024-10-18T23:32:18.838+0000] {logging_mixin.py:151} INFO - [2024-10-18T23:32:18.837+0000] {dag.py:3722} INFO - Setting next_dagrun for example_branch_dop_operator_v3 to 2024-10-18T23:31:00+00:00, run_after=2024-10-18T23:32:00+00:00
[2024-10-18T23:32:18.930+0000] {processor.py:179} INFO - Processing /home/airflow/.local/lib/python3.8/site-packages/airflow/example_dags/example_branch_python_dop_operator_3.py took 0.745 seconds
[2024-10-18T23:32:49.488+0000] {processor.py:157} INFO - Started process (PID=196) to work on /home/airflow/.local/lib/python3.8/site-packages/airflow/example_dags/example_branch_python_dop_operator_3.py
[2024-10-18T23:32:49.490+0000] {processor.py:829} INFO - Processing file /home/airflow/.local/lib/python3.8/site-packages/airflow/example_dags/example_branch_python_dop_operator_3.py for tasks to queue
[2024-10-18T23:32:49.495+0000] {logging_mixin.py:151} INFO - [2024-10-18T23:32:49.495+0000] {dagbag.py:536} INFO - Filling up the DagBag from /home/airflow/.local/lib/python3.8/site-packages/airflow/example_dags/example_branch_python_dop_operator_3.py
[2024-10-18T23:32:49.517+0000] {processor.py:839} INFO - DAG(s) dict_keys(['example_branch_dop_operator_v3']) retrieved from /home/airflow/.local/lib/python3.8/site-packages/airflow/example_dags/example_branch_python_dop_operator_3.py
[2024-10-18T23:32:49.565+0000] {logging_mixin.py:151} INFO - [2024-10-18T23:32:49.565+0000] {dag.py:2941} INFO - Sync 1 DAGs
[2024-10-18T23:32:49.663+0000] {logging_mixin.py:151} INFO - [2024-10-18T23:32:49.654+0000] {dag.py:3722} INFO - Setting next_dagrun for example_branch_dop_operator_v3 to 2024-10-18T23:31:00+00:00, run_after=2024-10-18T23:32:00+00:00
[2024-10-18T23:32:49.719+0000] {processor.py:179} INFO - Processing /home/airflow/.local/lib/python3.8/site-packages/airflow/example_dags/example_branch_python_dop_operator_3.py took 0.240 seconds
[2024-10-18T23:33:20.002+0000] {processor.py:157} INFO - Started process (PID=248) to work on /home/airflow/.local/lib/python3.8/site-packages/airflow/example_dags/example_branch_python_dop_operator_3.py
[2024-10-18T23:33:20.004+0000] {processor.py:829} INFO - Processing file /home/airflow/.local/lib/python3.8/site-packages/airflow/example_dags/example_branch_python_dop_operator_3.py for tasks to queue
[2024-10-18T23:33:20.013+0000] {logging_mixin.py:151} INFO - [2024-10-18T23:33:20.012+0000] {dagbag.py:536} INFO - Filling up the DagBag from /home/airflow/.local/lib/python3.8/site-packages/airflow/example_dags/example_branch_python_dop_operator_3.py
[2024-10-18T23:33:20.041+0000] {processor.py:839} INFO - DAG(s) dict_keys(['example_branch_dop_operator_v3']) retrieved from /home/airflow/.local/lib/python3.8/site-packages/airflow/example_dags/example_branch_python_dop_operator_3.py
[2024-10-18T23:33:20.095+0000] {logging_mixin.py:151} INFO - [2024-10-18T23:33:20.095+0000] {dag.py:2941} INFO - Sync 1 DAGs
[2024-10-18T23:33:20.199+0000] {logging_mixin.py:151} INFO - [2024-10-18T23:33:20.198+0000] {dag.py:3722} INFO - Setting next_dagrun for example_branch_dop_operator_v3 to 2024-10-18T23:32:00+00:00, run_after=2024-10-18T23:33:00+00:00
[2024-10-18T23:33:20.255+0000] {processor.py:179} INFO - Processing /home/airflow/.local/lib/python3.8/site-packages/airflow/example_dags/example_branch_python_dop_operator_3.py took 0.269 seconds
[2024-10-18T23:33:50.596+0000] {processor.py:157} INFO - Started process (PID=302) to work on /home/airflow/.local/lib/python3.8/site-packages/airflow/example_dags/example_branch_python_dop_operator_3.py
[2024-10-18T23:33:50.598+0000] {processor.py:829} INFO - Processing file /home/airflow/.local/lib/python3.8/site-packages/airflow/example_dags/example_branch_python_dop_operator_3.py for tasks to queue
[2024-10-18T23:33:50.606+0000] {logging_mixin.py:151} INFO - [2024-10-18T23:33:50.605+0000] {dagbag.py:536} INFO - Filling up the DagBag from /home/airflow/.local/lib/python3.8/site-packages/airflow/example_dags/example_branch_python_dop_operator_3.py
[2024-10-18T23:33:50.623+0000] {processor.py:839} INFO - DAG(s) dict_keys(['example_branch_dop_operator_v3']) retrieved from /home/airflow/.local/lib/python3.8/site-packages/airflow/example_dags/example_branch_python_dop_operator_3.py
[2024-10-18T23:33:50.665+0000] {logging_mixin.py:151} INFO - [2024-10-18T23:33:50.664+0000] {dag.py:2941} INFO - Sync 1 DAGs
[2024-10-18T23:33:51.545+0000] {logging_mixin.py:151} INFO - [2024-10-18T23:33:51.543+0000] {dag.py:3722} INFO - Setting next_dagrun for example_branch_dop_operator_v3 to 2024-10-18T23:32:00+00:00, run_after=2024-10-18T23:33:00+00:00
[2024-10-18T23:33:51.759+0000] {processor.py:179} INFO - Processing /home/airflow/.local/lib/python3.8/site-packages/airflow/example_dags/example_branch_python_dop_operator_3.py took 1.171 seconds
[2024-10-18T23:34:21.889+0000] {processor.py:157} INFO - Started process (PID=356) to work on /home/airflow/.local/lib/python3.8/site-packages/airflow/example_dags/example_branch_python_dop_operator_3.py
[2024-10-18T23:34:21.892+0000] {processor.py:829} INFO - Processing file /home/airflow/.local/lib/python3.8/site-packages/airflow/example_dags/example_branch_python_dop_operator_3.py for tasks to queue
[2024-10-18T23:34:21.900+0000] {logging_mixin.py:151} INFO - [2024-10-18T23:34:21.899+0000] {dagbag.py:536} INFO - Filling up the DagBag from /home/airflow/.local/lib/python3.8/site-packages/airflow/example_dags/example_branch_python_dop_operator_3.py
[2024-10-18T23:34:21.928+0000] {processor.py:839} INFO - DAG(s) dict_keys(['example_branch_dop_operator_v3']) retrieved from /home/airflow/.local/lib/python3.8/site-packages/airflow/example_dags/example_branch_python_dop_operator_3.py
[2024-10-18T23:34:21.975+0000] {logging_mixin.py:151} INFO - [2024-10-18T23:34:21.975+0000] {dag.py:2941} INFO - Sync 1 DAGs
[2024-10-18T23:34:22.027+0000] {logging_mixin.py:151} INFO - [2024-10-18T23:34:22.026+0000] {dag.py:3722} INFO - Setting next_dagrun for example_branch_dop_operator_v3 to 2024-10-18T23:33:00+00:00, run_after=2024-10-18T23:34:00+00:00
[2024-10-18T23:34:22.063+0000] {processor.py:179} INFO - Processing /home/airflow/.local/lib/python3.8/site-packages/airflow/example_dags/example_branch_python_dop_operator_3.py took 0.184 seconds
[2024-10-18T23:34:52.444+0000] {processor.py:157} INFO - Started process (PID=410) to work on /home/airflow/.local/lib/python3.8/site-packages/airflow/example_dags/example_branch_python_dop_operator_3.py
[2024-10-18T23:34:52.446+0000] {processor.py:829} INFO - Processing file /home/airflow/.local/lib/python3.8/site-packages/airflow/example_dags/example_branch_python_dop_operator_3.py for tasks to queue
[2024-10-18T23:34:52.451+0000] {logging_mixin.py:151} INFO - [2024-10-18T23:34:52.451+0000] {dagbag.py:536} INFO - Filling up the DagBag from /home/airflow/.local/lib/python3.8/site-packages/airflow/example_dags/example_branch_python_dop_operator_3.py
[2024-10-18T23:34:52.473+0000] {processor.py:839} INFO - DAG(s) dict_keys(['example_branch_dop_operator_v3']) retrieved from /home/airflow/.local/lib/python3.8/site-packages/airflow/example_dags/example_branch_python_dop_operator_3.py
[2024-10-18T23:34:52.537+0000] {logging_mixin.py:151} INFO - [2024-10-18T23:34:52.536+0000] {dag.py:2941} INFO - Sync 1 DAGs
[2024-10-18T23:34:52.614+0000] {logging_mixin.py:151} INFO - [2024-10-18T23:34:52.613+0000] {dag.py:3722} INFO - Setting next_dagrun for example_branch_dop_operator_v3 to 2024-10-18T23:33:00+00:00, run_after=2024-10-18T23:34:00+00:00
[2024-10-18T23:34:52.664+0000] {processor.py:179} INFO - Processing /home/airflow/.local/lib/python3.8/site-packages/airflow/example_dags/example_branch_python_dop_operator_3.py took 0.225 seconds
[2024-10-18T23:35:23.167+0000] {processor.py:157} INFO - Started process (PID=463) to work on /home/airflow/.local/lib/python3.8/site-packages/airflow/example_dags/example_branch_python_dop_operator_3.py
[2024-10-18T23:35:23.169+0000] {processor.py:829} INFO - Processing file /home/airflow/.local/lib/python3.8/site-packages/airflow/example_dags/example_branch_python_dop_operator_3.py for tasks to queue
[2024-10-18T23:35:23.183+0000] {logging_mixin.py:151} INFO - [2024-10-18T23:35:23.182+0000] {dagbag.py:536} INFO - Filling up the DagBag from /home/airflow/.local/lib/python3.8/site-packages/airflow/example_dags/example_branch_python_dop_operator_3.py
[2024-10-18T23:35:23.206+0000] {processor.py:839} INFO - DAG(s) dict_keys(['example_branch_dop_operator_v3']) retrieved from /home/airflow/.local/lib/python3.8/site-packages/airflow/example_dags/example_branch_python_dop_operator_3.py
[2024-10-18T23:35:23.259+0000] {logging_mixin.py:151} INFO - [2024-10-18T23:35:23.258+0000] {dag.py:2941} INFO - Sync 1 DAGs
[2024-10-18T23:35:23.321+0000] {logging_mixin.py:151} INFO - [2024-10-18T23:35:23.320+0000] {dag.py:3722} INFO - Setting next_dagrun for example_branch_dop_operator_v3 to 2024-10-18T23:34:00+00:00, run_after=2024-10-18T23:35:00+00:00
[2024-10-18T23:35:23.375+0000] {processor.py:179} INFO - Processing /home/airflow/.local/lib/python3.8/site-packages/airflow/example_dags/example_branch_python_dop_operator_3.py took 0.237 seconds
[2024-10-18T23:35:53.721+0000] {processor.py:157} INFO - Started process (PID=517) to work on /home/airflow/.local/lib/python3.8/site-packages/airflow/example_dags/example_branch_python_dop_operator_3.py
[2024-10-18T23:35:53.723+0000] {processor.py:829} INFO - Processing file /home/airflow/.local/lib/python3.8/site-packages/airflow/example_dags/example_branch_python_dop_operator_3.py for tasks to queue
[2024-10-18T23:35:53.728+0000] {logging_mixin.py:151} INFO - [2024-10-18T23:35:53.728+0000] {dagbag.py:536} INFO - Filling up the DagBag from /home/airflow/.local/lib/python3.8/site-packages/airflow/example_dags/example_branch_python_dop_operator_3.py
[2024-10-18T23:35:53.748+0000] {processor.py:839} INFO - DAG(s) dict_keys(['example_branch_dop_operator_v3']) retrieved from /home/airflow/.local/lib/python3.8/site-packages/airflow/example_dags/example_branch_python_dop_operator_3.py
[2024-10-18T23:35:53.788+0000] {logging_mixin.py:151} INFO - [2024-10-18T23:35:53.787+0000] {dag.py:2941} INFO - Sync 1 DAGs
[2024-10-18T23:35:53.837+0000] {logging_mixin.py:151} INFO - [2024-10-18T23:35:53.836+0000] {dag.py:3722} INFO - Setting next_dagrun for example_branch_dop_operator_v3 to 2024-10-18T23:34:00+00:00, run_after=2024-10-18T23:35:00+00:00
[2024-10-18T23:35:53.869+0000] {processor.py:179} INFO - Processing /home/airflow/.local/lib/python3.8/site-packages/airflow/example_dags/example_branch_python_dop_operator_3.py took 0.153 seconds
[2024-10-18T23:36:24.492+0000] {processor.py:157} INFO - Started process (PID=570) to work on /home/airflow/.local/lib/python3.8/site-packages/airflow/example_dags/example_branch_python_dop_operator_3.py
[2024-10-18T23:36:24.495+0000] {processor.py:829} INFO - Processing file /home/airflow/.local/lib/python3.8/site-packages/airflow/example_dags/example_branch_python_dop_operator_3.py for tasks to queue
[2024-10-18T23:36:24.500+0000] {logging_mixin.py:151} INFO - [2024-10-18T23:36:24.500+0000] {dagbag.py:536} INFO - Filling up the DagBag from /home/airflow/.local/lib/python3.8/site-packages/airflow/example_dags/example_branch_python_dop_operator_3.py
[2024-10-18T23:36:24.524+0000] {processor.py:839} INFO - DAG(s) dict_keys(['example_branch_dop_operator_v3']) retrieved from /home/airflow/.local/lib/python3.8/site-packages/airflow/example_dags/example_branch_python_dop_operator_3.py
[2024-10-18T23:36:24.585+0000] {logging_mixin.py:151} INFO - [2024-10-18T23:36:24.584+0000] {dag.py:2941} INFO - Sync 1 DAGs
[2024-10-18T23:36:24.657+0000] {logging_mixin.py:151} INFO - [2024-10-18T23:36:24.657+0000] {dag.py:3722} INFO - Setting next_dagrun for example_branch_dop_operator_v3 to 2024-10-18T23:35:00+00:00, run_after=2024-10-18T23:36:00+00:00
[2024-10-18T23:36:24.708+0000] {processor.py:179} INFO - Processing /home/airflow/.local/lib/python3.8/site-packages/airflow/example_dags/example_branch_python_dop_operator_3.py took 0.225 seconds
[2024-10-18T23:38:53.716+0000] {processor.py:157} INFO - Started process (PID=88) to work on /home/airflow/.local/lib/python3.8/site-packages/airflow/example_dags/example_branch_python_dop_operator_3.py
[2024-10-18T23:38:53.723+0000] {processor.py:829} INFO - Processing file /home/airflow/.local/lib/python3.8/site-packages/airflow/example_dags/example_branch_python_dop_operator_3.py for tasks to queue
[2024-10-18T23:38:53.740+0000] {logging_mixin.py:151} INFO - [2024-10-18T23:38:53.739+0000] {dagbag.py:536} INFO - Filling up the DagBag from /home/airflow/.local/lib/python3.8/site-packages/airflow/example_dags/example_branch_python_dop_operator_3.py
[2024-10-18T23:38:53.808+0000] {processor.py:839} INFO - DAG(s) dict_keys(['example_branch_dop_operator_v3']) retrieved from /home/airflow/.local/lib/python3.8/site-packages/airflow/example_dags/example_branch_python_dop_operator_3.py
[2024-10-18T23:38:53.930+0000] {logging_mixin.py:151} INFO - [2024-10-18T23:38:53.929+0000] {dag.py:2941} INFO - Sync 1 DAGs
[2024-10-18T23:38:54.087+0000] {logging_mixin.py:151} INFO - [2024-10-18T23:38:54.087+0000] {dag.py:3722} INFO - Setting next_dagrun for example_branch_dop_operator_v3 to 2024-10-18T23:37:00+00:00, run_after=2024-10-18T23:38:00+00:00
[2024-10-18T23:38:54.134+0000] {processor.py:179} INFO - Processing /home/airflow/.local/lib/python3.8/site-packages/airflow/example_dags/example_branch_python_dop_operator_3.py took 0.452 seconds
[2024-10-18T23:39:24.381+0000] {processor.py:157} INFO - Started process (PID=142) to work on /home/airflow/.local/lib/python3.8/site-packages/airflow/example_dags/example_branch_python_dop_operator_3.py
[2024-10-18T23:39:24.383+0000] {processor.py:829} INFO - Processing file /home/airflow/.local/lib/python3.8/site-packages/airflow/example_dags/example_branch_python_dop_operator_3.py for tasks to queue
[2024-10-18T23:39:24.387+0000] {logging_mixin.py:151} INFO - [2024-10-18T23:39:24.386+0000] {dagbag.py:536} INFO - Filling up the DagBag from /home/airflow/.local/lib/python3.8/site-packages/airflow/example_dags/example_branch_python_dop_operator_3.py
[2024-10-18T23:39:24.421+0000] {processor.py:839} INFO - DAG(s) dict_keys(['example_branch_dop_operator_v3']) retrieved from /home/airflow/.local/lib/python3.8/site-packages/airflow/example_dags/example_branch_python_dop_operator_3.py
[2024-10-18T23:39:24.484+0000] {logging_mixin.py:151} INFO - [2024-10-18T23:39:24.484+0000] {dag.py:2941} INFO - Sync 1 DAGs
[2024-10-18T23:39:24.704+0000] {logging_mixin.py:151} INFO - [2024-10-18T23:39:24.703+0000] {dag.py:3722} INFO - Setting next_dagrun for example_branch_dop_operator_v3 to 2024-10-18T23:38:00+00:00, run_after=2024-10-18T23:39:00+00:00
[2024-10-18T23:39:24.796+0000] {processor.py:179} INFO - Processing /home/airflow/.local/lib/python3.8/site-packages/airflow/example_dags/example_branch_python_dop_operator_3.py took 0.422 seconds
[2024-10-18T23:39:55.205+0000] {processor.py:157} INFO - Started process (PID=196) to work on /home/airflow/.local/lib/python3.8/site-packages/airflow/example_dags/example_branch_python_dop_operator_3.py
[2024-10-18T23:39:55.207+0000] {processor.py:829} INFO - Processing file /home/airflow/.local/lib/python3.8/site-packages/airflow/example_dags/example_branch_python_dop_operator_3.py for tasks to queue
[2024-10-18T23:39:55.211+0000] {logging_mixin.py:151} INFO - [2024-10-18T23:39:55.211+0000] {dagbag.py:536} INFO - Filling up the DagBag from /home/airflow/.local/lib/python3.8/site-packages/airflow/example_dags/example_branch_python_dop_operator_3.py
[2024-10-18T23:39:55.243+0000] {processor.py:839} INFO - DAG(s) dict_keys(['example_branch_dop_operator_v3']) retrieved from /home/airflow/.local/lib/python3.8/site-packages/airflow/example_dags/example_branch_python_dop_operator_3.py
[2024-10-18T23:39:55.286+0000] {logging_mixin.py:151} INFO - [2024-10-18T23:39:55.285+0000] {dag.py:2941} INFO - Sync 1 DAGs
[2024-10-18T23:39:55.335+0000] {logging_mixin.py:151} INFO - [2024-10-18T23:39:55.333+0000] {dag.py:3722} INFO - Setting next_dagrun for example_branch_dop_operator_v3 to 2024-10-18T23:38:00+00:00, run_after=2024-10-18T23:39:00+00:00
[2024-10-18T23:39:55.387+0000] {processor.py:179} INFO - Processing /home/airflow/.local/lib/python3.8/site-packages/airflow/example_dags/example_branch_python_dop_operator_3.py took 0.188 seconds
[2024-10-18T23:40:26.672+0000] {processor.py:157} INFO - Started process (PID=250) to work on /home/airflow/.local/lib/python3.8/site-packages/airflow/example_dags/example_branch_python_dop_operator_3.py
[2024-10-18T23:40:26.674+0000] {processor.py:829} INFO - Processing file /home/airflow/.local/lib/python3.8/site-packages/airflow/example_dags/example_branch_python_dop_operator_3.py for tasks to queue
[2024-10-18T23:40:26.680+0000] {logging_mixin.py:151} INFO - [2024-10-18T23:40:26.680+0000] {dagbag.py:536} INFO - Filling up the DagBag from /home/airflow/.local/lib/python3.8/site-packages/airflow/example_dags/example_branch_python_dop_operator_3.py
[2024-10-18T23:40:26.706+0000] {processor.py:839} INFO - DAG(s) dict_keys(['example_branch_dop_operator_v3']) retrieved from /home/airflow/.local/lib/python3.8/site-packages/airflow/example_dags/example_branch_python_dop_operator_3.py
[2024-10-18T23:40:26.755+0000] {logging_mixin.py:151} INFO - [2024-10-18T23:40:26.754+0000] {dag.py:2941} INFO - Sync 1 DAGs
[2024-10-18T23:40:26.833+0000] {logging_mixin.py:151} INFO - [2024-10-18T23:40:26.832+0000] {dag.py:3722} INFO - Setting next_dagrun for example_branch_dop_operator_v3 to 2024-10-18T23:39:00+00:00, run_after=2024-10-18T23:40:00+00:00
[2024-10-18T23:40:26.922+0000] {processor.py:179} INFO - Processing /home/airflow/.local/lib/python3.8/site-packages/airflow/example_dags/example_branch_python_dop_operator_3.py took 0.260 seconds
[2024-10-18T23:41:15.641+0000] {processor.py:157} INFO - Started process (PID=292) to work on /home/airflow/.local/lib/python3.8/site-packages/airflow/example_dags/example_branch_python_dop_operator_3.py
[2024-10-18T23:41:15.644+0000] {processor.py:829} INFO - Processing file /home/airflow/.local/lib/python3.8/site-packages/airflow/example_dags/example_branch_python_dop_operator_3.py for tasks to queue
[2024-10-18T23:41:15.652+0000] {logging_mixin.py:151} INFO - [2024-10-18T23:41:15.651+0000] {dagbag.py:536} INFO - Filling up the DagBag from /home/airflow/.local/lib/python3.8/site-packages/airflow/example_dags/example_branch_python_dop_operator_3.py
[2024-10-18T23:41:15.700+0000] {processor.py:839} INFO - DAG(s) dict_keys(['example_branch_dop_operator_v3']) retrieved from /home/airflow/.local/lib/python3.8/site-packages/airflow/example_dags/example_branch_python_dop_operator_3.py
[2024-10-18T23:41:15.755+0000] {logging_mixin.py:151} INFO - [2024-10-18T23:41:15.753+0000] {dag.py:2941} INFO - Sync 1 DAGs
[2024-10-18T23:41:15.865+0000] {logging_mixin.py:151} INFO - [2024-10-18T23:41:15.865+0000] {dag.py:3722} INFO - Setting next_dagrun for example_branch_dop_operator_v3 to 2024-10-18T23:40:00+00:00, run_after=2024-10-18T23:41:00+00:00
[2024-10-18T23:41:15.968+0000] {processor.py:179} INFO - Processing /home/airflow/.local/lib/python3.8/site-packages/airflow/example_dags/example_branch_python_dop_operator_3.py took 0.340 seconds
[2024-10-18T23:41:55.396+0000] {processor.py:157} INFO - Started process (PID=346) to work on /home/airflow/.local/lib/python3.8/site-packages/airflow/example_dags/example_branch_python_dop_operator_3.py
[2024-10-18T23:41:55.398+0000] {processor.py:829} INFO - Processing file /home/airflow/.local/lib/python3.8/site-packages/airflow/example_dags/example_branch_python_dop_operator_3.py for tasks to queue
[2024-10-18T23:41:55.420+0000] {logging_mixin.py:151} INFO - [2024-10-18T23:41:55.419+0000] {dagbag.py:536} INFO - Filling up the DagBag from /home/airflow/.local/lib/python3.8/site-packages/airflow/example_dags/example_branch_python_dop_operator_3.py
[2024-10-18T23:41:55.711+0000] {processor.py:839} INFO - DAG(s) dict_keys(['example_branch_dop_operator_v3']) retrieved from /home/airflow/.local/lib/python3.8/site-packages/airflow/example_dags/example_branch_python_dop_operator_3.py
[2024-10-18T23:41:57.937+0000] {logging_mixin.py:151} INFO - [2024-10-18T23:41:57.926+0000] {dag.py:2941} INFO - Sync 1 DAGs
[2024-10-18T23:41:58.239+0000] {logging_mixin.py:151} INFO - [2024-10-18T23:41:58.238+0000] {dag.py:3722} INFO - Setting next_dagrun for example_branch_dop_operator_v3 to 2024-10-18T23:40:00+00:00, run_after=2024-10-18T23:41:00+00:00
[2024-10-18T23:41:58.558+0000] {processor.py:179} INFO - Processing /home/airflow/.local/lib/python3.8/site-packages/airflow/example_dags/example_branch_python_dop_operator_3.py took 3.174 seconds
[2024-10-18T23:43:13.286+0000] {processor.py:157} INFO - Started process (PID=404) to work on /home/airflow/.local/lib/python3.8/site-packages/airflow/example_dags/example_branch_python_dop_operator_3.py
[2024-10-18T23:43:13.295+0000] {processor.py:829} INFO - Processing file /home/airflow/.local/lib/python3.8/site-packages/airflow/example_dags/example_branch_python_dop_operator_3.py for tasks to queue
[2024-10-18T23:43:13.308+0000] {logging_mixin.py:151} INFO - [2024-10-18T23:43:13.307+0000] {dagbag.py:536} INFO - Filling up the DagBag from /home/airflow/.local/lib/python3.8/site-packages/airflow/example_dags/example_branch_python_dop_operator_3.py
[2024-10-18T23:43:13.409+0000] {processor.py:839} INFO - DAG(s) dict_keys(['example_branch_dop_operator_v3']) retrieved from /home/airflow/.local/lib/python3.8/site-packages/airflow/example_dags/example_branch_python_dop_operator_3.py
[2024-10-18T23:43:14.319+0000] {logging_mixin.py:151} INFO - [2024-10-18T23:43:14.318+0000] {dag.py:2941} INFO - Sync 1 DAGs
[2024-10-18T23:43:14.459+0000] {logging_mixin.py:151} INFO - [2024-10-18T23:43:14.459+0000] {dag.py:3722} INFO - Setting next_dagrun for example_branch_dop_operator_v3 to 2024-10-18T23:42:00+00:00, run_after=2024-10-18T23:43:00+00:00
[2024-10-18T23:43:14.544+0000] {processor.py:179} INFO - Processing /home/airflow/.local/lib/python3.8/site-packages/airflow/example_dags/example_branch_python_dop_operator_3.py took 1.270 seconds
[2024-10-18T23:43:44.975+0000] {processor.py:157} INFO - Started process (PID=456) to work on /home/airflow/.local/lib/python3.8/site-packages/airflow/example_dags/example_branch_python_dop_operator_3.py
[2024-10-18T23:43:44.982+0000] {processor.py:829} INFO - Processing file /home/airflow/.local/lib/python3.8/site-packages/airflow/example_dags/example_branch_python_dop_operator_3.py for tasks to queue
[2024-10-18T23:43:45.024+0000] {logging_mixin.py:151} INFO - [2024-10-18T23:43:45.024+0000] {dagbag.py:536} INFO - Filling up the DagBag from /home/airflow/.local/lib/python3.8/site-packages/airflow/example_dags/example_branch_python_dop_operator_3.py
[2024-10-18T23:43:45.086+0000] {processor.py:839} INFO - DAG(s) dict_keys(['example_branch_dop_operator_v3']) retrieved from /home/airflow/.local/lib/python3.8/site-packages/airflow/example_dags/example_branch_python_dop_operator_3.py
[2024-10-18T23:43:45.179+0000] {logging_mixin.py:151} INFO - [2024-10-18T23:43:45.179+0000] {dag.py:2941} INFO - Sync 1 DAGs
[2024-10-18T23:43:45.329+0000] {logging_mixin.py:151} INFO - [2024-10-18T23:43:45.328+0000] {dag.py:3722} INFO - Setting next_dagrun for example_branch_dop_operator_v3 to 2024-10-18T23:42:00+00:00, run_after=2024-10-18T23:43:00+00:00
[2024-10-18T23:43:45.486+0000] {processor.py:179} INFO - Processing /home/airflow/.local/lib/python3.8/site-packages/airflow/example_dags/example_branch_python_dop_operator_3.py took 0.522 seconds
[2024-10-18T23:44:15.955+0000] {processor.py:157} INFO - Started process (PID=510) to work on /home/airflow/.local/lib/python3.8/site-packages/airflow/example_dags/example_branch_python_dop_operator_3.py
[2024-10-18T23:44:15.957+0000] {processor.py:829} INFO - Processing file /home/airflow/.local/lib/python3.8/site-packages/airflow/example_dags/example_branch_python_dop_operator_3.py for tasks to queue
[2024-10-18T23:44:15.963+0000] {logging_mixin.py:151} INFO - [2024-10-18T23:44:15.962+0000] {dagbag.py:536} INFO - Filling up the DagBag from /home/airflow/.local/lib/python3.8/site-packages/airflow/example_dags/example_branch_python_dop_operator_3.py
[2024-10-18T23:44:15.980+0000] {processor.py:839} INFO - DAG(s) dict_keys(['example_branch_dop_operator_v3']) retrieved from /home/airflow/.local/lib/python3.8/site-packages/airflow/example_dags/example_branch_python_dop_operator_3.py
[2024-10-18T23:44:16.025+0000] {logging_mixin.py:151} INFO - [2024-10-18T23:44:16.024+0000] {dag.py:2941} INFO - Sync 1 DAGs
[2024-10-18T23:44:16.085+0000] {logging_mixin.py:151} INFO - [2024-10-18T23:44:16.085+0000] {dag.py:3722} INFO - Setting next_dagrun for example_branch_dop_operator_v3 to 2024-10-18T23:43:00+00:00, run_after=2024-10-18T23:44:00+00:00
[2024-10-18T23:44:16.119+0000] {processor.py:179} INFO - Processing /home/airflow/.local/lib/python3.8/site-packages/airflow/example_dags/example_branch_python_dop_operator_3.py took 0.171 seconds
[2024-10-18T23:44:46.834+0000] {processor.py:157} INFO - Started process (PID=564) to work on /home/airflow/.local/lib/python3.8/site-packages/airflow/example_dags/example_branch_python_dop_operator_3.py
[2024-10-18T23:44:46.836+0000] {processor.py:829} INFO - Processing file /home/airflow/.local/lib/python3.8/site-packages/airflow/example_dags/example_branch_python_dop_operator_3.py for tasks to queue
[2024-10-18T23:44:46.839+0000] {logging_mixin.py:151} INFO - [2024-10-18T23:44:46.839+0000] {dagbag.py:536} INFO - Filling up the DagBag from /home/airflow/.local/lib/python3.8/site-packages/airflow/example_dags/example_branch_python_dop_operator_3.py
[2024-10-18T23:44:46.854+0000] {processor.py:839} INFO - DAG(s) dict_keys(['example_branch_dop_operator_v3']) retrieved from /home/airflow/.local/lib/python3.8/site-packages/airflow/example_dags/example_branch_python_dop_operator_3.py
[2024-10-18T23:44:46.894+0000] {logging_mixin.py:151} INFO - [2024-10-18T23:44:46.894+0000] {dag.py:2941} INFO - Sync 1 DAGs
[2024-10-18T23:44:46.945+0000] {logging_mixin.py:151} INFO - [2024-10-18T23:44:46.945+0000] {dag.py:3722} INFO - Setting next_dagrun for example_branch_dop_operator_v3 to 2024-10-18T23:43:00+00:00, run_after=2024-10-18T23:44:00+00:00
[2024-10-18T23:44:46.989+0000] {processor.py:179} INFO - Processing /home/airflow/.local/lib/python3.8/site-packages/airflow/example_dags/example_branch_python_dop_operator_3.py took 0.160 seconds
[2024-10-18T23:45:17.896+0000] {processor.py:157} INFO - Started process (PID=618) to work on /home/airflow/.local/lib/python3.8/site-packages/airflow/example_dags/example_branch_python_dop_operator_3.py
[2024-10-18T23:45:17.897+0000] {processor.py:829} INFO - Processing file /home/airflow/.local/lib/python3.8/site-packages/airflow/example_dags/example_branch_python_dop_operator_3.py for tasks to queue
[2024-10-18T23:45:17.911+0000] {logging_mixin.py:151} INFO - [2024-10-18T23:45:17.901+0000] {dagbag.py:536} INFO - Filling up the DagBag from /home/airflow/.local/lib/python3.8/site-packages/airflow/example_dags/example_branch_python_dop_operator_3.py
[2024-10-18T23:45:17.991+0000] {processor.py:839} INFO - DAG(s) dict_keys(['example_branch_dop_operator_v3']) retrieved from /home/airflow/.local/lib/python3.8/site-packages/airflow/example_dags/example_branch_python_dop_operator_3.py
[2024-10-18T23:45:18.144+0000] {logging_mixin.py:151} INFO - [2024-10-18T23:45:18.144+0000] {dag.py:2941} INFO - Sync 1 DAGs
[2024-10-18T23:45:18.230+0000] {logging_mixin.py:151} INFO - [2024-10-18T23:45:18.229+0000] {dag.py:3722} INFO - Setting next_dagrun for example_branch_dop_operator_v3 to 2024-10-18T23:44:00+00:00, run_after=2024-10-18T23:45:00+00:00
[2024-10-18T23:45:18.279+0000] {processor.py:179} INFO - Processing /home/airflow/.local/lib/python3.8/site-packages/airflow/example_dags/example_branch_python_dop_operator_3.py took 0.398 seconds
[2024-10-18T23:45:48.909+0000] {processor.py:157} INFO - Started process (PID=671) to work on /home/airflow/.local/lib/python3.8/site-packages/airflow/example_dags/example_branch_python_dop_operator_3.py
[2024-10-18T23:45:48.912+0000] {processor.py:829} INFO - Processing file /home/airflow/.local/lib/python3.8/site-packages/airflow/example_dags/example_branch_python_dop_operator_3.py for tasks to queue
[2024-10-18T23:45:48.920+0000] {logging_mixin.py:151} INFO - [2024-10-18T23:45:48.920+0000] {dagbag.py:536} INFO - Filling up the DagBag from /home/airflow/.local/lib/python3.8/site-packages/airflow/example_dags/example_branch_python_dop_operator_3.py
[2024-10-18T23:45:48.941+0000] {processor.py:839} INFO - DAG(s) dict_keys(['example_branch_dop_operator_v3']) retrieved from /home/airflow/.local/lib/python3.8/site-packages/airflow/example_dags/example_branch_python_dop_operator_3.py
[2024-10-18T23:45:48.997+0000] {logging_mixin.py:151} INFO - [2024-10-18T23:45:48.996+0000] {dag.py:2941} INFO - Sync 1 DAGs
[2024-10-18T23:45:49.068+0000] {logging_mixin.py:151} INFO - [2024-10-18T23:45:49.067+0000] {dag.py:3722} INFO - Setting next_dagrun for example_branch_dop_operator_v3 to 2024-10-18T23:44:00+00:00, run_after=2024-10-18T23:45:00+00:00
[2024-10-18T23:45:49.115+0000] {processor.py:179} INFO - Processing /home/airflow/.local/lib/python3.8/site-packages/airflow/example_dags/example_branch_python_dop_operator_3.py took 0.211 seconds
[2024-10-18T23:46:19.676+0000] {processor.py:157} INFO - Started process (PID=725) to work on /home/airflow/.local/lib/python3.8/site-packages/airflow/example_dags/example_branch_python_dop_operator_3.py
[2024-10-18T23:46:19.678+0000] {processor.py:829} INFO - Processing file /home/airflow/.local/lib/python3.8/site-packages/airflow/example_dags/example_branch_python_dop_operator_3.py for tasks to queue
[2024-10-18T23:46:19.682+0000] {logging_mixin.py:151} INFO - [2024-10-18T23:46:19.681+0000] {dagbag.py:536} INFO - Filling up the DagBag from /home/airflow/.local/lib/python3.8/site-packages/airflow/example_dags/example_branch_python_dop_operator_3.py
[2024-10-18T23:46:19.695+0000] {processor.py:839} INFO - DAG(s) dict_keys(['example_branch_dop_operator_v3']) retrieved from /home/airflow/.local/lib/python3.8/site-packages/airflow/example_dags/example_branch_python_dop_operator_3.py
[2024-10-18T23:46:19.733+0000] {logging_mixin.py:151} INFO - [2024-10-18T23:46:19.732+0000] {dag.py:2941} INFO - Sync 1 DAGs
[2024-10-18T23:46:19.782+0000] {logging_mixin.py:151} INFO - [2024-10-18T23:46:19.781+0000] {dag.py:3722} INFO - Setting next_dagrun for example_branch_dop_operator_v3 to 2024-10-18T23:45:00+00:00, run_after=2024-10-18T23:46:00+00:00
[2024-10-18T23:46:19.819+0000] {processor.py:179} INFO - Processing /home/airflow/.local/lib/python3.8/site-packages/airflow/example_dags/example_branch_python_dop_operator_3.py took 0.150 seconds
[2024-10-18T23:46:51.730+0000] {processor.py:157} INFO - Started process (PID=778) to work on /home/airflow/.local/lib/python3.8/site-packages/airflow/example_dags/example_branch_python_dop_operator_3.py
[2024-10-18T23:46:51.735+0000] {processor.py:829} INFO - Processing file /home/airflow/.local/lib/python3.8/site-packages/airflow/example_dags/example_branch_python_dop_operator_3.py for tasks to queue
[2024-10-18T23:46:51.752+0000] {logging_mixin.py:151} INFO - [2024-10-18T23:46:51.752+0000] {dagbag.py:536} INFO - Filling up the DagBag from /home/airflow/.local/lib/python3.8/site-packages/airflow/example_dags/example_branch_python_dop_operator_3.py
[2024-10-18T23:46:51.829+0000] {processor.py:839} INFO - DAG(s) dict_keys(['example_branch_dop_operator_v3']) retrieved from /home/airflow/.local/lib/python3.8/site-packages/airflow/example_dags/example_branch_python_dop_operator_3.py
[2024-10-18T23:46:52.030+0000] {logging_mixin.py:151} INFO - [2024-10-18T23:46:52.029+0000] {dag.py:2941} INFO - Sync 1 DAGs
[2024-10-18T23:46:52.074+0000] {logging_mixin.py:151} INFO - [2024-10-18T23:46:52.074+0000] {dag.py:3722} INFO - Setting next_dagrun for example_branch_dop_operator_v3 to 2024-10-18T23:45:00+00:00, run_after=2024-10-18T23:46:00+00:00
[2024-10-18T23:46:52.111+0000] {processor.py:179} INFO - Processing /home/airflow/.local/lib/python3.8/site-packages/airflow/example_dags/example_branch_python_dop_operator_3.py took 0.388 seconds
[2024-10-18T23:47:22.499+0000] {processor.py:157} INFO - Started process (PID=830) to work on /home/airflow/.local/lib/python3.8/site-packages/airflow/example_dags/example_branch_python_dop_operator_3.py
[2024-10-18T23:47:22.517+0000] {processor.py:829} INFO - Processing file /home/airflow/.local/lib/python3.8/site-packages/airflow/example_dags/example_branch_python_dop_operator_3.py for tasks to queue
[2024-10-18T23:47:22.566+0000] {logging_mixin.py:151} INFO - [2024-10-18T23:47:22.565+0000] {dagbag.py:536} INFO - Filling up the DagBag from /home/airflow/.local/lib/python3.8/site-packages/airflow/example_dags/example_branch_python_dop_operator_3.py
[2024-10-18T23:47:22.616+0000] {processor.py:839} INFO - DAG(s) dict_keys(['example_branch_dop_operator_v3']) retrieved from /home/airflow/.local/lib/python3.8/site-packages/airflow/example_dags/example_branch_python_dop_operator_3.py
[2024-10-18T23:47:22.685+0000] {logging_mixin.py:151} INFO - [2024-10-18T23:47:22.684+0000] {dag.py:2941} INFO - Sync 1 DAGs
[2024-10-18T23:47:22.771+0000] {logging_mixin.py:151} INFO - [2024-10-18T23:47:22.770+0000] {dag.py:3722} INFO - Setting next_dagrun for example_branch_dop_operator_v3 to 2024-10-18T23:46:00+00:00, run_after=2024-10-18T23:47:00+00:00
[2024-10-18T23:47:22.804+0000] {processor.py:179} INFO - Processing /home/airflow/.local/lib/python3.8/site-packages/airflow/example_dags/example_branch_python_dop_operator_3.py took 0.315 seconds
[2024-10-18T23:47:57.103+0000] {processor.py:157} INFO - Started process (PID=877) to work on /home/airflow/.local/lib/python3.8/site-packages/airflow/example_dags/example_branch_python_dop_operator_3.py
[2024-10-18T23:47:57.107+0000] {processor.py:829} INFO - Processing file /home/airflow/.local/lib/python3.8/site-packages/airflow/example_dags/example_branch_python_dop_operator_3.py for tasks to queue
[2024-10-18T23:47:57.121+0000] {logging_mixin.py:151} INFO - [2024-10-18T23:47:57.119+0000] {dagbag.py:536} INFO - Filling up the DagBag from /home/airflow/.local/lib/python3.8/site-packages/airflow/example_dags/example_branch_python_dop_operator_3.py
[2024-10-18T23:47:57.157+0000] {processor.py:839} INFO - DAG(s) dict_keys(['example_branch_dop_operator_v3']) retrieved from /home/airflow/.local/lib/python3.8/site-packages/airflow/example_dags/example_branch_python_dop_operator_3.py
[2024-10-18T23:47:57.480+0000] {logging_mixin.py:151} INFO - [2024-10-18T23:47:57.477+0000] {dag.py:2941} INFO - Sync 1 DAGs
[2024-10-18T23:47:57.678+0000] {logging_mixin.py:151} INFO - [2024-10-18T23:47:57.676+0000] {dag.py:3722} INFO - Setting next_dagrun for example_branch_dop_operator_v3 to 2024-10-18T23:46:00+00:00, run_after=2024-10-18T23:47:00+00:00
[2024-10-18T23:47:57.806+0000] {processor.py:179} INFO - Processing /home/airflow/.local/lib/python3.8/site-packages/airflow/example_dags/example_branch_python_dop_operator_3.py took 0.715 seconds
[2024-10-18T23:48:28.646+0000] {processor.py:157} INFO - Started process (PID=931) to work on /home/airflow/.local/lib/python3.8/site-packages/airflow/example_dags/example_branch_python_dop_operator_3.py
[2024-10-18T23:48:28.648+0000] {processor.py:829} INFO - Processing file /home/airflow/.local/lib/python3.8/site-packages/airflow/example_dags/example_branch_python_dop_operator_3.py for tasks to queue
[2024-10-18T23:48:28.655+0000] {logging_mixin.py:151} INFO - [2024-10-18T23:48:28.654+0000] {dagbag.py:536} INFO - Filling up the DagBag from /home/airflow/.local/lib/python3.8/site-packages/airflow/example_dags/example_branch_python_dop_operator_3.py
[2024-10-18T23:48:28.707+0000] {processor.py:839} INFO - DAG(s) dict_keys(['example_branch_dop_operator_v3']) retrieved from /home/airflow/.local/lib/python3.8/site-packages/airflow/example_dags/example_branch_python_dop_operator_3.py
[2024-10-18T23:48:28.773+0000] {logging_mixin.py:151} INFO - [2024-10-18T23:48:28.773+0000] {dag.py:2941} INFO - Sync 1 DAGs
[2024-10-18T23:48:28.833+0000] {logging_mixin.py:151} INFO - [2024-10-18T23:48:28.833+0000] {dag.py:3722} INFO - Setting next_dagrun for example_branch_dop_operator_v3 to 2024-10-18T23:47:00+00:00, run_after=2024-10-18T23:48:00+00:00
[2024-10-18T23:48:28.886+0000] {processor.py:179} INFO - Processing /home/airflow/.local/lib/python3.8/site-packages/airflow/example_dags/example_branch_python_dop_operator_3.py took 0.250 seconds
[2024-10-18T23:49:03.966+0000] {processor.py:157} INFO - Started process (PID=980) to work on /home/airflow/.local/lib/python3.8/site-packages/airflow/example_dags/example_branch_python_dop_operator_3.py
[2024-10-18T23:49:03.967+0000] {processor.py:829} INFO - Processing file /home/airflow/.local/lib/python3.8/site-packages/airflow/example_dags/example_branch_python_dop_operator_3.py for tasks to queue
[2024-10-18T23:49:03.988+0000] {logging_mixin.py:151} INFO - [2024-10-18T23:49:03.976+0000] {dagbag.py:536} INFO - Filling up the DagBag from /home/airflow/.local/lib/python3.8/site-packages/airflow/example_dags/example_branch_python_dop_operator_3.py
[2024-10-18T23:49:04.042+0000] {processor.py:839} INFO - DAG(s) dict_keys(['example_branch_dop_operator_v3']) retrieved from /home/airflow/.local/lib/python3.8/site-packages/airflow/example_dags/example_branch_python_dop_operator_3.py
[2024-10-18T23:49:04.181+0000] {logging_mixin.py:151} INFO - [2024-10-18T23:49:04.181+0000] {dag.py:2941} INFO - Sync 1 DAGs
[2024-10-18T23:49:04.331+0000] {logging_mixin.py:151} INFO - [2024-10-18T23:49:04.330+0000] {dag.py:3722} INFO - Setting next_dagrun for example_branch_dop_operator_v3 to 2024-10-18T23:48:00+00:00, run_after=2024-10-18T23:49:00+00:00
[2024-10-18T23:49:04.404+0000] {processor.py:179} INFO - Processing /home/airflow/.local/lib/python3.8/site-packages/airflow/example_dags/example_branch_python_dop_operator_3.py took 0.448 seconds
[2024-10-18T23:49:58.397+0000] {processor.py:157} INFO - Started process (PID=1040) to work on /home/airflow/.local/lib/python3.8/site-packages/airflow/example_dags/example_branch_python_dop_operator_3.py
[2024-10-18T23:49:58.418+0000] {processor.py:829} INFO - Processing file /home/airflow/.local/lib/python3.8/site-packages/airflow/example_dags/example_branch_python_dop_operator_3.py for tasks to queue
[2024-10-18T23:49:58.570+0000] {logging_mixin.py:151} INFO - [2024-10-18T23:49:58.569+0000] {dagbag.py:536} INFO - Filling up the DagBag from /home/airflow/.local/lib/python3.8/site-packages/airflow/example_dags/example_branch_python_dop_operator_3.py
[2024-10-18T23:49:59.339+0000] {processor.py:839} INFO - DAG(s) dict_keys(['example_branch_dop_operator_v3']) retrieved from /home/airflow/.local/lib/python3.8/site-packages/airflow/example_dags/example_branch_python_dop_operator_3.py
[2024-10-18T23:50:03.039+0000] {logging_mixin.py:151} INFO - [2024-10-18T23:50:03.014+0000] {dag.py:2941} INFO - Sync 1 DAGs
[2024-10-18T23:50:04.937+0000] {logging_mixin.py:151} INFO - [2024-10-18T23:50:04.936+0000] {dag.py:3722} INFO - Setting next_dagrun for example_branch_dop_operator_v3 to 2024-10-18T23:49:00+00:00, run_after=2024-10-18T23:50:00+00:00
[2024-10-18T23:50:05.714+0000] {processor.py:179} INFO - Processing /home/airflow/.local/lib/python3.8/site-packages/airflow/example_dags/example_branch_python_dop_operator_3.py took 7.595 seconds
[2024-10-18T23:50:36.164+0000] {processor.py:157} INFO - Started process (PID=1093) to work on /home/airflow/.local/lib/python3.8/site-packages/airflow/example_dags/example_branch_python_dop_operator_3.py
[2024-10-18T23:50:36.168+0000] {processor.py:829} INFO - Processing file /home/airflow/.local/lib/python3.8/site-packages/airflow/example_dags/example_branch_python_dop_operator_3.py for tasks to queue
[2024-10-18T23:50:36.177+0000] {logging_mixin.py:151} INFO - [2024-10-18T23:50:36.176+0000] {dagbag.py:536} INFO - Filling up the DagBag from /home/airflow/.local/lib/python3.8/site-packages/airflow/example_dags/example_branch_python_dop_operator_3.py
[2024-10-18T23:50:36.267+0000] {processor.py:839} INFO - DAG(s) dict_keys(['example_branch_dop_operator_v3']) retrieved from /home/airflow/.local/lib/python3.8/site-packages/airflow/example_dags/example_branch_python_dop_operator_3.py
[2024-10-18T23:50:36.520+0000] {logging_mixin.py:151} INFO - [2024-10-18T23:50:36.519+0000] {dag.py:2941} INFO - Sync 1 DAGs
[2024-10-18T23:50:36.882+0000] {logging_mixin.py:151} INFO - [2024-10-18T23:50:36.881+0000] {dag.py:3722} INFO - Setting next_dagrun for example_branch_dop_operator_v3 to 2024-10-18T23:49:00+00:00, run_after=2024-10-18T23:50:00+00:00
[2024-10-18T23:50:36.997+0000] {processor.py:179} INFO - Processing /home/airflow/.local/lib/python3.8/site-packages/airflow/example_dags/example_branch_python_dop_operator_3.py took 0.841 seconds
[2024-10-18T23:51:07.541+0000] {processor.py:157} INFO - Started process (PID=1146) to work on /home/airflow/.local/lib/python3.8/site-packages/airflow/example_dags/example_branch_python_dop_operator_3.py
[2024-10-18T23:51:07.544+0000] {processor.py:829} INFO - Processing file /home/airflow/.local/lib/python3.8/site-packages/airflow/example_dags/example_branch_python_dop_operator_3.py for tasks to queue
[2024-10-18T23:51:07.550+0000] {logging_mixin.py:151} INFO - [2024-10-18T23:51:07.549+0000] {dagbag.py:536} INFO - Filling up the DagBag from /home/airflow/.local/lib/python3.8/site-packages/airflow/example_dags/example_branch_python_dop_operator_3.py
[2024-10-18T23:51:07.570+0000] {processor.py:839} INFO - DAG(s) dict_keys(['example_branch_dop_operator_v3']) retrieved from /home/airflow/.local/lib/python3.8/site-packages/airflow/example_dags/example_branch_python_dop_operator_3.py
[2024-10-18T23:51:07.631+0000] {logging_mixin.py:151} INFO - [2024-10-18T23:51:07.630+0000] {dag.py:2941} INFO - Sync 1 DAGs
[2024-10-18T23:51:07.734+0000] {logging_mixin.py:151} INFO - [2024-10-18T23:51:07.734+0000] {dag.py:3722} INFO - Setting next_dagrun for example_branch_dop_operator_v3 to 2024-10-18T23:50:00+00:00, run_after=2024-10-18T23:51:00+00:00
[2024-10-18T23:51:07.776+0000] {processor.py:179} INFO - Processing /home/airflow/.local/lib/python3.8/site-packages/airflow/example_dags/example_branch_python_dop_operator_3.py took 0.241 seconds
[2024-10-18T23:51:38.369+0000] {processor.py:157} INFO - Started process (PID=1200) to work on /home/airflow/.local/lib/python3.8/site-packages/airflow/example_dags/example_branch_python_dop_operator_3.py
[2024-10-18T23:51:38.372+0000] {processor.py:829} INFO - Processing file /home/airflow/.local/lib/python3.8/site-packages/airflow/example_dags/example_branch_python_dop_operator_3.py for tasks to queue
[2024-10-18T23:51:38.378+0000] {logging_mixin.py:151} INFO - [2024-10-18T23:51:38.378+0000] {dagbag.py:536} INFO - Filling up the DagBag from /home/airflow/.local/lib/python3.8/site-packages/airflow/example_dags/example_branch_python_dop_operator_3.py
[2024-10-18T23:51:38.408+0000] {processor.py:839} INFO - DAG(s) dict_keys(['example_branch_dop_operator_v3']) retrieved from /home/airflow/.local/lib/python3.8/site-packages/airflow/example_dags/example_branch_python_dop_operator_3.py
[2024-10-18T23:51:38.465+0000] {logging_mixin.py:151} INFO - [2024-10-18T23:51:38.464+0000] {dag.py:2941} INFO - Sync 1 DAGs
[2024-10-18T23:51:38.545+0000] {logging_mixin.py:151} INFO - [2024-10-18T23:51:38.544+0000] {dag.py:3722} INFO - Setting next_dagrun for example_branch_dop_operator_v3 to 2024-10-18T23:50:00+00:00, run_after=2024-10-18T23:51:00+00:00
[2024-10-18T23:51:38.845+0000] {processor.py:179} INFO - Processing /home/airflow/.local/lib/python3.8/site-packages/airflow/example_dags/example_branch_python_dop_operator_3.py took 0.484 seconds
[2024-10-18T23:52:09.164+0000] {processor.py:157} INFO - Started process (PID=1253) to work on /home/airflow/.local/lib/python3.8/site-packages/airflow/example_dags/example_branch_python_dop_operator_3.py
[2024-10-18T23:52:09.169+0000] {processor.py:829} INFO - Processing file /home/airflow/.local/lib/python3.8/site-packages/airflow/example_dags/example_branch_python_dop_operator_3.py for tasks to queue
[2024-10-18T23:52:09.178+0000] {logging_mixin.py:151} INFO - [2024-10-18T23:52:09.177+0000] {dagbag.py:536} INFO - Filling up the DagBag from /home/airflow/.local/lib/python3.8/site-packages/airflow/example_dags/example_branch_python_dop_operator_3.py
[2024-10-18T23:52:09.205+0000] {processor.py:839} INFO - DAG(s) dict_keys(['example_branch_dop_operator_v3']) retrieved from /home/airflow/.local/lib/python3.8/site-packages/airflow/example_dags/example_branch_python_dop_operator_3.py
[2024-10-18T23:52:09.296+0000] {logging_mixin.py:151} INFO - [2024-10-18T23:52:09.295+0000] {dag.py:2941} INFO - Sync 1 DAGs
[2024-10-18T23:52:09.397+0000] {logging_mixin.py:151} INFO - [2024-10-18T23:52:09.397+0000] {dag.py:3722} INFO - Setting next_dagrun for example_branch_dop_operator_v3 to 2024-10-18T23:51:00+00:00, run_after=2024-10-18T23:52:00+00:00
[2024-10-18T23:52:09.484+0000] {processor.py:179} INFO - Processing /home/airflow/.local/lib/python3.8/site-packages/airflow/example_dags/example_branch_python_dop_operator_3.py took 0.331 seconds
[2024-10-18T23:52:39.769+0000] {processor.py:157} INFO - Started process (PID=1305) to work on /home/airflow/.local/lib/python3.8/site-packages/airflow/example_dags/example_branch_python_dop_operator_3.py
[2024-10-18T23:52:39.772+0000] {processor.py:829} INFO - Processing file /home/airflow/.local/lib/python3.8/site-packages/airflow/example_dags/example_branch_python_dop_operator_3.py for tasks to queue
[2024-10-18T23:52:39.782+0000] {logging_mixin.py:151} INFO - [2024-10-18T23:52:39.781+0000] {dagbag.py:536} INFO - Filling up the DagBag from /home/airflow/.local/lib/python3.8/site-packages/airflow/example_dags/example_branch_python_dop_operator_3.py
[2024-10-18T23:52:39.815+0000] {processor.py:839} INFO - DAG(s) dict_keys(['example_branch_dop_operator_v3']) retrieved from /home/airflow/.local/lib/python3.8/site-packages/airflow/example_dags/example_branch_python_dop_operator_3.py
[2024-10-18T23:52:39.869+0000] {logging_mixin.py:151} INFO - [2024-10-18T23:52:39.868+0000] {dag.py:2941} INFO - Sync 1 DAGs
[2024-10-18T23:52:39.943+0000] {logging_mixin.py:151} INFO - [2024-10-18T23:52:39.942+0000] {dag.py:3722} INFO - Setting next_dagrun for example_branch_dop_operator_v3 to 2024-10-18T23:51:00+00:00, run_after=2024-10-18T23:52:00+00:00
[2024-10-18T23:52:39.998+0000] {processor.py:179} INFO - Processing /home/airflow/.local/lib/python3.8/site-packages/airflow/example_dags/example_branch_python_dop_operator_3.py took 0.237 seconds
[2024-10-18T23:53:13.392+0000] {processor.py:157} INFO - Started process (PID=1359) to work on /home/airflow/.local/lib/python3.8/site-packages/airflow/example_dags/example_branch_python_dop_operator_3.py
[2024-10-18T23:53:13.395+0000] {processor.py:829} INFO - Processing file /home/airflow/.local/lib/python3.8/site-packages/airflow/example_dags/example_branch_python_dop_operator_3.py for tasks to queue
[2024-10-18T23:53:13.403+0000] {logging_mixin.py:151} INFO - [2024-10-18T23:53:13.401+0000] {dagbag.py:536} INFO - Filling up the DagBag from /home/airflow/.local/lib/python3.8/site-packages/airflow/example_dags/example_branch_python_dop_operator_3.py
[2024-10-18T23:53:13.440+0000] {processor.py:839} INFO - DAG(s) dict_keys(['example_branch_dop_operator_v3']) retrieved from /home/airflow/.local/lib/python3.8/site-packages/airflow/example_dags/example_branch_python_dop_operator_3.py
[2024-10-18T23:53:13.597+0000] {logging_mixin.py:151} INFO - [2024-10-18T23:53:13.596+0000] {dag.py:2941} INFO - Sync 1 DAGs
[2024-10-18T23:53:14.417+0000] {logging_mixin.py:151} INFO - [2024-10-18T23:53:14.388+0000] {dag.py:3722} INFO - Setting next_dagrun for example_branch_dop_operator_v3 to 2024-10-18T23:52:00+00:00, run_after=2024-10-18T23:53:00+00:00
[2024-10-18T23:53:14.710+0000] {processor.py:179} INFO - Processing /home/airflow/.local/lib/python3.8/site-packages/airflow/example_dags/example_branch_python_dop_operator_3.py took 1.334 seconds
[2024-10-18T23:53:50.391+0000] {processor.py:157} INFO - Started process (PID=1400) to work on /home/airflow/.local/lib/python3.8/site-packages/airflow/example_dags/example_branch_python_dop_operator_3.py
[2024-10-18T23:53:50.394+0000] {processor.py:829} INFO - Processing file /home/airflow/.local/lib/python3.8/site-packages/airflow/example_dags/example_branch_python_dop_operator_3.py for tasks to queue
[2024-10-18T23:53:50.400+0000] {logging_mixin.py:151} INFO - [2024-10-18T23:53:50.400+0000] {dagbag.py:536} INFO - Filling up the DagBag from /home/airflow/.local/lib/python3.8/site-packages/airflow/example_dags/example_branch_python_dop_operator_3.py
[2024-10-18T23:53:50.433+0000] {processor.py:839} INFO - DAG(s) dict_keys(['example_branch_dop_operator_v3']) retrieved from /home/airflow/.local/lib/python3.8/site-packages/airflow/example_dags/example_branch_python_dop_operator_3.py
[2024-10-18T23:53:50.510+0000] {logging_mixin.py:151} INFO - [2024-10-18T23:53:50.510+0000] {dag.py:2941} INFO - Sync 1 DAGs
[2024-10-18T23:53:50.599+0000] {logging_mixin.py:151} INFO - [2024-10-18T23:53:50.599+0000] {dag.py:3722} INFO - Setting next_dagrun for example_branch_dop_operator_v3 to 2024-10-18T23:52:00+00:00, run_after=2024-10-18T23:53:00+00:00
[2024-10-18T23:53:50.648+0000] {processor.py:179} INFO - Processing /home/airflow/.local/lib/python3.8/site-packages/airflow/example_dags/example_branch_python_dop_operator_3.py took 0.263 seconds
[2024-10-18T23:54:23.193+0000] {processor.py:157} INFO - Started process (PID=1454) to work on /home/airflow/.local/lib/python3.8/site-packages/airflow/example_dags/example_branch_python_dop_operator_3.py
[2024-10-18T23:54:23.195+0000] {processor.py:829} INFO - Processing file /home/airflow/.local/lib/python3.8/site-packages/airflow/example_dags/example_branch_python_dop_operator_3.py for tasks to queue
[2024-10-18T23:54:23.200+0000] {logging_mixin.py:151} INFO - [2024-10-18T23:54:23.199+0000] {dagbag.py:536} INFO - Filling up the DagBag from /home/airflow/.local/lib/python3.8/site-packages/airflow/example_dags/example_branch_python_dop_operator_3.py
[2024-10-18T23:54:23.217+0000] {processor.py:839} INFO - DAG(s) dict_keys(['example_branch_dop_operator_v3']) retrieved from /home/airflow/.local/lib/python3.8/site-packages/airflow/example_dags/example_branch_python_dop_operator_3.py
[2024-10-18T23:54:23.756+0000] {logging_mixin.py:151} INFO - [2024-10-18T23:54:23.755+0000] {dag.py:2941} INFO - Sync 1 DAGs
[2024-10-18T23:54:23.856+0000] {logging_mixin.py:151} INFO - [2024-10-18T23:54:23.856+0000] {dag.py:3722} INFO - Setting next_dagrun for example_branch_dop_operator_v3 to 2024-10-18T23:53:00+00:00, run_after=2024-10-18T23:54:00+00:00
[2024-10-18T23:54:23.922+0000] {processor.py:179} INFO - Processing /home/airflow/.local/lib/python3.8/site-packages/airflow/example_dags/example_branch_python_dop_operator_3.py took 0.735 seconds
[2024-10-18T23:54:57.282+0000] {processor.py:157} INFO - Started process (PID=1508) to work on /home/airflow/.local/lib/python3.8/site-packages/airflow/example_dags/example_branch_python_dop_operator_3.py
[2024-10-18T23:54:57.285+0000] {processor.py:829} INFO - Processing file /home/airflow/.local/lib/python3.8/site-packages/airflow/example_dags/example_branch_python_dop_operator_3.py for tasks to queue
[2024-10-18T23:54:57.290+0000] {logging_mixin.py:151} INFO - [2024-10-18T23:54:57.289+0000] {dagbag.py:536} INFO - Filling up the DagBag from /home/airflow/.local/lib/python3.8/site-packages/airflow/example_dags/example_branch_python_dop_operator_3.py
[2024-10-18T23:54:57.308+0000] {processor.py:839} INFO - DAG(s) dict_keys(['example_branch_dop_operator_v3']) retrieved from /home/airflow/.local/lib/python3.8/site-packages/airflow/example_dags/example_branch_python_dop_operator_3.py
[2024-10-18T23:54:57.365+0000] {logging_mixin.py:151} INFO - [2024-10-18T23:54:57.365+0000] {dag.py:2941} INFO - Sync 1 DAGs
[2024-10-18T23:54:57.456+0000] {logging_mixin.py:151} INFO - [2024-10-18T23:54:57.455+0000] {dag.py:3722} INFO - Setting next_dagrun for example_branch_dop_operator_v3 to 2024-10-18T23:53:00+00:00, run_after=2024-10-18T23:54:00+00:00
[2024-10-18T23:54:57.510+0000] {processor.py:179} INFO - Processing /home/airflow/.local/lib/python3.8/site-packages/airflow/example_dags/example_branch_python_dop_operator_3.py took 0.239 seconds
[2024-10-18T23:55:28.416+0000] {processor.py:157} INFO - Started process (PID=1560) to work on /home/airflow/.local/lib/python3.8/site-packages/airflow/example_dags/example_branch_python_dop_operator_3.py
[2024-10-18T23:55:28.419+0000] {processor.py:829} INFO - Processing file /home/airflow/.local/lib/python3.8/site-packages/airflow/example_dags/example_branch_python_dop_operator_3.py for tasks to queue
[2024-10-18T23:55:28.425+0000] {logging_mixin.py:151} INFO - [2024-10-18T23:55:28.424+0000] {dagbag.py:536} INFO - Filling up the DagBag from /home/airflow/.local/lib/python3.8/site-packages/airflow/example_dags/example_branch_python_dop_operator_3.py
[2024-10-18T23:55:28.462+0000] {processor.py:839} INFO - DAG(s) dict_keys(['example_branch_dop_operator_v3']) retrieved from /home/airflow/.local/lib/python3.8/site-packages/airflow/example_dags/example_branch_python_dop_operator_3.py
[2024-10-18T23:55:28.620+0000] {logging_mixin.py:151} INFO - [2024-10-18T23:55:28.620+0000] {dag.py:2941} INFO - Sync 1 DAGs
[2024-10-18T23:55:28.838+0000] {logging_mixin.py:151} INFO - [2024-10-18T23:55:28.827+0000] {dag.py:3722} INFO - Setting next_dagrun for example_branch_dop_operator_v3 to 2024-10-18T23:54:00+00:00, run_after=2024-10-18T23:55:00+00:00
[2024-10-18T23:55:28.962+0000] {processor.py:179} INFO - Processing /home/airflow/.local/lib/python3.8/site-packages/airflow/example_dags/example_branch_python_dop_operator_3.py took 0.555 seconds
[2024-10-18T23:56:02.578+0000] {processor.py:157} INFO - Started process (PID=1614) to work on /home/airflow/.local/lib/python3.8/site-packages/airflow/example_dags/example_branch_python_dop_operator_3.py
[2024-10-18T23:56:02.580+0000] {processor.py:829} INFO - Processing file /home/airflow/.local/lib/python3.8/site-packages/airflow/example_dags/example_branch_python_dop_operator_3.py for tasks to queue
[2024-10-18T23:56:02.585+0000] {logging_mixin.py:151} INFO - [2024-10-18T23:56:02.584+0000] {dagbag.py:536} INFO - Filling up the DagBag from /home/airflow/.local/lib/python3.8/site-packages/airflow/example_dags/example_branch_python_dop_operator_3.py
[2024-10-18T23:56:02.619+0000] {processor.py:839} INFO - DAG(s) dict_keys(['example_branch_dop_operator_v3']) retrieved from /home/airflow/.local/lib/python3.8/site-packages/airflow/example_dags/example_branch_python_dop_operator_3.py
[2024-10-18T23:56:02.763+0000] {logging_mixin.py:151} INFO - [2024-10-18T23:56:02.763+0000] {dag.py:2941} INFO - Sync 1 DAGs
[2024-10-18T23:56:02.997+0000] {logging_mixin.py:151} INFO - [2024-10-18T23:56:02.997+0000] {dag.py:3722} INFO - Setting next_dagrun for example_branch_dop_operator_v3 to 2024-10-18T23:55:00+00:00, run_after=2024-10-18T23:56:00+00:00
[2024-10-18T23:56:03.515+0000] {processor.py:179} INFO - Processing /home/airflow/.local/lib/python3.8/site-packages/airflow/example_dags/example_branch_python_dop_operator_3.py took 0.947 seconds
[2024-10-18T23:56:35.837+0000] {processor.py:157} INFO - Started process (PID=1670) to work on /home/airflow/.local/lib/python3.8/site-packages/airflow/example_dags/example_branch_python_dop_operator_3.py
[2024-10-18T23:56:35.838+0000] {processor.py:829} INFO - Processing file /home/airflow/.local/lib/python3.8/site-packages/airflow/example_dags/example_branch_python_dop_operator_3.py for tasks to queue
[2024-10-18T23:56:35.844+0000] {logging_mixin.py:151} INFO - [2024-10-18T23:56:35.844+0000] {dagbag.py:536} INFO - Filling up the DagBag from /home/airflow/.local/lib/python3.8/site-packages/airflow/example_dags/example_branch_python_dop_operator_3.py
[2024-10-18T23:56:35.930+0000] {processor.py:839} INFO - DAG(s) dict_keys(['example_branch_dop_operator_v3']) retrieved from /home/airflow/.local/lib/python3.8/site-packages/airflow/example_dags/example_branch_python_dop_operator_3.py
[2024-10-18T23:56:36.260+0000] {logging_mixin.py:151} INFO - [2024-10-18T23:56:36.250+0000] {dag.py:2941} INFO - Sync 1 DAGs
[2024-10-18T23:56:36.450+0000] {logging_mixin.py:151} INFO - [2024-10-18T23:56:36.448+0000] {dag.py:3722} INFO - Setting next_dagrun for example_branch_dop_operator_v3 to 2024-10-18T23:55:00+00:00, run_after=2024-10-18T23:56:00+00:00
[2024-10-18T23:56:36.564+0000] {processor.py:179} INFO - Processing /home/airflow/.local/lib/python3.8/site-packages/airflow/example_dags/example_branch_python_dop_operator_3.py took 0.736 seconds
[2024-10-18T23:57:16.412+0000] {processor.py:157} INFO - Started process (PID=1716) to work on /home/airflow/.local/lib/python3.8/site-packages/airflow/example_dags/example_branch_python_dop_operator_3.py
[2024-10-18T23:57:16.416+0000] {processor.py:829} INFO - Processing file /home/airflow/.local/lib/python3.8/site-packages/airflow/example_dags/example_branch_python_dop_operator_3.py for tasks to queue
[2024-10-18T23:57:16.441+0000] {logging_mixin.py:151} INFO - [2024-10-18T23:57:16.440+0000] {dagbag.py:536} INFO - Filling up the DagBag from /home/airflow/.local/lib/python3.8/site-packages/airflow/example_dags/example_branch_python_dop_operator_3.py
[2024-10-18T23:57:16.522+0000] {processor.py:839} INFO - DAG(s) dict_keys(['example_branch_dop_operator_v3']) retrieved from /home/airflow/.local/lib/python3.8/site-packages/airflow/example_dags/example_branch_python_dop_operator_3.py
[2024-10-18T23:57:16.683+0000] {logging_mixin.py:151} INFO - [2024-10-18T23:57:16.683+0000] {dag.py:2941} INFO - Sync 1 DAGs
[2024-10-18T23:57:16.813+0000] {logging_mixin.py:151} INFO - [2024-10-18T23:57:16.813+0000] {dag.py:3722} INFO - Setting next_dagrun for example_branch_dop_operator_v3 to 2024-10-18T23:56:00+00:00, run_after=2024-10-18T23:57:00+00:00
[2024-10-18T23:57:16.883+0000] {processor.py:179} INFO - Processing /home/airflow/.local/lib/python3.8/site-packages/airflow/example_dags/example_branch_python_dop_operator_3.py took 0.481 seconds
[2024-10-18T23:57:47.631+0000] {processor.py:157} INFO - Started process (PID=1770) to work on /home/airflow/.local/lib/python3.8/site-packages/airflow/example_dags/example_branch_python_dop_operator_3.py
[2024-10-18T23:57:47.633+0000] {processor.py:829} INFO - Processing file /home/airflow/.local/lib/python3.8/site-packages/airflow/example_dags/example_branch_python_dop_operator_3.py for tasks to queue
[2024-10-18T23:57:47.638+0000] {logging_mixin.py:151} INFO - [2024-10-18T23:57:47.638+0000] {dagbag.py:536} INFO - Filling up the DagBag from /home/airflow/.local/lib/python3.8/site-packages/airflow/example_dags/example_branch_python_dop_operator_3.py
[2024-10-18T23:57:47.660+0000] {processor.py:839} INFO - DAG(s) dict_keys(['example_branch_dop_operator_v3']) retrieved from /home/airflow/.local/lib/python3.8/site-packages/airflow/example_dags/example_branch_python_dop_operator_3.py
[2024-10-18T23:57:47.732+0000] {logging_mixin.py:151} INFO - [2024-10-18T23:57:47.732+0000] {dag.py:2941} INFO - Sync 1 DAGs
[2024-10-18T23:57:47.833+0000] {logging_mixin.py:151} INFO - [2024-10-18T23:57:47.832+0000] {dag.py:3722} INFO - Setting next_dagrun for example_branch_dop_operator_v3 to 2024-10-18T23:56:00+00:00, run_after=2024-10-18T23:57:00+00:00
[2024-10-18T23:57:47.971+0000] {processor.py:179} INFO - Processing /home/airflow/.local/lib/python3.8/site-packages/airflow/example_dags/example_branch_python_dop_operator_3.py took 0.350 seconds
[2024-10-18T23:58:18.229+0000] {processor.py:157} INFO - Started process (PID=1824) to work on /home/airflow/.local/lib/python3.8/site-packages/airflow/example_dags/example_branch_python_dop_operator_3.py
[2024-10-18T23:58:18.241+0000] {processor.py:829} INFO - Processing file /home/airflow/.local/lib/python3.8/site-packages/airflow/example_dags/example_branch_python_dop_operator_3.py for tasks to queue
[2024-10-18T23:58:18.251+0000] {logging_mixin.py:151} INFO - [2024-10-18T23:58:18.250+0000] {dagbag.py:536} INFO - Filling up the DagBag from /home/airflow/.local/lib/python3.8/site-packages/airflow/example_dags/example_branch_python_dop_operator_3.py
[2024-10-18T23:58:18.305+0000] {processor.py:839} INFO - DAG(s) dict_keys(['example_branch_dop_operator_v3']) retrieved from /home/airflow/.local/lib/python3.8/site-packages/airflow/example_dags/example_branch_python_dop_operator_3.py
[2024-10-18T23:58:18.452+0000] {logging_mixin.py:151} INFO - [2024-10-18T23:58:18.452+0000] {dag.py:2941} INFO - Sync 1 DAGs
[2024-10-18T23:58:18.588+0000] {logging_mixin.py:151} INFO - [2024-10-18T23:58:18.578+0000] {dag.py:3722} INFO - Setting next_dagrun for example_branch_dop_operator_v3 to 2024-10-18T23:57:00+00:00, run_after=2024-10-18T23:58:00+00:00
[2024-10-18T23:58:18.904+0000] {processor.py:179} INFO - Processing /home/airflow/.local/lib/python3.8/site-packages/airflow/example_dags/example_branch_python_dop_operator_3.py took 0.684 seconds
[2024-10-18T23:58:49.054+0000] {processor.py:157} INFO - Started process (PID=1878) to work on /home/airflow/.local/lib/python3.8/site-packages/airflow/example_dags/example_branch_python_dop_operator_3.py
[2024-10-18T23:58:49.056+0000] {processor.py:829} INFO - Processing file /home/airflow/.local/lib/python3.8/site-packages/airflow/example_dags/example_branch_python_dop_operator_3.py for tasks to queue
[2024-10-18T23:58:49.062+0000] {logging_mixin.py:151} INFO - [2024-10-18T23:58:49.061+0000] {dagbag.py:536} INFO - Filling up the DagBag from /home/airflow/.local/lib/python3.8/site-packages/airflow/example_dags/example_branch_python_dop_operator_3.py
[2024-10-18T23:58:49.097+0000] {processor.py:839} INFO - DAG(s) dict_keys(['example_branch_dop_operator_v3']) retrieved from /home/airflow/.local/lib/python3.8/site-packages/airflow/example_dags/example_branch_python_dop_operator_3.py
[2024-10-18T23:58:49.220+0000] {logging_mixin.py:151} INFO - [2024-10-18T23:58:49.219+0000] {dag.py:2941} INFO - Sync 1 DAGs
[2024-10-18T23:58:49.300+0000] {logging_mixin.py:151} INFO - [2024-10-18T23:58:49.300+0000] {dag.py:3722} INFO - Setting next_dagrun for example_branch_dop_operator_v3 to 2024-10-18T23:57:00+00:00, run_after=2024-10-18T23:58:00+00:00
[2024-10-18T23:58:49.335+0000] {processor.py:179} INFO - Processing /home/airflow/.local/lib/python3.8/site-packages/airflow/example_dags/example_branch_python_dop_operator_3.py took 0.288 seconds
[2024-10-18T23:59:19.463+0000] {processor.py:157} INFO - Started process (PID=1931) to work on /home/airflow/.local/lib/python3.8/site-packages/airflow/example_dags/example_branch_python_dop_operator_3.py
[2024-10-18T23:59:19.465+0000] {processor.py:829} INFO - Processing file /home/airflow/.local/lib/python3.8/site-packages/airflow/example_dags/example_branch_python_dop_operator_3.py for tasks to queue
[2024-10-18T23:59:19.470+0000] {logging_mixin.py:151} INFO - [2024-10-18T23:59:19.469+0000] {dagbag.py:536} INFO - Filling up the DagBag from /home/airflow/.local/lib/python3.8/site-packages/airflow/example_dags/example_branch_python_dop_operator_3.py
[2024-10-18T23:59:19.486+0000] {processor.py:839} INFO - DAG(s) dict_keys(['example_branch_dop_operator_v3']) retrieved from /home/airflow/.local/lib/python3.8/site-packages/airflow/example_dags/example_branch_python_dop_operator_3.py
[2024-10-18T23:59:19.518+0000] {logging_mixin.py:151} INFO - [2024-10-18T23:59:19.518+0000] {dag.py:2941} INFO - Sync 1 DAGs
[2024-10-18T23:59:19.558+0000] {logging_mixin.py:151} INFO - [2024-10-18T23:59:19.558+0000] {dag.py:3722} INFO - Setting next_dagrun for example_branch_dop_operator_v3 to 2024-10-18T23:58:00+00:00, run_after=2024-10-18T23:59:00+00:00
[2024-10-18T23:59:19.593+0000] {processor.py:179} INFO - Processing /home/airflow/.local/lib/python3.8/site-packages/airflow/example_dags/example_branch_python_dop_operator_3.py took 0.135 seconds
[2024-10-18T23:59:50.345+0000] {processor.py:157} INFO - Started process (PID=1985) to work on /home/airflow/.local/lib/python3.8/site-packages/airflow/example_dags/example_branch_python_dop_operator_3.py
[2024-10-18T23:59:50.350+0000] {processor.py:829} INFO - Processing file /home/airflow/.local/lib/python3.8/site-packages/airflow/example_dags/example_branch_python_dop_operator_3.py for tasks to queue
[2024-10-18T23:59:50.364+0000] {logging_mixin.py:151} INFO - [2024-10-18T23:59:50.361+0000] {dagbag.py:536} INFO - Filling up the DagBag from /home/airflow/.local/lib/python3.8/site-packages/airflow/example_dags/example_branch_python_dop_operator_3.py
[2024-10-18T23:59:50.412+0000] {processor.py:839} INFO - DAG(s) dict_keys(['example_branch_dop_operator_v3']) retrieved from /home/airflow/.local/lib/python3.8/site-packages/airflow/example_dags/example_branch_python_dop_operator_3.py
[2024-10-18T23:59:50.623+0000] {logging_mixin.py:151} INFO - [2024-10-18T23:59:50.622+0000] {dag.py:2941} INFO - Sync 1 DAGs
[2024-10-18T23:59:51.216+0000] {logging_mixin.py:151} INFO - [2024-10-18T23:59:51.216+0000] {dag.py:3722} INFO - Setting next_dagrun for example_branch_dop_operator_v3 to 2024-10-18T23:58:00+00:00, run_after=2024-10-18T23:59:00+00:00
[2024-10-18T23:59:51.332+0000] {processor.py:179} INFO - Processing /home/airflow/.local/lib/python3.8/site-packages/airflow/example_dags/example_branch_python_dop_operator_3.py took 1.022 seconds
