[2024-10-18T23:31:55.714+0000] {processor.py:157} INFO - Started process (PID=110) to work on /home/airflow/.local/lib/python3.8/site-packages/airflow/example_dags/example_nested_branch_dag.py
[2024-10-18T23:31:55.715+0000] {processor.py:829} INFO - Processing file /home/airflow/.local/lib/python3.8/site-packages/airflow/example_dags/example_nested_branch_dag.py for tasks to queue
[2024-10-18T23:31:55.718+0000] {logging_mixin.py:151} INFO - [2024-10-18T23:31:55.718+0000] {dagbag.py:536} INFO - Filling up the DagBag from /home/airflow/.local/lib/python3.8/site-packages/airflow/example_dags/example_nested_branch_dag.py
[2024-10-18T23:31:55.881+0000] {processor.py:839} INFO - DAG(s) dict_keys(['example_nested_branch_dag']) retrieved from /home/airflow/.local/lib/python3.8/site-packages/airflow/example_dags/example_nested_branch_dag.py
[2024-10-18T23:31:56.031+0000] {logging_mixin.py:151} INFO - [2024-10-18T23:31:56.030+0000] {dag.py:2941} INFO - Sync 1 DAGs
[2024-10-18T23:31:56.108+0000] {logging_mixin.py:151} INFO - [2024-10-18T23:31:56.108+0000] {dag.py:3722} INFO - Setting next_dagrun for example_nested_branch_dag to 2024-10-17T00:00:00+00:00, run_after=2024-10-18T00:00:00+00:00
[2024-10-18T23:31:56.676+0000] {processor.py:179} INFO - Processing /home/airflow/.local/lib/python3.8/site-packages/airflow/example_dags/example_nested_branch_dag.py took 0.973 seconds
[2024-10-18T23:32:26.953+0000] {processor.py:157} INFO - Started process (PID=164) to work on /home/airflow/.local/lib/python3.8/site-packages/airflow/example_dags/example_nested_branch_dag.py
[2024-10-18T23:32:26.955+0000] {processor.py:829} INFO - Processing file /home/airflow/.local/lib/python3.8/site-packages/airflow/example_dags/example_nested_branch_dag.py for tasks to queue
[2024-10-18T23:32:26.961+0000] {logging_mixin.py:151} INFO - [2024-10-18T23:32:26.960+0000] {dagbag.py:536} INFO - Filling up the DagBag from /home/airflow/.local/lib/python3.8/site-packages/airflow/example_dags/example_nested_branch_dag.py
[2024-10-18T23:32:26.987+0000] {processor.py:839} INFO - DAG(s) dict_keys(['example_nested_branch_dag']) retrieved from /home/airflow/.local/lib/python3.8/site-packages/airflow/example_dags/example_nested_branch_dag.py
[2024-10-18T23:32:27.056+0000] {logging_mixin.py:151} INFO - [2024-10-18T23:32:27.056+0000] {dag.py:2941} INFO - Sync 1 DAGs
[2024-10-18T23:32:27.112+0000] {logging_mixin.py:151} INFO - [2024-10-18T23:32:27.111+0000] {dag.py:3722} INFO - Setting next_dagrun for example_nested_branch_dag to 2024-10-17T00:00:00+00:00, run_after=2024-10-18T00:00:00+00:00
[2024-10-18T23:32:27.165+0000] {processor.py:179} INFO - Processing /home/airflow/.local/lib/python3.8/site-packages/airflow/example_dags/example_nested_branch_dag.py took 0.220 seconds
[2024-10-18T23:32:58.433+0000] {processor.py:157} INFO - Started process (PID=218) to work on /home/airflow/.local/lib/python3.8/site-packages/airflow/example_dags/example_nested_branch_dag.py
[2024-10-18T23:32:58.449+0000] {processor.py:829} INFO - Processing file /home/airflow/.local/lib/python3.8/site-packages/airflow/example_dags/example_nested_branch_dag.py for tasks to queue
[2024-10-18T23:32:58.476+0000] {logging_mixin.py:151} INFO - [2024-10-18T23:32:58.475+0000] {dagbag.py:536} INFO - Filling up the DagBag from /home/airflow/.local/lib/python3.8/site-packages/airflow/example_dags/example_nested_branch_dag.py
[2024-10-18T23:32:58.729+0000] {processor.py:839} INFO - DAG(s) dict_keys(['example_nested_branch_dag']) retrieved from /home/airflow/.local/lib/python3.8/site-packages/airflow/example_dags/example_nested_branch_dag.py
[2024-10-18T23:32:58.922+0000] {logging_mixin.py:151} INFO - [2024-10-18T23:32:58.922+0000] {dag.py:2941} INFO - Sync 1 DAGs
[2024-10-18T23:32:59.070+0000] {logging_mixin.py:151} INFO - [2024-10-18T23:32:59.069+0000] {dag.py:3722} INFO - Setting next_dagrun for example_nested_branch_dag to 2024-10-17T00:00:00+00:00, run_after=2024-10-18T00:00:00+00:00
[2024-10-18T23:32:59.167+0000] {processor.py:179} INFO - Processing /home/airflow/.local/lib/python3.8/site-packages/airflow/example_dags/example_nested_branch_dag.py took 0.758 seconds
[2024-10-18T23:33:29.394+0000] {processor.py:157} INFO - Started process (PID=272) to work on /home/airflow/.local/lib/python3.8/site-packages/airflow/example_dags/example_nested_branch_dag.py
[2024-10-18T23:33:29.395+0000] {processor.py:829} INFO - Processing file /home/airflow/.local/lib/python3.8/site-packages/airflow/example_dags/example_nested_branch_dag.py for tasks to queue
[2024-10-18T23:33:29.399+0000] {logging_mixin.py:151} INFO - [2024-10-18T23:33:29.399+0000] {dagbag.py:536} INFO - Filling up the DagBag from /home/airflow/.local/lib/python3.8/site-packages/airflow/example_dags/example_nested_branch_dag.py
[2024-10-18T23:33:29.417+0000] {processor.py:839} INFO - DAG(s) dict_keys(['example_nested_branch_dag']) retrieved from /home/airflow/.local/lib/python3.8/site-packages/airflow/example_dags/example_nested_branch_dag.py
[2024-10-18T23:33:29.453+0000] {logging_mixin.py:151} INFO - [2024-10-18T23:33:29.453+0000] {dag.py:2941} INFO - Sync 1 DAGs
[2024-10-18T23:33:29.493+0000] {logging_mixin.py:151} INFO - [2024-10-18T23:33:29.492+0000] {dag.py:3722} INFO - Setting next_dagrun for example_nested_branch_dag to 2024-10-17T00:00:00+00:00, run_after=2024-10-18T00:00:00+00:00
[2024-10-18T23:33:29.529+0000] {processor.py:179} INFO - Processing /home/airflow/.local/lib/python3.8/site-packages/airflow/example_dags/example_nested_branch_dag.py took 0.141 seconds
[2024-10-18T23:34:00.376+0000] {processor.py:157} INFO - Started process (PID=326) to work on /home/airflow/.local/lib/python3.8/site-packages/airflow/example_dags/example_nested_branch_dag.py
[2024-10-18T23:34:00.382+0000] {processor.py:829} INFO - Processing file /home/airflow/.local/lib/python3.8/site-packages/airflow/example_dags/example_nested_branch_dag.py for tasks to queue
[2024-10-18T23:34:00.388+0000] {logging_mixin.py:151} INFO - [2024-10-18T23:34:00.388+0000] {dagbag.py:536} INFO - Filling up the DagBag from /home/airflow/.local/lib/python3.8/site-packages/airflow/example_dags/example_nested_branch_dag.py
[2024-10-18T23:34:00.447+0000] {processor.py:839} INFO - DAG(s) dict_keys(['example_nested_branch_dag']) retrieved from /home/airflow/.local/lib/python3.8/site-packages/airflow/example_dags/example_nested_branch_dag.py
[2024-10-18T23:34:00.533+0000] {logging_mixin.py:151} INFO - [2024-10-18T23:34:00.533+0000] {dag.py:2941} INFO - Sync 1 DAGs
[2024-10-18T23:34:00.613+0000] {logging_mixin.py:151} INFO - [2024-10-18T23:34:00.613+0000] {dag.py:3722} INFO - Setting next_dagrun for example_nested_branch_dag to 2024-10-17T00:00:00+00:00, run_after=2024-10-18T00:00:00+00:00
[2024-10-18T23:34:00.734+0000] {processor.py:179} INFO - Processing /home/airflow/.local/lib/python3.8/site-packages/airflow/example_dags/example_nested_branch_dag.py took 0.372 seconds
[2024-10-18T23:34:31.202+0000] {processor.py:157} INFO - Started process (PID=380) to work on /home/airflow/.local/lib/python3.8/site-packages/airflow/example_dags/example_nested_branch_dag.py
[2024-10-18T23:34:31.204+0000] {processor.py:829} INFO - Processing file /home/airflow/.local/lib/python3.8/site-packages/airflow/example_dags/example_nested_branch_dag.py for tasks to queue
[2024-10-18T23:34:31.209+0000] {logging_mixin.py:151} INFO - [2024-10-18T23:34:31.208+0000] {dagbag.py:536} INFO - Filling up the DagBag from /home/airflow/.local/lib/python3.8/site-packages/airflow/example_dags/example_nested_branch_dag.py
[2024-10-18T23:34:31.237+0000] {processor.py:839} INFO - DAG(s) dict_keys(['example_nested_branch_dag']) retrieved from /home/airflow/.local/lib/python3.8/site-packages/airflow/example_dags/example_nested_branch_dag.py
[2024-10-18T23:34:31.309+0000] {logging_mixin.py:151} INFO - [2024-10-18T23:34:31.308+0000] {dag.py:2941} INFO - Sync 1 DAGs
[2024-10-18T23:34:31.381+0000] {logging_mixin.py:151} INFO - [2024-10-18T23:34:31.380+0000] {dag.py:3722} INFO - Setting next_dagrun for example_nested_branch_dag to 2024-10-17T00:00:00+00:00, run_after=2024-10-18T00:00:00+00:00
[2024-10-18T23:34:31.435+0000] {processor.py:179} INFO - Processing /home/airflow/.local/lib/python3.8/site-packages/airflow/example_dags/example_nested_branch_dag.py took 0.240 seconds
[2024-10-18T23:35:01.747+0000] {processor.py:157} INFO - Started process (PID=434) to work on /home/airflow/.local/lib/python3.8/site-packages/airflow/example_dags/example_nested_branch_dag.py
[2024-10-18T23:35:01.755+0000] {processor.py:829} INFO - Processing file /home/airflow/.local/lib/python3.8/site-packages/airflow/example_dags/example_nested_branch_dag.py for tasks to queue
[2024-10-18T23:35:01.762+0000] {logging_mixin.py:151} INFO - [2024-10-18T23:35:01.761+0000] {dagbag.py:536} INFO - Filling up the DagBag from /home/airflow/.local/lib/python3.8/site-packages/airflow/example_dags/example_nested_branch_dag.py
[2024-10-18T23:35:01.786+0000] {processor.py:839} INFO - DAG(s) dict_keys(['example_nested_branch_dag']) retrieved from /home/airflow/.local/lib/python3.8/site-packages/airflow/example_dags/example_nested_branch_dag.py
[2024-10-18T23:35:01.859+0000] {logging_mixin.py:151} INFO - [2024-10-18T23:35:01.859+0000] {dag.py:2941} INFO - Sync 1 DAGs
[2024-10-18T23:35:01.920+0000] {logging_mixin.py:151} INFO - [2024-10-18T23:35:01.920+0000] {dag.py:3722} INFO - Setting next_dagrun for example_nested_branch_dag to 2024-10-17T00:00:00+00:00, run_after=2024-10-18T00:00:00+00:00
[2024-10-18T23:35:01.968+0000] {processor.py:179} INFO - Processing /home/airflow/.local/lib/python3.8/site-packages/airflow/example_dags/example_nested_branch_dag.py took 0.229 seconds
[2024-10-18T23:35:32.574+0000] {processor.py:157} INFO - Started process (PID=486) to work on /home/airflow/.local/lib/python3.8/site-packages/airflow/example_dags/example_nested_branch_dag.py
[2024-10-18T23:35:32.576+0000] {processor.py:829} INFO - Processing file /home/airflow/.local/lib/python3.8/site-packages/airflow/example_dags/example_nested_branch_dag.py for tasks to queue
[2024-10-18T23:35:32.581+0000] {logging_mixin.py:151} INFO - [2024-10-18T23:35:32.581+0000] {dagbag.py:536} INFO - Filling up the DagBag from /home/airflow/.local/lib/python3.8/site-packages/airflow/example_dags/example_nested_branch_dag.py
[2024-10-18T23:35:32.614+0000] {processor.py:839} INFO - DAG(s) dict_keys(['example_nested_branch_dag']) retrieved from /home/airflow/.local/lib/python3.8/site-packages/airflow/example_dags/example_nested_branch_dag.py
[2024-10-18T23:35:32.687+0000] {logging_mixin.py:151} INFO - [2024-10-18T23:35:32.687+0000] {dag.py:2941} INFO - Sync 1 DAGs
[2024-10-18T23:35:32.787+0000] {logging_mixin.py:151} INFO - [2024-10-18T23:35:32.786+0000] {dag.py:3722} INFO - Setting next_dagrun for example_nested_branch_dag to 2024-10-17T00:00:00+00:00, run_after=2024-10-18T00:00:00+00:00
[2024-10-18T23:35:32.845+0000] {processor.py:179} INFO - Processing /home/airflow/.local/lib/python3.8/site-packages/airflow/example_dags/example_nested_branch_dag.py took 0.278 seconds
[2024-10-18T23:36:03.275+0000] {processor.py:157} INFO - Started process (PID=540) to work on /home/airflow/.local/lib/python3.8/site-packages/airflow/example_dags/example_nested_branch_dag.py
[2024-10-18T23:36:03.278+0000] {processor.py:829} INFO - Processing file /home/airflow/.local/lib/python3.8/site-packages/airflow/example_dags/example_nested_branch_dag.py for tasks to queue
[2024-10-18T23:36:03.284+0000] {logging_mixin.py:151} INFO - [2024-10-18T23:36:03.284+0000] {dagbag.py:536} INFO - Filling up the DagBag from /home/airflow/.local/lib/python3.8/site-packages/airflow/example_dags/example_nested_branch_dag.py
[2024-10-18T23:36:03.435+0000] {processor.py:839} INFO - DAG(s) dict_keys(['example_nested_branch_dag']) retrieved from /home/airflow/.local/lib/python3.8/site-packages/airflow/example_dags/example_nested_branch_dag.py
[2024-10-18T23:36:03.638+0000] {logging_mixin.py:151} INFO - [2024-10-18T23:36:03.637+0000] {dag.py:2941} INFO - Sync 1 DAGs
[2024-10-18T23:36:03.720+0000] {logging_mixin.py:151} INFO - [2024-10-18T23:36:03.719+0000] {dag.py:3722} INFO - Setting next_dagrun for example_nested_branch_dag to 2024-10-17T00:00:00+00:00, run_after=2024-10-18T00:00:00+00:00
[2024-10-18T23:36:03.770+0000] {processor.py:179} INFO - Processing /home/airflow/.local/lib/python3.8/site-packages/airflow/example_dags/example_nested_branch_dag.py took 0.511 seconds
[2024-10-18T23:38:59.683+0000] {processor.py:157} INFO - Started process (PID=110) to work on /home/airflow/.local/lib/python3.8/site-packages/airflow/example_dags/example_nested_branch_dag.py
[2024-10-18T23:38:59.686+0000] {processor.py:829} INFO - Processing file /home/airflow/.local/lib/python3.8/site-packages/airflow/example_dags/example_nested_branch_dag.py for tasks to queue
[2024-10-18T23:38:59.695+0000] {logging_mixin.py:151} INFO - [2024-10-18T23:38:59.694+0000] {dagbag.py:536} INFO - Filling up the DagBag from /home/airflow/.local/lib/python3.8/site-packages/airflow/example_dags/example_nested_branch_dag.py
[2024-10-18T23:38:59.759+0000] {processor.py:839} INFO - DAG(s) dict_keys(['example_nested_branch_dag']) retrieved from /home/airflow/.local/lib/python3.8/site-packages/airflow/example_dags/example_nested_branch_dag.py
[2024-10-18T23:39:00.104+0000] {logging_mixin.py:151} INFO - [2024-10-18T23:39:00.104+0000] {dag.py:2941} INFO - Sync 1 DAGs
[2024-10-18T23:39:00.207+0000] {logging_mixin.py:151} INFO - [2024-10-18T23:39:00.207+0000] {dag.py:3722} INFO - Setting next_dagrun for example_nested_branch_dag to 2024-10-17T00:00:00+00:00, run_after=2024-10-18T00:00:00+00:00
[2024-10-18T23:39:00.262+0000] {processor.py:179} INFO - Processing /home/airflow/.local/lib/python3.8/site-packages/airflow/example_dags/example_nested_branch_dag.py took 0.597 seconds
[2024-10-18T23:39:30.626+0000] {processor.py:157} INFO - Started process (PID=164) to work on /home/airflow/.local/lib/python3.8/site-packages/airflow/example_dags/example_nested_branch_dag.py
[2024-10-18T23:39:30.631+0000] {processor.py:829} INFO - Processing file /home/airflow/.local/lib/python3.8/site-packages/airflow/example_dags/example_nested_branch_dag.py for tasks to queue
[2024-10-18T23:39:30.668+0000] {logging_mixin.py:151} INFO - [2024-10-18T23:39:30.651+0000] {dagbag.py:536} INFO - Filling up the DagBag from /home/airflow/.local/lib/python3.8/site-packages/airflow/example_dags/example_nested_branch_dag.py
[2024-10-18T23:39:30.779+0000] {processor.py:839} INFO - DAG(s) dict_keys(['example_nested_branch_dag']) retrieved from /home/airflow/.local/lib/python3.8/site-packages/airflow/example_dags/example_nested_branch_dag.py
[2024-10-18T23:39:30.857+0000] {logging_mixin.py:151} INFO - [2024-10-18T23:39:30.856+0000] {dag.py:2941} INFO - Sync 1 DAGs
[2024-10-18T23:39:30.900+0000] {logging_mixin.py:151} INFO - [2024-10-18T23:39:30.899+0000] {dag.py:3722} INFO - Setting next_dagrun for example_nested_branch_dag to 2024-10-17T00:00:00+00:00, run_after=2024-10-18T00:00:00+00:00
[2024-10-18T23:39:30.943+0000] {processor.py:179} INFO - Processing /home/airflow/.local/lib/python3.8/site-packages/airflow/example_dags/example_nested_branch_dag.py took 0.357 seconds
[2024-10-18T23:40:01.408+0000] {processor.py:157} INFO - Started process (PID=218) to work on /home/airflow/.local/lib/python3.8/site-packages/airflow/example_dags/example_nested_branch_dag.py
[2024-10-18T23:40:01.410+0000] {processor.py:829} INFO - Processing file /home/airflow/.local/lib/python3.8/site-packages/airflow/example_dags/example_nested_branch_dag.py for tasks to queue
[2024-10-18T23:40:01.416+0000] {logging_mixin.py:151} INFO - [2024-10-18T23:40:01.415+0000] {dagbag.py:536} INFO - Filling up the DagBag from /home/airflow/.local/lib/python3.8/site-packages/airflow/example_dags/example_nested_branch_dag.py
[2024-10-18T23:40:01.444+0000] {processor.py:839} INFO - DAG(s) dict_keys(['example_nested_branch_dag']) retrieved from /home/airflow/.local/lib/python3.8/site-packages/airflow/example_dags/example_nested_branch_dag.py
[2024-10-18T23:40:01.552+0000] {logging_mixin.py:151} INFO - [2024-10-18T23:40:01.552+0000] {dag.py:2941} INFO - Sync 1 DAGs
[2024-10-18T23:40:01.783+0000] {logging_mixin.py:151} INFO - [2024-10-18T23:40:01.782+0000] {dag.py:3722} INFO - Setting next_dagrun for example_nested_branch_dag to 2024-10-17T00:00:00+00:00, run_after=2024-10-18T00:00:00+00:00
[2024-10-18T23:40:01.850+0000] {processor.py:179} INFO - Processing /home/airflow/.local/lib/python3.8/site-packages/airflow/example_dags/example_nested_branch_dag.py took 0.453 seconds
[2024-10-18T23:41:07.230+0000] {processor.py:157} INFO - Started process (PID=278) to work on /home/airflow/.local/lib/python3.8/site-packages/airflow/example_dags/example_nested_branch_dag.py
[2024-10-18T23:41:07.232+0000] {processor.py:829} INFO - Processing file /home/airflow/.local/lib/python3.8/site-packages/airflow/example_dags/example_nested_branch_dag.py for tasks to queue
[2024-10-18T23:41:07.240+0000] {logging_mixin.py:151} INFO - [2024-10-18T23:41:07.236+0000] {dagbag.py:536} INFO - Filling up the DagBag from /home/airflow/.local/lib/python3.8/site-packages/airflow/example_dags/example_nested_branch_dag.py
[2024-10-18T23:41:07.479+0000] {processor.py:839} INFO - DAG(s) dict_keys(['example_nested_branch_dag']) retrieved from /home/airflow/.local/lib/python3.8/site-packages/airflow/example_dags/example_nested_branch_dag.py
[2024-10-18T23:41:08.011+0000] {logging_mixin.py:151} INFO - [2024-10-18T23:41:07.961+0000] {dag.py:2941} INFO - Sync 1 DAGs
[2024-10-18T23:41:08.247+0000] {logging_mixin.py:151} INFO - [2024-10-18T23:41:08.212+0000] {dag.py:3722} INFO - Setting next_dagrun for example_nested_branch_dag to 2024-10-17T00:00:00+00:00, run_after=2024-10-18T00:00:00+00:00
[2024-10-18T23:41:08.427+0000] {processor.py:179} INFO - Processing /home/airflow/.local/lib/python3.8/site-packages/airflow/example_dags/example_nested_branch_dag.py took 1.229 seconds
[2024-10-18T23:41:38.565+0000] {processor.py:157} INFO - Started process (PID=332) to work on /home/airflow/.local/lib/python3.8/site-packages/airflow/example_dags/example_nested_branch_dag.py
[2024-10-18T23:41:38.568+0000] {processor.py:829} INFO - Processing file /home/airflow/.local/lib/python3.8/site-packages/airflow/example_dags/example_nested_branch_dag.py for tasks to queue
[2024-10-18T23:41:38.572+0000] {logging_mixin.py:151} INFO - [2024-10-18T23:41:38.572+0000] {dagbag.py:536} INFO - Filling up the DagBag from /home/airflow/.local/lib/python3.8/site-packages/airflow/example_dags/example_nested_branch_dag.py
[2024-10-18T23:41:38.609+0000] {processor.py:839} INFO - DAG(s) dict_keys(['example_nested_branch_dag']) retrieved from /home/airflow/.local/lib/python3.8/site-packages/airflow/example_dags/example_nested_branch_dag.py
[2024-10-18T23:41:38.729+0000] {logging_mixin.py:151} INFO - [2024-10-18T23:41:38.729+0000] {dag.py:2941} INFO - Sync 1 DAGs
[2024-10-18T23:41:38.950+0000] {logging_mixin.py:151} INFO - [2024-10-18T23:41:38.950+0000] {dag.py:3722} INFO - Setting next_dagrun for example_nested_branch_dag to 2024-10-17T00:00:00+00:00, run_after=2024-10-18T00:00:00+00:00
[2024-10-18T23:41:39.052+0000] {processor.py:179} INFO - Processing /home/airflow/.local/lib/python3.8/site-packages/airflow/example_dags/example_nested_branch_dag.py took 0.494 seconds
[2024-10-18T23:43:23.090+0000] {processor.py:157} INFO - Started process (PID=418) to work on /home/airflow/.local/lib/python3.8/site-packages/airflow/example_dags/example_nested_branch_dag.py
[2024-10-18T23:43:23.093+0000] {processor.py:829} INFO - Processing file /home/airflow/.local/lib/python3.8/site-packages/airflow/example_dags/example_nested_branch_dag.py for tasks to queue
[2024-10-18T23:43:23.103+0000] {logging_mixin.py:151} INFO - [2024-10-18T23:43:23.099+0000] {dagbag.py:536} INFO - Filling up the DagBag from /home/airflow/.local/lib/python3.8/site-packages/airflow/example_dags/example_nested_branch_dag.py
[2024-10-18T23:43:23.653+0000] {processor.py:839} INFO - DAG(s) dict_keys(['example_nested_branch_dag']) retrieved from /home/airflow/.local/lib/python3.8/site-packages/airflow/example_dags/example_nested_branch_dag.py
[2024-10-18T23:43:24.867+0000] {logging_mixin.py:151} INFO - [2024-10-18T23:43:24.860+0000] {dag.py:2941} INFO - Sync 1 DAGs
[2024-10-18T23:43:25.470+0000] {logging_mixin.py:151} INFO - [2024-10-18T23:43:25.470+0000] {dag.py:3722} INFO - Setting next_dagrun for example_nested_branch_dag to 2024-10-17T00:00:00+00:00, run_after=2024-10-18T00:00:00+00:00
[2024-10-18T23:43:25.966+0000] {processor.py:179} INFO - Processing /home/airflow/.local/lib/python3.8/site-packages/airflow/example_dags/example_nested_branch_dag.py took 2.905 seconds
[2024-10-18T23:43:58.033+0000] {processor.py:157} INFO - Started process (PID=474) to work on /home/airflow/.local/lib/python3.8/site-packages/airflow/example_dags/example_nested_branch_dag.py
[2024-10-18T23:43:58.038+0000] {processor.py:829} INFO - Processing file /home/airflow/.local/lib/python3.8/site-packages/airflow/example_dags/example_nested_branch_dag.py for tasks to queue
[2024-10-18T23:43:58.047+0000] {logging_mixin.py:151} INFO - [2024-10-18T23:43:58.047+0000] {dagbag.py:536} INFO - Filling up the DagBag from /home/airflow/.local/lib/python3.8/site-packages/airflow/example_dags/example_nested_branch_dag.py
[2024-10-18T23:43:58.091+0000] {processor.py:839} INFO - DAG(s) dict_keys(['example_nested_branch_dag']) retrieved from /home/airflow/.local/lib/python3.8/site-packages/airflow/example_dags/example_nested_branch_dag.py
[2024-10-18T23:43:58.160+0000] {logging_mixin.py:151} INFO - [2024-10-18T23:43:58.160+0000] {dag.py:2941} INFO - Sync 1 DAGs
[2024-10-18T23:43:58.227+0000] {logging_mixin.py:151} INFO - [2024-10-18T23:43:58.226+0000] {dag.py:3722} INFO - Setting next_dagrun for example_nested_branch_dag to 2024-10-17T00:00:00+00:00, run_after=2024-10-18T00:00:00+00:00
[2024-10-18T23:43:58.270+0000] {processor.py:179} INFO - Processing /home/airflow/.local/lib/python3.8/site-packages/airflow/example_dags/example_nested_branch_dag.py took 0.252 seconds
[2024-10-18T23:44:34.588+0000] {processor.py:157} INFO - Started process (PID=532) to work on /home/airflow/.local/lib/python3.8/site-packages/airflow/example_dags/example_nested_branch_dag.py
[2024-10-18T23:44:34.591+0000] {processor.py:829} INFO - Processing file /home/airflow/.local/lib/python3.8/site-packages/airflow/example_dags/example_nested_branch_dag.py for tasks to queue
[2024-10-18T23:44:34.623+0000] {logging_mixin.py:151} INFO - [2024-10-18T23:44:34.623+0000] {dagbag.py:536} INFO - Filling up the DagBag from /home/airflow/.local/lib/python3.8/site-packages/airflow/example_dags/example_nested_branch_dag.py
[2024-10-18T23:44:34.664+0000] {processor.py:839} INFO - DAG(s) dict_keys(['example_nested_branch_dag']) retrieved from /home/airflow/.local/lib/python3.8/site-packages/airflow/example_dags/example_nested_branch_dag.py
[2024-10-18T23:44:34.717+0000] {logging_mixin.py:151} INFO - [2024-10-18T23:44:34.716+0000] {dag.py:2941} INFO - Sync 1 DAGs
[2024-10-18T23:44:34.837+0000] {logging_mixin.py:151} INFO - [2024-10-18T23:44:34.837+0000] {dag.py:3722} INFO - Setting next_dagrun for example_nested_branch_dag to 2024-10-17T00:00:00+00:00, run_after=2024-10-18T00:00:00+00:00
[2024-10-18T23:44:34.911+0000] {processor.py:179} INFO - Processing /home/airflow/.local/lib/python3.8/site-packages/airflow/example_dags/example_nested_branch_dag.py took 0.329 seconds
[2024-10-18T23:45:09.175+0000] {processor.py:157} INFO - Started process (PID=588) to work on /home/airflow/.local/lib/python3.8/site-packages/airflow/example_dags/example_nested_branch_dag.py
[2024-10-18T23:45:09.177+0000] {processor.py:829} INFO - Processing file /home/airflow/.local/lib/python3.8/site-packages/airflow/example_dags/example_nested_branch_dag.py for tasks to queue
[2024-10-18T23:45:09.181+0000] {logging_mixin.py:151} INFO - [2024-10-18T23:45:09.180+0000] {dagbag.py:536} INFO - Filling up the DagBag from /home/airflow/.local/lib/python3.8/site-packages/airflow/example_dags/example_nested_branch_dag.py
[2024-10-18T23:45:09.221+0000] {processor.py:839} INFO - DAG(s) dict_keys(['example_nested_branch_dag']) retrieved from /home/airflow/.local/lib/python3.8/site-packages/airflow/example_dags/example_nested_branch_dag.py
[2024-10-18T23:45:09.400+0000] {logging_mixin.py:151} INFO - [2024-10-18T23:45:09.400+0000] {dag.py:2941} INFO - Sync 1 DAGs
[2024-10-18T23:45:09.452+0000] {logging_mixin.py:151} INFO - [2024-10-18T23:45:09.452+0000] {dag.py:3722} INFO - Setting next_dagrun for example_nested_branch_dag to 2024-10-17T00:00:00+00:00, run_after=2024-10-18T00:00:00+00:00
[2024-10-18T23:45:09.491+0000] {processor.py:179} INFO - Processing /home/airflow/.local/lib/python3.8/site-packages/airflow/example_dags/example_nested_branch_dag.py took 0.323 seconds
[2024-10-18T23:45:39.608+0000] {processor.py:157} INFO - Started process (PID=641) to work on /home/airflow/.local/lib/python3.8/site-packages/airflow/example_dags/example_nested_branch_dag.py
[2024-10-18T23:45:39.611+0000] {processor.py:829} INFO - Processing file /home/airflow/.local/lib/python3.8/site-packages/airflow/example_dags/example_nested_branch_dag.py for tasks to queue
[2024-10-18T23:45:39.617+0000] {logging_mixin.py:151} INFO - [2024-10-18T23:45:39.616+0000] {dagbag.py:536} INFO - Filling up the DagBag from /home/airflow/.local/lib/python3.8/site-packages/airflow/example_dags/example_nested_branch_dag.py
[2024-10-18T23:45:39.642+0000] {processor.py:839} INFO - DAG(s) dict_keys(['example_nested_branch_dag']) retrieved from /home/airflow/.local/lib/python3.8/site-packages/airflow/example_dags/example_nested_branch_dag.py
[2024-10-18T23:45:39.693+0000] {logging_mixin.py:151} INFO - [2024-10-18T23:45:39.692+0000] {dag.py:2941} INFO - Sync 1 DAGs
[2024-10-18T23:45:39.748+0000] {logging_mixin.py:151} INFO - [2024-10-18T23:45:39.748+0000] {dag.py:3722} INFO - Setting next_dagrun for example_nested_branch_dag to 2024-10-17T00:00:00+00:00, run_after=2024-10-18T00:00:00+00:00
[2024-10-18T23:45:39.791+0000] {processor.py:179} INFO - Processing /home/airflow/.local/lib/python3.8/site-packages/airflow/example_dags/example_nested_branch_dag.py took 0.189 seconds
[2024-10-18T23:46:10.105+0000] {processor.py:157} INFO - Started process (PID=694) to work on /home/airflow/.local/lib/python3.8/site-packages/airflow/example_dags/example_nested_branch_dag.py
[2024-10-18T23:46:10.107+0000] {processor.py:829} INFO - Processing file /home/airflow/.local/lib/python3.8/site-packages/airflow/example_dags/example_nested_branch_dag.py for tasks to queue
[2024-10-18T23:46:10.113+0000] {logging_mixin.py:151} INFO - [2024-10-18T23:46:10.112+0000] {dagbag.py:536} INFO - Filling up the DagBag from /home/airflow/.local/lib/python3.8/site-packages/airflow/example_dags/example_nested_branch_dag.py
[2024-10-18T23:46:10.164+0000] {processor.py:839} INFO - DAG(s) dict_keys(['example_nested_branch_dag']) retrieved from /home/airflow/.local/lib/python3.8/site-packages/airflow/example_dags/example_nested_branch_dag.py
[2024-10-18T23:46:10.209+0000] {logging_mixin.py:151} INFO - [2024-10-18T23:46:10.208+0000] {dag.py:2941} INFO - Sync 1 DAGs
[2024-10-18T23:46:10.252+0000] {logging_mixin.py:151} INFO - [2024-10-18T23:46:10.252+0000] {dag.py:3722} INFO - Setting next_dagrun for example_nested_branch_dag to 2024-10-17T00:00:00+00:00, run_after=2024-10-18T00:00:00+00:00
[2024-10-18T23:46:10.295+0000] {processor.py:179} INFO - Processing /home/airflow/.local/lib/python3.8/site-packages/airflow/example_dags/example_nested_branch_dag.py took 0.194 seconds
[2024-10-18T23:46:41.166+0000] {processor.py:157} INFO - Started process (PID=748) to work on /home/airflow/.local/lib/python3.8/site-packages/airflow/example_dags/example_nested_branch_dag.py
[2024-10-18T23:46:41.168+0000] {processor.py:829} INFO - Processing file /home/airflow/.local/lib/python3.8/site-packages/airflow/example_dags/example_nested_branch_dag.py for tasks to queue
[2024-10-18T23:46:41.172+0000] {logging_mixin.py:151} INFO - [2024-10-18T23:46:41.171+0000] {dagbag.py:536} INFO - Filling up the DagBag from /home/airflow/.local/lib/python3.8/site-packages/airflow/example_dags/example_nested_branch_dag.py
[2024-10-18T23:46:41.190+0000] {processor.py:839} INFO - DAG(s) dict_keys(['example_nested_branch_dag']) retrieved from /home/airflow/.local/lib/python3.8/site-packages/airflow/example_dags/example_nested_branch_dag.py
[2024-10-18T23:46:41.233+0000] {logging_mixin.py:151} INFO - [2024-10-18T23:46:41.232+0000] {dag.py:2941} INFO - Sync 1 DAGs
[2024-10-18T23:46:41.280+0000] {logging_mixin.py:151} INFO - [2024-10-18T23:46:41.279+0000] {dag.py:3722} INFO - Setting next_dagrun for example_nested_branch_dag to 2024-10-17T00:00:00+00:00, run_after=2024-10-18T00:00:00+00:00
[2024-10-18T23:46:41.315+0000] {processor.py:179} INFO - Processing /home/airflow/.local/lib/python3.8/site-packages/airflow/example_dags/example_nested_branch_dag.py took 0.156 seconds
[2024-10-18T23:47:11.932+0000] {processor.py:157} INFO - Started process (PID=801) to work on /home/airflow/.local/lib/python3.8/site-packages/airflow/example_dags/example_nested_branch_dag.py
[2024-10-18T23:47:11.934+0000] {processor.py:829} INFO - Processing file /home/airflow/.local/lib/python3.8/site-packages/airflow/example_dags/example_nested_branch_dag.py for tasks to queue
[2024-10-18T23:47:11.939+0000] {logging_mixin.py:151} INFO - [2024-10-18T23:47:11.939+0000] {dagbag.py:536} INFO - Filling up the DagBag from /home/airflow/.local/lib/python3.8/site-packages/airflow/example_dags/example_nested_branch_dag.py
[2024-10-18T23:47:11.969+0000] {processor.py:839} INFO - DAG(s) dict_keys(['example_nested_branch_dag']) retrieved from /home/airflow/.local/lib/python3.8/site-packages/airflow/example_dags/example_nested_branch_dag.py
[2024-10-18T23:47:12.020+0000] {logging_mixin.py:151} INFO - [2024-10-18T23:47:12.019+0000] {dag.py:2941} INFO - Sync 1 DAGs
[2024-10-18T23:47:12.087+0000] {logging_mixin.py:151} INFO - [2024-10-18T23:47:12.087+0000] {dag.py:3722} INFO - Setting next_dagrun for example_nested_branch_dag to 2024-10-17T00:00:00+00:00, run_after=2024-10-18T00:00:00+00:00
[2024-10-18T23:47:12.176+0000] {processor.py:179} INFO - Processing /home/airflow/.local/lib/python3.8/site-packages/airflow/example_dags/example_nested_branch_dag.py took 0.252 seconds
[2024-10-18T23:47:43.379+0000] {processor.py:157} INFO - Started process (PID=854) to work on /home/airflow/.local/lib/python3.8/site-packages/airflow/example_dags/example_nested_branch_dag.py
[2024-10-18T23:47:43.387+0000] {processor.py:829} INFO - Processing file /home/airflow/.local/lib/python3.8/site-packages/airflow/example_dags/example_nested_branch_dag.py for tasks to queue
[2024-10-18T23:47:43.414+0000] {logging_mixin.py:151} INFO - [2024-10-18T23:47:43.413+0000] {dagbag.py:536} INFO - Filling up the DagBag from /home/airflow/.local/lib/python3.8/site-packages/airflow/example_dags/example_nested_branch_dag.py
[2024-10-18T23:47:43.470+0000] {processor.py:839} INFO - DAG(s) dict_keys(['example_nested_branch_dag']) retrieved from /home/airflow/.local/lib/python3.8/site-packages/airflow/example_dags/example_nested_branch_dag.py
[2024-10-18T23:47:43.608+0000] {logging_mixin.py:151} INFO - [2024-10-18T23:47:43.607+0000] {dag.py:2941} INFO - Sync 1 DAGs
[2024-10-18T23:47:43.750+0000] {logging_mixin.py:151} INFO - [2024-10-18T23:47:43.744+0000] {dag.py:3722} INFO - Setting next_dagrun for example_nested_branch_dag to 2024-10-17T00:00:00+00:00, run_after=2024-10-18T00:00:00+00:00
[2024-10-18T23:47:44.210+0000] {processor.py:179} INFO - Processing /home/airflow/.local/lib/python3.8/site-packages/airflow/example_dags/example_nested_branch_dag.py took 0.847 seconds
[2024-10-18T23:48:14.953+0000] {processor.py:157} INFO - Started process (PID=908) to work on /home/airflow/.local/lib/python3.8/site-packages/airflow/example_dags/example_nested_branch_dag.py
[2024-10-18T23:48:14.955+0000] {processor.py:829} INFO - Processing file /home/airflow/.local/lib/python3.8/site-packages/airflow/example_dags/example_nested_branch_dag.py for tasks to queue
[2024-10-18T23:48:14.961+0000] {logging_mixin.py:151} INFO - [2024-10-18T23:48:14.960+0000] {dagbag.py:536} INFO - Filling up the DagBag from /home/airflow/.local/lib/python3.8/site-packages/airflow/example_dags/example_nested_branch_dag.py
[2024-10-18T23:48:14.995+0000] {processor.py:839} INFO - DAG(s) dict_keys(['example_nested_branch_dag']) retrieved from /home/airflow/.local/lib/python3.8/site-packages/airflow/example_dags/example_nested_branch_dag.py
[2024-10-18T23:48:15.066+0000] {logging_mixin.py:151} INFO - [2024-10-18T23:48:15.066+0000] {dag.py:2941} INFO - Sync 1 DAGs
[2024-10-18T23:48:15.127+0000] {logging_mixin.py:151} INFO - [2024-10-18T23:48:15.126+0000] {dag.py:3722} INFO - Setting next_dagrun for example_nested_branch_dag to 2024-10-17T00:00:00+00:00, run_after=2024-10-18T00:00:00+00:00
[2024-10-18T23:48:15.504+0000] {processor.py:179} INFO - Processing /home/airflow/.local/lib/python3.8/site-packages/airflow/example_dags/example_nested_branch_dag.py took 0.557 seconds
[2024-10-18T23:48:58.072+0000] {processor.py:157} INFO - Started process (PID=971) to work on /home/airflow/.local/lib/python3.8/site-packages/airflow/example_dags/example_nested_branch_dag.py
[2024-10-18T23:48:58.077+0000] {processor.py:829} INFO - Processing file /home/airflow/.local/lib/python3.8/site-packages/airflow/example_dags/example_nested_branch_dag.py for tasks to queue
[2024-10-18T23:48:58.089+0000] {logging_mixin.py:151} INFO - [2024-10-18T23:48:58.087+0000] {dagbag.py:536} INFO - Filling up the DagBag from /home/airflow/.local/lib/python3.8/site-packages/airflow/example_dags/example_nested_branch_dag.py
[2024-10-18T23:48:58.141+0000] {processor.py:839} INFO - DAG(s) dict_keys(['example_nested_branch_dag']) retrieved from /home/airflow/.local/lib/python3.8/site-packages/airflow/example_dags/example_nested_branch_dag.py
[2024-10-18T23:48:58.472+0000] {logging_mixin.py:151} INFO - [2024-10-18T23:48:58.471+0000] {dag.py:2941} INFO - Sync 1 DAGs
[2024-10-18T23:48:58.849+0000] {logging_mixin.py:151} INFO - [2024-10-18T23:48:58.849+0000] {dag.py:3722} INFO - Setting next_dagrun for example_nested_branch_dag to 2024-10-17T00:00:00+00:00, run_after=2024-10-18T00:00:00+00:00
[2024-10-18T23:48:59.331+0000] {processor.py:179} INFO - Processing /home/airflow/.local/lib/python3.8/site-packages/airflow/example_dags/example_nested_branch_dag.py took 1.306 seconds
[2024-10-18T23:49:39.645+0000] {processor.py:157} INFO - Started process (PID=1023) to work on /home/airflow/.local/lib/python3.8/site-packages/airflow/example_dags/example_nested_branch_dag.py
[2024-10-18T23:49:39.649+0000] {processor.py:829} INFO - Processing file /home/airflow/.local/lib/python3.8/site-packages/airflow/example_dags/example_nested_branch_dag.py for tasks to queue
[2024-10-18T23:49:39.687+0000] {logging_mixin.py:151} INFO - [2024-10-18T23:49:39.674+0000] {dagbag.py:536} INFO - Filling up the DagBag from /home/airflow/.local/lib/python3.8/site-packages/airflow/example_dags/example_nested_branch_dag.py
[2024-10-18T23:49:40.138+0000] {processor.py:839} INFO - DAG(s) dict_keys(['example_nested_branch_dag']) retrieved from /home/airflow/.local/lib/python3.8/site-packages/airflow/example_dags/example_nested_branch_dag.py
[2024-10-18T23:49:41.381+0000] {logging_mixin.py:151} INFO - [2024-10-18T23:49:41.342+0000] {dag.py:2941} INFO - Sync 1 DAGs
[2024-10-18T23:49:41.688+0000] {logging_mixin.py:151} INFO - [2024-10-18T23:49:41.688+0000] {dag.py:3722} INFO - Setting next_dagrun for example_nested_branch_dag to 2024-10-17T00:00:00+00:00, run_after=2024-10-18T00:00:00+00:00
[2024-10-18T23:49:42.138+0000] {processor.py:179} INFO - Processing /home/airflow/.local/lib/python3.8/site-packages/airflow/example_dags/example_nested_branch_dag.py took 2.506 seconds
[2024-10-18T23:50:25.405+0000] {processor.py:157} INFO - Started process (PID=1077) to work on /home/airflow/.local/lib/python3.8/site-packages/airflow/example_dags/example_nested_branch_dag.py
[2024-10-18T23:50:25.408+0000] {processor.py:829} INFO - Processing file /home/airflow/.local/lib/python3.8/site-packages/airflow/example_dags/example_nested_branch_dag.py for tasks to queue
[2024-10-18T23:50:25.412+0000] {logging_mixin.py:151} INFO - [2024-10-18T23:50:25.411+0000] {dagbag.py:536} INFO - Filling up the DagBag from /home/airflow/.local/lib/python3.8/site-packages/airflow/example_dags/example_nested_branch_dag.py
[2024-10-18T23:50:25.459+0000] {processor.py:839} INFO - DAG(s) dict_keys(['example_nested_branch_dag']) retrieved from /home/airflow/.local/lib/python3.8/site-packages/airflow/example_dags/example_nested_branch_dag.py
[2024-10-18T23:50:25.625+0000] {logging_mixin.py:151} INFO - [2024-10-18T23:50:25.624+0000] {dag.py:2941} INFO - Sync 1 DAGs
[2024-10-18T23:50:25.706+0000] {logging_mixin.py:151} INFO - [2024-10-18T23:50:25.706+0000] {dag.py:3722} INFO - Setting next_dagrun for example_nested_branch_dag to 2024-10-17T00:00:00+00:00, run_after=2024-10-18T00:00:00+00:00
[2024-10-18T23:50:25.749+0000] {processor.py:179} INFO - Processing /home/airflow/.local/lib/python3.8/site-packages/airflow/example_dags/example_nested_branch_dag.py took 0.351 seconds
[2024-10-18T23:50:56.251+0000] {processor.py:157} INFO - Started process (PID=1130) to work on /home/airflow/.local/lib/python3.8/site-packages/airflow/example_dags/example_nested_branch_dag.py
[2024-10-18T23:50:56.253+0000] {processor.py:829} INFO - Processing file /home/airflow/.local/lib/python3.8/site-packages/airflow/example_dags/example_nested_branch_dag.py for tasks to queue
[2024-10-18T23:50:56.258+0000] {logging_mixin.py:151} INFO - [2024-10-18T23:50:56.257+0000] {dagbag.py:536} INFO - Filling up the DagBag from /home/airflow/.local/lib/python3.8/site-packages/airflow/example_dags/example_nested_branch_dag.py
[2024-10-18T23:50:56.290+0000] {processor.py:839} INFO - DAG(s) dict_keys(['example_nested_branch_dag']) retrieved from /home/airflow/.local/lib/python3.8/site-packages/airflow/example_dags/example_nested_branch_dag.py
[2024-10-18T23:50:56.355+0000] {logging_mixin.py:151} INFO - [2024-10-18T23:50:56.354+0000] {dag.py:2941} INFO - Sync 1 DAGs
[2024-10-18T23:50:56.421+0000] {logging_mixin.py:151} INFO - [2024-10-18T23:50:56.421+0000] {dag.py:3722} INFO - Setting next_dagrun for example_nested_branch_dag to 2024-10-17T00:00:00+00:00, run_after=2024-10-18T00:00:00+00:00
[2024-10-18T23:50:57.019+0000] {processor.py:179} INFO - Processing /home/airflow/.local/lib/python3.8/site-packages/airflow/example_dags/example_nested_branch_dag.py took 0.775 seconds
[2024-10-18T23:51:27.549+0000] {processor.py:157} INFO - Started process (PID=1183) to work on /home/airflow/.local/lib/python3.8/site-packages/airflow/example_dags/example_nested_branch_dag.py
[2024-10-18T23:51:27.555+0000] {processor.py:829} INFO - Processing file /home/airflow/.local/lib/python3.8/site-packages/airflow/example_dags/example_nested_branch_dag.py for tasks to queue
[2024-10-18T23:51:27.559+0000] {logging_mixin.py:151} INFO - [2024-10-18T23:51:27.559+0000] {dagbag.py:536} INFO - Filling up the DagBag from /home/airflow/.local/lib/python3.8/site-packages/airflow/example_dags/example_nested_branch_dag.py
[2024-10-18T23:51:27.583+0000] {processor.py:839} INFO - DAG(s) dict_keys(['example_nested_branch_dag']) retrieved from /home/airflow/.local/lib/python3.8/site-packages/airflow/example_dags/example_nested_branch_dag.py
[2024-10-18T23:51:27.622+0000] {logging_mixin.py:151} INFO - [2024-10-18T23:51:27.622+0000] {dag.py:2941} INFO - Sync 1 DAGs
[2024-10-18T23:51:27.678+0000] {logging_mixin.py:151} INFO - [2024-10-18T23:51:27.678+0000] {dag.py:3722} INFO - Setting next_dagrun for example_nested_branch_dag to 2024-10-17T00:00:00+00:00, run_after=2024-10-18T00:00:00+00:00
[2024-10-18T23:51:27.726+0000] {processor.py:179} INFO - Processing /home/airflow/.local/lib/python3.8/site-packages/airflow/example_dags/example_nested_branch_dag.py took 0.184 seconds
[2024-10-18T23:51:58.601+0000] {processor.py:157} INFO - Started process (PID=1237) to work on /home/airflow/.local/lib/python3.8/site-packages/airflow/example_dags/example_nested_branch_dag.py
[2024-10-18T23:51:58.604+0000] {processor.py:829} INFO - Processing file /home/airflow/.local/lib/python3.8/site-packages/airflow/example_dags/example_nested_branch_dag.py for tasks to queue
[2024-10-18T23:51:58.612+0000] {logging_mixin.py:151} INFO - [2024-10-18T23:51:58.611+0000] {dagbag.py:536} INFO - Filling up the DagBag from /home/airflow/.local/lib/python3.8/site-packages/airflow/example_dags/example_nested_branch_dag.py
[2024-10-18T23:51:58.638+0000] {processor.py:839} INFO - DAG(s) dict_keys(['example_nested_branch_dag']) retrieved from /home/airflow/.local/lib/python3.8/site-packages/airflow/example_dags/example_nested_branch_dag.py
[2024-10-18T23:51:58.684+0000] {logging_mixin.py:151} INFO - [2024-10-18T23:51:58.684+0000] {dag.py:2941} INFO - Sync 1 DAGs
[2024-10-18T23:51:58.734+0000] {logging_mixin.py:151} INFO - [2024-10-18T23:51:58.733+0000] {dag.py:3722} INFO - Setting next_dagrun for example_nested_branch_dag to 2024-10-17T00:00:00+00:00, run_after=2024-10-18T00:00:00+00:00
[2024-10-18T23:51:58.776+0000] {processor.py:179} INFO - Processing /home/airflow/.local/lib/python3.8/site-packages/airflow/example_dags/example_nested_branch_dag.py took 0.186 seconds
[2024-10-18T23:52:32.157+0000] {processor.py:157} INFO - Started process (PID=1302) to work on /home/airflow/.local/lib/python3.8/site-packages/airflow/example_dags/example_nested_branch_dag.py
[2024-10-18T23:52:32.158+0000] {processor.py:829} INFO - Processing file /home/airflow/.local/lib/python3.8/site-packages/airflow/example_dags/example_nested_branch_dag.py for tasks to queue
[2024-10-18T23:52:32.161+0000] {logging_mixin.py:151} INFO - [2024-10-18T23:52:32.161+0000] {dagbag.py:536} INFO - Filling up the DagBag from /home/airflow/.local/lib/python3.8/site-packages/airflow/example_dags/example_nested_branch_dag.py
[2024-10-18T23:52:32.178+0000] {processor.py:839} INFO - DAG(s) dict_keys(['example_nested_branch_dag']) retrieved from /home/airflow/.local/lib/python3.8/site-packages/airflow/example_dags/example_nested_branch_dag.py
[2024-10-18T23:52:32.221+0000] {logging_mixin.py:151} INFO - [2024-10-18T23:52:32.221+0000] {dag.py:2941} INFO - Sync 1 DAGs
[2024-10-18T23:52:32.526+0000] {logging_mixin.py:151} INFO - [2024-10-18T23:52:32.525+0000] {dag.py:3722} INFO - Setting next_dagrun for example_nested_branch_dag to 2024-10-17T00:00:00+00:00, run_after=2024-10-18T00:00:00+00:00
[2024-10-18T23:52:32.556+0000] {processor.py:179} INFO - Processing /home/airflow/.local/lib/python3.8/site-packages/airflow/example_dags/example_nested_branch_dag.py took 0.405 seconds
[2024-10-18T23:53:11.206+0000] {processor.py:157} INFO - Started process (PID=1357) to work on /home/airflow/.local/lib/python3.8/site-packages/airflow/example_dags/example_nested_branch_dag.py
[2024-10-18T23:53:11.212+0000] {processor.py:829} INFO - Processing file /home/airflow/.local/lib/python3.8/site-packages/airflow/example_dags/example_nested_branch_dag.py for tasks to queue
[2024-10-18T23:53:11.221+0000] {logging_mixin.py:151} INFO - [2024-10-18T23:53:11.220+0000] {dagbag.py:536} INFO - Filling up the DagBag from /home/airflow/.local/lib/python3.8/site-packages/airflow/example_dags/example_nested_branch_dag.py
[2024-10-18T23:53:11.259+0000] {processor.py:839} INFO - DAG(s) dict_keys(['example_nested_branch_dag']) retrieved from /home/airflow/.local/lib/python3.8/site-packages/airflow/example_dags/example_nested_branch_dag.py
[2024-10-18T23:53:11.477+0000] {logging_mixin.py:151} INFO - [2024-10-18T23:53:11.476+0000] {dag.py:2941} INFO - Sync 1 DAGs
[2024-10-18T23:53:12.610+0000] {logging_mixin.py:151} INFO - [2024-10-18T23:53:12.599+0000] {dag.py:3722} INFO - Setting next_dagrun for example_nested_branch_dag to 2024-10-17T00:00:00+00:00, run_after=2024-10-18T00:00:00+00:00
[2024-10-18T23:53:12.817+0000] {processor.py:179} INFO - Processing /home/airflow/.local/lib/python3.8/site-packages/airflow/example_dags/example_nested_branch_dag.py took 1.632 seconds
[2024-10-18T23:53:55.853+0000] {processor.py:157} INFO - Started process (PID=1414) to work on /home/airflow/.local/lib/python3.8/site-packages/airflow/example_dags/example_nested_branch_dag.py
[2024-10-18T23:53:55.854+0000] {processor.py:829} INFO - Processing file /home/airflow/.local/lib/python3.8/site-packages/airflow/example_dags/example_nested_branch_dag.py for tasks to queue
[2024-10-18T23:53:55.858+0000] {logging_mixin.py:151} INFO - [2024-10-18T23:53:55.858+0000] {dagbag.py:536} INFO - Filling up the DagBag from /home/airflow/.local/lib/python3.8/site-packages/airflow/example_dags/example_nested_branch_dag.py
[2024-10-18T23:53:55.890+0000] {processor.py:839} INFO - DAG(s) dict_keys(['example_nested_branch_dag']) retrieved from /home/airflow/.local/lib/python3.8/site-packages/airflow/example_dags/example_nested_branch_dag.py
[2024-10-18T23:53:55.965+0000] {logging_mixin.py:151} INFO - [2024-10-18T23:53:55.965+0000] {dag.py:2941} INFO - Sync 1 DAGs
[2024-10-18T23:53:56.023+0000] {logging_mixin.py:151} INFO - [2024-10-18T23:53:56.023+0000] {dag.py:3722} INFO - Setting next_dagrun for example_nested_branch_dag to 2024-10-17T00:00:00+00:00, run_after=2024-10-18T00:00:00+00:00
[2024-10-18T23:53:56.311+0000] {processor.py:179} INFO - Processing /home/airflow/.local/lib/python3.8/site-packages/airflow/example_dags/example_nested_branch_dag.py took 0.465 seconds
[2024-10-18T23:54:28.114+0000] {processor.py:157} INFO - Started process (PID=1469) to work on /home/airflow/.local/lib/python3.8/site-packages/airflow/example_dags/example_nested_branch_dag.py
[2024-10-18T23:54:28.116+0000] {processor.py:829} INFO - Processing file /home/airflow/.local/lib/python3.8/site-packages/airflow/example_dags/example_nested_branch_dag.py for tasks to queue
[2024-10-18T23:54:28.124+0000] {logging_mixin.py:151} INFO - [2024-10-18T23:54:28.123+0000] {dagbag.py:536} INFO - Filling up the DagBag from /home/airflow/.local/lib/python3.8/site-packages/airflow/example_dags/example_nested_branch_dag.py
[2024-10-18T23:54:28.421+0000] {processor.py:839} INFO - DAG(s) dict_keys(['example_nested_branch_dag']) retrieved from /home/airflow/.local/lib/python3.8/site-packages/airflow/example_dags/example_nested_branch_dag.py
[2024-10-18T23:54:28.483+0000] {logging_mixin.py:151} INFO - [2024-10-18T23:54:28.483+0000] {dag.py:2941} INFO - Sync 1 DAGs
[2024-10-18T23:54:28.527+0000] {logging_mixin.py:151} INFO - [2024-10-18T23:54:28.527+0000] {dag.py:3722} INFO - Setting next_dagrun for example_nested_branch_dag to 2024-10-17T00:00:00+00:00, run_after=2024-10-18T00:00:00+00:00
[2024-10-18T23:54:28.579+0000] {processor.py:179} INFO - Processing /home/airflow/.local/lib/python3.8/site-packages/airflow/example_dags/example_nested_branch_dag.py took 0.472 seconds
[2024-10-18T23:55:03.414+0000] {processor.py:157} INFO - Started process (PID=1529) to work on /home/airflow/.local/lib/python3.8/site-packages/airflow/example_dags/example_nested_branch_dag.py
[2024-10-18T23:55:03.416+0000] {processor.py:829} INFO - Processing file /home/airflow/.local/lib/python3.8/site-packages/airflow/example_dags/example_nested_branch_dag.py for tasks to queue
[2024-10-18T23:55:03.421+0000] {logging_mixin.py:151} INFO - [2024-10-18T23:55:03.421+0000] {dagbag.py:536} INFO - Filling up the DagBag from /home/airflow/.local/lib/python3.8/site-packages/airflow/example_dags/example_nested_branch_dag.py
[2024-10-18T23:55:03.453+0000] {processor.py:839} INFO - DAG(s) dict_keys(['example_nested_branch_dag']) retrieved from /home/airflow/.local/lib/python3.8/site-packages/airflow/example_dags/example_nested_branch_dag.py
[2024-10-18T23:55:03.578+0000] {logging_mixin.py:151} INFO - [2024-10-18T23:55:03.577+0000] {dag.py:2941} INFO - Sync 1 DAGs
[2024-10-18T23:55:03.647+0000] {logging_mixin.py:151} INFO - [2024-10-18T23:55:03.647+0000] {dag.py:3722} INFO - Setting next_dagrun for example_nested_branch_dag to 2024-10-17T00:00:00+00:00, run_after=2024-10-18T00:00:00+00:00
[2024-10-18T23:55:03.710+0000] {processor.py:179} INFO - Processing /home/airflow/.local/lib/python3.8/site-packages/airflow/example_dags/example_nested_branch_dag.py took 0.303 seconds
[2024-10-18T23:55:34.369+0000] {processor.py:157} INFO - Started process (PID=1583) to work on /home/airflow/.local/lib/python3.8/site-packages/airflow/example_dags/example_nested_branch_dag.py
[2024-10-18T23:55:34.373+0000] {processor.py:829} INFO - Processing file /home/airflow/.local/lib/python3.8/site-packages/airflow/example_dags/example_nested_branch_dag.py for tasks to queue
[2024-10-18T23:55:34.381+0000] {logging_mixin.py:151} INFO - [2024-10-18T23:55:34.380+0000] {dagbag.py:536} INFO - Filling up the DagBag from /home/airflow/.local/lib/python3.8/site-packages/airflow/example_dags/example_nested_branch_dag.py
[2024-10-18T23:55:34.409+0000] {processor.py:839} INFO - DAG(s) dict_keys(['example_nested_branch_dag']) retrieved from /home/airflow/.local/lib/python3.8/site-packages/airflow/example_dags/example_nested_branch_dag.py
[2024-10-18T23:55:34.456+0000] {logging_mixin.py:151} INFO - [2024-10-18T23:55:34.456+0000] {dag.py:2941} INFO - Sync 1 DAGs
[2024-10-18T23:55:34.501+0000] {logging_mixin.py:151} INFO - [2024-10-18T23:55:34.500+0000] {dag.py:3722} INFO - Setting next_dagrun for example_nested_branch_dag to 2024-10-17T00:00:00+00:00, run_after=2024-10-18T00:00:00+00:00
[2024-10-18T23:55:34.541+0000] {processor.py:179} INFO - Processing /home/airflow/.local/lib/python3.8/site-packages/airflow/example_dags/example_nested_branch_dag.py took 0.179 seconds
[2024-10-18T23:56:12.068+0000] {processor.py:157} INFO - Started process (PID=1639) to work on /home/airflow/.local/lib/python3.8/site-packages/airflow/example_dags/example_nested_branch_dag.py
[2024-10-18T23:56:12.071+0000] {processor.py:829} INFO - Processing file /home/airflow/.local/lib/python3.8/site-packages/airflow/example_dags/example_nested_branch_dag.py for tasks to queue
[2024-10-18T23:56:12.102+0000] {logging_mixin.py:151} INFO - [2024-10-18T23:56:12.092+0000] {dagbag.py:536} INFO - Filling up the DagBag from /home/airflow/.local/lib/python3.8/site-packages/airflow/example_dags/example_nested_branch_dag.py
[2024-10-18T23:56:12.138+0000] {processor.py:839} INFO - DAG(s) dict_keys(['example_nested_branch_dag']) retrieved from /home/airflow/.local/lib/python3.8/site-packages/airflow/example_dags/example_nested_branch_dag.py
[2024-10-18T23:56:12.270+0000] {logging_mixin.py:151} INFO - [2024-10-18T23:56:12.269+0000] {dag.py:2941} INFO - Sync 1 DAGs
[2024-10-18T23:56:12.456+0000] {logging_mixin.py:151} INFO - [2024-10-18T23:56:12.455+0000] {dag.py:3722} INFO - Setting next_dagrun for example_nested_branch_dag to 2024-10-17T00:00:00+00:00, run_after=2024-10-18T00:00:00+00:00
[2024-10-18T23:56:12.567+0000] {processor.py:179} INFO - Processing /home/airflow/.local/lib/python3.8/site-packages/airflow/example_dags/example_nested_branch_dag.py took 0.525 seconds
[2024-10-18T23:56:43.343+0000] {processor.py:157} INFO - Started process (PID=1692) to work on /home/airflow/.local/lib/python3.8/site-packages/airflow/example_dags/example_nested_branch_dag.py
[2024-10-18T23:56:43.359+0000] {processor.py:829} INFO - Processing file /home/airflow/.local/lib/python3.8/site-packages/airflow/example_dags/example_nested_branch_dag.py for tasks to queue
[2024-10-18T23:56:43.369+0000] {logging_mixin.py:151} INFO - [2024-10-18T23:56:43.366+0000] {dagbag.py:536} INFO - Filling up the DagBag from /home/airflow/.local/lib/python3.8/site-packages/airflow/example_dags/example_nested_branch_dag.py
[2024-10-18T23:56:43.561+0000] {processor.py:839} INFO - DAG(s) dict_keys(['example_nested_branch_dag']) retrieved from /home/airflow/.local/lib/python3.8/site-packages/airflow/example_dags/example_nested_branch_dag.py
[2024-10-18T23:56:44.262+0000] {logging_mixin.py:151} INFO - [2024-10-18T23:56:44.261+0000] {dag.py:2941} INFO - Sync 1 DAGs
[2024-10-18T23:56:44.369+0000] {logging_mixin.py:151} INFO - [2024-10-18T23:56:44.369+0000] {dag.py:3722} INFO - Setting next_dagrun for example_nested_branch_dag to 2024-10-17T00:00:00+00:00, run_after=2024-10-18T00:00:00+00:00
[2024-10-18T23:56:44.464+0000] {processor.py:179} INFO - Processing /home/airflow/.local/lib/python3.8/site-packages/airflow/example_dags/example_nested_branch_dag.py took 1.162 seconds
[2024-10-18T23:57:25.825+0000] {processor.py:157} INFO - Started process (PID=1745) to work on /home/airflow/.local/lib/python3.8/site-packages/airflow/example_dags/example_nested_branch_dag.py
[2024-10-18T23:57:25.827+0000] {processor.py:829} INFO - Processing file /home/airflow/.local/lib/python3.8/site-packages/airflow/example_dags/example_nested_branch_dag.py for tasks to queue
[2024-10-18T23:57:25.834+0000] {logging_mixin.py:151} INFO - [2024-10-18T23:57:25.833+0000] {dagbag.py:536} INFO - Filling up the DagBag from /home/airflow/.local/lib/python3.8/site-packages/airflow/example_dags/example_nested_branch_dag.py
[2024-10-18T23:57:25.879+0000] {processor.py:839} INFO - DAG(s) dict_keys(['example_nested_branch_dag']) retrieved from /home/airflow/.local/lib/python3.8/site-packages/airflow/example_dags/example_nested_branch_dag.py
[2024-10-18T23:57:26.368+0000] {logging_mixin.py:151} INFO - [2024-10-18T23:57:26.366+0000] {dag.py:2941} INFO - Sync 1 DAGs
[2024-10-18T23:57:26.664+0000] {logging_mixin.py:151} INFO - [2024-10-18T23:57:26.642+0000] {dag.py:3722} INFO - Setting next_dagrun for example_nested_branch_dag to 2024-10-17T00:00:00+00:00, run_after=2024-10-18T00:00:00+00:00
[2024-10-18T23:57:26.885+0000] {processor.py:179} INFO - Processing /home/airflow/.local/lib/python3.8/site-packages/airflow/example_dags/example_nested_branch_dag.py took 1.073 seconds
[2024-10-18T23:57:57.155+0000] {processor.py:157} INFO - Started process (PID=1799) to work on /home/airflow/.local/lib/python3.8/site-packages/airflow/example_dags/example_nested_branch_dag.py
[2024-10-18T23:57:57.157+0000] {processor.py:829} INFO - Processing file /home/airflow/.local/lib/python3.8/site-packages/airflow/example_dags/example_nested_branch_dag.py for tasks to queue
[2024-10-18T23:57:57.161+0000] {logging_mixin.py:151} INFO - [2024-10-18T23:57:57.160+0000] {dagbag.py:536} INFO - Filling up the DagBag from /home/airflow/.local/lib/python3.8/site-packages/airflow/example_dags/example_nested_branch_dag.py
[2024-10-18T23:57:57.206+0000] {processor.py:839} INFO - DAG(s) dict_keys(['example_nested_branch_dag']) retrieved from /home/airflow/.local/lib/python3.8/site-packages/airflow/example_dags/example_nested_branch_dag.py
[2024-10-18T23:57:57.273+0000] {logging_mixin.py:151} INFO - [2024-10-18T23:57:57.273+0000] {dag.py:2941} INFO - Sync 1 DAGs
[2024-10-18T23:57:57.324+0000] {logging_mixin.py:151} INFO - [2024-10-18T23:57:57.323+0000] {dag.py:3722} INFO - Setting next_dagrun for example_nested_branch_dag to 2024-10-17T00:00:00+00:00, run_after=2024-10-18T00:00:00+00:00
[2024-10-18T23:57:57.377+0000] {processor.py:179} INFO - Processing /home/airflow/.local/lib/python3.8/site-packages/airflow/example_dags/example_nested_branch_dag.py took 0.233 seconds
[2024-10-18T23:58:27.715+0000] {processor.py:157} INFO - Started process (PID=1853) to work on /home/airflow/.local/lib/python3.8/site-packages/airflow/example_dags/example_nested_branch_dag.py
[2024-10-18T23:58:27.717+0000] {processor.py:829} INFO - Processing file /home/airflow/.local/lib/python3.8/site-packages/airflow/example_dags/example_nested_branch_dag.py for tasks to queue
[2024-10-18T23:58:27.721+0000] {logging_mixin.py:151} INFO - [2024-10-18T23:58:27.721+0000] {dagbag.py:536} INFO - Filling up the DagBag from /home/airflow/.local/lib/python3.8/site-packages/airflow/example_dags/example_nested_branch_dag.py
[2024-10-18T23:58:27.750+0000] {processor.py:839} INFO - DAG(s) dict_keys(['example_nested_branch_dag']) retrieved from /home/airflow/.local/lib/python3.8/site-packages/airflow/example_dags/example_nested_branch_dag.py
[2024-10-18T23:58:27.809+0000] {logging_mixin.py:151} INFO - [2024-10-18T23:58:27.808+0000] {dag.py:2941} INFO - Sync 1 DAGs
[2024-10-18T23:58:27.867+0000] {logging_mixin.py:151} INFO - [2024-10-18T23:58:27.866+0000] {dag.py:3722} INFO - Setting next_dagrun for example_nested_branch_dag to 2024-10-17T00:00:00+00:00, run_after=2024-10-18T00:00:00+00:00
[2024-10-18T23:58:27.916+0000] {processor.py:179} INFO - Processing /home/airflow/.local/lib/python3.8/site-packages/airflow/example_dags/example_nested_branch_dag.py took 0.209 seconds
[2024-10-18T23:58:58.969+0000] {processor.py:157} INFO - Started process (PID=1907) to work on /home/airflow/.local/lib/python3.8/site-packages/airflow/example_dags/example_nested_branch_dag.py
[2024-10-18T23:58:58.972+0000] {processor.py:829} INFO - Processing file /home/airflow/.local/lib/python3.8/site-packages/airflow/example_dags/example_nested_branch_dag.py for tasks to queue
[2024-10-18T23:58:58.981+0000] {logging_mixin.py:151} INFO - [2024-10-18T23:58:58.980+0000] {dagbag.py:536} INFO - Filling up the DagBag from /home/airflow/.local/lib/python3.8/site-packages/airflow/example_dags/example_nested_branch_dag.py
[2024-10-18T23:58:59.046+0000] {processor.py:839} INFO - DAG(s) dict_keys(['example_nested_branch_dag']) retrieved from /home/airflow/.local/lib/python3.8/site-packages/airflow/example_dags/example_nested_branch_dag.py
[2024-10-18T23:58:59.135+0000] {logging_mixin.py:151} INFO - [2024-10-18T23:58:59.135+0000] {dag.py:2941} INFO - Sync 1 DAGs
[2024-10-18T23:58:59.248+0000] {logging_mixin.py:151} INFO - [2024-10-18T23:58:59.248+0000] {dag.py:3722} INFO - Setting next_dagrun for example_nested_branch_dag to 2024-10-17T00:00:00+00:00, run_after=2024-10-18T00:00:00+00:00
[2024-10-18T23:58:59.307+0000] {processor.py:179} INFO - Processing /home/airflow/.local/lib/python3.8/site-packages/airflow/example_dags/example_nested_branch_dag.py took 0.352 seconds
[2024-10-18T23:59:29.460+0000] {processor.py:157} INFO - Started process (PID=1960) to work on /home/airflow/.local/lib/python3.8/site-packages/airflow/example_dags/example_nested_branch_dag.py
[2024-10-18T23:59:29.462+0000] {processor.py:829} INFO - Processing file /home/airflow/.local/lib/python3.8/site-packages/airflow/example_dags/example_nested_branch_dag.py for tasks to queue
[2024-10-18T23:59:29.466+0000] {logging_mixin.py:151} INFO - [2024-10-18T23:59:29.465+0000] {dagbag.py:536} INFO - Filling up the DagBag from /home/airflow/.local/lib/python3.8/site-packages/airflow/example_dags/example_nested_branch_dag.py
[2024-10-18T23:59:29.499+0000] {processor.py:839} INFO - DAG(s) dict_keys(['example_nested_branch_dag']) retrieved from /home/airflow/.local/lib/python3.8/site-packages/airflow/example_dags/example_nested_branch_dag.py
[2024-10-18T23:59:29.542+0000] {logging_mixin.py:151} INFO - [2024-10-18T23:59:29.542+0000] {dag.py:2941} INFO - Sync 1 DAGs
[2024-10-18T23:59:29.577+0000] {logging_mixin.py:151} INFO - [2024-10-18T23:59:29.576+0000] {dag.py:3722} INFO - Setting next_dagrun for example_nested_branch_dag to 2024-10-17T00:00:00+00:00, run_after=2024-10-18T00:00:00+00:00
[2024-10-18T23:59:29.605+0000] {processor.py:179} INFO - Processing /home/airflow/.local/lib/python3.8/site-packages/airflow/example_dags/example_nested_branch_dag.py took 0.150 seconds
