[2024-10-18T23:31:44.903+0000] {processor.py:157} INFO - Started process (PID=90) to work on /home/airflow/.local/lib/python3.8/site-packages/airflow/example_dags/example_local_kubernetes_executor.py
[2024-10-18T23:31:44.920+0000] {processor.py:829} INFO - Processing file /home/airflow/.local/lib/python3.8/site-packages/airflow/example_dags/example_local_kubernetes_executor.py for tasks to queue
[2024-10-18T23:31:44.937+0000] {logging_mixin.py:151} INFO - [2024-10-18T23:31:44.936+0000] {dagbag.py:536} INFO - Filling up the DagBag from /home/airflow/.local/lib/python3.8/site-packages/airflow/example_dags/example_local_kubernetes_executor.py
[2024-10-18T23:31:45.049+0000] {processor.py:839} INFO - DAG(s) dict_keys(['example_local_kubernetes_executor']) retrieved from /home/airflow/.local/lib/python3.8/site-packages/airflow/example_dags/example_local_kubernetes_executor.py
[2024-10-18T23:31:45.465+0000] {logging_mixin.py:151} INFO - [2024-10-18T23:31:45.465+0000] {dag.py:2941} INFO - Sync 1 DAGs
[2024-10-18T23:31:45.719+0000] {logging_mixin.py:151} INFO - [2024-10-18T23:31:45.718+0000] {dag.py:3722} INFO - Setting next_dagrun for example_local_kubernetes_executor to None, run_after=None
[2024-10-18T23:31:45.979+0000] {processor.py:179} INFO - Processing /home/airflow/.local/lib/python3.8/site-packages/airflow/example_dags/example_local_kubernetes_executor.py took 1.094 seconds
[2024-10-18T23:32:19.022+0000] {processor.py:157} INFO - Started process (PID=144) to work on /home/airflow/.local/lib/python3.8/site-packages/airflow/example_dags/example_local_kubernetes_executor.py
[2024-10-18T23:32:19.024+0000] {processor.py:829} INFO - Processing file /home/airflow/.local/lib/python3.8/site-packages/airflow/example_dags/example_local_kubernetes_executor.py for tasks to queue
[2024-10-18T23:32:19.028+0000] {logging_mixin.py:151} INFO - [2024-10-18T23:32:19.028+0000] {dagbag.py:536} INFO - Filling up the DagBag from /home/airflow/.local/lib/python3.8/site-packages/airflow/example_dags/example_local_kubernetes_executor.py
[2024-10-18T23:32:19.045+0000] {processor.py:839} INFO - DAG(s) dict_keys(['example_local_kubernetes_executor']) retrieved from /home/airflow/.local/lib/python3.8/site-packages/airflow/example_dags/example_local_kubernetes_executor.py
[2024-10-18T23:32:19.295+0000] {logging_mixin.py:151} INFO - [2024-10-18T23:32:19.294+0000] {dag.py:2941} INFO - Sync 1 DAGs
[2024-10-18T23:32:19.330+0000] {logging_mixin.py:151} INFO - [2024-10-18T23:32:19.330+0000] {dag.py:3722} INFO - Setting next_dagrun for example_local_kubernetes_executor to None, run_after=None
[2024-10-18T23:32:19.391+0000] {processor.py:179} INFO - Processing /home/airflow/.local/lib/python3.8/site-packages/airflow/example_dags/example_local_kubernetes_executor.py took 0.378 seconds
[2024-10-18T23:32:50.291+0000] {processor.py:157} INFO - Started process (PID=198) to work on /home/airflow/.local/lib/python3.8/site-packages/airflow/example_dags/example_local_kubernetes_executor.py
[2024-10-18T23:32:50.294+0000] {processor.py:829} INFO - Processing file /home/airflow/.local/lib/python3.8/site-packages/airflow/example_dags/example_local_kubernetes_executor.py for tasks to queue
[2024-10-18T23:32:50.300+0000] {logging_mixin.py:151} INFO - [2024-10-18T23:32:50.298+0000] {dagbag.py:536} INFO - Filling up the DagBag from /home/airflow/.local/lib/python3.8/site-packages/airflow/example_dags/example_local_kubernetes_executor.py
[2024-10-18T23:32:50.330+0000] {processor.py:839} INFO - DAG(s) dict_keys(['example_local_kubernetes_executor']) retrieved from /home/airflow/.local/lib/python3.8/site-packages/airflow/example_dags/example_local_kubernetes_executor.py
[2024-10-18T23:32:50.544+0000] {logging_mixin.py:151} INFO - [2024-10-18T23:32:50.543+0000] {dag.py:2941} INFO - Sync 1 DAGs
[2024-10-18T23:32:50.568+0000] {logging_mixin.py:151} INFO - [2024-10-18T23:32:50.567+0000] {dag.py:3722} INFO - Setting next_dagrun for example_local_kubernetes_executor to None, run_after=None
[2024-10-18T23:32:50.604+0000] {processor.py:179} INFO - Processing /home/airflow/.local/lib/python3.8/site-packages/airflow/example_dags/example_local_kubernetes_executor.py took 0.321 seconds
[2024-10-18T23:33:20.832+0000] {processor.py:157} INFO - Started process (PID=250) to work on /home/airflow/.local/lib/python3.8/site-packages/airflow/example_dags/example_local_kubernetes_executor.py
[2024-10-18T23:33:20.835+0000] {processor.py:829} INFO - Processing file /home/airflow/.local/lib/python3.8/site-packages/airflow/example_dags/example_local_kubernetes_executor.py for tasks to queue
[2024-10-18T23:33:20.842+0000] {logging_mixin.py:151} INFO - [2024-10-18T23:33:20.841+0000] {dagbag.py:536} INFO - Filling up the DagBag from /home/airflow/.local/lib/python3.8/site-packages/airflow/example_dags/example_local_kubernetes_executor.py
[2024-10-18T23:33:20.863+0000] {processor.py:839} INFO - DAG(s) dict_keys(['example_local_kubernetes_executor']) retrieved from /home/airflow/.local/lib/python3.8/site-packages/airflow/example_dags/example_local_kubernetes_executor.py
[2024-10-18T23:33:20.967+0000] {logging_mixin.py:151} INFO - [2024-10-18T23:33:20.966+0000] {dag.py:2941} INFO - Sync 1 DAGs
[2024-10-18T23:33:21.068+0000] {logging_mixin.py:151} INFO - [2024-10-18T23:33:21.067+0000] {dag.py:3722} INFO - Setting next_dagrun for example_local_kubernetes_executor to None, run_after=None
[2024-10-18T23:33:21.424+0000] {processor.py:179} INFO - Processing /home/airflow/.local/lib/python3.8/site-packages/airflow/example_dags/example_local_kubernetes_executor.py took 0.602 seconds
[2024-10-18T23:33:51.951+0000] {processor.py:157} INFO - Started process (PID=304) to work on /home/airflow/.local/lib/python3.8/site-packages/airflow/example_dags/example_local_kubernetes_executor.py
[2024-10-18T23:33:51.954+0000] {processor.py:829} INFO - Processing file /home/airflow/.local/lib/python3.8/site-packages/airflow/example_dags/example_local_kubernetes_executor.py for tasks to queue
[2024-10-18T23:33:51.969+0000] {logging_mixin.py:151} INFO - [2024-10-18T23:33:51.968+0000] {dagbag.py:536} INFO - Filling up the DagBag from /home/airflow/.local/lib/python3.8/site-packages/airflow/example_dags/example_local_kubernetes_executor.py
[2024-10-18T23:33:52.063+0000] {processor.py:839} INFO - DAG(s) dict_keys(['example_local_kubernetes_executor']) retrieved from /home/airflow/.local/lib/python3.8/site-packages/airflow/example_dags/example_local_kubernetes_executor.py
[2024-10-18T23:33:52.566+0000] {logging_mixin.py:151} INFO - [2024-10-18T23:33:52.555+0000] {dag.py:2941} INFO - Sync 1 DAGs
[2024-10-18T23:33:52.754+0000] {logging_mixin.py:151} INFO - [2024-10-18T23:33:52.751+0000] {dag.py:3722} INFO - Setting next_dagrun for example_local_kubernetes_executor to None, run_after=None
[2024-10-18T23:33:52.885+0000] {processor.py:179} INFO - Processing /home/airflow/.local/lib/python3.8/site-packages/airflow/example_dags/example_local_kubernetes_executor.py took 0.965 seconds
[2024-10-18T23:34:23.139+0000] {processor.py:157} INFO - Started process (PID=358) to work on /home/airflow/.local/lib/python3.8/site-packages/airflow/example_dags/example_local_kubernetes_executor.py
[2024-10-18T23:34:23.141+0000] {processor.py:829} INFO - Processing file /home/airflow/.local/lib/python3.8/site-packages/airflow/example_dags/example_local_kubernetes_executor.py for tasks to queue
[2024-10-18T23:34:23.149+0000] {logging_mixin.py:151} INFO - [2024-10-18T23:34:23.149+0000] {dagbag.py:536} INFO - Filling up the DagBag from /home/airflow/.local/lib/python3.8/site-packages/airflow/example_dags/example_local_kubernetes_executor.py
[2024-10-18T23:34:23.176+0000] {processor.py:839} INFO - DAG(s) dict_keys(['example_local_kubernetes_executor']) retrieved from /home/airflow/.local/lib/python3.8/site-packages/airflow/example_dags/example_local_kubernetes_executor.py
[2024-10-18T23:34:23.270+0000] {logging_mixin.py:151} INFO - [2024-10-18T23:34:23.269+0000] {dag.py:2941} INFO - Sync 1 DAGs
[2024-10-18T23:34:23.303+0000] {logging_mixin.py:151} INFO - [2024-10-18T23:34:23.302+0000] {dag.py:3722} INFO - Setting next_dagrun for example_local_kubernetes_executor to None, run_after=None
[2024-10-18T23:34:23.385+0000] {processor.py:179} INFO - Processing /home/airflow/.local/lib/python3.8/site-packages/airflow/example_dags/example_local_kubernetes_executor.py took 0.256 seconds
[2024-10-18T23:34:53.575+0000] {processor.py:157} INFO - Started process (PID=411) to work on /home/airflow/.local/lib/python3.8/site-packages/airflow/example_dags/example_local_kubernetes_executor.py
[2024-10-18T23:34:53.578+0000] {processor.py:829} INFO - Processing file /home/airflow/.local/lib/python3.8/site-packages/airflow/example_dags/example_local_kubernetes_executor.py for tasks to queue
[2024-10-18T23:34:53.585+0000] {logging_mixin.py:151} INFO - [2024-10-18T23:34:53.584+0000] {dagbag.py:536} INFO - Filling up the DagBag from /home/airflow/.local/lib/python3.8/site-packages/airflow/example_dags/example_local_kubernetes_executor.py
[2024-10-18T23:34:53.605+0000] {processor.py:839} INFO - DAG(s) dict_keys(['example_local_kubernetes_executor']) retrieved from /home/airflow/.local/lib/python3.8/site-packages/airflow/example_dags/example_local_kubernetes_executor.py
[2024-10-18T23:34:53.699+0000] {logging_mixin.py:151} INFO - [2024-10-18T23:34:53.698+0000] {dag.py:2941} INFO - Sync 1 DAGs
[2024-10-18T23:34:53.739+0000] {logging_mixin.py:151} INFO - [2024-10-18T23:34:53.738+0000] {dag.py:3722} INFO - Setting next_dagrun for example_local_kubernetes_executor to None, run_after=None
[2024-10-18T23:34:53.798+0000] {processor.py:179} INFO - Processing /home/airflow/.local/lib/python3.8/site-packages/airflow/example_dags/example_local_kubernetes_executor.py took 0.253 seconds
[2024-10-18T23:35:24.247+0000] {processor.py:157} INFO - Started process (PID=465) to work on /home/airflow/.local/lib/python3.8/site-packages/airflow/example_dags/example_local_kubernetes_executor.py
[2024-10-18T23:35:24.251+0000] {processor.py:829} INFO - Processing file /home/airflow/.local/lib/python3.8/site-packages/airflow/example_dags/example_local_kubernetes_executor.py for tasks to queue
[2024-10-18T23:35:24.260+0000] {logging_mixin.py:151} INFO - [2024-10-18T23:35:24.259+0000] {dagbag.py:536} INFO - Filling up the DagBag from /home/airflow/.local/lib/python3.8/site-packages/airflow/example_dags/example_local_kubernetes_executor.py
[2024-10-18T23:35:24.288+0000] {processor.py:839} INFO - DAG(s) dict_keys(['example_local_kubernetes_executor']) retrieved from /home/airflow/.local/lib/python3.8/site-packages/airflow/example_dags/example_local_kubernetes_executor.py
[2024-10-18T23:35:24.403+0000] {logging_mixin.py:151} INFO - [2024-10-18T23:35:24.402+0000] {dag.py:2941} INFO - Sync 1 DAGs
[2024-10-18T23:35:24.460+0000] {logging_mixin.py:151} INFO - [2024-10-18T23:35:24.459+0000] {dag.py:3722} INFO - Setting next_dagrun for example_local_kubernetes_executor to None, run_after=None
[2024-10-18T23:35:24.547+0000] {processor.py:179} INFO - Processing /home/airflow/.local/lib/python3.8/site-packages/airflow/example_dags/example_local_kubernetes_executor.py took 0.314 seconds
[2024-10-18T23:35:54.776+0000] {processor.py:157} INFO - Started process (PID=518) to work on /home/airflow/.local/lib/python3.8/site-packages/airflow/example_dags/example_local_kubernetes_executor.py
[2024-10-18T23:35:54.778+0000] {processor.py:829} INFO - Processing file /home/airflow/.local/lib/python3.8/site-packages/airflow/example_dags/example_local_kubernetes_executor.py for tasks to queue
[2024-10-18T23:35:54.783+0000] {logging_mixin.py:151} INFO - [2024-10-18T23:35:54.782+0000] {dagbag.py:536} INFO - Filling up the DagBag from /home/airflow/.local/lib/python3.8/site-packages/airflow/example_dags/example_local_kubernetes_executor.py
[2024-10-18T23:35:54.799+0000] {processor.py:839} INFO - DAG(s) dict_keys(['example_local_kubernetes_executor']) retrieved from /home/airflow/.local/lib/python3.8/site-packages/airflow/example_dags/example_local_kubernetes_executor.py
[2024-10-18T23:35:54.868+0000] {logging_mixin.py:151} INFO - [2024-10-18T23:35:54.867+0000] {dag.py:2941} INFO - Sync 1 DAGs
[2024-10-18T23:35:54.894+0000] {logging_mixin.py:151} INFO - [2024-10-18T23:35:54.894+0000] {dag.py:3722} INFO - Setting next_dagrun for example_local_kubernetes_executor to None, run_after=None
[2024-10-18T23:35:54.942+0000] {processor.py:179} INFO - Processing /home/airflow/.local/lib/python3.8/site-packages/airflow/example_dags/example_local_kubernetes_executor.py took 0.182 seconds
[2024-10-18T23:38:54.225+0000] {processor.py:157} INFO - Started process (PID=90) to work on /home/airflow/.local/lib/python3.8/site-packages/airflow/example_dags/example_local_kubernetes_executor.py
[2024-10-18T23:38:54.231+0000] {processor.py:829} INFO - Processing file /home/airflow/.local/lib/python3.8/site-packages/airflow/example_dags/example_local_kubernetes_executor.py for tasks to queue
[2024-10-18T23:38:54.250+0000] {logging_mixin.py:151} INFO - [2024-10-18T23:38:54.241+0000] {dagbag.py:536} INFO - Filling up the DagBag from /home/airflow/.local/lib/python3.8/site-packages/airflow/example_dags/example_local_kubernetes_executor.py
[2024-10-18T23:38:54.317+0000] {processor.py:839} INFO - DAG(s) dict_keys(['example_local_kubernetes_executor']) retrieved from /home/airflow/.local/lib/python3.8/site-packages/airflow/example_dags/example_local_kubernetes_executor.py
[2024-10-18T23:38:54.607+0000] {logging_mixin.py:151} INFO - [2024-10-18T23:38:54.607+0000] {dag.py:2941} INFO - Sync 1 DAGs
[2024-10-18T23:38:54.646+0000] {logging_mixin.py:151} INFO - [2024-10-18T23:38:54.645+0000] {dag.py:3722} INFO - Setting next_dagrun for example_local_kubernetes_executor to None, run_after=None
[2024-10-18T23:38:54.715+0000] {processor.py:179} INFO - Processing /home/airflow/.local/lib/python3.8/site-packages/airflow/example_dags/example_local_kubernetes_executor.py took 0.501 seconds
[2024-10-18T23:39:24.910+0000] {processor.py:157} INFO - Started process (PID=144) to work on /home/airflow/.local/lib/python3.8/site-packages/airflow/example_dags/example_local_kubernetes_executor.py
[2024-10-18T23:39:24.922+0000] {processor.py:829} INFO - Processing file /home/airflow/.local/lib/python3.8/site-packages/airflow/example_dags/example_local_kubernetes_executor.py for tasks to queue
[2024-10-18T23:39:24.934+0000] {logging_mixin.py:151} INFO - [2024-10-18T23:39:24.933+0000] {dagbag.py:536} INFO - Filling up the DagBag from /home/airflow/.local/lib/python3.8/site-packages/airflow/example_dags/example_local_kubernetes_executor.py
[2024-10-18T23:39:25.015+0000] {processor.py:839} INFO - DAG(s) dict_keys(['example_local_kubernetes_executor']) retrieved from /home/airflow/.local/lib/python3.8/site-packages/airflow/example_dags/example_local_kubernetes_executor.py
[2024-10-18T23:39:25.217+0000] {logging_mixin.py:151} INFO - [2024-10-18T23:39:25.217+0000] {dag.py:2941} INFO - Sync 1 DAGs
[2024-10-18T23:39:25.252+0000] {logging_mixin.py:151} INFO - [2024-10-18T23:39:25.251+0000] {dag.py:3722} INFO - Setting next_dagrun for example_local_kubernetes_executor to None, run_after=None
[2024-10-18T23:39:25.343+0000] {processor.py:179} INFO - Processing /home/airflow/.local/lib/python3.8/site-packages/airflow/example_dags/example_local_kubernetes_executor.py took 0.457 seconds
[2024-10-18T23:39:55.522+0000] {processor.py:157} INFO - Started process (PID=198) to work on /home/airflow/.local/lib/python3.8/site-packages/airflow/example_dags/example_local_kubernetes_executor.py
[2024-10-18T23:39:55.524+0000] {processor.py:829} INFO - Processing file /home/airflow/.local/lib/python3.8/site-packages/airflow/example_dags/example_local_kubernetes_executor.py for tasks to queue
[2024-10-18T23:39:55.528+0000] {logging_mixin.py:151} INFO - [2024-10-18T23:39:55.528+0000] {dagbag.py:536} INFO - Filling up the DagBag from /home/airflow/.local/lib/python3.8/site-packages/airflow/example_dags/example_local_kubernetes_executor.py
[2024-10-18T23:39:55.551+0000] {processor.py:839} INFO - DAG(s) dict_keys(['example_local_kubernetes_executor']) retrieved from /home/airflow/.local/lib/python3.8/site-packages/airflow/example_dags/example_local_kubernetes_executor.py
[2024-10-18T23:39:55.927+0000] {logging_mixin.py:151} INFO - [2024-10-18T23:39:55.927+0000] {dag.py:2941} INFO - Sync 1 DAGs
[2024-10-18T23:39:55.955+0000] {logging_mixin.py:151} INFO - [2024-10-18T23:39:55.954+0000] {dag.py:3722} INFO - Setting next_dagrun for example_local_kubernetes_executor to None, run_after=None
[2024-10-18T23:39:55.992+0000] {processor.py:179} INFO - Processing /home/airflow/.local/lib/python3.8/site-packages/airflow/example_dags/example_local_kubernetes_executor.py took 0.479 seconds
[2024-10-18T23:40:26.973+0000] {processor.py:157} INFO - Started process (PID=252) to work on /home/airflow/.local/lib/python3.8/site-packages/airflow/example_dags/example_local_kubernetes_executor.py
[2024-10-18T23:40:26.975+0000] {processor.py:829} INFO - Processing file /home/airflow/.local/lib/python3.8/site-packages/airflow/example_dags/example_local_kubernetes_executor.py for tasks to queue
[2024-10-18T23:40:26.978+0000] {logging_mixin.py:151} INFO - [2024-10-18T23:40:26.978+0000] {dagbag.py:536} INFO - Filling up the DagBag from /home/airflow/.local/lib/python3.8/site-packages/airflow/example_dags/example_local_kubernetes_executor.py
[2024-10-18T23:40:27.018+0000] {processor.py:839} INFO - DAG(s) dict_keys(['example_local_kubernetes_executor']) retrieved from /home/airflow/.local/lib/python3.8/site-packages/airflow/example_dags/example_local_kubernetes_executor.py
[2024-10-18T23:40:27.346+0000] {logging_mixin.py:151} INFO - [2024-10-18T23:40:27.345+0000] {dag.py:2941} INFO - Sync 1 DAGs
[2024-10-18T23:40:27.378+0000] {logging_mixin.py:151} INFO - [2024-10-18T23:40:27.378+0000] {dag.py:3722} INFO - Setting next_dagrun for example_local_kubernetes_executor to None, run_after=None
[2024-10-18T23:40:27.470+0000] {processor.py:179} INFO - Processing /home/airflow/.local/lib/python3.8/site-packages/airflow/example_dags/example_local_kubernetes_executor.py took 0.504 seconds
[2024-10-18T23:41:16.070+0000] {processor.py:157} INFO - Started process (PID=294) to work on /home/airflow/.local/lib/python3.8/site-packages/airflow/example_dags/example_local_kubernetes_executor.py
[2024-10-18T23:41:16.075+0000] {processor.py:829} INFO - Processing file /home/airflow/.local/lib/python3.8/site-packages/airflow/example_dags/example_local_kubernetes_executor.py for tasks to queue
[2024-10-18T23:41:16.082+0000] {logging_mixin.py:151} INFO - [2024-10-18T23:41:16.081+0000] {dagbag.py:536} INFO - Filling up the DagBag from /home/airflow/.local/lib/python3.8/site-packages/airflow/example_dags/example_local_kubernetes_executor.py
[2024-10-18T23:41:16.109+0000] {processor.py:839} INFO - DAG(s) dict_keys(['example_local_kubernetes_executor']) retrieved from /home/airflow/.local/lib/python3.8/site-packages/airflow/example_dags/example_local_kubernetes_executor.py
[2024-10-18T23:41:16.412+0000] {logging_mixin.py:151} INFO - [2024-10-18T23:41:16.412+0000] {dag.py:2941} INFO - Sync 1 DAGs
[2024-10-18T23:41:16.464+0000] {logging_mixin.py:151} INFO - [2024-10-18T23:41:16.464+0000] {dag.py:3722} INFO - Setting next_dagrun for example_local_kubernetes_executor to None, run_after=None
[2024-10-18T23:41:16.558+0000] {processor.py:179} INFO - Processing /home/airflow/.local/lib/python3.8/site-packages/airflow/example_dags/example_local_kubernetes_executor.py took 0.501 seconds
[2024-10-18T23:41:59.836+0000] {processor.py:157} INFO - Started process (PID=348) to work on /home/airflow/.local/lib/python3.8/site-packages/airflow/example_dags/example_local_kubernetes_executor.py
[2024-10-18T23:41:59.854+0000] {processor.py:829} INFO - Processing file /home/airflow/.local/lib/python3.8/site-packages/airflow/example_dags/example_local_kubernetes_executor.py for tasks to queue
[2024-10-18T23:41:59.917+0000] {logging_mixin.py:151} INFO - [2024-10-18T23:41:59.915+0000] {dagbag.py:536} INFO - Filling up the DagBag from /home/airflow/.local/lib/python3.8/site-packages/airflow/example_dags/example_local_kubernetes_executor.py
[2024-10-18T23:42:00.147+0000] {processor.py:839} INFO - DAG(s) dict_keys(['example_local_kubernetes_executor']) retrieved from /home/airflow/.local/lib/python3.8/site-packages/airflow/example_dags/example_local_kubernetes_executor.py
[2024-10-18T23:42:02.616+0000] {logging_mixin.py:151} INFO - [2024-10-18T23:42:02.612+0000] {dag.py:2941} INFO - Sync 1 DAGs
[2024-10-18T23:42:02.743+0000] {logging_mixin.py:151} INFO - [2024-10-18T23:42:02.741+0000] {dag.py:3722} INFO - Setting next_dagrun for example_local_kubernetes_executor to None, run_after=None
[2024-10-18T23:42:03.275+0000] {processor.py:179} INFO - Processing /home/airflow/.local/lib/python3.8/site-packages/airflow/example_dags/example_local_kubernetes_executor.py took 3.453 seconds
[2024-10-18T23:43:15.599+0000] {processor.py:157} INFO - Started process (PID=406) to work on /home/airflow/.local/lib/python3.8/site-packages/airflow/example_dags/example_local_kubernetes_executor.py
[2024-10-18T23:43:15.604+0000] {processor.py:829} INFO - Processing file /home/airflow/.local/lib/python3.8/site-packages/airflow/example_dags/example_local_kubernetes_executor.py for tasks to queue
[2024-10-18T23:43:15.637+0000] {logging_mixin.py:151} INFO - [2024-10-18T23:43:15.626+0000] {dagbag.py:536} INFO - Filling up the DagBag from /home/airflow/.local/lib/python3.8/site-packages/airflow/example_dags/example_local_kubernetes_executor.py
[2024-10-18T23:43:15.743+0000] {processor.py:839} INFO - DAG(s) dict_keys(['example_local_kubernetes_executor']) retrieved from /home/airflow/.local/lib/python3.8/site-packages/airflow/example_dags/example_local_kubernetes_executor.py
[2024-10-18T23:43:16.018+0000] {logging_mixin.py:151} INFO - [2024-10-18T23:43:16.017+0000] {dag.py:2941} INFO - Sync 1 DAGs
[2024-10-18T23:43:16.115+0000] {logging_mixin.py:151} INFO - [2024-10-18T23:43:16.113+0000] {dag.py:3722} INFO - Setting next_dagrun for example_local_kubernetes_executor to None, run_after=None
[2024-10-18T23:43:16.272+0000] {processor.py:179} INFO - Processing /home/airflow/.local/lib/python3.8/site-packages/airflow/example_dags/example_local_kubernetes_executor.py took 0.692 seconds
[2024-10-18T23:43:48.162+0000] {processor.py:157} INFO - Started process (PID=460) to work on /home/airflow/.local/lib/python3.8/site-packages/airflow/example_dags/example_local_kubernetes_executor.py
[2024-10-18T23:43:48.164+0000] {processor.py:829} INFO - Processing file /home/airflow/.local/lib/python3.8/site-packages/airflow/example_dags/example_local_kubernetes_executor.py for tasks to queue
[2024-10-18T23:43:48.173+0000] {logging_mixin.py:151} INFO - [2024-10-18T23:43:48.173+0000] {dagbag.py:536} INFO - Filling up the DagBag from /home/airflow/.local/lib/python3.8/site-packages/airflow/example_dags/example_local_kubernetes_executor.py
[2024-10-18T23:43:48.192+0000] {processor.py:839} INFO - DAG(s) dict_keys(['example_local_kubernetes_executor']) retrieved from /home/airflow/.local/lib/python3.8/site-packages/airflow/example_dags/example_local_kubernetes_executor.py
[2024-10-18T23:43:48.292+0000] {logging_mixin.py:151} INFO - [2024-10-18T23:43:48.292+0000] {dag.py:2941} INFO - Sync 1 DAGs
[2024-10-18T23:43:48.328+0000] {logging_mixin.py:151} INFO - [2024-10-18T23:43:48.328+0000] {dag.py:3722} INFO - Setting next_dagrun for example_local_kubernetes_executor to None, run_after=None
[2024-10-18T23:43:48.369+0000] {processor.py:179} INFO - Processing /home/airflow/.local/lib/python3.8/site-packages/airflow/example_dags/example_local_kubernetes_executor.py took 0.214 seconds
[2024-10-18T23:44:18.768+0000] {processor.py:157} INFO - Started process (PID=512) to work on /home/airflow/.local/lib/python3.8/site-packages/airflow/example_dags/example_local_kubernetes_executor.py
[2024-10-18T23:44:18.770+0000] {processor.py:829} INFO - Processing file /home/airflow/.local/lib/python3.8/site-packages/airflow/example_dags/example_local_kubernetes_executor.py for tasks to queue
[2024-10-18T23:44:18.775+0000] {logging_mixin.py:151} INFO - [2024-10-18T23:44:18.774+0000] {dagbag.py:536} INFO - Filling up the DagBag from /home/airflow/.local/lib/python3.8/site-packages/airflow/example_dags/example_local_kubernetes_executor.py
[2024-10-18T23:44:18.792+0000] {processor.py:839} INFO - DAG(s) dict_keys(['example_local_kubernetes_executor']) retrieved from /home/airflow/.local/lib/python3.8/site-packages/airflow/example_dags/example_local_kubernetes_executor.py
[2024-10-18T23:44:18.891+0000] {logging_mixin.py:151} INFO - [2024-10-18T23:44:18.890+0000] {dag.py:2941} INFO - Sync 1 DAGs
[2024-10-18T23:44:18.927+0000] {logging_mixin.py:151} INFO - [2024-10-18T23:44:18.926+0000] {dag.py:3722} INFO - Setting next_dagrun for example_local_kubernetes_executor to None, run_after=None
[2024-10-18T23:44:18.976+0000] {processor.py:179} INFO - Processing /home/airflow/.local/lib/python3.8/site-packages/airflow/example_dags/example_local_kubernetes_executor.py took 0.214 seconds
[2024-10-18T23:44:49.045+0000] {processor.py:157} INFO - Started process (PID=566) to work on /home/airflow/.local/lib/python3.8/site-packages/airflow/example_dags/example_local_kubernetes_executor.py
[2024-10-18T23:44:49.047+0000] {processor.py:829} INFO - Processing file /home/airflow/.local/lib/python3.8/site-packages/airflow/example_dags/example_local_kubernetes_executor.py for tasks to queue
[2024-10-18T23:44:49.051+0000] {logging_mixin.py:151} INFO - [2024-10-18T23:44:49.051+0000] {dagbag.py:536} INFO - Filling up the DagBag from /home/airflow/.local/lib/python3.8/site-packages/airflow/example_dags/example_local_kubernetes_executor.py
[2024-10-18T23:44:49.069+0000] {processor.py:839} INFO - DAG(s) dict_keys(['example_local_kubernetes_executor']) retrieved from /home/airflow/.local/lib/python3.8/site-packages/airflow/example_dags/example_local_kubernetes_executor.py
[2024-10-18T23:44:49.184+0000] {logging_mixin.py:151} INFO - [2024-10-18T23:44:49.183+0000] {dag.py:2941} INFO - Sync 1 DAGs
[2024-10-18T23:44:49.231+0000] {logging_mixin.py:151} INFO - [2024-10-18T23:44:49.231+0000] {dag.py:3722} INFO - Setting next_dagrun for example_local_kubernetes_executor to None, run_after=None
[2024-10-18T23:44:49.293+0000] {processor.py:179} INFO - Processing /home/airflow/.local/lib/python3.8/site-packages/airflow/example_dags/example_local_kubernetes_executor.py took 0.253 seconds
[2024-10-18T23:45:19.688+0000] {processor.py:157} INFO - Started process (PID=620) to work on /home/airflow/.local/lib/python3.8/site-packages/airflow/example_dags/example_local_kubernetes_executor.py
[2024-10-18T23:45:19.691+0000] {processor.py:829} INFO - Processing file /home/airflow/.local/lib/python3.8/site-packages/airflow/example_dags/example_local_kubernetes_executor.py for tasks to queue
[2024-10-18T23:45:19.731+0000] {logging_mixin.py:151} INFO - [2024-10-18T23:45:19.729+0000] {dagbag.py:536} INFO - Filling up the DagBag from /home/airflow/.local/lib/python3.8/site-packages/airflow/example_dags/example_local_kubernetes_executor.py
[2024-10-18T23:45:19.845+0000] {processor.py:839} INFO - DAG(s) dict_keys(['example_local_kubernetes_executor']) retrieved from /home/airflow/.local/lib/python3.8/site-packages/airflow/example_dags/example_local_kubernetes_executor.py
[2024-10-18T23:45:20.619+0000] {logging_mixin.py:151} INFO - [2024-10-18T23:45:20.619+0000] {dag.py:2941} INFO - Sync 1 DAGs
[2024-10-18T23:45:20.748+0000] {logging_mixin.py:151} INFO - [2024-10-18T23:45:20.748+0000] {dag.py:3722} INFO - Setting next_dagrun for example_local_kubernetes_executor to None, run_after=None
[2024-10-18T23:45:20.885+0000] {processor.py:179} INFO - Processing /home/airflow/.local/lib/python3.8/site-packages/airflow/example_dags/example_local_kubernetes_executor.py took 1.280 seconds
[2024-10-18T23:45:51.728+0000] {processor.py:157} INFO - Started process (PID=673) to work on /home/airflow/.local/lib/python3.8/site-packages/airflow/example_dags/example_local_kubernetes_executor.py
[2024-10-18T23:45:51.731+0000] {processor.py:829} INFO - Processing file /home/airflow/.local/lib/python3.8/site-packages/airflow/example_dags/example_local_kubernetes_executor.py for tasks to queue
[2024-10-18T23:45:51.737+0000] {logging_mixin.py:151} INFO - [2024-10-18T23:45:51.736+0000] {dagbag.py:536} INFO - Filling up the DagBag from /home/airflow/.local/lib/python3.8/site-packages/airflow/example_dags/example_local_kubernetes_executor.py
[2024-10-18T23:45:51.863+0000] {processor.py:839} INFO - DAG(s) dict_keys(['example_local_kubernetes_executor']) retrieved from /home/airflow/.local/lib/python3.8/site-packages/airflow/example_dags/example_local_kubernetes_executor.py
[2024-10-18T23:45:52.820+0000] {logging_mixin.py:151} INFO - [2024-10-18T23:45:52.820+0000] {dag.py:2941} INFO - Sync 1 DAGs
[2024-10-18T23:45:52.849+0000] {logging_mixin.py:151} INFO - [2024-10-18T23:45:52.848+0000] {dag.py:3722} INFO - Setting next_dagrun for example_local_kubernetes_executor to None, run_after=None
[2024-10-18T23:45:52.947+0000] {processor.py:179} INFO - Processing /home/airflow/.local/lib/python3.8/site-packages/airflow/example_dags/example_local_kubernetes_executor.py took 1.256 seconds
[2024-10-18T23:46:23.852+0000] {processor.py:157} INFO - Started process (PID=727) to work on /home/airflow/.local/lib/python3.8/site-packages/airflow/example_dags/example_local_kubernetes_executor.py
[2024-10-18T23:46:23.855+0000] {processor.py:829} INFO - Processing file /home/airflow/.local/lib/python3.8/site-packages/airflow/example_dags/example_local_kubernetes_executor.py for tasks to queue
[2024-10-18T23:46:23.862+0000] {logging_mixin.py:151} INFO - [2024-10-18T23:46:23.861+0000] {dagbag.py:536} INFO - Filling up the DagBag from /home/airflow/.local/lib/python3.8/site-packages/airflow/example_dags/example_local_kubernetes_executor.py
[2024-10-18T23:46:23.892+0000] {processor.py:839} INFO - DAG(s) dict_keys(['example_local_kubernetes_executor']) retrieved from /home/airflow/.local/lib/python3.8/site-packages/airflow/example_dags/example_local_kubernetes_executor.py
[2024-10-18T23:46:24.001+0000] {logging_mixin.py:151} INFO - [2024-10-18T23:46:24.001+0000] {dag.py:2941} INFO - Sync 1 DAGs
[2024-10-18T23:46:24.026+0000] {logging_mixin.py:151} INFO - [2024-10-18T23:46:24.026+0000] {dag.py:3722} INFO - Setting next_dagrun for example_local_kubernetes_executor to None, run_after=None
[2024-10-18T23:46:24.098+0000] {processor.py:179} INFO - Processing /home/airflow/.local/lib/python3.8/site-packages/airflow/example_dags/example_local_kubernetes_executor.py took 0.258 seconds
[2024-10-18T23:46:54.197+0000] {processor.py:157} INFO - Started process (PID=780) to work on /home/airflow/.local/lib/python3.8/site-packages/airflow/example_dags/example_local_kubernetes_executor.py
[2024-10-18T23:46:54.199+0000] {processor.py:829} INFO - Processing file /home/airflow/.local/lib/python3.8/site-packages/airflow/example_dags/example_local_kubernetes_executor.py for tasks to queue
[2024-10-18T23:46:54.206+0000] {logging_mixin.py:151} INFO - [2024-10-18T23:46:54.206+0000] {dagbag.py:536} INFO - Filling up the DagBag from /home/airflow/.local/lib/python3.8/site-packages/airflow/example_dags/example_local_kubernetes_executor.py
[2024-10-18T23:46:54.224+0000] {processor.py:839} INFO - DAG(s) dict_keys(['example_local_kubernetes_executor']) retrieved from /home/airflow/.local/lib/python3.8/site-packages/airflow/example_dags/example_local_kubernetes_executor.py
[2024-10-18T23:46:54.351+0000] {logging_mixin.py:151} INFO - [2024-10-18T23:46:54.351+0000] {dag.py:2941} INFO - Sync 1 DAGs
[2024-10-18T23:46:54.397+0000] {logging_mixin.py:151} INFO - [2024-10-18T23:46:54.396+0000] {dag.py:3722} INFO - Setting next_dagrun for example_local_kubernetes_executor to None, run_after=None
[2024-10-18T23:46:54.455+0000] {processor.py:179} INFO - Processing /home/airflow/.local/lib/python3.8/site-packages/airflow/example_dags/example_local_kubernetes_executor.py took 0.265 seconds
[2024-10-18T23:47:24.598+0000] {processor.py:157} INFO - Started process (PID=833) to work on /home/airflow/.local/lib/python3.8/site-packages/airflow/example_dags/example_local_kubernetes_executor.py
[2024-10-18T23:47:24.601+0000] {processor.py:829} INFO - Processing file /home/airflow/.local/lib/python3.8/site-packages/airflow/example_dags/example_local_kubernetes_executor.py for tasks to queue
[2024-10-18T23:47:24.606+0000] {logging_mixin.py:151} INFO - [2024-10-18T23:47:24.606+0000] {dagbag.py:536} INFO - Filling up the DagBag from /home/airflow/.local/lib/python3.8/site-packages/airflow/example_dags/example_local_kubernetes_executor.py
[2024-10-18T23:47:24.626+0000] {processor.py:839} INFO - DAG(s) dict_keys(['example_local_kubernetes_executor']) retrieved from /home/airflow/.local/lib/python3.8/site-packages/airflow/example_dags/example_local_kubernetes_executor.py
[2024-10-18T23:47:24.748+0000] {logging_mixin.py:151} INFO - [2024-10-18T23:47:24.748+0000] {dag.py:2941} INFO - Sync 1 DAGs
[2024-10-18T23:47:24.777+0000] {logging_mixin.py:151} INFO - [2024-10-18T23:47:24.777+0000] {dag.py:3722} INFO - Setting next_dagrun for example_local_kubernetes_executor to None, run_after=None
[2024-10-18T23:47:24.810+0000] {processor.py:179} INFO - Processing /home/airflow/.local/lib/python3.8/site-packages/airflow/example_dags/example_local_kubernetes_executor.py took 0.219 seconds
[2024-10-18T23:47:59.716+0000] {processor.py:157} INFO - Started process (PID=886) to work on /home/airflow/.local/lib/python3.8/site-packages/airflow/example_dags/example_local_kubernetes_executor.py
[2024-10-18T23:47:59.720+0000] {processor.py:829} INFO - Processing file /home/airflow/.local/lib/python3.8/site-packages/airflow/example_dags/example_local_kubernetes_executor.py for tasks to queue
[2024-10-18T23:47:59.724+0000] {logging_mixin.py:151} INFO - [2024-10-18T23:47:59.724+0000] {dagbag.py:536} INFO - Filling up the DagBag from /home/airflow/.local/lib/python3.8/site-packages/airflow/example_dags/example_local_kubernetes_executor.py
[2024-10-18T23:47:59.752+0000] {processor.py:839} INFO - DAG(s) dict_keys(['example_local_kubernetes_executor']) retrieved from /home/airflow/.local/lib/python3.8/site-packages/airflow/example_dags/example_local_kubernetes_executor.py
[2024-10-18T23:48:00.148+0000] {logging_mixin.py:151} INFO - [2024-10-18T23:48:00.147+0000] {dag.py:2941} INFO - Sync 1 DAGs
[2024-10-18T23:48:00.233+0000] {logging_mixin.py:151} INFO - [2024-10-18T23:48:00.233+0000] {dag.py:3722} INFO - Setting next_dagrun for example_local_kubernetes_executor to None, run_after=None
[2024-10-18T23:48:00.330+0000] {processor.py:179} INFO - Processing /home/airflow/.local/lib/python3.8/site-packages/airflow/example_dags/example_local_kubernetes_executor.py took 0.638 seconds
[2024-10-18T23:48:35.215+0000] {processor.py:157} INFO - Started process (PID=940) to work on /home/airflow/.local/lib/python3.8/site-packages/airflow/example_dags/example_local_kubernetes_executor.py
[2024-10-18T23:48:35.220+0000] {processor.py:829} INFO - Processing file /home/airflow/.local/lib/python3.8/site-packages/airflow/example_dags/example_local_kubernetes_executor.py for tasks to queue
[2024-10-18T23:48:35.244+0000] {logging_mixin.py:151} INFO - [2024-10-18T23:48:35.239+0000] {dagbag.py:536} INFO - Filling up the DagBag from /home/airflow/.local/lib/python3.8/site-packages/airflow/example_dags/example_local_kubernetes_executor.py
[2024-10-18T23:48:35.294+0000] {processor.py:839} INFO - DAG(s) dict_keys(['example_local_kubernetes_executor']) retrieved from /home/airflow/.local/lib/python3.8/site-packages/airflow/example_dags/example_local_kubernetes_executor.py
[2024-10-18T23:48:36.445+0000] {logging_mixin.py:151} INFO - [2024-10-18T23:48:36.353+0000] {dag.py:2941} INFO - Sync 1 DAGs
[2024-10-18T23:48:36.773+0000] {logging_mixin.py:151} INFO - [2024-10-18T23:48:36.766+0000] {dag.py:3722} INFO - Setting next_dagrun for example_local_kubernetes_executor to None, run_after=None
[2024-10-18T23:48:36.871+0000] {processor.py:179} INFO - Processing /home/airflow/.local/lib/python3.8/site-packages/airflow/example_dags/example_local_kubernetes_executor.py took 1.689 seconds
[2024-10-18T23:49:08.743+0000] {processor.py:157} INFO - Started process (PID=992) to work on /home/airflow/.local/lib/python3.8/site-packages/airflow/example_dags/example_local_kubernetes_executor.py
[2024-10-18T23:49:08.745+0000] {processor.py:829} INFO - Processing file /home/airflow/.local/lib/python3.8/site-packages/airflow/example_dags/example_local_kubernetes_executor.py for tasks to queue
[2024-10-18T23:49:08.751+0000] {logging_mixin.py:151} INFO - [2024-10-18T23:49:08.750+0000] {dagbag.py:536} INFO - Filling up the DagBag from /home/airflow/.local/lib/python3.8/site-packages/airflow/example_dags/example_local_kubernetes_executor.py
[2024-10-18T23:49:08.776+0000] {processor.py:839} INFO - DAG(s) dict_keys(['example_local_kubernetes_executor']) retrieved from /home/airflow/.local/lib/python3.8/site-packages/airflow/example_dags/example_local_kubernetes_executor.py
[2024-10-18T23:49:09.314+0000] {logging_mixin.py:151} INFO - [2024-10-18T23:49:09.314+0000] {dag.py:2941} INFO - Sync 1 DAGs
[2024-10-18T23:49:09.340+0000] {logging_mixin.py:151} INFO - [2024-10-18T23:49:09.340+0000] {dag.py:3722} INFO - Setting next_dagrun for example_local_kubernetes_executor to None, run_after=None
[2024-10-18T23:49:09.384+0000] {processor.py:179} INFO - Processing /home/airflow/.local/lib/python3.8/site-packages/airflow/example_dags/example_local_kubernetes_executor.py took 0.649 seconds
[2024-10-18T23:50:06.282+0000] {processor.py:157} INFO - Started process (PID=1042) to work on /home/airflow/.local/lib/python3.8/site-packages/airflow/example_dags/example_local_kubernetes_executor.py
[2024-10-18T23:50:06.286+0000] {processor.py:829} INFO - Processing file /home/airflow/.local/lib/python3.8/site-packages/airflow/example_dags/example_local_kubernetes_executor.py for tasks to queue
[2024-10-18T23:50:06.293+0000] {logging_mixin.py:151} INFO - [2024-10-18T23:50:06.292+0000] {dagbag.py:536} INFO - Filling up the DagBag from /home/airflow/.local/lib/python3.8/site-packages/airflow/example_dags/example_local_kubernetes_executor.py
[2024-10-18T23:50:06.337+0000] {processor.py:839} INFO - DAG(s) dict_keys(['example_local_kubernetes_executor']) retrieved from /home/airflow/.local/lib/python3.8/site-packages/airflow/example_dags/example_local_kubernetes_executor.py
[2024-10-18T23:50:06.796+0000] {logging_mixin.py:151} INFO - [2024-10-18T23:50:06.790+0000] {dag.py:2941} INFO - Sync 1 DAGs
[2024-10-18T23:50:06.860+0000] {logging_mixin.py:151} INFO - [2024-10-18T23:50:06.852+0000] {dag.py:3722} INFO - Setting next_dagrun for example_local_kubernetes_executor to None, run_after=None
[2024-10-18T23:50:07.008+0000] {processor.py:179} INFO - Processing /home/airflow/.local/lib/python3.8/site-packages/airflow/example_dags/example_local_kubernetes_executor.py took 0.745 seconds
[2024-10-18T23:50:38.085+0000] {processor.py:157} INFO - Started process (PID=1095) to work on /home/airflow/.local/lib/python3.8/site-packages/airflow/example_dags/example_local_kubernetes_executor.py
[2024-10-18T23:50:38.091+0000] {processor.py:829} INFO - Processing file /home/airflow/.local/lib/python3.8/site-packages/airflow/example_dags/example_local_kubernetes_executor.py for tasks to queue
[2024-10-18T23:50:38.098+0000] {logging_mixin.py:151} INFO - [2024-10-18T23:50:38.096+0000] {dagbag.py:536} INFO - Filling up the DagBag from /home/airflow/.local/lib/python3.8/site-packages/airflow/example_dags/example_local_kubernetes_executor.py
[2024-10-18T23:50:38.131+0000] {processor.py:839} INFO - DAG(s) dict_keys(['example_local_kubernetes_executor']) retrieved from /home/airflow/.local/lib/python3.8/site-packages/airflow/example_dags/example_local_kubernetes_executor.py
[2024-10-18T23:50:38.350+0000] {logging_mixin.py:151} INFO - [2024-10-18T23:50:38.350+0000] {dag.py:2941} INFO - Sync 1 DAGs
[2024-10-18T23:50:38.421+0000] {logging_mixin.py:151} INFO - [2024-10-18T23:50:38.421+0000] {dag.py:3722} INFO - Setting next_dagrun for example_local_kubernetes_executor to None, run_after=None
[2024-10-18T23:50:38.517+0000] {processor.py:179} INFO - Processing /home/airflow/.local/lib/python3.8/site-packages/airflow/example_dags/example_local_kubernetes_executor.py took 0.440 seconds
[2024-10-18T23:51:08.848+0000] {processor.py:157} INFO - Started process (PID=1148) to work on /home/airflow/.local/lib/python3.8/site-packages/airflow/example_dags/example_local_kubernetes_executor.py
[2024-10-18T23:51:08.850+0000] {processor.py:829} INFO - Processing file /home/airflow/.local/lib/python3.8/site-packages/airflow/example_dags/example_local_kubernetes_executor.py for tasks to queue
[2024-10-18T23:51:08.854+0000] {logging_mixin.py:151} INFO - [2024-10-18T23:51:08.853+0000] {dagbag.py:536} INFO - Filling up the DagBag from /home/airflow/.local/lib/python3.8/site-packages/airflow/example_dags/example_local_kubernetes_executor.py
[2024-10-18T23:51:08.874+0000] {processor.py:839} INFO - DAG(s) dict_keys(['example_local_kubernetes_executor']) retrieved from /home/airflow/.local/lib/python3.8/site-packages/airflow/example_dags/example_local_kubernetes_executor.py
[2024-10-18T23:51:08.979+0000] {logging_mixin.py:151} INFO - [2024-10-18T23:51:08.978+0000] {dag.py:2941} INFO - Sync 1 DAGs
[2024-10-18T23:51:09.011+0000] {logging_mixin.py:151} INFO - [2024-10-18T23:51:09.011+0000] {dag.py:3722} INFO - Setting next_dagrun for example_local_kubernetes_executor to None, run_after=None
[2024-10-18T23:51:09.064+0000] {processor.py:179} INFO - Processing /home/airflow/.local/lib/python3.8/site-packages/airflow/example_dags/example_local_kubernetes_executor.py took 0.224 seconds
[2024-10-18T23:51:39.598+0000] {processor.py:157} INFO - Started process (PID=1202) to work on /home/airflow/.local/lib/python3.8/site-packages/airflow/example_dags/example_local_kubernetes_executor.py
[2024-10-18T23:51:39.600+0000] {processor.py:829} INFO - Processing file /home/airflow/.local/lib/python3.8/site-packages/airflow/example_dags/example_local_kubernetes_executor.py for tasks to queue
[2024-10-18T23:51:39.605+0000] {logging_mixin.py:151} INFO - [2024-10-18T23:51:39.605+0000] {dagbag.py:536} INFO - Filling up the DagBag from /home/airflow/.local/lib/python3.8/site-packages/airflow/example_dags/example_local_kubernetes_executor.py
[2024-10-18T23:51:39.620+0000] {processor.py:839} INFO - DAG(s) dict_keys(['example_local_kubernetes_executor']) retrieved from /home/airflow/.local/lib/python3.8/site-packages/airflow/example_dags/example_local_kubernetes_executor.py
[2024-10-18T23:51:39.730+0000] {logging_mixin.py:151} INFO - [2024-10-18T23:51:39.729+0000] {dag.py:2941} INFO - Sync 1 DAGs
[2024-10-18T23:51:40.341+0000] {logging_mixin.py:151} INFO - [2024-10-18T23:51:40.340+0000] {dag.py:3722} INFO - Setting next_dagrun for example_local_kubernetes_executor to None, run_after=None
[2024-10-18T23:51:40.388+0000] {processor.py:179} INFO - Processing /home/airflow/.local/lib/python3.8/site-packages/airflow/example_dags/example_local_kubernetes_executor.py took 0.796 seconds
[2024-10-18T23:52:11.202+0000] {processor.py:157} INFO - Started process (PID=1256) to work on /home/airflow/.local/lib/python3.8/site-packages/airflow/example_dags/example_local_kubernetes_executor.py
[2024-10-18T23:52:11.204+0000] {processor.py:829} INFO - Processing file /home/airflow/.local/lib/python3.8/site-packages/airflow/example_dags/example_local_kubernetes_executor.py for tasks to queue
[2024-10-18T23:52:11.208+0000] {logging_mixin.py:151} INFO - [2024-10-18T23:52:11.207+0000] {dagbag.py:536} INFO - Filling up the DagBag from /home/airflow/.local/lib/python3.8/site-packages/airflow/example_dags/example_local_kubernetes_executor.py
[2024-10-18T23:52:11.223+0000] {processor.py:839} INFO - DAG(s) dict_keys(['example_local_kubernetes_executor']) retrieved from /home/airflow/.local/lib/python3.8/site-packages/airflow/example_dags/example_local_kubernetes_executor.py
[2024-10-18T23:52:11.325+0000] {logging_mixin.py:151} INFO - [2024-10-18T23:52:11.324+0000] {dag.py:2941} INFO - Sync 1 DAGs
[2024-10-18T23:52:11.345+0000] {logging_mixin.py:151} INFO - [2024-10-18T23:52:11.344+0000] {dag.py:3722} INFO - Setting next_dagrun for example_local_kubernetes_executor to None, run_after=None
[2024-10-18T23:52:11.390+0000] {processor.py:179} INFO - Processing /home/airflow/.local/lib/python3.8/site-packages/airflow/example_dags/example_local_kubernetes_executor.py took 0.194 seconds
[2024-10-18T23:52:42.577+0000] {processor.py:157} INFO - Started process (PID=1309) to work on /home/airflow/.local/lib/python3.8/site-packages/airflow/example_dags/example_local_kubernetes_executor.py
[2024-10-18T23:52:42.579+0000] {processor.py:829} INFO - Processing file /home/airflow/.local/lib/python3.8/site-packages/airflow/example_dags/example_local_kubernetes_executor.py for tasks to queue
[2024-10-18T23:52:42.583+0000] {logging_mixin.py:151} INFO - [2024-10-18T23:52:42.583+0000] {dagbag.py:536} INFO - Filling up the DagBag from /home/airflow/.local/lib/python3.8/site-packages/airflow/example_dags/example_local_kubernetes_executor.py
[2024-10-18T23:52:42.610+0000] {processor.py:839} INFO - DAG(s) dict_keys(['example_local_kubernetes_executor']) retrieved from /home/airflow/.local/lib/python3.8/site-packages/airflow/example_dags/example_local_kubernetes_executor.py
[2024-10-18T23:52:42.924+0000] {logging_mixin.py:151} INFO - [2024-10-18T23:52:42.924+0000] {dag.py:2941} INFO - Sync 1 DAGs
[2024-10-18T23:52:42.963+0000] {logging_mixin.py:151} INFO - [2024-10-18T23:52:42.962+0000] {dag.py:3722} INFO - Setting next_dagrun for example_local_kubernetes_executor to None, run_after=None
[2024-10-18T23:52:43.008+0000] {processor.py:179} INFO - Processing /home/airflow/.local/lib/python3.8/site-packages/airflow/example_dags/example_local_kubernetes_executor.py took 0.436 seconds
[2024-10-18T23:53:15.503+0000] {processor.py:157} INFO - Started process (PID=1361) to work on /home/airflow/.local/lib/python3.8/site-packages/airflow/example_dags/example_local_kubernetes_executor.py
[2024-10-18T23:53:15.543+0000] {processor.py:829} INFO - Processing file /home/airflow/.local/lib/python3.8/site-packages/airflow/example_dags/example_local_kubernetes_executor.py for tasks to queue
[2024-10-18T23:53:15.555+0000] {logging_mixin.py:151} INFO - [2024-10-18T23:53:15.554+0000] {dagbag.py:536} INFO - Filling up the DagBag from /home/airflow/.local/lib/python3.8/site-packages/airflow/example_dags/example_local_kubernetes_executor.py
[2024-10-18T23:53:15.618+0000] {processor.py:839} INFO - DAG(s) dict_keys(['example_local_kubernetes_executor']) retrieved from /home/airflow/.local/lib/python3.8/site-packages/airflow/example_dags/example_local_kubernetes_executor.py
[2024-10-18T23:53:16.401+0000] {logging_mixin.py:151} INFO - [2024-10-18T23:53:16.377+0000] {dag.py:2941} INFO - Sync 1 DAGs
[2024-10-18T23:53:17.800+0000] {logging_mixin.py:151} INFO - [2024-10-18T23:53:17.788+0000] {dag.py:3722} INFO - Setting next_dagrun for example_local_kubernetes_executor to None, run_after=None
[2024-10-18T23:53:18.078+0000] {processor.py:179} INFO - Processing /home/airflow/.local/lib/python3.8/site-packages/airflow/example_dags/example_local_kubernetes_executor.py took 2.586 seconds
[2024-10-18T23:53:51.805+0000] {processor.py:157} INFO - Started process (PID=1402) to work on /home/airflow/.local/lib/python3.8/site-packages/airflow/example_dags/example_local_kubernetes_executor.py
[2024-10-18T23:53:51.837+0000] {processor.py:829} INFO - Processing file /home/airflow/.local/lib/python3.8/site-packages/airflow/example_dags/example_local_kubernetes_executor.py for tasks to queue
[2024-10-18T23:53:51.858+0000] {logging_mixin.py:151} INFO - [2024-10-18T23:53:51.845+0000] {dagbag.py:536} INFO - Filling up the DagBag from /home/airflow/.local/lib/python3.8/site-packages/airflow/example_dags/example_local_kubernetes_executor.py
[2024-10-18T23:53:52.009+0000] {processor.py:839} INFO - DAG(s) dict_keys(['example_local_kubernetes_executor']) retrieved from /home/airflow/.local/lib/python3.8/site-packages/airflow/example_dags/example_local_kubernetes_executor.py
[2024-10-18T23:53:53.227+0000] {logging_mixin.py:151} INFO - [2024-10-18T23:53:53.226+0000] {dag.py:2941} INFO - Sync 1 DAGs
[2024-10-18T23:53:53.294+0000] {logging_mixin.py:151} INFO - [2024-10-18T23:53:53.294+0000] {dag.py:3722} INFO - Setting next_dagrun for example_local_kubernetes_executor to None, run_after=None
[2024-10-18T23:53:53.395+0000] {processor.py:179} INFO - Processing /home/airflow/.local/lib/python3.8/site-packages/airflow/example_dags/example_local_kubernetes_executor.py took 1.698 seconds
[2024-10-18T23:54:23.996+0000] {processor.py:157} INFO - Started process (PID=1456) to work on /home/airflow/.local/lib/python3.8/site-packages/airflow/example_dags/example_local_kubernetes_executor.py
[2024-10-18T23:54:24.004+0000] {processor.py:829} INFO - Processing file /home/airflow/.local/lib/python3.8/site-packages/airflow/example_dags/example_local_kubernetes_executor.py for tasks to queue
[2024-10-18T23:54:24.043+0000] {logging_mixin.py:151} INFO - [2024-10-18T23:54:24.042+0000] {dagbag.py:536} INFO - Filling up the DagBag from /home/airflow/.local/lib/python3.8/site-packages/airflow/example_dags/example_local_kubernetes_executor.py
[2024-10-18T23:54:24.066+0000] {processor.py:839} INFO - DAG(s) dict_keys(['example_local_kubernetes_executor']) retrieved from /home/airflow/.local/lib/python3.8/site-packages/airflow/example_dags/example_local_kubernetes_executor.py
[2024-10-18T23:54:24.515+0000] {logging_mixin.py:151} INFO - [2024-10-18T23:54:24.514+0000] {dag.py:2941} INFO - Sync 1 DAGs
[2024-10-18T23:54:24.542+0000] {logging_mixin.py:151} INFO - [2024-10-18T23:54:24.541+0000] {dag.py:3722} INFO - Setting next_dagrun for example_local_kubernetes_executor to None, run_after=None
[2024-10-18T23:54:24.584+0000] {processor.py:179} INFO - Processing /home/airflow/.local/lib/python3.8/site-packages/airflow/example_dags/example_local_kubernetes_executor.py took 0.593 seconds
[2024-10-18T23:54:58.330+0000] {processor.py:157} INFO - Started process (PID=1510) to work on /home/airflow/.local/lib/python3.8/site-packages/airflow/example_dags/example_local_kubernetes_executor.py
[2024-10-18T23:54:58.336+0000] {processor.py:829} INFO - Processing file /home/airflow/.local/lib/python3.8/site-packages/airflow/example_dags/example_local_kubernetes_executor.py for tasks to queue
[2024-10-18T23:54:58.388+0000] {logging_mixin.py:151} INFO - [2024-10-18T23:54:58.387+0000] {dagbag.py:536} INFO - Filling up the DagBag from /home/airflow/.local/lib/python3.8/site-packages/airflow/example_dags/example_local_kubernetes_executor.py
[2024-10-18T23:54:58.420+0000] {processor.py:839} INFO - DAG(s) dict_keys(['example_local_kubernetes_executor']) retrieved from /home/airflow/.local/lib/python3.8/site-packages/airflow/example_dags/example_local_kubernetes_executor.py
[2024-10-18T23:54:58.866+0000] {logging_mixin.py:151} INFO - [2024-10-18T23:54:58.866+0000] {dag.py:2941} INFO - Sync 1 DAGs
[2024-10-18T23:54:58.938+0000] {logging_mixin.py:151} INFO - [2024-10-18T23:54:58.938+0000] {dag.py:3722} INFO - Setting next_dagrun for example_local_kubernetes_executor to None, run_after=None
[2024-10-18T23:54:59.062+0000] {processor.py:179} INFO - Processing /home/airflow/.local/lib/python3.8/site-packages/airflow/example_dags/example_local_kubernetes_executor.py took 0.797 seconds
[2024-10-18T23:55:29.745+0000] {processor.py:157} INFO - Started process (PID=1562) to work on /home/airflow/.local/lib/python3.8/site-packages/airflow/example_dags/example_local_kubernetes_executor.py
[2024-10-18T23:55:29.755+0000] {processor.py:829} INFO - Processing file /home/airflow/.local/lib/python3.8/site-packages/airflow/example_dags/example_local_kubernetes_executor.py for tasks to queue
[2024-10-18T23:55:29.761+0000] {logging_mixin.py:151} INFO - [2024-10-18T23:55:29.761+0000] {dagbag.py:536} INFO - Filling up the DagBag from /home/airflow/.local/lib/python3.8/site-packages/airflow/example_dags/example_local_kubernetes_executor.py
[2024-10-18T23:55:29.801+0000] {processor.py:839} INFO - DAG(s) dict_keys(['example_local_kubernetes_executor']) retrieved from /home/airflow/.local/lib/python3.8/site-packages/airflow/example_dags/example_local_kubernetes_executor.py
[2024-10-18T23:55:29.911+0000] {logging_mixin.py:151} INFO - [2024-10-18T23:55:29.911+0000] {dag.py:2941} INFO - Sync 1 DAGs
[2024-10-18T23:55:30.023+0000] {logging_mixin.py:151} INFO - [2024-10-18T23:55:30.022+0000] {dag.py:3722} INFO - Setting next_dagrun for example_local_kubernetes_executor to None, run_after=None
[2024-10-18T23:55:30.123+0000] {processor.py:179} INFO - Processing /home/airflow/.local/lib/python3.8/site-packages/airflow/example_dags/example_local_kubernetes_executor.py took 0.395 seconds
[2024-10-18T23:56:04.955+0000] {processor.py:157} INFO - Started process (PID=1623) to work on /home/airflow/.local/lib/python3.8/site-packages/airflow/example_dags/example_local_kubernetes_executor.py
[2024-10-18T23:56:04.959+0000] {processor.py:829} INFO - Processing file /home/airflow/.local/lib/python3.8/site-packages/airflow/example_dags/example_local_kubernetes_executor.py for tasks to queue
[2024-10-18T23:56:04.967+0000] {logging_mixin.py:151} INFO - [2024-10-18T23:56:04.965+0000] {dagbag.py:536} INFO - Filling up the DagBag from /home/airflow/.local/lib/python3.8/site-packages/airflow/example_dags/example_local_kubernetes_executor.py
[2024-10-18T23:56:04.985+0000] {processor.py:839} INFO - DAG(s) dict_keys(['example_local_kubernetes_executor']) retrieved from /home/airflow/.local/lib/python3.8/site-packages/airflow/example_dags/example_local_kubernetes_executor.py
[2024-10-18T23:56:05.302+0000] {logging_mixin.py:151} INFO - [2024-10-18T23:56:05.301+0000] {dag.py:2941} INFO - Sync 1 DAGs
[2024-10-18T23:56:05.396+0000] {logging_mixin.py:151} INFO - [2024-10-18T23:56:05.396+0000] {dag.py:3722} INFO - Setting next_dagrun for example_local_kubernetes_executor to None, run_after=None
[2024-10-18T23:56:05.564+0000] {processor.py:179} INFO - Processing /home/airflow/.local/lib/python3.8/site-packages/airflow/example_dags/example_local_kubernetes_executor.py took 0.630 seconds
[2024-10-18T23:56:37.746+0000] {processor.py:157} INFO - Started process (PID=1675) to work on /home/airflow/.local/lib/python3.8/site-packages/airflow/example_dags/example_local_kubernetes_executor.py
[2024-10-18T23:56:37.758+0000] {processor.py:829} INFO - Processing file /home/airflow/.local/lib/python3.8/site-packages/airflow/example_dags/example_local_kubernetes_executor.py for tasks to queue
[2024-10-18T23:56:37.762+0000] {logging_mixin.py:151} INFO - [2024-10-18T23:56:37.761+0000] {dagbag.py:536} INFO - Filling up the DagBag from /home/airflow/.local/lib/python3.8/site-packages/airflow/example_dags/example_local_kubernetes_executor.py
[2024-10-18T23:56:37.790+0000] {processor.py:839} INFO - DAG(s) dict_keys(['example_local_kubernetes_executor']) retrieved from /home/airflow/.local/lib/python3.8/site-packages/airflow/example_dags/example_local_kubernetes_executor.py
[2024-10-18T23:56:37.986+0000] {logging_mixin.py:151} INFO - [2024-10-18T23:56:37.980+0000] {dag.py:2941} INFO - Sync 1 DAGs
[2024-10-18T23:56:38.055+0000] {logging_mixin.py:151} INFO - [2024-10-18T23:56:38.054+0000] {dag.py:3722} INFO - Setting next_dagrun for example_local_kubernetes_executor to None, run_after=None
[2024-10-18T23:56:38.522+0000] {processor.py:179} INFO - Processing /home/airflow/.local/lib/python3.8/site-packages/airflow/example_dags/example_local_kubernetes_executor.py took 0.789 seconds
[2024-10-18T23:57:20.066+0000] {processor.py:157} INFO - Started process (PID=1732) to work on /home/airflow/.local/lib/python3.8/site-packages/airflow/example_dags/example_local_kubernetes_executor.py
[2024-10-18T23:57:20.080+0000] {processor.py:829} INFO - Processing file /home/airflow/.local/lib/python3.8/site-packages/airflow/example_dags/example_local_kubernetes_executor.py for tasks to queue
[2024-10-18T23:57:20.091+0000] {logging_mixin.py:151} INFO - [2024-10-18T23:57:20.089+0000] {dagbag.py:536} INFO - Filling up the DagBag from /home/airflow/.local/lib/python3.8/site-packages/airflow/example_dags/example_local_kubernetes_executor.py
[2024-10-18T23:57:20.125+0000] {processor.py:839} INFO - DAG(s) dict_keys(['example_local_kubernetes_executor']) retrieved from /home/airflow/.local/lib/python3.8/site-packages/airflow/example_dags/example_local_kubernetes_executor.py
[2024-10-18T23:57:20.465+0000] {logging_mixin.py:151} INFO - [2024-10-18T23:57:20.465+0000] {dag.py:2941} INFO - Sync 1 DAGs
[2024-10-18T23:57:20.527+0000] {logging_mixin.py:151} INFO - [2024-10-18T23:57:20.527+0000] {dag.py:3722} INFO - Setting next_dagrun for example_local_kubernetes_executor to None, run_after=None
[2024-10-18T23:57:20.638+0000] {processor.py:179} INFO - Processing /home/airflow/.local/lib/python3.8/site-packages/airflow/example_dags/example_local_kubernetes_executor.py took 0.581 seconds
[2024-10-18T23:57:52.029+0000] {processor.py:157} INFO - Started process (PID=1786) to work on /home/airflow/.local/lib/python3.8/site-packages/airflow/example_dags/example_local_kubernetes_executor.py
[2024-10-18T23:57:52.034+0000] {processor.py:829} INFO - Processing file /home/airflow/.local/lib/python3.8/site-packages/airflow/example_dags/example_local_kubernetes_executor.py for tasks to queue
[2024-10-18T23:57:52.039+0000] {logging_mixin.py:151} INFO - [2024-10-18T23:57:52.039+0000] {dagbag.py:536} INFO - Filling up the DagBag from /home/airflow/.local/lib/python3.8/site-packages/airflow/example_dags/example_local_kubernetes_executor.py
[2024-10-18T23:57:52.060+0000] {processor.py:839} INFO - DAG(s) dict_keys(['example_local_kubernetes_executor']) retrieved from /home/airflow/.local/lib/python3.8/site-packages/airflow/example_dags/example_local_kubernetes_executor.py
[2024-10-18T23:57:52.232+0000] {logging_mixin.py:151} INFO - [2024-10-18T23:57:52.231+0000] {dag.py:2941} INFO - Sync 1 DAGs
[2024-10-18T23:57:52.284+0000] {logging_mixin.py:151} INFO - [2024-10-18T23:57:52.284+0000] {dag.py:3722} INFO - Setting next_dagrun for example_local_kubernetes_executor to None, run_after=None
[2024-10-18T23:57:52.356+0000] {processor.py:179} INFO - Processing /home/airflow/.local/lib/python3.8/site-packages/airflow/example_dags/example_local_kubernetes_executor.py took 0.336 seconds
[2024-10-18T23:58:22.786+0000] {processor.py:157} INFO - Started process (PID=1840) to work on /home/airflow/.local/lib/python3.8/site-packages/airflow/example_dags/example_local_kubernetes_executor.py
[2024-10-18T23:58:22.788+0000] {processor.py:829} INFO - Processing file /home/airflow/.local/lib/python3.8/site-packages/airflow/example_dags/example_local_kubernetes_executor.py for tasks to queue
[2024-10-18T23:58:22.794+0000] {logging_mixin.py:151} INFO - [2024-10-18T23:58:22.793+0000] {dagbag.py:536} INFO - Filling up the DagBag from /home/airflow/.local/lib/python3.8/site-packages/airflow/example_dags/example_local_kubernetes_executor.py
[2024-10-18T23:58:22.809+0000] {processor.py:839} INFO - DAG(s) dict_keys(['example_local_kubernetes_executor']) retrieved from /home/airflow/.local/lib/python3.8/site-packages/airflow/example_dags/example_local_kubernetes_executor.py
[2024-10-18T23:58:22.899+0000] {logging_mixin.py:151} INFO - [2024-10-18T23:58:22.899+0000] {dag.py:2941} INFO - Sync 1 DAGs
[2024-10-18T23:58:22.944+0000] {logging_mixin.py:151} INFO - [2024-10-18T23:58:22.944+0000] {dag.py:3722} INFO - Setting next_dagrun for example_local_kubernetes_executor to None, run_after=None
[2024-10-18T23:58:23.021+0000] {processor.py:179} INFO - Processing /home/airflow/.local/lib/python3.8/site-packages/airflow/example_dags/example_local_kubernetes_executor.py took 0.241 seconds
[2024-10-18T23:58:55.624+0000] {processor.py:157} INFO - Started process (PID=1894) to work on /home/airflow/.local/lib/python3.8/site-packages/airflow/example_dags/example_local_kubernetes_executor.py
[2024-10-18T23:58:55.629+0000] {processor.py:829} INFO - Processing file /home/airflow/.local/lib/python3.8/site-packages/airflow/example_dags/example_local_kubernetes_executor.py for tasks to queue
[2024-10-18T23:58:55.649+0000] {logging_mixin.py:151} INFO - [2024-10-18T23:58:55.647+0000] {dagbag.py:536} INFO - Filling up the DagBag from /home/airflow/.local/lib/python3.8/site-packages/airflow/example_dags/example_local_kubernetes_executor.py
[2024-10-18T23:58:55.672+0000] {processor.py:839} INFO - DAG(s) dict_keys(['example_local_kubernetes_executor']) retrieved from /home/airflow/.local/lib/python3.8/site-packages/airflow/example_dags/example_local_kubernetes_executor.py
[2024-10-18T23:58:55.773+0000] {logging_mixin.py:151} INFO - [2024-10-18T23:58:55.773+0000] {dag.py:2941} INFO - Sync 1 DAGs
[2024-10-18T23:58:55.800+0000] {logging_mixin.py:151} INFO - [2024-10-18T23:58:55.799+0000] {dag.py:3722} INFO - Setting next_dagrun for example_local_kubernetes_executor to None, run_after=None
[2024-10-18T23:58:55.861+0000] {processor.py:179} INFO - Processing /home/airflow/.local/lib/python3.8/site-packages/airflow/example_dags/example_local_kubernetes_executor.py took 0.241 seconds
[2024-10-18T23:59:26.429+0000] {processor.py:157} INFO - Started process (PID=1947) to work on /home/airflow/.local/lib/python3.8/site-packages/airflow/example_dags/example_local_kubernetes_executor.py
[2024-10-18T23:59:26.432+0000] {processor.py:829} INFO - Processing file /home/airflow/.local/lib/python3.8/site-packages/airflow/example_dags/example_local_kubernetes_executor.py for tasks to queue
[2024-10-18T23:59:26.436+0000] {logging_mixin.py:151} INFO - [2024-10-18T23:59:26.435+0000] {dagbag.py:536} INFO - Filling up the DagBag from /home/airflow/.local/lib/python3.8/site-packages/airflow/example_dags/example_local_kubernetes_executor.py
[2024-10-18T23:59:26.454+0000] {processor.py:839} INFO - DAG(s) dict_keys(['example_local_kubernetes_executor']) retrieved from /home/airflow/.local/lib/python3.8/site-packages/airflow/example_dags/example_local_kubernetes_executor.py
[2024-10-18T23:59:26.524+0000] {logging_mixin.py:151} INFO - [2024-10-18T23:59:26.523+0000] {dag.py:2941} INFO - Sync 1 DAGs
[2024-10-18T23:59:26.549+0000] {logging_mixin.py:151} INFO - [2024-10-18T23:59:26.549+0000] {dag.py:3722} INFO - Setting next_dagrun for example_local_kubernetes_executor to None, run_after=None
[2024-10-18T23:59:26.609+0000] {processor.py:179} INFO - Processing /home/airflow/.local/lib/python3.8/site-packages/airflow/example_dags/example_local_kubernetes_executor.py took 0.186 seconds
[2024-10-18T23:59:57.471+0000] {processor.py:157} INFO - Started process (PID=2001) to work on /home/airflow/.local/lib/python3.8/site-packages/airflow/example_dags/example_local_kubernetes_executor.py
[2024-10-18T23:59:57.473+0000] {processor.py:829} INFO - Processing file /home/airflow/.local/lib/python3.8/site-packages/airflow/example_dags/example_local_kubernetes_executor.py for tasks to queue
[2024-10-18T23:59:57.478+0000] {logging_mixin.py:151} INFO - [2024-10-18T23:59:57.477+0000] {dagbag.py:536} INFO - Filling up the DagBag from /home/airflow/.local/lib/python3.8/site-packages/airflow/example_dags/example_local_kubernetes_executor.py
[2024-10-18T23:59:57.492+0000] {processor.py:839} INFO - DAG(s) dict_keys(['example_local_kubernetes_executor']) retrieved from /home/airflow/.local/lib/python3.8/site-packages/airflow/example_dags/example_local_kubernetes_executor.py
[2024-10-18T23:59:57.557+0000] {logging_mixin.py:151} INFO - [2024-10-18T23:59:57.557+0000] {dag.py:2941} INFO - Sync 1 DAGs
[2024-10-18T23:59:57.577+0000] {logging_mixin.py:151} INFO - [2024-10-18T23:59:57.577+0000] {dag.py:3722} INFO - Setting next_dagrun for example_local_kubernetes_executor to None, run_after=None
[2024-10-18T23:59:57.607+0000] {processor.py:179} INFO - Processing /home/airflow/.local/lib/python3.8/site-packages/airflow/example_dags/example_local_kubernetes_executor.py took 0.152 seconds
