[2024-10-18T23:31:36.098+0000] {processor.py:157} INFO - Started process (PID=71) to work on /home/airflow/.local/lib/python3.8/site-packages/airflow/example_dags/tutorial.py
[2024-10-18T23:31:36.102+0000] {processor.py:829} INFO - Processing file /home/airflow/.local/lib/python3.8/site-packages/airflow/example_dags/tutorial.py for tasks to queue
[2024-10-18T23:31:36.110+0000] {logging_mixin.py:151} INFO - [2024-10-18T23:31:36.108+0000] {dagbag.py:536} INFO - Filling up the DagBag from /home/airflow/.local/lib/python3.8/site-packages/airflow/example_dags/tutorial.py
[2024-10-18T23:31:36.146+0000] {processor.py:839} INFO - DAG(s) dict_keys(['tutorial']) retrieved from /home/airflow/.local/lib/python3.8/site-packages/airflow/example_dags/tutorial.py
[2024-10-18T23:31:36.316+0000] {logging_mixin.py:151} INFO - [2024-10-18T23:31:36.316+0000] {dag.py:2941} INFO - Sync 1 DAGs
[2024-10-18T23:31:36.413+0000] {logging_mixin.py:151} INFO - [2024-10-18T23:31:36.411+0000] {dag.py:3722} INFO - Setting next_dagrun for tutorial to 2024-10-17T23:31:36.407221+00:00, run_after=2024-10-18T23:31:36.407221+00:00
[2024-10-18T23:31:36.480+0000] {processor.py:179} INFO - Processing /home/airflow/.local/lib/python3.8/site-packages/airflow/example_dags/tutorial.py took 0.388 seconds
[2024-10-18T23:32:08.458+0000] {processor.py:157} INFO - Started process (PID=125) to work on /home/airflow/.local/lib/python3.8/site-packages/airflow/example_dags/tutorial.py
[2024-10-18T23:32:08.462+0000] {processor.py:829} INFO - Processing file /home/airflow/.local/lib/python3.8/site-packages/airflow/example_dags/tutorial.py for tasks to queue
[2024-10-18T23:32:08.472+0000] {logging_mixin.py:151} INFO - [2024-10-18T23:32:08.471+0000] {dagbag.py:536} INFO - Filling up the DagBag from /home/airflow/.local/lib/python3.8/site-packages/airflow/example_dags/tutorial.py
[2024-10-18T23:32:08.506+0000] {processor.py:839} INFO - DAG(s) dict_keys(['tutorial']) retrieved from /home/airflow/.local/lib/python3.8/site-packages/airflow/example_dags/tutorial.py
[2024-10-18T23:32:10.038+0000] {logging_mixin.py:151} INFO - [2024-10-18T23:32:10.038+0000] {dag.py:2941} INFO - Sync 1 DAGs
[2024-10-18T23:32:10.090+0000] {logging_mixin.py:151} INFO - [2024-10-18T23:32:10.089+0000] {dag.py:3722} INFO - Setting next_dagrun for tutorial to 2024-10-17T23:32:10.089524+00:00, run_after=2024-10-18T23:32:10.089524+00:00
[2024-10-18T23:32:10.168+0000] {processor.py:179} INFO - Processing /home/airflow/.local/lib/python3.8/site-packages/airflow/example_dags/tutorial.py took 1.733 seconds
[2024-10-18T23:32:40.632+0000] {processor.py:157} INFO - Started process (PID=177) to work on /home/airflow/.local/lib/python3.8/site-packages/airflow/example_dags/tutorial.py
[2024-10-18T23:32:40.634+0000] {processor.py:829} INFO - Processing file /home/airflow/.local/lib/python3.8/site-packages/airflow/example_dags/tutorial.py for tasks to queue
[2024-10-18T23:32:40.640+0000] {logging_mixin.py:151} INFO - [2024-10-18T23:32:40.639+0000] {dagbag.py:536} INFO - Filling up the DagBag from /home/airflow/.local/lib/python3.8/site-packages/airflow/example_dags/tutorial.py
[2024-10-18T23:32:40.709+0000] {processor.py:839} INFO - DAG(s) dict_keys(['tutorial']) retrieved from /home/airflow/.local/lib/python3.8/site-packages/airflow/example_dags/tutorial.py
[2024-10-18T23:32:40.779+0000] {logging_mixin.py:151} INFO - [2024-10-18T23:32:40.778+0000] {dag.py:2941} INFO - Sync 1 DAGs
[2024-10-18T23:32:40.861+0000] {logging_mixin.py:151} INFO - [2024-10-18T23:32:40.861+0000] {dag.py:3722} INFO - Setting next_dagrun for tutorial to 2024-10-17T23:32:40.860251+00:00, run_after=2024-10-18T23:32:40.860251+00:00
[2024-10-18T23:32:41.012+0000] {processor.py:179} INFO - Processing /home/airflow/.local/lib/python3.8/site-packages/airflow/example_dags/tutorial.py took 0.396 seconds
[2024-10-18T23:33:11.665+0000] {processor.py:157} INFO - Started process (PID=231) to work on /home/airflow/.local/lib/python3.8/site-packages/airflow/example_dags/tutorial.py
[2024-10-18T23:33:11.667+0000] {processor.py:829} INFO - Processing file /home/airflow/.local/lib/python3.8/site-packages/airflow/example_dags/tutorial.py for tasks to queue
[2024-10-18T23:33:11.672+0000] {logging_mixin.py:151} INFO - [2024-10-18T23:33:11.671+0000] {dagbag.py:536} INFO - Filling up the DagBag from /home/airflow/.local/lib/python3.8/site-packages/airflow/example_dags/tutorial.py
[2024-10-18T23:33:11.731+0000] {processor.py:839} INFO - DAG(s) dict_keys(['tutorial']) retrieved from /home/airflow/.local/lib/python3.8/site-packages/airflow/example_dags/tutorial.py
[2024-10-18T23:33:11.993+0000] {logging_mixin.py:151} INFO - [2024-10-18T23:33:11.992+0000] {dag.py:2941} INFO - Sync 1 DAGs
[2024-10-18T23:33:12.047+0000] {logging_mixin.py:151} INFO - [2024-10-18T23:33:12.046+0000] {dag.py:3722} INFO - Setting next_dagrun for tutorial to 2024-10-17T23:33:12.046166+00:00, run_after=2024-10-18T23:33:12.046166+00:00
[2024-10-18T23:33:12.222+0000] {processor.py:179} INFO - Processing /home/airflow/.local/lib/python3.8/site-packages/airflow/example_dags/tutorial.py took 0.566 seconds
[2024-10-18T23:33:43.034+0000] {processor.py:157} INFO - Started process (PID=285) to work on /home/airflow/.local/lib/python3.8/site-packages/airflow/example_dags/tutorial.py
[2024-10-18T23:33:43.037+0000] {processor.py:829} INFO - Processing file /home/airflow/.local/lib/python3.8/site-packages/airflow/example_dags/tutorial.py for tasks to queue
[2024-10-18T23:33:43.045+0000] {logging_mixin.py:151} INFO - [2024-10-18T23:33:43.044+0000] {dagbag.py:536} INFO - Filling up the DagBag from /home/airflow/.local/lib/python3.8/site-packages/airflow/example_dags/tutorial.py
[2024-10-18T23:33:43.087+0000] {processor.py:839} INFO - DAG(s) dict_keys(['tutorial']) retrieved from /home/airflow/.local/lib/python3.8/site-packages/airflow/example_dags/tutorial.py
[2024-10-18T23:33:43.170+0000] {logging_mixin.py:151} INFO - [2024-10-18T23:33:43.168+0000] {dag.py:2941} INFO - Sync 1 DAGs
[2024-10-18T23:33:43.351+0000] {logging_mixin.py:151} INFO - [2024-10-18T23:33:43.349+0000] {dag.py:3722} INFO - Setting next_dagrun for tutorial to 2024-10-17T23:33:43.348687+00:00, run_after=2024-10-18T23:33:43.348687+00:00
[2024-10-18T23:33:43.438+0000] {processor.py:179} INFO - Processing /home/airflow/.local/lib/python3.8/site-packages/airflow/example_dags/tutorial.py took 0.423 seconds
[2024-10-18T23:34:13.644+0000] {processor.py:157} INFO - Started process (PID=339) to work on /home/airflow/.local/lib/python3.8/site-packages/airflow/example_dags/tutorial.py
[2024-10-18T23:34:13.650+0000] {processor.py:829} INFO - Processing file /home/airflow/.local/lib/python3.8/site-packages/airflow/example_dags/tutorial.py for tasks to queue
[2024-10-18T23:34:13.657+0000] {logging_mixin.py:151} INFO - [2024-10-18T23:34:13.656+0000] {dagbag.py:536} INFO - Filling up the DagBag from /home/airflow/.local/lib/python3.8/site-packages/airflow/example_dags/tutorial.py
[2024-10-18T23:34:13.674+0000] {processor.py:839} INFO - DAG(s) dict_keys(['tutorial']) retrieved from /home/airflow/.local/lib/python3.8/site-packages/airflow/example_dags/tutorial.py
[2024-10-18T23:34:13.731+0000] {logging_mixin.py:151} INFO - [2024-10-18T23:34:13.730+0000] {dag.py:2941} INFO - Sync 1 DAGs
[2024-10-18T23:34:13.778+0000] {logging_mixin.py:151} INFO - [2024-10-18T23:34:13.778+0000] {dag.py:3722} INFO - Setting next_dagrun for tutorial to 2024-10-17T23:34:13.777607+00:00, run_after=2024-10-18T23:34:13.777607+00:00
[2024-10-18T23:34:13.825+0000] {processor.py:179} INFO - Processing /home/airflow/.local/lib/python3.8/site-packages/airflow/example_dags/tutorial.py took 0.194 seconds
[2024-10-18T23:34:44.383+0000] {processor.py:157} INFO - Started process (PID=393) to work on /home/airflow/.local/lib/python3.8/site-packages/airflow/example_dags/tutorial.py
[2024-10-18T23:34:44.386+0000] {processor.py:829} INFO - Processing file /home/airflow/.local/lib/python3.8/site-packages/airflow/example_dags/tutorial.py for tasks to queue
[2024-10-18T23:34:44.394+0000] {logging_mixin.py:151} INFO - [2024-10-18T23:34:44.393+0000] {dagbag.py:536} INFO - Filling up the DagBag from /home/airflow/.local/lib/python3.8/site-packages/airflow/example_dags/tutorial.py
[2024-10-18T23:34:44.417+0000] {processor.py:839} INFO - DAG(s) dict_keys(['tutorial']) retrieved from /home/airflow/.local/lib/python3.8/site-packages/airflow/example_dags/tutorial.py
[2024-10-18T23:34:44.556+0000] {logging_mixin.py:151} INFO - [2024-10-18T23:34:44.556+0000] {dag.py:2941} INFO - Sync 1 DAGs
[2024-10-18T23:34:44.660+0000] {logging_mixin.py:151} INFO - [2024-10-18T23:34:44.660+0000] {dag.py:3722} INFO - Setting next_dagrun for tutorial to 2024-10-17T23:34:44.657228+00:00, run_after=2024-10-18T23:34:44.657228+00:00
[2024-10-18T23:34:44.743+0000] {processor.py:179} INFO - Processing /home/airflow/.local/lib/python3.8/site-packages/airflow/example_dags/tutorial.py took 0.373 seconds
[2024-10-18T23:35:15.579+0000] {processor.py:157} INFO - Started process (PID=447) to work on /home/airflow/.local/lib/python3.8/site-packages/airflow/example_dags/tutorial.py
[2024-10-18T23:35:15.581+0000] {processor.py:829} INFO - Processing file /home/airflow/.local/lib/python3.8/site-packages/airflow/example_dags/tutorial.py for tasks to queue
[2024-10-18T23:35:15.590+0000] {logging_mixin.py:151} INFO - [2024-10-18T23:35:15.589+0000] {dagbag.py:536} INFO - Filling up the DagBag from /home/airflow/.local/lib/python3.8/site-packages/airflow/example_dags/tutorial.py
[2024-10-18T23:35:15.605+0000] {processor.py:839} INFO - DAG(s) dict_keys(['tutorial']) retrieved from /home/airflow/.local/lib/python3.8/site-packages/airflow/example_dags/tutorial.py
[2024-10-18T23:35:15.665+0000] {logging_mixin.py:151} INFO - [2024-10-18T23:35:15.665+0000] {dag.py:2941} INFO - Sync 1 DAGs
[2024-10-18T23:35:15.721+0000] {logging_mixin.py:151} INFO - [2024-10-18T23:35:15.721+0000] {dag.py:3722} INFO - Setting next_dagrun for tutorial to 2024-10-17T23:35:15.720635+00:00, run_after=2024-10-18T23:35:15.720635+00:00
[2024-10-18T23:35:15.764+0000] {processor.py:179} INFO - Processing /home/airflow/.local/lib/python3.8/site-packages/airflow/example_dags/tutorial.py took 0.194 seconds
[2024-10-18T23:35:45.894+0000] {processor.py:157} INFO - Started process (PID=500) to work on /home/airflow/.local/lib/python3.8/site-packages/airflow/example_dags/tutorial.py
[2024-10-18T23:35:45.897+0000] {processor.py:829} INFO - Processing file /home/airflow/.local/lib/python3.8/site-packages/airflow/example_dags/tutorial.py for tasks to queue
[2024-10-18T23:35:45.905+0000] {logging_mixin.py:151} INFO - [2024-10-18T23:35:45.905+0000] {dagbag.py:536} INFO - Filling up the DagBag from /home/airflow/.local/lib/python3.8/site-packages/airflow/example_dags/tutorial.py
[2024-10-18T23:35:45.919+0000] {processor.py:839} INFO - DAG(s) dict_keys(['tutorial']) retrieved from /home/airflow/.local/lib/python3.8/site-packages/airflow/example_dags/tutorial.py
[2024-10-18T23:35:45.982+0000] {logging_mixin.py:151} INFO - [2024-10-18T23:35:45.981+0000] {dag.py:2941} INFO - Sync 1 DAGs
[2024-10-18T23:35:46.055+0000] {logging_mixin.py:151} INFO - [2024-10-18T23:35:46.055+0000] {dag.py:3722} INFO - Setting next_dagrun for tutorial to 2024-10-17T23:35:46.054691+00:00, run_after=2024-10-18T23:35:46.054691+00:00
[2024-10-18T23:35:46.152+0000] {processor.py:179} INFO - Processing /home/airflow/.local/lib/python3.8/site-packages/airflow/example_dags/tutorial.py took 0.269 seconds
[2024-10-18T23:36:16.640+0000] {processor.py:157} INFO - Started process (PID=560) to work on /home/airflow/.local/lib/python3.8/site-packages/airflow/example_dags/tutorial.py
[2024-10-18T23:36:16.651+0000] {processor.py:829} INFO - Processing file /home/airflow/.local/lib/python3.8/site-packages/airflow/example_dags/tutorial.py for tasks to queue
[2024-10-18T23:36:16.664+0000] {logging_mixin.py:151} INFO - [2024-10-18T23:36:16.663+0000] {dagbag.py:536} INFO - Filling up the DagBag from /home/airflow/.local/lib/python3.8/site-packages/airflow/example_dags/tutorial.py
[2024-10-18T23:36:16.690+0000] {processor.py:839} INFO - DAG(s) dict_keys(['tutorial']) retrieved from /home/airflow/.local/lib/python3.8/site-packages/airflow/example_dags/tutorial.py
[2024-10-18T23:36:16.776+0000] {logging_mixin.py:151} INFO - [2024-10-18T23:36:16.776+0000] {dag.py:2941} INFO - Sync 1 DAGs
[2024-10-18T23:36:16.835+0000] {logging_mixin.py:151} INFO - [2024-10-18T23:36:16.834+0000] {dag.py:3722} INFO - Setting next_dagrun for tutorial to 2024-10-17T23:36:16.834046+00:00, run_after=2024-10-18T23:36:16.834046+00:00
[2024-10-18T23:36:17.093+0000] {processor.py:179} INFO - Processing /home/airflow/.local/lib/python3.8/site-packages/airflow/example_dags/tutorial.py took 0.459 seconds
[2024-10-18T23:38:46.654+0000] {processor.py:157} INFO - Started process (PID=78) to work on /home/airflow/.local/lib/python3.8/site-packages/airflow/example_dags/tutorial.py
[2024-10-18T23:38:46.677+0000] {processor.py:829} INFO - Processing file /home/airflow/.local/lib/python3.8/site-packages/airflow/example_dags/tutorial.py for tasks to queue
[2024-10-18T23:38:46.688+0000] {logging_mixin.py:151} INFO - [2024-10-18T23:38:46.687+0000] {dagbag.py:536} INFO - Filling up the DagBag from /home/airflow/.local/lib/python3.8/site-packages/airflow/example_dags/tutorial.py
[2024-10-18T23:38:46.826+0000] {processor.py:839} INFO - DAG(s) dict_keys(['tutorial']) retrieved from /home/airflow/.local/lib/python3.8/site-packages/airflow/example_dags/tutorial.py
[2024-10-18T23:38:47.333+0000] {logging_mixin.py:151} INFO - [2024-10-18T23:38:47.332+0000] {dag.py:2941} INFO - Sync 1 DAGs
[2024-10-18T23:38:47.542+0000] {logging_mixin.py:151} INFO - [2024-10-18T23:38:47.541+0000] {dag.py:3722} INFO - Setting next_dagrun for tutorial to 2024-10-17T23:38:47.541148+00:00, run_after=2024-10-18T23:38:47.541148+00:00
[2024-10-18T23:38:47.626+0000] {processor.py:179} INFO - Processing /home/airflow/.local/lib/python3.8/site-packages/airflow/example_dags/tutorial.py took 1.006 seconds
[2024-10-18T23:39:17.778+0000] {processor.py:157} INFO - Started process (PID=132) to work on /home/airflow/.local/lib/python3.8/site-packages/airflow/example_dags/tutorial.py
[2024-10-18T23:39:17.781+0000] {processor.py:829} INFO - Processing file /home/airflow/.local/lib/python3.8/site-packages/airflow/example_dags/tutorial.py for tasks to queue
[2024-10-18T23:39:17.786+0000] {logging_mixin.py:151} INFO - [2024-10-18T23:39:17.786+0000] {dagbag.py:536} INFO - Filling up the DagBag from /home/airflow/.local/lib/python3.8/site-packages/airflow/example_dags/tutorial.py
[2024-10-18T23:39:17.817+0000] {processor.py:839} INFO - DAG(s) dict_keys(['tutorial']) retrieved from /home/airflow/.local/lib/python3.8/site-packages/airflow/example_dags/tutorial.py
[2024-10-18T23:39:17.867+0000] {logging_mixin.py:151} INFO - [2024-10-18T23:39:17.867+0000] {dag.py:2941} INFO - Sync 1 DAGs
[2024-10-18T23:39:17.919+0000] {logging_mixin.py:151} INFO - [2024-10-18T23:39:17.918+0000] {dag.py:3722} INFO - Setting next_dagrun for tutorial to 2024-10-17T23:39:17.918352+00:00, run_after=2024-10-18T23:39:17.918352+00:00
[2024-10-18T23:39:17.963+0000] {processor.py:179} INFO - Processing /home/airflow/.local/lib/python3.8/site-packages/airflow/example_dags/tutorial.py took 0.193 seconds
[2024-10-18T23:39:48.371+0000] {processor.py:157} INFO - Started process (PID=186) to work on /home/airflow/.local/lib/python3.8/site-packages/airflow/example_dags/tutorial.py
[2024-10-18T23:39:48.373+0000] {processor.py:829} INFO - Processing file /home/airflow/.local/lib/python3.8/site-packages/airflow/example_dags/tutorial.py for tasks to queue
[2024-10-18T23:39:48.377+0000] {logging_mixin.py:151} INFO - [2024-10-18T23:39:48.376+0000] {dagbag.py:536} INFO - Filling up the DagBag from /home/airflow/.local/lib/python3.8/site-packages/airflow/example_dags/tutorial.py
[2024-10-18T23:39:48.389+0000] {processor.py:839} INFO - DAG(s) dict_keys(['tutorial']) retrieved from /home/airflow/.local/lib/python3.8/site-packages/airflow/example_dags/tutorial.py
[2024-10-18T23:39:48.428+0000] {logging_mixin.py:151} INFO - [2024-10-18T23:39:48.428+0000] {dag.py:2941} INFO - Sync 1 DAGs
[2024-10-18T23:39:48.467+0000] {logging_mixin.py:151} INFO - [2024-10-18T23:39:48.466+0000] {dag.py:3722} INFO - Setting next_dagrun for tutorial to 2024-10-17T23:39:48.466474+00:00, run_after=2024-10-18T23:39:48.466474+00:00
[2024-10-18T23:39:48.504+0000] {processor.py:179} INFO - Processing /home/airflow/.local/lib/python3.8/site-packages/airflow/example_dags/tutorial.py took 0.139 seconds
[2024-10-18T23:40:19.644+0000] {processor.py:157} INFO - Started process (PID=240) to work on /home/airflow/.local/lib/python3.8/site-packages/airflow/example_dags/tutorial.py
[2024-10-18T23:40:19.648+0000] {processor.py:829} INFO - Processing file /home/airflow/.local/lib/python3.8/site-packages/airflow/example_dags/tutorial.py for tasks to queue
[2024-10-18T23:40:19.655+0000] {logging_mixin.py:151} INFO - [2024-10-18T23:40:19.654+0000] {dagbag.py:536} INFO - Filling up the DagBag from /home/airflow/.local/lib/python3.8/site-packages/airflow/example_dags/tutorial.py
[2024-10-18T23:40:19.677+0000] {processor.py:839} INFO - DAG(s) dict_keys(['tutorial']) retrieved from /home/airflow/.local/lib/python3.8/site-packages/airflow/example_dags/tutorial.py
[2024-10-18T23:40:20.453+0000] {logging_mixin.py:151} INFO - [2024-10-18T23:40:20.445+0000] {dag.py:2941} INFO - Sync 1 DAGs
[2024-10-18T23:40:20.657+0000] {logging_mixin.py:151} INFO - [2024-10-18T23:40:20.656+0000] {dag.py:3722} INFO - Setting next_dagrun for tutorial to 2024-10-17T23:40:20.579604+00:00, run_after=2024-10-18T23:40:20.579604+00:00
[2024-10-18T23:40:20.815+0000] {processor.py:179} INFO - Processing /home/airflow/.local/lib/python3.8/site-packages/airflow/example_dags/tutorial.py took 1.179 seconds
[2024-10-18T23:41:09.919+0000] {processor.py:157} INFO - Started process (PID=282) to work on /home/airflow/.local/lib/python3.8/site-packages/airflow/example_dags/tutorial.py
[2024-10-18T23:41:09.926+0000] {processor.py:829} INFO - Processing file /home/airflow/.local/lib/python3.8/site-packages/airflow/example_dags/tutorial.py for tasks to queue
[2024-10-18T23:41:09.938+0000] {logging_mixin.py:151} INFO - [2024-10-18T23:41:09.933+0000] {dagbag.py:536} INFO - Filling up the DagBag from /home/airflow/.local/lib/python3.8/site-packages/airflow/example_dags/tutorial.py
[2024-10-18T23:41:10.002+0000] {processor.py:839} INFO - DAG(s) dict_keys(['tutorial']) retrieved from /home/airflow/.local/lib/python3.8/site-packages/airflow/example_dags/tutorial.py
[2024-10-18T23:41:11.242+0000] {logging_mixin.py:151} INFO - [2024-10-18T23:41:11.242+0000] {dag.py:2941} INFO - Sync 1 DAGs
[2024-10-18T23:41:11.692+0000] {logging_mixin.py:151} INFO - [2024-10-18T23:41:11.687+0000] {dag.py:3722} INFO - Setting next_dagrun for tutorial to 2024-10-17T23:41:11.681351+00:00, run_after=2024-10-18T23:41:11.681351+00:00
[2024-10-18T23:41:11.937+0000] {processor.py:179} INFO - Processing /home/airflow/.local/lib/python3.8/site-packages/airflow/example_dags/tutorial.py took 2.047 seconds
[2024-10-18T23:41:42.872+0000] {processor.py:157} INFO - Started process (PID=336) to work on /home/airflow/.local/lib/python3.8/site-packages/airflow/example_dags/tutorial.py
[2024-10-18T23:41:42.879+0000] {processor.py:829} INFO - Processing file /home/airflow/.local/lib/python3.8/site-packages/airflow/example_dags/tutorial.py for tasks to queue
[2024-10-18T23:41:42.963+0000] {logging_mixin.py:151} INFO - [2024-10-18T23:41:42.962+0000] {dagbag.py:536} INFO - Filling up the DagBag from /home/airflow/.local/lib/python3.8/site-packages/airflow/example_dags/tutorial.py
[2024-10-18T23:41:43.109+0000] {processor.py:839} INFO - DAG(s) dict_keys(['tutorial']) retrieved from /home/airflow/.local/lib/python3.8/site-packages/airflow/example_dags/tutorial.py
[2024-10-18T23:41:43.401+0000] {logging_mixin.py:151} INFO - [2024-10-18T23:41:43.401+0000] {dag.py:2941} INFO - Sync 1 DAGs
[2024-10-18T23:41:43.809+0000] {logging_mixin.py:151} INFO - [2024-10-18T23:41:43.809+0000] {dag.py:3722} INFO - Setting next_dagrun for tutorial to 2024-10-17T23:41:43.806208+00:00, run_after=2024-10-18T23:41:43.806208+00:00
[2024-10-18T23:41:43.882+0000] {processor.py:179} INFO - Processing /home/airflow/.local/lib/python3.8/site-packages/airflow/example_dags/tutorial.py took 1.043 seconds
[2024-10-18T23:42:53.131+0000] {processor.py:157} INFO - Started process (PID=386) to work on /home/airflow/.local/lib/python3.8/site-packages/airflow/example_dags/tutorial.py
[2024-10-18T23:42:53.137+0000] {processor.py:829} INFO - Processing file /home/airflow/.local/lib/python3.8/site-packages/airflow/example_dags/tutorial.py for tasks to queue
[2024-10-18T23:42:53.165+0000] {logging_mixin.py:151} INFO - [2024-10-18T23:42:53.164+0000] {dagbag.py:536} INFO - Filling up the DagBag from /home/airflow/.local/lib/python3.8/site-packages/airflow/example_dags/tutorial.py
[2024-10-18T23:42:53.401+0000] {processor.py:839} INFO - DAG(s) dict_keys(['tutorial']) retrieved from /home/airflow/.local/lib/python3.8/site-packages/airflow/example_dags/tutorial.py
[2024-10-18T23:42:55.891+0000] {logging_mixin.py:151} INFO - [2024-10-18T23:42:55.555+0000] {dag.py:2941} INFO - Sync 1 DAGs
[2024-10-18T23:42:56.437+0000] {logging_mixin.py:151} INFO - [2024-10-18T23:42:56.404+0000] {dag.py:3722} INFO - Setting next_dagrun for tutorial to 2024-10-17T23:42:56.338391+00:00, run_after=2024-10-18T23:42:56.338391+00:00
[2024-10-18T23:42:56.751+0000] {processor.py:179} INFO - Processing /home/airflow/.local/lib/python3.8/site-packages/airflow/example_dags/tutorial.py took 3.704 seconds
[2024-10-18T23:43:37.226+0000] {processor.py:157} INFO - Started process (PID=439) to work on /home/airflow/.local/lib/python3.8/site-packages/airflow/example_dags/tutorial.py
[2024-10-18T23:43:37.248+0000] {processor.py:829} INFO - Processing file /home/airflow/.local/lib/python3.8/site-packages/airflow/example_dags/tutorial.py for tasks to queue
[2024-10-18T23:43:37.255+0000] {logging_mixin.py:151} INFO - [2024-10-18T23:43:37.254+0000] {dagbag.py:536} INFO - Filling up the DagBag from /home/airflow/.local/lib/python3.8/site-packages/airflow/example_dags/tutorial.py
[2024-10-18T23:43:37.269+0000] {processor.py:839} INFO - DAG(s) dict_keys(['tutorial']) retrieved from /home/airflow/.local/lib/python3.8/site-packages/airflow/example_dags/tutorial.py
[2024-10-18T23:43:37.483+0000] {logging_mixin.py:151} INFO - [2024-10-18T23:43:37.482+0000] {dag.py:2941} INFO - Sync 1 DAGs
[2024-10-18T23:43:37.560+0000] {logging_mixin.py:151} INFO - [2024-10-18T23:43:37.559+0000] {dag.py:3722} INFO - Setting next_dagrun for tutorial to 2024-10-17T23:43:37.559377+00:00, run_after=2024-10-18T23:43:37.559377+00:00
[2024-10-18T23:43:37.621+0000] {processor.py:179} INFO - Processing /home/airflow/.local/lib/python3.8/site-packages/airflow/example_dags/tutorial.py took 0.403 seconds
[2024-10-18T23:44:08.045+0000] {processor.py:157} INFO - Started process (PID=493) to work on /home/airflow/.local/lib/python3.8/site-packages/airflow/example_dags/tutorial.py
[2024-10-18T23:44:08.052+0000] {processor.py:829} INFO - Processing file /home/airflow/.local/lib/python3.8/site-packages/airflow/example_dags/tutorial.py for tasks to queue
[2024-10-18T23:44:08.071+0000] {logging_mixin.py:151} INFO - [2024-10-18T23:44:08.070+0000] {dagbag.py:536} INFO - Filling up the DagBag from /home/airflow/.local/lib/python3.8/site-packages/airflow/example_dags/tutorial.py
[2024-10-18T23:44:08.108+0000] {processor.py:839} INFO - DAG(s) dict_keys(['tutorial']) retrieved from /home/airflow/.local/lib/python3.8/site-packages/airflow/example_dags/tutorial.py
[2024-10-18T23:44:08.245+0000] {logging_mixin.py:151} INFO - [2024-10-18T23:44:08.245+0000] {dag.py:2941} INFO - Sync 1 DAGs
[2024-10-18T23:44:08.558+0000] {logging_mixin.py:151} INFO - [2024-10-18T23:44:08.558+0000] {dag.py:3722} INFO - Setting next_dagrun for tutorial to 2024-10-17T23:44:08.557888+00:00, run_after=2024-10-18T23:44:08.557888+00:00
[2024-10-18T23:44:08.858+0000] {processor.py:179} INFO - Processing /home/airflow/.local/lib/python3.8/site-packages/airflow/example_dags/tutorial.py took 0.818 seconds
[2024-10-18T23:44:39.446+0000] {processor.py:157} INFO - Started process (PID=547) to work on /home/airflow/.local/lib/python3.8/site-packages/airflow/example_dags/tutorial.py
[2024-10-18T23:44:39.447+0000] {processor.py:829} INFO - Processing file /home/airflow/.local/lib/python3.8/site-packages/airflow/example_dags/tutorial.py for tasks to queue
[2024-10-18T23:44:39.451+0000] {logging_mixin.py:151} INFO - [2024-10-18T23:44:39.450+0000] {dagbag.py:536} INFO - Filling up the DagBag from /home/airflow/.local/lib/python3.8/site-packages/airflow/example_dags/tutorial.py
[2024-10-18T23:44:39.491+0000] {processor.py:839} INFO - DAG(s) dict_keys(['tutorial']) retrieved from /home/airflow/.local/lib/python3.8/site-packages/airflow/example_dags/tutorial.py
[2024-10-18T23:44:39.605+0000] {logging_mixin.py:151} INFO - [2024-10-18T23:44:39.604+0000] {dag.py:2941} INFO - Sync 1 DAGs
[2024-10-18T23:44:39.671+0000] {logging_mixin.py:151} INFO - [2024-10-18T23:44:39.671+0000] {dag.py:3722} INFO - Setting next_dagrun for tutorial to 2024-10-17T23:44:39.670672+00:00, run_after=2024-10-18T23:44:39.670672+00:00
[2024-10-18T23:44:39.748+0000] {processor.py:179} INFO - Processing /home/airflow/.local/lib/python3.8/site-packages/airflow/example_dags/tutorial.py took 0.330 seconds
[2024-10-18T23:45:11.106+0000] {processor.py:157} INFO - Started process (PID=596) to work on /home/airflow/.local/lib/python3.8/site-packages/airflow/example_dags/tutorial.py
[2024-10-18T23:45:11.113+0000] {processor.py:829} INFO - Processing file /home/airflow/.local/lib/python3.8/site-packages/airflow/example_dags/tutorial.py for tasks to queue
[2024-10-18T23:45:11.143+0000] {logging_mixin.py:151} INFO - [2024-10-18T23:45:11.142+0000] {dagbag.py:536} INFO - Filling up the DagBag from /home/airflow/.local/lib/python3.8/site-packages/airflow/example_dags/tutorial.py
[2024-10-18T23:45:11.261+0000] {processor.py:839} INFO - DAG(s) dict_keys(['tutorial']) retrieved from /home/airflow/.local/lib/python3.8/site-packages/airflow/example_dags/tutorial.py
[2024-10-18T23:45:11.329+0000] {logging_mixin.py:151} INFO - [2024-10-18T23:45:11.329+0000] {dag.py:2941} INFO - Sync 1 DAGs
[2024-10-18T23:45:11.418+0000] {logging_mixin.py:151} INFO - [2024-10-18T23:45:11.417+0000] {dag.py:3722} INFO - Setting next_dagrun for tutorial to 2024-10-17T23:45:11.412264+00:00, run_after=2024-10-18T23:45:11.412264+00:00
[2024-10-18T23:45:11.497+0000] {processor.py:179} INFO - Processing /home/airflow/.local/lib/python3.8/site-packages/airflow/example_dags/tutorial.py took 0.396 seconds
[2024-10-18T23:45:41.929+0000] {processor.py:157} INFO - Started process (PID=648) to work on /home/airflow/.local/lib/python3.8/site-packages/airflow/example_dags/tutorial.py
[2024-10-18T23:45:41.932+0000] {processor.py:829} INFO - Processing file /home/airflow/.local/lib/python3.8/site-packages/airflow/example_dags/tutorial.py for tasks to queue
[2024-10-18T23:45:41.940+0000] {logging_mixin.py:151} INFO - [2024-10-18T23:45:41.939+0000] {dagbag.py:536} INFO - Filling up the DagBag from /home/airflow/.local/lib/python3.8/site-packages/airflow/example_dags/tutorial.py
[2024-10-18T23:45:41.974+0000] {processor.py:839} INFO - DAG(s) dict_keys(['tutorial']) retrieved from /home/airflow/.local/lib/python3.8/site-packages/airflow/example_dags/tutorial.py
[2024-10-18T23:45:42.029+0000] {logging_mixin.py:151} INFO - [2024-10-18T23:45:42.029+0000] {dag.py:2941} INFO - Sync 1 DAGs
[2024-10-18T23:45:42.083+0000] {logging_mixin.py:151} INFO - [2024-10-18T23:45:42.083+0000] {dag.py:3722} INFO - Setting next_dagrun for tutorial to 2024-10-17T23:45:42.083032+00:00, run_after=2024-10-18T23:45:42.083032+00:00
[2024-10-18T23:45:42.116+0000] {processor.py:179} INFO - Processing /home/airflow/.local/lib/python3.8/site-packages/airflow/example_dags/tutorial.py took 0.194 seconds
[2024-10-18T23:46:12.594+0000] {processor.py:157} INFO - Started process (PID=701) to work on /home/airflow/.local/lib/python3.8/site-packages/airflow/example_dags/tutorial.py
[2024-10-18T23:46:12.597+0000] {processor.py:829} INFO - Processing file /home/airflow/.local/lib/python3.8/site-packages/airflow/example_dags/tutorial.py for tasks to queue
[2024-10-18T23:46:12.610+0000] {logging_mixin.py:151} INFO - [2024-10-18T23:46:12.609+0000] {dagbag.py:536} INFO - Filling up the DagBag from /home/airflow/.local/lib/python3.8/site-packages/airflow/example_dags/tutorial.py
[2024-10-18T23:46:12.633+0000] {processor.py:839} INFO - DAG(s) dict_keys(['tutorial']) retrieved from /home/airflow/.local/lib/python3.8/site-packages/airflow/example_dags/tutorial.py
[2024-10-18T23:46:12.723+0000] {logging_mixin.py:151} INFO - [2024-10-18T23:46:12.723+0000] {dag.py:2941} INFO - Sync 1 DAGs
[2024-10-18T23:46:12.782+0000] {logging_mixin.py:151} INFO - [2024-10-18T23:46:12.782+0000] {dag.py:3722} INFO - Setting next_dagrun for tutorial to 2024-10-17T23:46:12.781921+00:00, run_after=2024-10-18T23:46:12.781921+00:00
[2024-10-18T23:46:12.827+0000] {processor.py:179} INFO - Processing /home/airflow/.local/lib/python3.8/site-packages/airflow/example_dags/tutorial.py took 0.242 seconds
[2024-10-18T23:46:43.055+0000] {processor.py:157} INFO - Started process (PID=755) to work on /home/airflow/.local/lib/python3.8/site-packages/airflow/example_dags/tutorial.py
[2024-10-18T23:46:43.057+0000] {processor.py:829} INFO - Processing file /home/airflow/.local/lib/python3.8/site-packages/airflow/example_dags/tutorial.py for tasks to queue
[2024-10-18T23:46:43.067+0000] {logging_mixin.py:151} INFO - [2024-10-18T23:46:43.066+0000] {dagbag.py:536} INFO - Filling up the DagBag from /home/airflow/.local/lib/python3.8/site-packages/airflow/example_dags/tutorial.py
[2024-10-18T23:46:43.081+0000] {processor.py:839} INFO - DAG(s) dict_keys(['tutorial']) retrieved from /home/airflow/.local/lib/python3.8/site-packages/airflow/example_dags/tutorial.py
[2024-10-18T23:46:43.125+0000] {logging_mixin.py:151} INFO - [2024-10-18T23:46:43.124+0000] {dag.py:2941} INFO - Sync 1 DAGs
[2024-10-18T23:46:43.168+0000] {logging_mixin.py:151} INFO - [2024-10-18T23:46:43.167+0000] {dag.py:3722} INFO - Setting next_dagrun for tutorial to 2024-10-17T23:46:43.167250+00:00, run_after=2024-10-18T23:46:43.167250+00:00
[2024-10-18T23:46:43.198+0000] {processor.py:179} INFO - Processing /home/airflow/.local/lib/python3.8/site-packages/airflow/example_dags/tutorial.py took 0.151 seconds
[2024-10-18T23:47:13.446+0000] {processor.py:157} INFO - Started process (PID=806) to work on /home/airflow/.local/lib/python3.8/site-packages/airflow/example_dags/tutorial.py
[2024-10-18T23:47:13.449+0000] {processor.py:829} INFO - Processing file /home/airflow/.local/lib/python3.8/site-packages/airflow/example_dags/tutorial.py for tasks to queue
[2024-10-18T23:47:13.454+0000] {logging_mixin.py:151} INFO - [2024-10-18T23:47:13.454+0000] {dagbag.py:536} INFO - Filling up the DagBag from /home/airflow/.local/lib/python3.8/site-packages/airflow/example_dags/tutorial.py
[2024-10-18T23:47:13.467+0000] {processor.py:839} INFO - DAG(s) dict_keys(['tutorial']) retrieved from /home/airflow/.local/lib/python3.8/site-packages/airflow/example_dags/tutorial.py
[2024-10-18T23:47:13.506+0000] {logging_mixin.py:151} INFO - [2024-10-18T23:47:13.506+0000] {dag.py:2941} INFO - Sync 1 DAGs
[2024-10-18T23:47:13.550+0000] {logging_mixin.py:151} INFO - [2024-10-18T23:47:13.550+0000] {dag.py:3722} INFO - Setting next_dagrun for tutorial to 2024-10-17T23:47:13.550185+00:00, run_after=2024-10-18T23:47:13.550185+00:00
[2024-10-18T23:47:13.608+0000] {processor.py:179} INFO - Processing /home/airflow/.local/lib/python3.8/site-packages/airflow/example_dags/tutorial.py took 0.169 seconds
[2024-10-18T23:47:44.706+0000] {processor.py:157} INFO - Started process (PID=856) to work on /home/airflow/.local/lib/python3.8/site-packages/airflow/example_dags/tutorial.py
[2024-10-18T23:47:44.741+0000] {processor.py:829} INFO - Processing file /home/airflow/.local/lib/python3.8/site-packages/airflow/example_dags/tutorial.py for tasks to queue
[2024-10-18T23:47:44.752+0000] {logging_mixin.py:151} INFO - [2024-10-18T23:47:44.749+0000] {dagbag.py:536} INFO - Filling up the DagBag from /home/airflow/.local/lib/python3.8/site-packages/airflow/example_dags/tutorial.py
[2024-10-18T23:47:44.817+0000] {processor.py:839} INFO - DAG(s) dict_keys(['tutorial']) retrieved from /home/airflow/.local/lib/python3.8/site-packages/airflow/example_dags/tutorial.py
[2024-10-18T23:47:44.964+0000] {logging_mixin.py:151} INFO - [2024-10-18T23:47:44.961+0000] {dag.py:2941} INFO - Sync 1 DAGs
[2024-10-18T23:47:45.203+0000] {logging_mixin.py:151} INFO - [2024-10-18T23:47:45.202+0000] {dag.py:3722} INFO - Setting next_dagrun for tutorial to 2024-10-17T23:47:45.200771+00:00, run_after=2024-10-18T23:47:45.200771+00:00
[2024-10-18T23:47:45.320+0000] {processor.py:179} INFO - Processing /home/airflow/.local/lib/python3.8/site-packages/airflow/example_dags/tutorial.py took 0.679 seconds
[2024-10-18T23:48:15.585+0000] {processor.py:157} INFO - Started process (PID=911) to work on /home/airflow/.local/lib/python3.8/site-packages/airflow/example_dags/tutorial.py
[2024-10-18T23:48:15.588+0000] {processor.py:829} INFO - Processing file /home/airflow/.local/lib/python3.8/site-packages/airflow/example_dags/tutorial.py for tasks to queue
[2024-10-18T23:48:15.592+0000] {logging_mixin.py:151} INFO - [2024-10-18T23:48:15.592+0000] {dagbag.py:536} INFO - Filling up the DagBag from /home/airflow/.local/lib/python3.8/site-packages/airflow/example_dags/tutorial.py
[2024-10-18T23:48:15.607+0000] {processor.py:839} INFO - DAG(s) dict_keys(['tutorial']) retrieved from /home/airflow/.local/lib/python3.8/site-packages/airflow/example_dags/tutorial.py
[2024-10-18T23:48:15.659+0000] {logging_mixin.py:151} INFO - [2024-10-18T23:48:15.659+0000] {dag.py:2941} INFO - Sync 1 DAGs
[2024-10-18T23:48:15.708+0000] {logging_mixin.py:151} INFO - [2024-10-18T23:48:15.708+0000] {dag.py:3722} INFO - Setting next_dagrun for tutorial to 2024-10-17T23:48:15.707927+00:00, run_after=2024-10-18T23:48:15.707927+00:00
[2024-10-18T23:48:15.743+0000] {processor.py:179} INFO - Processing /home/airflow/.local/lib/python3.8/site-packages/airflow/example_dags/tutorial.py took 0.167 seconds
[2024-10-18T23:48:48.997+0000] {processor.py:157} INFO - Started process (PID=957) to work on /home/airflow/.local/lib/python3.8/site-packages/airflow/example_dags/tutorial.py
[2024-10-18T23:48:49.006+0000] {processor.py:829} INFO - Processing file /home/airflow/.local/lib/python3.8/site-packages/airflow/example_dags/tutorial.py for tasks to queue
[2024-10-18T23:48:49.014+0000] {logging_mixin.py:151} INFO - [2024-10-18T23:48:49.011+0000] {dagbag.py:536} INFO - Filling up the DagBag from /home/airflow/.local/lib/python3.8/site-packages/airflow/example_dags/tutorial.py
[2024-10-18T23:48:49.071+0000] {processor.py:839} INFO - DAG(s) dict_keys(['tutorial']) retrieved from /home/airflow/.local/lib/python3.8/site-packages/airflow/example_dags/tutorial.py
[2024-10-18T23:48:49.659+0000] {logging_mixin.py:151} INFO - [2024-10-18T23:48:49.658+0000] {dag.py:2941} INFO - Sync 1 DAGs
[2024-10-18T23:48:50.179+0000] {logging_mixin.py:151} INFO - [2024-10-18T23:48:50.146+0000] {dag.py:3722} INFO - Setting next_dagrun for tutorial to 2024-10-17T23:48:50.124016+00:00, run_after=2024-10-18T23:48:50.124016+00:00
[2024-10-18T23:48:50.350+0000] {processor.py:179} INFO - Processing /home/airflow/.local/lib/python3.8/site-packages/airflow/example_dags/tutorial.py took 1.375 seconds
[2024-10-18T23:49:24.585+0000] {processor.py:157} INFO - Started process (PID=1011) to work on /home/airflow/.local/lib/python3.8/site-packages/airflow/example_dags/tutorial.py
[2024-10-18T23:49:24.587+0000] {processor.py:829} INFO - Processing file /home/airflow/.local/lib/python3.8/site-packages/airflow/example_dags/tutorial.py for tasks to queue
[2024-10-18T23:49:24.596+0000] {logging_mixin.py:151} INFO - [2024-10-18T23:49:24.590+0000] {dagbag.py:536} INFO - Filling up the DagBag from /home/airflow/.local/lib/python3.8/site-packages/airflow/example_dags/tutorial.py
[2024-10-18T23:49:24.675+0000] {processor.py:839} INFO - DAG(s) dict_keys(['tutorial']) retrieved from /home/airflow/.local/lib/python3.8/site-packages/airflow/example_dags/tutorial.py
[2024-10-18T23:49:25.393+0000] {logging_mixin.py:151} INFO - [2024-10-18T23:49:25.368+0000] {dag.py:2941} INFO - Sync 1 DAGs
[2024-10-18T23:49:25.922+0000] {logging_mixin.py:151} INFO - [2024-10-18T23:49:25.913+0000] {dag.py:3722} INFO - Setting next_dagrun for tutorial to 2024-10-17T23:49:25.909729+00:00, run_after=2024-10-18T23:49:25.909729+00:00
[2024-10-18T23:49:26.291+0000] {processor.py:179} INFO - Processing /home/airflow/.local/lib/python3.8/site-packages/airflow/example_dags/tutorial.py took 1.737 seconds
[2024-10-18T23:50:13.229+0000] {processor.py:157} INFO - Started process (PID=1056) to work on /home/airflow/.local/lib/python3.8/site-packages/airflow/example_dags/tutorial.py
[2024-10-18T23:50:13.236+0000] {processor.py:829} INFO - Processing file /home/airflow/.local/lib/python3.8/site-packages/airflow/example_dags/tutorial.py for tasks to queue
[2024-10-18T23:50:13.244+0000] {logging_mixin.py:151} INFO - [2024-10-18T23:50:13.243+0000] {dagbag.py:536} INFO - Filling up the DagBag from /home/airflow/.local/lib/python3.8/site-packages/airflow/example_dags/tutorial.py
[2024-10-18T23:50:13.303+0000] {processor.py:839} INFO - DAG(s) dict_keys(['tutorial']) retrieved from /home/airflow/.local/lib/python3.8/site-packages/airflow/example_dags/tutorial.py
[2024-10-18T23:50:13.465+0000] {logging_mixin.py:151} INFO - [2024-10-18T23:50:13.465+0000] {dag.py:2941} INFO - Sync 1 DAGs
[2024-10-18T23:50:13.543+0000] {logging_mixin.py:151} INFO - [2024-10-18T23:50:13.543+0000] {dag.py:3722} INFO - Setting next_dagrun for tutorial to 2024-10-17T23:50:13.542947+00:00, run_after=2024-10-18T23:50:13.542947+00:00
[2024-10-18T23:50:13.630+0000] {processor.py:179} INFO - Processing /home/airflow/.local/lib/python3.8/site-packages/airflow/example_dags/tutorial.py took 0.422 seconds
[2024-10-18T23:50:44.421+0000] {processor.py:157} INFO - Started process (PID=1109) to work on /home/airflow/.local/lib/python3.8/site-packages/airflow/example_dags/tutorial.py
[2024-10-18T23:50:44.425+0000] {processor.py:829} INFO - Processing file /home/airflow/.local/lib/python3.8/site-packages/airflow/example_dags/tutorial.py for tasks to queue
[2024-10-18T23:50:44.436+0000] {logging_mixin.py:151} INFO - [2024-10-18T23:50:44.432+0000] {dagbag.py:536} INFO - Filling up the DagBag from /home/airflow/.local/lib/python3.8/site-packages/airflow/example_dags/tutorial.py
[2024-10-18T23:50:44.473+0000] {processor.py:839} INFO - DAG(s) dict_keys(['tutorial']) retrieved from /home/airflow/.local/lib/python3.8/site-packages/airflow/example_dags/tutorial.py
[2024-10-18T23:50:44.602+0000] {logging_mixin.py:151} INFO - [2024-10-18T23:50:44.602+0000] {dag.py:2941} INFO - Sync 1 DAGs
[2024-10-18T23:50:44.665+0000] {logging_mixin.py:151} INFO - [2024-10-18T23:50:44.664+0000] {dag.py:3722} INFO - Setting next_dagrun for tutorial to 2024-10-17T23:50:44.662913+00:00, run_after=2024-10-18T23:50:44.662913+00:00
[2024-10-18T23:50:44.726+0000] {processor.py:179} INFO - Processing /home/airflow/.local/lib/python3.8/site-packages/airflow/example_dags/tutorial.py took 0.318 seconds
[2024-10-18T23:51:15.214+0000] {processor.py:157} INFO - Started process (PID=1162) to work on /home/airflow/.local/lib/python3.8/site-packages/airflow/example_dags/tutorial.py
[2024-10-18T23:51:15.216+0000] {processor.py:829} INFO - Processing file /home/airflow/.local/lib/python3.8/site-packages/airflow/example_dags/tutorial.py for tasks to queue
[2024-10-18T23:51:15.222+0000] {logging_mixin.py:151} INFO - [2024-10-18T23:51:15.221+0000] {dagbag.py:536} INFO - Filling up the DagBag from /home/airflow/.local/lib/python3.8/site-packages/airflow/example_dags/tutorial.py
[2024-10-18T23:51:15.239+0000] {processor.py:839} INFO - DAG(s) dict_keys(['tutorial']) retrieved from /home/airflow/.local/lib/python3.8/site-packages/airflow/example_dags/tutorial.py
[2024-10-18T23:51:15.296+0000] {logging_mixin.py:151} INFO - [2024-10-18T23:51:15.296+0000] {dag.py:2941} INFO - Sync 1 DAGs
[2024-10-18T23:51:15.351+0000] {logging_mixin.py:151} INFO - [2024-10-18T23:51:15.350+0000] {dag.py:3722} INFO - Setting next_dagrun for tutorial to 2024-10-17T23:51:15.349456+00:00, run_after=2024-10-18T23:51:15.349456+00:00
[2024-10-18T23:51:15.396+0000] {processor.py:179} INFO - Processing /home/airflow/.local/lib/python3.8/site-packages/airflow/example_dags/tutorial.py took 0.191 seconds
[2024-10-18T23:51:45.674+0000] {processor.py:157} INFO - Started process (PID=1216) to work on /home/airflow/.local/lib/python3.8/site-packages/airflow/example_dags/tutorial.py
[2024-10-18T23:51:45.683+0000] {processor.py:829} INFO - Processing file /home/airflow/.local/lib/python3.8/site-packages/airflow/example_dags/tutorial.py for tasks to queue
[2024-10-18T23:51:45.707+0000] {logging_mixin.py:151} INFO - [2024-10-18T23:51:45.704+0000] {dagbag.py:536} INFO - Filling up the DagBag from /home/airflow/.local/lib/python3.8/site-packages/airflow/example_dags/tutorial.py
[2024-10-18T23:51:45.733+0000] {processor.py:839} INFO - DAG(s) dict_keys(['tutorial']) retrieved from /home/airflow/.local/lib/python3.8/site-packages/airflow/example_dags/tutorial.py
[2024-10-18T23:51:45.861+0000] {logging_mixin.py:151} INFO - [2024-10-18T23:51:45.860+0000] {dag.py:2941} INFO - Sync 1 DAGs
[2024-10-18T23:51:47.206+0000] {logging_mixin.py:151} INFO - [2024-10-18T23:51:47.172+0000] {dag.py:3722} INFO - Setting next_dagrun for tutorial to 2024-10-17T23:51:47.171234+00:00, run_after=2024-10-18T23:51:47.171234+00:00
[2024-10-18T23:51:47.502+0000] {processor.py:179} INFO - Processing /home/airflow/.local/lib/python3.8/site-packages/airflow/example_dags/tutorial.py took 1.840 seconds
[2024-10-18T23:52:18.535+0000] {processor.py:157} INFO - Started process (PID=1270) to work on /home/airflow/.local/lib/python3.8/site-packages/airflow/example_dags/tutorial.py
[2024-10-18T23:52:18.538+0000] {processor.py:829} INFO - Processing file /home/airflow/.local/lib/python3.8/site-packages/airflow/example_dags/tutorial.py for tasks to queue
[2024-10-18T23:52:18.546+0000] {logging_mixin.py:151} INFO - [2024-10-18T23:52:18.545+0000] {dagbag.py:536} INFO - Filling up the DagBag from /home/airflow/.local/lib/python3.8/site-packages/airflow/example_dags/tutorial.py
[2024-10-18T23:52:18.567+0000] {processor.py:839} INFO - DAG(s) dict_keys(['tutorial']) retrieved from /home/airflow/.local/lib/python3.8/site-packages/airflow/example_dags/tutorial.py
[2024-10-18T23:52:18.744+0000] {logging_mixin.py:151} INFO - [2024-10-18T23:52:18.743+0000] {dag.py:2941} INFO - Sync 1 DAGs
[2024-10-18T23:52:18.836+0000] {logging_mixin.py:151} INFO - [2024-10-18T23:52:18.835+0000] {dag.py:3722} INFO - Setting next_dagrun for tutorial to 2024-10-17T23:52:18.835200+00:00, run_after=2024-10-18T23:52:18.835200+00:00
[2024-10-18T23:52:19.333+0000] {processor.py:179} INFO - Processing /home/airflow/.local/lib/python3.8/site-packages/airflow/example_dags/tutorial.py took 0.809 seconds
[2024-10-18T23:52:49.907+0000] {processor.py:157} INFO - Started process (PID=1323) to work on /home/airflow/.local/lib/python3.8/site-packages/airflow/example_dags/tutorial.py
[2024-10-18T23:52:49.909+0000] {processor.py:829} INFO - Processing file /home/airflow/.local/lib/python3.8/site-packages/airflow/example_dags/tutorial.py for tasks to queue
[2024-10-18T23:52:49.915+0000] {logging_mixin.py:151} INFO - [2024-10-18T23:52:49.915+0000] {dagbag.py:536} INFO - Filling up the DagBag from /home/airflow/.local/lib/python3.8/site-packages/airflow/example_dags/tutorial.py
[2024-10-18T23:52:49.934+0000] {processor.py:839} INFO - DAG(s) dict_keys(['tutorial']) retrieved from /home/airflow/.local/lib/python3.8/site-packages/airflow/example_dags/tutorial.py
[2024-10-18T23:52:50.020+0000] {logging_mixin.py:151} INFO - [2024-10-18T23:52:50.019+0000] {dag.py:2941} INFO - Sync 1 DAGs
[2024-10-18T23:52:50.081+0000] {logging_mixin.py:151} INFO - [2024-10-18T23:52:50.080+0000] {dag.py:3722} INFO - Setting next_dagrun for tutorial to 2024-10-17T23:52:50.079522+00:00, run_after=2024-10-18T23:52:50.079522+00:00
[2024-10-18T23:52:50.133+0000] {processor.py:179} INFO - Processing /home/airflow/.local/lib/python3.8/site-packages/airflow/example_dags/tutorial.py took 0.234 seconds
[2024-10-18T23:53:31.700+0000] {processor.py:157} INFO - Started process (PID=1373) to work on /home/airflow/.local/lib/python3.8/site-packages/airflow/example_dags/tutorial.py
[2024-10-18T23:53:31.704+0000] {processor.py:829} INFO - Processing file /home/airflow/.local/lib/python3.8/site-packages/airflow/example_dags/tutorial.py for tasks to queue
[2024-10-18T23:53:31.710+0000] {logging_mixin.py:151} INFO - [2024-10-18T23:53:31.707+0000] {dagbag.py:536} INFO - Filling up the DagBag from /home/airflow/.local/lib/python3.8/site-packages/airflow/example_dags/tutorial.py
[2024-10-18T23:53:31.740+0000] {processor.py:839} INFO - DAG(s) dict_keys(['tutorial']) retrieved from /home/airflow/.local/lib/python3.8/site-packages/airflow/example_dags/tutorial.py
[2024-10-18T23:53:31.958+0000] {logging_mixin.py:151} INFO - [2024-10-18T23:53:31.948+0000] {dag.py:2941} INFO - Sync 1 DAGs
[2024-10-18T23:53:33.008+0000] {logging_mixin.py:151} INFO - [2024-10-18T23:53:32.999+0000] {dag.py:3722} INFO - Setting next_dagrun for tutorial to 2024-10-17T23:53:32.986790+00:00, run_after=2024-10-18T23:53:32.986790+00:00
[2024-10-18T23:53:33.568+0000] {processor.py:179} INFO - Processing /home/airflow/.local/lib/python3.8/site-packages/airflow/example_dags/tutorial.py took 1.882 seconds
[2024-10-18T23:54:03.978+0000] {processor.py:157} INFO - Started process (PID=1427) to work on /home/airflow/.local/lib/python3.8/site-packages/airflow/example_dags/tutorial.py
[2024-10-18T23:54:03.981+0000] {processor.py:829} INFO - Processing file /home/airflow/.local/lib/python3.8/site-packages/airflow/example_dags/tutorial.py for tasks to queue
[2024-10-18T23:54:03.985+0000] {logging_mixin.py:151} INFO - [2024-10-18T23:54:03.985+0000] {dagbag.py:536} INFO - Filling up the DagBag from /home/airflow/.local/lib/python3.8/site-packages/airflow/example_dags/tutorial.py
[2024-10-18T23:54:03.995+0000] {processor.py:839} INFO - DAG(s) dict_keys(['tutorial']) retrieved from /home/airflow/.local/lib/python3.8/site-packages/airflow/example_dags/tutorial.py
[2024-10-18T23:54:04.065+0000] {logging_mixin.py:151} INFO - [2024-10-18T23:54:04.065+0000] {dag.py:2941} INFO - Sync 1 DAGs
[2024-10-18T23:54:04.327+0000] {logging_mixin.py:151} INFO - [2024-10-18T23:54:04.327+0000] {dag.py:3722} INFO - Setting next_dagrun for tutorial to 2024-10-17T23:54:04.326279+00:00, run_after=2024-10-18T23:54:04.326279+00:00
[2024-10-18T23:54:04.363+0000] {processor.py:179} INFO - Processing /home/airflow/.local/lib/python3.8/site-packages/airflow/example_dags/tutorial.py took 0.390 seconds
[2024-10-18T23:54:34.571+0000] {processor.py:157} INFO - Started process (PID=1481) to work on /home/airflow/.local/lib/python3.8/site-packages/airflow/example_dags/tutorial.py
[2024-10-18T23:54:34.679+0000] {processor.py:829} INFO - Processing file /home/airflow/.local/lib/python3.8/site-packages/airflow/example_dags/tutorial.py for tasks to queue
[2024-10-18T23:54:34.747+0000] {logging_mixin.py:151} INFO - [2024-10-18T23:54:34.746+0000] {dagbag.py:536} INFO - Filling up the DagBag from /home/airflow/.local/lib/python3.8/site-packages/airflow/example_dags/tutorial.py
[2024-10-18T23:54:34.792+0000] {processor.py:839} INFO - DAG(s) dict_keys(['tutorial']) retrieved from /home/airflow/.local/lib/python3.8/site-packages/airflow/example_dags/tutorial.py
[2024-10-18T23:54:34.862+0000] {logging_mixin.py:151} INFO - [2024-10-18T23:54:34.861+0000] {dag.py:2941} INFO - Sync 1 DAGs
[2024-10-18T23:54:34.911+0000] {logging_mixin.py:151} INFO - [2024-10-18T23:54:34.910+0000] {dag.py:3722} INFO - Setting next_dagrun for tutorial to 2024-10-17T23:54:34.910147+00:00, run_after=2024-10-18T23:54:34.910147+00:00
[2024-10-18T23:54:34.949+0000] {processor.py:179} INFO - Processing /home/airflow/.local/lib/python3.8/site-packages/airflow/example_dags/tutorial.py took 0.385 seconds
[2024-10-18T23:55:05.266+0000] {processor.py:157} INFO - Started process (PID=1534) to work on /home/airflow/.local/lib/python3.8/site-packages/airflow/example_dags/tutorial.py
[2024-10-18T23:55:05.268+0000] {processor.py:829} INFO - Processing file /home/airflow/.local/lib/python3.8/site-packages/airflow/example_dags/tutorial.py for tasks to queue
[2024-10-18T23:55:05.286+0000] {logging_mixin.py:151} INFO - [2024-10-18T23:55:05.285+0000] {dagbag.py:536} INFO - Filling up the DagBag from /home/airflow/.local/lib/python3.8/site-packages/airflow/example_dags/tutorial.py
[2024-10-18T23:55:05.304+0000] {processor.py:839} INFO - DAG(s) dict_keys(['tutorial']) retrieved from /home/airflow/.local/lib/python3.8/site-packages/airflow/example_dags/tutorial.py
[2024-10-18T23:55:05.376+0000] {logging_mixin.py:151} INFO - [2024-10-18T23:55:05.376+0000] {dag.py:2941} INFO - Sync 1 DAGs
[2024-10-18T23:55:05.563+0000] {logging_mixin.py:151} INFO - [2024-10-18T23:55:05.562+0000] {dag.py:3722} INFO - Setting next_dagrun for tutorial to 2024-10-17T23:55:05.560738+00:00, run_after=2024-10-18T23:55:05.560738+00:00
[2024-10-18T23:55:05.635+0000] {processor.py:179} INFO - Processing /home/airflow/.local/lib/python3.8/site-packages/airflow/example_dags/tutorial.py took 0.376 seconds
[2024-10-18T23:55:36.010+0000] {processor.py:157} INFO - Started process (PID=1588) to work on /home/airflow/.local/lib/python3.8/site-packages/airflow/example_dags/tutorial.py
[2024-10-18T23:55:36.013+0000] {processor.py:829} INFO - Processing file /home/airflow/.local/lib/python3.8/site-packages/airflow/example_dags/tutorial.py for tasks to queue
[2024-10-18T23:55:36.019+0000] {logging_mixin.py:151} INFO - [2024-10-18T23:55:36.018+0000] {dagbag.py:536} INFO - Filling up the DagBag from /home/airflow/.local/lib/python3.8/site-packages/airflow/example_dags/tutorial.py
[2024-10-18T23:55:36.036+0000] {processor.py:839} INFO - DAG(s) dict_keys(['tutorial']) retrieved from /home/airflow/.local/lib/python3.8/site-packages/airflow/example_dags/tutorial.py
[2024-10-18T23:55:36.083+0000] {logging_mixin.py:151} INFO - [2024-10-18T23:55:36.083+0000] {dag.py:2941} INFO - Sync 1 DAGs
[2024-10-18T23:55:36.125+0000] {logging_mixin.py:151} INFO - [2024-10-18T23:55:36.124+0000] {dag.py:3722} INFO - Setting next_dagrun for tutorial to 2024-10-17T23:55:36.124178+00:00, run_after=2024-10-18T23:55:36.124178+00:00
[2024-10-18T23:55:36.166+0000] {processor.py:179} INFO - Processing /home/airflow/.local/lib/python3.8/site-packages/airflow/example_dags/tutorial.py took 0.162 seconds
[2024-10-18T23:56:07.284+0000] {processor.py:157} INFO - Started process (PID=1628) to work on /home/airflow/.local/lib/python3.8/site-packages/airflow/example_dags/tutorial.py
[2024-10-18T23:56:07.289+0000] {processor.py:829} INFO - Processing file /home/airflow/.local/lib/python3.8/site-packages/airflow/example_dags/tutorial.py for tasks to queue
[2024-10-18T23:56:07.297+0000] {logging_mixin.py:151} INFO - [2024-10-18T23:56:07.297+0000] {dagbag.py:536} INFO - Filling up the DagBag from /home/airflow/.local/lib/python3.8/site-packages/airflow/example_dags/tutorial.py
[2024-10-18T23:56:07.342+0000] {processor.py:839} INFO - DAG(s) dict_keys(['tutorial']) retrieved from /home/airflow/.local/lib/python3.8/site-packages/airflow/example_dags/tutorial.py
[2024-10-18T23:56:07.546+0000] {logging_mixin.py:151} INFO - [2024-10-18T23:56:07.545+0000] {dag.py:2941} INFO - Sync 1 DAGs
[2024-10-18T23:56:07.626+0000] {logging_mixin.py:151} INFO - [2024-10-18T23:56:07.625+0000] {dag.py:3722} INFO - Setting next_dagrun for tutorial to 2024-10-17T23:56:07.623146+00:00, run_after=2024-10-18T23:56:07.623146+00:00
[2024-10-18T23:56:07.688+0000] {processor.py:179} INFO - Processing /home/airflow/.local/lib/python3.8/site-packages/airflow/example_dags/tutorial.py took 0.413 seconds
[2024-10-18T23:56:40.365+0000] {processor.py:157} INFO - Started process (PID=1681) to work on /home/airflow/.local/lib/python3.8/site-packages/airflow/example_dags/tutorial.py
[2024-10-18T23:56:40.371+0000] {processor.py:829} INFO - Processing file /home/airflow/.local/lib/python3.8/site-packages/airflow/example_dags/tutorial.py for tasks to queue
[2024-10-18T23:56:40.390+0000] {logging_mixin.py:151} INFO - [2024-10-18T23:56:40.387+0000] {dagbag.py:536} INFO - Filling up the DagBag from /home/airflow/.local/lib/python3.8/site-packages/airflow/example_dags/tutorial.py
[2024-10-18T23:56:40.425+0000] {processor.py:839} INFO - DAG(s) dict_keys(['tutorial']) retrieved from /home/airflow/.local/lib/python3.8/site-packages/airflow/example_dags/tutorial.py
[2024-10-18T23:56:40.540+0000] {logging_mixin.py:151} INFO - [2024-10-18T23:56:40.539+0000] {dag.py:2941} INFO - Sync 1 DAGs
[2024-10-18T23:56:40.627+0000] {logging_mixin.py:151} INFO - [2024-10-18T23:56:40.626+0000] {dag.py:3722} INFO - Setting next_dagrun for tutorial to 2024-10-17T23:56:40.626163+00:00, run_after=2024-10-18T23:56:40.626163+00:00
[2024-10-18T23:56:40.683+0000] {processor.py:179} INFO - Processing /home/airflow/.local/lib/python3.8/site-packages/airflow/example_dags/tutorial.py took 0.343 seconds
[2024-10-18T23:57:19.612+0000] {processor.py:157} INFO - Started process (PID=1729) to work on /home/airflow/.local/lib/python3.8/site-packages/airflow/example_dags/tutorial.py
[2024-10-18T23:57:19.616+0000] {processor.py:829} INFO - Processing file /home/airflow/.local/lib/python3.8/site-packages/airflow/example_dags/tutorial.py for tasks to queue
[2024-10-18T23:57:19.621+0000] {logging_mixin.py:151} INFO - [2024-10-18T23:57:19.620+0000] {dagbag.py:536} INFO - Filling up the DagBag from /home/airflow/.local/lib/python3.8/site-packages/airflow/example_dags/tutorial.py
[2024-10-18T23:57:19.634+0000] {processor.py:839} INFO - DAG(s) dict_keys(['tutorial']) retrieved from /home/airflow/.local/lib/python3.8/site-packages/airflow/example_dags/tutorial.py
[2024-10-18T23:57:19.699+0000] {logging_mixin.py:151} INFO - [2024-10-18T23:57:19.698+0000] {dag.py:2941} INFO - Sync 1 DAGs
[2024-10-18T23:57:19.758+0000] {logging_mixin.py:151} INFO - [2024-10-18T23:57:19.757+0000] {dag.py:3722} INFO - Setting next_dagrun for tutorial to 2024-10-17T23:57:19.756937+00:00, run_after=2024-10-18T23:57:19.756937+00:00
[2024-10-18T23:57:19.800+0000] {processor.py:179} INFO - Processing /home/airflow/.local/lib/python3.8/site-packages/airflow/example_dags/tutorial.py took 0.195 seconds
[2024-10-18T23:57:50.410+0000] {processor.py:157} INFO - Started process (PID=1783) to work on /home/airflow/.local/lib/python3.8/site-packages/airflow/example_dags/tutorial.py
[2024-10-18T23:57:50.416+0000] {processor.py:829} INFO - Processing file /home/airflow/.local/lib/python3.8/site-packages/airflow/example_dags/tutorial.py for tasks to queue
[2024-10-18T23:57:50.421+0000] {logging_mixin.py:151} INFO - [2024-10-18T23:57:50.420+0000] {dagbag.py:536} INFO - Filling up the DagBag from /home/airflow/.local/lib/python3.8/site-packages/airflow/example_dags/tutorial.py
[2024-10-18T23:57:50.460+0000] {processor.py:839} INFO - DAG(s) dict_keys(['tutorial']) retrieved from /home/airflow/.local/lib/python3.8/site-packages/airflow/example_dags/tutorial.py
[2024-10-18T23:57:50.553+0000] {logging_mixin.py:151} INFO - [2024-10-18T23:57:50.552+0000] {dag.py:2941} INFO - Sync 1 DAGs
[2024-10-18T23:57:50.619+0000] {logging_mixin.py:151} INFO - [2024-10-18T23:57:50.619+0000] {dag.py:3722} INFO - Setting next_dagrun for tutorial to 2024-10-17T23:57:50.618743+00:00, run_after=2024-10-18T23:57:50.618743+00:00
[2024-10-18T23:57:51.415+0000] {processor.py:179} INFO - Processing /home/airflow/.local/lib/python3.8/site-packages/airflow/example_dags/tutorial.py took 0.284 seconds
[2024-10-18T23:58:22.492+0000] {processor.py:157} INFO - Started process (PID=1837) to work on /home/airflow/.local/lib/python3.8/site-packages/airflow/example_dags/tutorial.py
[2024-10-18T23:58:22.502+0000] {processor.py:829} INFO - Processing file /home/airflow/.local/lib/python3.8/site-packages/airflow/example_dags/tutorial.py for tasks to queue
[2024-10-18T23:58:22.511+0000] {logging_mixin.py:151} INFO - [2024-10-18T23:58:22.510+0000] {dagbag.py:536} INFO - Filling up the DagBag from /home/airflow/.local/lib/python3.8/site-packages/airflow/example_dags/tutorial.py
[2024-10-18T23:58:22.539+0000] {processor.py:839} INFO - DAG(s) dict_keys(['tutorial']) retrieved from /home/airflow/.local/lib/python3.8/site-packages/airflow/example_dags/tutorial.py
[2024-10-18T23:58:22.648+0000] {logging_mixin.py:151} INFO - [2024-10-18T23:58:22.648+0000] {dag.py:2941} INFO - Sync 1 DAGs
[2024-10-18T23:58:22.702+0000] {logging_mixin.py:151} INFO - [2024-10-18T23:58:22.702+0000] {dag.py:3722} INFO - Setting next_dagrun for tutorial to 2024-10-17T23:58:22.701537+00:00, run_after=2024-10-18T23:58:22.701537+00:00
[2024-10-18T23:58:22.741+0000] {processor.py:179} INFO - Processing /home/airflow/.local/lib/python3.8/site-packages/airflow/example_dags/tutorial.py took 0.258 seconds
[2024-10-18T23:58:55.319+0000] {processor.py:157} INFO - Started process (PID=1891) to work on /home/airflow/.local/lib/python3.8/site-packages/airflow/example_dags/tutorial.py
[2024-10-18T23:58:55.322+0000] {processor.py:829} INFO - Processing file /home/airflow/.local/lib/python3.8/site-packages/airflow/example_dags/tutorial.py for tasks to queue
[2024-10-18T23:58:55.337+0000] {logging_mixin.py:151} INFO - [2024-10-18T23:58:55.336+0000] {dagbag.py:536} INFO - Filling up the DagBag from /home/airflow/.local/lib/python3.8/site-packages/airflow/example_dags/tutorial.py
[2024-10-18T23:58:55.352+0000] {processor.py:839} INFO - DAG(s) dict_keys(['tutorial']) retrieved from /home/airflow/.local/lib/python3.8/site-packages/airflow/example_dags/tutorial.py
[2024-10-18T23:58:55.405+0000] {logging_mixin.py:151} INFO - [2024-10-18T23:58:55.405+0000] {dag.py:2941} INFO - Sync 1 DAGs
[2024-10-18T23:58:55.461+0000] {logging_mixin.py:151} INFO - [2024-10-18T23:58:55.461+0000] {dag.py:3722} INFO - Setting next_dagrun for tutorial to 2024-10-17T23:58:55.460183+00:00, run_after=2024-10-18T23:58:55.460183+00:00
[2024-10-18T23:58:55.503+0000] {processor.py:179} INFO - Processing /home/airflow/.local/lib/python3.8/site-packages/airflow/example_dags/tutorial.py took 0.190 seconds
[2024-10-18T23:59:26.083+0000] {processor.py:157} INFO - Started process (PID=1944) to work on /home/airflow/.local/lib/python3.8/site-packages/airflow/example_dags/tutorial.py
[2024-10-18T23:59:26.086+0000] {processor.py:829} INFO - Processing file /home/airflow/.local/lib/python3.8/site-packages/airflow/example_dags/tutorial.py for tasks to queue
[2024-10-18T23:59:26.091+0000] {logging_mixin.py:151} INFO - [2024-10-18T23:59:26.091+0000] {dagbag.py:536} INFO - Filling up the DagBag from /home/airflow/.local/lib/python3.8/site-packages/airflow/example_dags/tutorial.py
[2024-10-18T23:59:26.102+0000] {processor.py:839} INFO - DAG(s) dict_keys(['tutorial']) retrieved from /home/airflow/.local/lib/python3.8/site-packages/airflow/example_dags/tutorial.py
[2024-10-18T23:59:26.145+0000] {logging_mixin.py:151} INFO - [2024-10-18T23:59:26.144+0000] {dag.py:2941} INFO - Sync 1 DAGs
[2024-10-18T23:59:26.186+0000] {logging_mixin.py:151} INFO - [2024-10-18T23:59:26.186+0000] {dag.py:3722} INFO - Setting next_dagrun for tutorial to 2024-10-17T23:59:26.186130+00:00, run_after=2024-10-18T23:59:26.186130+00:00
[2024-10-18T23:59:26.219+0000] {processor.py:179} INFO - Processing /home/airflow/.local/lib/python3.8/site-packages/airflow/example_dags/tutorial.py took 0.142 seconds
[2024-10-18T23:59:56.484+0000] {processor.py:157} INFO - Started process (PID=1993) to work on /home/airflow/.local/lib/python3.8/site-packages/airflow/example_dags/tutorial.py
[2024-10-18T23:59:56.487+0000] {processor.py:829} INFO - Processing file /home/airflow/.local/lib/python3.8/site-packages/airflow/example_dags/tutorial.py for tasks to queue
[2024-10-18T23:59:56.496+0000] {logging_mixin.py:151} INFO - [2024-10-18T23:59:56.495+0000] {dagbag.py:536} INFO - Filling up the DagBag from /home/airflow/.local/lib/python3.8/site-packages/airflow/example_dags/tutorial.py
[2024-10-18T23:59:56.519+0000] {processor.py:839} INFO - DAG(s) dict_keys(['tutorial']) retrieved from /home/airflow/.local/lib/python3.8/site-packages/airflow/example_dags/tutorial.py
[2024-10-18T23:59:56.608+0000] {logging_mixin.py:151} INFO - [2024-10-18T23:59:56.608+0000] {dag.py:2941} INFO - Sync 1 DAGs
[2024-10-18T23:59:56.715+0000] {logging_mixin.py:151} INFO - [2024-10-18T23:59:56.714+0000] {dag.py:3722} INFO - Setting next_dagrun for tutorial to 2024-10-17T23:59:56.713874+00:00, run_after=2024-10-18T23:59:56.713874+00:00
[2024-10-18T23:59:56.786+0000] {processor.py:179} INFO - Processing /home/airflow/.local/lib/python3.8/site-packages/airflow/example_dags/tutorial.py took 0.312 seconds
