[2024-10-18T23:31:46.632+0000] {processor.py:157} INFO - Started process (PID=92) to work on /home/airflow/.local/lib/python3.8/site-packages/airflow/example_dags/tutorial_dag.py
[2024-10-18T23:31:46.653+0000] {processor.py:829} INFO - Processing file /home/airflow/.local/lib/python3.8/site-packages/airflow/example_dags/tutorial_dag.py for tasks to queue
[2024-10-18T23:31:46.668+0000] {logging_mixin.py:151} INFO - [2024-10-18T23:31:46.667+0000] {dagbag.py:536} INFO - Filling up the DagBag from /home/airflow/.local/lib/python3.8/site-packages/airflow/example_dags/tutorial_dag.py
[2024-10-18T23:31:46.853+0000] {processor.py:839} INFO - DAG(s) dict_keys(['tutorial_dag']) retrieved from /home/airflow/.local/lib/python3.8/site-packages/airflow/example_dags/tutorial_dag.py
[2024-10-18T23:31:46.983+0000] {logging_mixin.py:151} INFO - [2024-10-18T23:31:46.983+0000] {dag.py:2941} INFO - Sync 1 DAGs
[2024-10-18T23:31:47.184+0000] {logging_mixin.py:151} INFO - [2024-10-18T23:31:47.184+0000] {dag.py:3722} INFO - Setting next_dagrun for tutorial_dag to None, run_after=None
[2024-10-18T23:31:47.388+0000] {processor.py:179} INFO - Processing /home/airflow/.local/lib/python3.8/site-packages/airflow/example_dags/tutorial_dag.py took 0.775 seconds
[2024-10-18T23:32:19.378+0000] {processor.py:157} INFO - Started process (PID=146) to work on /home/airflow/.local/lib/python3.8/site-packages/airflow/example_dags/tutorial_dag.py
[2024-10-18T23:32:19.380+0000] {processor.py:829} INFO - Processing file /home/airflow/.local/lib/python3.8/site-packages/airflow/example_dags/tutorial_dag.py for tasks to queue
[2024-10-18T23:32:19.384+0000] {logging_mixin.py:151} INFO - [2024-10-18T23:32:19.384+0000] {dagbag.py:536} INFO - Filling up the DagBag from /home/airflow/.local/lib/python3.8/site-packages/airflow/example_dags/tutorial_dag.py
[2024-10-18T23:32:19.398+0000] {processor.py:839} INFO - DAG(s) dict_keys(['tutorial_dag']) retrieved from /home/airflow/.local/lib/python3.8/site-packages/airflow/example_dags/tutorial_dag.py
[2024-10-18T23:32:19.442+0000] {logging_mixin.py:151} INFO - [2024-10-18T23:32:19.442+0000] {dag.py:2941} INFO - Sync 1 DAGs
[2024-10-18T23:32:19.465+0000] {logging_mixin.py:151} INFO - [2024-10-18T23:32:19.465+0000] {dag.py:3722} INFO - Setting next_dagrun for tutorial_dag to None, run_after=None
[2024-10-18T23:32:19.535+0000] {processor.py:179} INFO - Processing /home/airflow/.local/lib/python3.8/site-packages/airflow/example_dags/tutorial_dag.py took 0.165 seconds
[2024-10-18T23:32:51.741+0000] {processor.py:157} INFO - Started process (PID=200) to work on /home/airflow/.local/lib/python3.8/site-packages/airflow/example_dags/tutorial_dag.py
[2024-10-18T23:32:51.742+0000] {processor.py:829} INFO - Processing file /home/airflow/.local/lib/python3.8/site-packages/airflow/example_dags/tutorial_dag.py for tasks to queue
[2024-10-18T23:32:51.748+0000] {logging_mixin.py:151} INFO - [2024-10-18T23:32:51.748+0000] {dagbag.py:536} INFO - Filling up the DagBag from /home/airflow/.local/lib/python3.8/site-packages/airflow/example_dags/tutorial_dag.py
[2024-10-18T23:32:51.770+0000] {processor.py:839} INFO - DAG(s) dict_keys(['tutorial_dag']) retrieved from /home/airflow/.local/lib/python3.8/site-packages/airflow/example_dags/tutorial_dag.py
[2024-10-18T23:32:51.821+0000] {logging_mixin.py:151} INFO - [2024-10-18T23:32:51.821+0000] {dag.py:2941} INFO - Sync 1 DAGs
[2024-10-18T23:32:51.861+0000] {logging_mixin.py:151} INFO - [2024-10-18T23:32:51.861+0000] {dag.py:3722} INFO - Setting next_dagrun for tutorial_dag to None, run_after=None
[2024-10-18T23:32:51.898+0000] {processor.py:179} INFO - Processing /home/airflow/.local/lib/python3.8/site-packages/airflow/example_dags/tutorial_dag.py took 0.165 seconds
[2024-10-18T23:33:22.529+0000] {processor.py:157} INFO - Started process (PID=252) to work on /home/airflow/.local/lib/python3.8/site-packages/airflow/example_dags/tutorial_dag.py
[2024-10-18T23:33:22.531+0000] {processor.py:829} INFO - Processing file /home/airflow/.local/lib/python3.8/site-packages/airflow/example_dags/tutorial_dag.py for tasks to queue
[2024-10-18T23:33:22.539+0000] {logging_mixin.py:151} INFO - [2024-10-18T23:33:22.538+0000] {dagbag.py:536} INFO - Filling up the DagBag from /home/airflow/.local/lib/python3.8/site-packages/airflow/example_dags/tutorial_dag.py
[2024-10-18T23:33:22.552+0000] {processor.py:839} INFO - DAG(s) dict_keys(['tutorial_dag']) retrieved from /home/airflow/.local/lib/python3.8/site-packages/airflow/example_dags/tutorial_dag.py
[2024-10-18T23:33:22.599+0000] {logging_mixin.py:151} INFO - [2024-10-18T23:33:22.598+0000] {dag.py:2941} INFO - Sync 1 DAGs
[2024-10-18T23:33:22.629+0000] {logging_mixin.py:151} INFO - [2024-10-18T23:33:22.628+0000] {dag.py:3722} INFO - Setting next_dagrun for tutorial_dag to None, run_after=None
[2024-10-18T23:33:22.665+0000] {processor.py:179} INFO - Processing /home/airflow/.local/lib/python3.8/site-packages/airflow/example_dags/tutorial_dag.py took 0.145 seconds
[2024-10-18T23:33:53.327+0000] {processor.py:157} INFO - Started process (PID=306) to work on /home/airflow/.local/lib/python3.8/site-packages/airflow/example_dags/tutorial_dag.py
[2024-10-18T23:33:53.330+0000] {processor.py:829} INFO - Processing file /home/airflow/.local/lib/python3.8/site-packages/airflow/example_dags/tutorial_dag.py for tasks to queue
[2024-10-18T23:33:53.339+0000] {logging_mixin.py:151} INFO - [2024-10-18T23:33:53.338+0000] {dagbag.py:536} INFO - Filling up the DagBag from /home/airflow/.local/lib/python3.8/site-packages/airflow/example_dags/tutorial_dag.py
[2024-10-18T23:33:53.366+0000] {processor.py:839} INFO - DAG(s) dict_keys(['tutorial_dag']) retrieved from /home/airflow/.local/lib/python3.8/site-packages/airflow/example_dags/tutorial_dag.py
[2024-10-18T23:33:53.624+0000] {logging_mixin.py:151} INFO - [2024-10-18T23:33:53.624+0000] {dag.py:2941} INFO - Sync 1 DAGs
[2024-10-18T23:33:53.666+0000] {logging_mixin.py:151} INFO - [2024-10-18T23:33:53.665+0000] {dag.py:3722} INFO - Setting next_dagrun for tutorial_dag to None, run_after=None
[2024-10-18T23:33:53.719+0000] {processor.py:179} INFO - Processing /home/airflow/.local/lib/python3.8/site-packages/airflow/example_dags/tutorial_dag.py took 0.402 seconds
[2024-10-18T23:34:24.609+0000] {processor.py:157} INFO - Started process (PID=360) to work on /home/airflow/.local/lib/python3.8/site-packages/airflow/example_dags/tutorial_dag.py
[2024-10-18T23:34:24.611+0000] {processor.py:829} INFO - Processing file /home/airflow/.local/lib/python3.8/site-packages/airflow/example_dags/tutorial_dag.py for tasks to queue
[2024-10-18T23:34:24.615+0000] {logging_mixin.py:151} INFO - [2024-10-18T23:34:24.615+0000] {dagbag.py:536} INFO - Filling up the DagBag from /home/airflow/.local/lib/python3.8/site-packages/airflow/example_dags/tutorial_dag.py
[2024-10-18T23:34:24.627+0000] {processor.py:839} INFO - DAG(s) dict_keys(['tutorial_dag']) retrieved from /home/airflow/.local/lib/python3.8/site-packages/airflow/example_dags/tutorial_dag.py
[2024-10-18T23:34:24.674+0000] {logging_mixin.py:151} INFO - [2024-10-18T23:34:24.674+0000] {dag.py:2941} INFO - Sync 1 DAGs
[2024-10-18T23:34:24.714+0000] {logging_mixin.py:151} INFO - [2024-10-18T23:34:24.713+0000] {dag.py:3722} INFO - Setting next_dagrun for tutorial_dag to None, run_after=None
[2024-10-18T23:34:24.770+0000] {processor.py:179} INFO - Processing /home/airflow/.local/lib/python3.8/site-packages/airflow/example_dags/tutorial_dag.py took 0.169 seconds
[2024-10-18T23:34:55.224+0000] {processor.py:157} INFO - Started process (PID=414) to work on /home/airflow/.local/lib/python3.8/site-packages/airflow/example_dags/tutorial_dag.py
[2024-10-18T23:34:55.226+0000] {processor.py:829} INFO - Processing file /home/airflow/.local/lib/python3.8/site-packages/airflow/example_dags/tutorial_dag.py for tasks to queue
[2024-10-18T23:34:55.232+0000] {logging_mixin.py:151} INFO - [2024-10-18T23:34:55.231+0000] {dagbag.py:536} INFO - Filling up the DagBag from /home/airflow/.local/lib/python3.8/site-packages/airflow/example_dags/tutorial_dag.py
[2024-10-18T23:34:55.245+0000] {processor.py:839} INFO - DAG(s) dict_keys(['tutorial_dag']) retrieved from /home/airflow/.local/lib/python3.8/site-packages/airflow/example_dags/tutorial_dag.py
[2024-10-18T23:34:55.308+0000] {logging_mixin.py:151} INFO - [2024-10-18T23:34:55.308+0000] {dag.py:2941} INFO - Sync 1 DAGs
[2024-10-18T23:34:55.345+0000] {logging_mixin.py:151} INFO - [2024-10-18T23:34:55.344+0000] {dag.py:3722} INFO - Setting next_dagrun for tutorial_dag to None, run_after=None
[2024-10-18T23:34:55.390+0000] {processor.py:179} INFO - Processing /home/airflow/.local/lib/python3.8/site-packages/airflow/example_dags/tutorial_dag.py took 0.173 seconds
[2024-10-18T23:35:25.810+0000] {processor.py:157} INFO - Started process (PID=467) to work on /home/airflow/.local/lib/python3.8/site-packages/airflow/example_dags/tutorial_dag.py
[2024-10-18T23:35:25.812+0000] {processor.py:829} INFO - Processing file /home/airflow/.local/lib/python3.8/site-packages/airflow/example_dags/tutorial_dag.py for tasks to queue
[2024-10-18T23:35:25.816+0000] {logging_mixin.py:151} INFO - [2024-10-18T23:35:25.815+0000] {dagbag.py:536} INFO - Filling up the DagBag from /home/airflow/.local/lib/python3.8/site-packages/airflow/example_dags/tutorial_dag.py
[2024-10-18T23:35:25.825+0000] {processor.py:839} INFO - DAG(s) dict_keys(['tutorial_dag']) retrieved from /home/airflow/.local/lib/python3.8/site-packages/airflow/example_dags/tutorial_dag.py
[2024-10-18T23:35:25.868+0000] {logging_mixin.py:151} INFO - [2024-10-18T23:35:25.868+0000] {dag.py:2941} INFO - Sync 1 DAGs
[2024-10-18T23:35:25.896+0000] {logging_mixin.py:151} INFO - [2024-10-18T23:35:25.896+0000] {dag.py:3722} INFO - Setting next_dagrun for tutorial_dag to None, run_after=None
[2024-10-18T23:35:25.936+0000] {processor.py:179} INFO - Processing /home/airflow/.local/lib/python3.8/site-packages/airflow/example_dags/tutorial_dag.py took 0.132 seconds
[2024-10-18T23:35:56.785+0000] {processor.py:157} INFO - Started process (PID=521) to work on /home/airflow/.local/lib/python3.8/site-packages/airflow/example_dags/tutorial_dag.py
[2024-10-18T23:35:56.787+0000] {processor.py:829} INFO - Processing file /home/airflow/.local/lib/python3.8/site-packages/airflow/example_dags/tutorial_dag.py for tasks to queue
[2024-10-18T23:35:56.792+0000] {logging_mixin.py:151} INFO - [2024-10-18T23:35:56.792+0000] {dagbag.py:536} INFO - Filling up the DagBag from /home/airflow/.local/lib/python3.8/site-packages/airflow/example_dags/tutorial_dag.py
[2024-10-18T23:35:56.806+0000] {processor.py:839} INFO - DAG(s) dict_keys(['tutorial_dag']) retrieved from /home/airflow/.local/lib/python3.8/site-packages/airflow/example_dags/tutorial_dag.py
[2024-10-18T23:35:56.872+0000] {logging_mixin.py:151} INFO - [2024-10-18T23:35:56.871+0000] {dag.py:2941} INFO - Sync 1 DAGs
[2024-10-18T23:35:56.904+0000] {logging_mixin.py:151} INFO - [2024-10-18T23:35:56.904+0000] {dag.py:3722} INFO - Setting next_dagrun for tutorial_dag to None, run_after=None
[2024-10-18T23:35:56.947+0000] {processor.py:179} INFO - Processing /home/airflow/.local/lib/python3.8/site-packages/airflow/example_dags/tutorial_dag.py took 0.171 seconds
[2024-10-18T23:38:54.796+0000] {processor.py:157} INFO - Started process (PID=92) to work on /home/airflow/.local/lib/python3.8/site-packages/airflow/example_dags/tutorial_dag.py
[2024-10-18T23:38:54.798+0000] {processor.py:829} INFO - Processing file /home/airflow/.local/lib/python3.8/site-packages/airflow/example_dags/tutorial_dag.py for tasks to queue
[2024-10-18T23:38:54.806+0000] {logging_mixin.py:151} INFO - [2024-10-18T23:38:54.805+0000] {dagbag.py:536} INFO - Filling up the DagBag from /home/airflow/.local/lib/python3.8/site-packages/airflow/example_dags/tutorial_dag.py
[2024-10-18T23:38:54.829+0000] {processor.py:839} INFO - DAG(s) dict_keys(['tutorial_dag']) retrieved from /home/airflow/.local/lib/python3.8/site-packages/airflow/example_dags/tutorial_dag.py
[2024-10-18T23:38:54.890+0000] {logging_mixin.py:151} INFO - [2024-10-18T23:38:54.890+0000] {dag.py:2941} INFO - Sync 1 DAGs
[2024-10-18T23:38:54.975+0000] {logging_mixin.py:151} INFO - [2024-10-18T23:38:54.974+0000] {dag.py:3722} INFO - Setting next_dagrun for tutorial_dag to None, run_after=None
[2024-10-18T23:38:55.035+0000] {processor.py:179} INFO - Processing /home/airflow/.local/lib/python3.8/site-packages/airflow/example_dags/tutorial_dag.py took 0.248 seconds
[2024-10-18T23:39:26.037+0000] {processor.py:157} INFO - Started process (PID=146) to work on /home/airflow/.local/lib/python3.8/site-packages/airflow/example_dags/tutorial_dag.py
[2024-10-18T23:39:26.038+0000] {processor.py:829} INFO - Processing file /home/airflow/.local/lib/python3.8/site-packages/airflow/example_dags/tutorial_dag.py for tasks to queue
[2024-10-18T23:39:26.043+0000] {logging_mixin.py:151} INFO - [2024-10-18T23:39:26.042+0000] {dagbag.py:536} INFO - Filling up the DagBag from /home/airflow/.local/lib/python3.8/site-packages/airflow/example_dags/tutorial_dag.py
[2024-10-18T23:39:26.071+0000] {processor.py:839} INFO - DAG(s) dict_keys(['tutorial_dag']) retrieved from /home/airflow/.local/lib/python3.8/site-packages/airflow/example_dags/tutorial_dag.py
[2024-10-18T23:39:26.125+0000] {logging_mixin.py:151} INFO - [2024-10-18T23:39:26.124+0000] {dag.py:2941} INFO - Sync 1 DAGs
[2024-10-18T23:39:26.169+0000] {logging_mixin.py:151} INFO - [2024-10-18T23:39:26.165+0000] {dag.py:3722} INFO - Setting next_dagrun for tutorial_dag to None, run_after=None
[2024-10-18T23:39:26.231+0000] {processor.py:179} INFO - Processing /home/airflow/.local/lib/python3.8/site-packages/airflow/example_dags/tutorial_dag.py took 0.201 seconds
[2024-10-18T23:39:56.408+0000] {processor.py:157} INFO - Started process (PID=200) to work on /home/airflow/.local/lib/python3.8/site-packages/airflow/example_dags/tutorial_dag.py
[2024-10-18T23:39:56.410+0000] {processor.py:829} INFO - Processing file /home/airflow/.local/lib/python3.8/site-packages/airflow/example_dags/tutorial_dag.py for tasks to queue
[2024-10-18T23:39:56.414+0000] {logging_mixin.py:151} INFO - [2024-10-18T23:39:56.413+0000] {dagbag.py:536} INFO - Filling up the DagBag from /home/airflow/.local/lib/python3.8/site-packages/airflow/example_dags/tutorial_dag.py
[2024-10-18T23:39:56.430+0000] {processor.py:839} INFO - DAG(s) dict_keys(['tutorial_dag']) retrieved from /home/airflow/.local/lib/python3.8/site-packages/airflow/example_dags/tutorial_dag.py
[2024-10-18T23:39:56.467+0000] {logging_mixin.py:151} INFO - [2024-10-18T23:39:56.467+0000] {dag.py:2941} INFO - Sync 1 DAGs
[2024-10-18T23:39:56.489+0000] {logging_mixin.py:151} INFO - [2024-10-18T23:39:56.489+0000] {dag.py:3722} INFO - Setting next_dagrun for tutorial_dag to None, run_after=None
[2024-10-18T23:39:56.534+0000] {processor.py:179} INFO - Processing /home/airflow/.local/lib/python3.8/site-packages/airflow/example_dags/tutorial_dag.py took 0.131 seconds
[2024-10-18T23:40:27.578+0000] {processor.py:157} INFO - Started process (PID=254) to work on /home/airflow/.local/lib/python3.8/site-packages/airflow/example_dags/tutorial_dag.py
[2024-10-18T23:40:27.581+0000] {processor.py:829} INFO - Processing file /home/airflow/.local/lib/python3.8/site-packages/airflow/example_dags/tutorial_dag.py for tasks to queue
[2024-10-18T23:40:27.589+0000] {logging_mixin.py:151} INFO - [2024-10-18T23:40:27.588+0000] {dagbag.py:536} INFO - Filling up the DagBag from /home/airflow/.local/lib/python3.8/site-packages/airflow/example_dags/tutorial_dag.py
[2024-10-18T23:40:27.610+0000] {processor.py:839} INFO - DAG(s) dict_keys(['tutorial_dag']) retrieved from /home/airflow/.local/lib/python3.8/site-packages/airflow/example_dags/tutorial_dag.py
[2024-10-18T23:40:27.716+0000] {logging_mixin.py:151} INFO - [2024-10-18T23:40:27.714+0000] {dag.py:2941} INFO - Sync 1 DAGs
[2024-10-18T23:40:27.741+0000] {logging_mixin.py:151} INFO - [2024-10-18T23:40:27.740+0000] {dag.py:3722} INFO - Setting next_dagrun for tutorial_dag to None, run_after=None
[2024-10-18T23:40:27.787+0000] {processor.py:179} INFO - Processing /home/airflow/.local/lib/python3.8/site-packages/airflow/example_dags/tutorial_dag.py took 0.219 seconds
[2024-10-18T23:41:16.582+0000] {processor.py:157} INFO - Started process (PID=296) to work on /home/airflow/.local/lib/python3.8/site-packages/airflow/example_dags/tutorial_dag.py
[2024-10-18T23:41:16.594+0000] {processor.py:829} INFO - Processing file /home/airflow/.local/lib/python3.8/site-packages/airflow/example_dags/tutorial_dag.py for tasks to queue
[2024-10-18T23:41:16.614+0000] {logging_mixin.py:151} INFO - [2024-10-18T23:41:16.607+0000] {dagbag.py:536} INFO - Filling up the DagBag from /home/airflow/.local/lib/python3.8/site-packages/airflow/example_dags/tutorial_dag.py
[2024-10-18T23:41:16.651+0000] {processor.py:839} INFO - DAG(s) dict_keys(['tutorial_dag']) retrieved from /home/airflow/.local/lib/python3.8/site-packages/airflow/example_dags/tutorial_dag.py
[2024-10-18T23:41:16.782+0000] {logging_mixin.py:151} INFO - [2024-10-18T23:41:16.782+0000] {dag.py:2941} INFO - Sync 1 DAGs
[2024-10-18T23:41:16.811+0000] {logging_mixin.py:151} INFO - [2024-10-18T23:41:16.810+0000] {dag.py:3722} INFO - Setting next_dagrun for tutorial_dag to None, run_after=None
[2024-10-18T23:41:16.867+0000] {processor.py:179} INFO - Processing /home/airflow/.local/lib/python3.8/site-packages/airflow/example_dags/tutorial_dag.py took 0.307 seconds
[2024-10-18T23:42:03.842+0000] {processor.py:157} INFO - Started process (PID=356) to work on /home/airflow/.local/lib/python3.8/site-packages/airflow/example_dags/tutorial_dag.py
[2024-10-18T23:42:03.851+0000] {processor.py:829} INFO - Processing file /home/airflow/.local/lib/python3.8/site-packages/airflow/example_dags/tutorial_dag.py for tasks to queue
[2024-10-18T23:42:03.869+0000] {logging_mixin.py:151} INFO - [2024-10-18T23:42:03.863+0000] {dagbag.py:536} INFO - Filling up the DagBag from /home/airflow/.local/lib/python3.8/site-packages/airflow/example_dags/tutorial_dag.py
[2024-10-18T23:42:03.936+0000] {processor.py:839} INFO - DAG(s) dict_keys(['tutorial_dag']) retrieved from /home/airflow/.local/lib/python3.8/site-packages/airflow/example_dags/tutorial_dag.py
[2024-10-18T23:42:04.940+0000] {logging_mixin.py:151} INFO - [2024-10-18T23:42:04.898+0000] {dag.py:2941} INFO - Sync 1 DAGs
[2024-10-18T23:42:05.382+0000] {logging_mixin.py:151} INFO - [2024-10-18T23:42:05.382+0000] {dag.py:3722} INFO - Setting next_dagrun for tutorial_dag to None, run_after=None
[2024-10-18T23:42:05.863+0000] {processor.py:179} INFO - Processing /home/airflow/.local/lib/python3.8/site-packages/airflow/example_dags/tutorial_dag.py took 2.060 seconds
[2024-10-18T23:43:16.594+0000] {processor.py:157} INFO - Started process (PID=408) to work on /home/airflow/.local/lib/python3.8/site-packages/airflow/example_dags/tutorial_dag.py
[2024-10-18T23:43:16.608+0000] {processor.py:829} INFO - Processing file /home/airflow/.local/lib/python3.8/site-packages/airflow/example_dags/tutorial_dag.py for tasks to queue
[2024-10-18T23:43:16.618+0000] {logging_mixin.py:151} INFO - [2024-10-18T23:43:16.617+0000] {dagbag.py:536} INFO - Filling up the DagBag from /home/airflow/.local/lib/python3.8/site-packages/airflow/example_dags/tutorial_dag.py
[2024-10-18T23:43:16.658+0000] {processor.py:839} INFO - DAG(s) dict_keys(['tutorial_dag']) retrieved from /home/airflow/.local/lib/python3.8/site-packages/airflow/example_dags/tutorial_dag.py
[2024-10-18T23:43:16.788+0000] {logging_mixin.py:151} INFO - [2024-10-18T23:43:16.787+0000] {dag.py:2941} INFO - Sync 1 DAGs
[2024-10-18T23:43:16.829+0000] {logging_mixin.py:151} INFO - [2024-10-18T23:43:16.829+0000] {dag.py:3722} INFO - Setting next_dagrun for tutorial_dag to None, run_after=None
[2024-10-18T23:43:16.878+0000] {processor.py:179} INFO - Processing /home/airflow/.local/lib/python3.8/site-packages/airflow/example_dags/tutorial_dag.py took 0.298 seconds
[2024-10-18T23:43:49.380+0000] {processor.py:157} INFO - Started process (PID=462) to work on /home/airflow/.local/lib/python3.8/site-packages/airflow/example_dags/tutorial_dag.py
[2024-10-18T23:43:49.383+0000] {processor.py:829} INFO - Processing file /home/airflow/.local/lib/python3.8/site-packages/airflow/example_dags/tutorial_dag.py for tasks to queue
[2024-10-18T23:43:49.389+0000] {logging_mixin.py:151} INFO - [2024-10-18T23:43:49.388+0000] {dagbag.py:536} INFO - Filling up the DagBag from /home/airflow/.local/lib/python3.8/site-packages/airflow/example_dags/tutorial_dag.py
[2024-10-18T23:43:49.406+0000] {processor.py:839} INFO - DAG(s) dict_keys(['tutorial_dag']) retrieved from /home/airflow/.local/lib/python3.8/site-packages/airflow/example_dags/tutorial_dag.py
[2024-10-18T23:43:49.514+0000] {logging_mixin.py:151} INFO - [2024-10-18T23:43:49.513+0000] {dag.py:2941} INFO - Sync 1 DAGs
[2024-10-18T23:43:49.612+0000] {logging_mixin.py:151} INFO - [2024-10-18T23:43:49.611+0000] {dag.py:3722} INFO - Setting next_dagrun for tutorial_dag to None, run_after=None
[2024-10-18T23:43:49.676+0000] {processor.py:179} INFO - Processing /home/airflow/.local/lib/python3.8/site-packages/airflow/example_dags/tutorial_dag.py took 0.321 seconds
[2024-10-18T23:44:19.826+0000] {processor.py:157} INFO - Started process (PID=514) to work on /home/airflow/.local/lib/python3.8/site-packages/airflow/example_dags/tutorial_dag.py
[2024-10-18T23:44:19.828+0000] {processor.py:829} INFO - Processing file /home/airflow/.local/lib/python3.8/site-packages/airflow/example_dags/tutorial_dag.py for tasks to queue
[2024-10-18T23:44:19.844+0000] {logging_mixin.py:151} INFO - [2024-10-18T23:44:19.843+0000] {dagbag.py:536} INFO - Filling up the DagBag from /home/airflow/.local/lib/python3.8/site-packages/airflow/example_dags/tutorial_dag.py
[2024-10-18T23:44:19.871+0000] {processor.py:839} INFO - DAG(s) dict_keys(['tutorial_dag']) retrieved from /home/airflow/.local/lib/python3.8/site-packages/airflow/example_dags/tutorial_dag.py
[2024-10-18T23:44:19.964+0000] {logging_mixin.py:151} INFO - [2024-10-18T23:44:19.963+0000] {dag.py:2941} INFO - Sync 1 DAGs
[2024-10-18T23:44:20.062+0000] {logging_mixin.py:151} INFO - [2024-10-18T23:44:20.062+0000] {dag.py:3722} INFO - Setting next_dagrun for tutorial_dag to None, run_after=None
[2024-10-18T23:44:20.213+0000] {processor.py:179} INFO - Processing /home/airflow/.local/lib/python3.8/site-packages/airflow/example_dags/tutorial_dag.py took 0.395 seconds
[2024-10-18T23:44:50.354+0000] {processor.py:157} INFO - Started process (PID=568) to work on /home/airflow/.local/lib/python3.8/site-packages/airflow/example_dags/tutorial_dag.py
[2024-10-18T23:44:50.356+0000] {processor.py:829} INFO - Processing file /home/airflow/.local/lib/python3.8/site-packages/airflow/example_dags/tutorial_dag.py for tasks to queue
[2024-10-18T23:44:50.375+0000] {logging_mixin.py:151} INFO - [2024-10-18T23:44:50.374+0000] {dagbag.py:536} INFO - Filling up the DagBag from /home/airflow/.local/lib/python3.8/site-packages/airflow/example_dags/tutorial_dag.py
[2024-10-18T23:44:50.384+0000] {processor.py:839} INFO - DAG(s) dict_keys(['tutorial_dag']) retrieved from /home/airflow/.local/lib/python3.8/site-packages/airflow/example_dags/tutorial_dag.py
[2024-10-18T23:44:50.478+0000] {logging_mixin.py:151} INFO - [2024-10-18T23:44:50.478+0000] {dag.py:2941} INFO - Sync 1 DAGs
[2024-10-18T23:44:50.533+0000] {logging_mixin.py:151} INFO - [2024-10-18T23:44:50.532+0000] {dag.py:3722} INFO - Setting next_dagrun for tutorial_dag to None, run_after=None
[2024-10-18T23:44:50.623+0000] {processor.py:179} INFO - Processing /home/airflow/.local/lib/python3.8/site-packages/airflow/example_dags/tutorial_dag.py took 0.277 seconds
[2024-10-18T23:45:21.182+0000] {processor.py:157} INFO - Started process (PID=622) to work on /home/airflow/.local/lib/python3.8/site-packages/airflow/example_dags/tutorial_dag.py
[2024-10-18T23:45:21.185+0000] {processor.py:829} INFO - Processing file /home/airflow/.local/lib/python3.8/site-packages/airflow/example_dags/tutorial_dag.py for tasks to queue
[2024-10-18T23:45:21.197+0000] {logging_mixin.py:151} INFO - [2024-10-18T23:45:21.196+0000] {dagbag.py:536} INFO - Filling up the DagBag from /home/airflow/.local/lib/python3.8/site-packages/airflow/example_dags/tutorial_dag.py
[2024-10-18T23:45:21.212+0000] {processor.py:839} INFO - DAG(s) dict_keys(['tutorial_dag']) retrieved from /home/airflow/.local/lib/python3.8/site-packages/airflow/example_dags/tutorial_dag.py
[2024-10-18T23:45:21.308+0000] {logging_mixin.py:151} INFO - [2024-10-18T23:45:21.307+0000] {dag.py:2941} INFO - Sync 1 DAGs
[2024-10-18T23:45:21.343+0000] {logging_mixin.py:151} INFO - [2024-10-18T23:45:21.342+0000] {dag.py:3722} INFO - Setting next_dagrun for tutorial_dag to None, run_after=None
[2024-10-18T23:45:21.379+0000] {processor.py:179} INFO - Processing /home/airflow/.local/lib/python3.8/site-packages/airflow/example_dags/tutorial_dag.py took 0.212 seconds
[2024-10-18T23:45:53.028+0000] {processor.py:157} INFO - Started process (PID=675) to work on /home/airflow/.local/lib/python3.8/site-packages/airflow/example_dags/tutorial_dag.py
[2024-10-18T23:45:53.036+0000] {processor.py:829} INFO - Processing file /home/airflow/.local/lib/python3.8/site-packages/airflow/example_dags/tutorial_dag.py for tasks to queue
[2024-10-18T23:45:53.040+0000] {logging_mixin.py:151} INFO - [2024-10-18T23:45:53.040+0000] {dagbag.py:536} INFO - Filling up the DagBag from /home/airflow/.local/lib/python3.8/site-packages/airflow/example_dags/tutorial_dag.py
[2024-10-18T23:45:53.051+0000] {processor.py:839} INFO - DAG(s) dict_keys(['tutorial_dag']) retrieved from /home/airflow/.local/lib/python3.8/site-packages/airflow/example_dags/tutorial_dag.py
[2024-10-18T23:45:53.091+0000] {logging_mixin.py:151} INFO - [2024-10-18T23:45:53.091+0000] {dag.py:2941} INFO - Sync 1 DAGs
[2024-10-18T23:45:53.131+0000] {logging_mixin.py:151} INFO - [2024-10-18T23:45:53.129+0000] {dag.py:3722} INFO - Setting next_dagrun for tutorial_dag to None, run_after=None
[2024-10-18T23:45:53.191+0000] {processor.py:179} INFO - Processing /home/airflow/.local/lib/python3.8/site-packages/airflow/example_dags/tutorial_dag.py took 0.177 seconds
[2024-10-18T23:46:24.183+0000] {processor.py:157} INFO - Started process (PID=729) to work on /home/airflow/.local/lib/python3.8/site-packages/airflow/example_dags/tutorial_dag.py
[2024-10-18T23:46:24.186+0000] {processor.py:829} INFO - Processing file /home/airflow/.local/lib/python3.8/site-packages/airflow/example_dags/tutorial_dag.py for tasks to queue
[2024-10-18T23:46:24.191+0000] {logging_mixin.py:151} INFO - [2024-10-18T23:46:24.190+0000] {dagbag.py:536} INFO - Filling up the DagBag from /home/airflow/.local/lib/python3.8/site-packages/airflow/example_dags/tutorial_dag.py
[2024-10-18T23:46:24.208+0000] {processor.py:839} INFO - DAG(s) dict_keys(['tutorial_dag']) retrieved from /home/airflow/.local/lib/python3.8/site-packages/airflow/example_dags/tutorial_dag.py
[2024-10-18T23:46:24.269+0000] {logging_mixin.py:151} INFO - [2024-10-18T23:46:24.269+0000] {dag.py:2941} INFO - Sync 1 DAGs
[2024-10-18T23:46:24.309+0000] {logging_mixin.py:151} INFO - [2024-10-18T23:46:24.308+0000] {dag.py:3722} INFO - Setting next_dagrun for tutorial_dag to None, run_after=None
[2024-10-18T23:46:24.363+0000] {processor.py:179} INFO - Processing /home/airflow/.local/lib/python3.8/site-packages/airflow/example_dags/tutorial_dag.py took 0.191 seconds
[2024-10-18T23:46:54.862+0000] {processor.py:157} INFO - Started process (PID=782) to work on /home/airflow/.local/lib/python3.8/site-packages/airflow/example_dags/tutorial_dag.py
[2024-10-18T23:46:54.867+0000] {processor.py:829} INFO - Processing file /home/airflow/.local/lib/python3.8/site-packages/airflow/example_dags/tutorial_dag.py for tasks to queue
[2024-10-18T23:46:54.879+0000] {logging_mixin.py:151} INFO - [2024-10-18T23:46:54.879+0000] {dagbag.py:536} INFO - Filling up the DagBag from /home/airflow/.local/lib/python3.8/site-packages/airflow/example_dags/tutorial_dag.py
[2024-10-18T23:46:54.901+0000] {processor.py:839} INFO - DAG(s) dict_keys(['tutorial_dag']) retrieved from /home/airflow/.local/lib/python3.8/site-packages/airflow/example_dags/tutorial_dag.py
[2024-10-18T23:46:54.974+0000] {logging_mixin.py:151} INFO - [2024-10-18T23:46:54.974+0000] {dag.py:2941} INFO - Sync 1 DAGs
[2024-10-18T23:46:55.013+0000] {logging_mixin.py:151} INFO - [2024-10-18T23:46:55.012+0000] {dag.py:3722} INFO - Setting next_dagrun for tutorial_dag to None, run_after=None
[2024-10-18T23:46:55.048+0000] {processor.py:179} INFO - Processing /home/airflow/.local/lib/python3.8/site-packages/airflow/example_dags/tutorial_dag.py took 0.208 seconds
[2024-10-18T23:47:25.756+0000] {processor.py:157} INFO - Started process (PID=836) to work on /home/airflow/.local/lib/python3.8/site-packages/airflow/example_dags/tutorial_dag.py
[2024-10-18T23:47:25.758+0000] {processor.py:829} INFO - Processing file /home/airflow/.local/lib/python3.8/site-packages/airflow/example_dags/tutorial_dag.py for tasks to queue
[2024-10-18T23:47:25.761+0000] {logging_mixin.py:151} INFO - [2024-10-18T23:47:25.761+0000] {dagbag.py:536} INFO - Filling up the DagBag from /home/airflow/.local/lib/python3.8/site-packages/airflow/example_dags/tutorial_dag.py
[2024-10-18T23:47:25.771+0000] {processor.py:839} INFO - DAG(s) dict_keys(['tutorial_dag']) retrieved from /home/airflow/.local/lib/python3.8/site-packages/airflow/example_dags/tutorial_dag.py
[2024-10-18T23:47:25.806+0000] {logging_mixin.py:151} INFO - [2024-10-18T23:47:25.805+0000] {dag.py:2941} INFO - Sync 1 DAGs
[2024-10-18T23:47:25.826+0000] {logging_mixin.py:151} INFO - [2024-10-18T23:47:25.826+0000] {dag.py:3722} INFO - Setting next_dagrun for tutorial_dag to None, run_after=None
[2024-10-18T23:47:25.857+0000] {processor.py:179} INFO - Processing /home/airflow/.local/lib/python3.8/site-packages/airflow/example_dags/tutorial_dag.py took 0.105 seconds
[2024-10-18T23:48:00.611+0000] {processor.py:157} INFO - Started process (PID=888) to work on /home/airflow/.local/lib/python3.8/site-packages/airflow/example_dags/tutorial_dag.py
[2024-10-18T23:48:00.613+0000] {processor.py:829} INFO - Processing file /home/airflow/.local/lib/python3.8/site-packages/airflow/example_dags/tutorial_dag.py for tasks to queue
[2024-10-18T23:48:00.705+0000] {logging_mixin.py:151} INFO - [2024-10-18T23:48:00.694+0000] {dagbag.py:536} INFO - Filling up the DagBag from /home/airflow/.local/lib/python3.8/site-packages/airflow/example_dags/tutorial_dag.py
[2024-10-18T23:48:00.797+0000] {processor.py:839} INFO - DAG(s) dict_keys(['tutorial_dag']) retrieved from /home/airflow/.local/lib/python3.8/site-packages/airflow/example_dags/tutorial_dag.py
[2024-10-18T23:48:01.541+0000] {logging_mixin.py:151} INFO - [2024-10-18T23:48:01.539+0000] {dag.py:2941} INFO - Sync 1 DAGs
[2024-10-18T23:48:01.610+0000] {logging_mixin.py:151} INFO - [2024-10-18T23:48:01.610+0000] {dag.py:3722} INFO - Setting next_dagrun for tutorial_dag to None, run_after=None
[2024-10-18T23:48:01.673+0000] {processor.py:179} INFO - Processing /home/airflow/.local/lib/python3.8/site-packages/airflow/example_dags/tutorial_dag.py took 1.133 seconds
[2024-10-18T23:48:38.278+0000] {processor.py:157} INFO - Started process (PID=942) to work on /home/airflow/.local/lib/python3.8/site-packages/airflow/example_dags/tutorial_dag.py
[2024-10-18T23:48:38.284+0000] {processor.py:829} INFO - Processing file /home/airflow/.local/lib/python3.8/site-packages/airflow/example_dags/tutorial_dag.py for tasks to queue
[2024-10-18T23:48:38.298+0000] {logging_mixin.py:151} INFO - [2024-10-18T23:48:38.293+0000] {dagbag.py:536} INFO - Filling up the DagBag from /home/airflow/.local/lib/python3.8/site-packages/airflow/example_dags/tutorial_dag.py
[2024-10-18T23:48:38.402+0000] {processor.py:839} INFO - DAG(s) dict_keys(['tutorial_dag']) retrieved from /home/airflow/.local/lib/python3.8/site-packages/airflow/example_dags/tutorial_dag.py
[2024-10-18T23:48:38.869+0000] {logging_mixin.py:151} INFO - [2024-10-18T23:48:38.845+0000] {dag.py:2941} INFO - Sync 1 DAGs
[2024-10-18T23:48:38.948+0000] {logging_mixin.py:151} INFO - [2024-10-18T23:48:38.947+0000] {dag.py:3722} INFO - Setting next_dagrun for tutorial_dag to None, run_after=None
[2024-10-18T23:48:39.041+0000] {processor.py:179} INFO - Processing /home/airflow/.local/lib/python3.8/site-packages/airflow/example_dags/tutorial_dag.py took 0.794 seconds
[2024-10-18T23:49:09.508+0000] {processor.py:157} INFO - Started process (PID=994) to work on /home/airflow/.local/lib/python3.8/site-packages/airflow/example_dags/tutorial_dag.py
[2024-10-18T23:49:09.510+0000] {processor.py:829} INFO - Processing file /home/airflow/.local/lib/python3.8/site-packages/airflow/example_dags/tutorial_dag.py for tasks to queue
[2024-10-18T23:49:09.520+0000] {logging_mixin.py:151} INFO - [2024-10-18T23:49:09.519+0000] {dagbag.py:536} INFO - Filling up the DagBag from /home/airflow/.local/lib/python3.8/site-packages/airflow/example_dags/tutorial_dag.py
[2024-10-18T23:49:09.545+0000] {processor.py:839} INFO - DAG(s) dict_keys(['tutorial_dag']) retrieved from /home/airflow/.local/lib/python3.8/site-packages/airflow/example_dags/tutorial_dag.py
[2024-10-18T23:49:09.745+0000] {logging_mixin.py:151} INFO - [2024-10-18T23:49:09.745+0000] {dag.py:2941} INFO - Sync 1 DAGs
[2024-10-18T23:49:09.841+0000] {logging_mixin.py:151} INFO - [2024-10-18T23:49:09.841+0000] {dag.py:3722} INFO - Setting next_dagrun for tutorial_dag to None, run_after=None
[2024-10-18T23:49:10.052+0000] {processor.py:179} INFO - Processing /home/airflow/.local/lib/python3.8/site-packages/airflow/example_dags/tutorial_dag.py took 0.567 seconds
[2024-10-18T23:50:07.136+0000] {processor.py:157} INFO - Started process (PID=1043) to work on /home/airflow/.local/lib/python3.8/site-packages/airflow/example_dags/tutorial_dag.py
[2024-10-18T23:50:07.139+0000] {processor.py:829} INFO - Processing file /home/airflow/.local/lib/python3.8/site-packages/airflow/example_dags/tutorial_dag.py for tasks to queue
[2024-10-18T23:50:07.149+0000] {logging_mixin.py:151} INFO - [2024-10-18T23:50:07.146+0000] {dagbag.py:536} INFO - Filling up the DagBag from /home/airflow/.local/lib/python3.8/site-packages/airflow/example_dags/tutorial_dag.py
[2024-10-18T23:50:07.184+0000] {processor.py:839} INFO - DAG(s) dict_keys(['tutorial_dag']) retrieved from /home/airflow/.local/lib/python3.8/site-packages/airflow/example_dags/tutorial_dag.py
[2024-10-18T23:50:07.438+0000] {logging_mixin.py:151} INFO - [2024-10-18T23:50:07.438+0000] {dag.py:2941} INFO - Sync 1 DAGs
[2024-10-18T23:50:07.514+0000] {logging_mixin.py:151} INFO - [2024-10-18T23:50:07.510+0000] {dag.py:3722} INFO - Setting next_dagrun for tutorial_dag to None, run_after=None
[2024-10-18T23:50:07.663+0000] {processor.py:179} INFO - Processing /home/airflow/.local/lib/python3.8/site-packages/airflow/example_dags/tutorial_dag.py took 0.539 seconds
[2024-10-18T23:50:38.598+0000] {processor.py:157} INFO - Started process (PID=1096) to work on /home/airflow/.local/lib/python3.8/site-packages/airflow/example_dags/tutorial_dag.py
[2024-10-18T23:50:38.600+0000] {processor.py:829} INFO - Processing file /home/airflow/.local/lib/python3.8/site-packages/airflow/example_dags/tutorial_dag.py for tasks to queue
[2024-10-18T23:50:38.606+0000] {logging_mixin.py:151} INFO - [2024-10-18T23:50:38.605+0000] {dagbag.py:536} INFO - Filling up the DagBag from /home/airflow/.local/lib/python3.8/site-packages/airflow/example_dags/tutorial_dag.py
[2024-10-18T23:50:38.626+0000] {processor.py:839} INFO - DAG(s) dict_keys(['tutorial_dag']) retrieved from /home/airflow/.local/lib/python3.8/site-packages/airflow/example_dags/tutorial_dag.py
[2024-10-18T23:50:38.708+0000] {logging_mixin.py:151} INFO - [2024-10-18T23:50:38.708+0000] {dag.py:2941} INFO - Sync 1 DAGs
[2024-10-18T23:50:38.756+0000] {logging_mixin.py:151} INFO - [2024-10-18T23:50:38.756+0000] {dag.py:3722} INFO - Setting next_dagrun for tutorial_dag to None, run_after=None
[2024-10-18T23:50:38.796+0000] {processor.py:179} INFO - Processing /home/airflow/.local/lib/python3.8/site-packages/airflow/example_dags/tutorial_dag.py took 0.207 seconds
[2024-10-18T23:51:09.112+0000] {processor.py:157} INFO - Started process (PID=1149) to work on /home/airflow/.local/lib/python3.8/site-packages/airflow/example_dags/tutorial_dag.py
[2024-10-18T23:51:09.116+0000] {processor.py:829} INFO - Processing file /home/airflow/.local/lib/python3.8/site-packages/airflow/example_dags/tutorial_dag.py for tasks to queue
[2024-10-18T23:51:09.120+0000] {logging_mixin.py:151} INFO - [2024-10-18T23:51:09.120+0000] {dagbag.py:536} INFO - Filling up the DagBag from /home/airflow/.local/lib/python3.8/site-packages/airflow/example_dags/tutorial_dag.py
[2024-10-18T23:51:09.132+0000] {processor.py:839} INFO - DAG(s) dict_keys(['tutorial_dag']) retrieved from /home/airflow/.local/lib/python3.8/site-packages/airflow/example_dags/tutorial_dag.py
[2024-10-18T23:51:09.171+0000] {logging_mixin.py:151} INFO - [2024-10-18T23:51:09.171+0000] {dag.py:2941} INFO - Sync 1 DAGs
[2024-10-18T23:51:09.206+0000] {logging_mixin.py:151} INFO - [2024-10-18T23:51:09.205+0000] {dag.py:3722} INFO - Setting next_dagrun for tutorial_dag to None, run_after=None
[2024-10-18T23:51:09.252+0000] {processor.py:179} INFO - Processing /home/airflow/.local/lib/python3.8/site-packages/airflow/example_dags/tutorial_dag.py took 0.147 seconds
[2024-10-18T23:51:40.542+0000] {processor.py:157} INFO - Started process (PID=1203) to work on /home/airflow/.local/lib/python3.8/site-packages/airflow/example_dags/tutorial_dag.py
[2024-10-18T23:51:40.546+0000] {processor.py:829} INFO - Processing file /home/airflow/.local/lib/python3.8/site-packages/airflow/example_dags/tutorial_dag.py for tasks to queue
[2024-10-18T23:51:40.553+0000] {logging_mixin.py:151} INFO - [2024-10-18T23:51:40.553+0000] {dagbag.py:536} INFO - Filling up the DagBag from /home/airflow/.local/lib/python3.8/site-packages/airflow/example_dags/tutorial_dag.py
[2024-10-18T23:51:40.572+0000] {processor.py:839} INFO - DAG(s) dict_keys(['tutorial_dag']) retrieved from /home/airflow/.local/lib/python3.8/site-packages/airflow/example_dags/tutorial_dag.py
[2024-10-18T23:51:40.631+0000] {logging_mixin.py:151} INFO - [2024-10-18T23:51:40.630+0000] {dag.py:2941} INFO - Sync 1 DAGs
[2024-10-18T23:51:40.656+0000] {logging_mixin.py:151} INFO - [2024-10-18T23:51:40.656+0000] {dag.py:3722} INFO - Setting next_dagrun for tutorial_dag to None, run_after=None
[2024-10-18T23:51:40.700+0000] {processor.py:179} INFO - Processing /home/airflow/.local/lib/python3.8/site-packages/airflow/example_dags/tutorial_dag.py took 0.167 seconds
[2024-10-18T23:52:11.430+0000] {processor.py:157} INFO - Started process (PID=1257) to work on /home/airflow/.local/lib/python3.8/site-packages/airflow/example_dags/tutorial_dag.py
[2024-10-18T23:52:11.432+0000] {processor.py:829} INFO - Processing file /home/airflow/.local/lib/python3.8/site-packages/airflow/example_dags/tutorial_dag.py for tasks to queue
[2024-10-18T23:52:11.436+0000] {logging_mixin.py:151} INFO - [2024-10-18T23:52:11.435+0000] {dagbag.py:536} INFO - Filling up the DagBag from /home/airflow/.local/lib/python3.8/site-packages/airflow/example_dags/tutorial_dag.py
[2024-10-18T23:52:11.445+0000] {processor.py:839} INFO - DAG(s) dict_keys(['tutorial_dag']) retrieved from /home/airflow/.local/lib/python3.8/site-packages/airflow/example_dags/tutorial_dag.py
[2024-10-18T23:52:11.494+0000] {logging_mixin.py:151} INFO - [2024-10-18T23:52:11.493+0000] {dag.py:2941} INFO - Sync 1 DAGs
[2024-10-18T23:52:11.520+0000] {logging_mixin.py:151} INFO - [2024-10-18T23:52:11.519+0000] {dag.py:3722} INFO - Setting next_dagrun for tutorial_dag to None, run_after=None
[2024-10-18T23:52:11.555+0000] {processor.py:179} INFO - Processing /home/airflow/.local/lib/python3.8/site-packages/airflow/example_dags/tutorial_dag.py took 0.129 seconds
[2024-10-18T23:52:43.073+0000] {processor.py:157} INFO - Started process (PID=1310) to work on /home/airflow/.local/lib/python3.8/site-packages/airflow/example_dags/tutorial_dag.py
[2024-10-18T23:52:43.078+0000] {processor.py:829} INFO - Processing file /home/airflow/.local/lib/python3.8/site-packages/airflow/example_dags/tutorial_dag.py for tasks to queue
[2024-10-18T23:52:43.084+0000] {logging_mixin.py:151} INFO - [2024-10-18T23:52:43.083+0000] {dagbag.py:536} INFO - Filling up the DagBag from /home/airflow/.local/lib/python3.8/site-packages/airflow/example_dags/tutorial_dag.py
[2024-10-18T23:52:43.094+0000] {processor.py:839} INFO - DAG(s) dict_keys(['tutorial_dag']) retrieved from /home/airflow/.local/lib/python3.8/site-packages/airflow/example_dags/tutorial_dag.py
[2024-10-18T23:52:43.139+0000] {logging_mixin.py:151} INFO - [2024-10-18T23:52:43.138+0000] {dag.py:2941} INFO - Sync 1 DAGs
[2024-10-18T23:52:43.167+0000] {logging_mixin.py:151} INFO - [2024-10-18T23:52:43.167+0000] {dag.py:3722} INFO - Setting next_dagrun for tutorial_dag to None, run_after=None
[2024-10-18T23:52:43.205+0000] {processor.py:179} INFO - Processing /home/airflow/.local/lib/python3.8/site-packages/airflow/example_dags/tutorial_dag.py took 0.139 seconds
[2024-10-18T23:53:16.681+0000] {processor.py:157} INFO - Started process (PID=1362) to work on /home/airflow/.local/lib/python3.8/site-packages/airflow/example_dags/tutorial_dag.py
[2024-10-18T23:53:16.694+0000] {processor.py:829} INFO - Processing file /home/airflow/.local/lib/python3.8/site-packages/airflow/example_dags/tutorial_dag.py for tasks to queue
[2024-10-18T23:53:16.725+0000] {logging_mixin.py:151} INFO - [2024-10-18T23:53:16.712+0000] {dagbag.py:536} INFO - Filling up the DagBag from /home/airflow/.local/lib/python3.8/site-packages/airflow/example_dags/tutorial_dag.py
[2024-10-18T23:53:16.801+0000] {processor.py:839} INFO - DAG(s) dict_keys(['tutorial_dag']) retrieved from /home/airflow/.local/lib/python3.8/site-packages/airflow/example_dags/tutorial_dag.py
[2024-10-18T23:53:18.341+0000] {logging_mixin.py:151} INFO - [2024-10-18T23:53:18.330+0000] {dag.py:2941} INFO - Sync 1 DAGs
[2024-10-18T23:53:18.446+0000] {logging_mixin.py:151} INFO - [2024-10-18T23:53:18.441+0000] {dag.py:3722} INFO - Setting next_dagrun for tutorial_dag to None, run_after=None
[2024-10-18T23:53:19.396+0000] {processor.py:179} INFO - Processing /home/airflow/.local/lib/python3.8/site-packages/airflow/example_dags/tutorial_dag.py took 2.755 seconds
[2024-10-18T23:53:56.083+0000] {processor.py:157} INFO - Started process (PID=1415) to work on /home/airflow/.local/lib/python3.8/site-packages/airflow/example_dags/tutorial_dag.py
[2024-10-18T23:53:56.085+0000] {processor.py:829} INFO - Processing file /home/airflow/.local/lib/python3.8/site-packages/airflow/example_dags/tutorial_dag.py for tasks to queue
[2024-10-18T23:53:56.090+0000] {logging_mixin.py:151} INFO - [2024-10-18T23:53:56.089+0000] {dagbag.py:536} INFO - Filling up the DagBag from /home/airflow/.local/lib/python3.8/site-packages/airflow/example_dags/tutorial_dag.py
[2024-10-18T23:53:56.101+0000] {processor.py:839} INFO - DAG(s) dict_keys(['tutorial_dag']) retrieved from /home/airflow/.local/lib/python3.8/site-packages/airflow/example_dags/tutorial_dag.py
[2024-10-18T23:53:56.149+0000] {logging_mixin.py:151} INFO - [2024-10-18T23:53:56.149+0000] {dag.py:2941} INFO - Sync 1 DAGs
[2024-10-18T23:53:56.176+0000] {logging_mixin.py:151} INFO - [2024-10-18T23:53:56.176+0000] {dag.py:3722} INFO - Setting next_dagrun for tutorial_dag to None, run_after=None
[2024-10-18T23:53:56.212+0000] {processor.py:179} INFO - Processing /home/airflow/.local/lib/python3.8/site-packages/airflow/example_dags/tutorial_dag.py took 0.137 seconds
[2024-10-18T23:54:26.889+0000] {processor.py:157} INFO - Started process (PID=1464) to work on /home/airflow/.local/lib/python3.8/site-packages/airflow/example_dags/tutorial_dag.py
[2024-10-18T23:54:26.891+0000] {processor.py:829} INFO - Processing file /home/airflow/.local/lib/python3.8/site-packages/airflow/example_dags/tutorial_dag.py for tasks to queue
[2024-10-18T23:54:26.896+0000] {logging_mixin.py:151} INFO - [2024-10-18T23:54:26.894+0000] {dagbag.py:536} INFO - Filling up the DagBag from /home/airflow/.local/lib/python3.8/site-packages/airflow/example_dags/tutorial_dag.py
[2024-10-18T23:54:26.908+0000] {processor.py:839} INFO - DAG(s) dict_keys(['tutorial_dag']) retrieved from /home/airflow/.local/lib/python3.8/site-packages/airflow/example_dags/tutorial_dag.py
[2024-10-18T23:54:27.212+0000] {logging_mixin.py:151} INFO - [2024-10-18T23:54:27.212+0000] {dag.py:2941} INFO - Sync 1 DAGs
[2024-10-18T23:54:27.240+0000] {logging_mixin.py:151} INFO - [2024-10-18T23:54:27.240+0000] {dag.py:3722} INFO - Setting next_dagrun for tutorial_dag to None, run_after=None
[2024-10-18T23:54:27.278+0000] {processor.py:179} INFO - Processing /home/airflow/.local/lib/python3.8/site-packages/airflow/example_dags/tutorial_dag.py took 0.392 seconds
[2024-10-18T23:55:01.926+0000] {processor.py:157} INFO - Started process (PID=1518) to work on /home/airflow/.local/lib/python3.8/site-packages/airflow/example_dags/tutorial_dag.py
[2024-10-18T23:55:01.932+0000] {processor.py:829} INFO - Processing file /home/airflow/.local/lib/python3.8/site-packages/airflow/example_dags/tutorial_dag.py for tasks to queue
[2024-10-18T23:55:02.016+0000] {logging_mixin.py:151} INFO - [2024-10-18T23:55:02.014+0000] {dagbag.py:536} INFO - Filling up the DagBag from /home/airflow/.local/lib/python3.8/site-packages/airflow/example_dags/tutorial_dag.py
[2024-10-18T23:55:02.035+0000] {processor.py:839} INFO - DAG(s) dict_keys(['tutorial_dag']) retrieved from /home/airflow/.local/lib/python3.8/site-packages/airflow/example_dags/tutorial_dag.py
[2024-10-18T23:55:02.094+0000] {logging_mixin.py:151} INFO - [2024-10-18T23:55:02.093+0000] {dag.py:2941} INFO - Sync 1 DAGs
[2024-10-18T23:55:02.145+0000] {logging_mixin.py:151} INFO - [2024-10-18T23:55:02.144+0000] {dag.py:3722} INFO - Setting next_dagrun for tutorial_dag to None, run_after=None
[2024-10-18T23:55:02.191+0000] {processor.py:179} INFO - Processing /home/airflow/.local/lib/python3.8/site-packages/airflow/example_dags/tutorial_dag.py took 0.277 seconds
[2024-10-18T23:55:33.461+0000] {processor.py:157} INFO - Started process (PID=1576) to work on /home/airflow/.local/lib/python3.8/site-packages/airflow/example_dags/tutorial_dag.py
[2024-10-18T23:55:33.469+0000] {processor.py:829} INFO - Processing file /home/airflow/.local/lib/python3.8/site-packages/airflow/example_dags/tutorial_dag.py for tasks to queue
[2024-10-18T23:55:33.486+0000] {logging_mixin.py:151} INFO - [2024-10-18T23:55:33.485+0000] {dagbag.py:536} INFO - Filling up the DagBag from /home/airflow/.local/lib/python3.8/site-packages/airflow/example_dags/tutorial_dag.py
[2024-10-18T23:55:33.508+0000] {processor.py:839} INFO - DAG(s) dict_keys(['tutorial_dag']) retrieved from /home/airflow/.local/lib/python3.8/site-packages/airflow/example_dags/tutorial_dag.py
[2024-10-18T23:55:33.572+0000] {logging_mixin.py:151} INFO - [2024-10-18T23:55:33.572+0000] {dag.py:2941} INFO - Sync 1 DAGs
[2024-10-18T23:55:33.607+0000] {logging_mixin.py:151} INFO - [2024-10-18T23:55:33.607+0000] {dag.py:3722} INFO - Setting next_dagrun for tutorial_dag to None, run_after=None
[2024-10-18T23:55:33.665+0000] {processor.py:179} INFO - Processing /home/airflow/.local/lib/python3.8/site-packages/airflow/example_dags/tutorial_dag.py took 0.215 seconds
[2024-10-18T23:56:07.742+0000] {processor.py:157} INFO - Started process (PID=1629) to work on /home/airflow/.local/lib/python3.8/site-packages/airflow/example_dags/tutorial_dag.py
[2024-10-18T23:56:07.744+0000] {processor.py:829} INFO - Processing file /home/airflow/.local/lib/python3.8/site-packages/airflow/example_dags/tutorial_dag.py for tasks to queue
[2024-10-18T23:56:07.749+0000] {logging_mixin.py:151} INFO - [2024-10-18T23:56:07.748+0000] {dagbag.py:536} INFO - Filling up the DagBag from /home/airflow/.local/lib/python3.8/site-packages/airflow/example_dags/tutorial_dag.py
[2024-10-18T23:56:07.761+0000] {processor.py:839} INFO - DAG(s) dict_keys(['tutorial_dag']) retrieved from /home/airflow/.local/lib/python3.8/site-packages/airflow/example_dags/tutorial_dag.py
[2024-10-18T23:56:08.230+0000] {logging_mixin.py:151} INFO - [2024-10-18T23:56:08.228+0000] {dag.py:2941} INFO - Sync 1 DAGs
[2024-10-18T23:56:08.460+0000] {logging_mixin.py:151} INFO - [2024-10-18T23:56:08.444+0000] {dag.py:3722} INFO - Setting next_dagrun for tutorial_dag to None, run_after=None
[2024-10-18T23:56:08.583+0000] {processor.py:179} INFO - Processing /home/airflow/.local/lib/python3.8/site-packages/airflow/example_dags/tutorial_dag.py took 0.849 seconds
[2024-10-18T23:56:40.844+0000] {processor.py:157} INFO - Started process (PID=1682) to work on /home/airflow/.local/lib/python3.8/site-packages/airflow/example_dags/tutorial_dag.py
[2024-10-18T23:56:40.847+0000] {processor.py:829} INFO - Processing file /home/airflow/.local/lib/python3.8/site-packages/airflow/example_dags/tutorial_dag.py for tasks to queue
[2024-10-18T23:56:40.854+0000] {logging_mixin.py:151} INFO - [2024-10-18T23:56:40.853+0000] {dagbag.py:536} INFO - Filling up the DagBag from /home/airflow/.local/lib/python3.8/site-packages/airflow/example_dags/tutorial_dag.py
[2024-10-18T23:56:40.870+0000] {processor.py:839} INFO - DAG(s) dict_keys(['tutorial_dag']) retrieved from /home/airflow/.local/lib/python3.8/site-packages/airflow/example_dags/tutorial_dag.py
[2024-10-18T23:56:40.916+0000] {logging_mixin.py:151} INFO - [2024-10-18T23:56:40.916+0000] {dag.py:2941} INFO - Sync 1 DAGs
[2024-10-18T23:56:40.947+0000] {logging_mixin.py:151} INFO - [2024-10-18T23:56:40.947+0000] {dag.py:3722} INFO - Setting next_dagrun for tutorial_dag to None, run_after=None
[2024-10-18T23:56:40.982+0000] {processor.py:179} INFO - Processing /home/airflow/.local/lib/python3.8/site-packages/airflow/example_dags/tutorial_dag.py took 0.151 seconds
[2024-10-18T23:57:20.442+0000] {processor.py:157} INFO - Started process (PID=1733) to work on /home/airflow/.local/lib/python3.8/site-packages/airflow/example_dags/tutorial_dag.py
[2024-10-18T23:57:20.447+0000] {processor.py:829} INFO - Processing file /home/airflow/.local/lib/python3.8/site-packages/airflow/example_dags/tutorial_dag.py for tasks to queue
[2024-10-18T23:57:20.453+0000] {logging_mixin.py:151} INFO - [2024-10-18T23:57:20.452+0000] {dagbag.py:536} INFO - Filling up the DagBag from /home/airflow/.local/lib/python3.8/site-packages/airflow/example_dags/tutorial_dag.py
[2024-10-18T23:57:20.474+0000] {processor.py:839} INFO - DAG(s) dict_keys(['tutorial_dag']) retrieved from /home/airflow/.local/lib/python3.8/site-packages/airflow/example_dags/tutorial_dag.py
[2024-10-18T23:57:20.658+0000] {logging_mixin.py:151} INFO - [2024-10-18T23:57:20.657+0000] {dag.py:2941} INFO - Sync 1 DAGs
[2024-10-18T23:57:20.706+0000] {logging_mixin.py:151} INFO - [2024-10-18T23:57:20.706+0000] {dag.py:3722} INFO - Setting next_dagrun for tutorial_dag to None, run_after=None
[2024-10-18T23:57:20.804+0000] {processor.py:179} INFO - Processing /home/airflow/.local/lib/python3.8/site-packages/airflow/example_dags/tutorial_dag.py took 0.382 seconds
[2024-10-18T23:57:52.439+0000] {processor.py:157} INFO - Started process (PID=1787) to work on /home/airflow/.local/lib/python3.8/site-packages/airflow/example_dags/tutorial_dag.py
[2024-10-18T23:57:52.452+0000] {processor.py:829} INFO - Processing file /home/airflow/.local/lib/python3.8/site-packages/airflow/example_dags/tutorial_dag.py for tasks to queue
[2024-10-18T23:57:52.468+0000] {logging_mixin.py:151} INFO - [2024-10-18T23:57:52.463+0000] {dagbag.py:536} INFO - Filling up the DagBag from /home/airflow/.local/lib/python3.8/site-packages/airflow/example_dags/tutorial_dag.py
[2024-10-18T23:57:52.492+0000] {processor.py:839} INFO - DAG(s) dict_keys(['tutorial_dag']) retrieved from /home/airflow/.local/lib/python3.8/site-packages/airflow/example_dags/tutorial_dag.py
[2024-10-18T23:57:52.671+0000] {logging_mixin.py:151} INFO - [2024-10-18T23:57:52.665+0000] {dag.py:2941} INFO - Sync 1 DAGs
[2024-10-18T23:57:52.886+0000] {logging_mixin.py:151} INFO - [2024-10-18T23:57:52.886+0000] {dag.py:3722} INFO - Setting next_dagrun for tutorial_dag to None, run_after=None
[2024-10-18T23:57:52.975+0000] {processor.py:179} INFO - Processing /home/airflow/.local/lib/python3.8/site-packages/airflow/example_dags/tutorial_dag.py took 0.553 seconds
[2024-10-18T23:58:23.097+0000] {processor.py:157} INFO - Started process (PID=1841) to work on /home/airflow/.local/lib/python3.8/site-packages/airflow/example_dags/tutorial_dag.py
[2024-10-18T23:58:23.103+0000] {processor.py:829} INFO - Processing file /home/airflow/.local/lib/python3.8/site-packages/airflow/example_dags/tutorial_dag.py for tasks to queue
[2024-10-18T23:58:23.113+0000] {logging_mixin.py:151} INFO - [2024-10-18T23:58:23.112+0000] {dagbag.py:536} INFO - Filling up the DagBag from /home/airflow/.local/lib/python3.8/site-packages/airflow/example_dags/tutorial_dag.py
[2024-10-18T23:58:23.125+0000] {processor.py:839} INFO - DAG(s) dict_keys(['tutorial_dag']) retrieved from /home/airflow/.local/lib/python3.8/site-packages/airflow/example_dags/tutorial_dag.py
[2024-10-18T23:58:23.344+0000] {logging_mixin.py:151} INFO - [2024-10-18T23:58:23.344+0000] {dag.py:2941} INFO - Sync 1 DAGs
[2024-10-18T23:58:23.370+0000] {logging_mixin.py:151} INFO - [2024-10-18T23:58:23.369+0000] {dag.py:3722} INFO - Setting next_dagrun for tutorial_dag to None, run_after=None
[2024-10-18T23:58:23.420+0000] {processor.py:179} INFO - Processing /home/airflow/.local/lib/python3.8/site-packages/airflow/example_dags/tutorial_dag.py took 0.329 seconds
[2024-10-18T23:58:55.853+0000] {processor.py:157} INFO - Started process (PID=1895) to work on /home/airflow/.local/lib/python3.8/site-packages/airflow/example_dags/tutorial_dag.py
[2024-10-18T23:58:55.855+0000] {processor.py:829} INFO - Processing file /home/airflow/.local/lib/python3.8/site-packages/airflow/example_dags/tutorial_dag.py for tasks to queue
[2024-10-18T23:58:55.860+0000] {logging_mixin.py:151} INFO - [2024-10-18T23:58:55.860+0000] {dagbag.py:536} INFO - Filling up the DagBag from /home/airflow/.local/lib/python3.8/site-packages/airflow/example_dags/tutorial_dag.py
[2024-10-18T23:58:55.872+0000] {processor.py:839} INFO - DAG(s) dict_keys(['tutorial_dag']) retrieved from /home/airflow/.local/lib/python3.8/site-packages/airflow/example_dags/tutorial_dag.py
[2024-10-18T23:58:55.944+0000] {logging_mixin.py:151} INFO - [2024-10-18T23:58:55.944+0000] {dag.py:2941} INFO - Sync 1 DAGs
[2024-10-18T23:58:55.969+0000] {logging_mixin.py:151} INFO - [2024-10-18T23:58:55.969+0000] {dag.py:3722} INFO - Setting next_dagrun for tutorial_dag to None, run_after=None
[2024-10-18T23:58:56.020+0000] {processor.py:179} INFO - Processing /home/airflow/.local/lib/python3.8/site-packages/airflow/example_dags/tutorial_dag.py took 0.175 seconds
[2024-10-18T23:59:26.665+0000] {processor.py:157} INFO - Started process (PID=1948) to work on /home/airflow/.local/lib/python3.8/site-packages/airflow/example_dags/tutorial_dag.py
[2024-10-18T23:59:26.668+0000] {processor.py:829} INFO - Processing file /home/airflow/.local/lib/python3.8/site-packages/airflow/example_dags/tutorial_dag.py for tasks to queue
[2024-10-18T23:59:26.675+0000] {logging_mixin.py:151} INFO - [2024-10-18T23:59:26.674+0000] {dagbag.py:536} INFO - Filling up the DagBag from /home/airflow/.local/lib/python3.8/site-packages/airflow/example_dags/tutorial_dag.py
[2024-10-18T23:59:26.698+0000] {processor.py:839} INFO - DAG(s) dict_keys(['tutorial_dag']) retrieved from /home/airflow/.local/lib/python3.8/site-packages/airflow/example_dags/tutorial_dag.py
[2024-10-18T23:59:26.766+0000] {logging_mixin.py:151} INFO - [2024-10-18T23:59:26.766+0000] {dag.py:2941} INFO - Sync 1 DAGs
[2024-10-18T23:59:26.797+0000] {logging_mixin.py:151} INFO - [2024-10-18T23:59:26.797+0000] {dag.py:3722} INFO - Setting next_dagrun for tutorial_dag to None, run_after=None
[2024-10-18T23:59:26.839+0000] {processor.py:179} INFO - Processing /home/airflow/.local/lib/python3.8/site-packages/airflow/example_dags/tutorial_dag.py took 0.184 seconds
[2024-10-18T23:59:57.641+0000] {processor.py:157} INFO - Started process (PID=2002) to work on /home/airflow/.local/lib/python3.8/site-packages/airflow/example_dags/tutorial_dag.py
[2024-10-18T23:59:57.643+0000] {processor.py:829} INFO - Processing file /home/airflow/.local/lib/python3.8/site-packages/airflow/example_dags/tutorial_dag.py for tasks to queue
[2024-10-18T23:59:57.647+0000] {logging_mixin.py:151} INFO - [2024-10-18T23:59:57.647+0000] {dagbag.py:536} INFO - Filling up the DagBag from /home/airflow/.local/lib/python3.8/site-packages/airflow/example_dags/tutorial_dag.py
[2024-10-18T23:59:57.657+0000] {processor.py:839} INFO - DAG(s) dict_keys(['tutorial_dag']) retrieved from /home/airflow/.local/lib/python3.8/site-packages/airflow/example_dags/tutorial_dag.py
[2024-10-18T23:59:57.706+0000] {logging_mixin.py:151} INFO - [2024-10-18T23:59:57.706+0000] {dag.py:2941} INFO - Sync 1 DAGs
[2024-10-18T23:59:57.747+0000] {logging_mixin.py:151} INFO - [2024-10-18T23:59:57.746+0000] {dag.py:3722} INFO - Setting next_dagrun for tutorial_dag to None, run_after=None
[2024-10-18T23:59:57.792+0000] {processor.py:179} INFO - Processing /home/airflow/.local/lib/python3.8/site-packages/airflow/example_dags/tutorial_dag.py took 0.157 seconds
