[2024-10-22T05:44:37.399+0000] {processor.py:157} INFO - Started process (PID=26342) to work on /home/airflow/.local/lib/python3.8/site-packages/airflow/example_dags/example_branch_operator.py
[2024-10-22T05:44:37.414+0000] {processor.py:829} INFO - Processing file /home/airflow/.local/lib/python3.8/site-packages/airflow/example_dags/example_branch_operator.py for tasks to queue
[2024-10-22T05:44:37.418+0000] {logging_mixin.py:151} INFO - [2024-10-22T05:44:37.416+0000] {dagbag.py:536} INFO - Filling up the DagBag from /home/airflow/.local/lib/python3.8/site-packages/airflow/example_dags/example_branch_operator.py
[2024-10-22T05:44:37.908+0000] {processor.py:839} INFO - DAG(s) dict_keys(['example_branch_operator']) retrieved from /home/airflow/.local/lib/python3.8/site-packages/airflow/example_dags/example_branch_operator.py
[2024-10-22T05:44:39.921+0000] {logging_mixin.py:151} INFO - [2024-10-22T05:44:39.920+0000] {dag.py:2941} INFO - Sync 1 DAGs
[2024-10-22T05:44:41.787+0000] {logging_mixin.py:151} INFO - [2024-10-22T05:44:41.787+0000] {dag.py:3722} INFO - Setting next_dagrun for example_branch_operator to 2024-10-21T00:00:00+00:00, run_after=2024-10-22T00:00:00+00:00
[2024-10-22T05:44:42.624+0000] {processor.py:179} INFO - Processing /home/airflow/.local/lib/python3.8/site-packages/airflow/example_dags/example_branch_operator.py took 5.360 seconds
[2024-10-22T05:46:37.385+0000] {processor.py:157} INFO - Started process (PID=26413) to work on /home/airflow/.local/lib/python3.8/site-packages/airflow/example_dags/example_branch_operator.py
[2024-10-22T05:46:37.387+0000] {processor.py:829} INFO - Processing file /home/airflow/.local/lib/python3.8/site-packages/airflow/example_dags/example_branch_operator.py for tasks to queue
[2024-10-22T05:46:37.389+0000] {logging_mixin.py:151} INFO - [2024-10-22T05:46:37.388+0000] {dagbag.py:536} INFO - Filling up the DagBag from /home/airflow/.local/lib/python3.8/site-packages/airflow/example_dags/example_branch_operator.py
[2024-10-22T05:46:37.440+0000] {processor.py:839} INFO - DAG(s) dict_keys(['example_branch_operator']) retrieved from /home/airflow/.local/lib/python3.8/site-packages/airflow/example_dags/example_branch_operator.py
[2024-10-22T05:46:38.032+0000] {logging_mixin.py:151} INFO - [2024-10-22T05:46:38.032+0000] {dag.py:2941} INFO - Sync 1 DAGs
[2024-10-22T05:46:38.497+0000] {logging_mixin.py:151} INFO - [2024-10-22T05:46:38.497+0000] {dag.py:3722} INFO - Setting next_dagrun for example_branch_operator to 2024-10-21T00:00:00+00:00, run_after=2024-10-22T00:00:00+00:00
[2024-10-22T05:46:39.498+0000] {processor.py:179} INFO - Processing /home/airflow/.local/lib/python3.8/site-packages/airflow/example_dags/example_branch_operator.py took 2.172 seconds
[2024-10-22T05:51:46.040+0000] {processor.py:157} INFO - Started process (PID=26497) to work on /home/airflow/.local/lib/python3.8/site-packages/airflow/example_dags/example_branch_operator.py
[2024-10-22T05:51:46.108+0000] {processor.py:829} INFO - Processing file /home/airflow/.local/lib/python3.8/site-packages/airflow/example_dags/example_branch_operator.py for tasks to queue
[2024-10-22T05:51:46.203+0000] {logging_mixin.py:151} INFO - [2024-10-22T05:51:46.176+0000] {dagbag.py:536} INFO - Filling up the DagBag from /home/airflow/.local/lib/python3.8/site-packages/airflow/example_dags/example_branch_operator.py
[2024-10-22T05:51:46.742+0000] {processor.py:839} INFO - DAG(s) dict_keys(['example_branch_operator']) retrieved from /home/airflow/.local/lib/python3.8/site-packages/airflow/example_dags/example_branch_operator.py
[2024-10-22T05:51:50.567+0000] {logging_mixin.py:151} INFO - [2024-10-22T05:51:50.566+0000] {dag.py:2941} INFO - Sync 1 DAGs
[2024-10-22T05:51:51.734+0000] {logging_mixin.py:151} INFO - [2024-10-22T05:51:51.731+0000] {dag.py:3722} INFO - Setting next_dagrun for example_branch_operator to 2024-10-21T00:00:00+00:00, run_after=2024-10-22T00:00:00+00:00
[2024-10-22T05:51:53.905+0000] {processor.py:179} INFO - Processing /home/airflow/.local/lib/python3.8/site-packages/airflow/example_dags/example_branch_operator.py took 7.965 seconds
[2024-10-22T05:55:51.066+0000] {processor.py:157} INFO - Started process (PID=26589) to work on /home/airflow/.local/lib/python3.8/site-packages/airflow/example_dags/example_branch_operator.py
[2024-10-22T05:55:51.196+0000] {processor.py:829} INFO - Processing file /home/airflow/.local/lib/python3.8/site-packages/airflow/example_dags/example_branch_operator.py for tasks to queue
[2024-10-22T05:55:51.254+0000] {logging_mixin.py:151} INFO - [2024-10-22T05:55:51.237+0000] {dagbag.py:536} INFO - Filling up the DagBag from /home/airflow/.local/lib/python3.8/site-packages/airflow/example_dags/example_branch_operator.py
[2024-10-22T05:55:51.704+0000] {processor.py:839} INFO - DAG(s) dict_keys(['example_branch_operator']) retrieved from /home/airflow/.local/lib/python3.8/site-packages/airflow/example_dags/example_branch_operator.py
[2024-10-22T05:55:54.129+0000] {logging_mixin.py:151} INFO - [2024-10-22T05:55:54.128+0000] {dag.py:2941} INFO - Sync 1 DAGs
[2024-10-22T05:55:56.268+0000] {logging_mixin.py:151} INFO - [2024-10-22T05:55:56.267+0000] {dag.py:3722} INFO - Setting next_dagrun for example_branch_operator to 2024-10-21T00:00:00+00:00, run_after=2024-10-22T00:00:00+00:00
[2024-10-22T05:55:57.183+0000] {processor.py:179} INFO - Processing /home/airflow/.local/lib/python3.8/site-packages/airflow/example_dags/example_branch_operator.py took 6.182 seconds
[2024-10-22T06:00:29.386+0000] {processor.py:157} INFO - Started process (PID=26660) to work on /home/airflow/.local/lib/python3.8/site-packages/airflow/example_dags/example_branch_operator.py
[2024-10-22T06:00:29.442+0000] {processor.py:829} INFO - Processing file /home/airflow/.local/lib/python3.8/site-packages/airflow/example_dags/example_branch_operator.py for tasks to queue
[2024-10-22T06:00:29.494+0000] {logging_mixin.py:151} INFO - [2024-10-22T06:00:29.490+0000] {dagbag.py:536} INFO - Filling up the DagBag from /home/airflow/.local/lib/python3.8/site-packages/airflow/example_dags/example_branch_operator.py
[2024-10-22T06:00:29.949+0000] {processor.py:839} INFO - DAG(s) dict_keys(['example_branch_operator']) retrieved from /home/airflow/.local/lib/python3.8/site-packages/airflow/example_dags/example_branch_operator.py
[2024-10-22T06:00:31.682+0000] {logging_mixin.py:151} INFO - [2024-10-22T06:00:31.637+0000] {dag.py:2941} INFO - Sync 1 DAGs
[2024-10-22T06:00:32.316+0000] {logging_mixin.py:151} INFO - [2024-10-22T06:00:32.315+0000] {dag.py:3722} INFO - Setting next_dagrun for example_branch_operator to 2024-10-21T00:00:00+00:00, run_after=2024-10-22T00:00:00+00:00
[2024-10-22T06:00:33.284+0000] {processor.py:179} INFO - Processing /home/airflow/.local/lib/python3.8/site-packages/airflow/example_dags/example_branch_operator.py took 3.995 seconds
[2024-10-22T06:09:30.360+0000] {processor.py:157} INFO - Started process (PID=26729) to work on /home/airflow/.local/lib/python3.8/site-packages/airflow/example_dags/example_branch_operator.py
[2024-10-22T06:09:30.369+0000] {processor.py:829} INFO - Processing file /home/airflow/.local/lib/python3.8/site-packages/airflow/example_dags/example_branch_operator.py for tasks to queue
[2024-10-22T06:09:30.437+0000] {logging_mixin.py:151} INFO - [2024-10-22T06:09:30.436+0000] {dagbag.py:536} INFO - Filling up the DagBag from /home/airflow/.local/lib/python3.8/site-packages/airflow/example_dags/example_branch_operator.py
[2024-10-22T06:09:31.524+0000] {processor.py:839} INFO - DAG(s) dict_keys(['example_branch_operator']) retrieved from /home/airflow/.local/lib/python3.8/site-packages/airflow/example_dags/example_branch_operator.py
[2024-10-22T06:09:33.235+0000] {logging_mixin.py:151} INFO - [2024-10-22T06:09:33.234+0000] {dag.py:2941} INFO - Sync 1 DAGs
[2024-10-22T06:09:35.660+0000] {logging_mixin.py:151} INFO - [2024-10-22T06:09:35.660+0000] {dag.py:3722} INFO - Setting next_dagrun for example_branch_operator to 2024-10-21T00:00:00+00:00, run_after=2024-10-22T00:00:00+00:00
[2024-10-22T06:09:36.170+0000] {processor.py:179} INFO - Processing /home/airflow/.local/lib/python3.8/site-packages/airflow/example_dags/example_branch_operator.py took 5.914 seconds
[2024-10-22T06:15:09.781+0000] {processor.py:157} INFO - Started process (PID=26821) to work on /home/airflow/.local/lib/python3.8/site-packages/airflow/example_dags/example_branch_operator.py
[2024-10-22T06:15:09.819+0000] {processor.py:829} INFO - Processing file /home/airflow/.local/lib/python3.8/site-packages/airflow/example_dags/example_branch_operator.py for tasks to queue
[2024-10-22T06:15:09.917+0000] {logging_mixin.py:151} INFO - [2024-10-22T06:15:09.916+0000] {dagbag.py:536} INFO - Filling up the DagBag from /home/airflow/.local/lib/python3.8/site-packages/airflow/example_dags/example_branch_operator.py
[2024-10-22T06:15:10.295+0000] {processor.py:839} INFO - DAG(s) dict_keys(['example_branch_operator']) retrieved from /home/airflow/.local/lib/python3.8/site-packages/airflow/example_dags/example_branch_operator.py
[2024-10-22T06:15:10.953+0000] {logging_mixin.py:151} INFO - [2024-10-22T06:15:10.952+0000] {dag.py:2941} INFO - Sync 1 DAGs
[2024-10-22T06:15:11.787+0000] {logging_mixin.py:151} INFO - [2024-10-22T06:15:11.783+0000] {dag.py:3722} INFO - Setting next_dagrun for example_branch_operator to 2024-10-21T00:00:00+00:00, run_after=2024-10-22T00:00:00+00:00
[2024-10-22T06:15:12.471+0000] {processor.py:179} INFO - Processing /home/airflow/.local/lib/python3.8/site-packages/airflow/example_dags/example_branch_operator.py took 2.812 seconds
