[2024-10-22T05:45:50.265+0000] {processor.py:157} INFO - Started process (PID=26382) to work on /home/airflow/.local/lib/python3.8/site-packages/airflow/example_dags/example_nested_branch_dag.py
[2024-10-22T05:45:50.360+0000] {processor.py:829} INFO - Processing file /home/airflow/.local/lib/python3.8/site-packages/airflow/example_dags/example_nested_branch_dag.py for tasks to queue
[2024-10-22T05:45:50.458+0000] {logging_mixin.py:151} INFO - [2024-10-22T05:45:50.458+0000] {dagbag.py:536} INFO - Filling up the DagBag from /home/airflow/.local/lib/python3.8/site-packages/airflow/example_dags/example_nested_branch_dag.py
[2024-10-22T05:45:50.855+0000] {processor.py:839} INFO - DAG(s) dict_keys(['example_nested_branch_dag']) retrieved from /home/airflow/.local/lib/python3.8/site-packages/airflow/example_dags/example_nested_branch_dag.py
[2024-10-22T05:45:51.282+0000] {logging_mixin.py:151} INFO - [2024-10-22T05:45:51.281+0000] {dag.py:2941} INFO - Sync 1 DAGs
[2024-10-22T05:45:51.664+0000] {logging_mixin.py:151} INFO - [2024-10-22T05:45:51.650+0000] {dag.py:3722} INFO - Setting next_dagrun for example_nested_branch_dag to 2024-10-21T00:00:00+00:00, run_after=2024-10-22T00:00:00+00:00
[2024-10-22T05:45:52.346+0000] {processor.py:179} INFO - Processing /home/airflow/.local/lib/python3.8/site-packages/airflow/example_dags/example_nested_branch_dag.py took 2.365 seconds
[2024-10-22T05:54:28.366+0000] {processor.py:157} INFO - Started process (PID=26550) to work on /home/airflow/.local/lib/python3.8/site-packages/airflow/example_dags/example_nested_branch_dag.py
[2024-10-22T05:54:28.416+0000] {processor.py:829} INFO - Processing file /home/airflow/.local/lib/python3.8/site-packages/airflow/example_dags/example_nested_branch_dag.py for tasks to queue
[2024-10-22T05:54:28.495+0000] {logging_mixin.py:151} INFO - [2024-10-22T05:54:28.462+0000] {dagbag.py:536} INFO - Filling up the DagBag from /home/airflow/.local/lib/python3.8/site-packages/airflow/example_dags/example_nested_branch_dag.py
[2024-10-22T05:54:28.807+0000] {processor.py:839} INFO - DAG(s) dict_keys(['example_nested_branch_dag']) retrieved from /home/airflow/.local/lib/python3.8/site-packages/airflow/example_dags/example_nested_branch_dag.py
[2024-10-22T05:54:29.503+0000] {logging_mixin.py:151} INFO - [2024-10-22T05:54:29.502+0000] {dag.py:2941} INFO - Sync 1 DAGs
[2024-10-22T05:54:31.246+0000] {logging_mixin.py:151} INFO - [2024-10-22T05:54:31.234+0000] {dag.py:3722} INFO - Setting next_dagrun for example_nested_branch_dag to 2024-10-21T00:00:00+00:00, run_after=2024-10-22T00:00:00+00:00
[2024-10-22T05:54:32.504+0000] {processor.py:179} INFO - Processing /home/airflow/.local/lib/python3.8/site-packages/airflow/example_dags/example_nested_branch_dag.py took 4.113 seconds
[2024-10-22T06:02:15.157+0000] {processor.py:157} INFO - Started process (PID=26706) to work on /home/airflow/.local/lib/python3.8/site-packages/airflow/example_dags/example_nested_branch_dag.py
[2024-10-22T06:02:15.201+0000] {processor.py:829} INFO - Processing file /home/airflow/.local/lib/python3.8/site-packages/airflow/example_dags/example_nested_branch_dag.py for tasks to queue
[2024-10-22T06:02:15.225+0000] {logging_mixin.py:151} INFO - [2024-10-22T06:02:15.212+0000] {dagbag.py:536} INFO - Filling up the DagBag from /home/airflow/.local/lib/python3.8/site-packages/airflow/example_dags/example_nested_branch_dag.py
[2024-10-22T06:02:16.142+0000] {processor.py:839} INFO - DAG(s) dict_keys(['example_nested_branch_dag']) retrieved from /home/airflow/.local/lib/python3.8/site-packages/airflow/example_dags/example_nested_branch_dag.py
[2024-10-22T06:02:17.164+0000] {logging_mixin.py:151} INFO - [2024-10-22T06:02:17.160+0000] {dag.py:2941} INFO - Sync 1 DAGs
[2024-10-22T06:02:18.847+0000] {logging_mixin.py:151} INFO - [2024-10-22T06:02:18.847+0000] {dag.py:3722} INFO - Setting next_dagrun for example_nested_branch_dag to 2024-10-21T00:00:00+00:00, run_after=2024-10-22T00:00:00+00:00
[2024-10-22T06:02:20.329+0000] {processor.py:179} INFO - Processing /home/airflow/.local/lib/python3.8/site-packages/airflow/example_dags/example_nested_branch_dag.py took 5.321 seconds
[2024-10-22T06:18:55.418+0000] {processor.py:157} INFO - Started process (PID=26884) to work on /home/airflow/.local/lib/python3.8/site-packages/airflow/example_dags/example_nested_branch_dag.py
[2024-10-22T06:18:55.524+0000] {processor.py:829} INFO - Processing file /home/airflow/.local/lib/python3.8/site-packages/airflow/example_dags/example_nested_branch_dag.py for tasks to queue
[2024-10-22T06:18:55.560+0000] {logging_mixin.py:151} INFO - [2024-10-22T06:18:55.559+0000] {dagbag.py:536} INFO - Filling up the DagBag from /home/airflow/.local/lib/python3.8/site-packages/airflow/example_dags/example_nested_branch_dag.py
[2024-10-22T06:18:55.681+0000] {processor.py:839} INFO - DAG(s) dict_keys(['example_nested_branch_dag']) retrieved from /home/airflow/.local/lib/python3.8/site-packages/airflow/example_dags/example_nested_branch_dag.py
[2024-10-22T06:19:02.098+0000] {logging_mixin.py:151} INFO - [2024-10-22T06:19:02.083+0000] {dag.py:2941} INFO - Sync 1 DAGs
[2024-10-22T06:19:02.809+0000] {logging_mixin.py:151} INFO - [2024-10-22T06:19:02.808+0000] {dag.py:3722} INFO - Setting next_dagrun for example_nested_branch_dag to 2024-10-21T00:00:00+00:00, run_after=2024-10-22T00:00:00+00:00
[2024-10-22T06:19:03.325+0000] {processor.py:179} INFO - Processing /home/airflow/.local/lib/python3.8/site-packages/airflow/example_dags/example_nested_branch_dag.py took 7.984 seconds
