[2024-10-22T05:44:50.905+0000] {processor.py:157} INFO - Started process (PID=26347) to work on /home/airflow/.local/lib/python3.8/site-packages/airflow/example_dags/example_datasets.py
[2024-10-22T05:44:50.939+0000] {processor.py:829} INFO - Processing file /home/airflow/.local/lib/python3.8/site-packages/airflow/example_dags/example_datasets.py for tasks to queue
[2024-10-22T05:44:50.942+0000] {logging_mixin.py:151} INFO - [2024-10-22T05:44:50.941+0000] {dagbag.py:536} INFO - Filling up the DagBag from /home/airflow/.local/lib/python3.8/site-packages/airflow/example_dags/example_datasets.py
[2024-10-22T05:44:51.021+0000] {processor.py:839} INFO - DAG(s) dict_keys(['dataset_consumes_1', 'dataset_consumes_1_and_2', 'dataset_consumes_unknown_never_scheduled', 'dataset_produces_1', 'dataset_produces_2', 'dataset_consumes_1_never_scheduled']) retrieved from /home/airflow/.local/lib/python3.8/site-packages/airflow/example_dags/example_datasets.py
[2024-10-22T05:44:51.608+0000] {logging_mixin.py:151} INFO - [2024-10-22T05:44:51.608+0000] {dag.py:2941} INFO - Sync 6 DAGs
[2024-10-22T05:44:51.948+0000] {logging_mixin.py:151} INFO - [2024-10-22T05:44:51.948+0000] {dag.py:3722} INFO - Setting next_dagrun for dataset_consumes_1 to None, run_after=None
[2024-10-22T05:44:52.433+0000] {logging_mixin.py:151} INFO - [2024-10-22T05:44:52.261+0000] {dag.py:3722} INFO - Setting next_dagrun for dataset_consumes_1_and_2 to None, run_after=None
[2024-10-22T05:44:52.474+0000] {logging_mixin.py:151} INFO - [2024-10-22T05:44:52.474+0000] {dag.py:3722} INFO - Setting next_dagrun for dataset_consumes_1_never_scheduled to None, run_after=None
[2024-10-22T05:44:52.485+0000] {logging_mixin.py:151} INFO - [2024-10-22T05:44:52.484+0000] {dag.py:3722} INFO - Setting next_dagrun for dataset_consumes_unknown_never_scheduled to None, run_after=None
[2024-10-22T05:44:52.508+0000] {logging_mixin.py:151} INFO - [2024-10-22T05:44:52.508+0000] {dag.py:3722} INFO - Setting next_dagrun for dataset_produces_1 to 2024-10-21T00:00:00+00:00, run_after=2024-10-22T00:00:00+00:00
[2024-10-22T05:44:52.531+0000] {logging_mixin.py:151} INFO - [2024-10-22T05:44:52.531+0000] {dag.py:3722} INFO - Setting next_dagrun for dataset_produces_2 to None, run_after=None
[2024-10-22T05:44:53.779+0000] {processor.py:179} INFO - Processing /home/airflow/.local/lib/python3.8/site-packages/airflow/example_dags/example_datasets.py took 2.897 seconds
[2024-10-22T05:46:49.070+0000] {processor.py:157} INFO - Started process (PID=26418) to work on /home/airflow/.local/lib/python3.8/site-packages/airflow/example_dags/example_datasets.py
[2024-10-22T05:46:49.147+0000] {processor.py:829} INFO - Processing file /home/airflow/.local/lib/python3.8/site-packages/airflow/example_dags/example_datasets.py for tasks to queue
[2024-10-22T05:46:49.373+0000] {logging_mixin.py:151} INFO - [2024-10-22T05:46:49.372+0000] {dagbag.py:536} INFO - Filling up the DagBag from /home/airflow/.local/lib/python3.8/site-packages/airflow/example_dags/example_datasets.py
[2024-10-22T05:46:50.200+0000] {processor.py:839} INFO - DAG(s) dict_keys(['dataset_consumes_unknown_never_scheduled', 'dataset_consumes_1_never_scheduled', 'dataset_consumes_1_and_2', 'dataset_produces_2', 'dataset_produces_1', 'dataset_consumes_1']) retrieved from /home/airflow/.local/lib/python3.8/site-packages/airflow/example_dags/example_datasets.py
[2024-10-22T05:46:56.626+0000] {logging_mixin.py:151} INFO - [2024-10-22T05:46:56.622+0000] {dag.py:2941} INFO - Sync 6 DAGs
[2024-10-22T05:46:57.736+0000] {logging_mixin.py:151} INFO - [2024-10-22T05:46:57.736+0000] {dag.py:3722} INFO - Setting next_dagrun for dataset_consumes_1 to None, run_after=None
[2024-10-22T05:46:57.902+0000] {logging_mixin.py:151} INFO - [2024-10-22T05:46:57.901+0000] {dag.py:3722} INFO - Setting next_dagrun for dataset_consumes_1_and_2 to None, run_after=None
[2024-10-22T05:46:58.055+0000] {logging_mixin.py:151} INFO - [2024-10-22T05:46:58.055+0000] {dag.py:3722} INFO - Setting next_dagrun for dataset_consumes_1_never_scheduled to None, run_after=None
[2024-10-22T05:46:58.290+0000] {logging_mixin.py:151} INFO - [2024-10-22T05:46:58.290+0000] {dag.py:3722} INFO - Setting next_dagrun for dataset_consumes_unknown_never_scheduled to None, run_after=None
[2024-10-22T05:46:58.496+0000] {logging_mixin.py:151} INFO - [2024-10-22T05:46:58.496+0000] {dag.py:3722} INFO - Setting next_dagrun for dataset_produces_1 to 2024-10-21T00:00:00+00:00, run_after=2024-10-22T00:00:00+00:00
[2024-10-22T05:46:58.502+0000] {logging_mixin.py:151} INFO - [2024-10-22T05:46:58.501+0000] {dag.py:3722} INFO - Setting next_dagrun for dataset_produces_2 to None, run_after=None
[2024-10-22T05:47:01.262+0000] {processor.py:179} INFO - Processing /home/airflow/.local/lib/python3.8/site-packages/airflow/example_dags/example_datasets.py took 12.519 seconds
[2024-10-22T05:52:22.051+0000] {processor.py:157} INFO - Started process (PID=26509) to work on /home/airflow/.local/lib/python3.8/site-packages/airflow/example_dags/example_datasets.py
[2024-10-22T05:52:22.159+0000] {processor.py:829} INFO - Processing file /home/airflow/.local/lib/python3.8/site-packages/airflow/example_dags/example_datasets.py for tasks to queue
[2024-10-22T05:52:22.205+0000] {logging_mixin.py:151} INFO - [2024-10-22T05:52:22.191+0000] {dagbag.py:536} INFO - Filling up the DagBag from /home/airflow/.local/lib/python3.8/site-packages/airflow/example_dags/example_datasets.py
[2024-10-22T05:52:22.467+0000] {processor.py:839} INFO - DAG(s) dict_keys(['dataset_produces_2', 'dataset_consumes_1_never_scheduled', 'dataset_consumes_1_and_2', 'dataset_consumes_1', 'dataset_produces_1', 'dataset_consumes_unknown_never_scheduled']) retrieved from /home/airflow/.local/lib/python3.8/site-packages/airflow/example_dags/example_datasets.py
[2024-10-22T05:52:23.956+0000] {logging_mixin.py:151} INFO - [2024-10-22T05:52:23.956+0000] {dag.py:2941} INFO - Sync 6 DAGs
[2024-10-22T05:52:24.845+0000] {logging_mixin.py:151} INFO - [2024-10-22T05:52:24.795+0000] {dag.py:3722} INFO - Setting next_dagrun for dataset_consumes_1 to None, run_after=None
[2024-10-22T05:52:25.989+0000] {logging_mixin.py:151} INFO - [2024-10-22T05:52:25.987+0000] {dag.py:3722} INFO - Setting next_dagrun for dataset_consumes_1_and_2 to None, run_after=None
[2024-10-22T05:52:26.031+0000] {logging_mixin.py:151} INFO - [2024-10-22T05:52:26.016+0000] {dag.py:3722} INFO - Setting next_dagrun for dataset_consumes_1_never_scheduled to None, run_after=None
[2024-10-22T05:52:26.055+0000] {logging_mixin.py:151} INFO - [2024-10-22T05:52:26.055+0000] {dag.py:3722} INFO - Setting next_dagrun for dataset_consumes_unknown_never_scheduled to None, run_after=None
[2024-10-22T05:52:26.331+0000] {logging_mixin.py:151} INFO - [2024-10-22T05:52:26.289+0000] {dag.py:3722} INFO - Setting next_dagrun for dataset_produces_1 to 2024-10-21T00:00:00+00:00, run_after=2024-10-22T00:00:00+00:00
[2024-10-22T05:52:26.490+0000] {logging_mixin.py:151} INFO - [2024-10-22T05:52:26.490+0000] {dag.py:3722} INFO - Setting next_dagrun for dataset_produces_2 to None, run_after=None
[2024-10-22T05:52:32.455+0000] {processor.py:179} INFO - Processing /home/airflow/.local/lib/python3.8/site-packages/airflow/example_dags/example_datasets.py took 10.978 seconds
[2024-10-22T05:56:12.544+0000] {processor.py:157} INFO - Started process (PID=26601) to work on /home/airflow/.local/lib/python3.8/site-packages/airflow/example_dags/example_datasets.py
[2024-10-22T05:56:12.558+0000] {processor.py:829} INFO - Processing file /home/airflow/.local/lib/python3.8/site-packages/airflow/example_dags/example_datasets.py for tasks to queue
[2024-10-22T05:56:12.574+0000] {logging_mixin.py:151} INFO - [2024-10-22T05:56:12.561+0000] {dagbag.py:536} INFO - Filling up the DagBag from /home/airflow/.local/lib/python3.8/site-packages/airflow/example_dags/example_datasets.py
[2024-10-22T05:56:12.688+0000] {processor.py:839} INFO - DAG(s) dict_keys(['dataset_consumes_1', 'dataset_consumes_1_never_scheduled', 'dataset_produces_2', 'dataset_consumes_1_and_2', 'dataset_consumes_unknown_never_scheduled', 'dataset_produces_1']) retrieved from /home/airflow/.local/lib/python3.8/site-packages/airflow/example_dags/example_datasets.py
[2024-10-22T05:56:13.312+0000] {logging_mixin.py:151} INFO - [2024-10-22T05:56:13.294+0000] {dag.py:2941} INFO - Sync 6 DAGs
[2024-10-22T05:56:13.941+0000] {logging_mixin.py:151} INFO - [2024-10-22T05:56:13.940+0000] {dag.py:3722} INFO - Setting next_dagrun for dataset_consumes_1 to None, run_after=None
[2024-10-22T05:56:13.963+0000] {logging_mixin.py:151} INFO - [2024-10-22T05:56:13.963+0000] {dag.py:3722} INFO - Setting next_dagrun for dataset_consumes_1_and_2 to None, run_after=None
[2024-10-22T05:56:14.042+0000] {logging_mixin.py:151} INFO - [2024-10-22T05:56:14.042+0000] {dag.py:3722} INFO - Setting next_dagrun for dataset_consumes_1_never_scheduled to None, run_after=None
[2024-10-22T05:56:14.079+0000] {logging_mixin.py:151} INFO - [2024-10-22T05:56:14.074+0000] {dag.py:3722} INFO - Setting next_dagrun for dataset_consumes_unknown_never_scheduled to None, run_after=None
[2024-10-22T05:56:14.162+0000] {logging_mixin.py:151} INFO - [2024-10-22T05:56:14.162+0000] {dag.py:3722} INFO - Setting next_dagrun for dataset_produces_1 to 2024-10-21T00:00:00+00:00, run_after=2024-10-22T00:00:00+00:00
[2024-10-22T05:56:14.179+0000] {logging_mixin.py:151} INFO - [2024-10-22T05:56:14.179+0000] {dag.py:3722} INFO - Setting next_dagrun for dataset_produces_2 to None, run_after=None
[2024-10-22T05:56:16.386+0000] {processor.py:179} INFO - Processing /home/airflow/.local/lib/python3.8/site-packages/airflow/example_dags/example_datasets.py took 4.093 seconds
[2024-10-22T06:00:47.111+0000] {processor.py:157} INFO - Started process (PID=26671) to work on /home/airflow/.local/lib/python3.8/site-packages/airflow/example_dags/example_datasets.py
[2024-10-22T06:00:47.368+0000] {processor.py:829} INFO - Processing file /home/airflow/.local/lib/python3.8/site-packages/airflow/example_dags/example_datasets.py for tasks to queue
[2024-10-22T06:00:47.598+0000] {logging_mixin.py:151} INFO - [2024-10-22T06:00:47.423+0000] {dagbag.py:536} INFO - Filling up the DagBag from /home/airflow/.local/lib/python3.8/site-packages/airflow/example_dags/example_datasets.py
[2024-10-22T06:00:49.738+0000] {processor.py:839} INFO - DAG(s) dict_keys(['dataset_consumes_unknown_never_scheduled', 'dataset_consumes_1_never_scheduled', 'dataset_consumes_1', 'dataset_consumes_1_and_2', 'dataset_produces_1', 'dataset_produces_2']) retrieved from /home/airflow/.local/lib/python3.8/site-packages/airflow/example_dags/example_datasets.py
[2024-10-22T06:00:50.440+0000] {logging_mixin.py:151} INFO - [2024-10-22T06:00:50.440+0000] {dag.py:2941} INFO - Sync 6 DAGs
[2024-10-22T06:00:51.168+0000] {logging_mixin.py:151} INFO - [2024-10-22T06:00:51.167+0000] {dag.py:3722} INFO - Setting next_dagrun for dataset_consumes_1 to None, run_after=None
[2024-10-22T06:00:51.264+0000] {logging_mixin.py:151} INFO - [2024-10-22T06:00:51.264+0000] {dag.py:3722} INFO - Setting next_dagrun for dataset_consumes_1_and_2 to None, run_after=None
[2024-10-22T06:00:51.324+0000] {logging_mixin.py:151} INFO - [2024-10-22T06:00:51.323+0000] {dag.py:3722} INFO - Setting next_dagrun for dataset_consumes_1_never_scheduled to None, run_after=None
[2024-10-22T06:00:51.370+0000] {logging_mixin.py:151} INFO - [2024-10-22T06:00:51.370+0000] {dag.py:3722} INFO - Setting next_dagrun for dataset_consumes_unknown_never_scheduled to None, run_after=None
[2024-10-22T06:00:51.483+0000] {logging_mixin.py:151} INFO - [2024-10-22T06:00:51.483+0000] {dag.py:3722} INFO - Setting next_dagrun for dataset_produces_1 to 2024-10-21T00:00:00+00:00, run_after=2024-10-22T00:00:00+00:00
[2024-10-22T06:00:51.533+0000] {logging_mixin.py:151} INFO - [2024-10-22T06:00:51.532+0000] {dag.py:3722} INFO - Setting next_dagrun for dataset_produces_2 to None, run_after=None
[2024-10-22T06:00:56.194+0000] {processor.py:179} INFO - Processing /home/airflow/.local/lib/python3.8/site-packages/airflow/example_dags/example_datasets.py took 10.290 seconds
[2024-10-22T06:09:47.702+0000] {processor.py:157} INFO - Started process (PID=26741) to work on /home/airflow/.local/lib/python3.8/site-packages/airflow/example_dags/example_datasets.py
[2024-10-22T06:09:47.880+0000] {processor.py:829} INFO - Processing file /home/airflow/.local/lib/python3.8/site-packages/airflow/example_dags/example_datasets.py for tasks to queue
[2024-10-22T06:09:47.932+0000] {logging_mixin.py:151} INFO - [2024-10-22T06:09:47.932+0000] {dagbag.py:536} INFO - Filling up the DagBag from /home/airflow/.local/lib/python3.8/site-packages/airflow/example_dags/example_datasets.py
[2024-10-22T06:09:48.307+0000] {processor.py:839} INFO - DAG(s) dict_keys(['dataset_consumes_1_and_2', 'dataset_produces_1', 'dataset_consumes_unknown_never_scheduled', 'dataset_produces_2', 'dataset_consumes_1_never_scheduled', 'dataset_consumes_1']) retrieved from /home/airflow/.local/lib/python3.8/site-packages/airflow/example_dags/example_datasets.py
[2024-10-22T06:09:52.445+0000] {logging_mixin.py:151} INFO - [2024-10-22T06:09:52.432+0000] {dag.py:2941} INFO - Sync 6 DAGs
[2024-10-22T06:09:52.914+0000] {logging_mixin.py:151} INFO - [2024-10-22T06:09:52.888+0000] {dag.py:3722} INFO - Setting next_dagrun for dataset_consumes_1 to None, run_after=None
[2024-10-22T06:09:53.004+0000] {logging_mixin.py:151} INFO - [2024-10-22T06:09:52.990+0000] {dag.py:3722} INFO - Setting next_dagrun for dataset_consumes_1_and_2 to None, run_after=None
[2024-10-22T06:09:53.031+0000] {logging_mixin.py:151} INFO - [2024-10-22T06:09:53.030+0000] {dag.py:3722} INFO - Setting next_dagrun for dataset_consumes_1_never_scheduled to None, run_after=None
[2024-10-22T06:09:53.078+0000] {logging_mixin.py:151} INFO - [2024-10-22T06:09:53.066+0000] {dag.py:3722} INFO - Setting next_dagrun for dataset_consumes_unknown_never_scheduled to None, run_after=None
[2024-10-22T06:09:53.191+0000] {logging_mixin.py:151} INFO - [2024-10-22T06:09:53.190+0000] {dag.py:3722} INFO - Setting next_dagrun for dataset_produces_1 to 2024-10-21T00:00:00+00:00, run_after=2024-10-22T00:00:00+00:00
[2024-10-22T06:09:53.236+0000] {logging_mixin.py:151} INFO - [2024-10-22T06:09:53.236+0000] {dag.py:3722} INFO - Setting next_dagrun for dataset_produces_2 to None, run_after=None
[2024-10-22T06:09:54.656+0000] {processor.py:179} INFO - Processing /home/airflow/.local/lib/python3.8/site-packages/airflow/example_dags/example_datasets.py took 6.987 seconds
[2024-10-22T06:15:17.384+0000] {processor.py:157} INFO - Started process (PID=26826) to work on /home/airflow/.local/lib/python3.8/site-packages/airflow/example_dags/example_datasets.py
[2024-10-22T06:15:17.658+0000] {processor.py:829} INFO - Processing file /home/airflow/.local/lib/python3.8/site-packages/airflow/example_dags/example_datasets.py for tasks to queue
[2024-10-22T06:15:17.714+0000] {logging_mixin.py:151} INFO - [2024-10-22T06:15:17.695+0000] {dagbag.py:536} INFO - Filling up the DagBag from /home/airflow/.local/lib/python3.8/site-packages/airflow/example_dags/example_datasets.py
[2024-10-22T06:15:18.004+0000] {processor.py:839} INFO - DAG(s) dict_keys(['dataset_consumes_1_never_scheduled', 'dataset_consumes_1_and_2', 'dataset_consumes_1', 'dataset_consumes_unknown_never_scheduled', 'dataset_produces_1', 'dataset_produces_2']) retrieved from /home/airflow/.local/lib/python3.8/site-packages/airflow/example_dags/example_datasets.py
[2024-10-22T06:15:18.916+0000] {logging_mixin.py:151} INFO - [2024-10-22T06:15:18.915+0000] {dag.py:2941} INFO - Sync 6 DAGs
[2024-10-22T06:15:19.272+0000] {logging_mixin.py:151} INFO - [2024-10-22T06:15:19.271+0000] {dag.py:3722} INFO - Setting next_dagrun for dataset_consumes_1 to None, run_after=None
[2024-10-22T06:15:19.431+0000] {logging_mixin.py:151} INFO - [2024-10-22T06:15:19.430+0000] {dag.py:3722} INFO - Setting next_dagrun for dataset_consumes_1_and_2 to None, run_after=None
[2024-10-22T06:15:19.461+0000] {logging_mixin.py:151} INFO - [2024-10-22T06:15:19.460+0000] {dag.py:3722} INFO - Setting next_dagrun for dataset_consumes_1_never_scheduled to None, run_after=None
[2024-10-22T06:15:19.481+0000] {logging_mixin.py:151} INFO - [2024-10-22T06:15:19.480+0000] {dag.py:3722} INFO - Setting next_dagrun for dataset_consumes_unknown_never_scheduled to None, run_after=None
[2024-10-22T06:15:19.657+0000] {logging_mixin.py:151} INFO - [2024-10-22T06:15:19.651+0000] {dag.py:3722} INFO - Setting next_dagrun for dataset_produces_1 to 2024-10-21T00:00:00+00:00, run_after=2024-10-22T00:00:00+00:00
[2024-10-22T06:15:19.666+0000] {logging_mixin.py:151} INFO - [2024-10-22T06:15:19.666+0000] {dag.py:3722} INFO - Setting next_dagrun for dataset_produces_2 to None, run_after=None
[2024-10-22T06:15:20.840+0000] {processor.py:179} INFO - Processing /home/airflow/.local/lib/python3.8/site-packages/airflow/example_dags/example_datasets.py took 3.554 seconds
