[2024-10-22T05:44:29.501+0000] {processor.py:157} INFO - Started process (PID=26338) to work on /home/airflow/.local/lib/python3.8/site-packages/airflow/example_dags/example_trigger_target_dag.py
[2024-10-22T05:44:29.546+0000] {processor.py:829} INFO - Processing file /home/airflow/.local/lib/python3.8/site-packages/airflow/example_dags/example_trigger_target_dag.py for tasks to queue
[2024-10-22T05:44:29.675+0000] {logging_mixin.py:151} INFO - [2024-10-22T05:44:29.667+0000] {dagbag.py:536} INFO - Filling up the DagBag from /home/airflow/.local/lib/python3.8/site-packages/airflow/example_dags/example_trigger_target_dag.py
[2024-10-22T05:44:30.928+0000] {processor.py:839} INFO - DAG(s) dict_keys(['example_trigger_target_dag']) retrieved from /home/airflow/.local/lib/python3.8/site-packages/airflow/example_dags/example_trigger_target_dag.py
[2024-10-22T05:44:32.038+0000] {logging_mixin.py:151} INFO - [2024-10-22T05:44:32.018+0000] {dag.py:2941} INFO - Sync 1 DAGs
[2024-10-22T05:44:32.917+0000] {logging_mixin.py:151} INFO - [2024-10-22T05:44:32.916+0000] {dag.py:3722} INFO - Setting next_dagrun for example_trigger_target_dag to None, run_after=None
[2024-10-22T05:44:33.330+0000] {processor.py:179} INFO - Processing /home/airflow/.local/lib/python3.8/site-packages/airflow/example_dags/example_trigger_target_dag.py took 4.167 seconds
[2024-10-22T05:46:26.241+0000] {processor.py:157} INFO - Started process (PID=26402) to work on /home/airflow/.local/lib/python3.8/site-packages/airflow/example_dags/example_trigger_target_dag.py
[2024-10-22T05:46:26.254+0000] {processor.py:829} INFO - Processing file /home/airflow/.local/lib/python3.8/site-packages/airflow/example_dags/example_trigger_target_dag.py for tasks to queue
[2024-10-22T05:46:26.322+0000] {logging_mixin.py:151} INFO - [2024-10-22T05:46:26.291+0000] {dagbag.py:536} INFO - Filling up the DagBag from /home/airflow/.local/lib/python3.8/site-packages/airflow/example_dags/example_trigger_target_dag.py
[2024-10-22T05:46:26.377+0000] {processor.py:839} INFO - DAG(s) dict_keys(['example_trigger_target_dag']) retrieved from /home/airflow/.local/lib/python3.8/site-packages/airflow/example_dags/example_trigger_target_dag.py
[2024-10-22T05:46:26.921+0000] {logging_mixin.py:151} INFO - [2024-10-22T05:46:26.825+0000] {dag.py:2941} INFO - Sync 1 DAGs
[2024-10-22T05:46:27.823+0000] {logging_mixin.py:151} INFO - [2024-10-22T05:46:27.823+0000] {dag.py:3722} INFO - Setting next_dagrun for example_trigger_target_dag to None, run_after=None
[2024-10-22T05:46:28.150+0000] {processor.py:179} INFO - Processing /home/airflow/.local/lib/python3.8/site-packages/airflow/example_dags/example_trigger_target_dag.py took 1.949 seconds
[2024-10-22T05:51:18.098+0000] {processor.py:157} INFO - Started process (PID=26486) to work on /home/airflow/.local/lib/python3.8/site-packages/airflow/example_dags/example_trigger_target_dag.py
[2024-10-22T05:51:18.387+0000] {processor.py:829} INFO - Processing file /home/airflow/.local/lib/python3.8/site-packages/airflow/example_dags/example_trigger_target_dag.py for tasks to queue
[2024-10-22T05:51:18.585+0000] {logging_mixin.py:151} INFO - [2024-10-22T05:51:18.472+0000] {dagbag.py:536} INFO - Filling up the DagBag from /home/airflow/.local/lib/python3.8/site-packages/airflow/example_dags/example_trigger_target_dag.py
[2024-10-22T05:51:20.965+0000] {processor.py:839} INFO - DAG(s) dict_keys(['example_trigger_target_dag']) retrieved from /home/airflow/.local/lib/python3.8/site-packages/airflow/example_dags/example_trigger_target_dag.py
[2024-10-22T05:51:30.565+0000] {logging_mixin.py:151} INFO - [2024-10-22T05:51:30.546+0000] {dag.py:2941} INFO - Sync 1 DAGs
[2024-10-22T05:51:32.777+0000] {logging_mixin.py:151} INFO - [2024-10-22T05:51:32.777+0000] {dag.py:3722} INFO - Setting next_dagrun for example_trigger_target_dag to None, run_after=None
[2024-10-22T05:51:33.228+0000] {processor.py:179} INFO - Processing /home/airflow/.local/lib/python3.8/site-packages/airflow/example_dags/example_trigger_target_dag.py took 17.780 seconds
[2024-10-22T05:55:45.121+0000] {processor.py:157} INFO - Started process (PID=26585) to work on /home/airflow/.local/lib/python3.8/site-packages/airflow/example_dags/example_trigger_target_dag.py
[2024-10-22T05:55:45.182+0000] {processor.py:829} INFO - Processing file /home/airflow/.local/lib/python3.8/site-packages/airflow/example_dags/example_trigger_target_dag.py for tasks to queue
[2024-10-22T05:55:45.197+0000] {logging_mixin.py:151} INFO - [2024-10-22T05:55:45.196+0000] {dagbag.py:536} INFO - Filling up the DagBag from /home/airflow/.local/lib/python3.8/site-packages/airflow/example_dags/example_trigger_target_dag.py
[2024-10-22T05:55:45.350+0000] {processor.py:839} INFO - DAG(s) dict_keys(['example_trigger_target_dag']) retrieved from /home/airflow/.local/lib/python3.8/site-packages/airflow/example_dags/example_trigger_target_dag.py
[2024-10-22T05:55:45.745+0000] {logging_mixin.py:151} INFO - [2024-10-22T05:55:45.744+0000] {dag.py:2941} INFO - Sync 1 DAGs
[2024-10-22T05:55:46.108+0000] {logging_mixin.py:151} INFO - [2024-10-22T05:55:46.108+0000] {dag.py:3722} INFO - Setting next_dagrun for example_trigger_target_dag to None, run_after=None
[2024-10-22T05:55:46.732+0000] {processor.py:179} INFO - Processing /home/airflow/.local/lib/python3.8/site-packages/airflow/example_dags/example_trigger_target_dag.py took 3.935 seconds
[2024-10-22T06:00:15.678+0000] {processor.py:157} INFO - Started process (PID=26656) to work on /home/airflow/.local/lib/python3.8/site-packages/airflow/example_dags/example_trigger_target_dag.py
[2024-10-22T06:00:15.774+0000] {processor.py:829} INFO - Processing file /home/airflow/.local/lib/python3.8/site-packages/airflow/example_dags/example_trigger_target_dag.py for tasks to queue
[2024-10-22T06:00:15.833+0000] {logging_mixin.py:151} INFO - [2024-10-22T06:00:15.819+0000] {dagbag.py:536} INFO - Filling up the DagBag from /home/airflow/.local/lib/python3.8/site-packages/airflow/example_dags/example_trigger_target_dag.py
[2024-10-22T06:00:16.112+0000] {processor.py:839} INFO - DAG(s) dict_keys(['example_trigger_target_dag']) retrieved from /home/airflow/.local/lib/python3.8/site-packages/airflow/example_dags/example_trigger_target_dag.py
[2024-10-22T06:00:18.370+0000] {logging_mixin.py:151} INFO - [2024-10-22T06:00:18.369+0000] {dag.py:2941} INFO - Sync 1 DAGs
[2024-10-22T06:00:18.629+0000] {logging_mixin.py:151} INFO - [2024-10-22T06:00:18.622+0000] {dag.py:3722} INFO - Setting next_dagrun for example_trigger_target_dag to None, run_after=None
[2024-10-22T06:00:19.355+0000] {processor.py:179} INFO - Processing /home/airflow/.local/lib/python3.8/site-packages/airflow/example_dags/example_trigger_target_dag.py took 4.607 seconds
[2024-10-22T06:09:22.173+0000] {processor.py:157} INFO - Started process (PID=26725) to work on /home/airflow/.local/lib/python3.8/site-packages/airflow/example_dags/example_trigger_target_dag.py
[2024-10-22T06:09:22.176+0000] {processor.py:829} INFO - Processing file /home/airflow/.local/lib/python3.8/site-packages/airflow/example_dags/example_trigger_target_dag.py for tasks to queue
[2024-10-22T06:09:22.194+0000] {logging_mixin.py:151} INFO - [2024-10-22T06:09:22.192+0000] {dagbag.py:536} INFO - Filling up the DagBag from /home/airflow/.local/lib/python3.8/site-packages/airflow/example_dags/example_trigger_target_dag.py
[2024-10-22T06:09:22.272+0000] {processor.py:839} INFO - DAG(s) dict_keys(['example_trigger_target_dag']) retrieved from /home/airflow/.local/lib/python3.8/site-packages/airflow/example_dags/example_trigger_target_dag.py
[2024-10-22T06:09:22.857+0000] {logging_mixin.py:151} INFO - [2024-10-22T06:09:22.856+0000] {dag.py:2941} INFO - Sync 1 DAGs
[2024-10-22T06:09:23.216+0000] {logging_mixin.py:151} INFO - [2024-10-22T06:09:23.216+0000] {dag.py:3722} INFO - Setting next_dagrun for example_trigger_target_dag to None, run_after=None
[2024-10-22T06:09:24.408+0000] {processor.py:179} INFO - Processing /home/airflow/.local/lib/python3.8/site-packages/airflow/example_dags/example_trigger_target_dag.py took 2.302 seconds
[2024-10-22T06:14:40.231+0000] {processor.py:157} INFO - Started process (PID=26810) to work on /home/airflow/.local/lib/python3.8/site-packages/airflow/example_dags/example_trigger_target_dag.py
[2024-10-22T06:14:40.408+0000] {processor.py:829} INFO - Processing file /home/airflow/.local/lib/python3.8/site-packages/airflow/example_dags/example_trigger_target_dag.py for tasks to queue
[2024-10-22T06:14:40.639+0000] {logging_mixin.py:151} INFO - [2024-10-22T06:14:40.633+0000] {dagbag.py:536} INFO - Filling up the DagBag from /home/airflow/.local/lib/python3.8/site-packages/airflow/example_dags/example_trigger_target_dag.py
[2024-10-22T06:14:41.193+0000] {processor.py:839} INFO - DAG(s) dict_keys(['example_trigger_target_dag']) retrieved from /home/airflow/.local/lib/python3.8/site-packages/airflow/example_dags/example_trigger_target_dag.py
[2024-10-22T06:14:46.202+0000] {logging_mixin.py:151} INFO - [2024-10-22T06:14:45.950+0000] {dag.py:2941} INFO - Sync 1 DAGs
[2024-10-22T06:14:49.704+0000] {logging_mixin.py:151} INFO - [2024-10-22T06:14:49.405+0000] {dag.py:3722} INFO - Setting next_dagrun for example_trigger_target_dag to None, run_after=None
[2024-10-22T06:14:51.136+0000] {processor.py:179} INFO - Processing /home/airflow/.local/lib/python3.8/site-packages/airflow/example_dags/example_trigger_target_dag.py took 11.201 seconds
