[2024-10-22T05:45:52.925+0000] {processor.py:157} INFO - Started process (PID=26384) to work on /home/airflow/.local/lib/python3.8/site-packages/airflow/example_dags/example_task_group.py
[2024-10-22T05:45:52.936+0000] {processor.py:829} INFO - Processing file /home/airflow/.local/lib/python3.8/site-packages/airflow/example_dags/example_task_group.py for tasks to queue
[2024-10-22T05:45:53.010+0000] {logging_mixin.py:151} INFO - [2024-10-22T05:45:52.971+0000] {dagbag.py:536} INFO - Filling up the DagBag from /home/airflow/.local/lib/python3.8/site-packages/airflow/example_dags/example_task_group.py
[2024-10-22T05:45:53.364+0000] {processor.py:839} INFO - DAG(s) dict_keys(['example_task_group']) retrieved from /home/airflow/.local/lib/python3.8/site-packages/airflow/example_dags/example_task_group.py
[2024-10-22T05:45:54.481+0000] {logging_mixin.py:151} INFO - [2024-10-22T05:45:54.480+0000] {dag.py:2941} INFO - Sync 1 DAGs
[2024-10-22T05:45:54.887+0000] {logging_mixin.py:151} INFO - [2024-10-22T05:45:54.887+0000] {dag.py:3722} INFO - Setting next_dagrun for example_task_group to 2024-10-21T05:45:54.886160+00:00, run_after=2024-10-22T05:45:54.886160+00:00
[2024-10-22T05:45:55.600+0000] {processor.py:179} INFO - Processing /home/airflow/.local/lib/python3.8/site-packages/airflow/example_dags/example_task_group.py took 2.830 seconds
[2024-10-22T05:54:33.070+0000] {processor.py:157} INFO - Started process (PID=26560) to work on /home/airflow/.local/lib/python3.8/site-packages/airflow/example_dags/example_task_group.py
[2024-10-22T05:54:33.171+0000] {processor.py:829} INFO - Processing file /home/airflow/.local/lib/python3.8/site-packages/airflow/example_dags/example_task_group.py for tasks to queue
[2024-10-22T05:54:33.186+0000] {logging_mixin.py:151} INFO - [2024-10-22T05:54:33.185+0000] {dagbag.py:536} INFO - Filling up the DagBag from /home/airflow/.local/lib/python3.8/site-packages/airflow/example_dags/example_task_group.py
[2024-10-22T05:54:33.233+0000] {processor.py:839} INFO - DAG(s) dict_keys(['example_task_group']) retrieved from /home/airflow/.local/lib/python3.8/site-packages/airflow/example_dags/example_task_group.py
[2024-10-22T05:54:33.963+0000] {logging_mixin.py:151} INFO - [2024-10-22T05:54:33.963+0000] {dag.py:2941} INFO - Sync 1 DAGs
[2024-10-22T05:54:34.584+0000] {logging_mixin.py:151} INFO - [2024-10-22T05:54:34.583+0000] {dag.py:3722} INFO - Setting next_dagrun for example_task_group to 2024-10-21T05:54:34.582410+00:00, run_after=2024-10-22T05:54:34.582410+00:00
[2024-10-22T05:54:35.443+0000] {processor.py:179} INFO - Processing /home/airflow/.local/lib/python3.8/site-packages/airflow/example_dags/example_task_group.py took 2.451 seconds
[2024-10-22T06:02:20.798+0000] {processor.py:157} INFO - Started process (PID=26708) to work on /home/airflow/.local/lib/python3.8/site-packages/airflow/example_dags/example_task_group.py
[2024-10-22T06:02:20.825+0000] {processor.py:829} INFO - Processing file /home/airflow/.local/lib/python3.8/site-packages/airflow/example_dags/example_task_group.py for tasks to queue
[2024-10-22T06:02:20.828+0000] {logging_mixin.py:151} INFO - [2024-10-22T06:02:20.827+0000] {dagbag.py:536} INFO - Filling up the DagBag from /home/airflow/.local/lib/python3.8/site-packages/airflow/example_dags/example_task_group.py
[2024-10-22T06:02:21.258+0000] {processor.py:839} INFO - DAG(s) dict_keys(['example_task_group']) retrieved from /home/airflow/.local/lib/python3.8/site-packages/airflow/example_dags/example_task_group.py
[2024-10-22T06:02:23.221+0000] {logging_mixin.py:151} INFO - [2024-10-22T06:02:23.220+0000] {dag.py:2941} INFO - Sync 1 DAGs
[2024-10-22T06:02:23.967+0000] {logging_mixin.py:151} INFO - [2024-10-22T06:02:23.966+0000] {dag.py:3722} INFO - Setting next_dagrun for example_task_group to 2024-10-21T06:02:23.965772+00:00, run_after=2024-10-22T06:02:23.965772+00:00
[2024-10-22T06:02:24.742+0000] {processor.py:179} INFO - Processing /home/airflow/.local/lib/python3.8/site-packages/airflow/example_dags/example_task_group.py took 4.116 seconds
[2024-10-22T06:19:13.742+0000] {processor.py:157} INFO - Started process (PID=26886) to work on /home/airflow/.local/lib/python3.8/site-packages/airflow/example_dags/example_task_group.py
[2024-10-22T06:19:13.761+0000] {processor.py:829} INFO - Processing file /home/airflow/.local/lib/python3.8/site-packages/airflow/example_dags/example_task_group.py for tasks to queue
[2024-10-22T06:19:13.765+0000] {logging_mixin.py:151} INFO - [2024-10-22T06:19:13.764+0000] {dagbag.py:536} INFO - Filling up the DagBag from /home/airflow/.local/lib/python3.8/site-packages/airflow/example_dags/example_task_group.py
[2024-10-22T06:19:13.884+0000] {processor.py:839} INFO - DAG(s) dict_keys(['example_task_group']) retrieved from /home/airflow/.local/lib/python3.8/site-packages/airflow/example_dags/example_task_group.py
[2024-10-22T06:19:14.379+0000] {logging_mixin.py:151} INFO - [2024-10-22T06:19:14.378+0000] {dag.py:2941} INFO - Sync 1 DAGs
[2024-10-22T06:19:15.814+0000] {logging_mixin.py:151} INFO - [2024-10-22T06:19:15.810+0000] {dag.py:3722} INFO - Setting next_dagrun for example_task_group to 2024-10-21T06:19:15.394458+00:00, run_after=2024-10-22T06:19:15.394458+00:00
[2024-10-22T06:19:16.533+0000] {processor.py:179} INFO - Processing /home/airflow/.local/lib/python3.8/site-packages/airflow/example_dags/example_task_group.py took 2.822 seconds
