[2024-10-22T05:44:42.902+0000] {processor.py:157} INFO - Started process (PID=26343) to work on /home/airflow/.local/lib/python3.8/site-packages/airflow/example_dags/example_short_circuit_decorator.py
[2024-10-22T05:44:42.933+0000] {processor.py:829} INFO - Processing file /home/airflow/.local/lib/python3.8/site-packages/airflow/example_dags/example_short_circuit_decorator.py for tasks to queue
[2024-10-22T05:44:42.945+0000] {logging_mixin.py:151} INFO - [2024-10-22T05:44:42.943+0000] {dagbag.py:536} INFO - Filling up the DagBag from /home/airflow/.local/lib/python3.8/site-packages/airflow/example_dags/example_short_circuit_decorator.py
[2024-10-22T05:44:43.187+0000] {processor.py:839} INFO - DAG(s) dict_keys(['example_short_circuit_decorator']) retrieved from /home/airflow/.local/lib/python3.8/site-packages/airflow/example_dags/example_short_circuit_decorator.py
[2024-10-22T05:44:44.430+0000] {logging_mixin.py:151} INFO - [2024-10-22T05:44:44.422+0000] {dag.py:2941} INFO - Sync 1 DAGs
[2024-10-22T05:44:44.998+0000] {logging_mixin.py:151} INFO - [2024-10-22T05:44:44.998+0000] {dag.py:3722} INFO - Setting next_dagrun for example_short_circuit_decorator to 2024-10-21T05:44:44.983364+00:00, run_after=2024-10-22T05:44:44.983364+00:00
[2024-10-22T05:44:45.562+0000] {processor.py:179} INFO - Processing /home/airflow/.local/lib/python3.8/site-packages/airflow/example_dags/example_short_circuit_decorator.py took 2.707 seconds
[2024-10-22T05:46:40.949+0000] {processor.py:157} INFO - Started process (PID=26414) to work on /home/airflow/.local/lib/python3.8/site-packages/airflow/example_dags/example_short_circuit_decorator.py
[2024-10-22T05:46:40.972+0000] {processor.py:829} INFO - Processing file /home/airflow/.local/lib/python3.8/site-packages/airflow/example_dags/example_short_circuit_decorator.py for tasks to queue
[2024-10-22T05:46:41.065+0000] {logging_mixin.py:151} INFO - [2024-10-22T05:46:41.038+0000] {dagbag.py:536} INFO - Filling up the DagBag from /home/airflow/.local/lib/python3.8/site-packages/airflow/example_dags/example_short_circuit_decorator.py
[2024-10-22T05:46:41.205+0000] {processor.py:839} INFO - DAG(s) dict_keys(['example_short_circuit_decorator']) retrieved from /home/airflow/.local/lib/python3.8/site-packages/airflow/example_dags/example_short_circuit_decorator.py
[2024-10-22T05:46:42.124+0000] {logging_mixin.py:151} INFO - [2024-10-22T05:46:42.124+0000] {dag.py:2941} INFO - Sync 1 DAGs
[2024-10-22T05:46:44.015+0000] {logging_mixin.py:151} INFO - [2024-10-22T05:46:44.004+0000] {dag.py:3722} INFO - Setting next_dagrun for example_short_circuit_decorator to 2024-10-21T05:46:44.003327+00:00, run_after=2024-10-22T05:46:44.003327+00:00
[2024-10-22T05:46:44.835+0000] {processor.py:179} INFO - Processing /home/airflow/.local/lib/python3.8/site-packages/airflow/example_dags/example_short_circuit_decorator.py took 4.004 seconds
[2024-10-22T05:51:56.774+0000] {processor.py:157} INFO - Started process (PID=26498) to work on /home/airflow/.local/lib/python3.8/site-packages/airflow/example_dags/example_short_circuit_decorator.py
[2024-10-22T05:51:56.947+0000] {processor.py:829} INFO - Processing file /home/airflow/.local/lib/python3.8/site-packages/airflow/example_dags/example_short_circuit_decorator.py for tasks to queue
[2024-10-22T05:51:56.962+0000] {logging_mixin.py:151} INFO - [2024-10-22T05:51:56.958+0000] {dagbag.py:536} INFO - Filling up the DagBag from /home/airflow/.local/lib/python3.8/site-packages/airflow/example_dags/example_short_circuit_decorator.py
[2024-10-22T05:51:57.341+0000] {processor.py:839} INFO - DAG(s) dict_keys(['example_short_circuit_decorator']) retrieved from /home/airflow/.local/lib/python3.8/site-packages/airflow/example_dags/example_short_circuit_decorator.py
[2024-10-22T05:52:01.762+0000] {logging_mixin.py:151} INFO - [2024-10-22T05:52:01.762+0000] {dag.py:2941} INFO - Sync 1 DAGs
[2024-10-22T05:52:06.653+0000] {logging_mixin.py:151} INFO - [2024-10-22T05:52:06.652+0000] {dag.py:3722} INFO - Setting next_dagrun for example_short_circuit_decorator to 2024-10-21T05:52:06.651178+00:00, run_after=2024-10-22T05:52:06.651178+00:00
[2024-10-22T05:52:08.630+0000] {processor.py:179} INFO - Processing /home/airflow/.local/lib/python3.8/site-packages/airflow/example_dags/example_short_circuit_decorator.py took 12.050 seconds
[2024-10-22T05:55:57.779+0000] {processor.py:157} INFO - Started process (PID=26590) to work on /home/airflow/.local/lib/python3.8/site-packages/airflow/example_dags/example_short_circuit_decorator.py
[2024-10-22T05:55:57.787+0000] {processor.py:829} INFO - Processing file /home/airflow/.local/lib/python3.8/site-packages/airflow/example_dags/example_short_circuit_decorator.py for tasks to queue
[2024-10-22T05:55:57.802+0000] {logging_mixin.py:151} INFO - [2024-10-22T05:55:57.802+0000] {dagbag.py:536} INFO - Filling up the DagBag from /home/airflow/.local/lib/python3.8/site-packages/airflow/example_dags/example_short_circuit_decorator.py
[2024-10-22T05:55:57.992+0000] {processor.py:839} INFO - DAG(s) dict_keys(['example_short_circuit_decorator']) retrieved from /home/airflow/.local/lib/python3.8/site-packages/airflow/example_dags/example_short_circuit_decorator.py
[2024-10-22T05:56:02.123+0000] {logging_mixin.py:151} INFO - [2024-10-22T05:56:02.122+0000] {dag.py:2941} INFO - Sync 1 DAGs
[2024-10-22T05:56:02.795+0000] {logging_mixin.py:151} INFO - [2024-10-22T05:56:02.794+0000] {dag.py:3722} INFO - Setting next_dagrun for example_short_circuit_decorator to 2024-10-21T05:56:02.732646+00:00, run_after=2024-10-22T05:56:02.732646+00:00
[2024-10-22T05:56:04.293+0000] {processor.py:179} INFO - Processing /home/airflow/.local/lib/python3.8/site-packages/airflow/example_dags/example_short_circuit_decorator.py took 6.557 seconds
[2024-10-22T06:00:34.906+0000] {processor.py:157} INFO - Started process (PID=26661) to work on /home/airflow/.local/lib/python3.8/site-packages/airflow/example_dags/example_short_circuit_decorator.py
[2024-10-22T06:00:35.054+0000] {processor.py:829} INFO - Processing file /home/airflow/.local/lib/python3.8/site-packages/airflow/example_dags/example_short_circuit_decorator.py for tasks to queue
[2024-10-22T06:00:35.072+0000] {logging_mixin.py:151} INFO - [2024-10-22T06:00:35.070+0000] {dagbag.py:536} INFO - Filling up the DagBag from /home/airflow/.local/lib/python3.8/site-packages/airflow/example_dags/example_short_circuit_decorator.py
[2024-10-22T06:00:37.409+0000] {processor.py:839} INFO - DAG(s) dict_keys(['example_short_circuit_decorator']) retrieved from /home/airflow/.local/lib/python3.8/site-packages/airflow/example_dags/example_short_circuit_decorator.py
[2024-10-22T06:00:38.380+0000] {logging_mixin.py:151} INFO - [2024-10-22T06:00:38.379+0000] {dag.py:2941} INFO - Sync 1 DAGs
[2024-10-22T06:00:39.357+0000] {logging_mixin.py:151} INFO - [2024-10-22T06:00:39.356+0000] {dag.py:3722} INFO - Setting next_dagrun for example_short_circuit_decorator to 2024-10-21T06:00:39.331984+00:00, run_after=2024-10-22T06:00:39.331984+00:00
[2024-10-22T06:00:40.468+0000] {processor.py:179} INFO - Processing /home/airflow/.local/lib/python3.8/site-packages/airflow/example_dags/example_short_circuit_decorator.py took 6.596 seconds
[2024-10-22T06:09:36.640+0000] {processor.py:157} INFO - Started process (PID=26737) to work on /home/airflow/.local/lib/python3.8/site-packages/airflow/example_dags/example_short_circuit_decorator.py
[2024-10-22T06:09:36.646+0000] {processor.py:829} INFO - Processing file /home/airflow/.local/lib/python3.8/site-packages/airflow/example_dags/example_short_circuit_decorator.py for tasks to queue
[2024-10-22T06:09:36.871+0000] {logging_mixin.py:151} INFO - [2024-10-22T06:09:36.772+0000] {dagbag.py:536} INFO - Filling up the DagBag from /home/airflow/.local/lib/python3.8/site-packages/airflow/example_dags/example_short_circuit_decorator.py
[2024-10-22T06:09:37.779+0000] {processor.py:839} INFO - DAG(s) dict_keys(['example_short_circuit_decorator']) retrieved from /home/airflow/.local/lib/python3.8/site-packages/airflow/example_dags/example_short_circuit_decorator.py
[2024-10-22T06:09:42.458+0000] {logging_mixin.py:151} INFO - [2024-10-22T06:09:42.446+0000] {dag.py:2941} INFO - Sync 1 DAGs
[2024-10-22T06:09:43.394+0000] {logging_mixin.py:151} INFO - [2024-10-22T06:09:43.390+0000] {dag.py:3722} INFO - Setting next_dagrun for example_short_circuit_decorator to 2024-10-21T06:09:43.368525+00:00, run_after=2024-10-22T06:09:43.368525+00:00
[2024-10-22T06:09:44.448+0000] {processor.py:179} INFO - Processing /home/airflow/.local/lib/python3.8/site-packages/airflow/example_dags/example_short_circuit_decorator.py took 7.947 seconds
[2024-10-22T06:15:12.225+0000] {processor.py:157} INFO - Started process (PID=26822) to work on /home/airflow/.local/lib/python3.8/site-packages/airflow/example_dags/example_short_circuit_decorator.py
[2024-10-22T06:15:12.304+0000] {processor.py:829} INFO - Processing file /home/airflow/.local/lib/python3.8/site-packages/airflow/example_dags/example_short_circuit_decorator.py for tasks to queue
[2024-10-22T06:15:12.438+0000] {logging_mixin.py:151} INFO - [2024-10-22T06:15:12.433+0000] {dagbag.py:536} INFO - Filling up the DagBag from /home/airflow/.local/lib/python3.8/site-packages/airflow/example_dags/example_short_circuit_decorator.py
[2024-10-22T06:15:12.670+0000] {processor.py:839} INFO - DAG(s) dict_keys(['example_short_circuit_decorator']) retrieved from /home/airflow/.local/lib/python3.8/site-packages/airflow/example_dags/example_short_circuit_decorator.py
[2024-10-22T06:15:13.214+0000] {logging_mixin.py:151} INFO - [2024-10-22T06:15:13.213+0000] {dag.py:2941} INFO - Sync 1 DAGs
[2024-10-22T06:15:13.956+0000] {logging_mixin.py:151} INFO - [2024-10-22T06:15:13.955+0000] {dag.py:3722} INFO - Setting next_dagrun for example_short_circuit_decorator to 2024-10-21T06:15:13.954313+00:00, run_after=2024-10-22T06:15:13.954313+00:00
[2024-10-22T06:15:14.261+0000] {processor.py:179} INFO - Processing /home/airflow/.local/lib/python3.8/site-packages/airflow/example_dags/example_short_circuit_decorator.py took 2.138 seconds
