[2024-10-22T05:45:48.674+0000] {processor.py:157} INFO - Started process (PID=26381) to work on /home/airflow/.local/lib/python3.8/site-packages/airflow/example_dags/example_complex.py
[2024-10-22T05:45:48.684+0000] {processor.py:829} INFO - Processing file /home/airflow/.local/lib/python3.8/site-packages/airflow/example_dags/example_complex.py for tasks to queue
[2024-10-22T05:45:48.697+0000] {logging_mixin.py:151} INFO - [2024-10-22T05:45:48.696+0000] {dagbag.py:536} INFO - Filling up the DagBag from /home/airflow/.local/lib/python3.8/site-packages/airflow/example_dags/example_complex.py
[2024-10-22T05:45:48.983+0000] {processor.py:839} INFO - DAG(s) dict_keys(['example_complex']) retrieved from /home/airflow/.local/lib/python3.8/site-packages/airflow/example_dags/example_complex.py
[2024-10-22T05:45:50.118+0000] {logging_mixin.py:151} INFO - [2024-10-22T05:45:50.117+0000] {dag.py:2941} INFO - Sync 1 DAGs
[2024-10-22T05:45:50.631+0000] {logging_mixin.py:151} INFO - [2024-10-22T05:45:50.631+0000] {dag.py:3722} INFO - Setting next_dagrun for example_complex to None, run_after=None
[2024-10-22T05:45:51.068+0000] {processor.py:179} INFO - Processing /home/airflow/.local/lib/python3.8/site-packages/airflow/example_dags/example_complex.py took 2.419 seconds
[2024-10-22T05:54:26.052+0000] {processor.py:157} INFO - Started process (PID=26549) to work on /home/airflow/.local/lib/python3.8/site-packages/airflow/example_dags/example_complex.py
[2024-10-22T05:54:26.055+0000] {processor.py:829} INFO - Processing file /home/airflow/.local/lib/python3.8/site-packages/airflow/example_dags/example_complex.py for tasks to queue
[2024-10-22T05:54:26.094+0000] {logging_mixin.py:151} INFO - [2024-10-22T05:54:26.094+0000] {dagbag.py:536} INFO - Filling up the DagBag from /home/airflow/.local/lib/python3.8/site-packages/airflow/example_dags/example_complex.py
[2024-10-22T05:54:26.673+0000] {processor.py:839} INFO - DAG(s) dict_keys(['example_complex']) retrieved from /home/airflow/.local/lib/python3.8/site-packages/airflow/example_dags/example_complex.py
[2024-10-22T05:54:28.364+0000] {logging_mixin.py:151} INFO - [2024-10-22T05:54:28.363+0000] {dag.py:2941} INFO - Sync 1 DAGs
[2024-10-22T05:54:29.049+0000] {logging_mixin.py:151} INFO - [2024-10-22T05:54:29.049+0000] {dag.py:3722} INFO - Setting next_dagrun for example_complex to None, run_after=None
[2024-10-22T05:54:30.376+0000] {processor.py:179} INFO - Processing /home/airflow/.local/lib/python3.8/site-packages/airflow/example_dags/example_complex.py took 4.343 seconds
[2024-10-22T06:02:10.153+0000] {processor.py:157} INFO - Started process (PID=26699) to work on /home/airflow/.local/lib/python3.8/site-packages/airflow/example_dags/example_complex.py
[2024-10-22T06:02:10.183+0000] {processor.py:829} INFO - Processing file /home/airflow/.local/lib/python3.8/site-packages/airflow/example_dags/example_complex.py for tasks to queue
[2024-10-22T06:02:10.286+0000] {logging_mixin.py:151} INFO - [2024-10-22T06:02:10.194+0000] {dagbag.py:536} INFO - Filling up the DagBag from /home/airflow/.local/lib/python3.8/site-packages/airflow/example_dags/example_complex.py
[2024-10-22T06:02:10.701+0000] {processor.py:839} INFO - DAG(s) dict_keys(['example_complex']) retrieved from /home/airflow/.local/lib/python3.8/site-packages/airflow/example_dags/example_complex.py
[2024-10-22T06:02:13.617+0000] {logging_mixin.py:151} INFO - [2024-10-22T06:02:13.610+0000] {dag.py:2941} INFO - Sync 1 DAGs
[2024-10-22T06:02:13.801+0000] {logging_mixin.py:151} INFO - [2024-10-22T06:02:13.800+0000] {dag.py:3722} INFO - Setting next_dagrun for example_complex to None, run_after=None
[2024-10-22T06:02:14.357+0000] {processor.py:179} INFO - Processing /home/airflow/.local/lib/python3.8/site-packages/airflow/example_dags/example_complex.py took 4.270 seconds
[2024-10-22T06:14:01.689+0000] {processor.py:157} INFO - Started process (PID=26795) to work on /home/airflow/.local/lib/python3.8/site-packages/airflow/example_dags/example_complex.py
[2024-10-22T06:14:01.723+0000] {processor.py:829} INFO - Processing file /home/airflow/.local/lib/python3.8/site-packages/airflow/example_dags/example_complex.py for tasks to queue
[2024-10-22T06:14:01.940+0000] {logging_mixin.py:151} INFO - [2024-10-22T06:14:01.828+0000] {dagbag.py:536} INFO - Filling up the DagBag from /home/airflow/.local/lib/python3.8/site-packages/airflow/example_dags/example_complex.py
[2024-10-22T06:14:02.785+0000] {processor.py:839} INFO - DAG(s) dict_keys(['example_complex']) retrieved from /home/airflow/.local/lib/python3.8/site-packages/airflow/example_dags/example_complex.py
[2024-10-22T06:14:08.489+0000] {logging_mixin.py:151} INFO - [2024-10-22T06:14:04.249+0000] {dag.py:2941} INFO - Sync 1 DAGs
[2024-10-22T06:14:08.797+0000] {logging_mixin.py:151} INFO - [2024-10-22T06:14:08.780+0000] {dag.py:3722} INFO - Setting next_dagrun for example_complex to None, run_after=None
[2024-10-22T06:14:10.149+0000] {processor.py:179} INFO - Processing /home/airflow/.local/lib/python3.8/site-packages/airflow/example_dags/example_complex.py took 9.134 seconds
