[2024-10-22T05:45:03.888+0000] {processor.py:157} INFO - Started process (PID=26361) to work on /home/airflow/.local/lib/python3.8/site-packages/airflow/example_dags/example_latest_only_with_trigger.py
[2024-10-22T05:45:03.903+0000] {processor.py:829} INFO - Processing file /home/airflow/.local/lib/python3.8/site-packages/airflow/example_dags/example_latest_only_with_trigger.py for tasks to queue
[2024-10-22T05:45:03.947+0000] {logging_mixin.py:151} INFO - [2024-10-22T05:45:03.946+0000] {dagbag.py:536} INFO - Filling up the DagBag from /home/airflow/.local/lib/python3.8/site-packages/airflow/example_dags/example_latest_only_with_trigger.py
[2024-10-22T05:45:04.049+0000] {processor.py:839} INFO - DAG(s) dict_keys(['latest_only_with_trigger']) retrieved from /home/airflow/.local/lib/python3.8/site-packages/airflow/example_dags/example_latest_only_with_trigger.py
[2024-10-22T05:45:04.274+0000] {logging_mixin.py:151} INFO - [2024-10-22T05:45:04.273+0000] {dag.py:2941} INFO - Sync 1 DAGs
[2024-10-22T05:45:04.909+0000] {logging_mixin.py:151} INFO - [2024-10-22T05:45:04.909+0000] {dag.py:3722} INFO - Setting next_dagrun for latest_only_with_trigger to 2024-10-22T01:45:04.908695+00:00, run_after=2024-10-22T05:45:04.908695+00:00
[2024-10-22T05:45:05.346+0000] {processor.py:179} INFO - Processing /home/airflow/.local/lib/python3.8/site-packages/airflow/example_dags/example_latest_only_with_trigger.py took 1.497 seconds
[2024-10-22T05:48:32.572+0000] {processor.py:157} INFO - Started process (PID=26444) to work on /home/airflow/.local/lib/python3.8/site-packages/airflow/example_dags/example_latest_only_with_trigger.py
[2024-10-22T05:48:32.916+0000] {processor.py:829} INFO - Processing file /home/airflow/.local/lib/python3.8/site-packages/airflow/example_dags/example_latest_only_with_trigger.py for tasks to queue
[2024-10-22T05:48:33.220+0000] {logging_mixin.py:151} INFO - [2024-10-22T05:48:33.190+0000] {dagbag.py:536} INFO - Filling up the DagBag from /home/airflow/.local/lib/python3.8/site-packages/airflow/example_dags/example_latest_only_with_trigger.py
[2024-10-22T05:48:36.847+0000] {processor.py:839} INFO - DAG(s) dict_keys(['latest_only_with_trigger']) retrieved from /home/airflow/.local/lib/python3.8/site-packages/airflow/example_dags/example_latest_only_with_trigger.py
[2024-10-22T05:48:44.013+0000] {logging_mixin.py:151} INFO - [2024-10-22T05:48:44.012+0000] {dag.py:2941} INFO - Sync 1 DAGs
[2024-10-22T05:48:49.337+0000] {logging_mixin.py:151} INFO - [2024-10-22T05:48:49.240+0000] {dag.py:3722} INFO - Setting next_dagrun for latest_only_with_trigger to 2024-10-22T01:48:49.104277+00:00, run_after=2024-10-22T05:48:49.104277+00:00
[2024-10-22T05:48:51.374+0000] {processor.py:179} INFO - Processing /home/airflow/.local/lib/python3.8/site-packages/airflow/example_dags/example_latest_only_with_trigger.py took 19.023 seconds
[2024-10-22T05:52:50.944+0000] {processor.py:157} INFO - Started process (PID=26523) to work on /home/airflow/.local/lib/python3.8/site-packages/airflow/example_dags/example_latest_only_with_trigger.py
[2024-10-22T05:52:50.984+0000] {processor.py:829} INFO - Processing file /home/airflow/.local/lib/python3.8/site-packages/airflow/example_dags/example_latest_only_with_trigger.py for tasks to queue
[2024-10-22T05:52:50.997+0000] {logging_mixin.py:151} INFO - [2024-10-22T05:52:50.995+0000] {dagbag.py:536} INFO - Filling up the DagBag from /home/airflow/.local/lib/python3.8/site-packages/airflow/example_dags/example_latest_only_with_trigger.py
[2024-10-22T05:52:51.808+0000] {processor.py:839} INFO - DAG(s) dict_keys(['latest_only_with_trigger']) retrieved from /home/airflow/.local/lib/python3.8/site-packages/airflow/example_dags/example_latest_only_with_trigger.py
[2024-10-22T05:52:52.770+0000] {logging_mixin.py:151} INFO - [2024-10-22T05:52:52.770+0000] {dag.py:2941} INFO - Sync 1 DAGs
[2024-10-22T05:52:53.613+0000] {logging_mixin.py:151} INFO - [2024-10-22T05:52:53.612+0000] {dag.py:3722} INFO - Setting next_dagrun for latest_only_with_trigger to 2024-10-22T01:52:53.543544+00:00, run_after=2024-10-22T05:52:53.543544+00:00
[2024-10-22T05:52:55.181+0000] {processor.py:179} INFO - Processing /home/airflow/.local/lib/python3.8/site-packages/airflow/example_dags/example_latest_only_with_trigger.py took 4.516 seconds
[2024-10-22T05:56:40.794+0000] {processor.py:157} INFO - Started process (PID=26608) to work on /home/airflow/.local/lib/python3.8/site-packages/airflow/example_dags/example_latest_only_with_trigger.py
[2024-10-22T05:56:41.009+0000] {processor.py:829} INFO - Processing file /home/airflow/.local/lib/python3.8/site-packages/airflow/example_dags/example_latest_only_with_trigger.py for tasks to queue
[2024-10-22T05:56:41.030+0000] {logging_mixin.py:151} INFO - [2024-10-22T05:56:41.029+0000] {dagbag.py:536} INFO - Filling up the DagBag from /home/airflow/.local/lib/python3.8/site-packages/airflow/example_dags/example_latest_only_with_trigger.py
[2024-10-22T05:56:42.272+0000] {processor.py:839} INFO - DAG(s) dict_keys(['latest_only_with_trigger']) retrieved from /home/airflow/.local/lib/python3.8/site-packages/airflow/example_dags/example_latest_only_with_trigger.py
[2024-10-22T05:56:43.153+0000] {logging_mixin.py:151} INFO - [2024-10-22T05:56:43.136+0000] {dag.py:2941} INFO - Sync 1 DAGs
[2024-10-22T05:56:44.078+0000] {logging_mixin.py:151} INFO - [2024-10-22T05:56:44.078+0000] {dag.py:3722} INFO - Setting next_dagrun for latest_only_with_trigger to 2024-10-22T01:56:44.077858+00:00, run_after=2024-10-22T05:56:44.077858+00:00
[2024-10-22T05:56:45.859+0000] {processor.py:179} INFO - Processing /home/airflow/.local/lib/python3.8/site-packages/airflow/example_dags/example_latest_only_with_trigger.py took 5.432 seconds
[2024-10-22T06:01:11.623+0000] {processor.py:157} INFO - Started process (PID=26684) to work on /home/airflow/.local/lib/python3.8/site-packages/airflow/example_dags/example_latest_only_with_trigger.py
[2024-10-22T06:01:11.650+0000] {processor.py:829} INFO - Processing file /home/airflow/.local/lib/python3.8/site-packages/airflow/example_dags/example_latest_only_with_trigger.py for tasks to queue
[2024-10-22T06:01:11.666+0000] {logging_mixin.py:151} INFO - [2024-10-22T06:01:11.666+0000] {dagbag.py:536} INFO - Filling up the DagBag from /home/airflow/.local/lib/python3.8/site-packages/airflow/example_dags/example_latest_only_with_trigger.py
[2024-10-22T06:01:12.017+0000] {processor.py:839} INFO - DAG(s) dict_keys(['latest_only_with_trigger']) retrieved from /home/airflow/.local/lib/python3.8/site-packages/airflow/example_dags/example_latest_only_with_trigger.py
[2024-10-22T06:01:15.078+0000] {logging_mixin.py:151} INFO - [2024-10-22T06:01:15.076+0000] {dag.py:2941} INFO - Sync 1 DAGs
[2024-10-22T06:01:16.364+0000] {logging_mixin.py:151} INFO - [2024-10-22T06:01:16.363+0000] {dag.py:3722} INFO - Setting next_dagrun for latest_only_with_trigger to 2024-10-22T02:01:16.362485+00:00, run_after=2024-10-22T06:01:16.362485+00:00
[2024-10-22T06:01:16.722+0000] {processor.py:179} INFO - Processing /home/airflow/.local/lib/python3.8/site-packages/airflow/example_dags/example_latest_only_with_trigger.py took 5.451 seconds
[2024-10-22T06:10:21.521+0000] {processor.py:157} INFO - Started process (PID=26755) to work on /home/airflow/.local/lib/python3.8/site-packages/airflow/example_dags/example_latest_only_with_trigger.py
[2024-10-22T06:10:21.545+0000] {processor.py:829} INFO - Processing file /home/airflow/.local/lib/python3.8/site-packages/airflow/example_dags/example_latest_only_with_trigger.py for tasks to queue
[2024-10-22T06:10:21.571+0000] {logging_mixin.py:151} INFO - [2024-10-22T06:10:21.570+0000] {dagbag.py:536} INFO - Filling up the DagBag from /home/airflow/.local/lib/python3.8/site-packages/airflow/example_dags/example_latest_only_with_trigger.py
[2024-10-22T06:10:22.297+0000] {processor.py:839} INFO - DAG(s) dict_keys(['latest_only_with_trigger']) retrieved from /home/airflow/.local/lib/python3.8/site-packages/airflow/example_dags/example_latest_only_with_trigger.py
[2024-10-22T06:10:23.671+0000] {logging_mixin.py:151} INFO - [2024-10-22T06:10:23.670+0000] {dag.py:2941} INFO - Sync 1 DAGs
[2024-10-22T06:10:25.705+0000] {logging_mixin.py:151} INFO - [2024-10-22T06:10:25.704+0000] {dag.py:3722} INFO - Setting next_dagrun for latest_only_with_trigger to 2024-10-22T02:10:25.695878+00:00, run_after=2024-10-22T06:10:25.695878+00:00
[2024-10-22T06:10:26.644+0000] {processor.py:179} INFO - Processing /home/airflow/.local/lib/python3.8/site-packages/airflow/example_dags/example_latest_only_with_trigger.py took 5.208 seconds
[2024-10-22T06:15:42.656+0000] {processor.py:157} INFO - Started process (PID=26840) to work on /home/airflow/.local/lib/python3.8/site-packages/airflow/example_dags/example_latest_only_with_trigger.py
[2024-10-22T06:15:42.675+0000] {processor.py:829} INFO - Processing file /home/airflow/.local/lib/python3.8/site-packages/airflow/example_dags/example_latest_only_with_trigger.py for tasks to queue
[2024-10-22T06:15:42.755+0000] {logging_mixin.py:151} INFO - [2024-10-22T06:15:42.705+0000] {dagbag.py:536} INFO - Filling up the DagBag from /home/airflow/.local/lib/python3.8/site-packages/airflow/example_dags/example_latest_only_with_trigger.py
[2024-10-22T06:15:43.449+0000] {processor.py:839} INFO - DAG(s) dict_keys(['latest_only_with_trigger']) retrieved from /home/airflow/.local/lib/python3.8/site-packages/airflow/example_dags/example_latest_only_with_trigger.py
[2024-10-22T06:15:47.025+0000] {logging_mixin.py:151} INFO - [2024-10-22T06:15:47.023+0000] {dag.py:2941} INFO - Sync 1 DAGs
[2024-10-22T06:15:48.474+0000] {logging_mixin.py:151} INFO - [2024-10-22T06:15:48.474+0000] {dag.py:3722} INFO - Setting next_dagrun for latest_only_with_trigger to 2024-10-22T02:15:48.472551+00:00, run_after=2024-10-22T06:15:48.472551+00:00
[2024-10-22T06:15:49.573+0000] {processor.py:179} INFO - Processing /home/airflow/.local/lib/python3.8/site-packages/airflow/example_dags/example_latest_only_with_trigger.py took 7.368 seconds
