[2024-10-22T05:44:34.165+0000] {processor.py:157} INFO - Started process (PID=26340) to work on /home/airflow/.local/lib/python3.8/site-packages/airflow/example_dags/example_dynamic_task_mapping_with_no_taskflow_operators.py
[2024-10-22T05:44:34.192+0000] {processor.py:829} INFO - Processing file /home/airflow/.local/lib/python3.8/site-packages/airflow/example_dags/example_dynamic_task_mapping_with_no_taskflow_operators.py for tasks to queue
[2024-10-22T05:44:34.197+0000] {logging_mixin.py:151} INFO - [2024-10-22T05:44:34.196+0000] {dagbag.py:536} INFO - Filling up the DagBag from /home/airflow/.local/lib/python3.8/site-packages/airflow/example_dags/example_dynamic_task_mapping_with_no_taskflow_operators.py
[2024-10-22T05:44:34.320+0000] {processor.py:839} INFO - DAG(s) dict_keys(['example_dynamic_task_mapping_with_no_taskflow_operators']) retrieved from /home/airflow/.local/lib/python3.8/site-packages/airflow/example_dags/example_dynamic_task_mapping_with_no_taskflow_operators.py
[2024-10-22T05:44:34.948+0000] {logging_mixin.py:151} INFO - [2024-10-22T05:44:34.947+0000] {dag.py:2941} INFO - Sync 1 DAGs
[2024-10-22T05:44:35.304+0000] {logging_mixin.py:151} INFO - [2024-10-22T05:44:35.303+0000] {dag.py:3722} INFO - Setting next_dagrun for example_dynamic_task_mapping_with_no_taskflow_operators to 2024-10-21T05:44:35.302131+00:00, run_after=2024-10-22T05:44:35.302131+00:00
[2024-10-22T05:44:36.096+0000] {processor.py:179} INFO - Processing /home/airflow/.local/lib/python3.8/site-packages/airflow/example_dags/example_dynamic_task_mapping_with_no_taskflow_operators.py took 2.050 seconds
[2024-10-22T05:46:33.908+0000] {processor.py:157} INFO - Started process (PID=26411) to work on /home/airflow/.local/lib/python3.8/site-packages/airflow/example_dags/example_dynamic_task_mapping_with_no_taskflow_operators.py
[2024-10-22T05:46:34.007+0000] {processor.py:829} INFO - Processing file /home/airflow/.local/lib/python3.8/site-packages/airflow/example_dags/example_dynamic_task_mapping_with_no_taskflow_operators.py for tasks to queue
[2024-10-22T05:46:34.036+0000] {logging_mixin.py:151} INFO - [2024-10-22T05:46:34.034+0000] {dagbag.py:536} INFO - Filling up the DagBag from /home/airflow/.local/lib/python3.8/site-packages/airflow/example_dags/example_dynamic_task_mapping_with_no_taskflow_operators.py
[2024-10-22T05:46:34.405+0000] {processor.py:839} INFO - DAG(s) dict_keys(['example_dynamic_task_mapping_with_no_taskflow_operators']) retrieved from /home/airflow/.local/lib/python3.8/site-packages/airflow/example_dags/example_dynamic_task_mapping_with_no_taskflow_operators.py
[2024-10-22T05:46:34.913+0000] {logging_mixin.py:151} INFO - [2024-10-22T05:46:34.912+0000] {dag.py:2941} INFO - Sync 1 DAGs
[2024-10-22T05:46:35.777+0000] {logging_mixin.py:151} INFO - [2024-10-22T05:46:35.777+0000] {dag.py:3722} INFO - Setting next_dagrun for example_dynamic_task_mapping_with_no_taskflow_operators to 2024-10-21T05:46:35.776142+00:00, run_after=2024-10-22T05:46:35.776142+00:00
[2024-10-22T05:46:36.331+0000] {processor.py:179} INFO - Processing /home/airflow/.local/lib/python3.8/site-packages/airflow/example_dags/example_dynamic_task_mapping_with_no_taskflow_operators.py took 2.483 seconds
[2024-10-22T05:51:34.431+0000] {processor.py:157} INFO - Started process (PID=26488) to work on /home/airflow/.local/lib/python3.8/site-packages/airflow/example_dags/example_dynamic_task_mapping_with_no_taskflow_operators.py
[2024-10-22T05:51:34.458+0000] {processor.py:829} INFO - Processing file /home/airflow/.local/lib/python3.8/site-packages/airflow/example_dags/example_dynamic_task_mapping_with_no_taskflow_operators.py for tasks to queue
[2024-10-22T05:51:34.562+0000] {logging_mixin.py:151} INFO - [2024-10-22T05:51:34.561+0000] {dagbag.py:536} INFO - Filling up the DagBag from /home/airflow/.local/lib/python3.8/site-packages/airflow/example_dags/example_dynamic_task_mapping_with_no_taskflow_operators.py
[2024-10-22T05:51:37.362+0000] {processor.py:839} INFO - DAG(s) dict_keys(['example_dynamic_task_mapping_with_no_taskflow_operators']) retrieved from /home/airflow/.local/lib/python3.8/site-packages/airflow/example_dags/example_dynamic_task_mapping_with_no_taskflow_operators.py
[2024-10-22T05:51:40.908+0000] {logging_mixin.py:151} INFO - [2024-10-22T05:51:40.678+0000] {dag.py:2941} INFO - Sync 1 DAGs
[2024-10-22T05:51:42.726+0000] {logging_mixin.py:151} INFO - [2024-10-22T05:51:42.725+0000] {dag.py:3722} INFO - Setting next_dagrun for example_dynamic_task_mapping_with_no_taskflow_operators to 2024-10-21T05:51:42.566678+00:00, run_after=2024-10-22T05:51:42.566678+00:00
[2024-10-22T05:51:43.539+0000] {processor.py:179} INFO - Processing /home/airflow/.local/lib/python3.8/site-packages/airflow/example_dags/example_dynamic_task_mapping_with_no_taskflow_operators.py took 9.463 seconds
[2024-10-22T05:55:48.686+0000] {processor.py:157} INFO - Started process (PID=26587) to work on /home/airflow/.local/lib/python3.8/site-packages/airflow/example_dags/example_dynamic_task_mapping_with_no_taskflow_operators.py
[2024-10-22T05:55:48.763+0000] {processor.py:829} INFO - Processing file /home/airflow/.local/lib/python3.8/site-packages/airflow/example_dags/example_dynamic_task_mapping_with_no_taskflow_operators.py for tasks to queue
[2024-10-22T05:55:48.807+0000] {logging_mixin.py:151} INFO - [2024-10-22T05:55:48.806+0000] {dagbag.py:536} INFO - Filling up the DagBag from /home/airflow/.local/lib/python3.8/site-packages/airflow/example_dags/example_dynamic_task_mapping_with_no_taskflow_operators.py
[2024-10-22T05:55:49.262+0000] {processor.py:839} INFO - DAG(s) dict_keys(['example_dynamic_task_mapping_with_no_taskflow_operators']) retrieved from /home/airflow/.local/lib/python3.8/site-packages/airflow/example_dags/example_dynamic_task_mapping_with_no_taskflow_operators.py
[2024-10-22T05:55:49.456+0000] {logging_mixin.py:151} INFO - [2024-10-22T05:55:49.445+0000] {dag.py:2941} INFO - Sync 1 DAGs
[2024-10-22T05:55:49.952+0000] {logging_mixin.py:151} INFO - [2024-10-22T05:55:49.951+0000] {dag.py:3722} INFO - Setting next_dagrun for example_dynamic_task_mapping_with_no_taskflow_operators to 2024-10-21T05:55:49.950569+00:00, run_after=2024-10-22T05:55:49.950569+00:00
[2024-10-22T05:55:50.416+0000] {processor.py:179} INFO - Processing /home/airflow/.local/lib/python3.8/site-packages/airflow/example_dags/example_dynamic_task_mapping_with_no_taskflow_operators.py took 2.508 seconds
[2024-10-22T06:00:20.204+0000] {processor.py:157} INFO - Started process (PID=26658) to work on /home/airflow/.local/lib/python3.8/site-packages/airflow/example_dags/example_dynamic_task_mapping_with_no_taskflow_operators.py
[2024-10-22T06:00:20.211+0000] {processor.py:829} INFO - Processing file /home/airflow/.local/lib/python3.8/site-packages/airflow/example_dags/example_dynamic_task_mapping_with_no_taskflow_operators.py for tasks to queue
[2024-10-22T06:00:20.226+0000] {logging_mixin.py:151} INFO - [2024-10-22T06:00:20.225+0000] {dagbag.py:536} INFO - Filling up the DagBag from /home/airflow/.local/lib/python3.8/site-packages/airflow/example_dags/example_dynamic_task_mapping_with_no_taskflow_operators.py
[2024-10-22T06:00:20.425+0000] {processor.py:839} INFO - DAG(s) dict_keys(['example_dynamic_task_mapping_with_no_taskflow_operators']) retrieved from /home/airflow/.local/lib/python3.8/site-packages/airflow/example_dags/example_dynamic_task_mapping_with_no_taskflow_operators.py
[2024-10-22T06:00:21.176+0000] {logging_mixin.py:151} INFO - [2024-10-22T06:00:21.165+0000] {dag.py:2941} INFO - Sync 1 DAGs
[2024-10-22T06:00:25.626+0000] {logging_mixin.py:151} INFO - [2024-10-22T06:00:25.625+0000] {dag.py:3722} INFO - Setting next_dagrun for example_dynamic_task_mapping_with_no_taskflow_operators to 2024-10-21T06:00:25.624469+00:00, run_after=2024-10-22T06:00:25.624469+00:00
[2024-10-22T06:00:27.574+0000] {processor.py:179} INFO - Processing /home/airflow/.local/lib/python3.8/site-packages/airflow/example_dags/example_dynamic_task_mapping_with_no_taskflow_operators.py took 7.387 seconds
[2024-10-22T06:09:25.003+0000] {processor.py:157} INFO - Started process (PID=26727) to work on /home/airflow/.local/lib/python3.8/site-packages/airflow/example_dags/example_dynamic_task_mapping_with_no_taskflow_operators.py
[2024-10-22T06:09:25.015+0000] {processor.py:829} INFO - Processing file /home/airflow/.local/lib/python3.8/site-packages/airflow/example_dags/example_dynamic_task_mapping_with_no_taskflow_operators.py for tasks to queue
[2024-10-22T06:09:25.018+0000] {logging_mixin.py:151} INFO - [2024-10-22T06:09:25.017+0000] {dagbag.py:536} INFO - Filling up the DagBag from /home/airflow/.local/lib/python3.8/site-packages/airflow/example_dags/example_dynamic_task_mapping_with_no_taskflow_operators.py
[2024-10-22T06:09:25.344+0000] {processor.py:839} INFO - DAG(s) dict_keys(['example_dynamic_task_mapping_with_no_taskflow_operators']) retrieved from /home/airflow/.local/lib/python3.8/site-packages/airflow/example_dags/example_dynamic_task_mapping_with_no_taskflow_operators.py
[2024-10-22T06:09:26.652+0000] {logging_mixin.py:151} INFO - [2024-10-22T06:09:26.652+0000] {dag.py:2941} INFO - Sync 1 DAGs
[2024-10-22T06:09:27.772+0000] {logging_mixin.py:151} INFO - [2024-10-22T06:09:27.771+0000] {dag.py:3722} INFO - Setting next_dagrun for example_dynamic_task_mapping_with_no_taskflow_operators to 2024-10-21T06:09:27.770600+00:00, run_after=2024-10-22T06:09:27.770600+00:00
[2024-10-22T06:09:29.503+0000] {processor.py:179} INFO - Processing /home/airflow/.local/lib/python3.8/site-packages/airflow/example_dags/example_dynamic_task_mapping_with_no_taskflow_operators.py took 4.632 seconds
[2024-10-22T06:15:00.828+0000] {processor.py:157} INFO - Started process (PID=26819) to work on /home/airflow/.local/lib/python3.8/site-packages/airflow/example_dags/example_dynamic_task_mapping_with_no_taskflow_operators.py
[2024-10-22T06:15:00.990+0000] {processor.py:829} INFO - Processing file /home/airflow/.local/lib/python3.8/site-packages/airflow/example_dags/example_dynamic_task_mapping_with_no_taskflow_operators.py for tasks to queue
[2024-10-22T06:15:01.031+0000] {logging_mixin.py:151} INFO - [2024-10-22T06:15:01.030+0000] {dagbag.py:536} INFO - Filling up the DagBag from /home/airflow/.local/lib/python3.8/site-packages/airflow/example_dags/example_dynamic_task_mapping_with_no_taskflow_operators.py
[2024-10-22T06:15:01.480+0000] {processor.py:839} INFO - DAG(s) dict_keys(['example_dynamic_task_mapping_with_no_taskflow_operators']) retrieved from /home/airflow/.local/lib/python3.8/site-packages/airflow/example_dags/example_dynamic_task_mapping_with_no_taskflow_operators.py
[2024-10-22T06:15:02.267+0000] {logging_mixin.py:151} INFO - [2024-10-22T06:15:02.255+0000] {dag.py:2941} INFO - Sync 1 DAGs
[2024-10-22T06:15:02.866+0000] {logging_mixin.py:151} INFO - [2024-10-22T06:15:02.866+0000] {dag.py:3722} INFO - Setting next_dagrun for example_dynamic_task_mapping_with_no_taskflow_operators to 2024-10-21T06:15:02.865351+00:00, run_after=2024-10-22T06:15:02.865351+00:00
[2024-10-22T06:15:03.992+0000] {processor.py:179} INFO - Processing /home/airflow/.local/lib/python3.8/site-packages/airflow/example_dags/example_dynamic_task_mapping_with_no_taskflow_operators.py took 3.192 seconds
