[2024-10-22T05:45:04.961+0000] {processor.py:157} INFO - Started process (PID=26362) to work on /home/airflow/.local/lib/python3.8/site-packages/airflow/example_dags/example_kubernetes_executor.py
[2024-10-22T05:45:04.979+0000] {processor.py:829} INFO - Processing file /home/airflow/.local/lib/python3.8/site-packages/airflow/example_dags/example_kubernetes_executor.py for tasks to queue
[2024-10-22T05:45:05.002+0000] {logging_mixin.py:151} INFO - [2024-10-22T05:45:05.001+0000] {dagbag.py:536} INFO - Filling up the DagBag from /home/airflow/.local/lib/python3.8/site-packages/airflow/example_dags/example_kubernetes_executor.py
[2024-10-22T05:45:05.161+0000] {processor.py:839} INFO - DAG(s) dict_keys(['example_kubernetes_executor']) retrieved from /home/airflow/.local/lib/python3.8/site-packages/airflow/example_dags/example_kubernetes_executor.py
[2024-10-22T05:45:06.134+0000] {logging_mixin.py:151} INFO - [2024-10-22T05:45:06.132+0000] {dag.py:2941} INFO - Sync 1 DAGs
[2024-10-22T05:45:06.796+0000] {logging_mixin.py:151} INFO - [2024-10-22T05:45:06.796+0000] {dag.py:3722} INFO - Setting next_dagrun for example_kubernetes_executor to None, run_after=None
[2024-10-22T05:45:07.241+0000] {processor.py:179} INFO - Processing /home/airflow/.local/lib/python3.8/site-packages/airflow/example_dags/example_kubernetes_executor.py took 2.453 seconds
[2024-10-22T05:48:43.481+0000] {processor.py:157} INFO - Started process (PID=26445) to work on /home/airflow/.local/lib/python3.8/site-packages/airflow/example_dags/example_kubernetes_executor.py
[2024-10-22T05:48:43.664+0000] {processor.py:829} INFO - Processing file /home/airflow/.local/lib/python3.8/site-packages/airflow/example_dags/example_kubernetes_executor.py for tasks to queue
[2024-10-22T05:48:43.982+0000] {logging_mixin.py:151} INFO - [2024-10-22T05:48:43.921+0000] {dagbag.py:536} INFO - Filling up the DagBag from /home/airflow/.local/lib/python3.8/site-packages/airflow/example_dags/example_kubernetes_executor.py
[2024-10-22T05:48:51.350+0000] {processor.py:839} INFO - DAG(s) dict_keys(['example_kubernetes_executor']) retrieved from /home/airflow/.local/lib/python3.8/site-packages/airflow/example_dags/example_kubernetes_executor.py
[2024-10-22T05:48:54.990+0000] {logging_mixin.py:151} INFO - [2024-10-22T05:48:54.987+0000] {dag.py:2941} INFO - Sync 1 DAGs
[2024-10-22T05:49:00.359+0000] {logging_mixin.py:151} INFO - [2024-10-22T05:49:00.358+0000] {dag.py:3722} INFO - Setting next_dagrun for example_kubernetes_executor to None, run_after=None
[2024-10-22T05:49:02.986+0000] {processor.py:179} INFO - Processing /home/airflow/.local/lib/python3.8/site-packages/airflow/example_dags/example_kubernetes_executor.py took 21.317 seconds
[2024-10-22T05:52:56.410+0000] {processor.py:157} INFO - Started process (PID=26524) to work on /home/airflow/.local/lib/python3.8/site-packages/airflow/example_dags/example_kubernetes_executor.py
[2024-10-22T05:52:56.506+0000] {processor.py:829} INFO - Processing file /home/airflow/.local/lib/python3.8/site-packages/airflow/example_dags/example_kubernetes_executor.py for tasks to queue
[2024-10-22T05:52:56.528+0000] {logging_mixin.py:151} INFO - [2024-10-22T05:52:56.527+0000] {dagbag.py:536} INFO - Filling up the DagBag from /home/airflow/.local/lib/python3.8/site-packages/airflow/example_dags/example_kubernetes_executor.py
[2024-10-22T05:52:59.350+0000] {processor.py:839} INFO - DAG(s) dict_keys(['example_kubernetes_executor']) retrieved from /home/airflow/.local/lib/python3.8/site-packages/airflow/example_dags/example_kubernetes_executor.py
[2024-10-22T05:53:05.022+0000] {logging_mixin.py:151} INFO - [2024-10-22T05:53:05.017+0000] {dag.py:2941} INFO - Sync 1 DAGs
[2024-10-22T05:53:18.410+0000] {logging_mixin.py:151} INFO - [2024-10-22T05:53:18.296+0000] {dag.py:3722} INFO - Setting next_dagrun for example_kubernetes_executor to None, run_after=None
[2024-10-22T05:53:22.559+0000] {processor.py:179} INFO - Processing /home/airflow/.local/lib/python3.8/site-packages/airflow/example_dags/example_kubernetes_executor.py took 26.279 seconds
[2024-10-22T05:56:44.059+0000] {processor.py:157} INFO - Started process (PID=26616) to work on /home/airflow/.local/lib/python3.8/site-packages/airflow/example_dags/example_kubernetes_executor.py
[2024-10-22T05:56:44.175+0000] {processor.py:829} INFO - Processing file /home/airflow/.local/lib/python3.8/site-packages/airflow/example_dags/example_kubernetes_executor.py for tasks to queue
[2024-10-22T05:56:44.182+0000] {logging_mixin.py:151} INFO - [2024-10-22T05:56:44.181+0000] {dagbag.py:536} INFO - Filling up the DagBag from /home/airflow/.local/lib/python3.8/site-packages/airflow/example_dags/example_kubernetes_executor.py
[2024-10-22T05:56:44.723+0000] {processor.py:839} INFO - DAG(s) dict_keys(['example_kubernetes_executor']) retrieved from /home/airflow/.local/lib/python3.8/site-packages/airflow/example_dags/example_kubernetes_executor.py
[2024-10-22T05:56:50.577+0000] {logging_mixin.py:151} INFO - [2024-10-22T05:56:50.563+0000] {dag.py:2941} INFO - Sync 1 DAGs
[2024-10-22T05:56:52.595+0000] {logging_mixin.py:151} INFO - [2024-10-22T05:56:52.595+0000] {dag.py:3722} INFO - Setting next_dagrun for example_kubernetes_executor to None, run_after=None
[2024-10-22T05:56:52.893+0000] {processor.py:179} INFO - Processing /home/airflow/.local/lib/python3.8/site-packages/airflow/example_dags/example_kubernetes_executor.py took 8.916 seconds
[2024-10-22T06:01:16.435+0000] {processor.py:157} INFO - Started process (PID=26685) to work on /home/airflow/.local/lib/python3.8/site-packages/airflow/example_dags/example_kubernetes_executor.py
[2024-10-22T06:01:16.454+0000] {processor.py:829} INFO - Processing file /home/airflow/.local/lib/python3.8/site-packages/airflow/example_dags/example_kubernetes_executor.py for tasks to queue
[2024-10-22T06:01:16.474+0000] {logging_mixin.py:151} INFO - [2024-10-22T06:01:16.473+0000] {dagbag.py:536} INFO - Filling up the DagBag from /home/airflow/.local/lib/python3.8/site-packages/airflow/example_dags/example_kubernetes_executor.py
[2024-10-22T06:01:17.183+0000] {processor.py:839} INFO - DAG(s) dict_keys(['example_kubernetes_executor']) retrieved from /home/airflow/.local/lib/python3.8/site-packages/airflow/example_dags/example_kubernetes_executor.py
[2024-10-22T06:01:21.097+0000] {logging_mixin.py:151} INFO - [2024-10-22T06:01:21.096+0000] {dag.py:2941} INFO - Sync 1 DAGs
[2024-10-22T06:01:21.373+0000] {logging_mixin.py:151} INFO - [2024-10-22T06:01:21.373+0000] {dag.py:3722} INFO - Setting next_dagrun for example_kubernetes_executor to None, run_after=None
[2024-10-22T06:01:21.748+0000] {processor.py:179} INFO - Processing /home/airflow/.local/lib/python3.8/site-packages/airflow/example_dags/example_kubernetes_executor.py took 5.767 seconds
[2024-10-22T06:10:22.613+0000] {processor.py:157} INFO - Started process (PID=26756) to work on /home/airflow/.local/lib/python3.8/site-packages/airflow/example_dags/example_kubernetes_executor.py
[2024-10-22T06:10:22.624+0000] {processor.py:829} INFO - Processing file /home/airflow/.local/lib/python3.8/site-packages/airflow/example_dags/example_kubernetes_executor.py for tasks to queue
[2024-10-22T06:10:22.684+0000] {logging_mixin.py:151} INFO - [2024-10-22T06:10:22.670+0000] {dagbag.py:536} INFO - Filling up the DagBag from /home/airflow/.local/lib/python3.8/site-packages/airflow/example_dags/example_kubernetes_executor.py
[2024-10-22T06:10:24.049+0000] {processor.py:839} INFO - DAG(s) dict_keys(['example_kubernetes_executor']) retrieved from /home/airflow/.local/lib/python3.8/site-packages/airflow/example_dags/example_kubernetes_executor.py
[2024-10-22T06:10:31.301+0000] {logging_mixin.py:151} INFO - [2024-10-22T06:10:31.288+0000] {dag.py:2941} INFO - Sync 1 DAGs
[2024-10-22T06:10:34.014+0000] {logging_mixin.py:151} INFO - [2024-10-22T06:10:34.013+0000] {dag.py:3722} INFO - Setting next_dagrun for example_kubernetes_executor to None, run_after=None
[2024-10-22T06:10:34.432+0000] {processor.py:179} INFO - Processing /home/airflow/.local/lib/python3.8/site-packages/airflow/example_dags/example_kubernetes_executor.py took 11.870 seconds
[2024-10-22T06:15:43.108+0000] {processor.py:157} INFO - Started process (PID=26841) to work on /home/airflow/.local/lib/python3.8/site-packages/airflow/example_dags/example_kubernetes_executor.py
[2024-10-22T06:15:43.356+0000] {processor.py:829} INFO - Processing file /home/airflow/.local/lib/python3.8/site-packages/airflow/example_dags/example_kubernetes_executor.py for tasks to queue
[2024-10-22T06:15:43.360+0000] {logging_mixin.py:151} INFO - [2024-10-22T06:15:43.359+0000] {dagbag.py:536} INFO - Filling up the DagBag from /home/airflow/.local/lib/python3.8/site-packages/airflow/example_dags/example_kubernetes_executor.py
[2024-10-22T06:15:49.189+0000] {processor.py:839} INFO - DAG(s) dict_keys(['example_kubernetes_executor']) retrieved from /home/airflow/.local/lib/python3.8/site-packages/airflow/example_dags/example_kubernetes_executor.py
[2024-10-22T06:15:51.896+0000] {logging_mixin.py:151} INFO - [2024-10-22T06:15:51.894+0000] {dag.py:2941} INFO - Sync 1 DAGs
[2024-10-22T06:15:54.959+0000] {logging_mixin.py:151} INFO - [2024-10-22T06:15:54.954+0000] {dag.py:3722} INFO - Setting next_dagrun for example_kubernetes_executor to None, run_after=None
[2024-10-22T06:15:55.400+0000] {processor.py:179} INFO - Processing /home/airflow/.local/lib/python3.8/site-packages/airflow/example_dags/example_kubernetes_executor.py took 12.579 seconds
