[2024-10-22T05:45:11.174+0000] {processor.py:157} INFO - Started process (PID=26366) to work on /home/airflow/.local/lib/python3.8/site-packages/airflow/example_dags/example_sensor_decorator.py
[2024-10-22T05:45:11.179+0000] {processor.py:829} INFO - Processing file /home/airflow/.local/lib/python3.8/site-packages/airflow/example_dags/example_sensor_decorator.py for tasks to queue
[2024-10-22T05:45:11.183+0000] {logging_mixin.py:151} INFO - [2024-10-22T05:45:11.182+0000] {dagbag.py:536} INFO - Filling up the DagBag from /home/airflow/.local/lib/python3.8/site-packages/airflow/example_dags/example_sensor_decorator.py
[2024-10-22T05:45:11.439+0000] {processor.py:839} INFO - DAG(s) dict_keys(['example_sensor_decorator']) retrieved from /home/airflow/.local/lib/python3.8/site-packages/airflow/example_dags/example_sensor_decorator.py
[2024-10-22T05:45:12.108+0000] {logging_mixin.py:151} INFO - [2024-10-22T05:45:12.107+0000] {dag.py:2941} INFO - Sync 1 DAGs
[2024-10-22T05:45:12.684+0000] {logging_mixin.py:151} INFO - [2024-10-22T05:45:12.684+0000] {dag.py:3722} INFO - Setting next_dagrun for example_sensor_decorator to None, run_after=None
[2024-10-22T05:45:13.479+0000] {processor.py:179} INFO - Processing /home/airflow/.local/lib/python3.8/site-packages/airflow/example_dags/example_sensor_decorator.py took 2.343 seconds
[2024-10-22T05:49:10.697+0000] {processor.py:157} INFO - Started process (PID=26455) to work on /home/airflow/.local/lib/python3.8/site-packages/airflow/example_dags/example_sensor_decorator.py
[2024-10-22T05:49:10.731+0000] {processor.py:829} INFO - Processing file /home/airflow/.local/lib/python3.8/site-packages/airflow/example_dags/example_sensor_decorator.py for tasks to queue
[2024-10-22T05:49:10.764+0000] {logging_mixin.py:151} INFO - [2024-10-22T05:49:10.762+0000] {dagbag.py:536} INFO - Filling up the DagBag from /home/airflow/.local/lib/python3.8/site-packages/airflow/example_dags/example_sensor_decorator.py
[2024-10-22T05:49:11.502+0000] {processor.py:839} INFO - DAG(s) dict_keys(['example_sensor_decorator']) retrieved from /home/airflow/.local/lib/python3.8/site-packages/airflow/example_dags/example_sensor_decorator.py
[2024-10-22T05:49:32.338+0000] {logging_mixin.py:151} INFO - [2024-10-22T05:49:32.338+0000] {dag.py:2941} INFO - Sync 1 DAGs
[2024-10-22T05:49:34.052+0000] {logging_mixin.py:151} INFO - [2024-10-22T05:49:33.905+0000] {dag.py:3722} INFO - Setting next_dagrun for example_sensor_decorator to None, run_after=None
[2024-10-22T05:49:34.875+0000] {processor.py:179} INFO - Processing /home/airflow/.local/lib/python3.8/site-packages/airflow/example_dags/example_sensor_decorator.py took 24.247 seconds
[2024-10-22T05:53:42.053+0000] {processor.py:157} INFO - Started process (PID=26534) to work on /home/airflow/.local/lib/python3.8/site-packages/airflow/example_dags/example_sensor_decorator.py
[2024-10-22T05:53:42.151+0000] {processor.py:829} INFO - Processing file /home/airflow/.local/lib/python3.8/site-packages/airflow/example_dags/example_sensor_decorator.py for tasks to queue
[2024-10-22T05:53:42.191+0000] {logging_mixin.py:151} INFO - [2024-10-22T05:53:42.190+0000] {dagbag.py:536} INFO - Filling up the DagBag from /home/airflow/.local/lib/python3.8/site-packages/airflow/example_dags/example_sensor_decorator.py
[2024-10-22T05:53:42.300+0000] {processor.py:839} INFO - DAG(s) dict_keys(['example_sensor_decorator']) retrieved from /home/airflow/.local/lib/python3.8/site-packages/airflow/example_dags/example_sensor_decorator.py
[2024-10-22T05:53:43.056+0000] {logging_mixin.py:151} INFO - [2024-10-22T05:53:43.047+0000] {dag.py:2941} INFO - Sync 1 DAGs
[2024-10-22T05:53:43.570+0000] {logging_mixin.py:151} INFO - [2024-10-22T05:53:43.570+0000] {dag.py:3722} INFO - Setting next_dagrun for example_sensor_decorator to None, run_after=None
[2024-10-22T05:53:44.228+0000] {processor.py:179} INFO - Processing /home/airflow/.local/lib/python3.8/site-packages/airflow/example_dags/example_sensor_decorator.py took 2.223 seconds
[2024-10-22T05:57:00.808+0000] {processor.py:157} INFO - Started process (PID=26620) to work on /home/airflow/.local/lib/python3.8/site-packages/airflow/example_dags/example_sensor_decorator.py
[2024-10-22T05:57:00.848+0000] {processor.py:829} INFO - Processing file /home/airflow/.local/lib/python3.8/site-packages/airflow/example_dags/example_sensor_decorator.py for tasks to queue
[2024-10-22T05:57:00.868+0000] {logging_mixin.py:151} INFO - [2024-10-22T05:57:00.868+0000] {dagbag.py:536} INFO - Filling up the DagBag from /home/airflow/.local/lib/python3.8/site-packages/airflow/example_dags/example_sensor_decorator.py
[2024-10-22T05:57:01.032+0000] {processor.py:839} INFO - DAG(s) dict_keys(['example_sensor_decorator']) retrieved from /home/airflow/.local/lib/python3.8/site-packages/airflow/example_dags/example_sensor_decorator.py
[2024-10-22T05:57:01.789+0000] {logging_mixin.py:151} INFO - [2024-10-22T05:57:01.789+0000] {dag.py:2941} INFO - Sync 1 DAGs
[2024-10-22T05:57:02.604+0000] {logging_mixin.py:151} INFO - [2024-10-22T05:57:02.582+0000] {dag.py:3722} INFO - Setting next_dagrun for example_sensor_decorator to None, run_after=None
[2024-10-22T05:57:03.326+0000] {processor.py:179} INFO - Processing /home/airflow/.local/lib/python3.8/site-packages/airflow/example_dags/example_sensor_decorator.py took 3.278 seconds
[2024-10-22T06:01:31.854+0000] {processor.py:157} INFO - Started process (PID=26689) to work on /home/airflow/.local/lib/python3.8/site-packages/airflow/example_dags/example_sensor_decorator.py
[2024-10-22T06:01:31.935+0000] {processor.py:829} INFO - Processing file /home/airflow/.local/lib/python3.8/site-packages/airflow/example_dags/example_sensor_decorator.py for tasks to queue
[2024-10-22T06:01:31.973+0000] {logging_mixin.py:151} INFO - [2024-10-22T06:01:31.971+0000] {dagbag.py:536} INFO - Filling up the DagBag from /home/airflow/.local/lib/python3.8/site-packages/airflow/example_dags/example_sensor_decorator.py
[2024-10-22T06:01:32.831+0000] {processor.py:839} INFO - DAG(s) dict_keys(['example_sensor_decorator']) retrieved from /home/airflow/.local/lib/python3.8/site-packages/airflow/example_dags/example_sensor_decorator.py
[2024-10-22T06:01:37.614+0000] {logging_mixin.py:151} INFO - [2024-10-22T06:01:37.591+0000] {dag.py:2941} INFO - Sync 1 DAGs
[2024-10-22T06:01:38.214+0000] {logging_mixin.py:151} INFO - [2024-10-22T06:01:38.209+0000] {dag.py:3722} INFO - Setting next_dagrun for example_sensor_decorator to None, run_after=None
[2024-10-22T06:01:39.581+0000] {processor.py:179} INFO - Processing /home/airflow/.local/lib/python3.8/site-packages/airflow/example_dags/example_sensor_decorator.py took 8.419 seconds
[2024-10-22T06:10:57.648+0000] {processor.py:157} INFO - Started process (PID=26766) to work on /home/airflow/.local/lib/python3.8/site-packages/airflow/example_dags/example_sensor_decorator.py
[2024-10-22T06:10:57.691+0000] {processor.py:829} INFO - Processing file /home/airflow/.local/lib/python3.8/site-packages/airflow/example_dags/example_sensor_decorator.py for tasks to queue
[2024-10-22T06:10:57.704+0000] {logging_mixin.py:151} INFO - [2024-10-22T06:10:57.703+0000] {dagbag.py:536} INFO - Filling up the DagBag from /home/airflow/.local/lib/python3.8/site-packages/airflow/example_dags/example_sensor_decorator.py
[2024-10-22T06:10:58.125+0000] {processor.py:839} INFO - DAG(s) dict_keys(['example_sensor_decorator']) retrieved from /home/airflow/.local/lib/python3.8/site-packages/airflow/example_dags/example_sensor_decorator.py
[2024-10-22T06:11:04.565+0000] {logging_mixin.py:151} INFO - [2024-10-22T06:11:04.563+0000] {dag.py:2941} INFO - Sync 1 DAGs
[2024-10-22T06:11:05.519+0000] {logging_mixin.py:151} INFO - [2024-10-22T06:11:05.518+0000] {dag.py:3722} INFO - Setting next_dagrun for example_sensor_decorator to None, run_after=None
[2024-10-22T06:11:07.813+0000] {processor.py:179} INFO - Processing /home/airflow/.local/lib/python3.8/site-packages/airflow/example_dags/example_sensor_decorator.py took 10.232 seconds
[2024-10-22T06:16:05.242+0000] {processor.py:157} INFO - Started process (PID=26852) to work on /home/airflow/.local/lib/python3.8/site-packages/airflow/example_dags/example_sensor_decorator.py
[2024-10-22T06:16:05.247+0000] {processor.py:829} INFO - Processing file /home/airflow/.local/lib/python3.8/site-packages/airflow/example_dags/example_sensor_decorator.py for tasks to queue
[2024-10-22T06:16:05.426+0000] {logging_mixin.py:151} INFO - [2024-10-22T06:16:05.266+0000] {dagbag.py:536} INFO - Filling up the DagBag from /home/airflow/.local/lib/python3.8/site-packages/airflow/example_dags/example_sensor_decorator.py
[2024-10-22T06:16:05.883+0000] {processor.py:839} INFO - DAG(s) dict_keys(['example_sensor_decorator']) retrieved from /home/airflow/.local/lib/python3.8/site-packages/airflow/example_dags/example_sensor_decorator.py
[2024-10-22T06:16:07.247+0000] {logging_mixin.py:151} INFO - [2024-10-22T06:16:07.207+0000] {dag.py:2941} INFO - Sync 1 DAGs
[2024-10-22T06:16:09.945+0000] {logging_mixin.py:151} INFO - [2024-10-22T06:16:09.916+0000] {dag.py:3722} INFO - Setting next_dagrun for example_sensor_decorator to None, run_after=None
[2024-10-22T06:16:10.444+0000] {processor.py:179} INFO - Processing /home/airflow/.local/lib/python3.8/site-packages/airflow/example_dags/example_sensor_decorator.py took 5.727 seconds
