[2024-10-22T05:44:36.531+0000] {processor.py:157} INFO - Started process (PID=26341) to work on /home/airflow/.local/lib/python3.8/site-packages/airflow/example_dags/example_params_ui_tutorial.py
[2024-10-22T05:44:36.540+0000] {processor.py:829} INFO - Processing file /home/airflow/.local/lib/python3.8/site-packages/airflow/example_dags/example_params_ui_tutorial.py for tasks to queue
[2024-10-22T05:44:36.547+0000] {logging_mixin.py:151} INFO - [2024-10-22T05:44:36.547+0000] {dagbag.py:536} INFO - Filling up the DagBag from /home/airflow/.local/lib/python3.8/site-packages/airflow/example_dags/example_params_ui_tutorial.py
[2024-10-22T05:44:37.637+0000] {processor.py:839} INFO - DAG(s) dict_keys(['example_params_ui_tutorial']) retrieved from /home/airflow/.local/lib/python3.8/site-packages/airflow/example_dags/example_params_ui_tutorial.py
[2024-10-22T05:44:44.933+0000] {logging_mixin.py:151} INFO - [2024-10-22T05:44:44.933+0000] {dag.py:2941} INFO - Sync 1 DAGs
[2024-10-22T05:44:45.199+0000] {logging_mixin.py:151} INFO - [2024-10-22T05:44:45.199+0000] {dag.py:3722} INFO - Setting next_dagrun for example_params_ui_tutorial to None, run_after=None
[2024-10-22T05:44:45.631+0000] {processor.py:179} INFO - Processing /home/airflow/.local/lib/python3.8/site-packages/airflow/example_dags/example_params_ui_tutorial.py took 9.140 seconds
[2024-10-22T05:46:36.320+0000] {processor.py:157} INFO - Started process (PID=26412) to work on /home/airflow/.local/lib/python3.8/site-packages/airflow/example_dags/example_params_ui_tutorial.py
[2024-10-22T05:46:36.375+0000] {processor.py:829} INFO - Processing file /home/airflow/.local/lib/python3.8/site-packages/airflow/example_dags/example_params_ui_tutorial.py for tasks to queue
[2024-10-22T05:46:36.387+0000] {logging_mixin.py:151} INFO - [2024-10-22T05:46:36.387+0000] {dagbag.py:536} INFO - Filling up the DagBag from /home/airflow/.local/lib/python3.8/site-packages/airflow/example_dags/example_params_ui_tutorial.py
[2024-10-22T05:46:36.794+0000] {processor.py:839} INFO - DAG(s) dict_keys(['example_params_ui_tutorial']) retrieved from /home/airflow/.local/lib/python3.8/site-packages/airflow/example_dags/example_params_ui_tutorial.py
[2024-10-22T05:46:38.978+0000] {logging_mixin.py:151} INFO - [2024-10-22T05:46:38.977+0000] {dag.py:2941} INFO - Sync 1 DAGs
[2024-10-22T05:46:39.252+0000] {logging_mixin.py:151} INFO - [2024-10-22T05:46:39.252+0000] {dag.py:3722} INFO - Setting next_dagrun for example_params_ui_tutorial to None, run_after=None
[2024-10-22T05:46:40.452+0000] {processor.py:179} INFO - Processing /home/airflow/.local/lib/python3.8/site-packages/airflow/example_dags/example_params_ui_tutorial.py took 4.265 seconds
[2024-10-22T05:51:45.917+0000] {processor.py:157} INFO - Started process (PID=26496) to work on /home/airflow/.local/lib/python3.8/site-packages/airflow/example_dags/example_params_ui_tutorial.py
[2024-10-22T05:51:45.941+0000] {processor.py:829} INFO - Processing file /home/airflow/.local/lib/python3.8/site-packages/airflow/example_dags/example_params_ui_tutorial.py for tasks to queue
[2024-10-22T05:51:45.987+0000] {logging_mixin.py:151} INFO - [2024-10-22T05:51:45.968+0000] {dagbag.py:536} INFO - Filling up the DagBag from /home/airflow/.local/lib/python3.8/site-packages/airflow/example_dags/example_params_ui_tutorial.py
[2024-10-22T05:51:50.715+0000] {processor.py:839} INFO - DAG(s) dict_keys(['example_params_ui_tutorial']) retrieved from /home/airflow/.local/lib/python3.8/site-packages/airflow/example_dags/example_params_ui_tutorial.py
[2024-10-22T05:51:55.555+0000] {logging_mixin.py:151} INFO - [2024-10-22T05:51:55.554+0000] {dag.py:2941} INFO - Sync 1 DAGs
[2024-10-22T05:51:56.538+0000] {logging_mixin.py:151} INFO - [2024-10-22T05:51:56.484+0000] {dag.py:3722} INFO - Setting next_dagrun for example_params_ui_tutorial to None, run_after=None
[2024-10-22T05:51:57.068+0000] {processor.py:179} INFO - Processing /home/airflow/.local/lib/python3.8/site-packages/airflow/example_dags/example_params_ui_tutorial.py took 11.341 seconds
[2024-10-22T05:55:50.193+0000] {processor.py:157} INFO - Started process (PID=26588) to work on /home/airflow/.local/lib/python3.8/site-packages/airflow/example_dags/example_params_ui_tutorial.py
[2024-10-22T05:55:50.239+0000] {processor.py:829} INFO - Processing file /home/airflow/.local/lib/python3.8/site-packages/airflow/example_dags/example_params_ui_tutorial.py for tasks to queue
[2024-10-22T05:55:50.251+0000] {logging_mixin.py:151} INFO - [2024-10-22T05:55:50.251+0000] {dagbag.py:536} INFO - Filling up the DagBag from /home/airflow/.local/lib/python3.8/site-packages/airflow/example_dags/example_params_ui_tutorial.py
[2024-10-22T05:55:51.410+0000] {processor.py:839} INFO - DAG(s) dict_keys(['example_params_ui_tutorial']) retrieved from /home/airflow/.local/lib/python3.8/site-packages/airflow/example_dags/example_params_ui_tutorial.py
[2024-10-22T05:55:55.267+0000] {logging_mixin.py:151} INFO - [2024-10-22T05:55:55.260+0000] {dag.py:2941} INFO - Sync 1 DAGs
[2024-10-22T05:55:56.668+0000] {logging_mixin.py:151} INFO - [2024-10-22T05:55:56.667+0000] {dag.py:3722} INFO - Setting next_dagrun for example_params_ui_tutorial to None, run_after=None
[2024-10-22T05:55:57.552+0000] {processor.py:179} INFO - Processing /home/airflow/.local/lib/python3.8/site-packages/airflow/example_dags/example_params_ui_tutorial.py took 7.384 seconds
[2024-10-22T06:00:28.929+0000] {processor.py:157} INFO - Started process (PID=26659) to work on /home/airflow/.local/lib/python3.8/site-packages/airflow/example_dags/example_params_ui_tutorial.py
[2024-10-22T06:00:28.939+0000] {processor.py:829} INFO - Processing file /home/airflow/.local/lib/python3.8/site-packages/airflow/example_dags/example_params_ui_tutorial.py for tasks to queue
[2024-10-22T06:00:28.950+0000] {logging_mixin.py:151} INFO - [2024-10-22T06:00:28.949+0000] {dagbag.py:536} INFO - Filling up the DagBag from /home/airflow/.local/lib/python3.8/site-packages/airflow/example_dags/example_params_ui_tutorial.py
[2024-10-22T06:00:30.683+0000] {processor.py:839} INFO - DAG(s) dict_keys(['example_params_ui_tutorial']) retrieved from /home/airflow/.local/lib/python3.8/site-packages/airflow/example_dags/example_params_ui_tutorial.py
[2024-10-22T06:00:33.530+0000] {logging_mixin.py:151} INFO - [2024-10-22T06:00:33.529+0000] {dag.py:2941} INFO - Sync 1 DAGs
[2024-10-22T06:00:34.512+0000] {logging_mixin.py:151} INFO - [2024-10-22T06:00:34.506+0000] {dag.py:3722} INFO - Setting next_dagrun for example_params_ui_tutorial to None, run_after=None
[2024-10-22T06:00:37.525+0000] {processor.py:179} INFO - Processing /home/airflow/.local/lib/python3.8/site-packages/airflow/example_dags/example_params_ui_tutorial.py took 8.710 seconds
[2024-10-22T06:09:26.764+0000] {processor.py:157} INFO - Started process (PID=26728) to work on /home/airflow/.local/lib/python3.8/site-packages/airflow/example_dags/example_params_ui_tutorial.py
[2024-10-22T06:09:26.783+0000] {processor.py:829} INFO - Processing file /home/airflow/.local/lib/python3.8/site-packages/airflow/example_dags/example_params_ui_tutorial.py for tasks to queue
[2024-10-22T06:09:26.831+0000] {logging_mixin.py:151} INFO - [2024-10-22T06:09:26.831+0000] {dagbag.py:536} INFO - Filling up the DagBag from /home/airflow/.local/lib/python3.8/site-packages/airflow/example_dags/example_params_ui_tutorial.py
[2024-10-22T06:09:30.552+0000] {processor.py:839} INFO - DAG(s) dict_keys(['example_params_ui_tutorial']) retrieved from /home/airflow/.local/lib/python3.8/site-packages/airflow/example_dags/example_params_ui_tutorial.py
[2024-10-22T06:09:33.426+0000] {logging_mixin.py:151} INFO - [2024-10-22T06:09:33.426+0000] {dag.py:2941} INFO - Sync 1 DAGs
[2024-10-22T06:09:34.655+0000] {logging_mixin.py:151} INFO - [2024-10-22T06:09:34.587+0000] {dag.py:3722} INFO - Setting next_dagrun for example_params_ui_tutorial to None, run_after=None
[2024-10-22T06:09:35.539+0000] {processor.py:179} INFO - Processing /home/airflow/.local/lib/python3.8/site-packages/airflow/example_dags/example_params_ui_tutorial.py took 8.905 seconds
[2024-10-22T06:15:06.036+0000] {processor.py:157} INFO - Started process (PID=26820) to work on /home/airflow/.local/lib/python3.8/site-packages/airflow/example_dags/example_params_ui_tutorial.py
[2024-10-22T06:15:06.178+0000] {processor.py:829} INFO - Processing file /home/airflow/.local/lib/python3.8/site-packages/airflow/example_dags/example_params_ui_tutorial.py for tasks to queue
[2024-10-22T06:15:06.277+0000] {logging_mixin.py:151} INFO - [2024-10-22T06:15:06.189+0000] {dagbag.py:536} INFO - Filling up the DagBag from /home/airflow/.local/lib/python3.8/site-packages/airflow/example_dags/example_params_ui_tutorial.py
[2024-10-22T06:15:08.237+0000] {processor.py:839} INFO - DAG(s) dict_keys(['example_params_ui_tutorial']) retrieved from /home/airflow/.local/lib/python3.8/site-packages/airflow/example_dags/example_params_ui_tutorial.py
[2024-10-22T06:15:10.329+0000] {logging_mixin.py:151} INFO - [2024-10-22T06:15:10.328+0000] {dag.py:2941} INFO - Sync 1 DAGs
[2024-10-22T06:15:10.662+0000] {logging_mixin.py:151} INFO - [2024-10-22T06:15:10.662+0000] {dag.py:3722} INFO - Setting next_dagrun for example_params_ui_tutorial to None, run_after=None
[2024-10-22T06:15:11.614+0000] {processor.py:179} INFO - Processing /home/airflow/.local/lib/python3.8/site-packages/airflow/example_dags/example_params_ui_tutorial.py took 5.657 seconds
