[2024-10-22T05:45:42.625+0000] {processor.py:157} INFO - Started process (PID=26378) to work on /home/airflow/.local/lib/python3.8/site-packages/airflow/example_dags/example_xcom.py
[2024-10-22T05:45:42.701+0000] {processor.py:829} INFO - Processing file /home/airflow/.local/lib/python3.8/site-packages/airflow/example_dags/example_xcom.py for tasks to queue
[2024-10-22T05:45:42.921+0000] {logging_mixin.py:151} INFO - [2024-10-22T05:45:42.730+0000] {dagbag.py:536} INFO - Filling up the DagBag from /home/airflow/.local/lib/python3.8/site-packages/airflow/example_dags/example_xcom.py
[2024-10-22T05:45:43.199+0000] {processor.py:839} INFO - DAG(s) dict_keys(['example_xcom']) retrieved from /home/airflow/.local/lib/python3.8/site-packages/airflow/example_dags/example_xcom.py
[2024-10-22T05:45:44.426+0000] {logging_mixin.py:151} INFO - [2024-10-22T05:45:44.425+0000] {dag.py:2941} INFO - Sync 1 DAGs
[2024-10-22T05:45:45.380+0000] {logging_mixin.py:151} INFO - [2024-10-22T05:45:45.374+0000] {dag.py:3722} INFO - Setting next_dagrun for example_xcom to 2021-01-01T00:00:00+00:00, run_after=2021-01-01T00:00:00+00:00
[2024-10-22T05:45:45.742+0000] {processor.py:179} INFO - Processing /home/airflow/.local/lib/python3.8/site-packages/airflow/example_dags/example_xcom.py took 3.776 seconds
[2024-10-22T05:54:19.678+0000] {processor.py:157} INFO - Started process (PID=26546) to work on /home/airflow/.local/lib/python3.8/site-packages/airflow/example_dags/example_xcom.py
[2024-10-22T05:54:19.684+0000] {processor.py:829} INFO - Processing file /home/airflow/.local/lib/python3.8/site-packages/airflow/example_dags/example_xcom.py for tasks to queue
[2024-10-22T05:54:19.739+0000] {logging_mixin.py:151} INFO - [2024-10-22T05:54:19.738+0000] {dagbag.py:536} INFO - Filling up the DagBag from /home/airflow/.local/lib/python3.8/site-packages/airflow/example_dags/example_xcom.py
[2024-10-22T05:54:19.986+0000] {processor.py:839} INFO - DAG(s) dict_keys(['example_xcom']) retrieved from /home/airflow/.local/lib/python3.8/site-packages/airflow/example_dags/example_xcom.py
[2024-10-22T05:54:20.790+0000] {logging_mixin.py:151} INFO - [2024-10-22T05:54:20.789+0000] {dag.py:2941} INFO - Sync 1 DAGs
[2024-10-22T05:54:21.400+0000] {logging_mixin.py:151} INFO - [2024-10-22T05:54:21.400+0000] {dag.py:3722} INFO - Setting next_dagrun for example_xcom to 2021-01-01T00:00:00+00:00, run_after=2021-01-01T00:00:00+00:00
[2024-10-22T05:54:21.791+0000] {processor.py:179} INFO - Processing /home/airflow/.local/lib/python3.8/site-packages/airflow/example_dags/example_xcom.py took 2.232 seconds
[2024-10-22T05:57:47.100+0000] {processor.py:157} INFO - Started process (PID=26632) to work on /home/airflow/.local/lib/python3.8/site-packages/airflow/example_dags/example_xcom.py
[2024-10-22T05:57:47.120+0000] {processor.py:829} INFO - Processing file /home/airflow/.local/lib/python3.8/site-packages/airflow/example_dags/example_xcom.py for tasks to queue
[2024-10-22T05:57:47.138+0000] {logging_mixin.py:151} INFO - [2024-10-22T05:57:47.137+0000] {dagbag.py:536} INFO - Filling up the DagBag from /home/airflow/.local/lib/python3.8/site-packages/airflow/example_dags/example_xcom.py
[2024-10-22T05:57:47.407+0000] {processor.py:839} INFO - DAG(s) dict_keys(['example_xcom']) retrieved from /home/airflow/.local/lib/python3.8/site-packages/airflow/example_dags/example_xcom.py
[2024-10-22T05:57:49.560+0000] {logging_mixin.py:151} INFO - [2024-10-22T05:57:49.495+0000] {dag.py:2941} INFO - Sync 1 DAGs
[2024-10-22T05:57:51.278+0000] {logging_mixin.py:151} INFO - [2024-10-22T05:57:51.277+0000] {dag.py:3722} INFO - Setting next_dagrun for example_xcom to 2021-01-01T00:00:00+00:00, run_after=2021-01-01T00:00:00+00:00
[2024-10-22T05:57:51.636+0000] {processor.py:179} INFO - Processing /home/airflow/.local/lib/python3.8/site-packages/airflow/example_dags/example_xcom.py took 5.009 seconds
[2024-10-22T06:12:26.843+0000] {processor.py:157} INFO - Started process (PID=26778) to work on /home/airflow/.local/lib/python3.8/site-packages/airflow/example_dags/example_xcom.py
[2024-10-22T06:12:26.874+0000] {processor.py:829} INFO - Processing file /home/airflow/.local/lib/python3.8/site-packages/airflow/example_dags/example_xcom.py for tasks to queue
[2024-10-22T06:12:26.912+0000] {logging_mixin.py:151} INFO - [2024-10-22T06:12:26.909+0000] {dagbag.py:536} INFO - Filling up the DagBag from /home/airflow/.local/lib/python3.8/site-packages/airflow/example_dags/example_xcom.py
[2024-10-22T06:12:27.078+0000] {processor.py:839} INFO - DAG(s) dict_keys(['example_xcom']) retrieved from /home/airflow/.local/lib/python3.8/site-packages/airflow/example_dags/example_xcom.py
[2024-10-22T06:12:27.543+0000] {logging_mixin.py:151} INFO - [2024-10-22T06:12:27.543+0000] {dag.py:2941} INFO - Sync 1 DAGs
[2024-10-22T06:12:28.951+0000] {logging_mixin.py:151} INFO - [2024-10-22T06:12:28.950+0000] {dag.py:3722} INFO - Setting next_dagrun for example_xcom to 2021-01-01T00:00:00+00:00, run_after=2021-01-01T00:00:00+00:00
[2024-10-22T06:12:38.611+0000] {processor.py:179} INFO - Processing /home/airflow/.local/lib/python3.8/site-packages/airflow/example_dags/example_xcom.py took 11.833 seconds
[2024-10-22T06:18:27.556+0000] {processor.py:157} INFO - Started process (PID=26875) to work on /home/airflow/.local/lib/python3.8/site-packages/airflow/example_dags/example_xcom.py
[2024-10-22T06:18:29.309+0000] {processor.py:829} INFO - Processing file /home/airflow/.local/lib/python3.8/site-packages/airflow/example_dags/example_xcom.py for tasks to queue
[2024-10-22T06:18:29.968+0000] {logging_mixin.py:151} INFO - [2024-10-22T06:18:29.835+0000] {dagbag.py:536} INFO - Filling up the DagBag from /home/airflow/.local/lib/python3.8/site-packages/airflow/example_dags/example_xcom.py
[2024-10-22T06:18:43.957+0000] {processor.py:839} INFO - DAG(s) dict_keys(['example_xcom']) retrieved from /home/airflow/.local/lib/python3.8/site-packages/airflow/example_dags/example_xcom.py
[2024-10-22T06:18:51.160+0000] {logging_mixin.py:151} INFO - [2024-10-22T06:18:51.107+0000] {dag.py:2941} INFO - Sync 1 DAGs
[2024-10-22T06:18:53.351+0000] {logging_mixin.py:151} INFO - [2024-10-22T06:18:53.350+0000] {dag.py:3722} INFO - Setting next_dagrun for example_xcom to 2021-01-01T00:00:00+00:00, run_after=2021-01-01T00:00:00+00:00
[2024-10-22T06:18:54.541+0000] {processor.py:179} INFO - Processing /home/airflow/.local/lib/python3.8/site-packages/airflow/example_dags/example_xcom.py took 35.944 seconds
