[2024-10-22T05:45:18.911+0000] {processor.py:157} INFO - Started process (PID=26368) to work on /home/airflow/.local/lib/python3.8/site-packages/airflow/example_dags/example_external_task_marker_dag.py
[2024-10-22T05:45:18.921+0000] {processor.py:829} INFO - Processing file /home/airflow/.local/lib/python3.8/site-packages/airflow/example_dags/example_external_task_marker_dag.py for tasks to queue
[2024-10-22T05:45:18.939+0000] {logging_mixin.py:151} INFO - [2024-10-22T05:45:18.939+0000] {dagbag.py:536} INFO - Filling up the DagBag from /home/airflow/.local/lib/python3.8/site-packages/airflow/example_dags/example_external_task_marker_dag.py
[2024-10-22T05:45:19.106+0000] {processor.py:839} INFO - DAG(s) dict_keys(['example_external_task_marker_child', 'example_external_task_marker_parent']) retrieved from /home/airflow/.local/lib/python3.8/site-packages/airflow/example_dags/example_external_task_marker_dag.py
[2024-10-22T05:45:20.538+0000] {logging_mixin.py:151} INFO - [2024-10-22T05:45:20.414+0000] {dag.py:2941} INFO - Sync 2 DAGs
[2024-10-22T05:45:21.370+0000] {logging_mixin.py:151} INFO - [2024-10-22T05:45:21.370+0000] {dag.py:3722} INFO - Setting next_dagrun for example_external_task_marker_child to None, run_after=None
[2024-10-22T05:45:21.471+0000] {logging_mixin.py:151} INFO - [2024-10-22T05:45:21.471+0000] {dag.py:3722} INFO - Setting next_dagrun for example_external_task_marker_parent to None, run_after=None
[2024-10-22T05:45:22.303+0000] {processor.py:179} INFO - Processing /home/airflow/.local/lib/python3.8/site-packages/airflow/example_dags/example_external_task_marker_dag.py took 3.520 seconds
[2024-10-22T05:49:35.619+0000] {processor.py:157} INFO - Started process (PID=26457) to work on /home/airflow/.local/lib/python3.8/site-packages/airflow/example_dags/example_external_task_marker_dag.py
[2024-10-22T05:49:35.631+0000] {processor.py:829} INFO - Processing file /home/airflow/.local/lib/python3.8/site-packages/airflow/example_dags/example_external_task_marker_dag.py for tasks to queue
[2024-10-22T05:49:35.722+0000] {logging_mixin.py:151} INFO - [2024-10-22T05:49:35.693+0000] {dagbag.py:536} INFO - Filling up the DagBag from /home/airflow/.local/lib/python3.8/site-packages/airflow/example_dags/example_external_task_marker_dag.py
[2024-10-22T05:49:36.492+0000] {processor.py:839} INFO - DAG(s) dict_keys(['example_external_task_marker_parent', 'example_external_task_marker_child']) retrieved from /home/airflow/.local/lib/python3.8/site-packages/airflow/example_dags/example_external_task_marker_dag.py
[2024-10-22T05:49:50.806+0000] {logging_mixin.py:151} INFO - [2024-10-22T05:49:50.744+0000] {dag.py:2941} INFO - Sync 2 DAGs
[2024-10-22T05:49:52.070+0000] {logging_mixin.py:151} INFO - [2024-10-22T05:49:52.070+0000] {dag.py:3722} INFO - Setting next_dagrun for example_external_task_marker_child to None, run_after=None
[2024-10-22T05:49:52.251+0000] {logging_mixin.py:151} INFO - [2024-10-22T05:49:52.250+0000] {dag.py:3722} INFO - Setting next_dagrun for example_external_task_marker_parent to None, run_after=None
[2024-10-22T05:49:52.802+0000] {processor.py:179} INFO - Processing /home/airflow/.local/lib/python3.8/site-packages/airflow/example_dags/example_external_task_marker_dag.py took 17.266 seconds
[2024-10-22T05:54:00.338+0000] {processor.py:157} INFO - Started process (PID=26543) to work on /home/airflow/.local/lib/python3.8/site-packages/airflow/example_dags/example_external_task_marker_dag.py
[2024-10-22T05:54:00.618+0000] {processor.py:829} INFO - Processing file /home/airflow/.local/lib/python3.8/site-packages/airflow/example_dags/example_external_task_marker_dag.py for tasks to queue
[2024-10-22T05:54:02.766+0000] {logging_mixin.py:151} INFO - [2024-10-22T05:54:01.945+0000] {dagbag.py:536} INFO - Filling up the DagBag from /home/airflow/.local/lib/python3.8/site-packages/airflow/example_dags/example_external_task_marker_dag.py
[2024-10-22T05:54:05.920+0000] {processor.py:839} INFO - DAG(s) dict_keys(['example_external_task_marker_parent', 'example_external_task_marker_child']) retrieved from /home/airflow/.local/lib/python3.8/site-packages/airflow/example_dags/example_external_task_marker_dag.py
[2024-10-22T05:54:14.504+0000] {logging_mixin.py:151} INFO - [2024-10-22T05:54:14.474+0000] {dag.py:2941} INFO - Sync 2 DAGs
[2024-10-22T05:54:15.648+0000] {logging_mixin.py:151} INFO - [2024-10-22T05:54:15.648+0000] {dag.py:3722} INFO - Setting next_dagrun for example_external_task_marker_child to None, run_after=None
[2024-10-22T05:54:15.681+0000] {logging_mixin.py:151} INFO - [2024-10-22T05:54:15.681+0000] {dag.py:3722} INFO - Setting next_dagrun for example_external_task_marker_parent to None, run_after=None
[2024-10-22T05:54:16.200+0000] {processor.py:179} INFO - Processing /home/airflow/.local/lib/python3.8/site-packages/airflow/example_dags/example_external_task_marker_dag.py took 16.441 seconds
[2024-10-22T05:57:16.140+0000] {processor.py:157} INFO - Started process (PID=26622) to work on /home/airflow/.local/lib/python3.8/site-packages/airflow/example_dags/example_external_task_marker_dag.py
[2024-10-22T05:57:16.424+0000] {processor.py:829} INFO - Processing file /home/airflow/.local/lib/python3.8/site-packages/airflow/example_dags/example_external_task_marker_dag.py for tasks to queue
[2024-10-22T05:57:16.466+0000] {logging_mixin.py:151} INFO - [2024-10-22T05:57:16.455+0000] {dagbag.py:536} INFO - Filling up the DagBag from /home/airflow/.local/lib/python3.8/site-packages/airflow/example_dags/example_external_task_marker_dag.py
[2024-10-22T05:57:20.437+0000] {processor.py:839} INFO - DAG(s) dict_keys(['example_external_task_marker_child', 'example_external_task_marker_parent']) retrieved from /home/airflow/.local/lib/python3.8/site-packages/airflow/example_dags/example_external_task_marker_dag.py
[2024-10-22T05:57:23.367+0000] {logging_mixin.py:151} INFO - [2024-10-22T05:57:23.366+0000] {dag.py:2941} INFO - Sync 2 DAGs
[2024-10-22T05:57:27.876+0000] {logging_mixin.py:151} INFO - [2024-10-22T05:57:27.874+0000] {dag.py:3722} INFO - Setting next_dagrun for example_external_task_marker_child to None, run_after=None
[2024-10-22T05:57:35.425+0000] {logging_mixin.py:151} INFO - [2024-10-22T05:57:35.415+0000] {dag.py:3722} INFO - Setting next_dagrun for example_external_task_marker_parent to None, run_after=None
[2024-10-22T05:57:36.516+0000] {processor.py:179} INFO - Processing /home/airflow/.local/lib/python3.8/site-packages/airflow/example_dags/example_external_task_marker_dag.py took 21.581 seconds
[2024-10-22T06:02:02.134+0000] {processor.py:157} INFO - Started process (PID=26698) to work on /home/airflow/.local/lib/python3.8/site-packages/airflow/example_dags/example_external_task_marker_dag.py
[2024-10-22T06:02:02.277+0000] {processor.py:829} INFO - Processing file /home/airflow/.local/lib/python3.8/site-packages/airflow/example_dags/example_external_task_marker_dag.py for tasks to queue
[2024-10-22T06:02:02.577+0000] {logging_mixin.py:151} INFO - [2024-10-22T06:02:02.446+0000] {dagbag.py:536} INFO - Filling up the DagBag from /home/airflow/.local/lib/python3.8/site-packages/airflow/example_dags/example_external_task_marker_dag.py
[2024-10-22T06:02:03.618+0000] {processor.py:839} INFO - DAG(s) dict_keys(['example_external_task_marker_child', 'example_external_task_marker_parent']) retrieved from /home/airflow/.local/lib/python3.8/site-packages/airflow/example_dags/example_external_task_marker_dag.py
[2024-10-22T06:02:08.175+0000] {logging_mixin.py:151} INFO - [2024-10-22T06:02:08.175+0000] {dag.py:2941} INFO - Sync 2 DAGs
[2024-10-22T06:02:08.388+0000] {logging_mixin.py:151} INFO - [2024-10-22T06:02:08.387+0000] {dag.py:3722} INFO - Setting next_dagrun for example_external_task_marker_child to None, run_after=None
[2024-10-22T06:02:08.474+0000] {logging_mixin.py:151} INFO - [2024-10-22T06:02:08.472+0000] {dag.py:3722} INFO - Setting next_dagrun for example_external_task_marker_parent to None, run_after=None
[2024-10-22T06:02:08.798+0000] {processor.py:179} INFO - Processing /home/airflow/.local/lib/python3.8/site-packages/airflow/example_dags/example_external_task_marker_dag.py took 7.161 seconds
[2024-10-22T06:12:15.994+0000] {processor.py:157} INFO - Started process (PID=26775) to work on /home/airflow/.local/lib/python3.8/site-packages/airflow/example_dags/example_external_task_marker_dag.py
[2024-10-22T06:12:16.014+0000] {processor.py:829} INFO - Processing file /home/airflow/.local/lib/python3.8/site-packages/airflow/example_dags/example_external_task_marker_dag.py for tasks to queue
[2024-10-22T06:12:16.046+0000] {logging_mixin.py:151} INFO - [2024-10-22T06:12:16.030+0000] {dagbag.py:536} INFO - Filling up the DagBag from /home/airflow/.local/lib/python3.8/site-packages/airflow/example_dags/example_external_task_marker_dag.py
[2024-10-22T06:12:16.269+0000] {processor.py:839} INFO - DAG(s) dict_keys(['example_external_task_marker_child', 'example_external_task_marker_parent']) retrieved from /home/airflow/.local/lib/python3.8/site-packages/airflow/example_dags/example_external_task_marker_dag.py
[2024-10-22T06:12:23.729+0000] {logging_mixin.py:151} INFO - [2024-10-22T06:12:23.728+0000] {dag.py:2941} INFO - Sync 2 DAGs
[2024-10-22T06:12:24.907+0000] {logging_mixin.py:151} INFO - [2024-10-22T06:12:24.906+0000] {dag.py:3722} INFO - Setting next_dagrun for example_external_task_marker_child to None, run_after=None
[2024-10-22T06:12:25.068+0000] {logging_mixin.py:151} INFO - [2024-10-22T06:12:25.068+0000] {dag.py:3722} INFO - Setting next_dagrun for example_external_task_marker_parent to None, run_after=None
[2024-10-22T06:12:25.813+0000] {processor.py:179} INFO - Processing /home/airflow/.local/lib/python3.8/site-packages/airflow/example_dags/example_external_task_marker_dag.py took 9.905 seconds
[2024-10-22T06:16:48.784+0000] {processor.py:157} INFO - Started process (PID=26860) to work on /home/airflow/.local/lib/python3.8/site-packages/airflow/example_dags/example_external_task_marker_dag.py
[2024-10-22T06:16:49.029+0000] {processor.py:829} INFO - Processing file /home/airflow/.local/lib/python3.8/site-packages/airflow/example_dags/example_external_task_marker_dag.py for tasks to queue
[2024-10-22T06:16:49.031+0000] {logging_mixin.py:151} INFO - [2024-10-22T06:16:49.031+0000] {dagbag.py:536} INFO - Filling up the DagBag from /home/airflow/.local/lib/python3.8/site-packages/airflow/example_dags/example_external_task_marker_dag.py
[2024-10-22T06:16:49.153+0000] {processor.py:839} INFO - DAG(s) dict_keys(['example_external_task_marker_parent', 'example_external_task_marker_child']) retrieved from /home/airflow/.local/lib/python3.8/site-packages/airflow/example_dags/example_external_task_marker_dag.py
[2024-10-22T06:17:11.700+0000] {logging_mixin.py:151} INFO - [2024-10-22T06:17:11.688+0000] {dag.py:2941} INFO - Sync 2 DAGs
[2024-10-22T06:17:36.978+0000] {logging_mixin.py:151} INFO - [2024-10-22T06:17:36.479+0000] {dag.py:3722} INFO - Setting next_dagrun for example_external_task_marker_child to None, run_after=None
