[2024-10-22T05:45:51.893+0000] {processor.py:157} INFO - Started process (PID=26383) to work on /home/airflow/.local/lib/python3.8/site-packages/airflow/example_dags/example_branch_datetime_operator.py
[2024-10-22T05:45:51.975+0000] {processor.py:829} INFO - Processing file /home/airflow/.local/lib/python3.8/site-packages/airflow/example_dags/example_branch_datetime_operator.py for tasks to queue
[2024-10-22T05:45:52.025+0000] {logging_mixin.py:151} INFO - [2024-10-22T05:45:52.019+0000] {dagbag.py:536} INFO - Filling up the DagBag from /home/airflow/.local/lib/python3.8/site-packages/airflow/example_dags/example_branch_datetime_operator.py
[2024-10-22T05:45:52.326+0000] {processor.py:839} INFO - DAG(s) dict_keys(['example_branch_datetime_operator', 'example_branch_datetime_operator_3', 'example_branch_datetime_operator_2']) retrieved from /home/airflow/.local/lib/python3.8/site-packages/airflow/example_dags/example_branch_datetime_operator.py
[2024-10-22T05:45:53.678+0000] {logging_mixin.py:151} INFO - [2024-10-22T05:45:53.668+0000] {dag.py:2941} INFO - Sync 3 DAGs
[2024-10-22T05:45:54.214+0000] {logging_mixin.py:151} INFO - [2024-10-22T05:45:54.214+0000] {dag.py:3722} INFO - Setting next_dagrun for example_branch_datetime_operator to 2024-10-21T00:00:00+00:00, run_after=2024-10-22T00:00:00+00:00
[2024-10-22T05:45:54.334+0000] {logging_mixin.py:151} INFO - [2024-10-22T05:45:54.334+0000] {dag.py:3722} INFO - Setting next_dagrun for example_branch_datetime_operator_2 to 2024-10-21T00:00:00+00:00, run_after=2024-10-22T00:00:00+00:00
[2024-10-22T05:45:54.385+0000] {logging_mixin.py:151} INFO - [2024-10-22T05:45:54.384+0000] {dag.py:3722} INFO - Setting next_dagrun for example_branch_datetime_operator_3 to 2024-10-21T00:00:00+00:00, run_after=2024-10-22T00:00:00+00:00
[2024-10-22T05:45:54.892+0000] {processor.py:179} INFO - Processing /home/airflow/.local/lib/python3.8/site-packages/airflow/example_dags/example_branch_datetime_operator.py took 3.216 seconds
[2024-10-22T05:54:32.810+0000] {processor.py:157} INFO - Started process (PID=26559) to work on /home/airflow/.local/lib/python3.8/site-packages/airflow/example_dags/example_branch_datetime_operator.py
[2024-10-22T05:54:32.926+0000] {processor.py:829} INFO - Processing file /home/airflow/.local/lib/python3.8/site-packages/airflow/example_dags/example_branch_datetime_operator.py for tasks to queue
[2024-10-22T05:54:32.947+0000] {logging_mixin.py:151} INFO - [2024-10-22T05:54:32.934+0000] {dagbag.py:536} INFO - Filling up the DagBag from /home/airflow/.local/lib/python3.8/site-packages/airflow/example_dags/example_branch_datetime_operator.py
[2024-10-22T05:54:33.023+0000] {processor.py:839} INFO - DAG(s) dict_keys(['example_branch_datetime_operator_2', 'example_branch_datetime_operator', 'example_branch_datetime_operator_3']) retrieved from /home/airflow/.local/lib/python3.8/site-packages/airflow/example_dags/example_branch_datetime_operator.py
[2024-10-22T05:54:33.652+0000] {logging_mixin.py:151} INFO - [2024-10-22T05:54:33.652+0000] {dag.py:2941} INFO - Sync 3 DAGs
[2024-10-22T05:54:34.631+0000] {logging_mixin.py:151} INFO - [2024-10-22T05:54:34.630+0000] {dag.py:3722} INFO - Setting next_dagrun for example_branch_datetime_operator to 2024-10-21T00:00:00+00:00, run_after=2024-10-22T00:00:00+00:00
[2024-10-22T05:54:34.843+0000] {logging_mixin.py:151} INFO - [2024-10-22T05:54:34.843+0000] {dag.py:3722} INFO - Setting next_dagrun for example_branch_datetime_operator_2 to 2024-10-21T00:00:00+00:00, run_after=2024-10-22T00:00:00+00:00
[2024-10-22T05:54:34.897+0000] {logging_mixin.py:151} INFO - [2024-10-22T05:54:34.896+0000] {dag.py:3722} INFO - Setting next_dagrun for example_branch_datetime_operator_3 to 2024-10-21T00:00:00+00:00, run_after=2024-10-22T00:00:00+00:00
[2024-10-22T05:54:37.579+0000] {processor.py:179} INFO - Processing /home/airflow/.local/lib/python3.8/site-packages/airflow/example_dags/example_branch_datetime_operator.py took 4.911 seconds
[2024-10-22T06:02:15.431+0000] {processor.py:157} INFO - Started process (PID=26707) to work on /home/airflow/.local/lib/python3.8/site-packages/airflow/example_dags/example_branch_datetime_operator.py
[2024-10-22T06:02:15.472+0000] {processor.py:829} INFO - Processing file /home/airflow/.local/lib/python3.8/site-packages/airflow/example_dags/example_branch_datetime_operator.py for tasks to queue
[2024-10-22T06:02:15.525+0000] {logging_mixin.py:151} INFO - [2024-10-22T06:02:15.482+0000] {dagbag.py:536} INFO - Filling up the DagBag from /home/airflow/.local/lib/python3.8/site-packages/airflow/example_dags/example_branch_datetime_operator.py
[2024-10-22T06:02:16.310+0000] {processor.py:839} INFO - DAG(s) dict_keys(['example_branch_datetime_operator', 'example_branch_datetime_operator_2', 'example_branch_datetime_operator_3']) retrieved from /home/airflow/.local/lib/python3.8/site-packages/airflow/example_dags/example_branch_datetime_operator.py
[2024-10-22T06:02:17.329+0000] {logging_mixin.py:151} INFO - [2024-10-22T06:02:17.327+0000] {dag.py:2941} INFO - Sync 3 DAGs
[2024-10-22T06:02:17.835+0000] {logging_mixin.py:151} INFO - [2024-10-22T06:02:17.834+0000] {dag.py:3722} INFO - Setting next_dagrun for example_branch_datetime_operator to 2024-10-21T00:00:00+00:00, run_after=2024-10-22T00:00:00+00:00
[2024-10-22T06:02:18.164+0000] {logging_mixin.py:151} INFO - [2024-10-22T06:02:18.163+0000] {dag.py:3722} INFO - Setting next_dagrun for example_branch_datetime_operator_2 to 2024-10-21T00:00:00+00:00, run_after=2024-10-22T00:00:00+00:00
[2024-10-22T06:02:18.346+0000] {logging_mixin.py:151} INFO - [2024-10-22T06:02:18.345+0000] {dag.py:3722} INFO - Setting next_dagrun for example_branch_datetime_operator_3 to 2024-10-21T00:00:00+00:00, run_after=2024-10-22T00:00:00+00:00
[2024-10-22T06:02:19.034+0000] {processor.py:179} INFO - Processing /home/airflow/.local/lib/python3.8/site-packages/airflow/example_dags/example_branch_datetime_operator.py took 3.656 seconds
[2024-10-22T06:19:03.960+0000] {processor.py:157} INFO - Started process (PID=26885) to work on /home/airflow/.local/lib/python3.8/site-packages/airflow/example_dags/example_branch_datetime_operator.py
[2024-10-22T06:19:04.024+0000] {processor.py:829} INFO - Processing file /home/airflow/.local/lib/python3.8/site-packages/airflow/example_dags/example_branch_datetime_operator.py for tasks to queue
[2024-10-22T06:19:04.034+0000] {logging_mixin.py:151} INFO - [2024-10-22T06:19:04.033+0000] {dagbag.py:536} INFO - Filling up the DagBag from /home/airflow/.local/lib/python3.8/site-packages/airflow/example_dags/example_branch_datetime_operator.py
[2024-10-22T06:19:05.357+0000] {processor.py:839} INFO - DAG(s) dict_keys(['example_branch_datetime_operator_2', 'example_branch_datetime_operator', 'example_branch_datetime_operator_3']) retrieved from /home/airflow/.local/lib/python3.8/site-packages/airflow/example_dags/example_branch_datetime_operator.py
[2024-10-22T06:19:08.319+0000] {logging_mixin.py:151} INFO - [2024-10-22T06:19:08.286+0000] {dag.py:2941} INFO - Sync 3 DAGs
[2024-10-22T06:19:10.717+0000] {logging_mixin.py:151} INFO - [2024-10-22T06:19:10.716+0000] {dag.py:3722} INFO - Setting next_dagrun for example_branch_datetime_operator to 2024-10-21T00:00:00+00:00, run_after=2024-10-22T00:00:00+00:00
[2024-10-22T06:19:10.978+0000] {logging_mixin.py:151} INFO - [2024-10-22T06:19:10.977+0000] {dag.py:3722} INFO - Setting next_dagrun for example_branch_datetime_operator_2 to 2024-10-21T00:00:00+00:00, run_after=2024-10-22T00:00:00+00:00
[2024-10-22T06:19:11.273+0000] {logging_mixin.py:151} INFO - [2024-10-22T06:19:11.273+0000] {dag.py:3722} INFO - Setting next_dagrun for example_branch_datetime_operator_3 to 2024-10-21T00:00:00+00:00, run_after=2024-10-22T00:00:00+00:00
[2024-10-22T06:19:12.031+0000] {processor.py:179} INFO - Processing /home/airflow/.local/lib/python3.8/site-packages/airflow/example_dags/example_branch_datetime_operator.py took 8.625 seconds
