[2024-10-22T05:45:00.209+0000] {processor.py:157} INFO - Started process (PID=26359) to work on /home/airflow/.local/lib/python3.8/site-packages/airflow/example_dags/example_subdag_operator.py
[2024-10-22T05:45:00.288+0000] {processor.py:829} INFO - Processing file /home/airflow/.local/lib/python3.8/site-packages/airflow/example_dags/example_subdag_operator.py for tasks to queue
[2024-10-22T05:45:00.294+0000] {logging_mixin.py:151} INFO - [2024-10-22T05:45:00.293+0000] {dagbag.py:536} INFO - Filling up the DagBag from /home/airflow/.local/lib/python3.8/site-packages/airflow/example_dags/example_subdag_operator.py
[2024-10-22T05:45:01.094+0000] {processor.py:839} INFO - DAG(s) dict_keys(['example_subdag_operator.section-1', 'example_subdag_operator.section-2', 'example_subdag_operator']) retrieved from /home/airflow/.local/lib/python3.8/site-packages/airflow/example_dags/example_subdag_operator.py
[2024-10-22T05:45:03.364+0000] {logging_mixin.py:151} INFO - [2024-10-22T05:45:03.363+0000] {dag.py:2941} INFO - Sync 3 DAGs
[2024-10-22T05:45:03.756+0000] {logging_mixin.py:151} INFO - [2024-10-22T05:45:03.755+0000] {dag.py:3722} INFO - Setting next_dagrun for example_subdag_operator to 2022-01-01T00:00:00+00:00, run_after=2022-01-01T00:00:00+00:00
[2024-10-22T05:45:03.817+0000] {logging_mixin.py:151} INFO - [2024-10-22T05:45:03.815+0000] {dag.py:3722} INFO - Setting next_dagrun for example_subdag_operator.section-1 to None, run_after=None
[2024-10-22T05:45:03.846+0000] {logging_mixin.py:151} INFO - [2024-10-22T05:45:03.846+0000] {dag.py:3722} INFO - Setting next_dagrun for example_subdag_operator.section-2 to None, run_after=None
[2024-10-22T05:45:03.981+0000] {logging_mixin.py:151} INFO - [2024-10-22T05:45:03.970+0000] {dag.py:2941} INFO - Sync 2 DAGs
[2024-10-22T05:45:04.106+0000] {logging_mixin.py:151} INFO - [2024-10-22T05:45:04.105+0000] {dag.py:3722} INFO - Setting next_dagrun for example_subdag_operator.section-1 to None, run_after=None
[2024-10-22T05:45:04.107+0000] {logging_mixin.py:151} INFO - [2024-10-22T05:45:04.106+0000] {dag.py:3722} INFO - Setting next_dagrun for example_subdag_operator.section-2 to None, run_after=None
[2024-10-22T05:45:04.419+0000] {processor.py:179} INFO - Processing /home/airflow/.local/lib/python3.8/site-packages/airflow/example_dags/example_subdag_operator.py took 4.375 seconds
[2024-10-22T05:47:53.886+0000] {processor.py:157} INFO - Started process (PID=26435) to work on /home/airflow/.local/lib/python3.8/site-packages/airflow/example_dags/example_subdag_operator.py
[2024-10-22T05:47:53.898+0000] {processor.py:829} INFO - Processing file /home/airflow/.local/lib/python3.8/site-packages/airflow/example_dags/example_subdag_operator.py for tasks to queue
[2024-10-22T05:47:53.922+0000] {logging_mixin.py:151} INFO - [2024-10-22T05:47:53.920+0000] {dagbag.py:536} INFO - Filling up the DagBag from /home/airflow/.local/lib/python3.8/site-packages/airflow/example_dags/example_subdag_operator.py
[2024-10-22T05:47:56.994+0000] {processor.py:839} INFO - DAG(s) dict_keys(['example_subdag_operator.section-1', 'example_subdag_operator.section-2', 'example_subdag_operator']) retrieved from /home/airflow/.local/lib/python3.8/site-packages/airflow/example_dags/example_subdag_operator.py
[2024-10-22T05:48:12.494+0000] {logging_mixin.py:151} INFO - [2024-10-22T05:48:12.483+0000] {dag.py:2941} INFO - Sync 3 DAGs
[2024-10-22T05:48:20.305+0000] {logging_mixin.py:151} INFO - [2024-10-22T05:48:20.304+0000] {dag.py:3722} INFO - Setting next_dagrun for example_subdag_operator to 2022-01-01T00:00:00+00:00, run_after=2022-01-01T00:00:00+00:00
[2024-10-22T05:48:22.099+0000] {logging_mixin.py:151} INFO - [2024-10-22T05:48:21.803+0000] {dag.py:3722} INFO - Setting next_dagrun for example_subdag_operator.section-1 to None, run_after=None
[2024-10-22T05:48:22.274+0000] {logging_mixin.py:151} INFO - [2024-10-22T05:48:22.273+0000] {dag.py:3722} INFO - Setting next_dagrun for example_subdag_operator.section-2 to None, run_after=None
[2024-10-22T05:48:24.170+0000] {logging_mixin.py:151} INFO - [2024-10-22T05:48:24.169+0000] {dag.py:2941} INFO - Sync 2 DAGs
[2024-10-22T05:48:25.319+0000] {logging_mixin.py:151} INFO - [2024-10-22T05:48:25.319+0000] {dag.py:3722} INFO - Setting next_dagrun for example_subdag_operator.section-1 to None, run_after=None
[2024-10-22T05:48:25.346+0000] {logging_mixin.py:151} INFO - [2024-10-22T05:48:25.345+0000] {dag.py:3722} INFO - Setting next_dagrun for example_subdag_operator.section-2 to None, run_after=None
[2024-10-22T05:48:28.227+0000] {processor.py:179} INFO - Processing /home/airflow/.local/lib/python3.8/site-packages/airflow/example_dags/example_subdag_operator.py took 34.396 seconds
[2024-10-22T05:52:41.877+0000] {processor.py:157} INFO - Started process (PID=26514) to work on /home/airflow/.local/lib/python3.8/site-packages/airflow/example_dags/example_subdag_operator.py
[2024-10-22T05:52:41.886+0000] {processor.py:829} INFO - Processing file /home/airflow/.local/lib/python3.8/site-packages/airflow/example_dags/example_subdag_operator.py for tasks to queue
[2024-10-22T05:52:41.959+0000] {logging_mixin.py:151} INFO - [2024-10-22T05:52:41.925+0000] {dagbag.py:536} INFO - Filling up the DagBag from /home/airflow/.local/lib/python3.8/site-packages/airflow/example_dags/example_subdag_operator.py
[2024-10-22T05:52:42.275+0000] {processor.py:839} INFO - DAG(s) dict_keys(['example_subdag_operator.section-1', 'example_subdag_operator.section-2', 'example_subdag_operator']) retrieved from /home/airflow/.local/lib/python3.8/site-packages/airflow/example_dags/example_subdag_operator.py
[2024-10-22T05:52:44.008+0000] {logging_mixin.py:151} INFO - [2024-10-22T05:52:43.892+0000] {dag.py:2941} INFO - Sync 3 DAGs
[2024-10-22T05:52:45.538+0000] {logging_mixin.py:151} INFO - [2024-10-22T05:52:45.537+0000] {dag.py:3722} INFO - Setting next_dagrun for example_subdag_operator to 2022-01-01T00:00:00+00:00, run_after=2022-01-01T00:00:00+00:00
[2024-10-22T05:52:45.662+0000] {logging_mixin.py:151} INFO - [2024-10-22T05:52:45.661+0000] {dag.py:3722} INFO - Setting next_dagrun for example_subdag_operator.section-1 to None, run_after=None
[2024-10-22T05:52:45.720+0000] {logging_mixin.py:151} INFO - [2024-10-22T05:52:45.720+0000] {dag.py:3722} INFO - Setting next_dagrun for example_subdag_operator.section-2 to None, run_after=None
[2024-10-22T05:52:46.234+0000] {logging_mixin.py:151} INFO - [2024-10-22T05:52:46.234+0000] {dag.py:2941} INFO - Sync 2 DAGs
[2024-10-22T05:52:46.439+0000] {logging_mixin.py:151} INFO - [2024-10-22T05:52:46.438+0000] {dag.py:3722} INFO - Setting next_dagrun for example_subdag_operator.section-1 to None, run_after=None
[2024-10-22T05:52:46.504+0000] {logging_mixin.py:151} INFO - [2024-10-22T05:52:46.504+0000] {dag.py:3722} INFO - Setting next_dagrun for example_subdag_operator.section-2 to None, run_after=None
[2024-10-22T05:52:48.785+0000] {processor.py:179} INFO - Processing /home/airflow/.local/lib/python3.8/site-packages/airflow/example_dags/example_subdag_operator.py took 6.972 seconds
[2024-10-22T05:56:25.678+0000] {processor.py:157} INFO - Started process (PID=26606) to work on /home/airflow/.local/lib/python3.8/site-packages/airflow/example_dags/example_subdag_operator.py
[2024-10-22T05:56:25.907+0000] {processor.py:829} INFO - Processing file /home/airflow/.local/lib/python3.8/site-packages/airflow/example_dags/example_subdag_operator.py for tasks to queue
[2024-10-22T05:56:26.190+0000] {logging_mixin.py:151} INFO - [2024-10-22T05:56:26.056+0000] {dagbag.py:536} INFO - Filling up the DagBag from /home/airflow/.local/lib/python3.8/site-packages/airflow/example_dags/example_subdag_operator.py
[2024-10-22T05:56:28.661+0000] {processor.py:839} INFO - DAG(s) dict_keys(['example_subdag_operator.section-1', 'example_subdag_operator.section-2', 'example_subdag_operator']) retrieved from /home/airflow/.local/lib/python3.8/site-packages/airflow/example_dags/example_subdag_operator.py
[2024-10-22T05:56:30.744+0000] {logging_mixin.py:151} INFO - [2024-10-22T05:56:30.743+0000] {dag.py:2941} INFO - Sync 3 DAGs
[2024-10-22T05:56:32.595+0000] {logging_mixin.py:151} INFO - [2024-10-22T05:56:32.594+0000] {dag.py:3722} INFO - Setting next_dagrun for example_subdag_operator to 2022-01-01T00:00:00+00:00, run_after=2022-01-01T00:00:00+00:00
[2024-10-22T05:56:32.979+0000] {logging_mixin.py:151} INFO - [2024-10-22T05:56:32.978+0000] {dag.py:3722} INFO - Setting next_dagrun for example_subdag_operator.section-1 to None, run_after=None
[2024-10-22T05:56:33.068+0000] {logging_mixin.py:151} INFO - [2024-10-22T05:56:33.068+0000] {dag.py:3722} INFO - Setting next_dagrun for example_subdag_operator.section-2 to None, run_after=None
[2024-10-22T05:56:33.170+0000] {logging_mixin.py:151} INFO - [2024-10-22T05:56:33.169+0000] {dag.py:2941} INFO - Sync 2 DAGs
[2024-10-22T05:56:33.376+0000] {logging_mixin.py:151} INFO - [2024-10-22T05:56:33.376+0000] {dag.py:3722} INFO - Setting next_dagrun for example_subdag_operator.section-1 to None, run_after=None
[2024-10-22T05:56:33.384+0000] {logging_mixin.py:151} INFO - [2024-10-22T05:56:33.384+0000] {dag.py:3722} INFO - Setting next_dagrun for example_subdag_operator.section-2 to None, run_after=None
[2024-10-22T05:56:34.241+0000] {processor.py:179} INFO - Processing /home/airflow/.local/lib/python3.8/site-packages/airflow/example_dags/example_subdag_operator.py took 8.628 seconds
[2024-10-22T06:01:05.224+0000] {processor.py:157} INFO - Started process (PID=26676) to work on /home/airflow/.local/lib/python3.8/site-packages/airflow/example_dags/example_subdag_operator.py
[2024-10-22T06:01:05.473+0000] {processor.py:829} INFO - Processing file /home/airflow/.local/lib/python3.8/site-packages/airflow/example_dags/example_subdag_operator.py for tasks to queue
[2024-10-22T06:01:05.543+0000] {logging_mixin.py:151} INFO - [2024-10-22T06:01:05.518+0000] {dagbag.py:536} INFO - Filling up the DagBag from /home/airflow/.local/lib/python3.8/site-packages/airflow/example_dags/example_subdag_operator.py
[2024-10-22T06:01:07.650+0000] {processor.py:839} INFO - DAG(s) dict_keys(['example_subdag_operator.section-1', 'example_subdag_operator.section-2', 'example_subdag_operator']) retrieved from /home/airflow/.local/lib/python3.8/site-packages/airflow/example_dags/example_subdag_operator.py
[2024-10-22T06:01:08.567+0000] {logging_mixin.py:151} INFO - [2024-10-22T06:01:08.567+0000] {dag.py:2941} INFO - Sync 3 DAGs
[2024-10-22T06:01:09.212+0000] {logging_mixin.py:151} INFO - [2024-10-22T06:01:09.211+0000] {dag.py:3722} INFO - Setting next_dagrun for example_subdag_operator to 2022-01-01T00:00:00+00:00, run_after=2022-01-01T00:00:00+00:00
[2024-10-22T06:01:09.373+0000] {logging_mixin.py:151} INFO - [2024-10-22T06:01:09.350+0000] {dag.py:3722} INFO - Setting next_dagrun for example_subdag_operator.section-1 to None, run_after=None
[2024-10-22T06:01:09.393+0000] {logging_mixin.py:151} INFO - [2024-10-22T06:01:09.393+0000] {dag.py:3722} INFO - Setting next_dagrun for example_subdag_operator.section-2 to None, run_after=None
[2024-10-22T06:01:09.738+0000] {logging_mixin.py:151} INFO - [2024-10-22T06:01:09.738+0000] {dag.py:2941} INFO - Sync 2 DAGs
[2024-10-22T06:01:09.865+0000] {logging_mixin.py:151} INFO - [2024-10-22T06:01:09.864+0000] {dag.py:3722} INFO - Setting next_dagrun for example_subdag_operator.section-1 to None, run_after=None
[2024-10-22T06:01:09.937+0000] {logging_mixin.py:151} INFO - [2024-10-22T06:01:09.910+0000] {dag.py:3722} INFO - Setting next_dagrun for example_subdag_operator.section-2 to None, run_after=None
[2024-10-22T06:01:10.283+0000] {processor.py:179} INFO - Processing /home/airflow/.local/lib/python3.8/site-packages/airflow/example_dags/example_subdag_operator.py took 5.833 seconds
[2024-10-22T06:10:13.151+0000] {processor.py:157} INFO - Started process (PID=26753) to work on /home/airflow/.local/lib/python3.8/site-packages/airflow/example_dags/example_subdag_operator.py
[2024-10-22T06:10:13.201+0000] {processor.py:829} INFO - Processing file /home/airflow/.local/lib/python3.8/site-packages/airflow/example_dags/example_subdag_operator.py for tasks to queue
[2024-10-22T06:10:13.265+0000] {logging_mixin.py:151} INFO - [2024-10-22T06:10:13.206+0000] {dagbag.py:536} INFO - Filling up the DagBag from /home/airflow/.local/lib/python3.8/site-packages/airflow/example_dags/example_subdag_operator.py
[2024-10-22T06:10:14.471+0000] {processor.py:839} INFO - DAG(s) dict_keys(['example_subdag_operator.section-1', 'example_subdag_operator.section-2', 'example_subdag_operator']) retrieved from /home/airflow/.local/lib/python3.8/site-packages/airflow/example_dags/example_subdag_operator.py
[2024-10-22T06:10:14.881+0000] {logging_mixin.py:151} INFO - [2024-10-22T06:10:14.880+0000] {dag.py:2941} INFO - Sync 3 DAGs
[2024-10-22T06:10:19.798+0000] {logging_mixin.py:151} INFO - [2024-10-22T06:10:19.418+0000] {dag.py:3722} INFO - Setting next_dagrun for example_subdag_operator to 2022-01-01T00:00:00+00:00, run_after=2022-01-01T00:00:00+00:00
[2024-10-22T06:10:19.871+0000] {logging_mixin.py:151} INFO - [2024-10-22T06:10:19.870+0000] {dag.py:3722} INFO - Setting next_dagrun for example_subdag_operator.section-1 to None, run_after=None
[2024-10-22T06:10:19.877+0000] {logging_mixin.py:151} INFO - [2024-10-22T06:10:19.877+0000] {dag.py:3722} INFO - Setting next_dagrun for example_subdag_operator.section-2 to None, run_after=None
[2024-10-22T06:10:19.963+0000] {logging_mixin.py:151} INFO - [2024-10-22T06:10:19.954+0000] {dag.py:2941} INFO - Sync 2 DAGs
[2024-10-22T06:10:20.556+0000] {logging_mixin.py:151} INFO - [2024-10-22T06:10:20.487+0000] {dag.py:3722} INFO - Setting next_dagrun for example_subdag_operator.section-1 to None, run_after=None
[2024-10-22T06:10:20.565+0000] {logging_mixin.py:151} INFO - [2024-10-22T06:10:20.565+0000] {dag.py:3722} INFO - Setting next_dagrun for example_subdag_operator.section-2 to None, run_after=None
[2024-10-22T06:10:21.085+0000] {processor.py:179} INFO - Processing /home/airflow/.local/lib/python3.8/site-packages/airflow/example_dags/example_subdag_operator.py took 8.201 seconds
[2024-10-22T06:15:27.741+0000] {processor.py:157} INFO - Started process (PID=26838) to work on /home/airflow/.local/lib/python3.8/site-packages/airflow/example_dags/example_subdag_operator.py
[2024-10-22T06:15:27.746+0000] {processor.py:829} INFO - Processing file /home/airflow/.local/lib/python3.8/site-packages/airflow/example_dags/example_subdag_operator.py for tasks to queue
[2024-10-22T06:15:27.759+0000] {logging_mixin.py:151} INFO - [2024-10-22T06:15:27.759+0000] {dagbag.py:536} INFO - Filling up the DagBag from /home/airflow/.local/lib/python3.8/site-packages/airflow/example_dags/example_subdag_operator.py
[2024-10-22T06:15:28.297+0000] {processor.py:839} INFO - DAG(s) dict_keys(['example_subdag_operator.section-1', 'example_subdag_operator.section-2', 'example_subdag_operator']) retrieved from /home/airflow/.local/lib/python3.8/site-packages/airflow/example_dags/example_subdag_operator.py
[2024-10-22T06:15:29.229+0000] {logging_mixin.py:151} INFO - [2024-10-22T06:15:29.228+0000] {dag.py:2941} INFO - Sync 3 DAGs
[2024-10-22T06:15:35.448+0000] {logging_mixin.py:151} INFO - [2024-10-22T06:15:35.447+0000] {dag.py:3722} INFO - Setting next_dagrun for example_subdag_operator to 2022-01-01T00:00:00+00:00, run_after=2022-01-01T00:00:00+00:00
[2024-10-22T06:15:35.587+0000] {logging_mixin.py:151} INFO - [2024-10-22T06:15:35.587+0000] {dag.py:3722} INFO - Setting next_dagrun for example_subdag_operator.section-1 to None, run_after=None
[2024-10-22T06:15:35.773+0000] {logging_mixin.py:151} INFO - [2024-10-22T06:15:35.773+0000] {dag.py:3722} INFO - Setting next_dagrun for example_subdag_operator.section-2 to None, run_after=None
[2024-10-22T06:15:36.023+0000] {logging_mixin.py:151} INFO - [2024-10-22T06:15:36.023+0000] {dag.py:2941} INFO - Sync 2 DAGs
[2024-10-22T06:15:36.091+0000] {logging_mixin.py:151} INFO - [2024-10-22T06:15:36.090+0000] {dag.py:3722} INFO - Setting next_dagrun for example_subdag_operator.section-1 to None, run_after=None
[2024-10-22T06:15:36.096+0000] {logging_mixin.py:151} INFO - [2024-10-22T06:15:36.096+0000] {dag.py:3722} INFO - Setting next_dagrun for example_subdag_operator.section-2 to None, run_after=None
[2024-10-22T06:15:36.423+0000] {processor.py:179} INFO - Processing /home/airflow/.local/lib/python3.8/site-packages/airflow/example_dags/example_subdag_operator.py took 8.716 seconds
