[2024-10-22T05:45:46.176+0000] {processor.py:157} INFO - Started process (PID=26380) to work on /home/airflow/.local/lib/python3.8/site-packages/airflow/example_dags/example_branch_day_of_week_operator.py
[2024-10-22T05:45:46.190+0000] {processor.py:829} INFO - Processing file /home/airflow/.local/lib/python3.8/site-packages/airflow/example_dags/example_branch_day_of_week_operator.py for tasks to queue
[2024-10-22T05:45:46.258+0000] {logging_mixin.py:151} INFO - [2024-10-22T05:45:46.215+0000] {dagbag.py:536} INFO - Filling up the DagBag from /home/airflow/.local/lib/python3.8/site-packages/airflow/example_dags/example_branch_day_of_week_operator.py
[2024-10-22T05:45:46.451+0000] {processor.py:839} INFO - DAG(s) dict_keys(['example_weekday_branch_operator']) retrieved from /home/airflow/.local/lib/python3.8/site-packages/airflow/example_dags/example_branch_day_of_week_operator.py
[2024-10-22T05:45:47.237+0000] {logging_mixin.py:151} INFO - [2024-10-22T05:45:47.236+0000] {dag.py:2941} INFO - Sync 1 DAGs
[2024-10-22T05:45:47.687+0000] {logging_mixin.py:151} INFO - [2024-10-22T05:45:47.603+0000] {dag.py:3722} INFO - Setting next_dagrun for example_weekday_branch_operator to 2024-10-21T00:00:00+00:00, run_after=2024-10-22T00:00:00+00:00
[2024-10-22T05:45:48.295+0000] {processor.py:179} INFO - Processing /home/airflow/.local/lib/python3.8/site-packages/airflow/example_dags/example_branch_day_of_week_operator.py took 2.150 seconds
[2024-10-22T05:54:24.273+0000] {processor.py:157} INFO - Started process (PID=26548) to work on /home/airflow/.local/lib/python3.8/site-packages/airflow/example_dags/example_branch_day_of_week_operator.py
[2024-10-22T05:54:24.615+0000] {processor.py:829} INFO - Processing file /home/airflow/.local/lib/python3.8/site-packages/airflow/example_dags/example_branch_day_of_week_operator.py for tasks to queue
[2024-10-22T05:54:24.736+0000] {logging_mixin.py:151} INFO - [2024-10-22T05:54:24.665+0000] {dagbag.py:536} INFO - Filling up the DagBag from /home/airflow/.local/lib/python3.8/site-packages/airflow/example_dags/example_branch_day_of_week_operator.py
[2024-10-22T05:54:25.101+0000] {processor.py:839} INFO - DAG(s) dict_keys(['example_weekday_branch_operator']) retrieved from /home/airflow/.local/lib/python3.8/site-packages/airflow/example_dags/example_branch_day_of_week_operator.py
[2024-10-22T05:54:25.825+0000] {logging_mixin.py:151} INFO - [2024-10-22T05:54:25.824+0000] {dag.py:2941} INFO - Sync 1 DAGs
[2024-10-22T05:54:26.775+0000] {logging_mixin.py:151} INFO - [2024-10-22T05:54:26.775+0000] {dag.py:3722} INFO - Setting next_dagrun for example_weekday_branch_operator to 2024-10-21T00:00:00+00:00, run_after=2024-10-22T00:00:00+00:00
[2024-10-22T05:54:27.395+0000] {processor.py:179} INFO - Processing /home/airflow/.local/lib/python3.8/site-packages/airflow/example_dags/example_branch_day_of_week_operator.py took 3.643 seconds
[2024-10-22T05:57:52.032+0000] {processor.py:157} INFO - Started process (PID=26634) to work on /home/airflow/.local/lib/python3.8/site-packages/airflow/example_dags/example_branch_day_of_week_operator.py
[2024-10-22T05:57:52.046+0000] {processor.py:829} INFO - Processing file /home/airflow/.local/lib/python3.8/site-packages/airflow/example_dags/example_branch_day_of_week_operator.py for tasks to queue
[2024-10-22T05:57:52.092+0000] {logging_mixin.py:151} INFO - [2024-10-22T05:57:52.090+0000] {dagbag.py:536} INFO - Filling up the DagBag from /home/airflow/.local/lib/python3.8/site-packages/airflow/example_dags/example_branch_day_of_week_operator.py
[2024-10-22T05:57:52.500+0000] {processor.py:839} INFO - DAG(s) dict_keys(['example_weekday_branch_operator']) retrieved from /home/airflow/.local/lib/python3.8/site-packages/airflow/example_dags/example_branch_day_of_week_operator.py
[2024-10-22T05:57:54.308+0000] {logging_mixin.py:151} INFO - [2024-10-22T05:57:54.308+0000] {dag.py:2941} INFO - Sync 1 DAGs
[2024-10-22T05:57:56.385+0000] {logging_mixin.py:151} INFO - [2024-10-22T05:57:56.384+0000] {dag.py:3722} INFO - Setting next_dagrun for example_weekday_branch_operator to 2024-10-21T00:00:00+00:00, run_after=2024-10-22T00:00:00+00:00
[2024-10-22T05:57:57.069+0000] {processor.py:179} INFO - Processing /home/airflow/.local/lib/python3.8/site-packages/airflow/example_dags/example_branch_day_of_week_operator.py took 5.068 seconds
[2024-10-22T06:12:41.426+0000] {processor.py:157} INFO - Started process (PID=26780) to work on /home/airflow/.local/lib/python3.8/site-packages/airflow/example_dags/example_branch_day_of_week_operator.py
[2024-10-22T06:12:41.457+0000] {processor.py:829} INFO - Processing file /home/airflow/.local/lib/python3.8/site-packages/airflow/example_dags/example_branch_day_of_week_operator.py for tasks to queue
[2024-10-22T06:12:41.766+0000] {logging_mixin.py:151} INFO - [2024-10-22T06:12:41.764+0000] {dagbag.py:536} INFO - Filling up the DagBag from /home/airflow/.local/lib/python3.8/site-packages/airflow/example_dags/example_branch_day_of_week_operator.py
[2024-10-22T06:12:43.251+0000] {processor.py:839} INFO - DAG(s) dict_keys(['example_weekday_branch_operator']) retrieved from /home/airflow/.local/lib/python3.8/site-packages/airflow/example_dags/example_branch_day_of_week_operator.py
[2024-10-22T06:12:59.284+0000] {logging_mixin.py:151} INFO - [2024-10-22T06:12:59.033+0000] {dag.py:2941} INFO - Sync 1 DAGs
[2024-10-22T06:13:41.289+0000] {logging_mixin.py:151} INFO - [2024-10-22T06:13:40.934+0000] {dag.py:3722} INFO - Setting next_dagrun for example_weekday_branch_operator to 2024-10-21T00:00:00+00:00, run_after=2024-10-22T00:00:00+00:00
[2024-10-22T06:13:42.067+0000] {processor.py:179} INFO - Processing /home/airflow/.local/lib/python3.8/site-packages/airflow/example_dags/example_branch_day_of_week_operator.py took 61.145 seconds
