[2024-10-22T05:49:56.034+0000] {processor.py:157} INFO - Started process (PID=26466) to work on /home/airflow/.local/lib/python3.8/site-packages/airflow/example_dags/example_params_trigger_ui.py
[2024-10-22T05:49:56.266+0000] {processor.py:829} INFO - Processing file /home/airflow/.local/lib/python3.8/site-packages/airflow/example_dags/example_params_trigger_ui.py for tasks to queue
[2024-10-22T05:49:56.324+0000] {logging_mixin.py:151} INFO - [2024-10-22T05:49:56.323+0000] {dagbag.py:536} INFO - Filling up the DagBag from /home/airflow/.local/lib/python3.8/site-packages/airflow/example_dags/example_params_trigger_ui.py
[2024-10-22T05:50:01.598+0000] {processor.py:839} INFO - DAG(s) dict_keys(['example_params_trigger_ui']) retrieved from /home/airflow/.local/lib/python3.8/site-packages/airflow/example_dags/example_params_trigger_ui.py
[2024-10-22T05:50:16.747+0000] {logging_mixin.py:151} INFO - [2024-10-22T05:50:16.507+0000] {dag.py:2941} INFO - Sync 1 DAGs
[2024-10-22T05:50:19.076+0000] {logging_mixin.py:151} INFO - [2024-10-22T05:50:19.076+0000] {dag.py:3722} INFO - Setting next_dagrun for example_params_trigger_ui to None, run_after=None
[2024-10-22T05:50:24.138+0000] {processor.py:179} INFO - Processing /home/airflow/.local/lib/python3.8/site-packages/airflow/example_dags/example_params_trigger_ui.py took 28.302 seconds
[2024-10-22T05:57:58.639+0000] {processor.py:157} INFO - Started process (PID=26642) to work on /home/airflow/.local/lib/python3.8/site-packages/airflow/example_dags/example_params_trigger_ui.py
[2024-10-22T05:57:58.740+0000] {processor.py:829} INFO - Processing file /home/airflow/.local/lib/python3.8/site-packages/airflow/example_dags/example_params_trigger_ui.py for tasks to queue
[2024-10-22T05:57:58.761+0000] {logging_mixin.py:151} INFO - [2024-10-22T05:57:58.751+0000] {dagbag.py:536} INFO - Filling up the DagBag from /home/airflow/.local/lib/python3.8/site-packages/airflow/example_dags/example_params_trigger_ui.py
[2024-10-22T05:57:59.639+0000] {processor.py:839} INFO - DAG(s) dict_keys(['example_params_trigger_ui']) retrieved from /home/airflow/.local/lib/python3.8/site-packages/airflow/example_dags/example_params_trigger_ui.py
[2024-10-22T05:58:04.593+0000] {logging_mixin.py:151} INFO - [2024-10-22T05:58:04.592+0000] {dag.py:2941} INFO - Sync 1 DAGs
[2024-10-22T05:58:05.021+0000] {logging_mixin.py:151} INFO - [2024-10-22T05:58:05.014+0000] {dag.py:3722} INFO - Setting next_dagrun for example_params_trigger_ui to None, run_after=None
[2024-10-22T05:58:08.098+0000] {processor.py:179} INFO - Processing /home/airflow/.local/lib/python3.8/site-packages/airflow/example_dags/example_params_trigger_ui.py took 9.708 seconds
[2024-10-22T06:14:04.910+0000] {processor.py:157} INFO - Started process (PID=26796) to work on /home/airflow/.local/lib/python3.8/site-packages/airflow/example_dags/example_params_trigger_ui.py
[2024-10-22T06:14:04.959+0000] {processor.py:829} INFO - Processing file /home/airflow/.local/lib/python3.8/site-packages/airflow/example_dags/example_params_trigger_ui.py for tasks to queue
[2024-10-22T06:14:04.965+0000] {logging_mixin.py:151} INFO - [2024-10-22T06:14:04.964+0000] {dagbag.py:536} INFO - Filling up the DagBag from /home/airflow/.local/lib/python3.8/site-packages/airflow/example_dags/example_params_trigger_ui.py
[2024-10-22T06:14:13.877+0000] {processor.py:839} INFO - DAG(s) dict_keys(['example_params_trigger_ui']) retrieved from /home/airflow/.local/lib/python3.8/site-packages/airflow/example_dags/example_params_trigger_ui.py
[2024-10-22T06:14:17.693+0000] {logging_mixin.py:151} INFO - [2024-10-22T06:14:17.692+0000] {dag.py:2941} INFO - Sync 1 DAGs
[2024-10-22T06:14:17.821+0000] {logging_mixin.py:151} INFO - [2024-10-22T06:14:17.821+0000] {dag.py:3722} INFO - Setting next_dagrun for example_params_trigger_ui to None, run_after=None
[2024-10-22T06:14:18.699+0000] {processor.py:179} INFO - Processing /home/airflow/.local/lib/python3.8/site-packages/airflow/example_dags/example_params_trigger_ui.py took 13.906 seconds
