[2024-10-22T05:44:55.085+0000] {processor.py:157} INFO - Started process (PID=26356) to work on /home/airflow/.local/lib/python3.8/site-packages/airflow/example_dags/example_trigger_controller_dag.py
[2024-10-22T05:44:55.257+0000] {processor.py:829} INFO - Processing file /home/airflow/.local/lib/python3.8/site-packages/airflow/example_dags/example_trigger_controller_dag.py for tasks to queue
[2024-10-22T05:44:55.318+0000] {logging_mixin.py:151} INFO - [2024-10-22T05:44:55.273+0000] {dagbag.py:536} INFO - Filling up the DagBag from /home/airflow/.local/lib/python3.8/site-packages/airflow/example_dags/example_trigger_controller_dag.py
[2024-10-22T05:44:55.687+0000] {processor.py:839} INFO - DAG(s) dict_keys(['example_trigger_controller_dag']) retrieved from /home/airflow/.local/lib/python3.8/site-packages/airflow/example_dags/example_trigger_controller_dag.py
[2024-10-22T05:44:56.393+0000] {logging_mixin.py:151} INFO - [2024-10-22T05:44:56.392+0000] {dag.py:2941} INFO - Sync 1 DAGs
[2024-10-22T05:44:56.788+0000] {logging_mixin.py:151} INFO - [2024-10-22T05:44:56.788+0000] {dag.py:3722} INFO - Setting next_dagrun for example_trigger_controller_dag to 2021-01-01T00:00:00+00:00, run_after=2021-01-01T00:00:00+00:00
[2024-10-22T05:44:56.963+0000] {processor.py:179} INFO - Processing /home/airflow/.local/lib/python3.8/site-packages/airflow/example_dags/example_trigger_controller_dag.py took 2.007 seconds
[2024-10-22T05:47:05.302+0000] {processor.py:157} INFO - Started process (PID=26425) to work on /home/airflow/.local/lib/python3.8/site-packages/airflow/example_dags/example_trigger_controller_dag.py
[2024-10-22T05:47:05.535+0000] {processor.py:829} INFO - Processing file /home/airflow/.local/lib/python3.8/site-packages/airflow/example_dags/example_trigger_controller_dag.py for tasks to queue
[2024-10-22T05:47:05.625+0000] {logging_mixin.py:151} INFO - [2024-10-22T05:47:05.598+0000] {dagbag.py:536} INFO - Filling up the DagBag from /home/airflow/.local/lib/python3.8/site-packages/airflow/example_dags/example_trigger_controller_dag.py
[2024-10-22T05:47:07.529+0000] {processor.py:839} INFO - DAG(s) dict_keys(['example_trigger_controller_dag']) retrieved from /home/airflow/.local/lib/python3.8/site-packages/airflow/example_dags/example_trigger_controller_dag.py
[2024-10-22T05:47:18.538+0000] {logging_mixin.py:151} INFO - [2024-10-22T05:47:18.508+0000] {dag.py:2941} INFO - Sync 1 DAGs
[2024-10-22T05:47:20.252+0000] {logging_mixin.py:151} INFO - [2024-10-22T05:47:20.252+0000] {dag.py:3722} INFO - Setting next_dagrun for example_trigger_controller_dag to 2021-01-01T00:00:00+00:00, run_after=2021-01-01T00:00:00+00:00
[2024-10-22T05:47:25.151+0000] {processor.py:179} INFO - Processing /home/airflow/.local/lib/python3.8/site-packages/airflow/example_dags/example_trigger_controller_dag.py took 21.875 seconds
[2024-10-22T05:52:35.989+0000] {processor.py:157} INFO - Started process (PID=26511) to work on /home/airflow/.local/lib/python3.8/site-packages/airflow/example_dags/example_trigger_controller_dag.py
[2024-10-22T05:52:36.122+0000] {processor.py:829} INFO - Processing file /home/airflow/.local/lib/python3.8/site-packages/airflow/example_dags/example_trigger_controller_dag.py for tasks to queue
[2024-10-22T05:52:36.126+0000] {logging_mixin.py:151} INFO - [2024-10-22T05:52:36.125+0000] {dagbag.py:536} INFO - Filling up the DagBag from /home/airflow/.local/lib/python3.8/site-packages/airflow/example_dags/example_trigger_controller_dag.py
[2024-10-22T05:52:36.354+0000] {processor.py:839} INFO - DAG(s) dict_keys(['example_trigger_controller_dag']) retrieved from /home/airflow/.local/lib/python3.8/site-packages/airflow/example_dags/example_trigger_controller_dag.py
[2024-10-22T05:52:38.905+0000] {logging_mixin.py:151} INFO - [2024-10-22T05:52:38.903+0000] {dag.py:2941} INFO - Sync 1 DAGs
[2024-10-22T05:52:39.772+0000] {logging_mixin.py:151} INFO - [2024-10-22T05:52:39.765+0000] {dag.py:3722} INFO - Setting next_dagrun for example_trigger_controller_dag to 2021-01-01T00:00:00+00:00, run_after=2021-01-01T00:00:00+00:00
[2024-10-22T05:52:40.861+0000] {processor.py:179} INFO - Processing /home/airflow/.local/lib/python3.8/site-packages/airflow/example_dags/example_trigger_controller_dag.py took 5.199 seconds
[2024-10-22T05:56:19.939+0000] {processor.py:157} INFO - Started process (PID=26603) to work on /home/airflow/.local/lib/python3.8/site-packages/airflow/example_dags/example_trigger_controller_dag.py
[2024-10-22T05:56:20.164+0000] {processor.py:829} INFO - Processing file /home/airflow/.local/lib/python3.8/site-packages/airflow/example_dags/example_trigger_controller_dag.py for tasks to queue
[2024-10-22T05:56:20.307+0000] {logging_mixin.py:151} INFO - [2024-10-22T05:56:20.283+0000] {dagbag.py:536} INFO - Filling up the DagBag from /home/airflow/.local/lib/python3.8/site-packages/airflow/example_dags/example_trigger_controller_dag.py
[2024-10-22T05:56:20.870+0000] {processor.py:839} INFO - DAG(s) dict_keys(['example_trigger_controller_dag']) retrieved from /home/airflow/.local/lib/python3.8/site-packages/airflow/example_dags/example_trigger_controller_dag.py
[2024-10-22T05:56:21.290+0000] {logging_mixin.py:151} INFO - [2024-10-22T05:56:21.290+0000] {dag.py:2941} INFO - Sync 1 DAGs
[2024-10-22T05:56:21.416+0000] {logging_mixin.py:151} INFO - [2024-10-22T05:56:21.415+0000] {dag.py:3722} INFO - Setting next_dagrun for example_trigger_controller_dag to 2021-01-01T00:00:00+00:00, run_after=2021-01-01T00:00:00+00:00
[2024-10-22T05:56:21.997+0000] {processor.py:179} INFO - Processing /home/airflow/.local/lib/python3.8/site-packages/airflow/example_dags/example_trigger_controller_dag.py took 4.314 seconds
[2024-10-22T06:00:57.117+0000] {processor.py:157} INFO - Started process (PID=26673) to work on /home/airflow/.local/lib/python3.8/site-packages/airflow/example_dags/example_trigger_controller_dag.py
[2024-10-22T06:00:57.211+0000] {processor.py:829} INFO - Processing file /home/airflow/.local/lib/python3.8/site-packages/airflow/example_dags/example_trigger_controller_dag.py for tasks to queue
[2024-10-22T06:00:57.288+0000] {logging_mixin.py:151} INFO - [2024-10-22T06:00:57.254+0000] {dagbag.py:536} INFO - Filling up the DagBag from /home/airflow/.local/lib/python3.8/site-packages/airflow/example_dags/example_trigger_controller_dag.py
[2024-10-22T06:00:57.432+0000] {processor.py:839} INFO - DAG(s) dict_keys(['example_trigger_controller_dag']) retrieved from /home/airflow/.local/lib/python3.8/site-packages/airflow/example_dags/example_trigger_controller_dag.py
[2024-10-22T06:00:59.191+0000] {logging_mixin.py:151} INFO - [2024-10-22T06:00:59.190+0000] {dag.py:2941} INFO - Sync 1 DAGs
[2024-10-22T06:00:59.834+0000] {logging_mixin.py:151} INFO - [2024-10-22T06:00:59.832+0000] {dag.py:3722} INFO - Setting next_dagrun for example_trigger_controller_dag to 2021-01-01T00:00:00+00:00, run_after=2021-01-01T00:00:00+00:00
[2024-10-22T06:01:00.458+0000] {processor.py:179} INFO - Processing /home/airflow/.local/lib/python3.8/site-packages/airflow/example_dags/example_trigger_controller_dag.py took 3.453 seconds
[2024-10-22T06:09:55.528+0000] {processor.py:157} INFO - Started process (PID=26743) to work on /home/airflow/.local/lib/python3.8/site-packages/airflow/example_dags/example_trigger_controller_dag.py
[2024-10-22T06:09:55.699+0000] {processor.py:829} INFO - Processing file /home/airflow/.local/lib/python3.8/site-packages/airflow/example_dags/example_trigger_controller_dag.py for tasks to queue
[2024-10-22T06:09:55.722+0000] {logging_mixin.py:151} INFO - [2024-10-22T06:09:55.721+0000] {dagbag.py:536} INFO - Filling up the DagBag from /home/airflow/.local/lib/python3.8/site-packages/airflow/example_dags/example_trigger_controller_dag.py
[2024-10-22T06:09:56.073+0000] {processor.py:839} INFO - DAG(s) dict_keys(['example_trigger_controller_dag']) retrieved from /home/airflow/.local/lib/python3.8/site-packages/airflow/example_dags/example_trigger_controller_dag.py
[2024-10-22T06:09:57.952+0000] {logging_mixin.py:151} INFO - [2024-10-22T06:09:57.934+0000] {dag.py:2941} INFO - Sync 1 DAGs
[2024-10-22T06:10:05.320+0000] {logging_mixin.py:151} INFO - [2024-10-22T06:10:05.222+0000] {dag.py:3722} INFO - Setting next_dagrun for example_trigger_controller_dag to 2021-01-01T00:00:00+00:00, run_after=2021-01-01T00:00:00+00:00
[2024-10-22T06:10:07.810+0000] {processor.py:179} INFO - Processing /home/airflow/.local/lib/python3.8/site-packages/airflow/example_dags/example_trigger_controller_dag.py took 12.575 seconds
[2024-10-22T06:15:21.246+0000] {processor.py:157} INFO - Started process (PID=26835) to work on /home/airflow/.local/lib/python3.8/site-packages/airflow/example_dags/example_trigger_controller_dag.py
[2024-10-22T06:15:21.289+0000] {processor.py:829} INFO - Processing file /home/airflow/.local/lib/python3.8/site-packages/airflow/example_dags/example_trigger_controller_dag.py for tasks to queue
[2024-10-22T06:15:21.316+0000] {logging_mixin.py:151} INFO - [2024-10-22T06:15:21.309+0000] {dagbag.py:536} INFO - Filling up the DagBag from /home/airflow/.local/lib/python3.8/site-packages/airflow/example_dags/example_trigger_controller_dag.py
[2024-10-22T06:15:22.485+0000] {processor.py:839} INFO - DAG(s) dict_keys(['example_trigger_controller_dag']) retrieved from /home/airflow/.local/lib/python3.8/site-packages/airflow/example_dags/example_trigger_controller_dag.py
[2024-10-22T06:15:25.614+0000] {logging_mixin.py:151} INFO - [2024-10-22T06:15:25.613+0000] {dag.py:2941} INFO - Sync 1 DAGs
[2024-10-22T06:15:26.177+0000] {logging_mixin.py:151} INFO - [2024-10-22T06:15:26.174+0000] {dag.py:3722} INFO - Setting next_dagrun for example_trigger_controller_dag to 2021-01-01T00:00:00+00:00, run_after=2021-01-01T00:00:00+00:00
[2024-10-22T06:15:26.936+0000] {processor.py:179} INFO - Processing /home/airflow/.local/lib/python3.8/site-packages/airflow/example_dags/example_trigger_controller_dag.py took 5.817 seconds
