[2024-10-22T05:45:45.950+0000] {processor.py:157} INFO - Started process (PID=26379) to work on /home/airflow/.local/lib/python3.8/site-packages/airflow/example_dags/example_branch_operator_decorator.py
[2024-10-22T05:45:45.955+0000] {processor.py:829} INFO - Processing file /home/airflow/.local/lib/python3.8/site-packages/airflow/example_dags/example_branch_operator_decorator.py for tasks to queue
[2024-10-22T05:45:45.997+0000] {logging_mixin.py:151} INFO - [2024-10-22T05:45:45.984+0000] {dagbag.py:536} INFO - Filling up the DagBag from /home/airflow/.local/lib/python3.8/site-packages/airflow/example_dags/example_branch_operator_decorator.py
[2024-10-22T05:45:46.296+0000] {processor.py:839} INFO - DAG(s) dict_keys(['example_branch_python_operator_decorator']) retrieved from /home/airflow/.local/lib/python3.8/site-packages/airflow/example_dags/example_branch_operator_decorator.py
[2024-10-22T05:45:46.995+0000] {logging_mixin.py:151} INFO - [2024-10-22T05:45:46.995+0000] {dag.py:2941} INFO - Sync 1 DAGs
[2024-10-22T05:45:47.469+0000] {logging_mixin.py:151} INFO - [2024-10-22T05:45:47.468+0000] {dag.py:3722} INFO - Setting next_dagrun for example_branch_python_operator_decorator to 2024-10-21T00:00:00+00:00, run_after=2024-10-22T00:00:00+00:00
[2024-10-22T05:45:48.191+0000] {processor.py:179} INFO - Processing /home/airflow/.local/lib/python3.8/site-packages/airflow/example_dags/example_branch_operator_decorator.py took 2.247 seconds
[2024-10-22T05:54:22.065+0000] {processor.py:157} INFO - Started process (PID=26547) to work on /home/airflow/.local/lib/python3.8/site-packages/airflow/example_dags/example_branch_operator_decorator.py
[2024-10-22T05:54:22.083+0000] {processor.py:829} INFO - Processing file /home/airflow/.local/lib/python3.8/site-packages/airflow/example_dags/example_branch_operator_decorator.py for tasks to queue
[2024-10-22T05:54:22.111+0000] {logging_mixin.py:151} INFO - [2024-10-22T05:54:22.111+0000] {dagbag.py:536} INFO - Filling up the DagBag from /home/airflow/.local/lib/python3.8/site-packages/airflow/example_dags/example_branch_operator_decorator.py
[2024-10-22T05:54:22.279+0000] {processor.py:839} INFO - DAG(s) dict_keys(['example_branch_python_operator_decorator']) retrieved from /home/airflow/.local/lib/python3.8/site-packages/airflow/example_dags/example_branch_operator_decorator.py
[2024-10-22T05:54:22.619+0000] {logging_mixin.py:151} INFO - [2024-10-22T05:54:22.619+0000] {dag.py:2941} INFO - Sync 1 DAGs
[2024-10-22T05:54:24.605+0000] {logging_mixin.py:151} INFO - [2024-10-22T05:54:24.605+0000] {dag.py:3722} INFO - Setting next_dagrun for example_branch_python_operator_decorator to 2024-10-21T00:00:00+00:00, run_after=2024-10-22T00:00:00+00:00
[2024-10-22T05:54:25.355+0000] {processor.py:179} INFO - Processing /home/airflow/.local/lib/python3.8/site-packages/airflow/example_dags/example_branch_operator_decorator.py took 3.297 seconds
[2024-10-22T05:57:49.405+0000] {processor.py:157} INFO - Started process (PID=26633) to work on /home/airflow/.local/lib/python3.8/site-packages/airflow/example_dags/example_branch_operator_decorator.py
[2024-10-22T05:57:49.423+0000] {processor.py:829} INFO - Processing file /home/airflow/.local/lib/python3.8/site-packages/airflow/example_dags/example_branch_operator_decorator.py for tasks to queue
[2024-10-22T05:57:49.480+0000] {logging_mixin.py:151} INFO - [2024-10-22T05:57:49.479+0000] {dagbag.py:536} INFO - Filling up the DagBag from /home/airflow/.local/lib/python3.8/site-packages/airflow/example_dags/example_branch_operator_decorator.py
[2024-10-22T05:57:51.042+0000] {processor.py:839} INFO - DAG(s) dict_keys(['example_branch_python_operator_decorator']) retrieved from /home/airflow/.local/lib/python3.8/site-packages/airflow/example_dags/example_branch_operator_decorator.py
[2024-10-22T05:57:53.546+0000] {logging_mixin.py:151} INFO - [2024-10-22T05:57:53.530+0000] {dag.py:2941} INFO - Sync 1 DAGs
[2024-10-22T05:57:56.389+0000] {logging_mixin.py:151} INFO - [2024-10-22T05:57:56.388+0000] {dag.py:3722} INFO - Setting next_dagrun for example_branch_python_operator_decorator to 2024-10-21T00:00:00+00:00, run_after=2024-10-22T00:00:00+00:00
[2024-10-22T05:57:57.095+0000] {processor.py:179} INFO - Processing /home/airflow/.local/lib/python3.8/site-packages/airflow/example_dags/example_branch_operator_decorator.py took 8.099 seconds
[2024-10-22T06:12:38.583+0000] {processor.py:157} INFO - Started process (PID=26779) to work on /home/airflow/.local/lib/python3.8/site-packages/airflow/example_dags/example_branch_operator_decorator.py
[2024-10-22T06:12:38.655+0000] {processor.py:829} INFO - Processing file /home/airflow/.local/lib/python3.8/site-packages/airflow/example_dags/example_branch_operator_decorator.py for tasks to queue
[2024-10-22T06:12:38.930+0000] {logging_mixin.py:151} INFO - [2024-10-22T06:12:38.911+0000] {dagbag.py:536} INFO - Filling up the DagBag from /home/airflow/.local/lib/python3.8/site-packages/airflow/example_dags/example_branch_operator_decorator.py
[2024-10-22T06:12:42.691+0000] {processor.py:839} INFO - DAG(s) dict_keys(['example_branch_python_operator_decorator']) retrieved from /home/airflow/.local/lib/python3.8/site-packages/airflow/example_dags/example_branch_operator_decorator.py
[2024-10-22T06:18:49.388+0000] {processor.py:157} INFO - Started process (PID=26883) to work on /home/airflow/.local/lib/python3.8/site-packages/airflow/example_dags/example_branch_operator_decorator.py
[2024-10-22T06:18:49.395+0000] {processor.py:829} INFO - Processing file /home/airflow/.local/lib/python3.8/site-packages/airflow/example_dags/example_branch_operator_decorator.py for tasks to queue
[2024-10-22T06:18:49.415+0000] {logging_mixin.py:151} INFO - [2024-10-22T06:18:49.414+0000] {dagbag.py:536} INFO - Filling up the DagBag from /home/airflow/.local/lib/python3.8/site-packages/airflow/example_dags/example_branch_operator_decorator.py
[2024-10-22T06:18:49.812+0000] {processor.py:839} INFO - DAG(s) dict_keys(['example_branch_python_operator_decorator']) retrieved from /home/airflow/.local/lib/python3.8/site-packages/airflow/example_dags/example_branch_operator_decorator.py
[2024-10-22T06:18:58.834+0000] {logging_mixin.py:151} INFO - [2024-10-22T06:18:58.749+0000] {dag.py:2941} INFO - Sync 1 DAGs
[2024-10-22T06:18:59.522+0000] {logging_mixin.py:151} INFO - [2024-10-22T06:18:59.522+0000] {dag.py:3722} INFO - Setting next_dagrun for example_branch_python_operator_decorator to 2024-10-21T00:00:00+00:00, run_after=2024-10-22T00:00:00+00:00
