[2024-10-22T05:45:06.114+0000] {processor.py:157} INFO - Started process (PID=26363) to work on /home/airflow/.local/lib/python3.8/site-packages/airflow/example_dags/example_python_operator.py
[2024-10-22T05:45:06.197+0000] {processor.py:829} INFO - Processing file /home/airflow/.local/lib/python3.8/site-packages/airflow/example_dags/example_python_operator.py for tasks to queue
[2024-10-22T05:45:06.200+0000] {logging_mixin.py:151} INFO - [2024-10-22T05:45:06.199+0000] {dagbag.py:536} INFO - Filling up the DagBag from /home/airflow/.local/lib/python3.8/site-packages/airflow/example_dags/example_python_operator.py
[2024-10-22T05:45:06.939+0000] {processor.py:839} INFO - DAG(s) dict_keys(['example_python_operator']) retrieved from /home/airflow/.local/lib/python3.8/site-packages/airflow/example_dags/example_python_operator.py
[2024-10-22T05:45:07.785+0000] {logging_mixin.py:151} INFO - [2024-10-22T05:45:07.785+0000] {dag.py:2941} INFO - Sync 1 DAGs
[2024-10-22T05:45:07.953+0000] {logging_mixin.py:151} INFO - [2024-10-22T05:45:07.953+0000] {dag.py:3722} INFO - Setting next_dagrun for example_python_operator to None, run_after=None
[2024-10-22T05:45:08.559+0000] {processor.py:179} INFO - Processing /home/airflow/.local/lib/python3.8/site-packages/airflow/example_dags/example_python_operator.py took 2.478 seconds
[2024-10-22T05:48:58.254+0000] {processor.py:157} INFO - Started process (PID=26446) to work on /home/airflow/.local/lib/python3.8/site-packages/airflow/example_dags/example_python_operator.py
[2024-10-22T05:48:59.732+0000] {processor.py:829} INFO - Processing file /home/airflow/.local/lib/python3.8/site-packages/airflow/example_dags/example_python_operator.py for tasks to queue
[2024-10-22T05:49:00.882+0000] {logging_mixin.py:151} INFO - [2024-10-22T05:49:00.592+0000] {dagbag.py:536} INFO - Filling up the DagBag from /home/airflow/.local/lib/python3.8/site-packages/airflow/example_dags/example_python_operator.py
[2024-10-22T05:49:02.363+0000] {processor.py:839} INFO - DAG(s) dict_keys(['example_python_operator']) retrieved from /home/airflow/.local/lib/python3.8/site-packages/airflow/example_dags/example_python_operator.py
[2024-10-22T05:49:07.133+0000] {logging_mixin.py:151} INFO - [2024-10-22T05:49:07.123+0000] {dag.py:2941} INFO - Sync 1 DAGs
[2024-10-22T05:49:08.087+0000] {logging_mixin.py:151} INFO - [2024-10-22T05:49:08.087+0000] {dag.py:3722} INFO - Setting next_dagrun for example_python_operator to None, run_after=None
[2024-10-22T05:49:09.597+0000] {processor.py:179} INFO - Processing /home/airflow/.local/lib/python3.8/site-packages/airflow/example_dags/example_python_operator.py took 13.808 seconds
[2024-10-22T05:52:58.639+0000] {processor.py:157} INFO - Started process (PID=26525) to work on /home/airflow/.local/lib/python3.8/site-packages/airflow/example_dags/example_python_operator.py
[2024-10-22T05:52:58.677+0000] {processor.py:829} INFO - Processing file /home/airflow/.local/lib/python3.8/site-packages/airflow/example_dags/example_python_operator.py for tasks to queue
[2024-10-22T05:52:58.775+0000] {logging_mixin.py:151} INFO - [2024-10-22T05:52:58.774+0000] {dagbag.py:536} INFO - Filling up the DagBag from /home/airflow/.local/lib/python3.8/site-packages/airflow/example_dags/example_python_operator.py
[2024-10-22T05:52:59.762+0000] {processor.py:839} INFO - DAG(s) dict_keys(['example_python_operator']) retrieved from /home/airflow/.local/lib/python3.8/site-packages/airflow/example_dags/example_python_operator.py
[2024-10-22T05:53:03.146+0000] {logging_mixin.py:151} INFO - [2024-10-22T05:53:03.145+0000] {dag.py:2941} INFO - Sync 1 DAGs
[2024-10-22T05:53:04.405+0000] {logging_mixin.py:151} INFO - [2024-10-22T05:53:04.405+0000] {dag.py:3722} INFO - Setting next_dagrun for example_python_operator to None, run_after=None
[2024-10-22T05:53:21.326+0000] {processor.py:179} INFO - Processing /home/airflow/.local/lib/python3.8/site-packages/airflow/example_dags/example_python_operator.py took 22.818 seconds
[2024-10-22T05:56:46.095+0000] {processor.py:157} INFO - Started process (PID=26617) to work on /home/airflow/.local/lib/python3.8/site-packages/airflow/example_dags/example_python_operator.py
[2024-10-22T05:56:46.114+0000] {processor.py:829} INFO - Processing file /home/airflow/.local/lib/python3.8/site-packages/airflow/example_dags/example_python_operator.py for tasks to queue
[2024-10-22T05:56:46.119+0000] {logging_mixin.py:151} INFO - [2024-10-22T05:56:46.118+0000] {dagbag.py:536} INFO - Filling up the DagBag from /home/airflow/.local/lib/python3.8/site-packages/airflow/example_dags/example_python_operator.py
[2024-10-22T05:56:46.316+0000] {processor.py:839} INFO - DAG(s) dict_keys(['example_python_operator']) retrieved from /home/airflow/.local/lib/python3.8/site-packages/airflow/example_dags/example_python_operator.py
[2024-10-22T05:56:48.787+0000] {logging_mixin.py:151} INFO - [2024-10-22T05:56:48.786+0000] {dag.py:2941} INFO - Sync 1 DAGs
[2024-10-22T05:56:50.651+0000] {logging_mixin.py:151} INFO - [2024-10-22T05:56:50.649+0000] {dag.py:3722} INFO - Setting next_dagrun for example_python_operator to None, run_after=None
[2024-10-22T05:56:52.119+0000] {processor.py:179} INFO - Processing /home/airflow/.local/lib/python3.8/site-packages/airflow/example_dags/example_python_operator.py took 6.047 seconds
[2024-10-22T06:01:18.397+0000] {processor.py:157} INFO - Started process (PID=26686) to work on /home/airflow/.local/lib/python3.8/site-packages/airflow/example_dags/example_python_operator.py
[2024-10-22T06:01:18.445+0000] {processor.py:829} INFO - Processing file /home/airflow/.local/lib/python3.8/site-packages/airflow/example_dags/example_python_operator.py for tasks to queue
[2024-10-22T06:01:19.416+0000] {logging_mixin.py:151} INFO - [2024-10-22T06:01:19.222+0000] {dagbag.py:536} INFO - Filling up the DagBag from /home/airflow/.local/lib/python3.8/site-packages/airflow/example_dags/example_python_operator.py
[2024-10-22T06:01:20.377+0000] {processor.py:839} INFO - DAG(s) dict_keys(['example_python_operator']) retrieved from /home/airflow/.local/lib/python3.8/site-packages/airflow/example_dags/example_python_operator.py
[2024-10-22T06:01:21.939+0000] {logging_mixin.py:151} INFO - [2024-10-22T06:01:21.938+0000] {dag.py:2941} INFO - Sync 1 DAGs
[2024-10-22T06:01:22.390+0000] {logging_mixin.py:151} INFO - [2024-10-22T06:01:22.390+0000] {dag.py:3722} INFO - Setting next_dagrun for example_python_operator to None, run_after=None
[2024-10-22T06:01:22.623+0000] {processor.py:179} INFO - Processing /home/airflow/.local/lib/python3.8/site-packages/airflow/example_dags/example_python_operator.py took 4.809 seconds
[2024-10-22T06:10:29.426+0000] {processor.py:157} INFO - Started process (PID=26757) to work on /home/airflow/.local/lib/python3.8/site-packages/airflow/example_dags/example_python_operator.py
[2024-10-22T06:10:29.487+0000] {processor.py:829} INFO - Processing file /home/airflow/.local/lib/python3.8/site-packages/airflow/example_dags/example_python_operator.py for tasks to queue
[2024-10-22T06:10:29.561+0000] {logging_mixin.py:151} INFO - [2024-10-22T06:10:29.522+0000] {dagbag.py:536} INFO - Filling up the DagBag from /home/airflow/.local/lib/python3.8/site-packages/airflow/example_dags/example_python_operator.py
[2024-10-22T06:10:40.573+0000] {processor.py:839} INFO - DAG(s) dict_keys(['example_python_operator']) retrieved from /home/airflow/.local/lib/python3.8/site-packages/airflow/example_dags/example_python_operator.py
[2024-10-22T06:10:47.740+0000] {logging_mixin.py:151} INFO - [2024-10-22T06:10:47.738+0000] {dag.py:2941} INFO - Sync 1 DAGs
[2024-10-22T06:10:48.812+0000] {logging_mixin.py:151} INFO - [2024-10-22T06:10:48.812+0000] {dag.py:3722} INFO - Setting next_dagrun for example_python_operator to None, run_after=None
[2024-10-22T06:10:54.880+0000] {processor.py:179} INFO - Processing /home/airflow/.local/lib/python3.8/site-packages/airflow/example_dags/example_python_operator.py took 25.948 seconds
[2024-10-22T06:15:50.443+0000] {processor.py:157} INFO - Started process (PID=26842) to work on /home/airflow/.local/lib/python3.8/site-packages/airflow/example_dags/example_python_operator.py
[2024-10-22T06:15:50.606+0000] {processor.py:829} INFO - Processing file /home/airflow/.local/lib/python3.8/site-packages/airflow/example_dags/example_python_operator.py for tasks to queue
[2024-10-22T06:15:50.836+0000] {logging_mixin.py:151} INFO - [2024-10-22T06:15:50.833+0000] {dagbag.py:536} INFO - Filling up the DagBag from /home/airflow/.local/lib/python3.8/site-packages/airflow/example_dags/example_python_operator.py
[2024-10-22T06:15:51.268+0000] {processor.py:839} INFO - DAG(s) dict_keys(['example_python_operator']) retrieved from /home/airflow/.local/lib/python3.8/site-packages/airflow/example_dags/example_python_operator.py
[2024-10-22T06:15:55.176+0000] {logging_mixin.py:151} INFO - [2024-10-22T06:15:55.156+0000] {dag.py:2941} INFO - Sync 1 DAGs
[2024-10-22T06:15:55.497+0000] {logging_mixin.py:151} INFO - [2024-10-22T06:15:55.497+0000] {dag.py:3722} INFO - Setting next_dagrun for example_python_operator to None, run_after=None
[2024-10-22T06:15:55.814+0000] {processor.py:179} INFO - Processing /home/airflow/.local/lib/python3.8/site-packages/airflow/example_dags/example_python_operator.py took 5.491 seconds
