[2024-10-22T05:45:02.500+0000] {processor.py:157} INFO - Started process (PID=26360) to work on /home/airflow/.local/lib/python3.8/site-packages/airflow/example_dags/example_setup_teardown_taskflow.py
[2024-10-22T05:45:02.528+0000] {processor.py:829} INFO - Processing file /home/airflow/.local/lib/python3.8/site-packages/airflow/example_dags/example_setup_teardown_taskflow.py for tasks to queue
[2024-10-22T05:45:02.530+0000] {logging_mixin.py:151} INFO - [2024-10-22T05:45:02.530+0000] {dagbag.py:536} INFO - Filling up the DagBag from /home/airflow/.local/lib/python3.8/site-packages/airflow/example_dags/example_setup_teardown_taskflow.py
[2024-10-22T05:45:02.782+0000] {processor.py:839} INFO - DAG(s) dict_keys(['example_setup_teardown_taskflow']) retrieved from /home/airflow/.local/lib/python3.8/site-packages/airflow/example_dags/example_setup_teardown_taskflow.py
[2024-10-22T05:45:03.105+0000] {logging_mixin.py:151} INFO - [2024-10-22T05:45:03.105+0000] {dag.py:2941} INFO - Sync 1 DAGs
[2024-10-22T05:45:03.254+0000] {logging_mixin.py:151} INFO - [2024-10-22T05:45:03.254+0000] {dag.py:3722} INFO - Setting next_dagrun for example_setup_teardown_taskflow to 2024-10-21T05:45:03.253737+00:00, run_after=2024-10-22T05:45:03.253737+00:00
[2024-10-22T05:45:03.671+0000] {processor.py:179} INFO - Processing /home/airflow/.local/lib/python3.8/site-packages/airflow/example_dags/example_setup_teardown_taskflow.py took 1.201 seconds
[2024-10-22T05:48:04.206+0000] {processor.py:157} INFO - Started process (PID=26436) to work on /home/airflow/.local/lib/python3.8/site-packages/airflow/example_dags/example_setup_teardown_taskflow.py
[2024-10-22T05:48:05.488+0000] {processor.py:829} INFO - Processing file /home/airflow/.local/lib/python3.8/site-packages/airflow/example_dags/example_setup_teardown_taskflow.py for tasks to queue
[2024-10-22T05:48:07.283+0000] {logging_mixin.py:151} INFO - [2024-10-22T05:48:06.213+0000] {dagbag.py:536} INFO - Filling up the DagBag from /home/airflow/.local/lib/python3.8/site-packages/airflow/example_dags/example_setup_teardown_taskflow.py
[2024-10-22T05:48:20.274+0000] {processor.py:839} INFO - DAG(s) dict_keys(['example_setup_teardown_taskflow']) retrieved from /home/airflow/.local/lib/python3.8/site-packages/airflow/example_dags/example_setup_teardown_taskflow.py
[2024-10-22T05:48:31.080+0000] {logging_mixin.py:151} INFO - [2024-10-22T05:48:31.061+0000] {dag.py:2941} INFO - Sync 1 DAGs
[2024-10-22T05:48:32.133+0000] {logging_mixin.py:151} INFO - [2024-10-22T05:48:32.133+0000] {dag.py:3722} INFO - Setting next_dagrun for example_setup_teardown_taskflow to 2024-10-21T05:48:32.131581+00:00, run_after=2024-10-22T05:48:32.131581+00:00
[2024-10-22T05:48:33.470+0000] {processor.py:179} INFO - Processing /home/airflow/.local/lib/python3.8/site-packages/airflow/example_dags/example_setup_teardown_taskflow.py took 36.679 seconds
[2024-10-22T05:52:49.190+0000] {processor.py:157} INFO - Started process (PID=26521) to work on /home/airflow/.local/lib/python3.8/site-packages/airflow/example_dags/example_setup_teardown_taskflow.py
[2024-10-22T05:52:49.227+0000] {processor.py:829} INFO - Processing file /home/airflow/.local/lib/python3.8/site-packages/airflow/example_dags/example_setup_teardown_taskflow.py for tasks to queue
[2024-10-22T05:52:49.393+0000] {logging_mixin.py:151} INFO - [2024-10-22T05:52:49.344+0000] {dagbag.py:536} INFO - Filling up the DagBag from /home/airflow/.local/lib/python3.8/site-packages/airflow/example_dags/example_setup_teardown_taskflow.py
[2024-10-22T05:52:50.288+0000] {processor.py:839} INFO - DAG(s) dict_keys(['example_setup_teardown_taskflow']) retrieved from /home/airflow/.local/lib/python3.8/site-packages/airflow/example_dags/example_setup_teardown_taskflow.py
[2024-10-22T05:52:51.595+0000] {logging_mixin.py:151} INFO - [2024-10-22T05:52:51.595+0000] {dag.py:2941} INFO - Sync 1 DAGs
[2024-10-22T05:52:52.519+0000] {logging_mixin.py:151} INFO - [2024-10-22T05:52:52.519+0000] {dag.py:3722} INFO - Setting next_dagrun for example_setup_teardown_taskflow to 2024-10-21T05:52:52.518416+00:00, run_after=2024-10-22T05:52:52.518416+00:00
[2024-10-22T05:52:53.915+0000] {processor.py:179} INFO - Processing /home/airflow/.local/lib/python3.8/site-packages/airflow/example_dags/example_setup_teardown_taskflow.py took 5.225 seconds
[2024-10-22T05:56:33.134+0000] {processor.py:157} INFO - Started process (PID=26607) to work on /home/airflow/.local/lib/python3.8/site-packages/airflow/example_dags/example_setup_teardown_taskflow.py
[2024-10-22T05:56:33.192+0000] {processor.py:829} INFO - Processing file /home/airflow/.local/lib/python3.8/site-packages/airflow/example_dags/example_setup_teardown_taskflow.py for tasks to queue
[2024-10-22T05:56:33.274+0000] {logging_mixin.py:151} INFO - [2024-10-22T05:56:33.220+0000] {dagbag.py:536} INFO - Filling up the DagBag from /home/airflow/.local/lib/python3.8/site-packages/airflow/example_dags/example_setup_teardown_taskflow.py
[2024-10-22T05:56:35.287+0000] {processor.py:839} INFO - DAG(s) dict_keys(['example_setup_teardown_taskflow']) retrieved from /home/airflow/.local/lib/python3.8/site-packages/airflow/example_dags/example_setup_teardown_taskflow.py
[2024-10-22T05:56:40.983+0000] {logging_mixin.py:151} INFO - [2024-10-22T05:56:40.983+0000] {dag.py:2941} INFO - Sync 1 DAGs
[2024-10-22T05:56:42.491+0000] {logging_mixin.py:151} INFO - [2024-10-22T05:56:42.491+0000] {dag.py:3722} INFO - Setting next_dagrun for example_setup_teardown_taskflow to 2024-10-21T05:56:42.491120+00:00, run_after=2024-10-22T05:56:42.491120+00:00
[2024-10-22T05:56:43.427+0000] {processor.py:179} INFO - Processing /home/airflow/.local/lib/python3.8/site-packages/airflow/example_dags/example_setup_teardown_taskflow.py took 10.317 seconds
[2024-10-22T06:01:08.180+0000] {processor.py:157} INFO - Started process (PID=26682) to work on /home/airflow/.local/lib/python3.8/site-packages/airflow/example_dags/example_setup_teardown_taskflow.py
[2024-10-22T06:01:08.188+0000] {processor.py:829} INFO - Processing file /home/airflow/.local/lib/python3.8/site-packages/airflow/example_dags/example_setup_teardown_taskflow.py for tasks to queue
[2024-10-22T06:01:08.233+0000] {logging_mixin.py:151} INFO - [2024-10-22T06:01:08.232+0000] {dagbag.py:536} INFO - Filling up the DagBag from /home/airflow/.local/lib/python3.8/site-packages/airflow/example_dags/example_setup_teardown_taskflow.py
[2024-10-22T06:01:08.835+0000] {processor.py:839} INFO - DAG(s) dict_keys(['example_setup_teardown_taskflow']) retrieved from /home/airflow/.local/lib/python3.8/site-packages/airflow/example_dags/example_setup_teardown_taskflow.py
[2024-10-22T06:01:09.711+0000] {logging_mixin.py:151} INFO - [2024-10-22T06:01:09.710+0000] {dag.py:2941} INFO - Sync 1 DAGs
[2024-10-22T06:01:10.933+0000] {logging_mixin.py:151} INFO - [2024-10-22T06:01:10.933+0000] {dag.py:3722} INFO - Setting next_dagrun for example_setup_teardown_taskflow to 2024-10-21T06:01:10.800788+00:00, run_after=2024-10-22T06:01:10.800788+00:00
[2024-10-22T06:01:12.027+0000] {processor.py:179} INFO - Processing /home/airflow/.local/lib/python3.8/site-packages/airflow/example_dags/example_setup_teardown_taskflow.py took 4.039 seconds
[2024-10-22T06:10:13.619+0000] {processor.py:157} INFO - Started process (PID=26754) to work on /home/airflow/.local/lib/python3.8/site-packages/airflow/example_dags/example_setup_teardown_taskflow.py
[2024-10-22T06:10:13.672+0000] {processor.py:829} INFO - Processing file /home/airflow/.local/lib/python3.8/site-packages/airflow/example_dags/example_setup_teardown_taskflow.py for tasks to queue
[2024-10-22T06:10:13.713+0000] {logging_mixin.py:151} INFO - [2024-10-22T06:10:13.686+0000] {dagbag.py:536} INFO - Filling up the DagBag from /home/airflow/.local/lib/python3.8/site-packages/airflow/example_dags/example_setup_teardown_taskflow.py
[2024-10-22T06:10:14.146+0000] {processor.py:839} INFO - DAG(s) dict_keys(['example_setup_teardown_taskflow']) retrieved from /home/airflow/.local/lib/python3.8/site-packages/airflow/example_dags/example_setup_teardown_taskflow.py
[2024-10-22T06:10:14.999+0000] {logging_mixin.py:151} INFO - [2024-10-22T06:10:14.999+0000] {dag.py:2941} INFO - Sync 1 DAGs
[2024-10-22T06:10:15.547+0000] {logging_mixin.py:151} INFO - [2024-10-22T06:10:15.546+0000] {dag.py:3722} INFO - Setting next_dagrun for example_setup_teardown_taskflow to 2024-10-21T06:10:15.546306+00:00, run_after=2024-10-22T06:10:15.546306+00:00
[2024-10-22T06:10:20.611+0000] {processor.py:179} INFO - Processing /home/airflow/.local/lib/python3.8/site-packages/airflow/example_dags/example_setup_teardown_taskflow.py took 7.062 seconds
[2024-10-22T06:15:30.611+0000] {processor.py:157} INFO - Started process (PID=26839) to work on /home/airflow/.local/lib/python3.8/site-packages/airflow/example_dags/example_setup_teardown_taskflow.py
[2024-10-22T06:15:30.642+0000] {processor.py:829} INFO - Processing file /home/airflow/.local/lib/python3.8/site-packages/airflow/example_dags/example_setup_teardown_taskflow.py for tasks to queue
[2024-10-22T06:15:30.705+0000] {logging_mixin.py:151} INFO - [2024-10-22T06:15:30.663+0000] {dagbag.py:536} INFO - Filling up the DagBag from /home/airflow/.local/lib/python3.8/site-packages/airflow/example_dags/example_setup_teardown_taskflow.py
[2024-10-22T06:15:31.007+0000] {processor.py:839} INFO - DAG(s) dict_keys(['example_setup_teardown_taskflow']) retrieved from /home/airflow/.local/lib/python3.8/site-packages/airflow/example_dags/example_setup_teardown_taskflow.py
[2024-10-22T06:15:35.053+0000] {logging_mixin.py:151} INFO - [2024-10-22T06:15:35.052+0000] {dag.py:2941} INFO - Sync 1 DAGs
[2024-10-22T06:15:36.138+0000] {logging_mixin.py:151} INFO - [2024-10-22T06:15:36.129+0000] {dag.py:3722} INFO - Setting next_dagrun for example_setup_teardown_taskflow to 2024-10-21T06:15:36.116715+00:00, run_after=2024-10-22T06:15:36.116715+00:00
[2024-10-22T06:15:36.384+0000] {processor.py:179} INFO - Processing /home/airflow/.local/lib/python3.8/site-packages/airflow/example_dags/example_setup_teardown_taskflow.py took 5.955 seconds
