[2024-10-22T05:46:03.890+0000] {processor.py:157} INFO - Started process (PID=26399) to work on /home/airflow/.local/lib/python3.8/site-packages/airflow/example_dags/example_dynamic_task_mapping.py
[2024-10-22T05:46:03.926+0000] {processor.py:829} INFO - Processing file /home/airflow/.local/lib/python3.8/site-packages/airflow/example_dags/example_dynamic_task_mapping.py for tasks to queue
[2024-10-22T05:46:03.936+0000] {logging_mixin.py:151} INFO - [2024-10-22T05:46:03.936+0000] {dagbag.py:536} INFO - Filling up the DagBag from /home/airflow/.local/lib/python3.8/site-packages/airflow/example_dags/example_dynamic_task_mapping.py
[2024-10-22T05:46:04.202+0000] {processor.py:839} INFO - DAG(s) dict_keys(['example_dynamic_task_mapping']) retrieved from /home/airflow/.local/lib/python3.8/site-packages/airflow/example_dags/example_dynamic_task_mapping.py
[2024-10-22T05:46:06.482+0000] {logging_mixin.py:151} INFO - [2024-10-22T05:46:06.482+0000] {dag.py:2941} INFO - Sync 1 DAGs
[2024-10-22T05:46:06.882+0000] {logging_mixin.py:151} INFO - [2024-10-22T05:46:06.881+0000] {dag.py:3722} INFO - Setting next_dagrun for example_dynamic_task_mapping to 2022-03-04T00:00:00+00:00, run_after=2022-03-05T00:00:00+00:00
[2024-10-22T05:46:07.899+0000] {processor.py:179} INFO - Processing /home/airflow/.local/lib/python3.8/site-packages/airflow/example_dags/example_dynamic_task_mapping.py took 4.171 seconds
[2024-10-22T05:50:47.166+0000] {processor.py:157} INFO - Started process (PID=26477) to work on /home/airflow/.local/lib/python3.8/site-packages/airflow/example_dags/example_dynamic_task_mapping.py
[2024-10-22T05:50:47.244+0000] {processor.py:829} INFO - Processing file /home/airflow/.local/lib/python3.8/site-packages/airflow/example_dags/example_dynamic_task_mapping.py for tasks to queue
[2024-10-22T05:50:47.318+0000] {logging_mixin.py:151} INFO - [2024-10-22T05:50:47.302+0000] {dagbag.py:536} INFO - Filling up the DagBag from /home/airflow/.local/lib/python3.8/site-packages/airflow/example_dags/example_dynamic_task_mapping.py
[2024-10-22T05:50:50.483+0000] {processor.py:839} INFO - DAG(s) dict_keys(['example_dynamic_task_mapping']) retrieved from /home/airflow/.local/lib/python3.8/site-packages/airflow/example_dags/example_dynamic_task_mapping.py
[2024-10-22T05:50:55.206+0000] {logging_mixin.py:151} INFO - [2024-10-22T05:50:55.195+0000] {dag.py:2941} INFO - Sync 1 DAGs
[2024-10-22T05:51:00.895+0000] {logging_mixin.py:151} INFO - [2024-10-22T05:50:59.817+0000] {dag.py:3722} INFO - Setting next_dagrun for example_dynamic_task_mapping to 2022-03-04T00:00:00+00:00, run_after=2022-03-05T00:00:00+00:00
[2024-10-22T05:51:08.882+0000] {processor.py:179} INFO - Processing /home/airflow/.local/lib/python3.8/site-packages/airflow/example_dags/example_dynamic_task_mapping.py took 21.789 seconds
[2024-10-22T05:55:04.957+0000] {processor.py:157} INFO - Started process (PID=26575) to work on /home/airflow/.local/lib/python3.8/site-packages/airflow/example_dags/example_dynamic_task_mapping.py
[2024-10-22T05:55:05.272+0000] {processor.py:829} INFO - Processing file /home/airflow/.local/lib/python3.8/site-packages/airflow/example_dags/example_dynamic_task_mapping.py for tasks to queue
[2024-10-22T05:55:05.339+0000] {logging_mixin.py:151} INFO - [2024-10-22T05:55:05.280+0000] {dagbag.py:536} INFO - Filling up the DagBag from /home/airflow/.local/lib/python3.8/site-packages/airflow/example_dags/example_dynamic_task_mapping.py
[2024-10-22T05:55:08.289+0000] {processor.py:839} INFO - DAG(s) dict_keys(['example_dynamic_task_mapping']) retrieved from /home/airflow/.local/lib/python3.8/site-packages/airflow/example_dags/example_dynamic_task_mapping.py
[2024-10-22T05:55:10.199+0000] {logging_mixin.py:151} INFO - [2024-10-22T05:55:10.198+0000] {dag.py:2941} INFO - Sync 1 DAGs
[2024-10-22T05:55:14.337+0000] {logging_mixin.py:151} INFO - [2024-10-22T05:55:14.336+0000] {dag.py:3722} INFO - Setting next_dagrun for example_dynamic_task_mapping to 2022-03-04T00:00:00+00:00, run_after=2022-03-05T00:00:00+00:00
[2024-10-22T05:55:15.322+0000] {processor.py:179} INFO - Processing /home/airflow/.local/lib/python3.8/site-packages/airflow/example_dags/example_dynamic_task_mapping.py took 10.989 seconds
[2024-10-22T06:00:09.213+0000] {processor.py:157} INFO - Started process (PID=26653) to work on /home/airflow/.local/lib/python3.8/site-packages/airflow/example_dags/example_dynamic_task_mapping.py
[2024-10-22T06:00:09.240+0000] {processor.py:829} INFO - Processing file /home/airflow/.local/lib/python3.8/site-packages/airflow/example_dags/example_dynamic_task_mapping.py for tasks to queue
[2024-10-22T06:00:09.401+0000] {logging_mixin.py:151} INFO - [2024-10-22T06:00:09.399+0000] {dagbag.py:536} INFO - Filling up the DagBag from /home/airflow/.local/lib/python3.8/site-packages/airflow/example_dags/example_dynamic_task_mapping.py
[2024-10-22T06:00:09.748+0000] {processor.py:839} INFO - DAG(s) dict_keys(['example_dynamic_task_mapping']) retrieved from /home/airflow/.local/lib/python3.8/site-packages/airflow/example_dags/example_dynamic_task_mapping.py
[2024-10-22T06:00:10.250+0000] {logging_mixin.py:151} INFO - [2024-10-22T06:00:10.249+0000] {dag.py:2941} INFO - Sync 1 DAGs
[2024-10-22T06:00:11.991+0000] {logging_mixin.py:151} INFO - [2024-10-22T06:00:11.991+0000] {dag.py:3722} INFO - Setting next_dagrun for example_dynamic_task_mapping to 2022-03-04T00:00:00+00:00, run_after=2022-03-05T00:00:00+00:00
[2024-10-22T06:00:13.053+0000] {processor.py:179} INFO - Processing /home/airflow/.local/lib/python3.8/site-packages/airflow/example_dags/example_dynamic_task_mapping.py took 4.145 seconds
[2024-10-22T06:02:47.477+0000] {processor.py:157} INFO - Started process (PID=26722) to work on /home/airflow/.local/lib/python3.8/site-packages/airflow/example_dags/example_dynamic_task_mapping.py
[2024-10-22T06:02:47.588+0000] {processor.py:829} INFO - Processing file /home/airflow/.local/lib/python3.8/site-packages/airflow/example_dags/example_dynamic_task_mapping.py for tasks to queue
[2024-10-22T06:02:47.721+0000] {logging_mixin.py:151} INFO - [2024-10-22T06:02:47.708+0000] {dagbag.py:536} INFO - Filling up the DagBag from /home/airflow/.local/lib/python3.8/site-packages/airflow/example_dags/example_dynamic_task_mapping.py
[2024-10-22T06:02:50.273+0000] {processor.py:839} INFO - DAG(s) dict_keys(['example_dynamic_task_mapping']) retrieved from /home/airflow/.local/lib/python3.8/site-packages/airflow/example_dags/example_dynamic_task_mapping.py
[2024-10-22T06:09:11.627+0000] {logging_mixin.py:151} INFO - [2024-10-22T06:09:11.605+0000] {dag.py:2941} INFO - Sync 1 DAGs
[2024-10-22T06:09:12.404+0000] {logging_mixin.py:151} INFO - [2024-10-22T06:09:12.389+0000] {dag.py:3722} INFO - Setting next_dagrun for example_dynamic_task_mapping to 2022-03-04T00:00:00+00:00, run_after=2022-03-05T00:00:00+00:00
[2024-10-22T06:09:12.753+0000] {processor.py:179} INFO - Processing /home/airflow/.local/lib/python3.8/site-packages/airflow/example_dags/example_dynamic_task_mapping.py took 4.916 seconds
[2024-10-22T06:14:24.288+0000] {processor.py:157} INFO - Started process (PID=26807) to work on /home/airflow/.local/lib/python3.8/site-packages/airflow/example_dags/example_dynamic_task_mapping.py
[2024-10-22T06:14:24.298+0000] {processor.py:829} INFO - Processing file /home/airflow/.local/lib/python3.8/site-packages/airflow/example_dags/example_dynamic_task_mapping.py for tasks to queue
[2024-10-22T06:14:24.392+0000] {logging_mixin.py:151} INFO - [2024-10-22T06:14:24.338+0000] {dagbag.py:536} INFO - Filling up the DagBag from /home/airflow/.local/lib/python3.8/site-packages/airflow/example_dags/example_dynamic_task_mapping.py
[2024-10-22T06:14:24.542+0000] {processor.py:839} INFO - DAG(s) dict_keys(['example_dynamic_task_mapping']) retrieved from /home/airflow/.local/lib/python3.8/site-packages/airflow/example_dags/example_dynamic_task_mapping.py
[2024-10-22T06:14:24.985+0000] {logging_mixin.py:151} INFO - [2024-10-22T06:14:24.985+0000] {dag.py:2941} INFO - Sync 1 DAGs
[2024-10-22T06:14:25.460+0000] {logging_mixin.py:151} INFO - [2024-10-22T06:14:25.460+0000] {dag.py:3722} INFO - Setting next_dagrun for example_dynamic_task_mapping to 2022-03-04T00:00:00+00:00, run_after=2022-03-05T00:00:00+00:00
[2024-10-22T06:14:27.586+0000] {processor.py:179} INFO - Processing /home/airflow/.local/lib/python3.8/site-packages/airflow/example_dags/example_dynamic_task_mapping.py took 3.557 seconds
