[2024-10-22T05:44:49.446+0000] {processor.py:157} INFO - Started process (PID=26346) to work on /home/airflow/.local/lib/python3.8/site-packages/airflow/example_dags/example_branch_python_dop_operator_3.py
[2024-10-22T05:44:49.489+0000] {processor.py:829} INFO - Processing file /home/airflow/.local/lib/python3.8/site-packages/airflow/example_dags/example_branch_python_dop_operator_3.py for tasks to queue
[2024-10-22T05:44:49.516+0000] {logging_mixin.py:151} INFO - [2024-10-22T05:44:49.515+0000] {dagbag.py:536} INFO - Filling up the DagBag from /home/airflow/.local/lib/python3.8/site-packages/airflow/example_dags/example_branch_python_dop_operator_3.py
[2024-10-22T05:44:49.655+0000] {processor.py:839} INFO - DAG(s) dict_keys(['example_branch_dop_operator_v3']) retrieved from /home/airflow/.local/lib/python3.8/site-packages/airflow/example_dags/example_branch_python_dop_operator_3.py
[2024-10-22T05:44:49.927+0000] {logging_mixin.py:151} INFO - [2024-10-22T05:44:49.918+0000] {dag.py:2941} INFO - Sync 1 DAGs
[2024-10-22T05:44:50.235+0000] {logging_mixin.py:151} INFO - [2024-10-22T05:44:50.234+0000] {dag.py:3722} INFO - Setting next_dagrun for example_branch_dop_operator_v3 to 2024-10-22T05:43:00+00:00, run_after=2024-10-22T05:44:00+00:00
[2024-10-22T05:44:50.585+0000] {processor.py:179} INFO - Processing /home/airflow/.local/lib/python3.8/site-packages/airflow/example_dags/example_branch_python_dop_operator_3.py took 1.148 seconds
[2024-10-22T05:46:46.928+0000] {processor.py:157} INFO - Started process (PID=26417) to work on /home/airflow/.local/lib/python3.8/site-packages/airflow/example_dags/example_branch_python_dop_operator_3.py
[2024-10-22T05:46:46.939+0000] {processor.py:829} INFO - Processing file /home/airflow/.local/lib/python3.8/site-packages/airflow/example_dags/example_branch_python_dop_operator_3.py for tasks to queue
[2024-10-22T05:46:47.044+0000] {logging_mixin.py:151} INFO - [2024-10-22T05:46:46.944+0000] {dagbag.py:536} INFO - Filling up the DagBag from /home/airflow/.local/lib/python3.8/site-packages/airflow/example_dags/example_branch_python_dop_operator_3.py
[2024-10-22T05:46:47.841+0000] {processor.py:839} INFO - DAG(s) dict_keys(['example_branch_dop_operator_v3']) retrieved from /home/airflow/.local/lib/python3.8/site-packages/airflow/example_dags/example_branch_python_dop_operator_3.py
[2024-10-22T05:46:49.766+0000] {logging_mixin.py:151} INFO - [2024-10-22T05:46:49.766+0000] {dag.py:2941} INFO - Sync 1 DAGs
[2024-10-22T05:46:53.442+0000] {logging_mixin.py:151} INFO - [2024-10-22T05:46:53.441+0000] {dag.py:3722} INFO - Setting next_dagrun for example_branch_dop_operator_v3 to 2024-10-22T05:45:00+00:00, run_after=2024-10-22T05:46:00+00:00
[2024-10-22T05:46:56.975+0000] {processor.py:179} INFO - Processing /home/airflow/.local/lib/python3.8/site-packages/airflow/example_dags/example_branch_python_dop_operator_3.py took 10.074 seconds
[2024-10-22T05:52:10.390+0000] {processor.py:157} INFO - Started process (PID=26501) to work on /home/airflow/.local/lib/python3.8/site-packages/airflow/example_dags/example_branch_python_dop_operator_3.py
[2024-10-22T05:52:10.468+0000] {processor.py:829} INFO - Processing file /home/airflow/.local/lib/python3.8/site-packages/airflow/example_dags/example_branch_python_dop_operator_3.py for tasks to queue
[2024-10-22T05:52:10.476+0000] {logging_mixin.py:151} INFO - [2024-10-22T05:52:10.471+0000] {dagbag.py:536} INFO - Filling up the DagBag from /home/airflow/.local/lib/python3.8/site-packages/airflow/example_dags/example_branch_python_dop_operator_3.py
[2024-10-22T05:52:11.575+0000] {processor.py:839} INFO - DAG(s) dict_keys(['example_branch_dop_operator_v3']) retrieved from /home/airflow/.local/lib/python3.8/site-packages/airflow/example_dags/example_branch_python_dop_operator_3.py
[2024-10-22T05:52:13.638+0000] {logging_mixin.py:151} INFO - [2024-10-22T05:52:13.636+0000] {dag.py:2941} INFO - Sync 1 DAGs
[2024-10-22T05:52:18.802+0000] {logging_mixin.py:151} INFO - [2024-10-22T05:52:18.800+0000] {dag.py:3722} INFO - Setting next_dagrun for example_branch_dop_operator_v3 to 2024-10-22T05:51:00+00:00, run_after=2024-10-22T05:52:00+00:00
[2024-10-22T05:52:20.465+0000] {processor.py:179} INFO - Processing /home/airflow/.local/lib/python3.8/site-packages/airflow/example_dags/example_branch_python_dop_operator_3.py took 10.268 seconds
[2024-10-22T05:56:06.136+0000] {processor.py:157} INFO - Started process (PID=26599) to work on /home/airflow/.local/lib/python3.8/site-packages/airflow/example_dags/example_branch_python_dop_operator_3.py
[2024-10-22T05:56:06.150+0000] {processor.py:829} INFO - Processing file /home/airflow/.local/lib/python3.8/site-packages/airflow/example_dags/example_branch_python_dop_operator_3.py for tasks to queue
[2024-10-22T05:56:06.187+0000] {logging_mixin.py:151} INFO - [2024-10-22T05:56:06.186+0000] {dagbag.py:536} INFO - Filling up the DagBag from /home/airflow/.local/lib/python3.8/site-packages/airflow/example_dags/example_branch_python_dop_operator_3.py
[2024-10-22T05:56:06.675+0000] {processor.py:839} INFO - DAG(s) dict_keys(['example_branch_dop_operator_v3']) retrieved from /home/airflow/.local/lib/python3.8/site-packages/airflow/example_dags/example_branch_python_dop_operator_3.py
[2024-10-22T05:56:09.076+0000] {logging_mixin.py:151} INFO - [2024-10-22T05:56:09.076+0000] {dag.py:2941} INFO - Sync 1 DAGs
[2024-10-22T05:56:10.961+0000] {logging_mixin.py:151} INFO - [2024-10-22T05:56:10.960+0000] {dag.py:3722} INFO - Setting next_dagrun for example_branch_dop_operator_v3 to 2024-10-22T05:55:00+00:00, run_after=2024-10-22T05:56:00+00:00
[2024-10-22T05:56:12.088+0000] {processor.py:179} INFO - Processing /home/airflow/.local/lib/python3.8/site-packages/airflow/example_dags/example_branch_python_dop_operator_3.py took 6.034 seconds
[2024-10-22T06:00:42.707+0000] {processor.py:157} INFO - Started process (PID=26670) to work on /home/airflow/.local/lib/python3.8/site-packages/airflow/example_dags/example_branch_python_dop_operator_3.py
[2024-10-22T06:00:42.714+0000] {processor.py:829} INFO - Processing file /home/airflow/.local/lib/python3.8/site-packages/airflow/example_dags/example_branch_python_dop_operator_3.py for tasks to queue
[2024-10-22T06:00:42.796+0000] {logging_mixin.py:151} INFO - [2024-10-22T06:00:42.786+0000] {dagbag.py:536} INFO - Filling up the DagBag from /home/airflow/.local/lib/python3.8/site-packages/airflow/example_dags/example_branch_python_dop_operator_3.py
[2024-10-22T06:00:43.882+0000] {processor.py:839} INFO - DAG(s) dict_keys(['example_branch_dop_operator_v3']) retrieved from /home/airflow/.local/lib/python3.8/site-packages/airflow/example_dags/example_branch_python_dop_operator_3.py
[2024-10-22T06:00:45.914+0000] {logging_mixin.py:151} INFO - [2024-10-22T06:00:45.914+0000] {dag.py:2941} INFO - Sync 1 DAGs
[2024-10-22T06:00:47.243+0000] {logging_mixin.py:151} INFO - [2024-10-22T06:00:47.241+0000] {dag.py:3722} INFO - Setting next_dagrun for example_branch_dop_operator_v3 to 2024-10-22T05:59:00+00:00, run_after=2024-10-22T06:00:00+00:00
[2024-10-22T06:00:49.255+0000] {processor.py:179} INFO - Processing /home/airflow/.local/lib/python3.8/site-packages/airflow/example_dags/example_branch_python_dop_operator_3.py took 6.946 seconds
[2024-10-22T06:09:46.109+0000] {processor.py:157} INFO - Started process (PID=26740) to work on /home/airflow/.local/lib/python3.8/site-packages/airflow/example_dags/example_branch_python_dop_operator_3.py
[2024-10-22T06:09:46.126+0000] {processor.py:829} INFO - Processing file /home/airflow/.local/lib/python3.8/site-packages/airflow/example_dags/example_branch_python_dop_operator_3.py for tasks to queue
[2024-10-22T06:09:46.133+0000] {logging_mixin.py:151} INFO - [2024-10-22T06:09:46.132+0000] {dagbag.py:536} INFO - Filling up the DagBag from /home/airflow/.local/lib/python3.8/site-packages/airflow/example_dags/example_branch_python_dop_operator_3.py
[2024-10-22T06:09:46.444+0000] {processor.py:839} INFO - DAG(s) dict_keys(['example_branch_dop_operator_v3']) retrieved from /home/airflow/.local/lib/python3.8/site-packages/airflow/example_dags/example_branch_python_dop_operator_3.py
[2024-10-22T06:09:47.254+0000] {logging_mixin.py:151} INFO - [2024-10-22T06:09:47.253+0000] {dag.py:2941} INFO - Sync 1 DAGs
[2024-10-22T06:09:48.320+0000] {logging_mixin.py:151} INFO - [2024-10-22T06:09:48.319+0000] {dag.py:3722} INFO - Setting next_dagrun for example_branch_dop_operator_v3 to 2024-10-22T06:08:00+00:00, run_after=2024-10-22T06:09:00+00:00
[2024-10-22T06:09:49.203+0000] {processor.py:179} INFO - Processing /home/airflow/.local/lib/python3.8/site-packages/airflow/example_dags/example_branch_python_dop_operator_3.py took 3.124 seconds
[2024-10-22T06:15:15.472+0000] {processor.py:157} INFO - Started process (PID=26825) to work on /home/airflow/.local/lib/python3.8/site-packages/airflow/example_dags/example_branch_python_dop_operator_3.py
[2024-10-22T06:15:15.490+0000] {processor.py:829} INFO - Processing file /home/airflow/.local/lib/python3.8/site-packages/airflow/example_dags/example_branch_python_dop_operator_3.py for tasks to queue
[2024-10-22T06:15:15.504+0000] {logging_mixin.py:151} INFO - [2024-10-22T06:15:15.503+0000] {dagbag.py:536} INFO - Filling up the DagBag from /home/airflow/.local/lib/python3.8/site-packages/airflow/example_dags/example_branch_python_dop_operator_3.py
[2024-10-22T06:15:15.915+0000] {processor.py:839} INFO - DAG(s) dict_keys(['example_branch_dop_operator_v3']) retrieved from /home/airflow/.local/lib/python3.8/site-packages/airflow/example_dags/example_branch_python_dop_operator_3.py
[2024-10-22T06:15:16.703+0000] {logging_mixin.py:151} INFO - [2024-10-22T06:15:16.703+0000] {dag.py:2941} INFO - Sync 1 DAGs
[2024-10-22T06:15:17.676+0000] {logging_mixin.py:151} INFO - [2024-10-22T06:15:17.675+0000] {dag.py:3722} INFO - Setting next_dagrun for example_branch_dop_operator_v3 to 2024-10-22T06:14:00+00:00, run_after=2024-10-22T06:15:00+00:00
[2024-10-22T06:15:18.212+0000] {processor.py:179} INFO - Processing /home/airflow/.local/lib/python3.8/site-packages/airflow/example_dags/example_branch_python_dop_operator_3.py took 2.856 seconds
