[2024-10-22T05:45:23.079+0000] {processor.py:157} INFO - Started process (PID=26369) to work on /home/airflow/.local/lib/python3.8/site-packages/airflow/example_dags/example_latest_only.py
[2024-10-22T05:45:23.233+0000] {processor.py:829} INFO - Processing file /home/airflow/.local/lib/python3.8/site-packages/airflow/example_dags/example_latest_only.py for tasks to queue
[2024-10-22T05:45:23.286+0000] {logging_mixin.py:151} INFO - [2024-10-22T05:45:23.285+0000] {dagbag.py:536} INFO - Filling up the DagBag from /home/airflow/.local/lib/python3.8/site-packages/airflow/example_dags/example_latest_only.py
[2024-10-22T05:45:23.929+0000] {processor.py:839} INFO - DAG(s) dict_keys(['latest_only']) retrieved from /home/airflow/.local/lib/python3.8/site-packages/airflow/example_dags/example_latest_only.py
[2024-10-22T05:45:24.753+0000] {logging_mixin.py:151} INFO - [2024-10-22T05:45:24.753+0000] {dag.py:2941} INFO - Sync 1 DAGs
[2024-10-22T05:45:31.482+0000] {logging_mixin.py:151} INFO - [2024-10-22T05:45:31.482+0000] {dag.py:3722} INFO - Setting next_dagrun for latest_only to 2024-10-22T01:45:31.459405+00:00, run_after=2024-10-22T05:45:31.459405+00:00
[2024-10-22T05:45:34.487+0000] {processor.py:179} INFO - Processing /home/airflow/.local/lib/python3.8/site-packages/airflow/example_dags/example_latest_only.py took 11.852 seconds
[2024-10-22T05:54:17.210+0000] {processor.py:157} INFO - Started process (PID=26544) to work on /home/airflow/.local/lib/python3.8/site-packages/airflow/example_dags/example_latest_only.py
[2024-10-22T05:54:17.246+0000] {processor.py:829} INFO - Processing file /home/airflow/.local/lib/python3.8/site-packages/airflow/example_dags/example_latest_only.py for tasks to queue
[2024-10-22T05:54:17.254+0000] {logging_mixin.py:151} INFO - [2024-10-22T05:54:17.252+0000] {dagbag.py:536} INFO - Filling up the DagBag from /home/airflow/.local/lib/python3.8/site-packages/airflow/example_dags/example_latest_only.py
[2024-10-22T05:54:17.413+0000] {processor.py:839} INFO - DAG(s) dict_keys(['latest_only']) retrieved from /home/airflow/.local/lib/python3.8/site-packages/airflow/example_dags/example_latest_only.py
[2024-10-22T05:54:17.557+0000] {logging_mixin.py:151} INFO - [2024-10-22T05:54:17.556+0000] {dag.py:2941} INFO - Sync 1 DAGs
[2024-10-22T05:54:17.730+0000] {logging_mixin.py:151} INFO - [2024-10-22T05:54:17.729+0000] {dag.py:3722} INFO - Setting next_dagrun for latest_only to 2024-10-22T01:54:17.728751+00:00, run_after=2024-10-22T05:54:17.728751+00:00
[2024-10-22T05:54:18.544+0000] {processor.py:179} INFO - Processing /home/airflow/.local/lib/python3.8/site-packages/airflow/example_dags/example_latest_only.py took 1.527 seconds
[2024-10-22T05:57:40.206+0000] {processor.py:157} INFO - Started process (PID=26630) to work on /home/airflow/.local/lib/python3.8/site-packages/airflow/example_dags/example_latest_only.py
[2024-10-22T05:57:40.392+0000] {processor.py:829} INFO - Processing file /home/airflow/.local/lib/python3.8/site-packages/airflow/example_dags/example_latest_only.py for tasks to queue
[2024-10-22T05:57:41.485+0000] {logging_mixin.py:151} INFO - [2024-10-22T05:57:40.890+0000] {dagbag.py:536} INFO - Filling up the DagBag from /home/airflow/.local/lib/python3.8/site-packages/airflow/example_dags/example_latest_only.py
[2024-10-22T05:57:44.333+0000] {processor.py:839} INFO - DAG(s) dict_keys(['latest_only']) retrieved from /home/airflow/.local/lib/python3.8/site-packages/airflow/example_dags/example_latest_only.py
[2024-10-22T05:57:44.897+0000] {logging_mixin.py:151} INFO - [2024-10-22T05:57:44.897+0000] {dag.py:2941} INFO - Sync 1 DAGs
[2024-10-22T05:57:45.513+0000] {logging_mixin.py:151} INFO - [2024-10-22T05:57:45.512+0000] {dag.py:3722} INFO - Setting next_dagrun for latest_only to 2024-10-22T01:57:45.498693+00:00, run_after=2024-10-22T05:57:45.498693+00:00
[2024-10-22T05:57:45.960+0000] {processor.py:179} INFO - Processing /home/airflow/.local/lib/python3.8/site-packages/airflow/example_dags/example_latest_only.py took 5.946 seconds
[2024-10-22T06:12:15.975+0000] {processor.py:157} INFO - Started process (PID=26776) to work on /home/airflow/.local/lib/python3.8/site-packages/airflow/example_dags/example_latest_only.py
[2024-10-22T06:12:16.042+0000] {processor.py:829} INFO - Processing file /home/airflow/.local/lib/python3.8/site-packages/airflow/example_dags/example_latest_only.py for tasks to queue
[2024-10-22T06:12:16.078+0000] {logging_mixin.py:151} INFO - [2024-10-22T06:12:16.078+0000] {dagbag.py:536} INFO - Filling up the DagBag from /home/airflow/.local/lib/python3.8/site-packages/airflow/example_dags/example_latest_only.py
[2024-10-22T06:12:17.251+0000] {processor.py:839} INFO - DAG(s) dict_keys(['latest_only']) retrieved from /home/airflow/.local/lib/python3.8/site-packages/airflow/example_dags/example_latest_only.py
[2024-10-22T06:12:22.687+0000] {logging_mixin.py:151} INFO - [2024-10-22T06:12:22.673+0000] {dag.py:2941} INFO - Sync 1 DAGs
[2024-10-22T06:12:24.372+0000] {logging_mixin.py:151} INFO - [2024-10-22T06:12:24.369+0000] {dag.py:3722} INFO - Setting next_dagrun for latest_only to 2024-10-22T02:12:24.366431+00:00, run_after=2024-10-22T06:12:24.366431+00:00
[2024-10-22T06:12:25.190+0000] {processor.py:179} INFO - Processing /home/airflow/.local/lib/python3.8/site-packages/airflow/example_dags/example_latest_only.py took 9.232 seconds
[2024-10-22T06:16:49.104+0000] {processor.py:157} INFO - Started process (PID=26861) to work on /home/airflow/.local/lib/python3.8/site-packages/airflow/example_dags/example_latest_only.py
[2024-10-22T06:16:49.180+0000] {processor.py:829} INFO - Processing file /home/airflow/.local/lib/python3.8/site-packages/airflow/example_dags/example_latest_only.py for tasks to queue
[2024-10-22T06:16:49.471+0000] {logging_mixin.py:151} INFO - [2024-10-22T06:16:49.470+0000] {dagbag.py:536} INFO - Filling up the DagBag from /home/airflow/.local/lib/python3.8/site-packages/airflow/example_dags/example_latest_only.py
[2024-10-22T06:16:49.952+0000] {processor.py:839} INFO - DAG(s) dict_keys(['latest_only']) retrieved from /home/airflow/.local/lib/python3.8/site-packages/airflow/example_dags/example_latest_only.py
[2024-10-22T06:17:15.160+0000] {logging_mixin.py:151} INFO - [2024-10-22T06:17:14.168+0000] {dag.py:2941} INFO - Sync 1 DAGs
