[2024-10-22T05:44:59.102+0000] {processor.py:157} INFO - Started process (PID=26358) to work on /home/airflow/.local/lib/python3.8/site-packages/airflow/example_dags/example_skip_dag.py
[2024-10-22T05:44:59.446+0000] {processor.py:829} INFO - Processing file /home/airflow/.local/lib/python3.8/site-packages/airflow/example_dags/example_skip_dag.py for tasks to queue
[2024-10-22T05:44:59.465+0000] {logging_mixin.py:151} INFO - [2024-10-22T05:44:59.461+0000] {dagbag.py:536} INFO - Filling up the DagBag from /home/airflow/.local/lib/python3.8/site-packages/airflow/example_dags/example_skip_dag.py
[2024-10-22T05:44:59.865+0000] {processor.py:839} INFO - DAG(s) dict_keys(['example_skip_dag']) retrieved from /home/airflow/.local/lib/python3.8/site-packages/airflow/example_dags/example_skip_dag.py
[2024-10-22T05:45:00.646+0000] {logging_mixin.py:151} INFO - [2024-10-22T05:45:00.646+0000] {dag.py:2941} INFO - Sync 1 DAGs
[2024-10-22T05:45:01.219+0000] {logging_mixin.py:151} INFO - [2024-10-22T05:45:01.218+0000] {dag.py:3722} INFO - Setting next_dagrun for example_skip_dag to 2024-10-21T05:45:01.218192+00:00, run_after=2024-10-22T05:45:01.218192+00:00
[2024-10-22T05:45:01.559+0000] {processor.py:179} INFO - Processing /home/airflow/.local/lib/python3.8/site-packages/airflow/example_dags/example_skip_dag.py took 2.873 seconds
[2024-10-22T05:47:32.849+0000] {processor.py:157} INFO - Started process (PID=26428) to work on /home/airflow/.local/lib/python3.8/site-packages/airflow/example_dags/example_skip_dag.py
[2024-10-22T05:47:32.940+0000] {processor.py:829} INFO - Processing file /home/airflow/.local/lib/python3.8/site-packages/airflow/example_dags/example_skip_dag.py for tasks to queue
[2024-10-22T05:47:32.977+0000] {logging_mixin.py:151} INFO - [2024-10-22T05:47:32.968+0000] {dagbag.py:536} INFO - Filling up the DagBag from /home/airflow/.local/lib/python3.8/site-packages/airflow/example_dags/example_skip_dag.py
[2024-10-22T05:47:33.547+0000] {processor.py:839} INFO - DAG(s) dict_keys(['example_skip_dag']) retrieved from /home/airflow/.local/lib/python3.8/site-packages/airflow/example_dags/example_skip_dag.py
[2024-10-22T05:47:35.982+0000] {logging_mixin.py:151} INFO - [2024-10-22T05:47:35.981+0000] {dag.py:2941} INFO - Sync 1 DAGs
[2024-10-22T05:47:52.648+0000] {logging_mixin.py:151} INFO - [2024-10-22T05:47:52.644+0000] {dag.py:3722} INFO - Setting next_dagrun for example_skip_dag to 2024-10-21T05:47:52.437176+00:00, run_after=2024-10-22T05:47:52.437176+00:00
[2024-10-22T05:47:53.525+0000] {processor.py:179} INFO - Processing /home/airflow/.local/lib/python3.8/site-packages/airflow/example_dags/example_skip_dag.py took 20.739 seconds
[2024-10-22T05:52:41.790+0000] {processor.py:157} INFO - Started process (PID=26513) to work on /home/airflow/.local/lib/python3.8/site-packages/airflow/example_dags/example_skip_dag.py
[2024-10-22T05:52:41.799+0000] {processor.py:829} INFO - Processing file /home/airflow/.local/lib/python3.8/site-packages/airflow/example_dags/example_skip_dag.py for tasks to queue
[2024-10-22T05:52:41.820+0000] {logging_mixin.py:151} INFO - [2024-10-22T05:52:41.806+0000] {dagbag.py:536} INFO - Filling up the DagBag from /home/airflow/.local/lib/python3.8/site-packages/airflow/example_dags/example_skip_dag.py
[2024-10-22T05:52:41.906+0000] {processor.py:839} INFO - DAG(s) dict_keys(['example_skip_dag']) retrieved from /home/airflow/.local/lib/python3.8/site-packages/airflow/example_dags/example_skip_dag.py
[2024-10-22T05:52:43.797+0000] {logging_mixin.py:151} INFO - [2024-10-22T05:52:43.767+0000] {dag.py:2941} INFO - Sync 1 DAGs
[2024-10-22T05:52:45.524+0000] {logging_mixin.py:151} INFO - [2024-10-22T05:52:45.519+0000] {dag.py:3722} INFO - Setting next_dagrun for example_skip_dag to 2024-10-21T05:52:45.515792+00:00, run_after=2024-10-22T05:52:45.515792+00:00
[2024-10-22T05:52:46.437+0000] {processor.py:179} INFO - Processing /home/airflow/.local/lib/python3.8/site-packages/airflow/example_dags/example_skip_dag.py took 4.760 seconds
[2024-10-22T05:56:23.677+0000] {processor.py:157} INFO - Started process (PID=26605) to work on /home/airflow/.local/lib/python3.8/site-packages/airflow/example_dags/example_skip_dag.py
[2024-10-22T05:56:23.972+0000] {processor.py:829} INFO - Processing file /home/airflow/.local/lib/python3.8/site-packages/airflow/example_dags/example_skip_dag.py for tasks to queue
[2024-10-22T05:56:24.333+0000] {logging_mixin.py:151} INFO - [2024-10-22T05:56:24.175+0000] {dagbag.py:536} INFO - Filling up the DagBag from /home/airflow/.local/lib/python3.8/site-packages/airflow/example_dags/example_skip_dag.py
[2024-10-22T05:56:25.130+0000] {processor.py:839} INFO - DAG(s) dict_keys(['example_skip_dag']) retrieved from /home/airflow/.local/lib/python3.8/site-packages/airflow/example_dags/example_skip_dag.py
[2024-10-22T05:56:27.084+0000] {logging_mixin.py:151} INFO - [2024-10-22T05:56:27.084+0000] {dag.py:2941} INFO - Sync 1 DAGs
[2024-10-22T05:56:27.881+0000] {logging_mixin.py:151} INFO - [2024-10-22T05:56:27.879+0000] {dag.py:3722} INFO - Setting next_dagrun for example_skip_dag to 2024-10-21T05:56:27.780903+00:00, run_after=2024-10-22T05:56:27.780903+00:00
[2024-10-22T05:56:30.439+0000] {processor.py:179} INFO - Processing /home/airflow/.local/lib/python3.8/site-packages/airflow/example_dags/example_skip_dag.py took 7.940 seconds
[2024-10-22T06:01:01.267+0000] {processor.py:157} INFO - Started process (PID=26675) to work on /home/airflow/.local/lib/python3.8/site-packages/airflow/example_dags/example_skip_dag.py
[2024-10-22T06:01:01.338+0000] {processor.py:829} INFO - Processing file /home/airflow/.local/lib/python3.8/site-packages/airflow/example_dags/example_skip_dag.py for tasks to queue
[2024-10-22T06:01:01.401+0000] {logging_mixin.py:151} INFO - [2024-10-22T06:01:01.399+0000] {dagbag.py:536} INFO - Filling up the DagBag from /home/airflow/.local/lib/python3.8/site-packages/airflow/example_dags/example_skip_dag.py
[2024-10-22T06:01:01.704+0000] {processor.py:839} INFO - DAG(s) dict_keys(['example_skip_dag']) retrieved from /home/airflow/.local/lib/python3.8/site-packages/airflow/example_dags/example_skip_dag.py
[2024-10-22T06:01:02.525+0000] {logging_mixin.py:151} INFO - [2024-10-22T06:01:02.525+0000] {dag.py:2941} INFO - Sync 1 DAGs
[2024-10-22T06:01:05.290+0000] {logging_mixin.py:151} INFO - [2024-10-22T06:01:05.252+0000] {dag.py:3722} INFO - Setting next_dagrun for example_skip_dag to 2024-10-21T06:01:05.182876+00:00, run_after=2024-10-22T06:01:05.182876+00:00
[2024-10-22T06:01:07.032+0000] {processor.py:179} INFO - Processing /home/airflow/.local/lib/python3.8/site-packages/airflow/example_dags/example_skip_dag.py took 5.891 seconds
[2024-10-22T06:10:09.862+0000] {processor.py:157} INFO - Started process (PID=26752) to work on /home/airflow/.local/lib/python3.8/site-packages/airflow/example_dags/example_skip_dag.py
[2024-10-22T06:10:09.872+0000] {processor.py:829} INFO - Processing file /home/airflow/.local/lib/python3.8/site-packages/airflow/example_dags/example_skip_dag.py for tasks to queue
[2024-10-22T06:10:09.929+0000] {logging_mixin.py:151} INFO - [2024-10-22T06:10:09.900+0000] {dagbag.py:536} INFO - Filling up the DagBag from /home/airflow/.local/lib/python3.8/site-packages/airflow/example_dags/example_skip_dag.py
[2024-10-22T06:10:10.158+0000] {processor.py:839} INFO - DAG(s) dict_keys(['example_skip_dag']) retrieved from /home/airflow/.local/lib/python3.8/site-packages/airflow/example_dags/example_skip_dag.py
[2024-10-22T06:10:10.821+0000] {logging_mixin.py:151} INFO - [2024-10-22T06:10:10.821+0000] {dag.py:2941} INFO - Sync 1 DAGs
[2024-10-22T06:10:11.954+0000] {logging_mixin.py:151} INFO - [2024-10-22T06:10:11.953+0000] {dag.py:3722} INFO - Setting next_dagrun for example_skip_dag to 2024-10-21T06:10:11.950968+00:00, run_after=2024-10-22T06:10:11.950968+00:00
[2024-10-22T06:10:13.107+0000] {processor.py:179} INFO - Processing /home/airflow/.local/lib/python3.8/site-packages/airflow/example_dags/example_skip_dag.py took 3.333 seconds
[2024-10-22T06:15:27.624+0000] {processor.py:157} INFO - Started process (PID=26837) to work on /home/airflow/.local/lib/python3.8/site-packages/airflow/example_dags/example_skip_dag.py
[2024-10-22T06:15:27.668+0000] {processor.py:829} INFO - Processing file /home/airflow/.local/lib/python3.8/site-packages/airflow/example_dags/example_skip_dag.py for tasks to queue
[2024-10-22T06:15:27.675+0000] {logging_mixin.py:151} INFO - [2024-10-22T06:15:27.674+0000] {dagbag.py:536} INFO - Filling up the DagBag from /home/airflow/.local/lib/python3.8/site-packages/airflow/example_dags/example_skip_dag.py
[2024-10-22T06:15:27.775+0000] {processor.py:839} INFO - DAG(s) dict_keys(['example_skip_dag']) retrieved from /home/airflow/.local/lib/python3.8/site-packages/airflow/example_dags/example_skip_dag.py
[2024-10-22T06:15:28.303+0000] {logging_mixin.py:151} INFO - [2024-10-22T06:15:28.302+0000] {dag.py:2941} INFO - Sync 1 DAGs
[2024-10-22T06:15:29.259+0000] {logging_mixin.py:151} INFO - [2024-10-22T06:15:29.258+0000] {dag.py:3722} INFO - Setting next_dagrun for example_skip_dag to 2024-10-21T06:15:29.257680+00:00, run_after=2024-10-22T06:15:29.257680+00:00
[2024-10-22T06:15:30.047+0000] {processor.py:179} INFO - Processing /home/airflow/.local/lib/python3.8/site-packages/airflow/example_dags/example_skip_dag.py took 2.598 seconds
