[2024-10-22T05:44:47.233+0000] {processor.py:157} INFO - Started process (PID=26345) to work on /home/airflow/.local/lib/python3.8/site-packages/airflow/example_dags/tutorial_taskflow_api_virtualenv.py
[2024-10-22T05:44:47.265+0000] {processor.py:829} INFO - Processing file /home/airflow/.local/lib/python3.8/site-packages/airflow/example_dags/tutorial_taskflow_api_virtualenv.py for tasks to queue
[2024-10-22T05:44:47.282+0000] {logging_mixin.py:151} INFO - [2024-10-22T05:44:47.281+0000] {dagbag.py:536} INFO - Filling up the DagBag from /home/airflow/.local/lib/python3.8/site-packages/airflow/example_dags/tutorial_taskflow_api_virtualenv.py
[2024-10-22T05:44:47.577+0000] {processor.py:839} INFO - DAG(s) dict_keys(['tutorial_taskflow_api_virtualenv']) retrieved from /home/airflow/.local/lib/python3.8/site-packages/airflow/example_dags/tutorial_taskflow_api_virtualenv.py
[2024-10-22T05:44:48.396+0000] {logging_mixin.py:151} INFO - [2024-10-22T05:44:48.395+0000] {dag.py:2941} INFO - Sync 1 DAGs
[2024-10-22T05:44:48.567+0000] {logging_mixin.py:151} INFO - [2024-10-22T05:44:48.566+0000] {dag.py:3722} INFO - Setting next_dagrun for tutorial_taskflow_api_virtualenv to None, run_after=None
[2024-10-22T05:44:48.962+0000] {processor.py:179} INFO - Processing /home/airflow/.local/lib/python3.8/site-packages/airflow/example_dags/tutorial_taskflow_api_virtualenv.py took 1.678 seconds
[2024-10-22T05:46:45.588+0000] {processor.py:157} INFO - Started process (PID=26416) to work on /home/airflow/.local/lib/python3.8/site-packages/airflow/example_dags/tutorial_taskflow_api_virtualenv.py
[2024-10-22T05:46:45.659+0000] {processor.py:829} INFO - Processing file /home/airflow/.local/lib/python3.8/site-packages/airflow/example_dags/tutorial_taskflow_api_virtualenv.py for tasks to queue
[2024-10-22T05:46:45.671+0000] {logging_mixin.py:151} INFO - [2024-10-22T05:46:45.670+0000] {dagbag.py:536} INFO - Filling up the DagBag from /home/airflow/.local/lib/python3.8/site-packages/airflow/example_dags/tutorial_taskflow_api_virtualenv.py
[2024-10-22T05:46:45.952+0000] {processor.py:839} INFO - DAG(s) dict_keys(['tutorial_taskflow_api_virtualenv']) retrieved from /home/airflow/.local/lib/python3.8/site-packages/airflow/example_dags/tutorial_taskflow_api_virtualenv.py
[2024-10-22T05:46:46.707+0000] {logging_mixin.py:151} INFO - [2024-10-22T05:46:46.706+0000] {dag.py:2941} INFO - Sync 1 DAGs
[2024-10-22T05:46:47.043+0000] {logging_mixin.py:151} INFO - [2024-10-22T05:46:47.025+0000] {dag.py:3722} INFO - Setting next_dagrun for tutorial_taskflow_api_virtualenv to None, run_after=None
[2024-10-22T05:46:47.839+0000] {processor.py:179} INFO - Processing /home/airflow/.local/lib/python3.8/site-packages/airflow/example_dags/tutorial_taskflow_api_virtualenv.py took 2.273 seconds
[2024-10-22T05:52:10.117+0000] {processor.py:157} INFO - Started process (PID=26500) to work on /home/airflow/.local/lib/python3.8/site-packages/airflow/example_dags/tutorial_taskflow_api_virtualenv.py
[2024-10-22T05:52:10.166+0000] {processor.py:829} INFO - Processing file /home/airflow/.local/lib/python3.8/site-packages/airflow/example_dags/tutorial_taskflow_api_virtualenv.py for tasks to queue
[2024-10-22T05:52:10.199+0000] {logging_mixin.py:151} INFO - [2024-10-22T05:52:10.174+0000] {dagbag.py:536} INFO - Filling up the DagBag from /home/airflow/.local/lib/python3.8/site-packages/airflow/example_dags/tutorial_taskflow_api_virtualenv.py
[2024-10-22T05:52:11.159+0000] {processor.py:839} INFO - DAG(s) dict_keys(['tutorial_taskflow_api_virtualenv']) retrieved from /home/airflow/.local/lib/python3.8/site-packages/airflow/example_dags/tutorial_taskflow_api_virtualenv.py
[2024-10-22T05:52:12.997+0000] {logging_mixin.py:151} INFO - [2024-10-22T05:52:12.997+0000] {dag.py:2941} INFO - Sync 1 DAGs
[2024-10-22T05:52:14.458+0000] {logging_mixin.py:151} INFO - [2024-10-22T05:52:14.451+0000] {dag.py:3722} INFO - Setting next_dagrun for tutorial_taskflow_api_virtualenv to None, run_after=None
[2024-10-22T05:52:20.036+0000] {processor.py:179} INFO - Processing /home/airflow/.local/lib/python3.8/site-packages/airflow/example_dags/tutorial_taskflow_api_virtualenv.py took 10.097 seconds
[2024-10-22T05:56:05.201+0000] {processor.py:157} INFO - Started process (PID=26592) to work on /home/airflow/.local/lib/python3.8/site-packages/airflow/example_dags/tutorial_taskflow_api_virtualenv.py
[2024-10-22T05:56:05.502+0000] {processor.py:829} INFO - Processing file /home/airflow/.local/lib/python3.8/site-packages/airflow/example_dags/tutorial_taskflow_api_virtualenv.py for tasks to queue
[2024-10-22T05:56:05.549+0000] {logging_mixin.py:151} INFO - [2024-10-22T05:56:05.548+0000] {dagbag.py:536} INFO - Filling up the DagBag from /home/airflow/.local/lib/python3.8/site-packages/airflow/example_dags/tutorial_taskflow_api_virtualenv.py
[2024-10-22T05:56:06.248+0000] {processor.py:839} INFO - DAG(s) dict_keys(['tutorial_taskflow_api_virtualenv']) retrieved from /home/airflow/.local/lib/python3.8/site-packages/airflow/example_dags/tutorial_taskflow_api_virtualenv.py
[2024-10-22T05:56:07.018+0000] {logging_mixin.py:151} INFO - [2024-10-22T05:56:07.018+0000] {dag.py:2941} INFO - Sync 1 DAGs
[2024-10-22T05:56:08.046+0000] {logging_mixin.py:151} INFO - [2024-10-22T05:56:07.953+0000] {dag.py:3722} INFO - Setting next_dagrun for tutorial_taskflow_api_virtualenv to None, run_after=None
[2024-10-22T05:56:10.681+0000] {processor.py:179} INFO - Processing /home/airflow/.local/lib/python3.8/site-packages/airflow/example_dags/tutorial_taskflow_api_virtualenv.py took 5.571 seconds
[2024-10-22T06:00:41.586+0000] {processor.py:157} INFO - Started process (PID=26669) to work on /home/airflow/.local/lib/python3.8/site-packages/airflow/example_dags/tutorial_taskflow_api_virtualenv.py
[2024-10-22T06:00:41.626+0000] {processor.py:829} INFO - Processing file /home/airflow/.local/lib/python3.8/site-packages/airflow/example_dags/tutorial_taskflow_api_virtualenv.py for tasks to queue
[2024-10-22T06:00:41.664+0000] {logging_mixin.py:151} INFO - [2024-10-22T06:00:41.663+0000] {dagbag.py:536} INFO - Filling up the DagBag from /home/airflow/.local/lib/python3.8/site-packages/airflow/example_dags/tutorial_taskflow_api_virtualenv.py
[2024-10-22T06:00:42.139+0000] {processor.py:839} INFO - DAG(s) dict_keys(['tutorial_taskflow_api_virtualenv']) retrieved from /home/airflow/.local/lib/python3.8/site-packages/airflow/example_dags/tutorial_taskflow_api_virtualenv.py
[2024-10-22T06:00:42.726+0000] {logging_mixin.py:151} INFO - [2024-10-22T06:00:42.725+0000] {dag.py:2941} INFO - Sync 1 DAGs
[2024-10-22T06:00:43.038+0000] {logging_mixin.py:151} INFO - [2024-10-22T06:00:43.038+0000] {dag.py:3722} INFO - Setting next_dagrun for tutorial_taskflow_api_virtualenv to None, run_after=None
[2024-10-22T06:00:45.287+0000] {processor.py:179} INFO - Processing /home/airflow/.local/lib/python3.8/site-packages/airflow/example_dags/tutorial_taskflow_api_virtualenv.py took 3.922 seconds
[2024-10-22T06:09:45.125+0000] {processor.py:157} INFO - Started process (PID=26739) to work on /home/airflow/.local/lib/python3.8/site-packages/airflow/example_dags/tutorial_taskflow_api_virtualenv.py
[2024-10-22T06:09:45.152+0000] {processor.py:829} INFO - Processing file /home/airflow/.local/lib/python3.8/site-packages/airflow/example_dags/tutorial_taskflow_api_virtualenv.py for tasks to queue
[2024-10-22T06:09:45.226+0000] {logging_mixin.py:151} INFO - [2024-10-22T06:09:45.181+0000] {dagbag.py:536} INFO - Filling up the DagBag from /home/airflow/.local/lib/python3.8/site-packages/airflow/example_dags/tutorial_taskflow_api_virtualenv.py
[2024-10-22T06:09:45.515+0000] {processor.py:839} INFO - DAG(s) dict_keys(['tutorial_taskflow_api_virtualenv']) retrieved from /home/airflow/.local/lib/python3.8/site-packages/airflow/example_dags/tutorial_taskflow_api_virtualenv.py
[2024-10-22T06:09:46.114+0000] {logging_mixin.py:151} INFO - [2024-10-22T06:09:46.114+0000] {dag.py:2941} INFO - Sync 1 DAGs
[2024-10-22T06:09:46.305+0000] {logging_mixin.py:151} INFO - [2024-10-22T06:09:46.305+0000] {dag.py:3722} INFO - Setting next_dagrun for tutorial_taskflow_api_virtualenv to None, run_after=None
[2024-10-22T06:09:46.707+0000] {processor.py:179} INFO - Processing /home/airflow/.local/lib/python3.8/site-packages/airflow/example_dags/tutorial_taskflow_api_virtualenv.py took 1.631 seconds
[2024-10-22T06:15:14.672+0000] {processor.py:157} INFO - Started process (PID=26824) to work on /home/airflow/.local/lib/python3.8/site-packages/airflow/example_dags/tutorial_taskflow_api_virtualenv.py
[2024-10-22T06:15:14.676+0000] {processor.py:829} INFO - Processing file /home/airflow/.local/lib/python3.8/site-packages/airflow/example_dags/tutorial_taskflow_api_virtualenv.py for tasks to queue
[2024-10-22T06:15:14.715+0000] {logging_mixin.py:151} INFO - [2024-10-22T06:15:14.714+0000] {dagbag.py:536} INFO - Filling up the DagBag from /home/airflow/.local/lib/python3.8/site-packages/airflow/example_dags/tutorial_taskflow_api_virtualenv.py
[2024-10-22T06:15:14.907+0000] {processor.py:839} INFO - DAG(s) dict_keys(['tutorial_taskflow_api_virtualenv']) retrieved from /home/airflow/.local/lib/python3.8/site-packages/airflow/example_dags/tutorial_taskflow_api_virtualenv.py
[2024-10-22T06:15:15.481+0000] {logging_mixin.py:151} INFO - [2024-10-22T06:15:15.480+0000] {dag.py:2941} INFO - Sync 1 DAGs
[2024-10-22T06:15:15.817+0000] {logging_mixin.py:151} INFO - [2024-10-22T06:15:15.817+0000] {dag.py:3722} INFO - Setting next_dagrun for tutorial_taskflow_api_virtualenv to None, run_after=None
[2024-10-22T06:15:16.263+0000] {processor.py:179} INFO - Processing /home/airflow/.local/lib/python3.8/site-packages/airflow/example_dags/tutorial_taskflow_api_virtualenv.py took 1.653 seconds
