[2024-10-22T05:45:55.524+0000] {processor.py:157} INFO - Started process (PID=26385) to work on /home/airflow/.local/lib/python3.8/site-packages/airflow/example_dags/tutorial_taskflow_api.py
[2024-10-22T05:45:55.574+0000] {processor.py:829} INFO - Processing file /home/airflow/.local/lib/python3.8/site-packages/airflow/example_dags/tutorial_taskflow_api.py for tasks to queue
[2024-10-22T05:45:55.627+0000] {logging_mixin.py:151} INFO - [2024-10-22T05:45:55.627+0000] {dagbag.py:536} INFO - Filling up the DagBag from /home/airflow/.local/lib/python3.8/site-packages/airflow/example_dags/tutorial_taskflow_api.py
[2024-10-22T05:45:56.002+0000] {processor.py:839} INFO - DAG(s) dict_keys(['tutorial_taskflow_api']) retrieved from /home/airflow/.local/lib/python3.8/site-packages/airflow/example_dags/tutorial_taskflow_api.py
[2024-10-22T05:45:56.818+0000] {logging_mixin.py:151} INFO - [2024-10-22T05:45:56.818+0000] {dag.py:2941} INFO - Sync 1 DAGs
[2024-10-22T05:45:57.282+0000] {logging_mixin.py:151} INFO - [2024-10-22T05:45:57.282+0000] {dag.py:3722} INFO - Setting next_dagrun for tutorial_taskflow_api to None, run_after=None
[2024-10-22T05:45:57.963+0000] {processor.py:179} INFO - Processing /home/airflow/.local/lib/python3.8/site-packages/airflow/example_dags/tutorial_taskflow_api.py took 2.590 seconds
[2024-10-22T05:54:38.934+0000] {processor.py:157} INFO - Started process (PID=26561) to work on /home/airflow/.local/lib/python3.8/site-packages/airflow/example_dags/tutorial_taskflow_api.py
[2024-10-22T05:54:39.369+0000] {processor.py:829} INFO - Processing file /home/airflow/.local/lib/python3.8/site-packages/airflow/example_dags/tutorial_taskflow_api.py for tasks to queue
[2024-10-22T05:54:39.552+0000] {logging_mixin.py:151} INFO - [2024-10-22T05:54:39.526+0000] {dagbag.py:536} INFO - Filling up the DagBag from /home/airflow/.local/lib/python3.8/site-packages/airflow/example_dags/tutorial_taskflow_api.py
[2024-10-22T05:54:41.457+0000] {processor.py:839} INFO - DAG(s) dict_keys(['tutorial_taskflow_api']) retrieved from /home/airflow/.local/lib/python3.8/site-packages/airflow/example_dags/tutorial_taskflow_api.py
[2024-10-22T05:54:45.528+0000] {logging_mixin.py:151} INFO - [2024-10-22T05:54:45.512+0000] {dag.py:2941} INFO - Sync 1 DAGs
[2024-10-22T05:54:47.432+0000] {logging_mixin.py:151} INFO - [2024-10-22T05:54:47.431+0000] {dag.py:3722} INFO - Setting next_dagrun for tutorial_taskflow_api to None, run_after=None
[2024-10-22T05:54:49.555+0000] {processor.py:179} INFO - Processing /home/airflow/.local/lib/python3.8/site-packages/airflow/example_dags/tutorial_taskflow_api.py took 10.728 seconds
[2024-10-22T06:02:21.148+0000] {processor.py:157} INFO - Started process (PID=26709) to work on /home/airflow/.local/lib/python3.8/site-packages/airflow/example_dags/tutorial_taskflow_api.py
[2024-10-22T06:02:21.166+0000] {processor.py:829} INFO - Processing file /home/airflow/.local/lib/python3.8/site-packages/airflow/example_dags/tutorial_taskflow_api.py for tasks to queue
[2024-10-22T06:02:21.356+0000] {logging_mixin.py:151} INFO - [2024-10-22T06:02:21.215+0000] {dagbag.py:536} INFO - Filling up the DagBag from /home/airflow/.local/lib/python3.8/site-packages/airflow/example_dags/tutorial_taskflow_api.py
[2024-10-22T06:02:22.074+0000] {processor.py:839} INFO - DAG(s) dict_keys(['tutorial_taskflow_api']) retrieved from /home/airflow/.local/lib/python3.8/site-packages/airflow/example_dags/tutorial_taskflow_api.py
[2024-10-22T06:02:23.763+0000] {logging_mixin.py:151} INFO - [2024-10-22T06:02:23.760+0000] {dag.py:2941} INFO - Sync 1 DAGs
[2024-10-22T06:02:24.573+0000] {logging_mixin.py:151} INFO - [2024-10-22T06:02:24.562+0000] {dag.py:3722} INFO - Setting next_dagrun for tutorial_taskflow_api to None, run_after=None
[2024-10-22T06:02:25.731+0000] {processor.py:179} INFO - Processing /home/airflow/.local/lib/python3.8/site-packages/airflow/example_dags/tutorial_taskflow_api.py took 4.684 seconds
[2024-10-22T06:19:17.207+0000] {processor.py:157} INFO - Started process (PID=26887) to work on /home/airflow/.local/lib/python3.8/site-packages/airflow/example_dags/tutorial_taskflow_api.py
[2024-10-22T06:19:17.214+0000] {processor.py:829} INFO - Processing file /home/airflow/.local/lib/python3.8/site-packages/airflow/example_dags/tutorial_taskflow_api.py for tasks to queue
[2024-10-22T06:19:17.276+0000] {logging_mixin.py:151} INFO - [2024-10-22T06:19:17.275+0000] {dagbag.py:536} INFO - Filling up the DagBag from /home/airflow/.local/lib/python3.8/site-packages/airflow/example_dags/tutorial_taskflow_api.py
[2024-10-22T06:19:17.584+0000] {processor.py:839} INFO - DAG(s) dict_keys(['tutorial_taskflow_api']) retrieved from /home/airflow/.local/lib/python3.8/site-packages/airflow/example_dags/tutorial_taskflow_api.py
[2024-10-22T06:19:18.289+0000] {logging_mixin.py:151} INFO - [2024-10-22T06:19:18.288+0000] {dag.py:2941} INFO - Sync 1 DAGs
[2024-10-22T06:19:19.470+0000] {logging_mixin.py:151} INFO - [2024-10-22T06:19:19.442+0000] {dag.py:3722} INFO - Setting next_dagrun for tutorial_taskflow_api to None, run_after=None
[2024-10-22T06:19:20.767+0000] {processor.py:179} INFO - Processing /home/airflow/.local/lib/python3.8/site-packages/airflow/example_dags/tutorial_taskflow_api.py took 3.811 seconds
