[2024-10-22T05:44:57.103+0000] {processor.py:157} INFO - Started process (PID=26357) to work on /home/airflow/.local/lib/python3.8/site-packages/airflow/example_dags/tutorial_dag.py
[2024-10-22T05:44:57.178+0000] {processor.py:829} INFO - Processing file /home/airflow/.local/lib/python3.8/site-packages/airflow/example_dags/tutorial_dag.py for tasks to queue
[2024-10-22T05:44:57.322+0000] {logging_mixin.py:151} INFO - [2024-10-22T05:44:57.321+0000] {dagbag.py:536} INFO - Filling up the DagBag from /home/airflow/.local/lib/python3.8/site-packages/airflow/example_dags/tutorial_dag.py
[2024-10-22T05:44:57.566+0000] {processor.py:839} INFO - DAG(s) dict_keys(['tutorial_dag']) retrieved from /home/airflow/.local/lib/python3.8/site-packages/airflow/example_dags/tutorial_dag.py
[2024-10-22T05:44:58.368+0000] {logging_mixin.py:151} INFO - [2024-10-22T05:44:58.368+0000] {dag.py:2941} INFO - Sync 1 DAGs
[2024-10-22T05:44:58.501+0000] {logging_mixin.py:151} INFO - [2024-10-22T05:44:58.501+0000] {dag.py:3722} INFO - Setting next_dagrun for tutorial_dag to None, run_after=None
[2024-10-22T05:44:59.572+0000] {processor.py:179} INFO - Processing /home/airflow/.local/lib/python3.8/site-packages/airflow/example_dags/tutorial_dag.py took 2.585 seconds
[2024-10-22T05:47:31.065+0000] {processor.py:157} INFO - Started process (PID=26427) to work on /home/airflow/.local/lib/python3.8/site-packages/airflow/example_dags/tutorial_dag.py
[2024-10-22T05:47:31.482+0000] {processor.py:829} INFO - Processing file /home/airflow/.local/lib/python3.8/site-packages/airflow/example_dags/tutorial_dag.py for tasks to queue
[2024-10-22T05:47:31.596+0000] {logging_mixin.py:151} INFO - [2024-10-22T05:47:31.595+0000] {dagbag.py:536} INFO - Filling up the DagBag from /home/airflow/.local/lib/python3.8/site-packages/airflow/example_dags/tutorial_dag.py
[2024-10-22T05:47:32.261+0000] {processor.py:839} INFO - DAG(s) dict_keys(['tutorial_dag']) retrieved from /home/airflow/.local/lib/python3.8/site-packages/airflow/example_dags/tutorial_dag.py
[2024-10-22T05:47:34.280+0000] {logging_mixin.py:151} INFO - [2024-10-22T05:47:34.034+0000] {dag.py:2941} INFO - Sync 1 DAGs
[2024-10-22T05:47:35.514+0000] {logging_mixin.py:151} INFO - [2024-10-22T05:47:35.427+0000] {dag.py:3722} INFO - Setting next_dagrun for tutorial_dag to None, run_after=None
[2024-10-22T05:47:48.478+0000] {processor.py:179} INFO - Processing /home/airflow/.local/lib/python3.8/site-packages/airflow/example_dags/tutorial_dag.py took 22.266 seconds
[2024-10-22T05:52:38.979+0000] {processor.py:157} INFO - Started process (PID=26512) to work on /home/airflow/.local/lib/python3.8/site-packages/airflow/example_dags/tutorial_dag.py
[2024-10-22T05:52:39.019+0000] {processor.py:829} INFO - Processing file /home/airflow/.local/lib/python3.8/site-packages/airflow/example_dags/tutorial_dag.py for tasks to queue
[2024-10-22T05:52:39.051+0000] {logging_mixin.py:151} INFO - [2024-10-22T05:52:39.049+0000] {dagbag.py:536} INFO - Filling up the DagBag from /home/airflow/.local/lib/python3.8/site-packages/airflow/example_dags/tutorial_dag.py
[2024-10-22T05:52:39.160+0000] {processor.py:839} INFO - DAG(s) dict_keys(['tutorial_dag']) retrieved from /home/airflow/.local/lib/python3.8/site-packages/airflow/example_dags/tutorial_dag.py
[2024-10-22T05:52:41.087+0000] {logging_mixin.py:151} INFO - [2024-10-22T05:52:41.086+0000] {dag.py:2941} INFO - Sync 1 DAGs
[2024-10-22T05:52:41.233+0000] {logging_mixin.py:151} INFO - [2024-10-22T05:52:41.233+0000] {dag.py:3722} INFO - Setting next_dagrun for tutorial_dag to None, run_after=None
[2024-10-22T05:52:41.412+0000] {processor.py:179} INFO - Processing /home/airflow/.local/lib/python3.8/site-packages/airflow/example_dags/tutorial_dag.py took 2.798 seconds
[2024-10-22T05:56:21.581+0000] {processor.py:157} INFO - Started process (PID=26604) to work on /home/airflow/.local/lib/python3.8/site-packages/airflow/example_dags/tutorial_dag.py
[2024-10-22T05:56:21.743+0000] {processor.py:829} INFO - Processing file /home/airflow/.local/lib/python3.8/site-packages/airflow/example_dags/tutorial_dag.py for tasks to queue
[2024-10-22T05:56:21.756+0000] {logging_mixin.py:151} INFO - [2024-10-22T05:56:21.747+0000] {dagbag.py:536} INFO - Filling up the DagBag from /home/airflow/.local/lib/python3.8/site-packages/airflow/example_dags/tutorial_dag.py
[2024-10-22T05:56:22.115+0000] {processor.py:839} INFO - DAG(s) dict_keys(['tutorial_dag']) retrieved from /home/airflow/.local/lib/python3.8/site-packages/airflow/example_dags/tutorial_dag.py
[2024-10-22T05:56:22.425+0000] {logging_mixin.py:151} INFO - [2024-10-22T05:56:22.424+0000] {dag.py:2941} INFO - Sync 1 DAGs
[2024-10-22T05:56:22.600+0000] {logging_mixin.py:151} INFO - [2024-10-22T05:56:22.599+0000] {dag.py:3722} INFO - Setting next_dagrun for tutorial_dag to None, run_after=None
[2024-10-22T05:56:24.588+0000] {processor.py:179} INFO - Processing /home/airflow/.local/lib/python3.8/site-packages/airflow/example_dags/tutorial_dag.py took 3.235 seconds
[2024-10-22T06:00:59.959+0000] {processor.py:157} INFO - Started process (PID=26674) to work on /home/airflow/.local/lib/python3.8/site-packages/airflow/example_dags/tutorial_dag.py
[2024-10-22T06:00:59.972+0000] {processor.py:829} INFO - Processing file /home/airflow/.local/lib/python3.8/site-packages/airflow/example_dags/tutorial_dag.py for tasks to queue
[2024-10-22T06:00:59.979+0000] {logging_mixin.py:151} INFO - [2024-10-22T06:00:59.979+0000] {dagbag.py:536} INFO - Filling up the DagBag from /home/airflow/.local/lib/python3.8/site-packages/airflow/example_dags/tutorial_dag.py
[2024-10-22T06:01:00.461+0000] {processor.py:839} INFO - DAG(s) dict_keys(['tutorial_dag']) retrieved from /home/airflow/.local/lib/python3.8/site-packages/airflow/example_dags/tutorial_dag.py
[2024-10-22T06:01:01.351+0000] {logging_mixin.py:151} INFO - [2024-10-22T06:01:01.259+0000] {dag.py:2941} INFO - Sync 1 DAGs
[2024-10-22T06:01:01.814+0000] {logging_mixin.py:151} INFO - [2024-10-22T06:01:01.813+0000] {dag.py:3722} INFO - Setting next_dagrun for tutorial_dag to None, run_after=None
[2024-10-22T06:01:02.385+0000] {processor.py:179} INFO - Processing /home/airflow/.local/lib/python3.8/site-packages/airflow/example_dags/tutorial_dag.py took 2.524 seconds
[2024-10-22T06:10:09.215+0000] {processor.py:157} INFO - Started process (PID=26751) to work on /home/airflow/.local/lib/python3.8/site-packages/airflow/example_dags/tutorial_dag.py
[2024-10-22T06:10:09.257+0000] {processor.py:829} INFO - Processing file /home/airflow/.local/lib/python3.8/site-packages/airflow/example_dags/tutorial_dag.py for tasks to queue
[2024-10-22T06:10:09.260+0000] {logging_mixin.py:151} INFO - [2024-10-22T06:10:09.259+0000] {dagbag.py:536} INFO - Filling up the DagBag from /home/airflow/.local/lib/python3.8/site-packages/airflow/example_dags/tutorial_dag.py
[2024-10-22T06:10:09.494+0000] {processor.py:839} INFO - DAG(s) dict_keys(['tutorial_dag']) retrieved from /home/airflow/.local/lib/python3.8/site-packages/airflow/example_dags/tutorial_dag.py
[2024-10-22T06:10:10.420+0000] {logging_mixin.py:151} INFO - [2024-10-22T06:10:10.419+0000] {dag.py:2941} INFO - Sync 1 DAGs
[2024-10-22T06:10:11.024+0000] {logging_mixin.py:151} INFO - [2024-10-22T06:10:11.022+0000] {dag.py:3722} INFO - Setting next_dagrun for tutorial_dag to None, run_after=None
[2024-10-22T06:10:12.125+0000] {processor.py:179} INFO - Processing /home/airflow/.local/lib/python3.8/site-packages/airflow/example_dags/tutorial_dag.py took 2.908 seconds
[2024-10-22T06:15:25.299+0000] {processor.py:157} INFO - Started process (PID=26836) to work on /home/airflow/.local/lib/python3.8/site-packages/airflow/example_dags/tutorial_dag.py
[2024-10-22T06:15:25.382+0000] {processor.py:829} INFO - Processing file /home/airflow/.local/lib/python3.8/site-packages/airflow/example_dags/tutorial_dag.py for tasks to queue
[2024-10-22T06:15:25.413+0000] {logging_mixin.py:151} INFO - [2024-10-22T06:15:25.408+0000] {dagbag.py:536} INFO - Filling up the DagBag from /home/airflow/.local/lib/python3.8/site-packages/airflow/example_dags/tutorial_dag.py
[2024-10-22T06:15:25.684+0000] {processor.py:839} INFO - DAG(s) dict_keys(['tutorial_dag']) retrieved from /home/airflow/.local/lib/python3.8/site-packages/airflow/example_dags/tutorial_dag.py
[2024-10-22T06:15:26.473+0000] {logging_mixin.py:151} INFO - [2024-10-22T06:15:26.473+0000] {dag.py:2941} INFO - Sync 1 DAGs
[2024-10-22T06:15:26.640+0000] {logging_mixin.py:151} INFO - [2024-10-22T06:15:26.639+0000] {dag.py:3722} INFO - Setting next_dagrun for tutorial_dag to None, run_after=None
[2024-10-22T06:15:27.257+0000] {processor.py:179} INFO - Processing /home/airflow/.local/lib/python3.8/site-packages/airflow/example_dags/tutorial_dag.py took 2.126 seconds
